[INFO -- 2018-11-25 23:23:50]
Starting flip_value script
version: 1.1
[INFO -- 2018-11-25 23:23:50]
Initialization strings:
[INFO -- 2018-11-25 23:23:50]
(1) file /tmp/BTree-dup/main
[INFO -- 2018-11-25 23:23:50]
(2)  set args /tmp/BTree-dup/input_100000 /tmp/BTree-dup/output_100000 /tmp/BTree-dup-detection.log /tmp/BTree-dup/output2_100000
[INFO -- 2018-11-25 23:23:50]
initSignal:0
[INFO -- 2018-11-25 23:23:50]
endSignal:2
[INFO -- 2018-11-25 23:23:50]
faultModel:1
[EXCEPTION -- 2018-11-25 23:23:51]
pythonException: empty range for randrange() (0,0, 0)
[EXCEPTION -- 2018-11-25 23:23:51]
pythonException: Unable to exit loop in struct fields; Exiting wihtout making a bit flip
[EXCEPTION -- 2018-11-25 23:23:52]
pythonException: empty range for randrange() (0,0, 0)
[EXCEPTION -- 2018-11-25 23:23:52]
pythonException: Unable to exit loop in struct fields; Exiting wihtout making a bit flip
[INFO -- 2018-11-25 23:23:53]
event type: exit
[EXCEPTION -- 2018-11-25 23:23:53]
exit code: no exit code available
