[INFO -- 2018-11-25 20:38:08]
Starting flip_value script
version: 1.1
[INFO -- 2018-11-25 20:38:08]
Initialization strings:
[INFO -- 2018-11-25 20:38:08]
(1) file /tmp/BTree-dup/main
[INFO -- 2018-11-25 20:38:08]
(2)  set args /tmp/BTree-dup/input_100000 /tmp/BTree-dup/output_100000 /tmp/BTree-dup-detection.log /tmp/BTree-dup/output2_100000
[INFO -- 2018-11-25 20:38:08]
initSignal:0
[INFO -- 2018-11-25 20:38:08]
endSignal:2
[INFO -- 2018-11-25 20:38:08]
faultModel:0
[EXCEPTION -- 2018-11-25 20:38:09]
gdbException: Tentativo de desreferenciar um ponteiro genérico.
[EXCEPTION -- 2018-11-25 20:38:10]
pythonException: Unable to exit loop in struct fields; Exiting wihtout making a bit flip
[INFO -- 2018-11-25 20:38:10]
Backtrace BEGIN:
#0  0x000055555555656d in BTreeNode::insertNonFull (this=0x555555d313a0, k=4392418) at BTree_dup.cpp:520
#1  0x0000555555556639 in BTreeNode::insertNonFull (this=0x555555d7b3b0, k=4392418) at BTree_dup.cpp:535
#2  0x0000555555556639 in BTreeNode::insertNonFull (this=0x555555bee3f0, k=4392418) at BTree_dup.cpp:535
#3  0x0000555555556639 in BTreeNode::insertNonFull (this=0x555555c30ba0, k=4392418) at BTree_dup.cpp:535
#4  0x0000555555556639 in BTreeNode::insertNonFull (this=0x555555d8d170, k=4392418) at BTree_dup.cpp:535
#5  0x0000555555556639 in BTreeNode::insertNonFull (this=0x555555ce1f30, k=4392418) at BTree_dup.cpp:535
#6  0x0000555555556478 in BTree::insert (this=0x7fffffffda50, k=4392418) at BTree_dup.cpp:489
#7  0x0000555555556c25 in runner (input=0x7fffffffe22a "/tmp/BTree-dup/input_100000") at BTree_dup.cpp:664
#8  0x0000555555556f7a in main (argc=5, argv=0x7fffffffde68) at BTree_dup.cpp:712

515			n = n+1;
516		}
517		else // If this node is not leaf
518		{
519			// Find the child which is going to have the new key
520			while (i >= 0 && keys[i] > k)
521				i--;
522	
523			// See if the found child is full
524			if (C[i+1]->n == 2*t-1)

Backtrace END
Memory content before bitflip:0x000x000x000x00
Fault Model: Single bit-flip
base address to flip value: 0x7fffffffd94c
address max offset: 4
Memory content after  bitflip:0x020x000x000x00
frame name: BTreeNode::insertNonFull
symbol name: i
symbol filename: BTree_dup.cpp
symbol line: 499
value: 2
value address: 0x7fffffffd94c
Type: The type is an integer type.
Type sizeof: 4

[INFO -- 2018-11-25 20:38:10]
Fault Injection Successful after 2.3956005573272705s
[INFO -- 2018-11-25 20:38:11]
event type: exit
[INFO -- 2018-11-25 20:38:11]
exit code: 0
