[INFO -- 2018-11-30 16:51:02]
Starting flip_value script
version: 1.1
[INFO -- 2018-11-30 16:51:02]
Initialization strings:
[INFO -- 2018-11-30 16:51:02]
(1) file /tmp/splay/main
[INFO -- 2018-11-30 16:51:02]
(2) set args /tmp/splay/input_100000 /tmp/splay/output_100000
[INFO -- 2018-11-30 16:51:02]
initSignal:0
[INFO -- 2018-11-30 16:51:02]
endSignal:5
[INFO -- 2018-11-30 16:51:02]
faultModel:2
[INFO -- 2018-11-30 16:51:02]
Backtrace BEGIN:
#0  0x00007ffff7d34fd4 in __GI___libc_write (fd=1, buf=0x55555587dcf0, nbytes=17) at ../sysdeps/unix/sysv/linux/write.c:26
#1  0x00007ffff7cb633d in _IO_new_file_write (f=0x7ffff7e10760 <_IO_2_1_stdout_>, data=0x55555587dcf0, n=17) at fileops.c:1183
#2  0x00007ffff7cb7a71 in new_do_write (to_do=17, data=0x55555587dcf0 "0111101000010110\n", fp=0x7ffff7e10760 <_IO_2_1_stdout_>) at libioP.h:839
#3  _IO_new_do_write (fp=0x7ffff7e10760 <_IO_2_1_stdout_>, data=0x55555587dcf0 "0111101000010110\n", to_do=17) at fileops.c:433
#4  0x00007ffff7cb56f8 in _IO_new_file_sync (fp=0x7ffff7e10760 <_IO_2_1_stdout_>) at fileops.c:819
#5  0x00007ffff7caa32d in __GI__IO_fflush (fp=0x7ffff7e10760 <_IO_2_1_stdout_>) at libioP.h:839
#6  0x00007ffff7f4201e in std::ostream::flush() () from /usr/lib/x86_64-linux-gnu/libstdc++.so.6
#7  0x0000555555557afd in InOrder (root=0x555555638cf0) at splay.cpp:253
#8  0x0000555555557abd in InOrder (root=0x5555555eba30) at splay.cpp:252
#9  0x0000555555557b0d in InOrder (root=0x5555557fb850) at splay.cpp:254
#10 0x0000555555557b0d in InOrder (root=0x5555555c7610) at splay.cpp:254
#11 0x0000555555557b0d in InOrder (root=0x555555855b70) at splay.cpp:254
#12 0x0000555555557b0d in InOrder (root=0x555555857f10) at splay.cpp:254
#13 0x0000555555557abd in InOrder (root=0x55555586a850) at splay.cpp:252
#14 0x0000555555557b0d in InOrder (root=0x55555586a8b0) at splay.cpp:254
#15 0x0000555555557abd in InOrder (root=0x5555555a6610) at splay.cpp:252
#16 0x0000555555557b0d in InOrder (root=0x5555558712b0) at splay.cpp:254
#17 0x0000555555557b0d in InOrder (root=0x555555876110) at splay.cpp:254
#18 0x0000555555557b0d in InOrder (root=0x555555879b10) at splay.cpp:254
#19 0x0000555555557b0d in InOrder (root=0x555555721330) at splay.cpp:254
#20 0x0000555555557b0d in InOrder (root=0x5555556ff650) at splay.cpp:254
#21 0x0000555555557abd in InOrder (root=0x55555587b470) at splay.cpp:252
#22 0x0000555555557b0d in InOrder (root=0x55555587c8b0) at splay.cpp:254
#23 0x0000555555557abd in InOrder (root=0x55555587d7b0) at splay.cpp:252
#24 0x0000555555557abd in InOrder (root=0x5555557fceb0) at splay.cpp:252
#25 0x0000555555557b0d in InOrder (root=0x555555667270) at splay.cpp:254
#26 0x0000555555557abd in InOrder (root=0x55555587db10) at splay.cpp:252
#27 0x0000555555557b0d in InOrder (root=0x555555602350) at splay.cpp:254
#28 0x0000555555557abd in InOrder (root=0x55555574fdf0) at splay.cpp:252
#29 0x0000555555557abd in InOrder (root=0x555555683210) at splay.cpp:252
#30 0x0000555555557abd in InOrder (root=0x55555587dc90) at splay.cpp:252
#31 0x0000555555557abd in InOrder (root=0x555555696ef0) at splay.cpp:252
#32 0x0000555555557abd in InOrder (root=0x55555587dcd0) at splay.cpp:252
#33 0x00005555555564fe in main (argc=3, argv=0x7fffffffdfb8) at main.cpp:35

21	in ../sysdeps/unix/sysv/linux/write.c

Backtrace END
Fliping a bit of the value pointed by a pointer
Fliping value of field: key
Memory content before bitflip:0x930x270x120x00
Fault Model: Random bit-flip
base address to flip value: 0x55555587dc90
address max offset: 4
Memory content after  bitflip:0x0a0x220x980x6d
frame name: InOrder
symbol name: root
symbol filename: splay.cpp
symbol line: 248
value: 0x55555587dc90
value address: 0x7fffffffdba8
Type: The type is a pointer.
Type sizeof: 8

[INFO -- 2018-11-30 16:51:02]
Fault Injection Successful after 0.7087569236755371s
[INFO -- 2018-11-30 16:51:02]
event type: exit
[INFO -- 2018-11-30 16:51:02]
exit code: 0
