[INFO -- 2018-10-16 19:19:45]
Starting flip_value script
version: 1.1
[INFO -- 2018-10-16 19:19:45]
Initialization strings:
[INFO -- 2018-10-16 19:19:45]
(1) file /tmp/RBTree/main
[INFO -- 2018-10-16 19:19:45]
(2) set args  /tmp/RBTree/input_ /tmp/RBTree/output_
[INFO -- 2018-10-16 19:19:45]
initSignal:0
[INFO -- 2018-10-16 19:19:45]
endSignal:2
[INFO -- 2018-10-16 19:19:45]
faultModel:4
[EXCEPTION -- 2018-10-16 19:19:45]
pythonException: empty range for randrange() (0,0, 0)
[INFO -- 2018-10-16 19:19:45]
Backtrace BEGIN:
#0  0x0000555555556901 in RBTree::insertBST (this=0x7fffffffdc00, root=@0x5555557870c8: 0x5555557aa700, ptr=@0x7fffffffdb60: 0x55555583c500) at RBTree.cpp:43
#1  0x000055555555692a in RBTree::insertBST (this=0x7fffffffdc00, root=@0x555555790788: 0x5555557870c0, ptr=@0x7fffffffdb60: 0x55555583c500) at RBTree.cpp:44
#2  0x000055555555692a in RBTree::insertBST (this=0x7fffffffdc00, root=@0x55555577a2e8: 0x555555790780, ptr=@0x7fffffffdb60: 0x55555583c500) at RBTree.cpp:44
#3  0x000055555555692a in RBTree::insertBST (this=0x7fffffffdc00, root=@0x555555770d80: 0x55555577a2e0, ptr=@0x7fffffffdb60: 0x55555583c500) at RBTree.cpp:44
#4  0x0000555555556981 in RBTree::insertBST (this=0x7fffffffdc00, root=@0x5555557705a0: 0x555555770d70, ptr=@0x7fffffffdb60: 0x55555583c500) at RBTree.cpp:47
#5  0x0000555555556981 in RBTree::insertBST (this=0x7fffffffdc00, root=@0x555555771708: 0x555555770590, ptr=@0x7fffffffdb60: 0x55555583c500) at RBTree.cpp:47
#6  0x000055555555692a in RBTree::insertBST (this=0x7fffffffdc00, root=@0x55555576fe80: 0x555555771700, ptr=@0x7fffffffdb60: 0x55555583c500) at RBTree.cpp:44
#7  0x0000555555556981 in RBTree::insertBST (this=0x7fffffffdc00, root=@0x555555771a38: 0x55555576fe70, ptr=@0x7fffffffdb60: 0x55555583c500) at RBTree.cpp:47
#8  0x000055555555692a in RBTree::insertBST (this=0x7fffffffdc00, root=@0x55555576fa60: 0x555555771a30, ptr=@0x7fffffffdb60: 0x55555583c500) at RBTree.cpp:44
#9  0x0000555555556981 in RBTree::insertBST (this=0x7fffffffdc00, root=@0x7fffffffdc00: 0x55555576fa50, ptr=@0x7fffffffdb60: 0x55555583c500) at RBTree.cpp:47
#10 0x00005555555569fe in RBTree::insertValue (this=0x7fffffffdc00, n=12696) at RBTree.cpp:56
#11 0x0000555555555610 in main (argc=3, argv=0x7fffffffdf38) at main.cpp:54

38	
39	Node* RBTree::insertBST(Node *&root, Node *&ptr) {
40	    if (root == NULL)
41	        return ptr;
42	
43	    if (ptr->data < root->data) {
44	        root->left = insertBST(root->left, ptr);
45	        root->left->parent = root;
46	    } else if (ptr->data > root->data) {
47	        root->right = insertBST(root->right, ptr);

Backtrace END
Fliping a bit of the value pointed by a pointer
Fliping value of field: root
Fliping a bit of the value pointed by a pointer
Fliping value of field: data
Memory content before bitflip:0x300x0f0x000x00
Fault Model: LSB bit-flip
base address to flip value: 0x55555576fa50
address max offset: 4
Memory content after  bitflip:0x300x0f0x000x10
frame name: RBTree::insertBST
symbol name: this
symbol filename: RBTree.cpp
symbol line: 0
value: 0x7fffffffdc00
value address: 0x7fffffffd9e8
Type: The type is a pointer.
Type sizeof: 8

[INFO -- 2018-10-16 19:19:45]
Fault Injection Successful after 0.7432911396026611s
[INFO -- 2018-10-16 19:19:45]
event type: exit
[INFO -- 2018-10-16 19:19:45]
exit code: 0
