[INFO -- 2018-12-03 20:22:05]
sending 5 signals using command: 'killall -2 main' after 2.16550638272s
[INFO -- 2018-12-03 20:22:05]
sending 5 signals using command: 'killall -2 main' after 2.28356451418s
[INFO -- 2018-12-03 20:22:07]
sending 5 signals using command: 'killall -2 main' after 4.17099139798s
[INFO -- 2018-12-03 20:22:07]
Starting GDB script
[INFO -- 2018-12-03 20:22:07]
initSignal:0.0
[INFO -- 2018-12-03 20:22:07]
endSignal:5.0
[INFO -- 2018-12-03 20:22:07]
sending 5 signals using command: 'killall -2 main' after 0.276254008907s
[INFO -- 2018-12-03 20:22:08]
sending 5 signals using command: 'killall -2 main' after 0.818119903517s
[INFO -- 2018-12-03 20:22:08]
sending 5 signals using command: 'killall -2 main' after 1.15701453449s
[INFO -- 2018-12-03 20:22:08]
Execution finished before waitTime
