[INFO -- 2018-11-30 21:05:53]
Starting flip_value script
version: 1.1
[INFO -- 2018-11-30 21:05:53]
Initialization strings:
[INFO -- 2018-11-30 21:05:53]
(1) file /tmp/splay/main
[INFO -- 2018-11-30 21:05:53]
(2) set args /tmp/splay/input_100000 /tmp/splay/output_100000
[INFO -- 2018-11-30 21:05:53]
initSignal:0
[INFO -- 2018-11-30 21:05:53]
endSignal:5
[INFO -- 2018-11-30 21:05:53]
faultModel:1
[INFO -- 2018-11-30 21:05:53]
Backtrace BEGIN:
#0  std::istream_iterator<int, char, std::char_traits<char>, long>::operator* (this=0x7fffffffdb80) at /usr/include/c++/8/bits/stream_iterator.h:84
#1  0x0000555555556aae in std::vector<int, std::allocator<int> >::_M_range_initialize<std::istream_iterator<int, char, std::char_traits<char>, long> > (this=0x7fffffffdc90, __first=..., __last=...) at /usr/include/c++/8/bits/stl_vector.h:1449
#2  0x00005555555569a6 in std::vector<int, std::allocator<int> >::_M_initialize_dispatch<std::istream_iterator<int, char, std::char_traits<char>, long> > (this=0x7fffffffdc90, __first=..., __last=...) at /usr/include/c++/8/bits/stl_vector.h:1437
#3  0x0000555555556728 in std::vector<int, std::allocator<int> >::vector<std::istream_iterator<int, char, std::char_traits<char>, long>, void> (this=0x7fffffffdc90, __first=..., __last=..., __a=...) at /usr/include/c++/8/bits/stl_vector.h:546
#4  0x0000555555556452 in main (argc=3, argv=0x7fffffffdfb8) at main.cpp:27

79	      {
80		__glibcxx_requires_cond(_M_ok,
81					_M_message(__gnu_debug::__msg_deref_istream)
82					._M_iterator(*this));
83		return _M_value;
84	      }
85	
86	      const _Tp*
87	      operator->() const { return std::__addressof((operator*())); }
88	

Backtrace END
Fliping a bit of the value pointed by a pointer
Fliping value of field: std::_Vector_base<int, std::allocator<int> >
Fliping value of field: _M_impl
Fliping value of field: _M_start
Fliping a bit of the value pointed by a pointer
Memory content before bitflip:0x4a0xcf0x100x00
Fault Model: Double bit-flip
base address to flip value: 0x7ffff7a38010
address max offset: 4
Memory content after  bitflip:0xc20xcf0x100x00
frame name: std::vector<int, std::allocator<int> >::_M_range_initialize<std::istream_iterator<int, char, std::char_traits<char>, long> >
symbol name: this
symbol filename: main.cpp
symbol line: 0
value: 0x7fffffffdc90
value address: 0x7fffffffdb38
Type: The type is a pointer.
Type sizeof: 8

[INFO -- 2018-11-30 21:05:53]
Fault Injection Successful after 0.8047356605529785s
[INFO -- 2018-11-30 21:05:54]
event type: exit
[INFO -- 2018-11-30 21:05:54]
exit code: 0
