[INFO -- 2018-11-25 22:28:46]
Starting flip_value script
version: 1.1
[INFO -- 2018-11-25 22:28:46]
Initialization strings:
[INFO -- 2018-11-25 22:28:46]
(1) file /tmp/BTree-dup/main
[INFO -- 2018-11-25 22:28:46]
(2)  set args /tmp/BTree-dup/input_100000 /tmp/BTree-dup/output_100000 /tmp/BTree-dup-detection.log /tmp/BTree-dup/output2_100000
[INFO -- 2018-11-25 22:28:46]
initSignal:0
[INFO -- 2018-11-25 22:28:46]
endSignal:2
[INFO -- 2018-11-25 22:28:46]
faultModel:1
[INFO -- 2018-11-25 22:28:47]
Backtrace BEGIN:
#0  0x00007ffff762634e in __libc_read (fd=4, buf=0x55555576d0a0, nbytes=8191) at ../sysdeps/unix/sysv/linux/read.c:27
#1  0x00007ffff7affe07 in std::__basic_file<char>::xsgetn(char*, long) () from /usr/lib/x86_64-linux-gnu/libstdc++.so.6
#2  0x00007ffff7b3aba0 in std::basic_filebuf<char, std::char_traits<char> >::underflow() () from /usr/lib/x86_64-linux-gnu/libstdc++.so.6
#3  0x00007ffff7b2a5e9 in ?? () from /usr/lib/x86_64-linux-gnu/libstdc++.so.6
#4  0x00007ffff7b58ddd in std::istreambuf_iterator<char, std::char_traits<char> > std::num_get<char, std::istreambuf_iterator<char, std::char_traits<char> > >::_M_extract_int<long>(std::istreambuf_iterator<char, std::char_traits<char> >, std::istreambuf_iterator<char, std::char_traits<char> >, std::ios_base&, std::_Ios_Iostate&, long&) const () from /usr/lib/x86_64-linux-gnu/libstdc++.so.6
#5  0x00007ffff7b479b6 in std::istream::operator>>(int&) () from /usr/lib/x86_64-linux-gnu/libstdc++.so.6
#6  0x0000555555557742 in std::istream_iterator<int, char, std::char_traits<char>, long>::_M_read (this=0x7fffffffd960) at /usr/include/c++/7/bits/stream_iterator.h:121
#7  0x0000555555557ab2 in std::istream_iterator<int, char, std::char_traits<char>, long>::operator++ (this=0x7fffffffd960) at /usr/include/c++/7/bits/stream_iterator.h:95
#8  0x00005555555579f3 in std::vector<int, std::allocator<int> >::_M_range_initialize<std::istream_iterator<int, char, std::char_traits<char>, long> > (this=0x7fffffffdaa0, __first=..., __last=...) at /usr/include/c++/7/bits/stl_vector.h:1308
#9  0x0000555555557882 in std::vector<int, std::allocator<int> >::_M_initialize_dispatch<std::istream_iterator<int, char, std::char_traits<char>, long> > (this=0x7fffffffdaa0, __first=..., __last=...) at /usr/include/c++/7/bits/stl_vector.h:1299
#10 0x0000555555557569 in std::vector<int, std::allocator<int> >::vector<std::istream_iterator<int, char, std::char_traits<char>, long>, void> (this=0x7fffffffdaa0, __first=..., __last=..., __a=...) at /usr/include/c++/7/bits/stl_vector.h:414
#11 0x0000555555556bbc in runner (input=0x7fffffffe22a "/tmp/BTree-dup/input_100000") at BTree_dup.cpp:660
#12 0x0000555555556f7a in main (argc=5, argv=0x7fffffffde68) at BTree_dup.cpp:712

22	../sysdeps/unix/sysv/linux/read.c: Arquivo ou diretório inexistente.

Backtrace END
Fliping value of field: _M_stream
Fliping a bit of the pointer
Memory content before bitflip:0x000x000x000x000x000x000x000x00
Fault Model: Double bit-flip
base address to flip value: 0x7fffffffda70
address max offset: 8
Memory content after  bitflip:0x000x000x000x000x000x000x000x24
frame name: runner
symbol name: end
symbol filename: BTree_dup.cpp
symbol line: 659
value: {<std::iterator<std::input_iterator_tag, int, long, int const*, int const&>> = {<No data fields>}, _M_stream = 0x2400000000000000, _M_value = 0, _M_ok = false}
value address: 0x7fffffffda70
Type: The type is a structure.
Type sizeof: 16
Field name: std::iterator<std::input_iterator_tag, int, long, int const*, int const&>
Field Type: The type is a structure.
Field Type sizeof: 1
Field name: _M_stream
Field Type: The type is a pointer.
Field Type sizeof: 8
Field name: _M_value
Field Type: The type is an integer type.
Field Type sizeof: 4
Field name: _M_ok
Field Type: A boolean type.
Field Type sizeof: 1

[INFO -- 2018-11-25 22:28:47]
Fault Injection Successful after 1.2471287250518799s
[INFO -- 2018-11-25 22:28:48]
event type: exit
[INFO -- 2018-11-25 22:28:48]
exit code: 0
