[INFO -- 2018-10-18 00:18:51]
Starting flip_value script
version: 1.1
[INFO -- 2018-10-18 00:18:51]
Initialization strings:
[INFO -- 2018-10-18 00:18:51]
(1) file /tmp/Tree234/main
[INFO -- 2018-10-18 00:18:51]
(2) set args /tmp/Tree234/input_50000 /tmp/Tree234/output_50000
[INFO -- 2018-10-18 00:18:51]
initSignal:0
[INFO -- 2018-10-18 00:18:51]
endSignal:2
[INFO -- 2018-10-18 00:18:51]
faultModel:0
[EXCEPTION -- 2018-10-18 00:18:51]
gdbException: Attempt to dereference a generic pointer.
[INFO -- 2018-10-18 00:18:51]
event type: exit
[INFO -- 2018-10-18 00:18:51]
exit code: 0
