[INFO -- 2018-12-01 09:57:10]
sending 5 signals using command: 'killall -2 main' after 3.97209714046s
[INFO -- 2018-12-01 09:57:10]
sending 5 signals using command: 'killall -2 main' after 4.33824564809s
[INFO -- 2018-12-01 09:57:11]
sending 5 signals using command: 'killall -2 main' after 4.5274752977s
[INFO -- 2018-12-01 09:57:11]
Starting GDB script
[INFO -- 2018-12-01 09:57:11]
initSignal:0.0
[INFO -- 2018-12-01 09:57:11]
endSignal:5.0
[INFO -- 2018-12-01 09:57:11]
sending 5 signals using command: 'killall -2 main' after 0.133427411579s
[INFO -- 2018-12-01 09:57:11]
sending 5 signals using command: 'killall -2 main' after 0.536350385205s
[INFO -- 2018-12-01 09:57:11]
sending 5 signals using command: 'killall -2 main' after 0.807139651991s
[INFO -- 2018-12-01 09:57:12]
Execution finished before waitTime
