[INFO -- 2018-12-01 09:02:00]
Starting flip_value script
version: 1.1
[INFO -- 2018-12-01 09:02:00]
Initialization strings:
[INFO -- 2018-12-01 09:02:00]
(1) file /tmp/splay/main
[INFO -- 2018-12-01 09:02:00]
(2) set args /tmp/splay/input_100000 /tmp/splay/output_100000
[INFO -- 2018-12-01 09:02:00]
initSignal:0
[INFO -- 2018-12-01 09:02:00]
endSignal:5
[INFO -- 2018-12-01 09:02:00]
faultModel:3
[EXCEPTION -- 2018-12-01 09:02:01]
pythonException: Unable to exit loop in struct fields; Exiting wihtout making a bit flip
[EXCEPTION -- 2018-12-01 09:02:01]
pythonException: Unable to exit loop in struct fields; Exiting wihtout making a bit flip
[INFO -- 2018-12-01 09:02:01]
event type: exit
[INFO -- 2018-12-01 09:02:01]
exit code: 0
