[INFO -- 2018-12-01 06:30:04]
Starting flip_value script
version: 1.1
[INFO -- 2018-12-01 06:30:04]
Initialization strings:
[INFO -- 2018-12-01 06:30:04]
(1) file /tmp/splay/main
[INFO -- 2018-12-01 06:30:04]
(2) set args /tmp/splay/input_100000 /tmp/splay/output_100000
[INFO -- 2018-12-01 06:30:04]
initSignal:0
[INFO -- 2018-12-01 06:30:04]
endSignal:5
[INFO -- 2018-12-01 06:30:04]
faultModel:4
[EXCEPTION -- 2018-12-01 06:30:05]
pythonException: Unable to exit loop in struct fields; Exiting wihtout making a bit flip
[EXCEPTION -- 2018-12-01 06:30:05]
pythonException: Unable to exit loop in struct fields; Exiting wihtout making a bit flip
[INFO -- 2018-12-01 06:30:05]
event type: exit
[INFO -- 2018-12-01 06:30:05]
exit code: 0
