[INFO -- 2018-12-01 01:49:48]
sending 5 signals using command: 'killall -2 main' after 1.79094259961s
[INFO -- 2018-12-01 01:49:48]
sending 5 signals using command: 'killall -2 main' after 2.62617615741s
[INFO -- 2018-12-01 01:49:51]
sending 5 signals using command: 'killall -2 main' after 4.8412349115s
[INFO -- 2018-12-01 01:49:51]
Starting GDB script
[INFO -- 2018-12-01 01:49:51]
initSignal:0.0
[INFO -- 2018-12-01 01:49:51]
endSignal:5.0
[INFO -- 2018-12-01 01:49:51]
sending 5 signals using command: 'killall -2 main' after 0.330722469434s
[INFO -- 2018-12-01 01:49:51]
sending 5 signals using command: 'killall -2 main' after 0.610628703988s
[INFO -- 2018-12-01 01:49:51]
sending 5 signals using command: 'killall -2 main' after 0.795762866859s
[INFO -- 2018-12-01 01:49:52]
Execution finished before waitTime
