[INFO -- 2018-10-12 00:40:50]
Starting flip_value script
version: 1.1
[INFO -- 2018-10-12 00:40:50]
Initialization strings:
[INFO -- 2018-10-12 00:40:50]
(1) file /tmp/BTree/main
[INFO -- 2018-10-12 00:40:50]
(2)  set args /tmp/BTree/input_100000 /tmp/BTree/output_100000
[INFO -- 2018-10-12 00:40:50]
initSignal:0
[INFO -- 2018-10-12 00:40:50]
endSignal:2
[INFO -- 2018-10-12 00:40:50]
faultModel:4
[INFO -- 2018-10-12 00:40:51]
Backtrace BEGIN:
#0  0x00007ffff7b5f70a in std::ostream::sentry::sentry(std::ostream&) () from /usr/lib/x86_64-linux-gnu/libstdc++.so.6
#1  0x00007ffff7b5fd88 in std::basic_ostream<char, std::char_traits<char> >& std::__ostream_insert<char, std::char_traits<char> >(std::basic_ostream<char, std::char_traits<char> >&, char const*, long) () from /usr/lib/x86_64-linux-gnu/libstdc++.so.6
#2  0x0000555555556956 in std::operator<< <char, std::char_traits<char>, 16ul> (__os=..., __x=std::bitset = {...}) at /usr/include/c++/7/bitset:1539
#3  0x00005555555563b2 in BTreeNode::traverse (this=0x555555a440f0) at BTree.cpp:592
#4  0x0000555555556377 in BTreeNode::traverse (this=0x555555812040) at BTree.cpp:591
#5  0x00005555555563ff in BTreeNode::traverse (this=0x5555558d1dd0) at BTree.cpp:597
#6  0x0000555555556377 in BTreeNode::traverse (this=0x555555aeeac0) at BTree.cpp:591
#7  0x0000555555556377 in BTreeNode::traverse (this=0x555555812430) at BTree.cpp:591
#8  0x0000555555556377 in BTreeNode::traverse (this=0x555555a27320) at BTree.cpp:591
#9  0x0000555555556851 in BTree::traverse (this=0x7fffffffddc0) at BTree.cpp:137
#10 0x0000555555556630 in main (argc=3, argv=0x7fffffffded8) at BTree.cpp:668

637				root = NULL;
638			else
639				root = root->C[0];
640	
641			// Free the old root
642			delete tmp;
643		}
644		return;
645	}
646	

Backtrace END
Fliping a bit of the value pointed by a pointer
Fliping value of field: keys
Fliping a bit of the value pointed by a pointer
Memory content before bitflip:0x940x9f0x080x00
Fault Model: LSB bit-flip
base address to flip value: 0x555555812070
address max offset: 4
Memory content after  bitflip:0x940x9f0x080x40
frame name: BTreeNode::traverse
symbol name: this
symbol filename: BTree.cpp
symbol line: 0
value: 0x555555812040
value address: 0x7fffffffdc48
Type: The type is a pointer.
Type sizeof: 8

[INFO -- 2018-10-12 00:40:51]
Fault Injection Successful after 1.5410115718841553s
[INFO -- 2018-10-12 00:40:51]
event type: exit
[INFO -- 2018-10-12 00:40:51]
exit code: 0
