[INFO -- 2018-10-16 21:05:57]
Starting flip_value script
version: 1.1
[INFO -- 2018-10-16 21:05:57]
Initialization strings:
[INFO -- 2018-10-16 21:05:57]
(1) file /tmp/RBTree/main
[INFO -- 2018-10-16 21:05:57]
(2) set args  /tmp/RBTree/input_ /tmp/RBTree/output_
[INFO -- 2018-10-16 21:05:57]
initSignal:0
[INFO -- 2018-10-16 21:05:57]
endSignal:2
[INFO -- 2018-10-16 21:05:57]
faultModel:4
[INFO -- 2018-10-16 21:05:57]
Backtrace BEGIN:
#0  0x00007ffff7334154 in __GI___libc_write (fd=1, buf=0x5555559b9860, nbytes=21) at ../sysdeps/unix/sysv/linux/write.c:27
#1  0x00007ffff72af1bd in _IO_new_file_write (f=0x7ffff7610760 <_IO_2_1_stdout_>, data=0x5555559b9860, n=21) at fileops.c:1203
#2  0x00007ffff72b0f51 in new_do_write (to_do=21, data=0x5555559b9860 "1111001011101001 001\n", fp=0x7ffff7610760 <_IO_2_1_stdout_>) at fileops.c:457
#3  _IO_new_do_write (fp=0x7ffff7610760 <_IO_2_1_stdout_>, data=0x5555559b9860 "1111001011101001 001\n", to_do=21) at fileops.c:433
#4  0x00007ffff72ae788 in _IO_new_file_sync (fp=0x7ffff7610760 <_IO_2_1_stdout_>) at fileops.c:813
#5  0x00007ffff72a287d in __GI__IO_fflush (fp=0x7ffff7610760 <_IO_2_1_stdout_>) at iofflush.c:40
#6  0x00007ffff7b5ef5e in std::ostream::flush() () from /usr/lib/x86_64-linux-gnu/libstdc++.so.6
#7  0x00005555555577ea in RBTree::inorderBST (this=0x7fffffffdc00, ptr=@0x5555557a7ca8: 0x5555558377c0) at RBTree.cpp:276
#8  0x000055555555776a in RBTree::inorderBST (this=0x7fffffffdc00, ptr=@0x55555581e840: 0x5555557a7ca0) at RBTree.cpp:271
#9  0x0000555555557804 in RBTree::inorderBST (this=0x7fffffffdc00, ptr=@0x5555558fc9c0: 0x55555581e830) at RBTree.cpp:279
#10 0x0000555555557804 in RBTree::inorderBST (this=0x7fffffffdc00, ptr=@0x55555582a390: 0x5555558fc9b0) at RBTree.cpp:279
#11 0x0000555555557804 in RBTree::inorderBST (this=0x7fffffffdc00, ptr=@0x5555557a1f18: 0x55555582a380) at RBTree.cpp:279
#12 0x000055555555776a in RBTree::inorderBST (this=0x7fffffffdc00, ptr=@0x555555770058: 0x5555557a1f10) at RBTree.cpp:271
#13 0x000055555555776a in RBTree::inorderBST (this=0x7fffffffdc00, ptr=@0x555555787368: 0x555555770050) at RBTree.cpp:271
#14 0x000055555555776a in RBTree::inorderBST (this=0x7fffffffdc00, ptr=@0x555555771e30: 0x555555787360) at RBTree.cpp:271
#15 0x0000555555557804 in RBTree::inorderBST (this=0x7fffffffdc00, ptr=@0x555555777dd0: 0x555555771e20) at RBTree.cpp:279
#16 0x0000555555557804 in RBTree::inorderBST (this=0x7fffffffdc00, ptr=@0x555555772970: 0x555555777dc0) at RBTree.cpp:279
#17 0x0000555555557804 in RBTree::inorderBST (this=0x7fffffffdc00, ptr=@0x555555770960: 0x555555772960) at RBTree.cpp:279
#18 0x0000555555557804 in RBTree::inorderBST (this=0x7fffffffdc00, ptr=@0x55555576fa30: 0x555555770950) at RBTree.cpp:279
#19 0x0000555555557804 in RBTree::inorderBST (this=0x7fffffffdc00, ptr=@0x55555576fe18: 0x55555576fa20) at RBTree.cpp:279
#20 0x000055555555776a in RBTree::inorderBST (this=0x7fffffffdc00, ptr=@0x555555770180: 0x55555576fe10) at RBTree.cpp:271
#21 0x0000555555557804 in RBTree::inorderBST (this=0x7fffffffdc00, ptr=@0x55555576fa58: 0x555555770170) at RBTree.cpp:279
#22 0x000055555555776a in RBTree::inorderBST (this=0x7fffffffdc00, ptr=@0x7fffffffdc00: 0x55555576fa50) at RBTree.cpp:271
#23 0x0000555555557841 in RBTree::inorder (this=0x7fffffffdc00) at RBTree.cpp:283
#24 0x000055555555564c in main (argc=3, argv=0x7fffffffdf38) at main.cpp:58

22	../sysdeps/unix/sysv/linux/write.c: Arquivo ou diretório inexistente.

Backtrace END
Fliping a bit of the value pointed by a reference
Fliping a bit of the value pointed by a pointer
Fliping value of field: color
Memory content before bitflip:0x000x000x000x00
Fault Model: LSB bit-flip
base address to flip value: 0x5555557a7ca4
address max offset: 4
Memory content after  bitflip:0x000x000x000x40
frame name: RBTree::inorderBST
symbol name: ptr
symbol filename: RBTree.cpp
symbol line: 267
value: @0x55555581e840
value address: 0x55555581e840
Type: A reference type.
Type sizeof: 8

[INFO -- 2018-10-16 21:05:57]
Fault Injection Successful after 0.338085412979126s
[INFO -- 2018-10-16 21:05:57]
event type: exit
[INFO -- 2018-10-16 21:05:57]
exit code: 0
