[INFO -- 2018-11-25 22:10:39]
Starting flip_value script
version: 1.1
[INFO -- 2018-11-25 22:10:39]
Initialization strings:
[INFO -- 2018-11-25 22:10:39]
(1) file /tmp/BTree-dup/main
[INFO -- 2018-11-25 22:10:39]
(2)  set args /tmp/BTree-dup/input_100000 /tmp/BTree-dup/output_100000 /tmp/BTree-dup-detection.log /tmp/BTree-dup/output2_100000
[INFO -- 2018-11-25 22:10:39]
initSignal:0
[INFO -- 2018-11-25 22:10:39]
endSignal:2
[INFO -- 2018-11-25 22:10:39]
faultModel:3
[EXCEPTION -- 2018-11-25 22:10:40]
pythonException: Unable to exit loop in struct fields; Exiting wihtout making a bit flip
[EXCEPTION -- 2018-11-25 22:10:41]
pythonException: empty range for randrange() (0,0, 0)
[INFO -- 2018-11-25 22:10:42]
event type: exit
[INFO -- 2018-11-25 22:10:42]
exit code: 0
