[INFO -- 2018-11-25 21:08:55]
Starting flip_value script
version: 1.1
[INFO -- 2018-11-25 21:08:55]
Initialization strings:
[INFO -- 2018-11-25 21:08:55]
(1) file /tmp/BTree-dup/main
[INFO -- 2018-11-25 21:08:55]
(2)  set args /tmp/BTree-dup/input_100000 /tmp/BTree-dup/output_100000 /tmp/BTree-dup-detection.log /tmp/BTree-dup/output2_100000
[INFO -- 2018-11-25 21:08:55]
initSignal:0
[INFO -- 2018-11-25 21:08:55]
endSignal:2
[INFO -- 2018-11-25 21:08:55]
faultModel:3
[INFO -- 2018-11-25 21:08:56]
Backtrace BEGIN:
#0  0x0000555555556583 in BTreeNode::insertNonFull (this=0x55555578d890, k=3152738) at BTree_dup.cpp:520
#1  0x0000555555556639 in BTreeNode::insertNonFull (this=0x5555557986f0, k=3152738) at BTree_dup.cpp:535
#2  0x0000555555556639 in BTreeNode::insertNonFull (this=0x5555557a2230, k=3152738) at BTree_dup.cpp:535
#3  0x0000555555556639 in BTreeNode::insertNonFull (this=0x5555557a21a0, k=3152738) at BTree_dup.cpp:535
#4  0x0000555555556478 in BTree::insert (this=0x7fffffffda50, k=3152738) at BTree_dup.cpp:489
#5  0x0000555555556c25 in runner (input=0x7fffffffe22a "/tmp/BTree-dup/input_100000") at BTree_dup.cpp:664
#6  0x0000555555556f51 in main (argc=5, argv=0x7fffffffde68) at BTree_dup.cpp:711

515			n = n+1;
516		}
517		else // If this node is not leaf
518		{
519			// Find the child which is going to have the new key
520			while (i >= 0 && keys[i] > k)
521				i--;
522	
523			// See if the found child is full
524			if (C[i+1]->n == 2*t-1)

Backtrace END
Fliping a bit of the value pointed by a pointer
Fliping value of field: leaf
Memory content before bitflip:0x00
Fault Model: Zero bit-flip
base address to flip value: 0x5555557a21bc
address max offset: 1
Memory content after  bitflip:0x00
frame name: BTreeNode::insertNonFull
symbol name: this
symbol filename: BTree_dup.cpp
symbol line: 0
value: 0x5555557a21a0
value address: 0x7fffffffd9c8
Type: The type is a pointer.
Type sizeof: 8

[INFO -- 2018-11-25 21:08:56]
Fault Injection Successful after 1.686424732208252s
[INFO -- 2018-11-25 21:08:57]
event type: exit
[INFO -- 2018-11-25 21:08:57]
exit code: 0
