[INFO -- 2018-11-30 19:46:23]
Starting flip_value script
version: 1.1
[INFO -- 2018-11-30 19:46:23]
Initialization strings:
[INFO -- 2018-11-30 19:46:23]
(1) file /tmp/splay/main
[INFO -- 2018-11-30 19:46:23]
(2) set args /tmp/splay/input_100000 /tmp/splay/output_100000
[INFO -- 2018-11-30 19:46:23]
initSignal:0
[INFO -- 2018-11-30 19:46:23]
endSignal:5
[INFO -- 2018-11-30 19:46:23]
faultModel:2
[INFO -- 2018-11-30 19:46:24]
Backtrace BEGIN:
#0  0x0000555555557ef2 in std::bitset<16ul>::_Unchecked_test (this=0x7fffffffd7f0, __pos=12) at /usr/include/c++/8/bitset:1061
#1  0x0000555555557eb3 in std::bitset<16ul>::_M_copy_to_string<char, std::char_traits<char>, std::allocator<char> > (this=0x7fffffffd7f0, __s="01", '0' <repeats 14 times>, __zero=48 '0', __one=49 '1') at /usr/include/c++/8/bitset:1413
#2  0x0000555555557ded in std::operator<< <char, std::char_traits<char>, 16ul> (__os=..., __x=std::bitset = {...}) at /usr/include/c++/8/bitset:1542
#3  0x0000555555557ae8 in InOrder (root=0x555555726d90) at splay.cpp:253
#4  0x0000555555557b0d in InOrder (root=0x55555567d090) at splay.cpp:254
#5  0x0000555555557b0d in InOrder (root=0x5555555c4ef0) at splay.cpp:254
#6  0x0000555555557b0d in InOrder (root=0x55555586b290) at splay.cpp:254
#7  0x0000555555557abd in InOrder (root=0x5555557418d0) at splay.cpp:252
#8  0x0000555555557b0d in InOrder (root=0x5555557635b0) at splay.cpp:254
#9  0x0000555555557abd in InOrder (root=0x5555558784b0) at splay.cpp:252
#10 0x0000555555557b0d in InOrder (root=0x555555876f50) at splay.cpp:254
#11 0x0000555555557abd in InOrder (root=0x5555558789f0) at splay.cpp:252
#12 0x0000555555557abd in InOrder (root=0x55555587c290) at splay.cpp:252
#13 0x0000555555557abd in InOrder (root=0x555555736a30) at splay.cpp:252
#14 0x0000555555557abd in InOrder (root=0x55555587cc90) at splay.cpp:252
#15 0x0000555555557abd in InOrder (root=0x55555587d110) at splay.cpp:252
#16 0x0000555555557abd in InOrder (root=0x55555561f0d0) at splay.cpp:252
#17 0x0000555555557abd in InOrder (root=0x55555566cc10) at splay.cpp:252
#18 0x0000555555557b0d in InOrder (root=0x5555555c3930) at splay.cpp:254
#19 0x0000555555557b0d in InOrder (root=0x55555570e5f0) at splay.cpp:254
#20 0x0000555555557b0d in InOrder (root=0x55555572ac10) at splay.cpp:254
#21 0x0000555555557b0d in InOrder (root=0x555555748390) at splay.cpp:254
#22 0x0000555555557b0d in InOrder (root=0x55555587dbf0) at splay.cpp:254
#23 0x0000555555557b0d in InOrder (root=0x55555587dc90) at splay.cpp:254
#24 0x0000555555557abd in InOrder (root=0x555555696ef0) at splay.cpp:252
#25 0x0000555555557abd in InOrder (root=0x55555587dcd0) at splay.cpp:252
#26 0x00005555555564fe in main (argc=3, argv=0x7fffffffdfb8) at main.cpp:35

1056		this->_M_getword(__pos) ^= _Base::_S_maskbit(__pos);
1057		return *this;
1058	      }
1059	
1060	      _GLIBCXX_CONSTEXPR bool
1061	      _Unchecked_test(size_t __pos) const _GLIBCXX_NOEXCEPT
1062	      { return ((this->_M_getword(__pos) & _Base::_S_maskbit(__pos))
1063			!= static_cast<_WordT>(0)); }
1064	      //@}
1065	

Backtrace END
Fliping a bit of the value pointed by a pointer
Fliping value of field: key
Memory content before bitflip:0xa30x110x150x00
Fault Model: Random bit-flip
base address to flip value: 0x55555572ac10
address max offset: 4
Memory content after  bitflip:0x130x020x770x9a
frame name: InOrder
symbol name: root
symbol filename: splay.cpp
symbol line: 248
value: 0x55555572ac10
value address: 0x7fffffffdb18
Type: The type is a pointer.
Type sizeof: 8

[INFO -- 2018-11-30 19:46:24]
Fault Injection Successful after 1.0111396312713623s
[INFO -- 2018-11-30 19:46:24]
event type: exit
[INFO -- 2018-11-30 19:46:24]
exit code: 0
