[INFO -- 2018-12-03 22:44:40]
sending 5 signals using command: 'killall -2 main' after 3.77209881682s
[INFO -- 2018-12-03 22:44:41]
sending 5 signals using command: 'killall -2 main' after 4.54518589386s
[INFO -- 2018-12-03 22:44:41]
sending 5 signals using command: 'killall -2 main' after 4.80701005985s
[INFO -- 2018-12-03 22:44:41]
Starting GDB script
[INFO -- 2018-12-03 22:44:41]
initSignal:0.0
[INFO -- 2018-12-03 22:44:41]
endSignal:5.0
[INFO -- 2018-12-03 22:44:43]
sending 5 signals using command: 'killall -2 main' after 1.47937843562s
[INFO -- 2018-12-03 22:44:44]
sending 5 signals using command: 'killall -2 main' after 2.46537650414s
[INFO -- 2018-12-03 22:44:44]
sending 5 signals using command: 'killall -2 main' after 2.70029263823s
[INFO -- 2018-12-03 22:44:44]
Execution finished before waitTime
