[INFO -- 2018-11-25 22:50:22]
Starting flip_value script
version: 1.1
[INFO -- 2018-11-25 22:50:22]
Initialization strings:
[INFO -- 2018-11-25 22:50:22]
(1) file /tmp/BTree-dup/main
[INFO -- 2018-11-25 22:50:22]
(2)  set args /tmp/BTree-dup/input_100000 /tmp/BTree-dup/output_100000 /tmp/BTree-dup-detection.log /tmp/BTree-dup/output2_100000
[INFO -- 2018-11-25 22:50:22]
initSignal:0
[INFO -- 2018-11-25 22:50:22]
endSignal:2
[INFO -- 2018-11-25 22:50:22]
faultModel:3
[INFO -- 2018-11-25 22:50:23]
Backtrace BEGIN:
#0  0x00007ffff7b5f76b in std::ostream::sentry::~sentry() () from /usr/lib/x86_64-linux-gnu/libstdc++.so.6
#1  0x00007ffff7b5f96b in std::ostream::put(char) () from /usr/lib/x86_64-linux-gnu/libstdc++.so.6
#2  0x00007ffff7b5fb9f in std::basic_ostream<char, std::char_traits<char> >& std::endl<char, std::char_traits<char> >(std::basic_ostream<char, std::char_traits<char> >&) () from /usr/lib/x86_64-linux-gnu/libstdc++.so.6
#3  0x0000555555556927 in BTreeNode::traverse (this=0x555555982dd0) at BTree_dup.cpp:594
#4  0x00005555555568d7 in BTreeNode::traverse (this=0x555555a22700) at BTree_dup.cpp:593
#5  0x00005555555568d7 in BTreeNode::traverse (this=0x5555559ce610) at BTree_dup.cpp:593
#6  0x00005555555568d7 in BTreeNode::traverse (this=0x5555557f8570) at BTree_dup.cpp:593
#7  0x00005555555568d7 in BTreeNode::traverse (this=0x55555584a140) at BTree_dup.cpp:593
#8  0x00005555555568d7 in BTreeNode::traverse (this=0x555555bae280) at BTree_dup.cpp:593
#9  0x000055555555695f in BTreeNode::traverse (this=0x5555558c0e80) at BTree_dup.cpp:599
#10 0x00005555555568d7 in BTreeNode::traverse (this=0x555555a2abc0) at BTree_dup.cpp:593
#11 0x000055555555695f in BTreeNode::traverse (this=0x555555a2ab30) at BTree_dup.cpp:599
#12 0x00005555555572bb in BTree::traverse (this=0x7fffffffdd40) at BTree_dup.cpp:139
#13 0x0000555555556fbd in main (argc=5, argv=0x7fffffffde68) at BTree_dup.cpp:718

677	    {
678	        file1.getline(string1,256);
679	        file2.getline(string2,256);
680	        j++;
681	        if(strcmp(string1,string2) != 0)
682	        {
683	            if (fp = fopen(detectLog, "a")) {
684	                fprintf(fp, "[%d]: %s %s\n",j,string1,string2);
685	                fclose(fp);
686	            }

Backtrace END
Fliping a bit of the value pointed by a pointer
Fliping value of field: t
Memory content before bitflip:0x030x000x000x00
Fault Model: Zero bit-flip
base address to flip value: 0x7fffffffdd48
address max offset: 4
Memory content after  bitflip:0x000x000x000x00
frame name: BTree::traverse
symbol name: this
symbol filename: BTree_dup.cpp
symbol line: 0
value: 0x7fffffffdd40
value address: 0x7fffffffdce8
Type: The type is a pointer.
Type sizeof: 8

[INFO -- 2018-11-25 22:50:23]
Fault Injection Successful after 1.56898832321167s
[INFO -- 2018-11-25 22:50:24]
event type: exit
[INFO -- 2018-11-25 22:50:24]
exit code: 0
