[INFO -- 2018-12-01 12:23:37]
Starting flip_value script
version: 1.1
[INFO -- 2018-12-01 12:23:37]
Initialization strings:
[INFO -- 2018-12-01 12:23:37]
(1) file /tmp/splay/main
[INFO -- 2018-12-01 12:23:37]
(2) set args /tmp/splay/input_100000 /tmp/splay/output_100000
[INFO -- 2018-12-01 12:23:37]
initSignal:0
[INFO -- 2018-12-01 12:23:37]
endSignal:5
[INFO -- 2018-12-01 12:23:37]
faultModel:2
[INFO -- 2018-12-01 12:23:37]
Backtrace BEGIN:
#0  0x00005555555576e9 in Splay (key=1400240, root=0x55555575d290) at splay.cpp:62
#1  0x0000555555557916 in Insert (key=1400240, root=0x55555575d290) at splay.cpp:145
#2  0x00005555555564bb in main (argc=3, argv=0x7fffffffdfb8) at main.cpp:31

57		 */
58		while(1)
59		{
60			if(key < root->key)
61			{
62				if(!root->lchild)
63					break;
64				if(key < root->lchild->key)
65				{
66					root = RR_Rotate(root); /* only zig-zig mode need to rotate once,

Backtrace END
Memory content before bitflip:0xb00x5d0x150x00
Fault Model: Random bit-flip
base address to flip value: 0x7fffffffdbcc
address max offset: 4
Memory content after  bitflip:0x1b0xf40xf50xe1
frame name: Splay
symbol name: key
symbol filename: splay.cpp
symbol line: 43
value: -503974885
value address: 0x7fffffffdbcc
Type: The type is an integer type.
Type sizeof: 4

[INFO -- 2018-12-01 12:23:37]
Fault Injection Successful after 0.8390922546386719s
[INFO -- 2018-12-01 12:23:38]
event type: exit
[INFO -- 2018-12-01 12:23:38]
exit code: 0
