[INFO -- 2018-11-30 19:24:46]
Starting flip_value script
version: 1.1
[INFO -- 2018-11-30 19:24:46]
Initialization strings:
[INFO -- 2018-11-30 19:24:46]
(1) file /tmp/splay/main
[INFO -- 2018-11-30 19:24:46]
(2) set args /tmp/splay/input_100000 /tmp/splay/output_100000
[INFO -- 2018-11-30 19:24:46]
initSignal:0
[INFO -- 2018-11-30 19:24:46]
endSignal:5
[INFO -- 2018-11-30 19:24:46]
faultModel:3
[INFO -- 2018-11-30 19:24:46]
Backtrace BEGIN:
#0  __strcmp_avx2 () at ../sysdeps/x86_64/multiarch/strcmp-avx2.S:93
#1  0x00007ffff7ec3750 in __cxxabiv1::__vmi_class_type_info::__do_dyncast(long, __cxxabiv1::__class_type_info::__sub_kind, __cxxabiv1::__class_type_info const*, void const*, __cxxabiv1::__class_type_info const*, void const*, __cxxabiv1::__class_type_info::__dyncast_result&) const () from /usr/lib/x86_64-linux-gnu/libstdc++.so.6
#2  0x00007ffff7ec0456 in __dynamic_cast () from /usr/lib/x86_64-linux-gnu/libstdc++.so.6
#3  0x00007ffff7f333fb in std::ctype<char> const& std::use_facet<std::ctype<char> >(std::locale const&) () from /usr/lib/x86_64-linux-gnu/libstdc++.so.6
#4  0x0000555555557da3 in std::operator<< <char, std::char_traits<char>, 16ul> (__os=..., __x=std::bitset = {...}) at /usr/include/c++/8/bitset:1541
#5  0x0000555555557ae8 in InOrder (root=0x55555579db90) at splay.cpp:253
#6  0x0000555555557b0d in InOrder (root=0x555555573d90) at splay.cpp:254
#7  0x0000555555557abd in InOrder (root=0x5555555c2b50) at splay.cpp:252
#8  0x0000555555557b0d in InOrder (root=0x555555853e90) at splay.cpp:254
#9  0x0000555555557abd in InOrder (root=0x555555847e10) at splay.cpp:252
#10 0x0000555555557abd in InOrder (root=0x5555557cb190) at splay.cpp:252
#11 0x0000555555557b0d in InOrder (root=0x5555557eb590) at splay.cpp:254
#12 0x0000555555557abd in InOrder (root=0x55555586e850) at splay.cpp:252
#13 0x0000555555557abd in InOrder (root=0x5555556a8ad0) at splay.cpp:252
#14 0x0000555555557b0d in InOrder (root=0x555555648a50) at splay.cpp:254
#15 0x0000555555557b0d in InOrder (root=0x55555587ab10) at splay.cpp:254
#16 0x0000555555557b0d in InOrder (root=0x555555772ad0) at splay.cpp:254
#17 0x0000555555557b0d in InOrder (root=0x5555555ad130) at splay.cpp:254
#18 0x0000555555557b0d in InOrder (root=0x55555587c890) at splay.cpp:254
#19 0x0000555555557abd in InOrder (root=0x55555587d230) at splay.cpp:252
#20 0x0000555555557abd in InOrder (root=0x5555555a98b0) at splay.cpp:252
#21 0x0000555555557b0d in InOrder (root=0x555555643e30) at splay.cpp:254
#22 0x0000555555557b0d in InOrder (root=0x55555587d3d0) at splay.cpp:254
#23 0x0000555555557abd in InOrder (root=0x555555752030) at splay.cpp:252
#24 0x0000555555557b0d in InOrder (root=0x55555587db90) at splay.cpp:254
#25 0x0000555555557b0d in InOrder (root=0x55555585f590) at splay.cpp:254
#26 0x0000555555557b0d in InOrder (root=0x55555587db50) at splay.cpp:254
#27 0x0000555555557abd in InOrder (root=0x555555774190) at splay.cpp:252
#28 0x0000555555557b0d in InOrder (root=0x555555774870) at splay.cpp:254
#29 0x0000555555557abd in InOrder (root=0x55555587dcb0) at splay.cpp:252
#30 0x0000555555557b0d in InOrder (root=0x555555693810) at splay.cpp:254
#31 0x0000555555557b0d in InOrder (root=0x555555634c10) at splay.cpp:254
#32 0x0000555555557b0d in InOrder (root=0x55555587dcd0) at splay.cpp:254
#33 0x00005555555564fe in main (argc=3, argv=0x7fffffffdfb8) at main.cpp:35

88	in ../sysdeps/x86_64/multiarch/strcmp-avx2.S

Backtrace END
Fliping a bit of the pointer
Memory content before bitflip:0x500xdb0x870x550x550x550x000x00
Fault Model: Zero bit-flip
base address to flip value: 0x7fffffffdae8
address max offset: 8
Memory content after  bitflip:0x000x000x000x000x000x000x000x00
frame name: InOrder
symbol name: root
symbol filename: splay.cpp
symbol line: 248
value: 0x55555587db50
value address: 0x7fffffffdae8
Type: The type is a pointer.
Type sizeof: 8

[INFO -- 2018-11-30 19:24:46]
Fault Injection Successful after 0.9419724941253662s
[INFO -- 2018-11-30 19:24:47]
event type: exit
[INFO -- 2018-11-30 19:24:47]
exit code: 0
