[INFO -- 2018-12-01 13:46:45]
Starting flip_value script
version: 1.1
[INFO -- 2018-12-01 13:46:45]
Initialization strings:
[INFO -- 2018-12-01 13:46:45]
(1) file /tmp/splay/main
[INFO -- 2018-12-01 13:46:45]
(2) set args /tmp/splay/input_100000 /tmp/splay/output_100000
[INFO -- 2018-12-01 13:46:45]
initSignal:0
[INFO -- 2018-12-01 13:46:45]
endSignal:5
[INFO -- 2018-12-01 13:46:45]
faultModel:4
[EXCEPTION -- 2018-12-01 13:46:45]
pythonException: Unable to exit loop in struct fields; Exiting wihtout making a bit flip
[EXCEPTION -- 2018-12-01 13:46:45]
pythonException: Unable to exit loop in struct fields; Exiting wihtout making a bit flip
[INFO -- 2018-12-01 13:46:45]
event type: exit
[INFO -- 2018-12-01 13:46:45]
exit code: 0
