[INFO -- 2018-11-30 21:39:26]
sending 5 signals using command: 'killall -2 main' after 1.72826456081s
[INFO -- 2018-11-30 21:39:28]
sending 5 signals using command: 'killall -2 main' after 4.25174069788s
[INFO -- 2018-11-30 21:39:28]
sending 5 signals using command: 'killall -2 main' after 4.46486622377s
[INFO -- 2018-11-30 21:39:28]
Starting GDB script
[INFO -- 2018-11-30 21:39:28]
initSignal:0.0
[INFO -- 2018-11-30 21:39:28]
endSignal:5.0
[INFO -- 2018-11-30 21:39:29]
sending 5 signals using command: 'killall -2 main' after 1.01966046471s
[INFO -- 2018-11-30 21:39:30]
sending 5 signals using command: 'killall -2 main' after 1.37154860259s
[INFO -- 2018-11-30 21:39:30]
Execution finished before waitTime
[INFO -- 2018-11-30 21:39:30]
sending 5 signals using command: 'killall -2 main' after 1.51805001341s
