[INFO -- 2018-12-01 12:06:08]
sending 5 signals using command: 'killall -2 main' after 2.10045076528s
[INFO -- 2018-12-01 12:06:09]
sending 5 signals using command: 'killall -2 main' after 2.63864619416s
[INFO -- 2018-12-01 12:06:11]
sending 5 signals using command: 'killall -2 main' after 4.79136323897s
[INFO -- 2018-12-01 12:06:11]
Starting GDB script
[INFO -- 2018-12-01 12:06:11]
initSignal:0.0
[INFO -- 2018-12-01 12:06:11]
endSignal:5.0
[INFO -- 2018-12-01 12:06:12]
sending 5 signals using command: 'killall -2 main' after 0.345501171208s
[INFO -- 2018-12-01 12:06:12]
sending 5 signals using command: 'killall -2 main' after 0.375447217988s
[INFO -- 2018-12-01 12:06:12]
sending 5 signals using command: 'killall -2 main' after 0.876317755304s
[INFO -- 2018-12-01 12:06:13]
Execution finished before waitTime
