[INFO -- 2018-10-12 01:18:35]
Starting flip_value script
version: 1.1
[INFO -- 2018-10-12 01:18:35]
Initialization strings:
[INFO -- 2018-10-12 01:18:35]
(1) file /tmp/BTree/main
[INFO -- 2018-10-12 01:18:35]
(2)  set args /tmp/BTree/input_100000 /tmp/BTree/output_100000
[INFO -- 2018-10-12 01:18:35]
initSignal:0
[INFO -- 2018-10-12 01:18:35]
endSignal:2
[INFO -- 2018-10-12 01:18:35]
faultModel:0
[INFO -- 2018-10-12 01:18:36]
Backtrace BEGIN:
#0  0x0000555555556023 in BTreeNode::insertNonFull (this=0x5555558c19f0, k=592586) at BTree.cpp:518
#1  0x00005555555560d9 in BTreeNode::insertNonFull (this=0x555555812040, k=592586) at BTree.cpp:533
#2  0x00005555555560d9 in BTreeNode::insertNonFull (this=0x5555558d1dd0, k=592586) at BTree.cpp:533
#3  0x00005555555560d9 in BTreeNode::insertNonFull (this=0x555555aeeac0, k=592586) at BTree.cpp:533
#4  0x00005555555560d9 in BTreeNode::insertNonFull (this=0x555555812430, k=592586) at BTree.cpp:533
#5  0x00005555555560d9 in BTreeNode::insertNonFull (this=0x555555a27320, k=592586) at BTree.cpp:533
#6  0x0000555555555f18 in BTree::insert (this=0x7fffffffddc0, k=592586) at BTree.cpp:487
#7  0x0000555555556601 in main (argc=3, argv=0x7fffffffded8) at BTree.cpp:665

513			n = n+1;
514		}
515		else // If this node is not leaf
516		{
517			// Find the child which is going to have the new key
518			while (i >= 0 && keys[i] > k)
519				i--;
520	
521			// See if the found child is full
522			if (C[i+1]->n == 2*t-1)

Backtrace END
Memory content before bitflip:0x010x000x000x00
Fault Model: Single bit-flip
base address to flip value: 0x7fffffffdc8c
address max offset: 4
Memory content after  bitflip:0x010x080x000x00
frame name: BTreeNode::insertNonFull
symbol name: i
symbol filename: BTree.cpp
symbol line: 497
value: 2049
value address: 0x7fffffffdc8c
Type: The type is an integer type.
Type sizeof: 4

[INFO -- 2018-10-12 01:18:36]
Fault Injection Successful after 1.4498746395111084s
[INFO -- 2018-10-12 01:18:36]
event type: exit
[INFO -- 2018-10-12 01:18:36]
exit code: 0
