[INFO -- 2018-11-25 23:43:44]
Starting flip_value script
version: 1.1
[INFO -- 2018-11-25 23:43:44]
Initialization strings:
[INFO -- 2018-11-25 23:43:44]
(1) file /tmp/BTree-dup/main
[INFO -- 2018-11-25 23:43:44]
(2)  set args /tmp/BTree-dup/input_100000 /tmp/BTree-dup/output_100000 /tmp/BTree-dup-detection.log /tmp/BTree-dup/output2_100000
[INFO -- 2018-11-25 23:43:44]
initSignal:0
[INFO -- 2018-11-25 23:43:44]
endSignal:2
[INFO -- 2018-11-25 23:43:44]
faultModel:2
[EXCEPTION -- 2018-11-25 23:43:45]
gdbException: Tentativo de desreferenciar um ponteiro genérico.
[INFO -- 2018-11-25 23:43:46]
event type: exit
[INFO -- 2018-11-25 23:43:46]
exit code: 0
