[INFO -- 2018-11-25 15:36:41]
Starting flip_value script
version: 1.1
[INFO -- 2018-11-25 15:36:41]
Initialization strings:
[INFO -- 2018-11-25 15:36:41]
(1) file /tmp/BTree-dup/main
[INFO -- 2018-11-25 15:36:41]
(2)  set args /tmp/BTree-dup/input_100000 /tmp/BTree-dup/output_100000 /tmp/BTree-dup-detection.log /tmp/BTree-dup/output2_100000
[INFO -- 2018-11-25 15:36:41]
initSignal:0
[INFO -- 2018-11-25 15:36:41]
endSignal:2
[INFO -- 2018-11-25 15:36:41]
faultModel:1
[INFO -- 2018-11-25 15:36:43]
Backtrace BEGIN:
#0  __memmove_avx_unaligned_erms () at ../sysdeps/x86_64/multiarch/memmove-vec-unaligned-erms.S:292
#1  0x00007ffff7af69bb in std::istream::getline(char*, long, char) () from /usr/lib/x86_64-linux-gnu/libstdc++.so.6
#2  0x0000555555556d95 in compare_output (input1=0x7fffffffe246 "/tmp/BTree-dup/output_100000", input2=0x7fffffffe280 "/tmp/BTree-dup/output2_100000", detectLog=0x7fffffffe263 "/tmp/BTree-dup-detection.log") at BTree_dup.cpp:678
#3  0x0000555555557034 in main (argc=5, argv=0x7fffffffde68) at BTree_dup.cpp:730

287	../sysdeps/x86_64/multiarch/memmove-vec-unaligned-erms.S: Arquivo ou diretório inexistente.

Backtrace END
Memory content before bitflip:0x050x000x000x00
Fault Model: Double bit-flip
base address to flip value: 0x7fffffffdd1c
address max offset: 4
Memory content after  bitflip:0x000x000x000x00
frame name: main
symbol name: argc
symbol filename: BTree_dup.cpp
symbol line: 691
value: 0
value address: 0x7fffffffdd1c
Type: The type is an integer type.
Type sizeof: 4

[INFO -- 2018-11-25 15:36:43]
Fault Injection Successful after 2.4629924297332764s
[INFO -- 2018-11-25 15:36:43]
event type: exit
[INFO -- 2018-11-25 15:36:43]
exit code: 0
