[INFO -- 2018-10-12 09:37:03]
Starting flip_value script
version: 1.1
[INFO -- 2018-10-12 09:37:03]
Initialization strings:
[INFO -- 2018-10-12 09:37:03]
(1) file /tmp/BTree/main
[INFO -- 2018-10-12 09:37:03]
(2)  set args /tmp/BTree/input_100000 /tmp/BTree/output_100000
[INFO -- 2018-10-12 09:37:03]
initSignal:0
[INFO -- 2018-10-12 09:37:03]
endSignal:2
[INFO -- 2018-10-12 09:37:03]
faultModel:3
[EXCEPTION -- 2018-10-12 09:37:04]
pythonException: Unable to exit loop in struct fields; Exiting wihtout making a bit flip
[INFO -- 2018-10-12 09:37:04]
Backtrace BEGIN:
#0  std::bitset<16ul>::_M_copy_to_string<char, std::char_traits<char>, std::allocator<char> > (this=0x7fffffffdb60, __s='0' <repete 16 vezes>, __zero=48 '0', __one=49 '1') at /usr/include/c++/7/bitset:1411
#1  0x0000555555556943 in std::operator<< <char, std::char_traits<char>, 16ul> (__os=..., __x=std::bitset) at /usr/include/c++/7/bitset:1538
#2  0x00005555555563b2 in BTreeNode::traverse (this=0x55555578d320) at BTree.cpp:592
#3  0x00005555555563ff in BTreeNode::traverse (this=0x55555578d3b0) at BTree.cpp:597
#4  0x0000555555556377 in BTreeNode::traverse (this=0x55555578d680) at BTree.cpp:591
#5  0x00005555555563ff in BTreeNode::traverse (this=0x55555578d710) at BTree.cpp:597
#6  0x0000555555556377 in BTreeNode::traverse (this=0x55555578ef40) at BTree.cpp:591
#7  0x0000555555556377 in BTreeNode::traverse (this=0x555555793590) at BTree.cpp:591
#8  0x00005555555563ff in BTreeNode::traverse (this=0x555555786330) at BTree.cpp:597
#9  0x0000555555556377 in BTreeNode::traverse (this=0x5555557bab90) at BTree.cpp:591
#10 0x0000555555556377 in BTreeNode::traverse (this=0x5555558584b0) at BTree.cpp:591
#11 0x0000555555556851 in BTree::traverse (this=0x7fffffffddc0) at BTree.cpp:137
#12 0x0000555555556630 in main (argc=3, argv=0x7fffffffded8) at BTree.cpp:668

1406	      {
1407		__s.assign(_Nb, __zero);
1408		for (size_t __i = _Nb; __i > 0; --__i)
1409		  if (_Unchecked_test(__i - 1))
1410		    _Traits::assign(__s[_Nb - __i], __one);
1411	      }
1412	
1413	  // 23.3.5.3 bitset operations:
1414	  //@{
1415	  /**

Backtrace END
Fliping a bit of the value pointed by a pointer
Fliping value of field: C
Fliping a bit of the pointer
Memory content before bitflip:0x600xd70x780x550x550x550x000x00
Fault Model: Zero bit-flip
base address to flip value: 0x55555578d720
address max offset: 8
Memory content after  bitflip:0x000x000x000x000x000x000x000x00
frame name: BTreeNode::traverse
symbol name: this
symbol filename: BTree.cpp
symbol line: 0
value: 0x55555578d710
value address: 0x7fffffffdc08
Type: The type is a pointer.
Type sizeof: 8

[INFO -- 2018-10-12 09:37:04]
Fault Injection Successful after 1.254591464996338s
[INFO -- 2018-10-12 09:37:04]
event type: exit
[INFO -- 2018-10-12 09:37:04]
exit code: 0
