[INFO -- 2018-12-09 18:21:08]
sending 5 signals using command: 'killall -2 main' after 3.79469804734s
[INFO -- 2018-12-09 18:21:09]
sending 5 signals using command: 'killall -2 main' after 4.21050614789s
[INFO -- 2018-12-09 18:21:10]
sending 5 signals using command: 'killall -2 main' after 4.90857839787s
[INFO -- 2018-12-09 18:21:10]
Starting GDB script
[INFO -- 2018-12-09 18:21:10]
initSignal:0.0
[INFO -- 2018-12-09 18:21:10]
endSignal:5.0
[INFO -- 2018-12-09 18:21:10]
sending 5 signals using command: 'killall -2 main' after 0.559976811042s
[INFO -- 2018-12-09 18:21:13]
sending 5 signals using command: 'killall -2 main' after 3.68659914713s
[INFO -- 2018-12-09 18:21:14]
sending 5 signals using command: 'killall -2 main' after 4.22730147266s
[INFO -- 2018-12-09 18:22:10]
Execution did not finish before waitTime
