[INFO -- 2018-11-30 23:06:38]
Starting flip_value script
version: 1.1
[INFO -- 2018-11-30 23:06:38]
Initialization strings:
[INFO -- 2018-11-30 23:06:38]
(1) file /tmp/splay/main
[INFO -- 2018-11-30 23:06:38]
(2) set args /tmp/splay/input_100000 /tmp/splay/output_100000
[INFO -- 2018-11-30 23:06:38]
initSignal:0
[INFO -- 2018-11-30 23:06:38]
endSignal:5
[INFO -- 2018-11-30 23:06:38]
faultModel:4
[INFO -- 2018-11-30 23:06:38]
Backtrace BEGIN:
#0  Splay (key=1445241, root=0x5555556139d0) at splay.cpp:66
#1  0x0000555555557916 in Insert (key=1445241, root=0x5555556141f0) at splay.cpp:145
#2  0x00005555555564bb in main (argc=3, argv=0x7fffffffdfb8) at main.cpp:31

61			{
62				if(!root->lchild)
63					break;
64				if(key < root->lchild->key)
65				{
66					root = RR_Rotate(root); /* only zig-zig mode need to rotate once,
67											   because zig-zag mode is handled as zig
68											   mode, which doesn't require rotate, 
69											   just linking it to R Tree */
70					if(!root->lchild)

Backtrace END
Fliping value of field: _M_ok
Memory content before bitflip:0x00
Fault Model: LSB bit-flip
base address to flip value: 0x7fffffffdc6c
address max offset: 1
Memory content after  bitflip:0x20
frame name: main
symbol name: end
symbol filename: main.cpp
symbol line: 26
value: {<std::iterator<std::input_iterator_tag, int, long, int const*, int const&>> = {<No data fields>}, _M_stream = 0x0, _M_value = 0, _M_ok = 32}
value address: 0x7fffffffdc60
Type: The type is a structure.
Type sizeof: 16
Field name: std::iterator<std::input_iterator_tag, int, long, int const*, int const&>
Field Type: The type is a structure.
Field Type sizeof: 1
Field name: _M_stream
Field Type: The type is a pointer.
Field Type sizeof: 8
Field name: _M_value
Field Type: The type is an integer type.
Field Type sizeof: 4
Field name: _M_ok
Field Type: A boolean type.
Field Type sizeof: 1

[INFO -- 2018-11-30 23:06:38]
Fault Injection Successful after 0.7593367099761963s
[INFO -- 2018-11-30 23:06:38]
event type: exit
[INFO -- 2018-11-30 23:06:38]
exit code: 0
