[INFO -- 2018-10-16 20:08:48]
Starting flip_value script
version: 1.1
[INFO -- 2018-10-16 20:08:48]
Initialization strings:
[INFO -- 2018-10-16 20:08:48]
(1) file /tmp/RBTree/main
[INFO -- 2018-10-16 20:08:48]
(2) set args  /tmp/RBTree/input_ /tmp/RBTree/output_
[INFO -- 2018-10-16 20:08:48]
initSignal:0
[INFO -- 2018-10-16 20:08:48]
endSignal:2
[INFO -- 2018-10-16 20:08:48]
faultModel:4
[EXCEPTION -- 2018-10-16 20:08:48]
gdbException: Tentativo de desreferenciar um ponteiro genérico.
[INFO -- 2018-10-16 20:08:49]
event type: exit
[INFO -- 2018-10-16 20:08:49]
exit code: 0
