[INFO -- 2018-10-16 17:53:41]
Starting flip_value script
version: 1.1
[INFO -- 2018-10-16 17:53:41]
Initialization strings:
[INFO -- 2018-10-16 17:53:41]
(1) file /tmp/RBTree/main
[INFO -- 2018-10-16 17:53:41]
(2) set args  /tmp/RBTree/input_ /tmp/RBTree/output_
[INFO -- 2018-10-16 17:53:41]
initSignal:0
[INFO -- 2018-10-16 17:53:41]
endSignal:2
[INFO -- 2018-10-16 17:53:41]
faultModel:4
[INFO -- 2018-10-16 17:53:41]
Backtrace BEGIN:
#0  elf_get_dynamic_info (temp=0x0, l=0x7ffff7fd6000) at get-dynamic-info.h:48
#1  _dl_map_object_from_fd (name=name@entry=0x5555555546d1 "libstdc++.so.6", origname=origname@entry=0x0, fd=<optimized out>, fbp=fbp@entry=0x7fffffffd630, realname=<optimized out>, loader=loader@entry=0x7ffff7ffe170, l_type=<optimized out>, mode=<optimized out>, stack_endp=<optimized out>, nsid=<optimized out>) at dl-load.c:1143
#2  0x00007ffff7dddffc in _dl_map_object (loader=0x7ffff7ffe170, name=0x5555555546d1 "libstdc++.so.6", type=1, trace_mode=0, mode=<optimized out>, nsid=<optimized out>) at dl-load.c:2389
#3  0x00007ffff7de3312 in openaux (a=a@entry=0x7fffffffdbc0) at dl-deps.c:63
#4  0x00007ffff7df0c6b in _dl_catch_exception (exception=exception@entry=0x7fffffffdba0, operate=operate@entry=0x7ffff7de32e0 <openaux>, args=args@entry=0x7fffffffdbc0) at dl-error-skeleton.c:196
#5  0x00007ffff7de3618 in _dl_map_object_deps (map=map@entry=0x7ffff7ffe170, preloads=<optimized out>, npreloads=npreloads@entry=0, trace_mode=trace_mode@entry=0, open_mode=open_mode@entry=0) at dl-deps.c:249
#6  0x00007ffff7dd8ea6 in dl_main (phdr=<optimized out>, phnum=<optimized out>, user_entry=<optimized out>, auxv=<optimized out>) at rtld.c:1726
#7  0x00007ffff7defdd0 in _dl_sysdep_start (start_argptr=start_argptr@entry=0x7fffffffdf30, dl_main=dl_main@entry=0x7ffff7dd7660 <dl_main>) at ../elf/dl-sysdep.c:253
#8  0x00007ffff7dd7128 in _dl_start_final (arg=0x7fffffffdf30) at rtld.c:414
#9  _dl_start (arg=0x7fffffffdf30) at rtld.c:521
#10 0x00007ffff7dd6098 in _start () from /lib64/ld-linux-x86-64.so.2
#11 0x0000000000000003 in ?? ()
#12 0x00007fffffffe2a4 in ?? ()
#13 0x00007fffffffe2b5 in ?? ()
#14 0x00007fffffffe2c8 in ?? ()
#15 0x0000000000000000 in ?? ()

43	get-dynamic-info.h: Arquivo ou diretório inexistente.

Backtrace END
Memory content before bitflip:0x030x000x000x00
Fault Model: LSB bit-flip
base address to flip value: 0x7ffff7ffc748 
address max offset: 4
Memory content after  bitflip:0x030x000x000x02
frame name: dl_main
symbol name: _dl_argc
symbol filename: rtld.c
symbol line: 82
value: 33554435
value address: 0x7ffff7ffc748 <_dl_argc>
Type: The type is an integer type.
Type sizeof: 4

[INFO -- 2018-10-16 17:53:41]
Fault Injection Successful after 0.6703166961669922s
[INFO -- 2018-10-16 17:53:41]
event type: exit
[INFO -- 2018-10-16 17:53:41]
exit code: 0
