[INFO -- 2018-10-17 19:30:19]
sending 5 signals using command: 'killall -2 main' after 1.08430202489s
[INFO -- 2018-10-17 19:30:19]
sending 5 signals using command: 'killall -2 main' after 1.42559601842s
[INFO -- 2018-10-17 19:30:19]
sending 5 signals using command: 'killall -2 main' after 1.44743466276s
[INFO -- 2018-10-17 19:30:19]
Starting GDB script
[INFO -- 2018-10-17 19:30:19]
initSignal:0.0
[INFO -- 2018-10-17 19:30:19]
endSignal:2.0
[INFO -- 2018-10-17 19:30:19]
sending 5 signals using command: 'killall -2 main' after 0.265517727884s
[INFO -- 2018-10-17 19:30:19]
sending 5 signals using command: 'killall -2 main' after 0.489627594711s
[INFO -- 2018-10-17 19:30:20]
sending 5 signals using command: 'killall -2 main' after 0.769981687071s
[INFO -- 2018-10-17 19:30:20]
Execution finished before waitTime
