[INFO -- 2018-12-09 15:49:02]
Starting flip_value script
version: 1.1
[INFO -- 2018-12-09 15:49:02]
Initialization strings:
[INFO -- 2018-12-09 15:49:02]
(1) file /tmp/Tree234/main
[INFO -- 2018-12-09 15:49:02]
(2) set args /tmp/Tree234/input_100000 /tmp/Tree234/output_100000 /tmp/Tree234/detectionLog_100000.log /tmp/Tree234/output2_100000
[INFO -- 2018-12-09 15:49:02]
initSignal:0
[INFO -- 2018-12-09 15:49:02]
endSignal:5
[INFO -- 2018-12-09 15:49:02]
faultModel:1
[INFO -- 2018-12-09 15:49:03]
Backtrace BEGIN:
#0  dl_main (phdr=<optimized out>, phnum=<optimized out>, user_entry=<optimized out>, auxv=<optimized out>) at rtld.c:2206
#1  0x00007ffff7df0632 in _dl_sysdep_start (start_argptr=start_argptr@entry=0x7fffffffde90, dl_main=dl_main@entry=0x7ffff7dd91e0 <dl_main>) at ../elf/dl-sysdep.c:249
#2  0x00007ffff7dd8c2a in _dl_start_final (arg=0x7fffffffde90) at rtld.c:323
#3  _dl_start (arg=0x7fffffffde90) at rtld.c:429
#4  0x00007ffff7dd7c38 in _start () from /lib64/ld-linux-x86-64.so.2
#5  0x0000000000000005 in ?? ()
#6  0x00007fffffffe21c in ?? ()
#7  0x00007fffffffe22e in ?? ()
#8  0x00007fffffffe248 in ?? ()
#9  0x00007fffffffe263 in ?? ()
#10 0x00007fffffffe288 in ?? ()
#11 0x0000000000000000 in ?? ()

2201	in rtld.c

Backtrace END
Memory content before bitflip:0xc60x0f0xd90xe50xd40x9e0x4b0x70
Fault Model: Double bit-flip
base address to flip value: 0x7ffff7ffcc70 
address max offset: 8
Memory content after  bitflip:0xc60x0f0xd90xef0xd40x9e0x4b0x70
frame name: dl_main
symbol name: __pointer_chk_guard_local
symbol filename: rtld.c
symbol line: 96
value: 8091735792895463366
value address: 0x7ffff7ffcc70 <__pointer_chk_guard_local>
Type: The type is an integer type.
Type sizeof: 8

[INFO -- 2018-12-09 15:49:03]
Fault Injection Successful after 1.2603976726531982s
[INFO -- 2018-12-09 15:49:04]
event type: exit
[INFO -- 2018-12-09 15:49:04]
exit code: 0
