[INFO -- 2018-10-12 05:59:38]
sending 5 signals using command: 'killall -2 main' after 1.63279974657s
[INFO -- 2018-10-12 05:59:38]
sending 5 signals using command: 'killall -2 main' after 1.64356017177s
[INFO -- 2018-10-12 05:59:38]
sending 5 signals using command: 'killall -2 main' after 1.81479059635s
[INFO -- 2018-10-12 05:59:38]
Starting GDB script
[INFO -- 2018-10-12 05:59:38]
initSignal:0.0
[INFO -- 2018-10-12 05:59:38]
endSignal:2.0
[INFO -- 2018-10-12 05:59:38]
sending 5 signals using command: 'killall -2 main' after 0.0317035443741s
[INFO -- 2018-10-12 05:59:38]
sending 5 signals using command: 'killall -2 main' after 0.0556117521346s
[INFO -- 2018-10-12 05:59:38]
sending 5 signals using command: 'killall -2 main' after 0.252829020259s
[INFO -- 2018-10-12 05:59:40]
Execution finished before waitTime
