[INFO -- 2018-11-30 18:56:41]
Starting flip_value script
version: 1.1
[INFO -- 2018-11-30 18:56:41]
Initialization strings:
[INFO -- 2018-11-30 18:56:41]
(1) file /tmp/splay/main
[INFO -- 2018-11-30 18:56:41]
(2) set args /tmp/splay/input_100000 /tmp/splay/output_100000
[INFO -- 2018-11-30 18:56:41]
initSignal:0
[INFO -- 2018-11-30 18:56:41]
endSignal:5
[INFO -- 2018-11-30 18:56:41]
faultModel:1
[INFO -- 2018-11-30 18:56:41]
Backtrace BEGIN:
#0  Splay (key=493723, root=0x55555578a4d0) at splay.cpp:60
#1  0x0000555555557916 in Insert (key=493723, root=0x5555557d4010) at splay.cpp:145
#2  0x00005555555564bb in main (argc=3, argv=0x7fffffffdfb8) at main.cpp:31

55		 The zig/zag mode would only happen when cannot find key and will reach
56		 null on one side after RR or LL Rotation.
57		 */
58		while(1)
59		{
60			if(key < root->key)
61			{
62				if(!root->lchild)
63					break;
64				if(key < root->lchild->key)

Backtrace END
Memory content before bitflip:0x9b0x880x070x00
Fault Model: Double bit-flip
base address to flip value: 0x7fffffffdbcc
address max offset: 4
Memory content after  bitflip:0x9b0x880x070x44
frame name: Splay
symbol name: key
symbol filename: splay.cpp
symbol line: 43
value: 1141344411
value address: 0x7fffffffdbcc
Type: The type is an integer type.
Type sizeof: 4

[INFO -- 2018-11-30 18:56:41]
Fault Injection Successful after 0.5725808143615723s
[INFO -- 2018-11-30 18:56:41]
event type: exit
[INFO -- 2018-11-30 18:56:41]
exit code: 0
