[INFO -- 2018-10-12 06:48:26]
Starting flip_value script
version: 1.1
[INFO -- 2018-10-12 06:48:26]
Initialization strings:
[INFO -- 2018-10-12 06:48:26]
(1) file /tmp/BTree/main
[INFO -- 2018-10-12 06:48:26]
(2)  set args /tmp/BTree/input_100000 /tmp/BTree/output_100000
[INFO -- 2018-10-12 06:48:26]
initSignal:0
[INFO -- 2018-10-12 06:48:26]
endSignal:2
[INFO -- 2018-10-12 06:48:26]
faultModel:1
[EXCEPTION -- 2018-10-12 06:48:27]
pythonException: empty range for randrange() (0,0, 0)
[EXCEPTION -- 2018-10-12 06:48:27]
pythonException: Unable to exit loop in struct fields; Exiting wihtout making a bit flip
[EXCEPTION -- 2018-10-12 06:48:27]
pythonException: Unable to exit loop in struct fields; Exiting wihtout making a bit flip
[INFO -- 2018-10-12 06:48:27]
event type: exit
[INFO -- 2018-10-12 06:48:27]
exit code: 0
