[INFO -- 2018-12-01 10:49:06]
Starting flip_value script
version: 1.1
[INFO -- 2018-12-01 10:49:06]
Initialization strings:
[INFO -- 2018-12-01 10:49:06]
(1) file /tmp/splay/main
[INFO -- 2018-12-01 10:49:06]
(2) set args /tmp/splay/input_100000 /tmp/splay/output_100000
[INFO -- 2018-12-01 10:49:06]
initSignal:0
[INFO -- 2018-12-01 10:49:06]
endSignal:5
[INFO -- 2018-12-01 10:49:06]
faultModel:1
[INFO -- 2018-12-01 10:49:07]
Backtrace BEGIN:
#0  0x0000555555557ab5 in InOrder (root=0x555555668a90) at splay.cpp:252
#1  0x0000555555557abd in InOrder (root=0x5555557d9930) at splay.cpp:252
#2  0x0000555555557abd in InOrder (root=0x5555557a53b0) at splay.cpp:252
#3  0x0000555555557abd in InOrder (root=0x555555842ad0) at splay.cpp:252
#4  0x0000555555557abd in InOrder (root=0x555555728110) at splay.cpp:252
#5  0x0000555555557abd in InOrder (root=0x5555558727d0) at splay.cpp:252
#6  0x0000555555557abd in InOrder (root=0x55555586c6d0) at splay.cpp:252
#7  0x0000555555557b0d in InOrder (root=0x555555873c50) at splay.cpp:254
#8  0x0000555555557b0d in InOrder (root=0x555555877250) at splay.cpp:254
#9  0x0000555555557b0d in InOrder (root=0x5555556468f0) at splay.cpp:254
#10 0x0000555555557b0d in InOrder (root=0x55555587c810) at splay.cpp:254
#11 0x0000555555557abd in InOrder (root=0x5555555e5690) at splay.cpp:252
#12 0x0000555555557b0d in InOrder (root=0x5555557f4d90) at splay.cpp:254
#13 0x0000555555557b0d in InOrder (root=0x5555555e5370) at splay.cpp:254
#14 0x0000555555557b0d in InOrder (root=0x55555587cd10) at splay.cpp:254
#15 0x0000555555557abd in InOrder (root=0x55555587d030) at splay.cpp:252
#16 0x0000555555557b0d in InOrder (root=0x5555557b8ab0) at splay.cpp:254
#17 0x0000555555557b0d in InOrder (root=0x55555587d630) at splay.cpp:254
#18 0x0000555555557b0d in InOrder (root=0x5555555bde90) at splay.cpp:254
#19 0x0000555555557b0d in InOrder (root=0x55555587d810) at splay.cpp:254
#20 0x0000555555557b0d in InOrder (root=0x5555556accf0) at splay.cpp:254
#21 0x0000555555557b0d in InOrder (root=0x55555587dbd0) at splay.cpp:254
#22 0x0000555555557b0d in InOrder (root=0x55555568bd90) at splay.cpp:254
#23 0x0000555555557b0d in InOrder (root=0x55555587dcb0) at splay.cpp:254
#24 0x0000555555557b0d in InOrder (root=0x555555693810) at splay.cpp:254
#25 0x0000555555557b0d in InOrder (root=0x555555634c10) at splay.cpp:254
#26 0x0000555555557b0d in InOrder (root=0x55555587dcd0) at splay.cpp:254
#27 0x00005555555564fe in main (argc=3, argv=0x7fffffffdfb8) at main.cpp:35

247	
248	void InOrder(splay* root)
249	{
250		if(root)
251		{
252			InOrder(root->lchild);
253			std::cout<<std::bitset<16>(root->key)<<std::endl;
254			InOrder(root->rchild);
255		}
256	}

Backtrace END
Fliping a bit of the pointer
Memory content before bitflip:0xf00x680x640x550x550x550x000x00
Fault Model: Double bit-flip
base address to flip value: 0x7fffffffd8d8
address max offset: 8
Memory content after  bitflip:0xf00x680x640x550x550x550x480x00
frame name: InOrder
symbol name: root
symbol filename: splay.cpp
symbol line: 248
value: 0x5555556468f0
value address: 0x7fffffffd8d8
Type: The type is a pointer.
Type sizeof: 8

[INFO -- 2018-12-01 10:49:07]
Fault Injection Successful after 1.29429292678833s
[INFO -- 2018-12-01 10:49:07]
event type: exit
[INFO -- 2018-12-01 10:49:07]
exit code: 0
