[INFO -- 2018-11-25 21:40:43]
Starting flip_value script
version: 1.1
[INFO -- 2018-11-25 21:40:43]
Initialization strings:
[INFO -- 2018-11-25 21:40:43]
(1) file /tmp/BTree-dup/main
[INFO -- 2018-11-25 21:40:43]
(2)  set args /tmp/BTree-dup/input_100000 /tmp/BTree-dup/output_100000 /tmp/BTree-dup-detection.log /tmp/BTree-dup/output2_100000
[INFO -- 2018-11-25 21:40:43]
initSignal:0
[INFO -- 2018-11-25 21:40:43]
endSignal:2
[INFO -- 2018-11-25 21:40:43]
faultModel:4
[INFO -- 2018-11-25 21:40:43]
Backtrace BEGIN:
#0  malloc (n=12) at dl-minimal.c:50
#1  <function called from gdb>
#2  strcmp () at ../sysdeps/x86_64/strcmp.S:174
#3  0x00007ffff7ddff5f in check_match (num_versions=<synthetic pointer>, versioned_sym=<synthetic pointer>, map=0x7ffff7fe2000, strtab=0x7ffff7a74f00 "", symidx=947, sym=0x7ffff7a59f78, type_class=0, flags=1, version=0x7ffff7fe02a0, ref=0x7ffff7a59f78, undef_name=0x7ffff7a75b08 "_ZTVN10__cxxabiv120__si_class_type_infoE") at dl-lookup.c:121
#4  do_lookup_x (undef_name=undef_name@entry=0x7ffff7a75b08 "_ZTVN10__cxxabiv120__si_class_type_infoE", new_hash=new_hash@entry=3317523357, old_hash=old_hash@entry=0x7fffffffd9a0, ref=0x7ffff7a59f78, result=result@entry=0x7fffffffd9b0, scope=<optimized out>, i=<optimized out>, version=0x7ffff7fe02a0, flags=1, skip=0x0, type_class=0, undef_map=0x7ffff7fe2000) at dl-lookup.c:406
#5  0x00007ffff7de01ef in _dl_lookup_symbol_x (undef_name=0x7ffff7a75b08 "_ZTVN10__cxxabiv120__si_class_type_infoE", undef_map=undef_map@entry=0x7ffff7fe2000, ref=ref@entry=0x7fffffffdad0, symbol_scope=symbol_scope@entry=0x7ffff7fe2358, version=0x7ffff7fe02a0, type_class=0, flags=1, skip_map=<optimized out>) at dl-lookup.c:813
#6  0x00007ffff7de1af9 in elf_machine_rela (skip_ifunc=<optimized out>, reloc_addr_arg=0x7ffff7dc6468, version=<optimized out>, sym=<optimized out>, reloc=0x7ffff7abdcf8, map=0x7ffff7fe2000) at ../sysdeps/x86_64/dl-machine.h:308
#7  elf_dynamic_do_Rela (skip_ifunc=<optimized out>, lazy=<optimized out>, nrelative=<optimized out>, relsize=<optimized out>, reladdr=<optimized out>, map=0x7ffff7fe2000) at do-rel.h:137
#8  _dl_relocate_object (scope=<optimized out>, reloc_mode=<optimized out>, consider_profiling=<optimized out>, consider_profiling@entry=0) at dl-reloc.c:258
#9  0x00007ffff7dd9307 in dl_main (phdr=<optimized out>, phnum=<optimized out>, user_entry=<optimized out>, auxv=<optimized out>) at rtld.c:2190
#10 0x00007ffff7defdd0 in _dl_sysdep_start (start_argptr=start_argptr@entry=0x7fffffffde60, dl_main=dl_main@entry=0x7ffff7dd7660 <dl_main>) at ../elf/dl-sysdep.c:253
#11 0x00007ffff7dd7128 in _dl_start_final (arg=0x7fffffffde60) at rtld.c:414
#12 _dl_start (arg=0x7fffffffde60) at rtld.c:521
#13 0x00007ffff7dd6098 in _start () from /lib64/ld-linux-x86-64.so.2
#14 0x0000000000000005 in ?? ()
#15 0x00007fffffffe216 in ?? ()
#16 0x00007fffffffe22a in ?? ()
#17 0x00007fffffffe246 in ?? ()
#18 0x00007fffffffe263 in ?? ()
#19 0x00007fffffffe280 in ?? ()
#20 0x0000000000000000 in ?? ()

45	dl-minimal.c: Arquivo ou diretório inexistente.

Backtrace END
Fliping a bit of the value pointed by a pointer
Fliping value of field: s
Fliping a bit of the pointer
Memory content before bitflip:0x000x000x000x000x000x000x000x00
Fault Model: LSB bit-flip
base address to flip value: 0x7fffffffd9b0
address max offset: 8
Memory content after  bitflip:0x000x000x000x000x000x000x000x40
frame name: check_match
symbol name: result
symbol filename: dl-lookup.c
symbol line: 335
value: 0x7fffffffd9b0
value address: 0x7fffffffd8b0
Type: The type is a pointer.
Type sizeof: 8

[INFO -- 2018-11-25 21:40:44]
Fault Injection Successful after 1.0001499652862549s
[INFO -- 2018-11-25 21:40:46]
event type: exit
[INFO -- 2018-11-25 21:40:46]
exit code: 0
