[INFO -- 2018-11-25 16:02:28]
Starting flip_value script
version: 1.1
[INFO -- 2018-11-25 16:02:28]
Initialization strings:
[INFO -- 2018-11-25 16:02:28]
(1) file /tmp/BTree-dup/main
[INFO -- 2018-11-25 16:02:28]
(2)  set args /tmp/BTree-dup/input_100000 /tmp/BTree-dup/output_100000 /tmp/BTree-dup-detection.log /tmp/BTree-dup/output2_100000
[INFO -- 2018-11-25 16:02:28]
initSignal:0
[INFO -- 2018-11-25 16:02:28]
endSignal:2
[INFO -- 2018-11-25 16:02:28]
faultModel:2
[INFO -- 2018-11-25 16:02:28]
Backtrace BEGIN:
#0  0x0000555555556bdb in runner (input=0x7fffffffe22a "/tmp/BTree-dup/input_100000") at BTree_dup.cpp:663
#1  0x0000555555556f51 in main (argc=5, argv=0x7fffffffde68) at BTree_dup.cpp:711

658	    ifstream is(input);
659	    istream_iterator<int> start(is), end;
660	    vector<int> v_nodes(start, end);
661	
662	    //insere na arvore
663	    for(int i = 0; i < v_nodes.size(); i++)
664	        bTree.insert(v_nodes[i]);
665	
666	    return bTree;
667	}

Backtrace END
Fliping a bit of the value pointed by a pointer
Fliping a bit of the pointer
Memory content before bitflip:0x160xe20xff0xff0xff0x7f0x000x00
Fault Model: Random bit-flip
base address to flip value: 0x7fffffffde68
address max offset: 8
Memory content after  bitflip:0x870xf10x150x390x7b0x990xf60x2f
frame name: main
symbol name: argv
symbol filename: BTree_dup.cpp
symbol line: 691
value: 0x7fffffffde68
value address: 0x7fffffffdd10
Type: The type is a pointer.
Type sizeof: 8

[INFO -- 2018-11-25 16:02:28]
Fault Injection Successful after 0.997417688369751s
[INFO -- 2018-11-25 16:02:30]
event type: exit
[INFO -- 2018-11-25 16:02:30]
exit code: 0
