[INFO -- 2018-11-26 00:07:14]
Starting flip_value script
version: 1.1
[INFO -- 2018-11-26 00:07:14]
Initialization strings:
[INFO -- 2018-11-26 00:07:14]
(1) file /tmp/BTree-dup/main
[INFO -- 2018-11-26 00:07:14]
(2)  set args /tmp/BTree-dup/input_100000 /tmp/BTree-dup/output_100000 /tmp/BTree-dup-detection.log /tmp/BTree-dup/output2_100000
[INFO -- 2018-11-26 00:07:14]
initSignal:0
[INFO -- 2018-11-26 00:07:14]
endSignal:2
[INFO -- 2018-11-26 00:07:14]
faultModel:1
[INFO -- 2018-11-26 00:07:15]
Backtrace BEGIN:
#0  0x000055555555663b in BTreeNode::insertNonFull (this=0x555555815c40, k=3746685) at BTree_dup.cpp:537
#1  0x0000555555556478 in BTree::insert (this=0x7fffffffda50, k=3746685) at BTree_dup.cpp:489
#2  0x0000555555556c25 in runner (input=0x7fffffffe22a "/tmp/BTree-dup/input_100000") at BTree_dup.cpp:664
#3  0x0000555555556f51 in main (argc=5, argv=0x7fffffffde68) at BTree_dup.cpp:711

532				if (keys[i+1] < k)
533					i++;
534			}
535			C[i+1]->insertNonFull(k);
536		}
537	}
538	
539	// A utility function to split the child y of this node
540	// Note that y must be full when this function is called
541	void BTreeNode::splitChild(int i, BTreeNode *y)

Backtrace END
Fliping a bit of the value pointed by a pointer
Memory content before bitflip:0x2f
Fault Model: Double bit-flip
base address to flip value: 0x7fffffffe22a 
address max offset: 1
Memory content after  bitflip:0x37
frame name: runner
symbol name: input
symbol filename: BTree_dup.cpp
symbol line: 653
value: 0x7fffffffe22a "7tmp/BTree-dup/input_100000"
value address: 0x7fffffffda38
Type: The type is a pointer.
Type sizeof: 8

[INFO -- 2018-11-26 00:07:15]
Fault Injection Successful after 1.6134095191955566s
[INFO -- 2018-11-26 00:07:18]
event type: exit
[INFO -- 2018-11-26 00:07:18]
exit code: 0
