[INFO -- 2018-11-30 22:32:02]
Starting flip_value script
version: 1.1
[INFO -- 2018-11-30 22:32:02]
Initialization strings:
[INFO -- 2018-11-30 22:32:02]
(1) file /tmp/splay/main
[INFO -- 2018-11-30 22:32:02]
(2) set args /tmp/splay/input_100000 /tmp/splay/output_100000
[INFO -- 2018-11-30 22:32:02]
initSignal:0
[INFO -- 2018-11-30 22:32:02]
endSignal:5
[INFO -- 2018-11-30 22:32:02]
faultModel:0
[EXCEPTION -- 2018-11-30 22:32:02]
pythonException: Unable to exit loop in struct fields; Exiting wihtout making a bit flip
[INFO -- 2018-11-30 22:32:02]
Backtrace BEGIN:
#0  __strcmp_avx2 () at ../sysdeps/x86_64/multiarch/strcmp-avx2.S:93
#1  0x00007ffff7ec3750 in __cxxabiv1::__vmi_class_type_info::__do_dyncast(long, __cxxabiv1::__class_type_info::__sub_kind, __cxxabiv1::__class_type_info const*, void const*, __cxxabiv1::__class_type_info const*, void const*, __cxxabiv1::__class_type_info::__dyncast_result&) const () from /usr/lib/x86_64-linux-gnu/libstdc++.so.6
#2  0x00007ffff7ec0456 in __dynamic_cast () from /usr/lib/x86_64-linux-gnu/libstdc++.so.6
#3  0x00007ffff7f333fb in std::ctype<char> const& std::use_facet<std::ctype<char> >(std::locale const&) () from /usr/lib/x86_64-linux-gnu/libstdc++.so.6
#4  0x0000555555557da3 in std::operator<< <char, std::char_traits<char>, 16ul> (__os=..., __x=std::bitset = {...}) at /usr/include/c++/8/bitset:1541
#5  0x0000555555557ae8 in InOrder (root=0x5555556284d0) at splay.cpp:253
#6  0x0000555555557b0d in InOrder (root=0x5555556b9450) at splay.cpp:254
#7  0x0000555555557b0d in InOrder (root=0x5555555fe450) at splay.cpp:254
#8  0x0000555555557abd in InOrder (root=0x55555559fc70) at splay.cpp:252
#9  0x0000555555557abd in InOrder (root=0x5555557fc1b0) at splay.cpp:252
#10 0x0000555555557abd in InOrder (root=0x5555557a4670) at splay.cpp:252
#11 0x0000555555557b0d in InOrder (root=0x55555580c290) at splay.cpp:254
#12 0x0000555555557abd in InOrder (root=0x55555582e110) at splay.cpp:252
#13 0x0000555555557abd in InOrder (root=0x5555555cbbb0) at splay.cpp:252
#14 0x0000555555557b0d in InOrder (root=0x5555558440d0) at splay.cpp:254
#15 0x0000555555557b0d in InOrder (root=0x555555851c50) at splay.cpp:254
#16 0x0000555555557abd in InOrder (root=0x5555558150f0) at splay.cpp:252
#17 0x0000555555557b0d in InOrder (root=0x555555872530) at splay.cpp:254
#18 0x0000555555557abd in InOrder (root=0x555555642b70) at splay.cpp:252
#19 0x0000555555557b0d in InOrder (root=0x55555574a890) at splay.cpp:254
#20 0x0000555555557abd in InOrder (root=0x555555878dd0) at splay.cpp:252
#21 0x0000555555557b0d in InOrder (root=0x5555555a32d0) at splay.cpp:254
#22 0x0000555555557b0d in InOrder (root=0x55555587c430) at splay.cpp:254
#23 0x0000555555557b0d in InOrder (root=0x55555587d1d0) at splay.cpp:254
#24 0x0000555555557b0d in InOrder (root=0x5555556488d0) at splay.cpp:254
#25 0x0000555555557abd in InOrder (root=0x55555587d810) at splay.cpp:252
#26 0x0000555555557b0d in InOrder (root=0x5555556accf0) at splay.cpp:254
#27 0x0000555555557b0d in InOrder (root=0x55555587dbd0) at splay.cpp:254
#28 0x0000555555557b0d in InOrder (root=0x55555568bd90) at splay.cpp:254
#29 0x0000555555557b0d in InOrder (root=0x55555587dcb0) at splay.cpp:254
#30 0x0000555555557b0d in InOrder (root=0x555555693810) at splay.cpp:254
#31 0x0000555555557b0d in InOrder (root=0x555555634c10) at splay.cpp:254
#32 0x0000555555557b0d in InOrder (root=0x55555587dcd0) at splay.cpp:254
#33 0x00005555555564fe in main (argc=3, argv=0x7fffffffdfb8) at main.cpp:35

88	in ../sysdeps/x86_64/multiarch/strcmp-avx2.S

Backtrace END
Fliping a bit of the pointer
Memory content before bitflip:0xb00xdc0x870x550x550x550x000x00
Fault Model: Single bit-flip
base address to flip value: 0x7fffffffdb78
address max offset: 8
Memory content after  bitflip:0xb00xdc0x870x550x540x550x000x00
frame name: InOrder
symbol name: root
symbol filename: splay.cpp
symbol line: 248
value: 0x55555587dcb0
value address: 0x7fffffffdb78
Type: The type is a pointer.
Type sizeof: 8

[INFO -- 2018-11-30 22:32:02]
Fault Injection Successful after 0.8168015480041504s
[INFO -- 2018-11-30 22:32:02]
event type: exit
[INFO -- 2018-11-30 22:32:02]
exit code: 0
