[INFO -- 2018-11-25 20:48:10]
Starting flip_value script
version: 1.1
[INFO -- 2018-11-25 20:48:10]
Initialization strings:
[INFO -- 2018-11-25 20:48:10]
(1) file /tmp/BTree-dup/main
[INFO -- 2018-11-25 20:48:10]
(2)  set args /tmp/BTree-dup/input_100000 /tmp/BTree-dup/output_100000 /tmp/BTree-dup-detection.log /tmp/BTree-dup/output2_100000
[INFO -- 2018-11-25 20:48:10]
initSignal:0
[INFO -- 2018-11-25 20:48:10]
endSignal:2
[INFO -- 2018-11-25 20:48:10]
faultModel:0
[INFO -- 2018-11-25 20:48:12]
Backtrace BEGIN:
#0  0x000055555555768e in std::bitset<16ul>::_M_copy_to_string<char, std::char_traits<char>, std::allocator<char> > (this=0x7fffffffdac0, __s="1010101000000000", __zero=48 '0', __one=49 '1') at /usr/include/c++/7/bitset:1410
#1  0x00005555555573d7 in std::operator<< <char, std::char_traits<char>, 16ul> (__os=..., __x=std::bitset = {...}) at /usr/include/c++/7/bitset:1538
#2  0x0000555555556912 in BTreeNode::traverse (this=0x555555e7a1d0) at BTree_dup.cpp:594
#3  0x00005555555568d7 in BTreeNode::traverse (this=0x555555e537a0) at BTree_dup.cpp:593
#4  0x00005555555568d7 in BTreeNode::traverse (this=0x555555d5b460) at BTree_dup.cpp:593
#5  0x00005555555568d7 in BTreeNode::traverse (this=0x555555ef66d0) at BTree_dup.cpp:593
#6  0x00005555555568d7 in BTreeNode::traverse (this=0x555555fbe140) at BTree_dup.cpp:593
#7  0x00005555555568d7 in BTreeNode::traverse (this=0x555555bca630) at BTree_dup.cpp:593
#8  0x00005555555568d7 in BTreeNode::traverse (this=0x555555bee480) at BTree_dup.cpp:593
#9  0x00005555555568d7 in BTreeNode::traverse (this=0x555555ce1f30) at BTree_dup.cpp:593
#10 0x00005555555568d7 in BTreeNode::traverse (this=0x555555ef6e20) at BTree_dup.cpp:593
#11 0x00005555555572bb in BTree::traverse (this=0x7fffffffdd50) at BTree_dup.cpp:139
#12 0x0000555555556ff9 in main (argc=5, argv=0x7fffffffde68) at BTree_dup.cpp:725

1405				_CharT __zero, _CharT __one) const
1406	      {
1407		__s.assign(_Nb, __zero);
1408		for (size_t __i = _Nb; __i > 0; --__i)
1409		  if (_Unchecked_test(__i - 1))
1410		    _Traits::assign(__s[_Nb - __i], __one);
1411	      }
1412	
1413	  // 23.3.5.3 bitset operations:
1414	  //@{

Backtrace END
Fliping value of field: _M_string_length
Memory content before bitflip:0x100x000x000x000x000x000x000x00
Fault Model: Single bit-flip
base address to flip value: 0x7fffffffda58
address max offset: 8
Memory content after  bitflip:0x100x000x000x000x000x200x000x00
frame name: std::operator<< <char, std::char_traits<char>, 16ul>
symbol name: __tmp
symbol filename: /usr/include/c++/7/bitset
symbol line: 1533
value: "1010101000000000"
value address: 0x7fffffffda50
Type: The type is a structure.
Type sizeof: 32
Field name: npos
Field Type: The type is an integer type.
Field Type sizeof: 8
Field name: _M_dataplus
Field Type: The type is a structure.
Field Type sizeof: 8
Field name: _M_string_length
Field Type: The type is an integer type.
Field Type sizeof: 8
Field name: None
Field Type: The type is a union.
Field Type sizeof: 16

[INFO -- 2018-11-25 20:48:12]
Fault Injection Successful after 2.593050718307495s
[INFO -- 2018-11-25 20:48:15]
event type: exit
[INFO -- 2018-11-25 20:48:15]
exit code: 0
