[INFO -- 2018-11-25 22:03:21]
Starting flip_value script
version: 1.1
[INFO -- 2018-11-25 22:03:21]
Initialization strings:
[INFO -- 2018-11-25 22:03:21]
(1) file /tmp/BTree-dup/main
[INFO -- 2018-11-25 22:03:21]
(2)  set args /tmp/BTree-dup/input_100000 /tmp/BTree-dup/output_100000 /tmp/BTree-dup-detection.log /tmp/BTree-dup/output2_100000
[INFO -- 2018-11-25 22:03:21]
initSignal:0
[INFO -- 2018-11-25 22:03:21]
endSignal:2
[INFO -- 2018-11-25 22:03:21]
faultModel:2
[EXCEPTION -- 2018-11-25 22:03:23]
pythonException: Unable to exit loop in struct fields; Exiting wihtout making a bit flip
[INFO -- 2018-11-25 22:03:23]
Backtrace BEGIN:
#0  0x0000555555556592 in BTreeNode::insertNonFull (this=0x555555ce1f30, k=3335061) at BTree_dup.cpp:524
#1  0x0000555555556478 in BTree::insert (this=0x7fffffffda50, k=3335061) at BTree_dup.cpp:489
#2  0x0000555555556c25 in runner (input=0x7fffffffe22a "/tmp/BTree-dup/input_100000") at BTree_dup.cpp:664
#3  0x0000555555556f7a in main (argc=5, argv=0x7fffffffde68) at BTree_dup.cpp:712

519			// Find the child which is going to have the new key
520			while (i >= 0 && keys[i] > k)
521				i--;
522	
523			// See if the found child is full
524			if (C[i+1]->n == 2*t-1)
525			{
526				// If the child is full, then split it
527				splitChild(i+1, C[i+1]);
528	

Backtrace END
Fliping value of field: t
Memory content before bitflip:0x030x000x000x00
Fault Model: Random bit-flip
base address to flip value: 0x7fffffffda58
address max offset: 4
Memory content after  bitflip:0x0c0xac0xae0x69
frame name: runner
symbol name: bTree
symbol filename: BTree_dup.cpp
symbol line: 655
value: {root = 0x555555ce1f30, t = 1773054988}
value address: 0x7fffffffda50
Type: The type is a structure.
Type sizeof: 16
Field name: root
Field Type: The type is a pointer.
Field Type sizeof: 8
Field name: t
Field Type: The type is an integer type.
Field Type sizeof: 4

[INFO -- 2018-11-25 22:03:23]
Fault Injection Successful after 2.297612428665161s
[INFO -- 2018-11-25 22:03:24]
event type: exit
[INFO -- 2018-11-25 22:03:24]
exit code: 0
