[INFO -- 2018-12-01 03:18:08]
Starting flip_value script
version: 1.1
[INFO -- 2018-12-01 03:18:08]
Initialization strings:
[INFO -- 2018-12-01 03:18:08]
(1) file /tmp/splay/main
[INFO -- 2018-12-01 03:18:08]
(2) set args /tmp/splay/input_100000 /tmp/splay/output_100000
[INFO -- 2018-12-01 03:18:08]
initSignal:0
[INFO -- 2018-12-01 03:18:08]
endSignal:5
[INFO -- 2018-12-01 03:18:08]
faultModel:1
[INFO -- 2018-12-01 03:18:09]
Backtrace BEGIN:
#0  Splay (key=1990532, root=0x5555557c6430) at splay.cpp:83
#1  0x0000555555557916 in Insert (key=1990532, root=0x5555557d7a70) at splay.cpp:145
#2  0x00005555555564bb in main (argc=3, argv=0x7fffffffdfb8) at main.cpp:31

78			}
79			else if(key > root->key)
80			{
81				if(!root->rchild)
82					break;
83				if(key > root->rchild->key)
84				{
85					root = LL_Rotate(root);/* only zag-zag mode need to rotate once,
86											  because zag-zig mode is handled as zag
87											  mode, which doesn't require rotate, 

Backtrace END
Memory content before bitflip:0x840x5f0x1e0x00
Fault Model: Double bit-flip
base address to flip value: 0x7fffffffdbcc
address max offset: 4
Memory content after  bitflip:0x840x5f0x8e0x00
frame name: Splay
symbol name: key
symbol filename: splay.cpp
symbol line: 43
value: 9330564
value address: 0x7fffffffdbcc
Type: The type is an integer type.
Type sizeof: 4

[INFO -- 2018-12-01 03:18:09]
Fault Injection Successful after 1.3208870887756348s
[INFO -- 2018-12-01 03:18:09]
event type: exit
[INFO -- 2018-12-01 03:18:09]
exit code: 0
