[INFO -- 2018-12-01 08:26:33]
Starting flip_value script
version: 1.1
[INFO -- 2018-12-01 08:26:33]
Initialization strings:
[INFO -- 2018-12-01 08:26:33]
(1) file /tmp/splay/main
[INFO -- 2018-12-01 08:26:33]
(2) set args /tmp/splay/input_100000 /tmp/splay/output_100000
[INFO -- 2018-12-01 08:26:33]
initSignal:0
[INFO -- 2018-12-01 08:26:33]
endSignal:5
[INFO -- 2018-12-01 08:26:33]
faultModel:3
[INFO -- 2018-12-01 08:26:33]
Backtrace BEGIN:
#0  0x00007ffff7d34fd4 in __GI___libc_write (fd=1, buf=0x55555587dcf0, nbytes=17) at ../sysdeps/unix/sysv/linux/write.c:26
#1  0x00007ffff7cb633d in _IO_new_file_write (f=0x7ffff7e10760 <_IO_2_1_stdout_>, data=0x55555587dcf0, n=17) at fileops.c:1183
#2  0x00007ffff7cb7a71 in new_do_write (to_do=17, data=0x55555587dcf0 "1000000000011000\n", fp=0x7ffff7e10760 <_IO_2_1_stdout_>) at libioP.h:839
#3  _IO_new_do_write (fp=0x7ffff7e10760 <_IO_2_1_stdout_>, data=0x55555587dcf0 "1000000000011000\n", to_do=17) at fileops.c:433
#4  0x00007ffff7cb56f8 in _IO_new_file_sync (fp=0x7ffff7e10760 <_IO_2_1_stdout_>) at fileops.c:819
#5  0x00007ffff7caa32d in __GI__IO_fflush (fp=0x7ffff7e10760 <_IO_2_1_stdout_>) at libioP.h:839
#6  0x00007ffff7f4201e in std::ostream::flush() () from /usr/lib/x86_64-linux-gnu/libstdc++.so.6
#7  0x0000555555557afd in InOrder (root=0x55555558da50) at splay.cpp:253
#8  0x0000555555557abd in InOrder (root=0x5555555dca70) at splay.cpp:252
#9  0x0000555555557abd in InOrder (root=0x5555557a8c70) at splay.cpp:252
#10 0x0000555555557abd in InOrder (root=0x5555557e08d0) at splay.cpp:252
#11 0x0000555555557abd in InOrder (root=0x55555563e490) at splay.cpp:252
#12 0x0000555555557abd in InOrder (root=0x55555576bbf0) at splay.cpp:252
#13 0x0000555555557b0d in InOrder (root=0x5555557e9950) at splay.cpp:254
#14 0x0000555555557b0d in InOrder (root=0x55555562b3d0) at splay.cpp:254
#15 0x0000555555557b0d in InOrder (root=0x55555559a090) at splay.cpp:254
#16 0x0000555555557abd in InOrder (root=0x555555696e10) at splay.cpp:252
#17 0x0000555555557abd in InOrder (root=0x555555858b70) at splay.cpp:252
#18 0x0000555555557b0d in InOrder (root=0x55555570c070) at splay.cpp:254
#19 0x0000555555557b0d in InOrder (root=0x555555861050) at splay.cpp:254
#20 0x0000555555557abd in InOrder (root=0x5555555b65d0) at splay.cpp:252
#21 0x0000555555557abd in InOrder (root=0x55555586b7f0) at splay.cpp:252
#22 0x0000555555557abd in InOrder (root=0x5555557f7e50) at splay.cpp:252
#23 0x0000555555557b0d in InOrder (root=0x555555872430) at splay.cpp:254
#24 0x0000555555557b0d in InOrder (root=0x55555570a710) at splay.cpp:254
#25 0x0000555555557abd in InOrder (root=0x55555559a4d0) at splay.cpp:252
#26 0x0000555555557abd in InOrder (root=0x5555556cc9d0) at splay.cpp:252
#27 0x0000555555557abd in InOrder (root=0x55555587bb90) at splay.cpp:252
#28 0x0000555555557abd in InOrder (root=0x5555557dc430) at splay.cpp:252
#29 0x0000555555557b0d in InOrder (root=0x55555587d010) at splay.cpp:254
#30 0x0000555555557b0d in InOrder (root=0x5555556ee650) at splay.cpp:254
#31 0x0000555555557b0d in InOrder (root=0x5555555b0770) at splay.cpp:254
#32 0x0000555555557abd in InOrder (root=0x55555587dad0) at splay.cpp:252
#33 0x0000555555557abd in InOrder (root=0x55555587d8d0) at splay.cpp:252
#34 0x0000555555557b0d in InOrder (root=0x5555557cfed0) at splay.cpp:254
#35 0x0000555555557b0d in InOrder (root=0x555555774190) at splay.cpp:254
#36 0x0000555555557b0d in InOrder (root=0x555555774870) at splay.cpp:254
#37 0x0000555555557abd in InOrder (root=0x55555587dcb0) at splay.cpp:252
#38 0x0000555555557b0d in InOrder (root=0x555555693810) at splay.cpp:254
#39 0x0000555555557b0d in InOrder (root=0x555555634c10) at splay.cpp:254
#40 0x0000555555557b0d in InOrder (root=0x55555587dcd0) at splay.cpp:254
#41 0x00005555555564fe in main (argc=3, argv=0x7fffffffdfb8) at main.cpp:35

21	in ../sysdeps/unix/sysv/linux/write.c

Backtrace END
Fliping a bit of the value pointed by a pointer
Fliping value of field: key
Memory content before bitflip:0x290x7c0x2b0x00
Fault Model: Zero bit-flip
base address to flip value: 0x555555774190
address max offset: 4
Memory content after  bitflip:0x000x000x000x00
frame name: InOrder
symbol name: root
symbol filename: splay.cpp
symbol line: 248
value: 0x555555774190
value address: 0x7fffffffdb18
Type: The type is a pointer.
Type sizeof: 8

[INFO -- 2018-12-01 08:26:33]
Fault Injection Successful after 0.7984280586242676s
[INFO -- 2018-12-01 08:26:33]
event type: exit
[INFO -- 2018-12-01 08:26:33]
exit code: 0
