[INFO -- 2018-10-12 03:47:43]
Starting flip_value script
version: 1.1
[INFO -- 2018-10-12 03:47:43]
Initialization strings:
[INFO -- 2018-10-12 03:47:43]
(1) file /tmp/BTree/main
[INFO -- 2018-10-12 03:47:43]
(2)  set args /tmp/BTree/input_100000 /tmp/BTree/output_100000
[INFO -- 2018-10-12 03:47:43]
initSignal:0
[INFO -- 2018-10-12 03:47:43]
endSignal:2
[INFO -- 2018-10-12 03:47:43]
faultModel:3
[INFO -- 2018-10-12 03:47:43]
Backtrace BEGIN:
#0  0x0000555555556350 in BTreeNode::traverse (this=0x555555873d20) at BTree.cpp:590
#1  0x0000555555556377 in BTreeNode::traverse (this=0x555555873ed0) at BTree.cpp:591
#2  0x00005555555563ff in BTreeNode::traverse (this=0x555555873f60) at BTree.cpp:597
#3  0x00005555555563ff in BTreeNode::traverse (this=0x555555873ff0) at BTree.cpp:597
#4  0x0000555555556377 in BTreeNode::traverse (this=0x555555876f30) at BTree.cpp:591
#5  0x0000555555556377 in BTreeNode::traverse (this=0x55555587fea0) at BTree.cpp:591
#6  0x00005555555563ff in BTreeNode::traverse (this=0x55555587ff30) at BTree.cpp:597
#7  0x00005555555563ff in BTreeNode::traverse (this=0x555555858540) at BTree.cpp:597
#8  0x00005555555563ff in BTreeNode::traverse (this=0x5555558584b0) at BTree.cpp:597
#9  0x0000555555556851 in BTree::traverse (this=0x7fffffffddc0) at BTree.cpp:137
#10 0x0000555555556630 in main (argc=3, argv=0x7fffffffded8) at BTree.cpp:668

585		int i;
586		for (i = 0; i < n; i++)
587		{
588			// If this is not leaf, then before printing key[i],
589			// traverse the subtree rooted with child C[i].
590			if (leaf == false)
591				C[i]->traverse();
592			cout << std::bitset<16>(keys[i]) << endl;
593		}
594	

Backtrace END
Memory content before bitflip:0x000x000x000x00
Fault Model: Zero bit-flip
base address to flip value: 0x7fffffffdb9c
address max offset: 4
Memory content after  bitflip:0x000x000x000x00
frame name: BTreeNode::traverse
symbol name: i
symbol filename: BTree.cpp
symbol line: 585
value: 0
value address: 0x7fffffffdb9c
Type: The type is an integer type.
Type sizeof: 4

[INFO -- 2018-10-12 03:47:43]
Fault Injection Successful after 0.8185439109802246s
[INFO -- 2018-10-12 03:47:43]
event type: exit
[INFO -- 2018-10-12 03:47:43]
exit code: 0
