[INFO -- 2018-12-01 04:32:49]
Starting flip_value script
version: 1.1
[INFO -- 2018-12-01 04:32:49]
Initialization strings:
[INFO -- 2018-12-01 04:32:49]
(1) file /tmp/splay/main
[INFO -- 2018-12-01 04:32:49]
(2) set args /tmp/splay/input_100000 /tmp/splay/output_100000
[INFO -- 2018-12-01 04:32:49]
initSignal:0
[INFO -- 2018-12-01 04:32:49]
endSignal:5
[INFO -- 2018-12-01 04:32:49]
faultModel:2
[EXCEPTION -- 2018-12-01 04:32:49]
pythonException: Unable to exit loop in struct fields; Exiting wihtout making a bit flip
[EXCEPTION -- 2018-12-01 04:32:49]
pythonException: Unable to exit loop in struct fields; Exiting wihtout making a bit flip
[INFO -- 2018-12-01 04:32:50]
event type: exit
[INFO -- 2018-12-01 04:32:50]
exit code: 0
