[INFO -- 2018-10-16 20:53:34]
Starting flip_value script
version: 1.1
[INFO -- 2018-10-16 20:53:34]
Initialization strings:
[INFO -- 2018-10-16 20:53:34]
(1) file /tmp/RBTree/main
[INFO -- 2018-10-16 20:53:34]
(2) set args  /tmp/RBTree/input_ /tmp/RBTree/output_
[INFO -- 2018-10-16 20:53:34]
initSignal:0
[INFO -- 2018-10-16 20:53:34]
endSignal:2
[INFO -- 2018-10-16 20:53:34]
faultModel:4
[EXCEPTION -- 2018-10-16 20:53:34]
pythonException: empty range for randrange() (0,0, 0)
[INFO -- 2018-10-16 20:53:34]
Backtrace BEGIN:
#0  0x000055555555831d in std::operator<< <char, std::char_traits<char>, 3ul> (__os=..., __x=std::bitset = {...}) at /usr/include/c++/7/bitset:1533
#1  0x00005555555577d5 in RBTree::inorderBST (this=0x7fffffffdc00, ptr=@0x555555795bb8: 0x55555579f210) at RBTree.cpp:276
#2  0x000055555555776a in RBTree::inorderBST (this=0x7fffffffdc00, ptr=@0x5555557f49e8: 0x555555795bb0) at RBTree.cpp:271
#3  0x000055555555776a in RBTree::inorderBST (this=0x7fffffffdc00, ptr=@0x555555776930: 0x5555557f49e0) at RBTree.cpp:271
#4  0x0000555555557804 in RBTree::inorderBST (this=0x7fffffffdc00, ptr=@0x5555557b1190: 0x555555776920) at RBTree.cpp:279
#5  0x0000555555557804 in RBTree::inorderBST (this=0x7fffffffdc00, ptr=@0x5555557805e8: 0x5555557b1180) at RBTree.cpp:279
#6  0x000055555555776a in RBTree::inorderBST (this=0x7fffffffdc00, ptr=@0x555555775520: 0x5555557805e0) at RBTree.cpp:271
#7  0x0000555555557804 in RBTree::inorderBST (this=0x7fffffffdc00, ptr=@0x555555776060: 0x555555775510) at RBTree.cpp:279
#8  0x0000555555557804 in RBTree::inorderBST (this=0x7fffffffdc00, ptr=@0x55555576fde8: 0x555555776050) at RBTree.cpp:279
#9  0x000055555555776a in RBTree::inorderBST (this=0x7fffffffdc00, ptr=@0x555555771710: 0x55555576fde0) at RBTree.cpp:271
#10 0x0000555555557804 in RBTree::inorderBST (this=0x7fffffffdc00, ptr=@0x55555576fe80: 0x555555771700) at RBTree.cpp:279
#11 0x0000555555557804 in RBTree::inorderBST (this=0x7fffffffdc00, ptr=@0x555555771a38: 0x55555576fe70) at RBTree.cpp:279
#12 0x000055555555776a in RBTree::inorderBST (this=0x7fffffffdc00, ptr=@0x55555576fa60: 0x555555771a30) at RBTree.cpp:271
#13 0x0000555555557804 in RBTree::inorderBST (this=0x7fffffffdc00, ptr=@0x7fffffffdc00: 0x55555576fa50) at RBTree.cpp:279
#14 0x0000555555557841 in RBTree::inorder (this=0x7fffffffdc00) at RBTree.cpp:283
#15 0x000055555555564c in main (argc=3, argv=0x7fffffffdf38) at main.cpp:58

1528	  template <class _CharT, class _Traits, size_t _Nb>
1529	    std::basic_ostream<_CharT, _Traits>&
1530	    operator<<(std::basic_ostream<_CharT, _Traits>& __os,
1531		       const bitset<_Nb>& __x)
1532	    {
1533	      std::basic_string<_CharT, _Traits> __tmp;
1534	
1535	      // _GLIBCXX_RESOLVE_LIB_DEFECTS
1536	      // 396. what are characters zero and one.
1537	      const ctype<_CharT>& __ct = use_facet<ctype<_CharT> >(__os.getloc());

Backtrace END
Fliping a bit of the pointer
Memory content before bitflip:0x000xdc0xff0xff0xff0x7f0x000x00
Fault Model: LSB bit-flip
base address to flip value: 0x7fffffffda88
address max offset: 8
Memory content after  bitflip:0x000xdc0xff0xff0xff0x7f0x000x04
frame name: RBTree::inorderBST
symbol name: this
symbol filename: RBTree.cpp
symbol line: 0
value: 0x7fffffffdc00
value address: 0x7fffffffda88
Type: The type is a pointer.
Type sizeof: 8

[INFO -- 2018-10-16 20:53:34]
Fault Injection Successful after 0.6428463459014893s
[INFO -- 2018-10-16 20:53:34]
event type: exit
[INFO -- 2018-10-16 20:53:34]
exit code: 0
