[INFO -- 2018-12-09 16:03:18]
Starting flip_value script
version: 1.1
[INFO -- 2018-12-09 16:03:18]
Initialization strings:
[INFO -- 2018-12-09 16:03:18]
(1) file /tmp/RBTree-dup/main_dup
[INFO -- 2018-12-09 16:03:18]
(2)  set args /tmp/RBTree-dup/input_100000 /tmp/RBTree-dup/output_100000 /tmp/RBTree-dup/RBTree-dup-detection.log tmp/RBTree-dup/output2_100000
[INFO -- 2018-12-09 16:03:18]
initSignal:0
[INFO -- 2018-12-09 16:03:18]
endSignal:2
[INFO -- 2018-12-09 16:03:18]
faultModel:4
[INFO -- 2018-12-09 16:03:18]
Backtrace BEGIN:
#0  strcmp () at ../sysdeps/x86_64/strcmp.S:144
#1  0x00007ffff7de6754 in _dl_name_match_p (name=0x7ffff76192eb "ld-linux-x86-64.so.2", map=map@entry=0x7ffff7fd6a00) at dl-misc.c:289
#2  0x00007ffff7ddf34c in do_lookup_x (undef_name=undef_name@entry=0x7ffff7617fb4 "_rtld_global", new_hash=new_hash@entry=2990309482, old_hash=old_hash@entry=0x7fffffffd9d0, ref=0x7ffff7616728, result=result@entry=0x7fffffffd9e0, scope=<optimized out>, i=<optimized out>, version=0x7ffff7fd4840, flags=1, skip=0x0, type_class=4, undef_map=0x7ffff7fd6a00) at dl-lookup.c:541
#3  0x00007ffff7de01ef in _dl_lookup_symbol_x (undef_name=0x7ffff7617fb4 "_rtld_global", undef_map=undef_map@entry=0x7ffff7fd6a00, ref=ref@entry=0x7fffffffdb00, symbol_scope=symbol_scope@entry=0x7ffff7fd6d58, version=0x7ffff7fd4840, type_class=4, flags=1, skip_map=<optimized out>) at dl-lookup.c:813
#4  0x00007ffff7de1af9 in elf_machine_rela (skip_ifunc=<optimized out>, reloc_addr_arg=0x7ffff782efd8, version=<optimized out>, sym=<optimized out>, reloc=0x7ffff7619ec8, map=0x7ffff7fd6a00) at ../sysdeps/x86_64/dl-machine.h:308
#5  elf_dynamic_do_Rela (skip_ifunc=<optimized out>, lazy=<optimized out>, nrelative=<optimized out>, relsize=<optimized out>, reladdr=<optimized out>, map=0x7ffff7fd6a00) at do-rel.h:137
#6  _dl_relocate_object (scope=<optimized out>, reloc_mode=<optimized out>, consider_profiling=<optimized out>, consider_profiling@entry=0) at dl-reloc.c:258
#7  0x00007ffff7dd9307 in dl_main (phdr=<optimized out>, phnum=<optimized out>, user_entry=<optimized out>, auxv=<optimized out>) at rtld.c:2190
#8  0x00007ffff7defdd0 in _dl_sysdep_start (start_argptr=start_argptr@entry=0x7fffffffde90, dl_main=dl_main@entry=0x7ffff7dd7660 <dl_main>) at ../elf/dl-sysdep.c:253
#9  0x00007ffff7dd7128 in _dl_start_final (arg=0x7fffffffde90) at rtld.c:414
#10 _dl_start (arg=0x7fffffffde90) at rtld.c:521
#11 0x00007ffff7dd6098 in _start () from /lib64/ld-linux-x86-64.so.2
#12 0x0000000000000005 in ?? ()
#13 0x00007fffffffe213 in ?? ()
#14 0x00007fffffffe22c in ?? ()
#15 0x00007fffffffe249 in ?? ()
#16 0x00007fffffffe267 in ?? ()
#17 0x00007fffffffe290 in ?? ()
#18 0x0000000000000000 in ?? ()

139	../sysdeps/x86_64/strcmp.S: Arquivo ou diretório inexistente.

Backtrace END
Fliping value of field: dont_free
Memory content before bitflip:0x000x000x000x00
Fault Model: LSB bit-flip
base address to flip value: 0x7ffff7ffe040 
address max offset: 4
Memory content after  bitflip:0x000x000x000x80
frame name: dl_main
symbol name: _dl_rtld_libname
symbol filename: rtld.c
symbol line: 301
value: {name = 0x555555554238 "/lib64/ld-linux-x86-64.so.2", next = 0x7ffff7ffdfe0 <newname>, dont_free = -2147483648}
value address: 0x7ffff7ffe030 <_dl_rtld_libname>
Type: The type is a structure.
Type sizeof: 24
Field name: name
Field Type: The type is a pointer.
Field Type sizeof: 8
Field name: next
Field Type: The type is a pointer.
Field Type sizeof: 8
Field name: dont_free
Field Type: The type is an integer type.
Field Type sizeof: 4

[INFO -- 2018-12-09 16:03:18]
Fault Injection Successful after 0.6271102428436279s
[INFO -- 2018-12-09 16:03:19]
event type: exit
[INFO -- 2018-12-09 16:03:19]
exit code: 0
