[INFO -- 2018-10-12 00:37:10]
Starting flip_value script
version: 1.1
[INFO -- 2018-10-12 00:37:10]
Initialization strings:
[INFO -- 2018-10-12 00:37:10]
(1) file /tmp/BTree/main
[INFO -- 2018-10-12 00:37:10]
(2)  set args /tmp/BTree/input_100000 /tmp/BTree/output_100000
[INFO -- 2018-10-12 00:37:10]
initSignal:0
[INFO -- 2018-10-12 00:37:10]
endSignal:2
[INFO -- 2018-10-12 00:37:10]
faultModel:2
[INFO -- 2018-10-12 00:37:11]
Backtrace BEGIN:
#0  dl_main (phdr=<optimized out>, phnum=<optimized out>, user_entry=<optimized out>, auxv=<optimized out>) at rtld.c:2289
#1  0x00007ffff7defdd0 in _dl_sysdep_start (start_argptr=start_argptr@entry=0x7fffffffded0, dl_main=dl_main@entry=0x7ffff7dd7660 <dl_main>) at ../elf/dl-sysdep.c:253
#2  0x00007ffff7dd7128 in _dl_start_final (arg=0x7fffffffded0) at rtld.c:414
#3  _dl_start (arg=0x7fffffffded0) at rtld.c:521
#4  0x00007ffff7dd6098 in _start () from /lib64/ld-linux-x86-64.so.2
#5  0x0000000000000003 in ?? ()
#6  0x00007fffffffe279 in ?? ()
#7  0x00007fffffffe289 in ?? ()
#8  0x00007fffffffe2a1 in ?? ()
#9  0x0000000000000000 in ?? ()

2284	rtld.c: Arquivo ou diretório inexistente.

Backtrace END
Memory content before bitflip:0x240x630x190x000x000x000x000x00
Fault Model: Random bit-flip
base address to flip value: 0x7ffff7ffe000 
address max offset: 8
Memory content after  bitflip:0x670xe90x980x5e0xaa0x320x3d0x2e
frame name: dl_main
symbol name: relocate_time
symbol filename: rtld.c
symbol line: 306
value: 3331875006636943719
value address: 0x7ffff7ffe000 <relocate_time>
Type: The type is an integer type.
Type sizeof: 8

[INFO -- 2018-10-12 00:37:11]
Fault Injection Successful after 1.3503739833831787s
[INFO -- 2018-10-12 00:37:11]
event type: exit
[INFO -- 2018-10-12 00:37:11]
exit code: 0
