[INFO -- 2018-10-16 20:22:11]
Starting flip_value script
version: 1.1
[INFO -- 2018-10-16 20:22:11]
Initialization strings:
[INFO -- 2018-10-16 20:22:11]
(1) file /tmp/RBTree/main
[INFO -- 2018-10-16 20:22:11]
(2) set args  /tmp/RBTree/input_ /tmp/RBTree/output_
[INFO -- 2018-10-16 20:22:11]
initSignal:0
[INFO -- 2018-10-16 20:22:11]
endSignal:2
[INFO -- 2018-10-16 20:22:11]
faultModel:4
[INFO -- 2018-10-16 20:22:12]
Backtrace BEGIN:
#0  0x00007ffff7334154 in __GI___libc_write (fd=1, buf=0x5555559b9860, nbytes=21) at ../sysdeps/unix/sysv/linux/write.c:27
#1  0x00007ffff72af1bd in _IO_new_file_write (f=0x7ffff7610760 <_IO_2_1_stdout_>, data=0x5555559b9860, n=21) at fileops.c:1203
#2  0x00007ffff72b0f51 in new_do_write (to_do=21, data=0x5555559b9860 "1100101000011100 000\n", fp=0x7ffff7610760 <_IO_2_1_stdout_>) at fileops.c:457
#3  _IO_new_do_write (fp=0x7ffff7610760 <_IO_2_1_stdout_>, data=0x5555559b9860 "1100101000011100 000\n", to_do=21) at fileops.c:433
#4  0x00007ffff72ae788 in _IO_new_file_sync (fp=0x7ffff7610760 <_IO_2_1_stdout_>) at fileops.c:813
#5  0x00007ffff72a287d in __GI__IO_fflush (fp=0x7ffff7610760 <_IO_2_1_stdout_>) at iofflush.c:40
#6  0x00007ffff7b5ef5e in std::ostream::flush() () from /usr/lib/x86_64-linux-gnu/libstdc++.so.6
#7  0x00005555555577ea in RBTree::inorderBST (this=0x7fffffffdc00, ptr=@0x5555557b8c00: 0x555555949b10) at RBTree.cpp:276
#8  0x0000555555557804 in RBTree::inorderBST (this=0x7fffffffdc00, ptr=@0x55555586c3b8: 0x5555557b8bf0) at RBTree.cpp:279
#9  0x000055555555776a in RBTree::inorderBST (this=0x7fffffffdc00, ptr=@0x55555578d100: 0x55555586c3b0) at RBTree.cpp:271
#10 0x0000555555557804 in RBTree::inorderBST (this=0x7fffffffdc00, ptr=@0x555555781e48: 0x55555578d0f0) at RBTree.cpp:279
#11 0x000055555555776a in RBTree::inorderBST (this=0x7fffffffdc00, ptr=@0x555555773690: 0x555555781e40) at RBTree.cpp:271
#12 0x0000555555557804 in RBTree::inorderBST (this=0x7fffffffdc00, ptr=@0x555555774978: 0x555555773680) at RBTree.cpp:279
#13 0x000055555555776a in RBTree::inorderBST (this=0x7fffffffdc00, ptr=@0x555555774c20: 0x555555774970) at RBTree.cpp:271
#14 0x0000555555557804 in RBTree::inorderBST (this=0x7fffffffdc00, ptr=@0x5555557803a8: 0x555555774c10) at RBTree.cpp:279
#15 0x000055555555776a in RBTree::inorderBST (this=0x7fffffffdc00, ptr=@0x5555557774d0: 0x5555557803a0) at RBTree.cpp:271
#16 0x0000555555557804 in RBTree::inorderBST (this=0x7fffffffdc00, ptr=@0x555555770c90: 0x5555557774c0) at RBTree.cpp:279
#17 0x0000555555557804 in RBTree::inorderBST (this=0x7fffffffdc00, ptr=@0x555555772248: 0x555555770c80) at RBTree.cpp:279
#18 0x000055555555776a in RBTree::inorderBST (this=0x7fffffffdc00, ptr=@0x55555576fc40: 0x555555772240) at RBTree.cpp:271
#19 0x0000555555557804 in RBTree::inorderBST (this=0x7fffffffdc00, ptr=@0x555555770178: 0x55555576fc30) at RBTree.cpp:279
#20 0x000055555555776a in RBTree::inorderBST (this=0x7fffffffdc00, ptr=@0x55555576fa58: 0x555555770170) at RBTree.cpp:271
#21 0x000055555555776a in RBTree::inorderBST (this=0x7fffffffdc00, ptr=@0x7fffffffdc00: 0x55555576fa50) at RBTree.cpp:271
#22 0x0000555555557841 in RBTree::inorder (this=0x7fffffffdc00) at RBTree.cpp:283
#23 0x000055555555564c in main (argc=3, argv=0x7fffffffdf38) at main.cpp:58

22	../sysdeps/unix/sysv/linux/write.c: Arquivo ou diretório inexistente.

Backtrace END
Fliping a bit of the pointer
Memory content before bitflip:0x000xdc0xff0xff0xff0x7f0x000x00
Fault Model: LSB bit-flip
base address to flip value: 0x7fffffffd948
address max offset: 8
Memory content after  bitflip:0x000xdc0xff0xff0xff0x7f0x000x08
frame name: RBTree::inorderBST
symbol name: this
symbol filename: RBTree.cpp
symbol line: 0
value: 0x7fffffffdc00
value address: 0x7fffffffd948
Type: The type is a pointer.
Type sizeof: 8

[INFO -- 2018-10-16 20:22:12]
Fault Injection Successful after 1.0133085250854492s
[INFO -- 2018-10-16 20:22:12]
event type: exit
[INFO -- 2018-10-16 20:22:12]
exit code: 0
