[INFO -- 2018-12-09 17:28:02]
sending 5 signals using command: 'killall -2 main' after 3.58636769022s
[INFO -- 2018-12-09 17:28:02]
sending 5 signals using command: 'killall -2 main' after 3.65482452181s
[INFO -- 2018-12-09 17:28:03]
sending 5 signals using command: 'killall -2 main' after 4.42269630354s
[INFO -- 2018-12-09 17:28:03]
Starting GDB script
[INFO -- 2018-12-09 17:28:03]
initSignal:0.0
[INFO -- 2018-12-09 17:28:03]
endSignal:5.0
[INFO -- 2018-12-09 17:28:03]
sending 5 signals using command: 'killall -2 main' after 0.169493967461s
[INFO -- 2018-12-09 17:28:04]
sending 5 signals using command: 'killall -2 main' after 1.50086793205s
[INFO -- 2018-12-09 17:28:05]
sending 5 signals using command: 'killall -2 main' after 2.81007914667s
[INFO -- 2018-12-09 17:28:06]
Execution finished before waitTime
