[INFO -- 2018-10-17 19:45:53]
sending 5 signals using command: 'killall -2 main' after 1.33018998344s
[INFO -- 2018-10-17 19:45:53]
sending 5 signals using command: 'killall -2 main' after 1.44744355483s
[INFO -- 2018-10-17 19:45:53]
sending 5 signals using command: 'killall -2 main' after 1.71638432654s
[INFO -- 2018-10-17 19:45:53]
Starting GDB script
[INFO -- 2018-10-17 19:45:53]
initSignal:0.0
[INFO -- 2018-10-17 19:45:53]
endSignal:2.0
[INFO -- 2018-10-17 19:45:53]
sending 5 signals using command: 'killall -2 main' after 0.0156213518206s
[INFO -- 2018-10-17 19:45:53]
sending 5 signals using command: 'killall -2 main' after 0.062203254279s
[INFO -- 2018-10-17 19:45:54]
sending 5 signals using command: 'killall -2 main' after 0.722349338702s
[INFO -- 2018-10-17 19:45:54]
Execution finished before waitTime
