[INFO -- 2018-10-12 04:57:41]
Starting flip_value script
version: 1.1
[INFO -- 2018-10-12 04:57:41]
Initialization strings:
[INFO -- 2018-10-12 04:57:41]
(1) file /tmp/BTree/main
[INFO -- 2018-10-12 04:57:41]
(2)  set args /tmp/BTree/input_100000 /tmp/BTree/output_100000
[INFO -- 2018-10-12 04:57:41]
initSignal:0
[INFO -- 2018-10-12 04:57:41]
endSignal:2
[INFO -- 2018-10-12 04:57:41]
faultModel:3
[EXCEPTION -- 2018-10-12 04:57:42]
pythonException: Unable to exit loop in struct fields; Exiting wihtout making a bit flip
[INFO -- 2018-10-12 04:57:42]
Backtrace BEGIN:
#0  std::_Base_bitset<1ul>::_Base_bitset (this=0x7fffffffdb60, __val=0) at /usr/include/c++/7/bitset:387
#1  0x0000555555556892 in std::bitset<16ul>::bitset (this=0x7fffffffdb60, __val=0) at /usr/include/c++/7/bitset:867
#2  0x000055555555639f in BTreeNode::traverse (this=0x5555557f3d10) at BTree.cpp:592
#3  0x0000555555556377 in BTreeNode::traverse (this=0x5555557f3e30) at BTree.cpp:591
#4  0x0000555555556377 in BTreeNode::traverse (this=0x5555557f4100) at BTree.cpp:591
#5  0x0000555555556377 in BTreeNode::traverse (this=0x5555557f5030) at BTree.cpp:591
#6  0x0000555555556377 in BTreeNode::traverse (this=0x5555557f7f70) at BTree.cpp:591
#7  0x0000555555556377 in BTreeNode::traverse (this=0x5555557fc5c0) at BTree.cpp:591
#8  0x0000555555556377 in BTreeNode::traverse (this=0x555555809820) at BTree.cpp:591
#9  0x0000555555556377 in BTreeNode::traverse (this=0x555555858540) at BTree.cpp:591
#10 0x00005555555563ff in BTreeNode::traverse (this=0x5555558584b0) at BTree.cpp:597
#11 0x0000555555556851 in BTree::traverse (this=0x7fffffffddc0) at BTree.cpp:137
#12 0x0000555555556630 in main (argc=3, argv=0x7fffffffded8) at BTree.cpp:668

382	      constexpr _Base_bitset(unsigned long long __val) noexcept
383	#else
384	      _Base_bitset(unsigned long __val)
385	#endif
386	      : _M_w(__val)
387	      { }
388	
389	      static _GLIBCXX_CONSTEXPR size_t
390	      _S_whichword(size_t __pos) _GLIBCXX_NOEXCEPT
391	      { return __pos / _GLIBCXX_BITSET_BITS_PER_WORD; }

Backtrace END
Fliping a bit of the value pointed by a pointer
Fliping value of field: C
Fliping a bit of the value pointed by a pointer
Fliping a bit of the value pointed by a pointer
Fliping value of field: n
Memory content before bitflip:0x030x000x000x00
Fault Model: Zero bit-flip
base address to flip value: 0x5555557f3c98
address max offset: 4
Memory content after  bitflip:0x000x000x000x00
frame name: BTreeNode::traverse
symbol name: this
symbol filename: BTree.cpp
symbol line: 0
value: 0x5555557f3e30
value address: 0x7fffffffdb88
Type: The type is a pointer.
Type sizeof: 8

[INFO -- 2018-10-12 04:57:42]
Fault Injection Successful after 1.382972240447998s
[INFO -- 2018-10-12 04:57:42]
event type: exit
[INFO -- 2018-10-12 04:57:42]
exit code: 0
