[INFO -- 2018-10-16 23:54:42]
sending 5 signals using command: 'killall -2 main' after 1.51622471324s
[INFO -- 2018-10-16 23:54:42]
sending 5 signals using command: 'killall -2 main' after 1.80474317898s
[INFO -- 2018-10-16 23:54:42]
sending 5 signals using command: 'killall -2 main' after 1.81343917996s
[INFO -- 2018-10-16 23:54:42]
Starting GDB script
[INFO -- 2018-10-16 23:54:42]
initSignal:0.0
[INFO -- 2018-10-16 23:54:42]
endSignal:2.0
[INFO -- 2018-10-16 23:54:42]
sending 5 signals using command: 'killall -2 main' after 0.0205784309996s
[INFO -- 2018-10-16 23:54:42]
sending 5 signals using command: 'killall -2 main' after 0.199913114915s
[INFO -- 2018-10-16 23:54:43]
sending 5 signals using command: 'killall -2 main' after 0.93189373125s
[INFO -- 2018-10-16 23:54:43]
Execution finished before waitTime
