[INFO -- 2018-10-16 20:47:35]
Starting flip_value script
version: 1.1
[INFO -- 2018-10-16 20:47:35]
Initialization strings:
[INFO -- 2018-10-16 20:47:35]
(1) file /tmp/RBTree/main
[INFO -- 2018-10-16 20:47:35]
(2) set args  /tmp/RBTree/input_ /tmp/RBTree/output_
[INFO -- 2018-10-16 20:47:35]
initSignal:0
[INFO -- 2018-10-16 20:47:35]
endSignal:2
[INFO -- 2018-10-16 20:47:35]
faultModel:4
[EXCEPTION -- 2018-10-16 20:47:36]
pythonException: empty range for randrange() (0,0, 0)
[EXCEPTION -- 2018-10-16 20:47:36]
pythonException: Unable to exit loop in struct fields; Exiting wihtout making a bit flip
[INFO -- 2018-10-16 20:47:36]
event type: exit
[INFO -- 2018-10-16 20:47:36]
exit code: 0
