[INFO -- 2018-11-30 22:36:50]
Starting flip_value script
version: 1.1
[INFO -- 2018-11-30 22:36:50]
Initialization strings:
[INFO -- 2018-11-30 22:36:50]
(1) file /tmp/splay/main
[INFO -- 2018-11-30 22:36:50]
(2) set args /tmp/splay/input_100000 /tmp/splay/output_100000
[INFO -- 2018-11-30 22:36:50]
initSignal:0
[INFO -- 2018-11-30 22:36:50]
endSignal:5
[INFO -- 2018-11-30 22:36:50]
faultModel:3
[INFO -- 2018-11-30 22:36:50]
Backtrace BEGIN:
#0  Splay (key=957993, root=0x555555587c50) at splay.cpp:102
#1  0x0000555555557916 in Insert (key=957993, root=0x55555584edb0) at splay.cpp:145
#2  0x00005555555564bb in main (argc=3, argv=0x7fffffffdfb8) at main.cpp:31

97			}
98			else
99				break;
100		}
101		/* assemble L Tree, Middle Tree and R tree together */
102		LeftTreeMax->rchild = root->lchild;
103		RightTreeMin->lchild = root->rchild;
104		root->lchild = header.rchild;
105		root->rchild = header.lchild;
106		

Backtrace END
Memory content before bitflip:0x030x000x000x00
Fault Model: Zero bit-flip
base address to flip value: 0x7fffffffdc3c
address max offset: 4
Memory content after  bitflip:0x000x000x000x00
frame name: main
symbol name: argc
symbol filename: main.cpp
symbol line: 14
value: 0
value address: 0x7fffffffdc3c
Type: The type is an integer type.
Type sizeof: 4

[INFO -- 2018-11-30 22:36:50]
Fault Injection Successful after 0.5273919105529785s
[INFO -- 2018-11-30 22:36:50]
event type: exit
[INFO -- 2018-11-30 22:36:50]
exit code: 0
