[INFO -- 2018-10-16 19:54:47]
Starting flip_value script
version: 1.1
[INFO -- 2018-10-16 19:54:47]
Initialization strings:
[INFO -- 2018-10-16 19:54:47]
(1) file /tmp/RBTree/main
[INFO -- 2018-10-16 19:54:47]
(2) set args  /tmp/RBTree/input_ /tmp/RBTree/output_
[INFO -- 2018-10-16 19:54:47]
initSignal:0
[INFO -- 2018-10-16 19:54:47]
endSignal:2
[INFO -- 2018-10-16 19:54:47]
faultModel:4
[EXCEPTION -- 2018-10-16 19:54:47]
gdbException: Tentativo de desreferenciar um ponteiro genérico.
[INFO -- 2018-10-16 19:54:47]
event type: exit
[INFO -- 2018-10-16 19:54:47]
exit code: 0
