[INFO -- 2018-12-01 03:29:18]
Starting flip_value script
version: 1.1
[INFO -- 2018-12-01 03:29:18]
Initialization strings:
[INFO -- 2018-12-01 03:29:18]
(1) file /tmp/splay/main
[INFO -- 2018-12-01 03:29:18]
(2) set args /tmp/splay/input_100000 /tmp/splay/output_100000
[INFO -- 2018-12-01 03:29:18]
initSignal:0
[INFO -- 2018-12-01 03:29:18]
endSignal:5
[INFO -- 2018-12-01 03:29:18]
faultModel:4
[INFO -- 2018-12-01 03:29:18]
Backtrace BEGIN:
#0  0x00007ffff7d34fd4 in __GI___libc_write (fd=1, buf=0x55555587dcf0, nbytes=17) at ../sysdeps/unix/sysv/linux/write.c:26
#1  0x00007ffff7cb633d in _IO_new_file_write (f=0x7ffff7e10760 <_IO_2_1_stdout_>, data=0x55555587dcf0, n=17) at fileops.c:1183
#2  0x00007ffff7cb7a71 in new_do_write (to_do=17, data=0x55555587dcf0 "0101010100001111\n", fp=0x7ffff7e10760 <_IO_2_1_stdout_>) at libioP.h:839
#3  _IO_new_do_write (fp=0x7ffff7e10760 <_IO_2_1_stdout_>, data=0x55555587dcf0 "0101010100001111\n", to_do=17) at fileops.c:433
#4  0x00007ffff7cb56f8 in _IO_new_file_sync (fp=0x7ffff7e10760 <_IO_2_1_stdout_>) at fileops.c:819
#5  0x00007ffff7caa32d in __GI__IO_fflush (fp=0x7ffff7e10760 <_IO_2_1_stdout_>) at libioP.h:839
#6  0x00007ffff7f4201e in std::ostream::flush() () from /usr/lib/x86_64-linux-gnu/libstdc++.so.6
#7  0x0000555555557afd in InOrder (root=0x55555569d1b0) at splay.cpp:253
#8  0x0000555555557abd in InOrder (root=0x5555557e5330) at splay.cpp:252
#9  0x0000555555557abd in InOrder (root=0x5555556466f0) at splay.cpp:252
#10 0x0000555555557b0d in InOrder (root=0x5555557371d0) at splay.cpp:254
#11 0x0000555555557b0d in InOrder (root=0x55555575ee10) at splay.cpp:254
#12 0x0000555555557b0d in InOrder (root=0x555555849850) at splay.cpp:254
#13 0x0000555555557b0d in InOrder (root=0x5555557f89f0) at splay.cpp:254
#14 0x0000555555557abd in InOrder (root=0x5555556eded0) at splay.cpp:252
#15 0x0000555555557abd in InOrder (root=0x555555856510) at splay.cpp:252
#16 0x0000555555557abd in InOrder (root=0x555555688710) at splay.cpp:252
#17 0x0000555555557abd in InOrder (root=0x5555555e9a30) at splay.cpp:252
#18 0x0000555555557abd in InOrder (root=0x555555858e10) at splay.cpp:252
#19 0x0000555555557abd in InOrder (root=0x555555859e50) at splay.cpp:252
#20 0x0000555555557b0d in InOrder (root=0x555555858af0) at splay.cpp:254
#21 0x0000555555557abd in InOrder (root=0x55555585af10) at splay.cpp:252
#22 0x0000555555557abd in InOrder (root=0x5555556e2130) at splay.cpp:252
#23 0x0000555555557abd in InOrder (root=0x555555871ab0) at splay.cpp:252
#24 0x0000555555557abd in InOrder (root=0x555555873e30) at splay.cpp:252
#25 0x0000555555557b0d in InOrder (root=0x555555832af0) at splay.cpp:254
#26 0x0000555555557abd in InOrder (root=0x5555555e48d0) at splay.cpp:252
#27 0x0000555555557b0d in InOrder (root=0x5555557cf3d0) at splay.cpp:254
#28 0x0000555555557abd in InOrder (root=0x55555587aa30) at splay.cpp:252
#29 0x0000555555557abd in InOrder (root=0x5555556a0cd0) at splay.cpp:252
#30 0x0000555555557b0d in InOrder (root=0x55555587c250) at splay.cpp:254
#31 0x0000555555557b0d in InOrder (root=0x5555557c9250) at splay.cpp:254
#32 0x0000555555557b0d in InOrder (root=0x55555587ccb0) at splay.cpp:254
#33 0x0000555555557abd in InOrder (root=0x55555587d1f0) at splay.cpp:252
#34 0x0000555555557abd in InOrder (root=0x55555587d350) at splay.cpp:252
#35 0x0000555555557b0d in InOrder (root=0x5555555eff30) at splay.cpp:254
#36 0x0000555555557abd in InOrder (root=0x555555602730) at splay.cpp:252
#37 0x0000555555557abd in InOrder (root=0x55555587daf0) at splay.cpp:252
#38 0x0000555555557abd in InOrder (root=0x55555587db70) at splay.cpp:252
#39 0x0000555555557abd in InOrder (root=0x555555602350) at splay.cpp:252
#40 0x0000555555557abd in InOrder (root=0x55555574fdf0) at splay.cpp:252
#41 0x0000555555557abd in InOrder (root=0x555555683210) at splay.cpp:252
#42 0x0000555555557abd in InOrder (root=0x55555587dc90) at splay.cpp:252
#43 0x0000555555557abd in InOrder (root=0x555555696ef0) at splay.cpp:252
#44 0x0000555555557abd in InOrder (root=0x55555587dcd0) at splay.cpp:252
#45 0x00005555555564fe in main (argc=3, argv=0x7fffffffdfb8) at main.cpp:35

21	in ../sysdeps/unix/sysv/linux/write.c

Backtrace END
Fliping a bit of the value pointed by a pointer
Fliping value of field: lchild
Fliping a bit of the value pointed by a pointer
Fliping value of field: rchild
Fliping a bit of the pointer
Memory content before bitflip:0x000x000x000x000x000x000x000x00
Fault Model: LSB bit-flip
base address to flip value: 0x555555878c60
address max offset: 8
Memory content after  bitflip:0x000x000x000x000x000x000x000x40
frame name: InOrder
symbol name: root
symbol filename: splay.cpp
symbol line: 248
value: 0x5555557cf3d0
value address: 0x7fffffffd8d8
Type: The type is a pointer.
Type sizeof: 8

[INFO -- 2018-12-01 03:29:18]
Fault Injection Successful after 0.9405007362365723s
[INFO -- 2018-12-01 03:29:19]
event type: exit
[INFO -- 2018-12-01 03:29:19]
exit code: 0
