[INFO -- 2018-10-17 19:08:29]
sending 5 signals using command: 'killall -2 main' after 1.68349379767s
[INFO -- 2018-10-17 19:08:29]
sending 5 signals using command: 'killall -2 main' after 1.75996152231s
[INFO -- 2018-10-17 19:08:29]
sending 5 signals using command: 'killall -2 main' after 1.86547154866s
[INFO -- 2018-10-17 19:08:29]
Starting GDB script
[INFO -- 2018-10-17 19:08:29]
initSignal:0.0
[INFO -- 2018-10-17 19:08:29]
endSignal:2.0
[INFO -- 2018-10-17 19:08:29]
sending 5 signals using command: 'killall -2 main' after 0.251318453817s
[INFO -- 2018-10-17 19:08:29]
sending 5 signals using command: 'killall -2 main' after 0.268980716846s
[INFO -- 2018-10-17 19:08:29]
sending 5 signals using command: 'killall -2 main' after 0.37193817229s
[INFO -- 2018-10-17 19:08:30]
Execution finished before waitTime
