[INFO -- 2018-10-12 06:12:39]
Starting flip_value script
version: 1.1
[INFO -- 2018-10-12 06:12:39]
Initialization strings:
[INFO -- 2018-10-12 06:12:39]
(1) file /tmp/BTree/main
[INFO -- 2018-10-12 06:12:39]
(2)  set args /tmp/BTree/input_100000 /tmp/BTree/output_100000
[INFO -- 2018-10-12 06:12:39]
initSignal:0
[INFO -- 2018-10-12 06:12:39]
endSignal:2
[INFO -- 2018-10-12 06:12:39]
faultModel:0
[EXCEPTION -- 2018-10-12 06:12:40]
gdbException: Tentativo de desreferenciar um ponteiro genérico.
[INFO -- 2018-10-12 06:12:40]
Backtrace BEGIN:
#0  _int_malloc (av=av@entry=0x7ffff760fc40 <main_arena>, bytes=bytes@entry=32) at malloc.c:4100
#1  0x00007ffff72bb0fc in __GI___libc_malloc (bytes=32) at malloc.c:3057
#2  0x00007ffff7adf1a8 in operator new(unsigned long) () from /usr/lib/x86_64-linux-gnu/libstdc++.so.6
#3  0x00005555555560fc in BTreeNode::splitChild (this=0x55555587ae30, i=4, y=0x55555587af50) at BTree.cpp:543
#4  0x000055555555608d in BTreeNode::insertNonFull (this=0x55555587ae30, k=0) at BTree.cpp:525
#5  0x00005555555560d9 in BTreeNode::insertNonFull (this=0x55555587abf0, k=0) at BTree.cpp:533
#6  0x00005555555560d9 in BTreeNode::insertNonFull (this=0x555555879cc0, k=0) at BTree.cpp:533
#7  0x00005555555560d9 in BTreeNode::insertNonFull (this=0x555555876f30, k=0) at BTree.cpp:533
#8  0x00005555555560d9 in BTreeNode::insertNonFull (this=0x555555872970, k=0) at BTree.cpp:533
#9  0x00005555555560d9 in BTreeNode::insertNonFull (this=0x555555858420, k=0) at BTree.cpp:533
#10 0x00005555555560d9 in BTreeNode::insertNonFull (this=0x555555858540, k=0) at BTree.cpp:533
#11 0x00005555555560d9 in BTreeNode::insertNonFull (this=0x5555558584b0, k=0) at BTree.cpp:533
#12 0x0000555555555f18 in BTree::insert (this=0x7fffffffddc0, k=0) at BTree.cpp:487
#13 0x0000555555556601 in main (argc=3, argv=0x7fffffffded8) at BTree.cpp:665

4095	malloc.c: Arquivo ou diretório inexistente.

Backtrace END
Fliping a bit of the value pointed by a pointer
Fliping value of field: keys
Fliping a bit of the pointer
Memory content before bitflip:0x700x850x850x550x550x550x000x00
Fault Model: Single bit-flip
base address to flip value: 0x555555858540
address max offset: 8
Memory content after  bitflip:0x710x850x850x550x550x550x000x00
frame name: BTreeNode::insertNonFull
symbol name: this
symbol filename: BTree.cpp
symbol line: 0
value: 0x555555858540
value address: 0x7fffffffdd08
Type: The type is a pointer.
Type sizeof: 8

[INFO -- 2018-10-12 06:12:40]
Fault Injection Successful after 1.1994743347167969s
[INFO -- 2018-10-12 06:12:40]
event type: exit
[INFO -- 2018-10-12 06:12:40]
exit code: 0
