[INFO -- 2018-12-01 11:11:51]
Starting flip_value script
version: 1.1
[INFO -- 2018-12-01 11:11:51]
Initialization strings:
[INFO -- 2018-12-01 11:11:51]
(1) file /tmp/splay/main
[INFO -- 2018-12-01 11:11:51]
(2) set args /tmp/splay/input_100000 /tmp/splay/output_100000
[INFO -- 2018-12-01 11:11:51]
initSignal:0
[INFO -- 2018-12-01 11:11:51]
endSignal:5
[INFO -- 2018-12-01 11:11:51]
faultModel:0
[EXCEPTION -- 2018-12-01 11:11:52]
pythonException: Unable to exit loop in struct fields; Exiting wihtout making a bit flip
[INFO -- 2018-12-01 11:11:52]
Backtrace BEGIN:
#0  0x00007ffff7d34fd4 in __GI___libc_write (fd=1, buf=0x55555587dcf0, nbytes=17) at ../sysdeps/unix/sysv/linux/write.c:26
#1  0x00007ffff7cb633d in _IO_new_file_write (f=0x7ffff7e10760 <_IO_2_1_stdout_>, data=0x55555587dcf0, n=17) at fileops.c:1183
#2  0x00007ffff7cb7a71 in new_do_write (to_do=17, data=0x55555587dcf0 "0010101100101101\n", fp=0x7ffff7e10760 <_IO_2_1_stdout_>) at libioP.h:839
#3  _IO_new_do_write (fp=0x7ffff7e10760 <_IO_2_1_stdout_>, data=0x55555587dcf0 "0010101100101101\n", to_do=17) at fileops.c:433
#4  0x00007ffff7cb56f8 in _IO_new_file_sync (fp=0x7ffff7e10760 <_IO_2_1_stdout_>) at fileops.c:819
#5  0x00007ffff7caa32d in __GI__IO_fflush (fp=0x7ffff7e10760 <_IO_2_1_stdout_>) at libioP.h:839
#6  0x00007ffff7f4201e in std::ostream::flush() () from /usr/lib/x86_64-linux-gnu/libstdc++.so.6
#7  0x0000555555557afd in InOrder (root=0x55555573fa90) at splay.cpp:253
#8  0x0000555555557b0d in InOrder (root=0x5555555cdf70) at splay.cpp:254
#9  0x0000555555557b0d in InOrder (root=0x5555557e22d0) at splay.cpp:254
#10 0x0000555555557b0d in InOrder (root=0x5555557f0f90) at splay.cpp:254
#11 0x0000555555557abd in InOrder (root=0x5555556dab10) at splay.cpp:252
#12 0x0000555555557abd in InOrder (root=0x555555834c70) at splay.cpp:252
#13 0x0000555555557abd in InOrder (root=0x555555843b90) at splay.cpp:252
#14 0x0000555555557abd in InOrder (root=0x5555555d0790) at splay.cpp:252
#15 0x0000555555557abd in InOrder (root=0x555555759810) at splay.cpp:252
#16 0x0000555555557b0d in InOrder (root=0x5555556e0e30) at splay.cpp:254
#17 0x0000555555557abd in InOrder (root=0x555555863510) at splay.cpp:252
#18 0x0000555555557abd in InOrder (root=0x5555557b0bf0) at splay.cpp:252
#19 0x0000555555557b0d in InOrder (root=0x555555853df0) at splay.cpp:254
#20 0x0000555555557b0d in InOrder (root=0x5555558531f0) at splay.cpp:254
#21 0x0000555555557abd in InOrder (root=0x55555563eb70) at splay.cpp:252
#22 0x0000555555557abd in InOrder (root=0x5555555e6210) at splay.cpp:252
#23 0x0000555555557abd in InOrder (root=0x5555558722d0) at splay.cpp:252
#24 0x0000555555557abd in InOrder (root=0x5555558737b0) at splay.cpp:252
#25 0x0000555555557b0d in InOrder (root=0x5555555d1ab0) at splay.cpp:254
#26 0x0000555555557b0d in InOrder (root=0x555555873290) at splay.cpp:254
#27 0x0000555555557abd in InOrder (root=0x555555832af0) at splay.cpp:252
#28 0x0000555555557abd in InOrder (root=0x5555555e48d0) at splay.cpp:252
#29 0x0000555555557b0d in InOrder (root=0x5555557cf3d0) at splay.cpp:254
#30 0x0000555555557abd in InOrder (root=0x55555587aa30) at splay.cpp:252
#31 0x0000555555557abd in InOrder (root=0x5555556a0cd0) at splay.cpp:252
#32 0x0000555555557b0d in InOrder (root=0x55555587c250) at splay.cpp:254
#33 0x0000555555557b0d in InOrder (root=0x5555557c9250) at splay.cpp:254
#34 0x0000555555557b0d in InOrder (root=0x55555587ccb0) at splay.cpp:254
#35 0x0000555555557abd in InOrder (root=0x55555587d1f0) at splay.cpp:252
#36 0x0000555555557abd in InOrder (root=0x55555587d350) at splay.cpp:252
#37 0x0000555555557b0d in InOrder (root=0x5555555eff30) at splay.cpp:254
#38 0x0000555555557abd in InOrder (root=0x555555602730) at splay.cpp:252
#39 0x0000555555557abd in InOrder (root=0x55555587daf0) at splay.cpp:252
#40 0x0000555555557abd in InOrder (root=0x55555587db70) at splay.cpp:252
#41 0x0000555555557abd in InOrder (root=0x555555602350) at splay.cpp:252
#42 0x0000555555557abd in InOrder (root=0x55555574fdf0) at splay.cpp:252
#43 0x0000555555557abd in InOrder (root=0x555555683210) at splay.cpp:252
#44 0x0000555555557abd in InOrder (root=0x55555587dc90) at splay.cpp:252
#45 0x0000555555557abd in InOrder (root=0x555555696ef0) at splay.cpp:252
#46 0x0000555555557abd in InOrder (root=0x55555587dcd0) at splay.cpp:252
#47 0x00005555555564fe in main (argc=3, argv=0x7fffffffdfb8) at main.cpp:35

21	in ../sysdeps/unix/sysv/linux/write.c

Backtrace END
Fliping a bit of the value pointed by a pointer
Fliping value of field: lchild
Fliping a bit of the pointer
Memory content before bitflip:0xd00x740x780x550x550x550x000x00
Fault Model: Single bit-flip
base address to flip value: 0x55555587c258
address max offset: 8
Memory content after  bitflip:0xf00x740x780x550x550x550x000x00
frame name: InOrder
symbol name: root
symbol filename: splay.cpp
symbol line: 248
value: 0x55555587c250
value address: 0x7fffffffd968
Type: The type is a pointer.
Type sizeof: 8

[INFO -- 2018-12-01 11:11:52]
Fault Injection Successful after 1.3719561100006104s
[INFO -- 2018-12-01 11:11:52]
event type: exit
[INFO -- 2018-12-01 11:11:52]
exit code: 0
