[INFO -- 2018-11-25 20:57:01]
Starting flip_value script
version: 1.1
[INFO -- 2018-11-25 20:57:01]
Initialization strings:
[INFO -- 2018-11-25 20:57:01]
(1) file /tmp/BTree-dup/main
[INFO -- 2018-11-25 20:57:01]
(2)  set args /tmp/BTree-dup/input_100000 /tmp/BTree-dup/output_100000 /tmp/BTree-dup-detection.log /tmp/BTree-dup/output2_100000
[INFO -- 2018-11-25 20:57:01]
initSignal:0
[INFO -- 2018-11-25 20:57:01]
endSignal:2
[INFO -- 2018-11-25 20:57:01]
faultModel:3
[EXCEPTION -- 2018-11-25 20:57:02]
gdbException: Tentativo de desreferenciar um ponteiro genérico.
[EXCEPTION -- 2018-11-25 20:57:02]
pythonException: Unable to exit loop in struct fields; Exiting wihtout making a bit flip
[EXCEPTION -- 2018-11-25 20:57:03]
pythonException: Unable to exit loop in struct fields; Exiting wihtout making a bit flip
[EXCEPTION -- 2018-11-25 20:57:03]
pythonException: Unable to exit loop in struct fields; Exiting wihtout making a bit flip
[EXCEPTION -- 2018-11-25 20:57:03]
pythonException: Unable to exit loop in struct fields; Exiting wihtout making a bit flip
[INFO -- 2018-11-25 20:57:03]
event type: exit
[INFO -- 2018-11-25 20:57:03]
exit code: 0
