[INFO -- 2018-12-01 09:45:01]
Starting flip_value script
version: 1.1
[INFO -- 2018-12-01 09:45:01]
Initialization strings:
[INFO -- 2018-12-01 09:45:01]
(1) file /tmp/splay/main
[INFO -- 2018-12-01 09:45:01]
(2) set args /tmp/splay/input_100000 /tmp/splay/output_100000
[INFO -- 2018-12-01 09:45:01]
initSignal:0
[INFO -- 2018-12-01 09:45:01]
endSignal:5
[INFO -- 2018-12-01 09:45:01]
faultModel:2
[INFO -- 2018-12-01 09:45:02]
Backtrace BEGIN:
#0  dl_main (phdr=<optimized out>, phnum=<optimized out>, user_entry=<optimized out>, auxv=<optimized out>) at rtld.c:2298
#1  0x00007ffff7fed5b0 in _dl_sysdep_start (start_argptr=start_argptr@entry=0x7fffffffdfb0, dl_main=dl_main@entry=0x7ffff7fd5810 <dl_main>) at ../elf/dl-sysdep.c:253
#2  0x00007ffff7fd52b8 in _dl_start_final (arg=0x7fffffffdfb0) at rtld.c:415
#3  _dl_start (arg=0x7fffffffdfb0) at rtld.c:522
#4  0x00007ffff7fd4098 in _start () from /lib64/ld-linux-x86-64.so.2
#5  0x0000000000000003 in ?? ()
#6  0x00007fffffffe306 in ?? ()
#7  0x00007fffffffe316 in ?? ()
#8  0x00007fffffffe32e in ?? ()
#9  0x0000000000000000 in ?? ()

2293	in rtld.c

Backtrace END
Memory content before bitflip:0xdc0x470x140x000x000x000x000x00
Fault Model: Random bit-flip
base address to flip value: 0x7ffff7ffe020 
address max offset: 8
Memory content after  bitflip:0x870x5c0xe90xca0x390xdc0x0a0x6e
frame name: dl_main
symbol name: relocate_time
symbol filename: rtld.c
symbol line: 307
value: 7929392234714717319
value address: 0x7ffff7ffe020 <relocate_time>
Type: The type is an integer type.
Type sizeof: 8

[INFO -- 2018-12-01 09:45:02]
Fault Injection Successful after 1.1476161479949951s
[INFO -- 2018-12-01 09:45:02]
event type: exit
[INFO -- 2018-12-01 09:45:02]
exit code: 0
