[INFO -- 2018-11-25 23:52:34]
Starting flip_value script
version: 1.1
[INFO -- 2018-11-25 23:52:34]
Initialization strings:
[INFO -- 2018-11-25 23:52:34]
(1) file /tmp/BTree-dup/main
[INFO -- 2018-11-25 23:52:34]
(2)  set args /tmp/BTree-dup/input_100000 /tmp/BTree-dup/output_100000 /tmp/BTree-dup-detection.log /tmp/BTree-dup/output2_100000
[INFO -- 2018-11-25 23:52:34]
initSignal:0
[INFO -- 2018-11-25 23:52:34]
endSignal:2
[INFO -- 2018-11-25 23:52:34]
faultModel:0
[EXCEPTION -- 2018-11-25 23:52:37]
pythonException: empty range for randrange() (0,0, 0)
[EXCEPTION -- 2018-11-25 23:52:38]
pythonException: Unable to exit loop in struct fields; Exiting wihtout making a bit flip
[INFO -- 2018-11-25 23:52:38]
event type: exit
[INFO -- 2018-11-25 23:52:38]
exit code: 0
