[INFO -- 2018-10-12 01:52:56]
Starting flip_value script
version: 1.1
[INFO -- 2018-10-12 01:52:56]
Initialization strings:
[INFO -- 2018-10-12 01:52:56]
(1) file /tmp/BTree/main
[INFO -- 2018-10-12 01:52:56]
(2)  set args /tmp/BTree/input_100000 /tmp/BTree/output_100000
[INFO -- 2018-10-12 01:52:56]
initSignal:0
[INFO -- 2018-10-12 01:52:56]
endSignal:2
[INFO -- 2018-10-12 01:52:56]
faultModel:0
[INFO -- 2018-10-12 01:52:56]
Backtrace BEGIN:
#0  0x0000555555555f66 in BTreeNode::insertNonFull (this=0x5555559cdb00, k=4601835) at BTree.cpp:497
#1  0x00005555555560d9 in BTreeNode::insertNonFull (this=0x555555812430, k=4601835) at BTree.cpp:533
#2  0x0000555555555f18 in BTree::insert (this=0x7fffffffddc0, k=4601835) at BTree.cpp:487
#3  0x0000555555556601 in main (argc=3, argv=0x7fffffffded8) at BTree.cpp:665

492	// The assumption is, the node must be non-full when this
493	// function is called
494	void BTreeNode::insertNonFull(int k)
495	{
496		// Initialize index as index of rightmost element
497		int i = n-1;
498	
499		// If this is a leaf node
500		if (leaf == true)
501		{

Backtrace END
Fliping value of field: root
Fliping a bit of the value pointed by a pointer
Fliping value of field: t
Memory content before bitflip:0x030x000x000x00
Fault Model: Single bit-flip
base address to flip value: 0x555555812438
address max offset: 4
Memory content after  bitflip:0x0b0x000x000x00
frame name: main
symbol name: t
symbol filename: BTree.cpp
symbol line: 653
value: {root = 0x555555812430, t = 3}
value address: 0x7fffffffddc0
Type: The type is a structure.
Type sizeof: 16
Field name: root
Field Type: The type is a pointer.
Field Type sizeof: 8
Field name: t
Field Type: The type is an integer type.
Field Type sizeof: 4

[INFO -- 2018-10-12 01:52:56]
Fault Injection Successful after 0.973675012588501s
[INFO -- 2018-10-12 01:52:57]
event type: exit
[INFO -- 2018-10-12 01:52:57]
exit code: 0
