[INFO -- 2018-12-01 08:10:37]
Starting flip_value script
version: 1.1
[INFO -- 2018-12-01 08:10:37]
Initialization strings:
[INFO -- 2018-12-01 08:10:37]
(1) file /tmp/splay/main
[INFO -- 2018-12-01 08:10:37]
(2) set args /tmp/splay/input_100000 /tmp/splay/output_100000
[INFO -- 2018-12-01 08:10:37]
initSignal:0
[INFO -- 2018-12-01 08:10:37]
endSignal:5
[INFO -- 2018-12-01 08:10:37]
faultModel:1
[EXCEPTION -- 2018-12-01 08:10:38]
pythonException: Unable to exit loop in struct fields; Exiting wihtout making a bit flip
[INFO -- 2018-12-01 08:10:38]
Backtrace BEGIN:
#0  0x0000555555557ab5 in InOrder (root=0x55555559ef50) at splay.cpp:252
#1  0x0000555555557abd in InOrder (root=0x5555555be230) at splay.cpp:252
#2  0x0000555555557b0d in InOrder (root=0x5555557fd2b0) at splay.cpp:254
#3  0x0000555555557b0d in InOrder (root=0x555555664dd0) at splay.cpp:254
#4  0x0000555555557abd in InOrder (root=0x555555617e70) at splay.cpp:252
#5  0x0000555555557abd in InOrder (root=0x5555558172b0) at splay.cpp:252
#6  0x0000555555557b0d in InOrder (root=0x55555581bcd0) at splay.cpp:254
#7  0x0000555555557b0d in InOrder (root=0x55555585c050) at splay.cpp:254
#8  0x0000555555557b0d in InOrder (root=0x555555869ed0) at splay.cpp:254
#9  0x0000555555557b0d in InOrder (root=0x55555564dcf0) at splay.cpp:254
#10 0x0000555555557abd in InOrder (root=0x555555874eb0) at splay.cpp:252
#11 0x0000555555557abd in InOrder (root=0x555555875650) at splay.cpp:252
#12 0x0000555555557abd in InOrder (root=0x555555586cd0) at splay.cpp:252
#13 0x0000555555557abd in InOrder (root=0x555555879110) at splay.cpp:252
#14 0x0000555555557abd in InOrder (root=0x555555621170) at splay.cpp:252
#15 0x0000555555557abd in InOrder (root=0x555555879dd0) at splay.cpp:252
#16 0x0000555555557abd in InOrder (root=0x5555556cd050) at splay.cpp:252
#17 0x0000555555557b0d in InOrder (root=0x55555587bbb0) at splay.cpp:254
#18 0x0000555555557b0d in InOrder (root=0x555555785af0) at splay.cpp:254
#19 0x0000555555557b0d in InOrder (root=0x5555557d17d0) at splay.cpp:254
#20 0x0000555555557abd in InOrder (root=0x5555556ae9b0) at splay.cpp:252
#21 0x0000555555557b0d in InOrder (root=0x55555587cbd0) at splay.cpp:254
#22 0x0000555555557abd in InOrder (root=0x55555587cf30) at splay.cpp:252
#23 0x0000555555557abd in InOrder (root=0x55555563a2f0) at splay.cpp:252
#24 0x0000555555557b0d in InOrder (root=0x555555581df0) at splay.cpp:254
#25 0x0000555555557b0d in InOrder (root=0x55555560ac10) at splay.cpp:254
#26 0x0000555555557b0d in InOrder (root=0x55555587d9b0) at splay.cpp:254
#27 0x0000555555557b0d in InOrder (root=0x555555794190) at splay.cpp:254
#28 0x0000555555557b0d in InOrder (root=0x555555771bf0) at splay.cpp:254
#29 0x0000555555557b0d in InOrder (root=0x55555587dad0) at splay.cpp:254
#30 0x0000555555557abd in InOrder (root=0x55555587d8d0) at splay.cpp:252
#31 0x0000555555557b0d in InOrder (root=0x5555557cfed0) at splay.cpp:254
#32 0x0000555555557b0d in InOrder (root=0x555555774190) at splay.cpp:254
#33 0x0000555555557b0d in InOrder (root=0x555555774870) at splay.cpp:254
#34 0x0000555555557abd in InOrder (root=0x55555587dcb0) at splay.cpp:252
#35 0x0000555555557b0d in InOrder (root=0x555555693810) at splay.cpp:254
#36 0x0000555555557b0d in InOrder (root=0x555555634c10) at splay.cpp:254
#37 0x0000555555557b0d in InOrder (root=0x55555587dcd0) at splay.cpp:254
#38 0x00005555555564fe in main (argc=3, argv=0x7fffffffdfb8) at main.cpp:35

247	
248	void InOrder(splay* root)
249	{
250		if(root)
251		{
252			InOrder(root->lchild);
253			std::cout<<std::bitset<16>(root->key)<<std::endl;
254			InOrder(root->rchild);
255		}
256	}

Backtrace END
Fliping a bit of the value pointed by a pointer
Fliping value of field: lchild
Fliping a bit of the pointer
Memory content before bitflip:0x700xe80x840x550x550x550x000x00
Fault Model: Double bit-flip
base address to flip value: 0x55555564dcf8
address max offset: 8
Memory content after  bitflip:0x700xe80x840x550x950x550x000x00
frame name: InOrder
symbol name: root
symbol filename: splay.cpp
symbol line: 248
value: 0x55555564dcf0
value address: 0x7fffffffd6c8
Type: The type is a pointer.
Type sizeof: 8

[INFO -- 2018-12-01 08:10:38]
Fault Injection Successful after 1.4540379047393799s
[INFO -- 2018-12-01 08:10:38]
event type: exit
[INFO -- 2018-12-01 08:10:38]
exit code: 0
