[INFO -- 2018-10-12 09:48:46]
Starting flip_value script
version: 1.1
[INFO -- 2018-10-12 09:48:46]
Initialization strings:
[INFO -- 2018-10-12 09:48:46]
(1) file /tmp/BTree/main
[INFO -- 2018-10-12 09:48:46]
(2)  set args /tmp/BTree/input_100000 /tmp/BTree/output_100000
[INFO -- 2018-10-12 09:48:46]
initSignal:0
[INFO -- 2018-10-12 09:48:46]
endSignal:2
[INFO -- 2018-10-12 09:48:46]
faultModel:2
[EXCEPTION -- 2018-10-12 09:48:46]
gdbException: Tentativo de desreferenciar um ponteiro genérico.
[INFO -- 2018-10-12 09:48:46]
Backtrace BEGIN:
#0  _int_malloc (av=av@entry=0x7ffff760fc40 <main_arena>, bytes=bytes@entry=32) at malloc.c:4100
#1  0x00007ffff72bb0fc in __GI___libc_malloc (bytes=32) at malloc.c:3057
#2  0x00007ffff7adf1a8 in operator new(unsigned long) () from /usr/lib/x86_64-linux-gnu/libstdc++.so.6
#3  0x00005555555560fc in BTreeNode::splitChild (this=0x55555585ab80, i=3, y=0x55555585adc0) at BTree.cpp:543
#4  0x000055555555608d in BTreeNode::insertNonFull (this=0x55555585ab80, k=0) at BTree.cpp:525
#5  0x00005555555560d9 in BTreeNode::insertNonFull (this=0x555555859c50, k=0) at BTree.cpp:533
#6  0x00005555555560d9 in BTreeNode::insertNonFull (this=0x555555858300, k=0) at BTree.cpp:533
#7  0x00005555555560d9 in BTreeNode::insertNonFull (this=0x555555858390, k=0) at BTree.cpp:533
#8  0x00005555555560d9 in BTreeNode::insertNonFull (this=0x555555858420, k=0) at BTree.cpp:533
#9  0x00005555555560d9 in BTreeNode::insertNonFull (this=0x555555858540, k=0) at BTree.cpp:533
#10 0x00005555555560d9 in BTreeNode::insertNonFull (this=0x5555558584b0, k=0) at BTree.cpp:533
#11 0x0000555555555f18 in BTree::insert (this=0x7fffffffddc0, k=0) at BTree.cpp:487
#12 0x0000555555556601 in main (argc=3, argv=0x7fffffffded8) at BTree.cpp:665

4095	malloc.c: Arquivo ou diretório inexistente.

Backtrace END
Fliping a bit of the pointer
Memory content before bitflip:0x900xc70x2b0xf70xff0x7f0x000x00
Fault Model: Random bit-flip
base address to flip value: 0x7ffff760fc28 
address max offset: 8
Memory content after  bitflip:0xfa0xbc0xae0x430x430xab0xe00x22
frame name: _int_malloc
symbol name: __realloc_hook
symbol filename: malloc.c
symbol line: 1868
value: 0x7ffff72bc790 <realloc_hook_ini>
value address: 0x7ffff760fc28 <__realloc_hook>
Type: The type is a pointer.
Type sizeof: 8

[INFO -- 2018-10-12 09:48:46]
Fault Injection Successful after 0.9263086318969727s
[INFO -- 2018-10-12 09:48:46]
event type: exit
[INFO -- 2018-10-12 09:48:46]
exit code: 0
