[INFO -- 2018-11-25 21:13:04]
Starting flip_value script
version: 1.1
[INFO -- 2018-11-25 21:13:04]
Initialization strings:
[INFO -- 2018-11-25 21:13:04]
(1) file /tmp/BTree-dup/main
[INFO -- 2018-11-25 21:13:04]
(2)  set args /tmp/BTree-dup/input_100000 /tmp/BTree-dup/output_100000 /tmp/BTree-dup-detection.log /tmp/BTree-dup/output2_100000
[INFO -- 2018-11-25 21:13:04]
initSignal:0
[INFO -- 2018-11-25 21:13:04]
endSignal:2
[INFO -- 2018-11-25 21:13:04]
faultModel:2
[EXCEPTION -- 2018-11-25 21:13:05]
pythonException: Unable to exit loop in struct fields; Exiting wihtout making a bit flip
[EXCEPTION -- 2018-11-25 21:13:05]
pythonException: Unable to exit loop in struct fields; Exiting wihtout making a bit flip
[EXCEPTION -- 2018-11-25 21:13:06]
pythonException: Unable to exit loop in struct fields; Exiting wihtout making a bit flip
[INFO -- 2018-11-25 21:13:06]
Backtrace BEGIN:
#0  0x00005555555565ad in BTreeNode::insertNonFull (this=0x555555da26e0, k=1212009) at BTree_dup.cpp:524
#1  0x0000555555556639 in BTreeNode::insertNonFull (this=0x555555da3c40, k=1212009) at BTree_dup.cpp:535
#2  0x0000555555556639 in BTreeNode::insertNonFull (this=0x555555d366e0, k=1212009) at BTree_dup.cpp:535
#3  0x0000555555556639 in BTreeNode::insertNonFull (this=0x555555dbe580, k=1212009) at BTree_dup.cpp:535
#4  0x0000555555556639 in BTreeNode::insertNonFull (this=0x555555ce1f30, k=1212009) at BTree_dup.cpp:535
#5  0x0000555555556478 in BTree::insert (this=0x7fffffffda50, k=1212009) at BTree_dup.cpp:489
#6  0x0000555555556c25 in runner (input=0x7fffffffe22a "/tmp/BTree-dup/input_100000") at BTree_dup.cpp:664
#7  0x0000555555556f7a in main (argc=5, argv=0x7fffffffde68) at BTree_dup.cpp:712

519			// Find the child which is going to have the new key
520			while (i >= 0 && keys[i] > k)
521				i--;
522	
523			// See if the found child is full
524			if (C[i+1]->n == 2*t-1)
525			{
526				// If the child is full, then split it
527				splitChild(i+1, C[i+1]);
528	

Backtrace END
Memory content before bitflip:0x690x7e0x120x00
Fault Model: Random bit-flip
base address to flip value: 0x7fffffffd964
address max offset: 4
Memory content after  bitflip:0x680x1d0x1a0x5b
frame name: BTreeNode::insertNonFull
symbol name: k
symbol filename: BTree_dup.cpp
symbol line: 496
value: 1528438120
value address: 0x7fffffffd964
Type: The type is an integer type.
Type sizeof: 4

[INFO -- 2018-11-25 21:13:06]
Fault Injection Successful after 2.4335198402404785s
[INFO -- 2018-11-25 21:13:07]
event type: exit
[INFO -- 2018-11-25 21:13:07]
exit code: 0
