[INFO -- 2018-11-30 17:49:11]
Starting flip_value script
version: 1.1
[INFO -- 2018-11-30 17:49:11]
Initialization strings:
[INFO -- 2018-11-30 17:49:11]
(1) file /tmp/splay/main
[INFO -- 2018-11-30 17:49:11]
(2) set args /tmp/splay/input_100000 /tmp/splay/output_100000
[INFO -- 2018-11-30 17:49:11]
initSignal:0
[INFO -- 2018-11-30 17:49:11]
endSignal:5
[INFO -- 2018-11-30 17:49:11]
faultModel:4
[INFO -- 2018-11-30 17:49:11]
Backtrace BEGIN:
#0  Splay (key=1934943, root=0x555555630910) at splay.cpp:60
#1  0x0000555555557916 in Insert (key=1934943, root=0x5555556c9590) at splay.cpp:145
#2  0x00005555555564bb in main (argc=3, argv=0x7fffffffdfb8) at main.cpp:31

55		 The zig/zag mode would only happen when cannot find key and will reach
56		 null on one side after RR or LL Rotation.
57		 */
58		while(1)
59		{
60			if(key < root->key)
61			{
62				if(!root->lchild)
63					break;
64				if(key < root->lchild->key)

Backtrace END
Fliping a bit of the pointer
Memory content before bitflip:0x900x950x6c0x550x550x550x000x00
Fault Model: LSB bit-flip
base address to flip value: 0x7fffffffdc10
address max offset: 8
Memory content after  bitflip:0x900x950x6c0x550x550x550x000x02
frame name: Insert
symbol name: root
symbol filename: splay.cpp
symbol line: 132
value: 0x5555556c9590
value address: 0x7fffffffdc10
Type: The type is a pointer.
Type sizeof: 8

[INFO -- 2018-11-30 17:49:11]
Fault Injection Successful after 0.7267985343933105s
[INFO -- 2018-11-30 17:49:12]
event type: exit
[INFO -- 2018-11-30 17:49:12]
exit code: 0
