[INFO -- 2018-10-12 02:19:34]
Starting flip_value script
version: 1.1
[INFO -- 2018-10-12 02:19:34]
Initialization strings:
[INFO -- 2018-10-12 02:19:34]
(1) file /tmp/BTree/main
[INFO -- 2018-10-12 02:19:34]
(2)  set args /tmp/BTree/input_100000 /tmp/BTree/output_100000
[INFO -- 2018-10-12 02:19:34]
initSignal:0
[INFO -- 2018-10-12 02:19:34]
endSignal:2
[INFO -- 2018-10-12 02:19:34]
faultModel:1
[INFO -- 2018-10-12 02:19:34]
Backtrace BEGIN:
#0  0x00005555555560d4 in BTreeNode::insertNonFull (this=0x555555a27320, k=1154673) at BTree.cpp:533
#1  0x0000555555555f18 in BTree::insert (this=0x7fffffffddc0, k=1154673) at BTree.cpp:487
#2  0x0000555555556601 in main (argc=3, argv=0x7fffffffded8) at BTree.cpp:665

528				// C[i] is splitted into two. See which of the two
529				// is going to have the new key
530				if (keys[i+1] < k)
531					i++;
532			}
533			C[i+1]->insertNonFull(k);
534		}
535	}
536	
537	// A utility function to split the child y of this node

Backtrace END
Memory content before bitflip:0x710x9e0x110x00
Fault Model: Double bit-flip
base address to flip value: 0x7fffffffdd64
address max offset: 4
Memory content after  bitflip:0x710xba0x110x00
frame name: BTree::insert
symbol name: k
symbol filename: BTree.cpp
symbol line: 452
value: 1161841
value address: 0x7fffffffdd64
Type: The type is an integer type.
Type sizeof: 4

[INFO -- 2018-10-12 02:19:34]
Fault Injection Successful after 0.8331632614135742s
[INFO -- 2018-10-12 02:19:35]
event type: exit
[INFO -- 2018-10-12 02:19:35]
exit code: 0
