[INFO -- 2018-12-08 23:44:43]
Starting flip_value script
version: 1.1
[INFO -- 2018-12-08 23:44:43]
Initialization strings:
[INFO -- 2018-12-08 23:44:43]
(1) file /tmp/Tree234/main
[INFO -- 2018-12-08 23:44:43]
(2) set args /tmp/Tree234/input_50000 /tmp/Tree234/output_50000
[INFO -- 2018-12-08 23:44:43]
initSignal:0
[INFO -- 2018-12-08 23:44:43]
endSignal:2
[INFO -- 2018-12-08 23:44:43]
faultModel:1
[EXCEPTION -- 2018-12-08 23:44:43]
gdbException: Attempt to dereference a generic pointer.
[INFO -- 2018-12-08 23:44:44]
event type: exit
[INFO -- 2018-12-08 23:44:44]
exit code: 0
