[INFO -- 2018-12-09 12:34:52]
sending 5 signals using command: 'killall -2 main' after 3.8779280349s
[INFO -- 2018-12-09 12:34:52]
sending 5 signals using command: 'killall -2 main' after 4.58612624648s
[INFO -- 2018-12-09 12:34:52]
sending 5 signals using command: 'killall -2 main' after 4.59164489914s
[INFO -- 2018-12-09 12:34:53]
Starting GDB script
[INFO -- 2018-12-09 12:34:53]
initSignal:0.0
[INFO -- 2018-12-09 12:34:53]
endSignal:5.0
[INFO -- 2018-12-09 12:34:53]
sending 5 signals using command: 'killall -2 main' after 0.549615854504s
[INFO -- 2018-12-09 12:34:54]
sending 5 signals using command: 'killall -2 main' after 1.67560804671s
[INFO -- 2018-12-09 12:34:54]
sending 5 signals using command: 'killall -2 main' after 1.72771312663s
[INFO -- 2018-12-09 12:35:53]
Execution did not finish before waitTime
