[INFO -- 2018-12-01 02:08:20]
Starting flip_value script
version: 1.1
[INFO -- 2018-12-01 02:08:20]
Initialization strings:
[INFO -- 2018-12-01 02:08:20]
(1) file /tmp/splay/main
[INFO -- 2018-12-01 02:08:20]
(2) set args /tmp/splay/input_100000 /tmp/splay/output_100000
[INFO -- 2018-12-01 02:08:20]
initSignal:0
[INFO -- 2018-12-01 02:08:20]
endSignal:5
[INFO -- 2018-12-01 02:08:20]
faultModel:1
[INFO -- 2018-12-01 02:08:21]
Backtrace BEGIN:
#0  0x0000555555557f2e in std::bitset<16ul>::_Unchecked_test (this=0x7fffffffd7c0, __pos=0) at /usr/include/c++/8/bitset:1063
#1  0x0000555555557eb3 in std::bitset<16ul>::_M_copy_to_string<char, std::char_traits<char>, std::allocator<char> > (this=0x7fffffffd7c0, __s="1100001001100010", __zero=48 '0', __one=49 '1') at /usr/include/c++/8/bitset:1413
#2  0x0000555555557ded in std::operator<< <char, std::char_traits<char>, 16ul> (__os=..., __x=std::bitset = {...}) at /usr/include/c++/8/bitset:1542
#3  0x0000555555557ae8 in InOrder (root=0x5555557a1b50) at splay.cpp:253
#4  0x0000555555557abd in InOrder (root=0x5555555c69f0) at splay.cpp:252
#5  0x0000555555557b0d in InOrder (root=0x555555853bd0) at splay.cpp:254
#6  0x0000555555557b0d in InOrder (root=0x5555557e4530) at splay.cpp:254
#7  0x0000555555557b0d in InOrder (root=0x55555557b250) at splay.cpp:254
#8  0x0000555555557abd in InOrder (root=0x5555557dd050) at splay.cpp:252
#9  0x0000555555557b0d in InOrder (root=0x555555861a10) at splay.cpp:254
#10 0x0000555555557abd in InOrder (root=0x555555877bd0) at splay.cpp:252
#11 0x0000555555557abd in InOrder (root=0x5555558443b0) at splay.cpp:252
#12 0x0000555555557abd in InOrder (root=0x55555578c9f0) at splay.cpp:252
#13 0x0000555555557b0d in InOrder (root=0x555555675c10) at splay.cpp:254
#14 0x0000555555557b0d in InOrder (root=0x55555587a350) at splay.cpp:254
#15 0x0000555555557b0d in InOrder (root=0x55555587b8f0) at splay.cpp:254
#16 0x0000555555557b0d in InOrder (root=0x5555557f0170) at splay.cpp:254
#17 0x0000555555557abd in InOrder (root=0x55555587bb30) at splay.cpp:252
#18 0x0000555555557abd in InOrder (root=0x55555587c850) at splay.cpp:252
#19 0x0000555555557b0d in InOrder (root=0x5555555d0d10) at splay.cpp:254
#20 0x0000555555557b0d in InOrder (root=0x55555587d430) at splay.cpp:254
#21 0x0000555555557b0d in InOrder (root=0x5555556f88b0) at splay.cpp:254
#22 0x0000555555557b0d in InOrder (root=0x55555574fdf0) at splay.cpp:254
#23 0x0000555555557abd in InOrder (root=0x555555683210) at splay.cpp:252
#24 0x0000555555557abd in InOrder (root=0x55555587dc90) at splay.cpp:252
#25 0x0000555555557abd in InOrder (root=0x555555696ef0) at splay.cpp:252
#26 0x0000555555557abd in InOrder (root=0x55555587dcd0) at splay.cpp:252
#27 0x00005555555564fe in main (argc=3, argv=0x7fffffffdfb8) at main.cpp:35

1058	      }
1059	
1060	      _GLIBCXX_CONSTEXPR bool
1061	      _Unchecked_test(size_t __pos) const _GLIBCXX_NOEXCEPT
1062	      { return ((this->_M_getword(__pos) & _Base::_S_maskbit(__pos))
1063			!= static_cast<_WordT>(0)); }
1064	      //@}
1065	
1066	      // Set, reset, and flip.
1067	      /**

Backtrace END
Fliping a bit of the value pointed by a pointer
Fliping value of field: lchild
Fliping a bit of the pointer
Memory content before bitflip:0x500x080x820x550x550x550x000x00
Fault Model: Double bit-flip
base address to flip value: 0x5555557f0178
address max offset: 8
Memory content after  bitflip:0x740x080x820x550x550x550x000x00
frame name: InOrder
symbol name: root
symbol filename: splay.cpp
symbol line: 248
value: 0x5555557f0170
value address: 0x7fffffffda28
Type: The type is a pointer.
Type sizeof: 8

[INFO -- 2018-12-01 02:08:21]
Fault Injection Successful after 1.0251247882843018s
[INFO -- 2018-12-01 02:08:21]
event type: exit
[INFO -- 2018-12-01 02:08:21]
exit code: 0
