[INFO -- 2018-12-01 06:16:09]
sending 5 signals using command: 'killall -2 main' after 2.45164518868s
[INFO -- 2018-12-01 06:16:11]
sending 5 signals using command: 'killall -2 main' after 4.1326800018s
[INFO -- 2018-12-01 06:16:11]
sending 5 signals using command: 'killall -2 main' after 4.68875054369s
[INFO -- 2018-12-01 06:16:11]
Starting GDB script
[INFO -- 2018-12-01 06:16:11]
initSignal:0.0
[INFO -- 2018-12-01 06:16:11]
endSignal:5.0
[INFO -- 2018-12-01 06:16:12]
sending 5 signals using command: 'killall -2 main' after 0.301975603227s
[INFO -- 2018-12-01 06:16:13]
sending 5 signals using command: 'killall -2 main' after 1.20786160836s
[INFO -- 2018-12-01 06:16:13]
sending 5 signals using command: 'killall -2 main' after 1.40199545908s
[INFO -- 2018-12-01 06:16:13]
Execution finished before waitTime
