[INFO -- 2018-10-16 20:00:24]
Starting flip_value script
version: 1.1
[INFO -- 2018-10-16 20:00:24]
Initialization strings:
[INFO -- 2018-10-16 20:00:24]
(1) file /tmp/RBTree/main
[INFO -- 2018-10-16 20:00:24]
(2) set args  /tmp/RBTree/input_ /tmp/RBTree/output_
[INFO -- 2018-10-16 20:00:24]
initSignal:0
[INFO -- 2018-10-16 20:00:24]
endSignal:2
[INFO -- 2018-10-16 20:00:24]
faultModel:4
[INFO -- 2018-10-16 20:00:24]
Backtrace BEGIN:
#0  0x00007ffff7334154 in __GI___libc_write (fd=1, buf=0x5555559b9860, nbytes=21) at ../sysdeps/unix/sysv/linux/write.c:27
#1  0x00007ffff72af1bd in _IO_new_file_write (f=0x7ffff7610760 <_IO_2_1_stdout_>, data=0x5555559b9860, n=21) at fileops.c:1203
#2  0x00007ffff72b0f51 in new_do_write (to_do=21, data=0x5555559b9860 "0011101101001000 001\n", fp=0x7ffff7610760 <_IO_2_1_stdout_>) at fileops.c:457
#3  _IO_new_do_write (fp=0x7ffff7610760 <_IO_2_1_stdout_>, data=0x5555559b9860 "0011101101001000 001\n", to_do=21) at fileops.c:433
#4  0x00007ffff72ae788 in _IO_new_file_sync (fp=0x7ffff7610760 <_IO_2_1_stdout_>) at fileops.c:813
#5  0x00007ffff72a287d in __GI__IO_fflush (fp=0x7ffff7610760 <_IO_2_1_stdout_>) at iofflush.c:40
#6  0x00007ffff7b5ef5e in std::ostream::flush() () from /usr/lib/x86_64-linux-gnu/libstdc++.so.6
#7  0x00005555555577ea in RBTree::inorderBST (this=0x7fffffffdc00, ptr=@0x5555557f9458: 0x55555587b530) at RBTree.cpp:276
#8  0x000055555555776a in RBTree::inorderBST (this=0x7fffffffdc00, ptr=@0x5555557ab6a0: 0x5555557f9450) at RBTree.cpp:271
#9  0x0000555555557804 in RBTree::inorderBST (this=0x7fffffffdc00, ptr=@0x5555557cb110: 0x5555557ab690) at RBTree.cpp:279
#10 0x0000555555557804 in RBTree::inorderBST (this=0x7fffffffdc00, ptr=@0x5555557a9688: 0x5555557cb100) at RBTree.cpp:279
#11 0x000055555555776a in RBTree::inorderBST (this=0x7fffffffdc00, ptr=@0x5555557e4cd0: 0x5555557a9680) at RBTree.cpp:271
#12 0x0000555555557804 in RBTree::inorderBST (this=0x7fffffffdc00, ptr=@0x55555580cb38: 0x5555557e4cc0) at RBTree.cpp:279
#13 0x000055555555776a in RBTree::inorderBST (this=0x7fffffffdc00, ptr=@0x555555770780: 0x55555580cb30) at RBTree.cpp:271
#14 0x0000555555557804 in RBTree::inorderBST (this=0x7fffffffdc00, ptr=@0x55555577a050: 0x555555770770) at RBTree.cpp:279
#15 0x0000555555557804 in RBTree::inorderBST (this=0x7fffffffdc00, ptr=@0x555555774df8: 0x55555577a040) at RBTree.cpp:279
#16 0x000055555555776a in RBTree::inorderBST (this=0x7fffffffdc00, ptr=@0x55555576fdf0: 0x555555774df0) at RBTree.cpp:271
#17 0x0000555555557804 in RBTree::inorderBST (this=0x7fffffffdc00, ptr=@0x555555771710: 0x55555576fde0) at RBTree.cpp:279
#18 0x0000555555557804 in RBTree::inorderBST (this=0x7fffffffdc00, ptr=@0x55555576fe80: 0x555555771700) at RBTree.cpp:279
#19 0x0000555555557804 in RBTree::inorderBST (this=0x7fffffffdc00, ptr=@0x555555771a38: 0x55555576fe70) at RBTree.cpp:279
#20 0x000055555555776a in RBTree::inorderBST (this=0x7fffffffdc00, ptr=@0x55555576fa60: 0x555555771a30) at RBTree.cpp:271
#21 0x0000555555557804 in RBTree::inorderBST (this=0x7fffffffdc00, ptr=@0x7fffffffdc00: 0x55555576fa50) at RBTree.cpp:279
#22 0x0000555555557841 in RBTree::inorder (this=0x7fffffffdc00) at RBTree.cpp:283
#23 0x000055555555564c in main (argc=3, argv=0x7fffffffdf38) at main.cpp:58

22	../sysdeps/unix/sysv/linux/write.c: Arquivo ou diretório inexistente.

Backtrace END
Fliping a bit of the reference
Memory content before bitflip:0x700xfe0x760x550x550x550x000x00
Fault Model: LSB bit-flip
base address to flip value: 0x555555771a38
address max offset: 8
Memory content after  bitflip:0x700xfe0x760x550x550x550x000x01
frame name: RBTree::inorderBST
symbol name: ptr
symbol filename: RBTree.cpp
symbol line: 267
value: @0x555555771a38
value address: 0x555555771a38
Type: A reference type.
Type sizeof: 8

[INFO -- 2018-10-16 20:00:24]
Fault Injection Successful after 0.7958123683929443s
[INFO -- 2018-10-16 20:00:24]
event type: exit
[INFO -- 2018-10-16 20:00:24]
exit code: 0
