[INFO -- 2018-11-25 23:28:04]
Starting flip_value script
version: 1.1
[INFO -- 2018-11-25 23:28:04]
Initialization strings:
[INFO -- 2018-11-25 23:28:04]
(1) file /tmp/BTree-dup/main
[INFO -- 2018-11-25 23:28:04]
(2)  set args /tmp/BTree-dup/input_100000 /tmp/BTree-dup/output_100000 /tmp/BTree-dup-detection.log /tmp/BTree-dup/output2_100000
[INFO -- 2018-11-25 23:28:04]
initSignal:0
[INFO -- 2018-11-25 23:28:04]
endSignal:2
[INFO -- 2018-11-25 23:28:04]
faultModel:4
[INFO -- 2018-11-25 23:28:07]
Backtrace BEGIN:
#0  0x0000555555557226 in std::_Base_bitset<1ul>::_S_whichbit (__pos=1) at /usr/include/c++/7/bitset:398
#1  0x000055555555724b in std::_Base_bitset<1ul>::_S_maskbit (__pos=0) at /usr/include/c++/7/bitset:403
#2  0x000055555555790d in std::bitset<16ul>::_Unchecked_test (this=0x7fffffffdac0, __pos=0) at /usr/include/c++/7/bitset:1058
#3  0x0000555555557681 in std::bitset<16ul>::_M_copy_to_string<char, std::char_traits<char>, std::allocator<char> > (this=0x7fffffffdac0, __s="0111010100100100", __zero=48 '0', __one=49 '1') at /usr/include/c++/7/bitset:1409
#4  0x00005555555573d7 in std::operator<< <char, std::char_traits<char>, 16ul> (__os=..., __x=std::bitset = {...}) at /usr/include/c++/7/bitset:1538
#5  0x0000555555556912 in BTreeNode::traverse (this=0x555555a90b00) at BTree_dup.cpp:594
#6  0x00005555555568d7 in BTreeNode::traverse (this=0x55555584c390) at BTree_dup.cpp:593
#7  0x00005555555568d7 in BTreeNode::traverse (this=0x555555a4ef20) at BTree_dup.cpp:593
#8  0x00005555555568d7 in BTreeNode::traverse (this=0x5555558c0bb0) at BTree_dup.cpp:593
#9  0x00005555555568d7 in BTreeNode::traverse (this=0x555555a2a1a0) at BTree_dup.cpp:593
#10 0x000055555555695f in BTreeNode::traverse (this=0x555555a2aa10) at BTree_dup.cpp:599
#11 0x00005555555568d7 in BTreeNode::traverse (this=0x555555a2aaa0) at BTree_dup.cpp:593
#12 0x00005555555568d7 in BTreeNode::traverse (this=0x555555a2abc0) at BTree_dup.cpp:593
#13 0x000055555555695f in BTreeNode::traverse (this=0x555555a2ab30) at BTree_dup.cpp:599
#14 0x00005555555572bb in BTree::traverse (this=0x7fffffffdd40) at BTree_dup.cpp:139
#15 0x0000555555556fbd in main (argc=5, argv=0x7fffffffde68) at BTree_dup.cpp:718

393	      static _GLIBCXX_CONSTEXPR size_t
394	      _S_whichbyte(size_t __pos) _GLIBCXX_NOEXCEPT
395	      { return (__pos % _GLIBCXX_BITSET_BITS_PER_WORD) / __CHAR_BIT__; }
396	
397	      static _GLIBCXX_CONSTEXPR size_t
398	      _S_whichbit(size_t __pos) _GLIBCXX_NOEXCEPT
399	      {  return __pos % _GLIBCXX_BITSET_BITS_PER_WORD; }
400	
401	      static _GLIBCXX_CONSTEXPR _WordT
402	      _S_maskbit(size_t __pos) _GLIBCXX_NOEXCEPT

Backtrace END
Memory content before bitflip:0x010x000x000x000x000x000x000x00
Fault Model: LSB bit-flip
base address to flip value: 0x7fffffffd988
address max offset: 8
Memory content after  bitflip:0x010x000x000x000x000x000x000x20
frame name: std::_Base_bitset<1ul>::_S_whichbit
symbol name: __pos
symbol filename: /usr/include/c++/7/bitset
symbol line: 398
value: 2305843009213693953
value address: 0x7fffffffd988
Type: The type is an integer type.
Type sizeof: 8

[INFO -- 2018-11-25 23:28:07]
Fault Injection Successful after 3.0622520446777344s
[INFO -- 2018-11-25 23:28:07]
event type: exit
[INFO -- 2018-11-25 23:28:07]
exit code: 0
