[INFO -- 2018-12-01 05:44:03]
Starting flip_value script
version: 1.1
[INFO -- 2018-12-01 05:44:03]
Initialization strings:
[INFO -- 2018-12-01 05:44:03]
(1) file /tmp/splay/main
[INFO -- 2018-12-01 05:44:03]
(2) set args /tmp/splay/input_100000 /tmp/splay/output_100000
[INFO -- 2018-12-01 05:44:03]
initSignal:0
[INFO -- 2018-12-01 05:44:03]
endSignal:5
[INFO -- 2018-12-01 05:44:03]
faultModel:3
[INFO -- 2018-12-01 05:44:04]
Backtrace BEGIN:
#0  0x00007ffff7d34fd4 in __GI___libc_write (fd=1, buf=0x55555587dcf0, nbytes=17) at ../sysdeps/unix/sysv/linux/write.c:26
#1  0x00007ffff7cb633d in _IO_new_file_write (f=0x7ffff7e10760 <_IO_2_1_stdout_>, data=0x55555587dcf0, n=17) at fileops.c:1183
#2  0x00007ffff7cb7a71 in new_do_write (to_do=17, data=0x55555587dcf0 "1010111011000110\n", fp=0x7ffff7e10760 <_IO_2_1_stdout_>) at libioP.h:839
#3  _IO_new_do_write (fp=0x7ffff7e10760 <_IO_2_1_stdout_>, data=0x55555587dcf0 "1010111011000110\n", to_do=17) at fileops.c:433
#4  0x00007ffff7cb56f8 in _IO_new_file_sync (fp=0x7ffff7e10760 <_IO_2_1_stdout_>) at fileops.c:819
#5  0x00007ffff7caa32d in __GI__IO_fflush (fp=0x7ffff7e10760 <_IO_2_1_stdout_>) at libioP.h:839
#6  0x00007ffff7f4201e in std::ostream::flush() () from /usr/lib/x86_64-linux-gnu/libstdc++.so.6
#7  0x0000555555557afd in InOrder (root=0x55555563a910) at splay.cpp:253
#8  0x0000555555557abd in InOrder (root=0x555555589570) at splay.cpp:252
#9  0x0000555555557abd in InOrder (root=0x555555765210) at splay.cpp:252
#10 0x0000555555557abd in InOrder (root=0x5555556889b0) at splay.cpp:252
#11 0x0000555555557abd in InOrder (root=0x5555557f60d0) at splay.cpp:252
#12 0x0000555555557abd in InOrder (root=0x5555555c7ff0) at splay.cpp:252
#13 0x0000555555557abd in InOrder (root=0x5555557a6b30) at splay.cpp:252
#14 0x0000555555557b0d in InOrder (root=0x55555559aab0) at splay.cpp:254
#15 0x0000555555557abd in InOrder (root=0x555555623b90) at splay.cpp:252
#16 0x0000555555557b0d in InOrder (root=0x5555558411b0) at splay.cpp:254
#17 0x0000555555557abd in InOrder (root=0x5555557bef90) at splay.cpp:252
#18 0x0000555555557abd in InOrder (root=0x555555863150) at splay.cpp:252
#19 0x0000555555557abd in InOrder (root=0x5555558711b0) at splay.cpp:252
#20 0x0000555555557abd in InOrder (root=0x5555558525f0) at splay.cpp:252
#21 0x0000555555557b0d in InOrder (root=0x555555877630) at splay.cpp:254
#22 0x0000555555557b0d in InOrder (root=0x555555692010) at splay.cpp:254
#23 0x0000555555557b0d in InOrder (root=0x5555558797f0) at splay.cpp:254
#24 0x0000555555557b0d in InOrder (root=0x5555555f3ed0) at splay.cpp:254
#25 0x0000555555557abd in InOrder (root=0x5555557fcf50) at splay.cpp:252
#26 0x0000555555557b0d in InOrder (root=0x55555587a310) at splay.cpp:254
#27 0x0000555555557b0d in InOrder (root=0x555555879c50) at splay.cpp:254
#28 0x0000555555557abd in InOrder (root=0x55555579ee70) at splay.cpp:252
#29 0x0000555555557b0d in InOrder (root=0x55555561dad0) at splay.cpp:254
#30 0x0000555555557abd in InOrder (root=0x55555587af50) at splay.cpp:252
#31 0x0000555555557b0d in InOrder (root=0x55555587c090) at splay.cpp:254
#32 0x0000555555557abd in InOrder (root=0x55555587d0f0) at splay.cpp:252
#33 0x0000555555557b0d in InOrder (root=0x55555587d450) at splay.cpp:254
#34 0x0000555555557abd in InOrder (root=0x55555567e570) at splay.cpp:252
#35 0x0000555555557abd in InOrder (root=0x55555587d2f0) at splay.cpp:252
#36 0x0000555555557b0d in InOrder (root=0x55555571f9f0) at splay.cpp:254
#37 0x0000555555557b0d in InOrder (root=0x55555570b550) at splay.cpp:254
#38 0x0000555555557abd in InOrder (root=0x555555774070) at splay.cpp:252
#39 0x0000555555557abd in InOrder (root=0x55555587da50) at splay.cpp:252
#40 0x0000555555557abd in InOrder (root=0x5555555d7910) at splay.cpp:252
#41 0x0000555555557b0d in InOrder (root=0x55555587d8d0) at splay.cpp:254
#42 0x0000555555557b0d in InOrder (root=0x5555557cfed0) at splay.cpp:254
#43 0x0000555555557b0d in InOrder (root=0x555555774190) at splay.cpp:254
#44 0x0000555555557b0d in InOrder (root=0x555555774870) at splay.cpp:254
#45 0x0000555555557abd in InOrder (root=0x55555587dcb0) at splay.cpp:252
#46 0x0000555555557b0d in InOrder (root=0x555555693810) at splay.cpp:254
#47 0x0000555555557b0d in InOrder (root=0x555555634c10) at splay.cpp:254
#48 0x0000555555557b0d in InOrder (root=0x55555587dcd0) at splay.cpp:254
#49 0x00005555555564fe in main (argc=3, argv=0x7fffffffdfb8) at main.cpp:35

21	in ../sysdeps/unix/sysv/linux/write.c

Backtrace END
Fliping a bit of the value pointed by a pointer
Fliping value of field: rchild
Fliping a bit of the pointer
Memory content before bitflip:0x000x000x000x000x000x000x000x00
Fault Model: Zero bit-flip
base address to flip value: 0x55555579ee80
address max offset: 8
Memory content after  bitflip:0x000x000x000x000x000x000x000x00
frame name: InOrder
symbol name: root
symbol filename: splay.cpp
symbol line: 248
value: 0x55555579ee70
value address: 0x7fffffffd848
Type: The type is a pointer.
Type sizeof: 8

[INFO -- 2018-12-01 05:44:04]
Fault Injection Successful after 1.3931903839111328s
[INFO -- 2018-12-01 05:44:04]
event type: exit
[INFO -- 2018-12-01 05:44:04]
exit code: 0
