[INFO -- 2018-11-25 15:55:10]
Starting flip_value script
version: 1.1
[INFO -- 2018-11-25 15:55:10]
Initialization strings:
[INFO -- 2018-11-25 15:55:10]
(1) file /tmp/BTree-dup/main
[INFO -- 2018-11-25 15:55:10]
(2)  set args /tmp/BTree-dup/input_100000 /tmp/BTree-dup/output_100000 /tmp/BTree-dup-detection.log /tmp/BTree-dup/output2_100000
[INFO -- 2018-11-25 15:55:10]
initSignal:0
[INFO -- 2018-11-25 15:55:10]
endSignal:2
[INFO -- 2018-11-25 15:55:10]
faultModel:1
[INFO -- 2018-11-25 15:55:11]
Backtrace BEGIN:
#0  0x000055555555689f in BTreeNode::traverse (this=0x555555a7a8a0) at BTree_dup.cpp:588
#1  0x00005555555568d7 in BTreeNode::traverse (this=0x555555a77060) at BTree_dup.cpp:593
#2  0x000055555555695f in BTreeNode::traverse (this=0x555555a71780) at BTree_dup.cpp:599
#3  0x00005555555568d7 in BTreeNode::traverse (this=0x5555557776c0) at BTree_dup.cpp:593
#4  0x00005555555568d7 in BTreeNode::traverse (this=0x555555b1c780) at BTree_dup.cpp:593
#5  0x000055555555695f in BTreeNode::traverse (this=0x555555b1c810) at BTree_dup.cpp:599
#6  0x00005555555568d7 in BTreeNode::traverse (this=0x555555a2aaa0) at BTree_dup.cpp:593
#7  0x00005555555568d7 in BTreeNode::traverse (this=0x555555a2abc0) at BTree_dup.cpp:593
#8  0x000055555555695f in BTreeNode::traverse (this=0x555555a2ab30) at BTree_dup.cpp:599
#9  0x00005555555572bb in BTree::traverse (this=0x7fffffffdd40) at BTree_dup.cpp:139
#10 0x0000555555556fbd in main (argc=5, argv=0x7fffffffde68) at BTree_dup.cpp:718

583	void BTreeNode::traverse()
584	{
585		// There are n keys and n+1 children, travers through n keys
586		// and first n children
587		int i;
588		for (i = 0; i < n; i++)
589		{
590			// If this is not leaf, then before printing key[i],
591			// traverse the subtree rooted with child C[i].
592			if (leaf == false)

Backtrace END
Fliping a bit of the pointer
Memory content before bitflip:0x100xc80xb10x550x550x550x000x00
Fault Model: Double bit-flip
base address to flip value: 0x7fffffffdbe8
address max offset: 8
Memory content after  bitflip:0x100xc80x990x550x550x550x000x00
frame name: BTreeNode::traverse
symbol name: this
symbol filename: BTree_dup.cpp
symbol line: 0
value: 0x555555b1c810
value address: 0x7fffffffdbe8
Type: The type is a pointer.
Type sizeof: 8

[INFO -- 2018-11-25 15:55:11]
Fault Injection Successful after 1.5334968566894531s
[INFO -- 2018-11-25 15:55:12]
event type: exit
[INFO -- 2018-11-25 15:55:12]
exit code: 0
