[INFO -- 2018-10-12 00:38:38]
sending 5 signals using command: 'killall -2 main' after 1.66937543166s
[INFO -- 2018-10-12 00:38:38]
sending 5 signals using command: 'killall -2 main' after 1.7405105196s
[INFO -- 2018-10-12 00:38:38]
sending 5 signals using command: 'killall -2 main' after 1.81658253476s
[INFO -- 2018-10-12 00:38:39]
Starting GDB script
[INFO -- 2018-10-12 00:38:39]
initSignal:0.0
[INFO -- 2018-10-12 00:38:39]
endSignal:2.0
[INFO -- 2018-10-12 00:38:39]
sending 5 signals using command: 'killall -2 main' after 0.0768343434893s
[INFO -- 2018-10-12 00:38:40]
sending 5 signals using command: 'killall -2 main' after 0.980463719332s
[INFO -- 2018-10-12 00:38:40]
sending 5 signals using command: 'killall -2 main' after 1.22131541841s
[INFO -- 2018-10-12 00:38:40]
Execution finished before waitTime
