[INFO -- 2018-12-09 02:07:37]
Starting flip_value script
version: 1.1
[INFO -- 2018-12-09 02:07:37]
Initialization strings:
[INFO -- 2018-12-09 02:07:37]
(1) file /tmp/Tree234/main
[INFO -- 2018-12-09 02:07:37]
(2) set args /tmp/Tree234/input_50000 /tmp/Tree234/output_50000
[INFO -- 2018-12-09 02:07:37]
initSignal:0
[INFO -- 2018-12-09 02:07:37]
endSignal:2
[INFO -- 2018-12-09 02:07:37]
faultModel:2
[EXCEPTION -- 2018-12-09 02:07:38]
gdbException: Attempt to dereference a generic pointer.
[INFO -- 2018-12-09 02:07:38]
event type: exit
[INFO -- 2018-12-09 02:07:38]
exit code: 0
