[INFO -- 2018-10-12 01:51:15]
Starting flip_value script
version: 1.1
[INFO -- 2018-10-12 01:51:15]
Initialization strings:
[INFO -- 2018-10-12 01:51:15]
(1) file /tmp/BTree/main
[INFO -- 2018-10-12 01:51:15]
(2)  set args /tmp/BTree/input_100000 /tmp/BTree/output_100000
[INFO -- 2018-10-12 01:51:15]
initSignal:0
[INFO -- 2018-10-12 01:51:15]
endSignal:2
[INFO -- 2018-10-12 01:51:15]
faultModel:4
[EXCEPTION -- 2018-10-12 01:51:16]
pythonException: Unable to exit loop in struct fields; Exiting wihtout making a bit flip
[EXCEPTION -- 2018-10-12 01:51:16]
pythonException: Unable to exit loop in struct fields; Exiting wihtout making a bit flip
[INFO -- 2018-10-12 01:51:16]
event type: exit
[INFO -- 2018-10-12 01:51:16]
exit code: 0
