[INFO -- 2018-11-26 00:35:19]
Starting flip_value script
version: 1.1
[INFO -- 2018-11-26 00:35:19]
Initialization strings:
[INFO -- 2018-11-26 00:35:19]
(1) file /tmp/BTree-dup/main
[INFO -- 2018-11-26 00:35:19]
(2)  set args /tmp/BTree-dup/input_100000 /tmp/BTree-dup/output_100000 /tmp/BTree-dup-detection.log /tmp/BTree-dup/output2_100000
[INFO -- 2018-11-26 00:35:19]
initSignal:0
[INFO -- 2018-11-26 00:35:19]
endSignal:2
[INFO -- 2018-11-26 00:35:19]
faultModel:1
[INFO -- 2018-11-26 00:35:20]
Backtrace BEGIN:
#0  0x00005555555565ad in BTreeNode::insertNonFull (this=0x555555a2ab30, k=4097704) at BTree_dup.cpp:524
#1  0x0000555555556478 in BTree::insert (this=0x7fffffffda50, k=4097704) at BTree_dup.cpp:489
#2  0x0000555555556c25 in runner (input=0x7fffffffe22a "/tmp/BTree-dup/input_100000") at BTree_dup.cpp:664
#3  0x0000555555556f51 in main (argc=5, argv=0x7fffffffde68) at BTree_dup.cpp:711

519			// Find the child which is going to have the new key
520			while (i >= 0 && keys[i] > k)
521				i--;
522	
523			// See if the found child is full
524			if (C[i+1]->n == 2*t-1)
525			{
526				// If the child is full, then split it
527				splitChild(i+1, C[i+1]);
528	

Backtrace END
Memory content before bitflip:0xa80x860x3e0x00
Fault Model: Double bit-flip
base address to flip value: 0x7fffffffd9f4
address max offset: 4
Memory content after  bitflip:0xa80x860x7a0x00
frame name: BTree::insert
symbol name: k
symbol filename: BTree_dup.cpp
symbol line: 454
value: 8029864
value address: 0x7fffffffd9f4
Type: The type is an integer type.
Type sizeof: 4

[INFO -- 2018-11-26 00:35:20]
Fault Injection Successful after 1.7073085308074951s
[INFO -- 2018-11-26 00:35:21]
event type: exit
[INFO -- 2018-11-26 00:35:21]
exit code: 0
