[INFO -- 2018-11-25 22:30:14]
Starting flip_value script
version: 1.1
[INFO -- 2018-11-25 22:30:14]
Initialization strings:
[INFO -- 2018-11-25 22:30:15]
(1) file /tmp/BTree-dup/main
[INFO -- 2018-11-25 22:30:15]
(2)  set args /tmp/BTree-dup/input_100000 /tmp/BTree-dup/output_100000 /tmp/BTree-dup-detection.log /tmp/BTree-dup/output2_100000
[INFO -- 2018-11-25 22:30:15]
initSignal:0
[INFO -- 2018-11-25 22:30:15]
endSignal:2
[INFO -- 2018-11-25 22:30:15]
faultModel:0
[EXCEPTION -- 2018-11-25 22:30:15]
gdbException: Tentativo de desreferenciar um ponteiro genérico.
[INFO -- 2018-11-25 22:30:16]
Backtrace BEGIN:
#0  0x0000555555556938 in BTreeNode::traverse (this=0x555555af1280) at BTree_dup.cpp:598
#1  0x00005555555568d7 in BTreeNode::traverse (this=0x55555586e4a0) at BTree_dup.cpp:593
#2  0x000055555555695f in BTreeNode::traverse (this=0x5555557ffcb0) at BTree_dup.cpp:599
#3  0x000055555555695f in BTreeNode::traverse (this=0x5555559d13a0) at BTree_dup.cpp:599
#4  0x00005555555568d7 in BTreeNode::traverse (this=0x5555559e9cd0) at BTree_dup.cpp:593
#5  0x000055555555695f in BTreeNode::traverse (this=0x5555557e48c0) at BTree_dup.cpp:599
#6  0x00005555555568d7 in BTreeNode::traverse (this=0x5555558c0e80) at BTree_dup.cpp:593
#7  0x00005555555568d7 in BTreeNode::traverse (this=0x555555a2abc0) at BTree_dup.cpp:593
#8  0x000055555555695f in BTreeNode::traverse (this=0x555555a2ab30) at BTree_dup.cpp:599
#9  0x00005555555572bb in BTree::traverse (this=0x7fffffffdd40) at BTree_dup.cpp:139
#10 0x0000555555556fbd in main (argc=5, argv=0x7fffffffde68) at BTree_dup.cpp:718

593				C[i]->traverse();
594			cout << std::bitset<16>(keys[i]) << endl;
595		}
596	
597		// Print the subtree rooted with last child
598		if (leaf == false)
599			C[i]->traverse();
600	}
601	
602	// Function to search key k in subtree rooted with this node

Backtrace END
Fliping a bit of the value pointed by a pointer
Fliping value of field: C
Fliping a bit of the pointer
Memory content before bitflip:0x800xab0xa20x550x550x550x000x00
Fault Model: Single bit-flip
base address to flip value: 0x555555a2ab40
address max offset: 8
Memory content after  bitflip:0x800xab0xa20x550x550x550x010x00
frame name: BTreeNode::traverse
symbol name: this
symbol filename: BTree_dup.cpp
symbol line: 0
value: 0x555555a2ab30
value address: 0x7fffffffdca8
Type: The type is a pointer.
Type sizeof: 8

[INFO -- 2018-11-25 22:30:16]
Fault Injection Successful after 1.2876965999603271s
[INFO -- 2018-11-25 22:30:16]
event type: exit
[INFO -- 2018-11-25 22:30:16]
exit code: 0
