[INFO -- 2018-12-01 12:32:41]
Starting flip_value script
version: 1.1
[INFO -- 2018-12-01 12:32:41]
Initialization strings:
[INFO -- 2018-12-01 12:32:41]
(1) file /tmp/splay/main
[INFO -- 2018-12-01 12:32:41]
(2) set args /tmp/splay/input_100000 /tmp/splay/output_100000
[INFO -- 2018-12-01 12:32:41]
initSignal:0
[INFO -- 2018-12-01 12:32:41]
endSignal:5
[INFO -- 2018-12-01 12:32:41]
faultModel:2
[INFO -- 2018-12-01 12:32:42]
Backtrace BEGIN:
#0  0x00007ffff7ec0407 in __dynamic_cast () from /usr/lib/x86_64-linux-gnu/libstdc++.so.6
#1  0x00007ffff7f333fb in std::ctype<char> const& std::use_facet<std::ctype<char> >(std::locale const&) () from /usr/lib/x86_64-linux-gnu/libstdc++.so.6
#2  0x0000555555557da3 in std::operator<< <char, std::char_traits<char>, 16ul> (__os=..., __x=std::bitset = {...}) at /usr/include/c++/8/bitset:1541
#3  0x0000555555557ae8 in InOrder (root=0x55555557d610) at splay.cpp:253
#4  0x0000555555557b0d in InOrder (root=0x5555557bc010) at splay.cpp:254
#5  0x0000555555557b0d in InOrder (root=0x5555555dae90) at splay.cpp:254
#6  0x0000555555557b0d in InOrder (root=0x55555561f550) at splay.cpp:254
#7  0x0000555555557abd in InOrder (root=0x5555556d8850) at splay.cpp:252
#8  0x0000555555557abd in InOrder (root=0x5555558564b0) at splay.cpp:252
#9  0x0000555555557b0d in InOrder (root=0x555555851470) at splay.cpp:254
#10 0x0000555555557abd in InOrder (root=0x55555586ac90) at splay.cpp:252
#11 0x0000555555557b0d in InOrder (root=0x5555555cd770) at splay.cpp:254
#12 0x0000555555557b0d in InOrder (root=0x555555876630) at splay.cpp:254
#13 0x0000555555557b0d in InOrder (root=0x555555870050) at splay.cpp:254
#14 0x0000555555557abd in InOrder (root=0x5555558767f0) at splay.cpp:252
#15 0x0000555555557abd in InOrder (root=0x5555556e9070) at splay.cpp:252
#16 0x0000555555557b0d in InOrder (root=0x555555878c90) at splay.cpp:254
#17 0x0000555555557b0d in InOrder (root=0x55555562ed10) at splay.cpp:254
#18 0x0000555555557b0d in InOrder (root=0x55555587b370) at splay.cpp:254
#19 0x0000555555557b0d in InOrder (root=0x555555720b50) at splay.cpp:254
#20 0x0000555555557abd in InOrder (root=0x55555587bc90) at splay.cpp:252
#21 0x0000555555557abd in InOrder (root=0x5555557785b0) at splay.cpp:252
#22 0x0000555555557b0d in InOrder (root=0x55555587c550) at splay.cpp:254
#23 0x0000555555557b0d in InOrder (root=0x55555587d4f0) at splay.cpp:254
#24 0x0000555555557abd in InOrder (root=0x55555587d710) at splay.cpp:252
#25 0x0000555555557abd in InOrder (root=0x5555555dc010) at splay.cpp:252
#26 0x0000555555557b0d in InOrder (root=0x5555558349b0) at splay.cpp:254
#27 0x0000555555557abd in InOrder (root=0x55555587dc10) at splay.cpp:252
#28 0x0000555555557abd in InOrder (root=0x55555561e0f0) at splay.cpp:252
#29 0x0000555555557b0d in InOrder (root=0x5555557b0cd0) at splay.cpp:254
#30 0x0000555555557abd in InOrder (root=0x55555587dc70) at splay.cpp:252
#31 0x0000555555557abd in InOrder (root=0x555555774870) at splay.cpp:252
#32 0x0000555555557abd in InOrder (root=0x55555587dcb0) at splay.cpp:252
#33 0x0000555555557b0d in InOrder (root=0x555555693810) at splay.cpp:254
#34 0x0000555555557b0d in InOrder (root=0x555555634c10) at splay.cpp:254
#35 0x0000555555557b0d in InOrder (root=0x55555587dcd0) at splay.cpp:254
#36 0x00005555555564fe in main (argc=3, argv=0x7fffffffdfb8) at main.cpp:35

1	#include "splay.h"
2	#include <iostream>
3	
4	#include <algorithm>    // std::random_shuffle
5	#include <vector>       // std::vector
6	#include <cstdlib>      // std::rand, std::srand
7	#include <cstdio>
8	
9	#include <iterator>
10	#include <fstream>

Backtrace END
Fliping a bit of the pointer
Memory content before bitflip:0xb00x490x830x550x550x550x000x00
Fault Model: Random bit-flip
base address to flip value: 0x7fffffffda58
address max offset: 8
Memory content after  bitflip:0xc60x530x0c0xb40x320x3a0x2e0xbb
frame name: InOrder
symbol name: root
symbol filename: splay.cpp
symbol line: 248
value: 0x5555558349b0
value address: 0x7fffffffda58
Type: The type is a pointer.
Type sizeof: 8

[INFO -- 2018-12-01 12:32:42]
Fault Injection Successful after 1.4854934215545654s
[INFO -- 2018-12-01 12:32:42]
event type: exit
[INFO -- 2018-12-01 12:32:42]
exit code: 0
