[INFO -- 2018-12-01 03:08:30]
Starting flip_value script
version: 1.1
[INFO -- 2018-12-01 03:08:30]
Initialization strings:
[INFO -- 2018-12-01 03:08:30]
(1) file /tmp/splay/main
[INFO -- 2018-12-01 03:08:30]
(2) set args /tmp/splay/input_100000 /tmp/splay/output_100000
[INFO -- 2018-12-01 03:08:30]
initSignal:0
[INFO -- 2018-12-01 03:08:30]
endSignal:5
[INFO -- 2018-12-01 03:08:30]
faultModel:3
[EXCEPTION -- 2018-12-01 03:08:30]
pythonException: Unable to exit loop in struct fields; Exiting wihtout making a bit flip
[EXCEPTION -- 2018-12-01 03:08:30]
pythonException: Unable to exit loop in struct fields; Exiting wihtout making a bit flip
[INFO -- 2018-12-01 03:08:30]
event type: exit
[INFO -- 2018-12-01 03:08:30]
exit code: 0
