[INFO -- 2018-10-12 02:03:15]
Starting flip_value script
version: 1.1
[INFO -- 2018-10-12 02:03:15]
Initialization strings:
[INFO -- 2018-10-12 02:03:15]
(1) file /tmp/BTree/main
[INFO -- 2018-10-12 02:03:15]
(2)  set args /tmp/BTree/input_100000 /tmp/BTree/output_100000
[INFO -- 2018-10-12 02:03:15]
initSignal:0
[INFO -- 2018-10-12 02:03:15]
endSignal:2
[INFO -- 2018-10-12 02:03:15]
faultModel:2
[INFO -- 2018-10-12 02:03:15]
Backtrace BEGIN:
#0  dl_main (phdr=<optimized out>, phnum=<optimized out>, user_entry=<optimized out>, auxv=<optimized out>) at rtld.c:2289
#1  0x00007ffff7defdd0 in _dl_sysdep_start (start_argptr=start_argptr@entry=0x7fffffffded0, dl_main=dl_main@entry=0x7ffff7dd7660 <dl_main>) at ../elf/dl-sysdep.c:253
#2  0x00007ffff7dd7128 in _dl_start_final (arg=0x7fffffffded0) at rtld.c:414
#3  _dl_start (arg=0x7fffffffded0) at rtld.c:521
#4  0x00007ffff7dd6098 in _start () from /lib64/ld-linux-x86-64.so.2
#5  0x0000000000000003 in ?? ()
#6  0x00007fffffffe279 in ?? ()
#7  0x00007fffffffe289 in ?? ()
#8  0x00007fffffffe2a1 in ?? ()
#9  0x0000000000000000 in ?? ()

2284	rtld.c: Arquivo ou diretório inexistente.

Backtrace END
Memory content before bitflip:0x390xeb0xa90x3c0xd10x380x910x91
Fault Model: Random bit-flip
base address to flip value: 0x7ffff7ffc730 
address max offset: 8
Memory content after  bitflip:0x6e0x480x490xe30x310xb70x1c0xb4
frame name: _dl_start_final
symbol name: __pointer_chk_guard_local
symbol filename: rtld.c
symbol line: 96
value: 12978449651069438062
value address: 0x7ffff7ffc730 <__pointer_chk_guard_local>
Type: The type is an integer type.
Type sizeof: 8

[INFO -- 2018-10-12 02:03:15]
Fault Injection Successful after 0.9175584316253662s
[INFO -- 2018-10-12 02:03:16]
event type: exit
[INFO -- 2018-10-12 02:03:16]
exit code: 0
