[INFO -- 2018-11-25 16:39:55]
Starting flip_value script
version: 1.1
[INFO -- 2018-11-25 16:39:55]
Initialization strings:
[INFO -- 2018-11-25 16:39:55]
(1) file /tmp/BTree-dup/main
[INFO -- 2018-11-25 16:39:55]
(2)  set args /tmp/BTree-dup/input_100000 /tmp/BTree-dup/output_100000 /tmp/BTree-dup-detection.log /tmp/BTree-dup/output2_100000
[INFO -- 2018-11-25 16:39:55]
initSignal:0
[INFO -- 2018-11-25 16:39:55]
endSignal:2
[INFO -- 2018-11-25 16:39:55]
faultModel:3
[EXCEPTION -- 2018-11-25 16:39:56]
pythonException: Unable to exit loop in struct fields; Exiting wihtout making a bit flip
[INFO -- 2018-11-25 16:39:57]
Backtrace BEGIN:
#0  0x00005555555565ad in BTreeNode::insertNonFull (this=0x555555cfff00, k=861899) at BTree_dup.cpp:524
#1  0x0000555555556639 in BTreeNode::insertNonFull (this=0x555555d00380, k=861899) at BTree_dup.cpp:535
#2  0x0000555555556639 in BTreeNode::insertNonFull (this=0x555555d35cc0, k=861899) at BTree_dup.cpp:535
#3  0x0000555555556639 in BTreeNode::insertNonFull (this=0x555555d36380, k=861899) at BTree_dup.cpp:535
#4  0x0000555555556639 in BTreeNode::insertNonFull (this=0x555555ce1e10, k=861899) at BTree_dup.cpp:535
#5  0x0000555555556639 in BTreeNode::insertNonFull (this=0x555555bee480, k=861899) at BTree_dup.cpp:535
#6  0x0000555555556639 in BTreeNode::insertNonFull (this=0x555555ce1f30, k=861899) at BTree_dup.cpp:535
#7  0x0000555555556478 in BTree::insert (this=0x7fffffffda50, k=861899) at BTree_dup.cpp:489
#8  0x0000555555556c25 in runner (input=0x7fffffffe22a "/tmp/BTree-dup/input_100000") at BTree_dup.cpp:664
#9  0x0000555555556f7a in main (argc=5, argv=0x7fffffffde68) at BTree_dup.cpp:712

519			// Find the child which is going to have the new key
520			while (i >= 0 && keys[i] > k)
521				i--;
522	
523			// See if the found child is full
524			if (C[i+1]->n == 2*t-1)
525			{
526				// If the child is full, then split it
527				splitChild(i+1, C[i+1]);
528	

Backtrace END
Memory content before bitflip:0x390x710x550x550x550x550x000x00
Fault Model: Zero bit-flip
base address to flip value: 0x7fffffffdd38
address max offset: 8
Memory content after  bitflip:0x000x000x000x000x000x000x000x00
frame name: main
symbol name: diff_time
symbol filename: BTree_dup.cpp
symbol line: 699
value: 0
value address: 0x7fffffffdd38
Type: A floating point type.
Type sizeof: 8

[INFO -- 2018-11-25 16:39:57]
Fault Injection Successful after 2.3438007831573486s
[INFO -- 2018-11-25 16:39:58]
event type: exit
[INFO -- 2018-11-25 16:39:58]
exit code: 0
