[INFO -- 2018-11-30 18:48:00]
Starting flip_value script
version: 1.1
[INFO -- 2018-11-30 18:48:00]
Initialization strings:
[INFO -- 2018-11-30 18:48:00]
(1) file /tmp/splay/main
[INFO -- 2018-11-30 18:48:00]
(2) set args /tmp/splay/input_100000 /tmp/splay/output_100000
[INFO -- 2018-11-30 18:48:00]
initSignal:0
[INFO -- 2018-11-30 18:48:00]
endSignal:5
[INFO -- 2018-11-30 18:48:00]
faultModel:2
[INFO -- 2018-11-30 18:48:00]
Backtrace BEGIN:
#0  0x00007ffff7cc1366 in __GI___libc_free (mem=<optimized out>) at malloc.c:3108
#1  0x0000555555557e10 in std::operator<< <char, std::char_traits<char>, 16ul> (__os=..., __x=std::bitset = {...}) at /usr/include/c++/8/bitset:1537
#2  0x0000555555557ae8 in InOrder (root=0x5555556c6ef0) at splay.cpp:253
#3  0x0000555555557abd in InOrder (root=0x5555557fc310) at splay.cpp:252
#4  0x0000555555557abd in InOrder (root=0x5555555d9830) at splay.cpp:252
#5  0x0000555555557b0d in InOrder (root=0x555555627a10) at splay.cpp:254
#6  0x0000555555557b0d in InOrder (root=0x5555557a78d0) at splay.cpp:254
#7  0x0000555555557abd in InOrder (root=0x55555585b310) at splay.cpp:252
#8  0x0000555555557b0d in InOrder (root=0x55555586ef30) at splay.cpp:254
#9  0x0000555555557abd in InOrder (root=0x55555557a910) at splay.cpp:252
#10 0x0000555555557b0d in InOrder (root=0x55555581eb90) at splay.cpp:254
#11 0x0000555555557abd in InOrder (root=0x55555587cfb0) at splay.cpp:252
#12 0x0000555555557b0d in InOrder (root=0x55555587d2f0) at splay.cpp:254
#13 0x0000555555557b0d in InOrder (root=0x55555571f9f0) at splay.cpp:254
#14 0x0000555555557b0d in InOrder (root=0x55555570b550) at splay.cpp:254
#15 0x0000555555557abd in InOrder (root=0x555555774070) at splay.cpp:252
#16 0x0000555555557abd in InOrder (root=0x55555587da50) at splay.cpp:252
#17 0x0000555555557abd in InOrder (root=0x5555555d7910) at splay.cpp:252
#18 0x0000555555557b0d in InOrder (root=0x55555587d8d0) at splay.cpp:254
#19 0x0000555555557b0d in InOrder (root=0x5555557cfed0) at splay.cpp:254
#20 0x0000555555557b0d in InOrder (root=0x555555774190) at splay.cpp:254
#21 0x0000555555557b0d in InOrder (root=0x555555774870) at splay.cpp:254
#22 0x0000555555557abd in InOrder (root=0x55555587dcb0) at splay.cpp:252
#23 0x0000555555557b0d in InOrder (root=0x555555693810) at splay.cpp:254
#24 0x0000555555557b0d in InOrder (root=0x555555634c10) at splay.cpp:254
#25 0x0000555555557b0d in InOrder (root=0x55555587dcd0) at splay.cpp:254
#26 0x00005555555564fe in main (argc=3, argv=0x7fffffffdfb8) at main.cpp:35

3103	in malloc.c

Backtrace END
Fliping a bit of the pointer
Memory content before bitflip:0x700x480x770x550x550x550x000x00
Fault Model: Random bit-flip
base address to flip value: 0x7fffffffdb48
address max offset: 8
Memory content after  bitflip:0xad0x0e0xd10xbb0x5b0xb40x130x6d
frame name: InOrder
symbol name: root
symbol filename: splay.cpp
symbol line: 248
value: 0x555555774870
value address: 0x7fffffffdb48
Type: The type is a pointer.
Type sizeof: 8

[INFO -- 2018-11-30 18:48:00]
Fault Injection Successful after 0.7352073192596436s
[INFO -- 2018-11-30 18:48:00]
event type: exit
[INFO -- 2018-11-30 18:48:00]
exit code: 0
