[INFO -- 2018-10-17 19:10:11]
Starting flip_value script
version: 1.1
[INFO -- 2018-10-17 19:10:11]
Initialization strings:
[INFO -- 2018-10-17 19:10:11]
(1) file /tmp/Tree234/main
[INFO -- 2018-10-17 19:10:11]
(2) set args /tmp/Tree234/input_50000 /tmp/Tree234/output_50000
[INFO -- 2018-10-17 19:10:11]
initSignal:0
[INFO -- 2018-10-17 19:10:11]
endSignal:2
[INFO -- 2018-10-17 19:10:11]
faultModel:0
[INFO -- 2018-10-17 19:10:11]
Backtrace BEGIN:
#0  elf_dynamic_do_Rela (skip_ifunc=<optimized out>, lazy=<optimized out>, nrelative=<optimized out>, relsize=<optimized out>, reladdr=<optimized out>, map=0x7ffff7ff74d0) at do-rel.h:137
#1  _dl_relocate_object (scope=<optimized out>, reloc_mode=<optimized out>, consider_profiling=<optimized out>, consider_profiling@entry=0) at dl-reloc.c:258
#2  0x00007ffff7ddb0db in dl_main (phdr=<optimized out>, phnum=<optimized out>, user_entry=<optimized out>, auxv=<optimized out>) at rtld.c:2109
#3  0x00007ffff7df0632 in _dl_sysdep_start (start_argptr=start_argptr@entry=0x7fffffffde70, dl_main=dl_main@entry=0x7ffff7dd91e0 <dl_main>) at ../elf/dl-sysdep.c:249
#4  0x00007ffff7dd8c2a in _dl_start_final (arg=0x7fffffffde70) at rtld.c:323
#5  _dl_start (arg=0x7fffffffde70) at rtld.c:429
#6  0x00007ffff7dd7c38 in _start () from /lib64/ld-linux-x86-64.so.2
#7  0x0000000000000003 in ?? ()
#8  0x00007fffffffe20c in ?? ()
#9  0x00007fffffffe21e in ?? ()
#10 0x00007fffffffe237 in ?? ()
#11 0x0000000000000000 in ?? ()

132	in do-rel.h

Backtrace END
Fliping a bit of the pointer
Memory content before bitflip:0x000x000x000x000x000x000x000x00
Fault Model: Single bit-flip
base address to flip value: 0x7ffff7ffe038 
address max offset: 8
Memory content after  bitflip:0x000x000x000x000x000x000x400x00
frame name: dl_main
symbol name: audit_list
symbol filename: rtld.c
symbol line: 124
value: 0x0
value address: 0x7ffff7ffe038 <audit_list>
Type: The type is a pointer.
Type sizeof: 8

[INFO -- 2018-10-17 19:10:11]
Fault Injection Successful after 0.13682913780212402s
[INFO -- 2018-10-17 19:10:11]
event type: exit
[INFO -- 2018-10-17 19:10:11]
exit code: 0
