[INFO -- 2018-11-30 22:18:25]
sending 5 signals using command: 'killall -2 main' after 2.14114648923s
[INFO -- 2018-11-30 22:18:25]
sending 5 signals using command: 'killall -2 main' after 2.61214745994s
[INFO -- 2018-11-30 22:18:27]
sending 5 signals using command: 'killall -2 main' after 4.21106592854s
[INFO -- 2018-11-30 22:18:27]
Starting GDB script
[INFO -- 2018-11-30 22:18:27]
initSignal:0.0
[INFO -- 2018-11-30 22:18:27]
endSignal:5.0
[INFO -- 2018-11-30 22:18:28]
sending 5 signals using command: 'killall -2 main' after 0.977331291831s
[INFO -- 2018-11-30 22:18:28]
sending 5 signals using command: 'killall -2 main' after 1.20881926576s
[INFO -- 2018-11-30 22:18:28]
sending 5 signals using command: 'killall -2 main' after 1.27500910864s
[INFO -- 2018-11-30 22:18:29]
Execution finished before waitTime
