[INFO -- 2018-10-16 23:09:25]
Starting flip_value script
version: 1.1
[INFO -- 2018-10-16 23:09:25]
Initialization strings:
[INFO -- 2018-10-16 23:09:25]
(1) file /tmp/Tree234/main
[INFO -- 2018-10-16 23:09:25]
(2) set args /tmp/Tree234/input_50000 /tmp/Tree234/output_50000
[INFO -- 2018-10-16 23:09:25]
initSignal:0
[INFO -- 2018-10-16 23:09:25]
endSignal:2
[INFO -- 2018-10-16 23:09:25]
faultModel:0
[INFO -- 2018-10-16 23:09:25]
Backtrace BEGIN:
#0  0x00007ffff7df2517 in mprotect () at ../sysdeps/unix/syscall-template.S:84
#1  0x00007ffff7de3cb8 in _dl_protect_relro (l=0x7ffff7ffd9d8 <_rtld_global+2456>) at dl-reloc.c:321
#2  _dl_relocate_object (scope=<optimized out>, reloc_mode=reloc_mode@entry=0, consider_profiling=<optimized out>, consider_profiling@entry=0) at dl-reloc.c:306
#3  0x00007ffff7ddaef4 in dl_main (phdr=<optimized out>, phnum=<optimized out>, user_entry=<optimized out>, auxv=<optimized out>) at rtld.c:2168
#4  0x00007ffff7df0632 in _dl_sysdep_start (start_argptr=start_argptr@entry=0x7fffffffde70, dl_main=dl_main@entry=0x7ffff7dd91e0 <dl_main>) at ../elf/dl-sysdep.c:249
#5  0x00007ffff7dd8c2a in _dl_start_final (arg=0x7fffffffde70) at rtld.c:323
#6  _dl_start (arg=0x7fffffffde70) at rtld.c:429
#7  0x00007ffff7dd7c38 in _start () from /lib64/ld-linux-x86-64.so.2
#8  0x0000000000000003 in ?? ()
#9  0x00007fffffffe20c in ?? ()
#10 0x00007fffffffe21e in ?? ()
#11 0x00007fffffffe237 in ?? ()
#12 0x0000000000000000 in ?? ()

79	in ../sysdeps/unix/syscall-template.S

Backtrace END
Memory content before bitflip:0x380xc60x1b0x000x000x000x000x00
Fault Model: Single bit-flip
base address to flip value: 0x7ffff7ffdff0 
address max offset: 8
Memory content after  bitflip:0x380xc60x1b0x000x000x000x800x00
frame name: _dl_start
symbol name: relocate_time
symbol filename: rtld.c
symbol line: 215
value: 36028797020784184
value address: 0x7ffff7ffdff0 <relocate_time>
Type: The type is an integer type.
Type sizeof: 8

[INFO -- 2018-10-16 23:09:25]
Fault Injection Successful after 0.969658613204956s
[INFO -- 2018-10-16 23:09:26]
event type: exit
[INFO -- 2018-10-16 23:09:26]
exit code: 0
