[INFO -- 2018-11-30 18:23:43]
Starting flip_value script
version: 1.1
[INFO -- 2018-11-30 18:23:43]
Initialization strings:
[INFO -- 2018-11-30 18:23:43]
(1) file /tmp/splay/main
[INFO -- 2018-11-30 18:23:43]
(2) set args /tmp/splay/input_100000 /tmp/splay/output_100000
[INFO -- 2018-11-30 18:23:43]
initSignal:0
[INFO -- 2018-11-30 18:23:43]
endSignal:5
[INFO -- 2018-11-30 18:23:43]
faultModel:4
[INFO -- 2018-11-30 18:23:43]
Backtrace BEGIN:
#0  0x00007ffff7f4282b in std::ostream::sentry::~sentry() () from /usr/lib/x86_64-linux-gnu/libstdc++.so.6
#1  0x00007ffff7f42f1a in std::basic_ostream<char, std::char_traits<char> >& std::__ostream_insert<char, std::char_traits<char> >(std::basic_ostream<char, std::char_traits<char> >&, char const*, long) () from /usr/lib/x86_64-linux-gnu/libstdc++.so.6
#2  0x0000555555557e00 in std::operator<< <char, std::char_traits<char>, 16ul> (__os=..., __x=std::bitset = {...}) at /usr/include/c++/8/bitset:1543
#3  0x0000555555557ae8 in InOrder (root=0x5555556ae490) at splay.cpp:253
#4  0x0000555555557abd in InOrder (root=0x555555738bf0) at splay.cpp:252
#5  0x0000555555557abd in InOrder (root=0x55555564ebd0) at splay.cpp:252
#6  0x0000555555557abd in InOrder (root=0x555555839110) at splay.cpp:252
#7  0x0000555555557abd in InOrder (root=0x5555555e5cd0) at splay.cpp:252
#8  0x0000555555557b0d in InOrder (root=0x5555556961d0) at splay.cpp:254
#9  0x0000555555557abd in InOrder (root=0x555555668ed0) at splay.cpp:252
#10 0x0000555555557abd in InOrder (root=0x555555866670) at splay.cpp:252
#11 0x0000555555557abd in InOrder (root=0x555555704d70) at splay.cpp:252
#12 0x0000555555557abd in InOrder (root=0x55555576eaf0) at splay.cpp:252
#13 0x0000555555557b0d in InOrder (root=0x555555867d50) at splay.cpp:254
#14 0x0000555555557b0d in InOrder (root=0x5555555e9c50) at splay.cpp:254
#15 0x0000555555557abd in InOrder (root=0x55555586f870) at splay.cpp:252
#16 0x0000555555557abd in InOrder (root=0x5555556a8190) at splay.cpp:252
#17 0x0000555555557b0d in InOrder (root=0x555555876df0) at splay.cpp:254
#18 0x0000555555557b0d in InOrder (root=0x5555556d5eb0) at splay.cpp:254
#19 0x0000555555557abd in InOrder (root=0x5555558762b0) at splay.cpp:252
#20 0x0000555555557b0d in InOrder (root=0x5555557d3eb0) at splay.cpp:254
#21 0x0000555555557abd in InOrder (root=0x555555573c10) at splay.cpp:252
#22 0x0000555555557abd in InOrder (root=0x55555587acb0) at splay.cpp:252
#23 0x0000555555557abd in InOrder (root=0x5555555e1a70) at splay.cpp:252
#24 0x0000555555557abd in InOrder (root=0x5555555c09f0) at splay.cpp:252
#25 0x0000555555557abd in InOrder (root=0x55555587d3f0) at splay.cpp:252
#26 0x0000555555557b0d in InOrder (root=0x555555652510) at splay.cpp:254
#27 0x0000555555557abd in InOrder (root=0x55555587d5d0) at splay.cpp:252
#28 0x0000555555557b0d in InOrder (root=0x55555587d5b0) at splay.cpp:254
#29 0x0000555555557abd in InOrder (root=0x5555556732d0) at splay.cpp:252
#30 0x0000555555557abd in InOrder (root=0x555555693810) at splay.cpp:252
#31 0x0000555555557b0d in InOrder (root=0x555555634c10) at splay.cpp:254
#32 0x0000555555557b0d in InOrder (root=0x55555587dcd0) at splay.cpp:254
#33 0x00005555555564fe in main (argc=3, argv=0x7fffffffdfb8) at main.cpp:35

1	#include "splay.h"
2	#include <iostream>
3	
4	#include <algorithm>    // std::random_shuffle
5	#include <vector>       // std::vector
6	#include <cstdlib>      // std::rand, std::srand
7	#include <cstdio>
8	
9	#include <iterator>
10	#include <fstream>

Backtrace END
Fliping a bit of the value pointed by a pointer
Fliping value of field: key
Memory content before bitflip:0xd50xdb0x1b0x00
Fault Model: LSB bit-flip
base address to flip value: 0x55555564ebd0
address max offset: 4
Memory content after  bitflip:0xd50xdb0x1b0x20
frame name: InOrder
symbol name: root
symbol filename: splay.cpp
symbol line: 248
value: 0x55555564ebd0
value address: 0x7fffffffd6f8
Type: The type is a pointer.
Type sizeof: 8

[INFO -- 2018-11-30 18:23:43]
Fault Injection Successful after 0.9126274585723877s
[INFO -- 2018-11-30 18:23:44]
event type: exit
[INFO -- 2018-11-30 18:23:44]
exit code: 0
