[INFO -- 2018-11-25 22:48:10]
Starting flip_value script
version: 1.1
[INFO -- 2018-11-25 22:48:10]
Initialization strings:
[INFO -- 2018-11-25 22:48:10]
(1) file /tmp/BTree-dup/main
[INFO -- 2018-11-25 22:48:10]
(2)  set args /tmp/BTree-dup/input_100000 /tmp/BTree-dup/output_100000 /tmp/BTree-dup-detection.log /tmp/BTree-dup/output2_100000
[INFO -- 2018-11-25 22:48:10]
initSignal:0
[INFO -- 2018-11-25 22:48:10]
endSignal:2
[INFO -- 2018-11-25 22:48:10]
faultModel:1
[EXCEPTION -- 2018-11-25 22:48:12]
pythonException: Unable to exit loop in struct fields; Exiting wihtout making a bit flip
[INFO -- 2018-11-25 22:48:12]
Backtrace BEGIN:
#0  std::char_traits<char>::assign (__c1=<error reading variable>, __c2=@0x7fffffffda78: 49 '1') at /usr/include/c++/7/bits/char_traits.h:284
#1  0x00005555555576b2 in std::bitset<16ul>::_M_copy_to_string<char, std::char_traits<char>, std::allocator<char> > (this=0x7fffffffdb40, __s="11001", '0' <repete 11 vezes>, __zero=48 '0', __one=49 '1') at /usr/include/c++/7/bitset:1410
#2  0x00005555555573d7 in std::operator<< <char, std::char_traits<char>, 16ul> (__os=..., __x=std::bitset = {...}) at /usr/include/c++/7/bitset:1538
#3  0x0000555555556912 in BTreeNode::traverse (this=0x555555b76300) at BTree_dup.cpp:594
#4  0x000055555555695f in BTreeNode::traverse (this=0x5555558edb20) at BTree_dup.cpp:599
#5  0x00005555555568d7 in BTreeNode::traverse (this=0x55555577e3e0) at BTree_dup.cpp:593
#6  0x00005555555568d7 in BTreeNode::traverse (this=0x5555558f20e0) at BTree_dup.cpp:593
#7  0x00005555555568d7 in BTreeNode::traverse (this=0x555555acfef0) at BTree_dup.cpp:593
#8  0x00005555555568d7 in BTreeNode::traverse (this=0x555555815c40) at BTree_dup.cpp:593
#9  0x00005555555568d7 in BTreeNode::traverse (this=0x555555a2ab30) at BTree_dup.cpp:593
#10 0x00005555555572bb in BTree::traverse (this=0x7fffffffdd40) at BTree_dup.cpp:139
#11 0x0000555555556fbd in main (argc=5, argv=0x7fffffffde68) at BTree_dup.cpp:718

279	      typedef streampos         pos_type;
280	      typedef streamoff         off_type;
281	      typedef mbstate_t         state_type;
282	
283	      static _GLIBCXX17_CONSTEXPR void
284	      assign(char_type& __c1, const char_type& __c2) _GLIBCXX_NOEXCEPT
285	      { __c1 = __c2; }
286	
287	      static _GLIBCXX_CONSTEXPR bool
288	      eq(const char_type& __c1, const char_type& __c2) _GLIBCXX_NOEXCEPT

Backtrace END
Memory content before bitflip:0x31
Fault Model: Double bit-flip
base address to flip value: 0x7fffffffda78 
address max offset: 1
Memory content after  bitflip:0xa1
frame name: std::bitset<16ul>::_M_copy_to_string<char, std::char_traits<char>, std::allocator<char> >
symbol name: __one
symbol filename: /usr/include/c++/7/bitset
symbol line: 1405
value: -95 '\241'
value address: 0x7fffffffda78 "\241\332\377\377\060\177"
Type: The type is an integer type.
Type sizeof: 1

[INFO -- 2018-11-25 22:48:12]
Fault Injection Successful after 2.8591561317443848s
[INFO -- 2018-11-25 22:48:13]
event type: exit
[INFO -- 2018-11-25 22:48:13]
exit code: 0
