[INFO -- 2018-12-01 09:04:41]
sending 5 signals using command: 'killall -2 main' after 1.96157302308s
[INFO -- 2018-12-01 09:04:41]
sending 5 signals using command: 'killall -2 main' after 2.2032165055s
[INFO -- 2018-12-01 09:04:42]
sending 5 signals using command: 'killall -2 main' after 3.07721328116s
[INFO -- 2018-12-01 09:04:42]
Starting GDB script
[INFO -- 2018-12-01 09:04:42]
initSignal:0.0
[INFO -- 2018-12-01 09:04:42]
endSignal:5.0
[INFO -- 2018-12-01 09:04:42]
sending 5 signals using command: 'killall -2 main' after 0.0675452543841s
[INFO -- 2018-12-01 09:04:42]
sending 5 signals using command: 'killall -2 main' after 0.52708953398s
[INFO -- 2018-12-01 09:04:43]
sending 5 signals using command: 'killall -2 main' after 1.37457209863s
[INFO -- 2018-12-01 09:04:43]
Execution finished before waitTime
