[INFO -- 2018-12-01 00:24:19]
Starting flip_value script
version: 1.1
[INFO -- 2018-12-01 00:24:19]
Initialization strings:
[INFO -- 2018-12-01 00:24:19]
(1) file /tmp/splay/main
[INFO -- 2018-12-01 00:24:19]
(2) set args /tmp/splay/input_100000 /tmp/splay/output_100000
[INFO -- 2018-12-01 00:24:19]
initSignal:0
[INFO -- 2018-12-01 00:24:19]
endSignal:5
[INFO -- 2018-12-01 00:24:19]
faultModel:1
[INFO -- 2018-12-01 00:24:19]
Backtrace BEGIN:
#0  Splay (key=867492, root=0x555555574650) at splay.cpp:76
#1  0x0000555555557916 in Insert (key=867492, root=0x555555577530) at splay.cpp:145
#2  0x00005555555564bb in main (argc=3, argv=0x7fffffffdfb8) at main.cpp:31

71						break;
72				}
73				/* Link to R Tree */
74				RightTreeMin->lchild = root;
75				RightTreeMin = RightTreeMin->lchild;
76				root = root->lchild;
77				RightTreeMin->lchild = NULL;
78			}
79			else if(key > root->key)
80			{

Backtrace END
Memory content before bitflip:0x630x030x000x00
Fault Model: Double bit-flip
base address to flip value: 0x7fffffffdc44
address max offset: 4
Memory content after  bitflip:0x630x060x000x00
frame name: main
symbol name: i
symbol filename: main.cpp
symbol line: 30
value: 1635
value address: 0x7fffffffdc44
Type: The type is an integer type.
Type sizeof: 4

[INFO -- 2018-12-01 00:24:19]
Fault Injection Successful after 0.3397998809814453s
[INFO -- 2018-12-01 00:24:19]
event type: exit
[INFO -- 2018-12-01 00:24:19]
exit code: 0
