[INFO -- 2018-10-16 23:15:03]
sending 5 signals using command: 'killall -2 main' after 1.35966278815s
[INFO -- 2018-10-16 23:15:03]
sending 5 signals using command: 'killall -2 main' after 1.4037053191s
[INFO -- 2018-10-16 23:15:03]
sending 5 signals using command: 'killall -2 main' after 1.76709597354s
[INFO -- 2018-10-16 23:15:03]
Starting GDB script
[INFO -- 2018-10-16 23:15:03]
initSignal:0.0
[INFO -- 2018-10-16 23:15:03]
endSignal:2.0
[INFO -- 2018-10-16 23:15:04]
sending 5 signals using command: 'killall -2 main' after 0.130386013998s
[INFO -- 2018-10-16 23:15:04]
sending 5 signals using command: 'killall -2 main' after 0.971336077502s
[INFO -- 2018-10-16 23:15:04]
Execution finished before waitTime
[INFO -- 2018-10-16 23:15:04]
sending 5 signals using command: 'killall -2 main' after 1.03653736701s
