[INFO -- 2018-11-26 01:04:20]
Starting flip_value script
version: 1.1
[INFO -- 2018-11-26 01:04:20]
Initialization strings:
[INFO -- 2018-11-26 01:04:20]
(1) file /tmp/BTree-dup/main
[INFO -- 2018-11-26 01:04:20]
(2)  set args /tmp/BTree-dup/input_100000 /tmp/BTree-dup/output_100000 /tmp/BTree-dup-detection.log /tmp/BTree-dup/output2_100000
[INFO -- 2018-11-26 01:04:20]
initSignal:0
[INFO -- 2018-11-26 01:04:20]
endSignal:2
[INFO -- 2018-11-26 01:04:20]
faultModel:0
[EXCEPTION -- 2018-11-26 01:04:21]
pythonException: empty range for randrange() (0,0, 0)
[INFO -- 2018-11-26 01:04:21]
Backtrace BEGIN:
#0  0x000055555555663b in BTreeNode::insertNonFull (this=0x555555ef6eb0, k=3169784) at BTree_dup.cpp:537
#1  0x0000555555556639 in BTreeNode::insertNonFull (this=0x555555ef6e20, k=3169784) at BTree_dup.cpp:535
#2  0x0000555555556478 in BTree::insert (this=0x7fffffffda50, k=3169784) at BTree_dup.cpp:489
#3  0x0000555555556c25 in runner (input=0x7fffffffe22a "/tmp/BTree-dup/input_100000") at BTree_dup.cpp:664
#4  0x0000555555556f7a in main (argc=5, argv=0x7fffffffde68) at BTree_dup.cpp:712

532				if (keys[i+1] < k)
533					i++;
534			}
535			C[i+1]->insertNonFull(k);
536		}
537	}
538	
539	// A utility function to split the child y of this node
540	// Note that y must be full when this function is called
541	void BTreeNode::splitChild(int i, BTreeNode *y)

Backtrace END
Fliping value of field: _M_value
Memory content before bitflip:0x000x000x000x00
Fault Model: Single bit-flip
base address to flip value: 0x7fffffffda78
address max offset: 4
Memory content after  bitflip:0x000x000x000x40
frame name: runner
symbol name: end
symbol filename: BTree_dup.cpp
symbol line: 659
value: {<std::iterator<std::input_iterator_tag, int, long, int const*, int const&>> = {<No data fields>}, _M_stream = 0x0, _M_value = 1073741824, _M_ok = false}
value address: 0x7fffffffda70
Type: The type is a structure.
Type sizeof: 16
Field name: std::iterator<std::input_iterator_tag, int, long, int const*, int const&>
Field Type: The type is a structure.
Field Type sizeof: 1
Field name: _M_stream
Field Type: The type is a pointer.
Field Type sizeof: 8
Field name: _M_value
Field Type: The type is an integer type.
Field Type sizeof: 4
Field name: _M_ok
Field Type: A boolean type.
Field Type sizeof: 1

[INFO -- 2018-11-26 01:04:21]
Fault Injection Successful after 1.729740858078003s
[INFO -- 2018-11-26 01:04:22]
event type: exit
[INFO -- 2018-11-26 01:04:22]
exit code: 0
