[INFO -- 2018-11-30 20:59:16]
Starting flip_value script
version: 1.1
[INFO -- 2018-11-30 20:59:16]
Initialization strings:
[INFO -- 2018-11-30 20:59:16]
(1) file /tmp/splay/main
[INFO -- 2018-11-30 20:59:16]
(2) set args /tmp/splay/input_100000 /tmp/splay/output_100000
[INFO -- 2018-11-30 20:59:16]
initSignal:0
[INFO -- 2018-11-30 20:59:16]
endSignal:5
[INFO -- 2018-11-30 20:59:16]
faultModel:0
[INFO -- 2018-11-30 20:59:17]
Backtrace BEGIN:
#0  __memset_avx2_unaligned () at ../sysdeps/x86_64/multiarch/memset-vec-unaligned-erms.S:109
#1  0x00007ffff7f54766 in std::__cxx11::basic_string<char, std::char_traits<char>, std::allocator<char> >::_M_replace_aux(unsigned long, unsigned long, unsigned long, char) () from /usr/lib/x86_64-linux-gnu/libstdc++.so.6
#2  0x0000555555557e8d in std::bitset<16ul>::_M_copy_to_string<char, std::char_traits<char>, std::allocator<char> > (this=0x7fffffffd490, __s="", __zero=48 '0', __one=49 '1') at /usr/include/c++/8/bitset:1411
#3  0x0000555555557ded in std::operator<< <char, std::char_traits<char>, 16ul> (__os=..., __x=std::bitset = {...}) at /usr/include/c++/8/bitset:1542
#4  0x0000555555557ae8 in InOrder (root=0x5555556881d0) at splay.cpp:253
#5  0x0000555555557b0d in InOrder (root=0x5555556932b0) at splay.cpp:254
#6  0x0000555555557abd in InOrder (root=0x555555599970) at splay.cpp:252
#7  0x0000555555557b0d in InOrder (root=0x5555556b0d30) at splay.cpp:254
#8  0x0000555555557b0d in InOrder (root=0x555555657e30) at splay.cpp:254
#9  0x0000555555557abd in InOrder (root=0x5555556d2bb0) at splay.cpp:252
#10 0x0000555555557abd in InOrder (root=0x555555782a50) at splay.cpp:252
#11 0x0000555555557b0d in InOrder (root=0x555555642a30) at splay.cpp:254
#12 0x0000555555557b0d in InOrder (root=0x5555556a5bd0) at splay.cpp:254
#13 0x0000555555557abd in InOrder (root=0x55555571a5b0) at splay.cpp:252
#14 0x0000555555557b0d in InOrder (root=0x5555557b62d0) at splay.cpp:254
#15 0x0000555555557b0d in InOrder (root=0x555555823010) at splay.cpp:254
#16 0x0000555555557b0d in InOrder (root=0x5555557403d0) at splay.cpp:254
#17 0x0000555555557b0d in InOrder (root=0x555555694d30) at splay.cpp:254
#18 0x0000555555557abd in InOrder (root=0x5555558752b0) at splay.cpp:252
#19 0x0000555555557abd in InOrder (root=0x5555556456d0) at splay.cpp:252
#20 0x0000555555557abd in InOrder (root=0x5555558736d0) at splay.cpp:252
#21 0x0000555555557b0d in InOrder (root=0x55555558a270) at splay.cpp:254
#22 0x0000555555557b0d in InOrder (root=0x555555815a50) at splay.cpp:254
#23 0x0000555555557abd in InOrder (root=0x5555557bfc10) at splay.cpp:252
#24 0x0000555555557b0d in InOrder (root=0x55555587a430) at splay.cpp:254
#25 0x0000555555557abd in InOrder (root=0x55555587b550) at splay.cpp:252
#26 0x0000555555557abd in InOrder (root=0x55555564f1d0) at splay.cpp:252
#27 0x0000555555557b0d in InOrder (root=0x55555587ccf0) at splay.cpp:254
#28 0x0000555555557abd in InOrder (root=0x5555557cf250) at splay.cpp:252
#29 0x0000555555557b0d in InOrder (root=0x5555555ccd90) at splay.cpp:254
#30 0x0000555555557abd in InOrder (root=0x555555788630) at splay.cpp:252
#31 0x0000555555557abd in InOrder (root=0x55555587d570) at splay.cpp:252
#32 0x0000555555557b0d in InOrder (root=0x55555587d6b0) at splay.cpp:254
#33 0x0000555555557abd in InOrder (root=0x5555556e1d70) at splay.cpp:252
#34 0x0000555555557b0d in InOrder (root=0x5555555852d0) at splay.cpp:254
#35 0x0000555555557abd in InOrder (root=0x55555587d9d0) at splay.cpp:252
#36 0x0000555555557b0d in InOrder (root=0x5555555d7910) at splay.cpp:254
#37 0x0000555555557b0d in InOrder (root=0x55555587d8d0) at splay.cpp:254
#38 0x0000555555557b0d in InOrder (root=0x5555557cfed0) at splay.cpp:254
#39 0x0000555555557b0d in InOrder (root=0x555555774190) at splay.cpp:254
#40 0x0000555555557b0d in InOrder (root=0x555555774870) at splay.cpp:254
#41 0x0000555555557abd in InOrder (root=0x55555587dcb0) at splay.cpp:252
#42 0x0000555555557b0d in InOrder (root=0x555555693810) at splay.cpp:254
#43 0x0000555555557b0d in InOrder (root=0x555555634c10) at splay.cpp:254
#44 0x0000555555557b0d in InOrder (root=0x55555587dcd0) at splay.cpp:254
#45 0x00005555555564fe in main (argc=3, argv=0x7fffffffdfb8) at main.cpp:35

104	in ../sysdeps/x86_64/multiarch/memset-vec-unaligned-erms.S

Backtrace END
Fliping a bit of the value pointed by a pointer
Fliping value of field: key
Memory content before bitflip:0x390x3a0x440x00
Fault Model: Single bit-flip
base address to flip value: 0x5555556e1d70
address max offset: 4
Memory content after  bitflip:0x390x3a0x400x00
frame name: InOrder
symbol name: root
symbol filename: splay.cpp
symbol line: 248
value: 0x5555556e1d70
value address: 0x7fffffffd9f8
Type: The type is a pointer.
Type sizeof: 8

[INFO -- 2018-11-30 20:59:17]
Fault Injection Successful after 1.3722879886627197s
[INFO -- 2018-11-30 20:59:17]
event type: exit
[INFO -- 2018-11-30 20:59:17]
exit code: 0
