[INFO -- 2018-10-12 00:51:11]
Starting flip_value script
version: 1.1
[INFO -- 2018-10-12 00:51:11]
Initialization strings:
[INFO -- 2018-10-12 00:51:11]
(1) file /tmp/BTree/main
[INFO -- 2018-10-12 00:51:11]
(2)  set args /tmp/BTree/input_100000 /tmp/BTree/output_100000
[INFO -- 2018-10-12 00:51:11]
initSignal:0
[INFO -- 2018-10-12 00:51:11]
endSignal:2
[INFO -- 2018-10-12 00:51:11]
faultModel:1
[EXCEPTION -- 2018-10-12 00:51:11]
gdbException: Tentativo de desreferenciar um ponteiro genérico.
[EXCEPTION -- 2018-10-12 00:51:12]
pythonException: Unable to exit loop in struct fields; Exiting wihtout making a bit flip
[EXCEPTION -- 2018-10-12 00:51:12]
pythonException: Unable to exit loop in struct fields; Exiting wihtout making a bit flip
[INFO -- 2018-10-12 00:51:12]
event type: exit
[INFO -- 2018-10-12 00:51:12]
exit code: 0
