[INFO -- 2018-10-12 00:47:22]
Starting flip_value script
version: 1.1
[INFO -- 2018-10-12 00:47:22]
Initialization strings:
[INFO -- 2018-10-12 00:47:22]
(1) file /tmp/BTree/main
[INFO -- 2018-10-12 00:47:22]
(2)  set args /tmp/BTree/input_100000 /tmp/BTree/output_100000
[INFO -- 2018-10-12 00:47:22]
initSignal:0
[INFO -- 2018-10-12 00:47:22]
endSignal:2
[INFO -- 2018-10-12 00:47:22]
faultModel:2
[INFO -- 2018-10-12 00:47:23]
Backtrace BEGIN:
#0  dl_main (phdr=<optimized out>, phnum=<optimized out>, user_entry=<optimized out>, auxv=<optimized out>) at rtld.c:2289
#1  0x00007ffff7defdd0 in _dl_sysdep_start (start_argptr=start_argptr@entry=0x7fffffffded0, dl_main=dl_main@entry=0x7ffff7dd7660 <dl_main>) at ../elf/dl-sysdep.c:253
#2  0x00007ffff7dd7128 in _dl_start_final (arg=0x7fffffffded0) at rtld.c:414
#3  _dl_start (arg=0x7fffffffded0) at rtld.c:521
#4  0x00007ffff7dd6098 in _start () from /lib64/ld-linux-x86-64.so.2
#5  0x0000000000000003 in ?? ()
#6  0x00007fffffffe279 in ?? ()
#7  0x00007fffffffe289 in ?? ()
#8  0x00007fffffffe2a1 in ?? ()
#9  0x0000000000000000 in ?? ()

2284	rtld.c: Arquivo ou diretório inexistente.

Backtrace END
Memory content before bitflip:0x8a0x3f0x150x000x000x000x000x00
Fault Model: Random bit-flip
base address to flip value: 0x7ffff7ffc728 
address max offset: 8
Memory content after  bitflip:0x170xfe0xba0x0b0xde0xfa0xb90x2b
frame name: dl_main
symbol name: load_time
symbol filename: rtld.c
symbol line: 307
value: 3150825245908860439
value address: 0x7ffff7ffc728 <load_time>
Type: The type is an integer type.
Type sizeof: 8

[INFO -- 2018-10-12 00:47:23]
Fault Injection Successful after 1.2126317024230957s
[INFO -- 2018-10-12 00:47:23]
event type: exit
[INFO -- 2018-10-12 00:47:23]
exit code: 0
