[INFO -- 2018-10-16 20:35:22]
Starting flip_value script
version: 1.1
[INFO -- 2018-10-16 20:35:22]
Initialization strings:
[INFO -- 2018-10-16 20:35:22]
(1) file /tmp/RBTree/main
[INFO -- 2018-10-16 20:35:22]
(2) set args  /tmp/RBTree/input_ /tmp/RBTree/output_
[INFO -- 2018-10-16 20:35:22]
initSignal:0
[INFO -- 2018-10-16 20:35:22]
endSignal:2
[INFO -- 2018-10-16 20:35:22]
faultModel:4
[INFO -- 2018-10-16 20:35:22]
Backtrace BEGIN:
#0  0x00007ffff7334154 in __GI___libc_write (fd=1, buf=0x5555559b9860, nbytes=21) at ../sysdeps/unix/sysv/linux/write.c:27
#1  0x00007ffff72af1bd in _IO_new_file_write (f=0x7ffff7610760 <_IO_2_1_stdout_>, data=0x5555559b9860, n=21) at fileops.c:1203
#2  0x00007ffff72b0f51 in new_do_write (to_do=21, data=0x5555559b9860 "1010110100110011 000\n", fp=0x7ffff7610760 <_IO_2_1_stdout_>) at fileops.c:457
#3  _IO_new_do_write (fp=0x7ffff7610760 <_IO_2_1_stdout_>, data=0x5555559b9860 "1010110100110011 000\n", to_do=21) at fileops.c:433
#4  0x00007ffff72ae788 in _IO_new_file_sync (fp=0x7ffff7610760 <_IO_2_1_stdout_>) at fileops.c:813
#5  0x00007ffff72a287d in __GI__IO_fflush (fp=0x7ffff7610760 <_IO_2_1_stdout_>) at iofflush.c:40
#6  0x00007ffff7b5ef5e in std::ostream::flush() () from /usr/lib/x86_64-linux-gnu/libstdc++.so.6
#7  0x00005555555577ea in RBTree::inorderBST (this=0x7fffffffdc00, ptr=@0x5555558985a8: 0x55555589cb90) at RBTree.cpp:276
#8  0x000055555555776a in RBTree::inorderBST (this=0x7fffffffdc00, ptr=@0x5555557a9cb8: 0x5555558985a0) at RBTree.cpp:271
#9  0x000055555555776a in RBTree::inorderBST (this=0x7fffffffdc00, ptr=@0x555555806390: 0x5555557a9cb0) at RBTree.cpp:271
#10 0x0000555555557804 in RBTree::inorderBST (this=0x7fffffffdc00, ptr=@0x55555586d258: 0x555555806380) at RBTree.cpp:279
#11 0x000055555555776a in RBTree::inorderBST (this=0x7fffffffdc00, ptr=@0x555555778130: 0x55555586d250) at RBTree.cpp:271
#12 0x0000555555557804 in RBTree::inorderBST (this=0x7fffffffdc00, ptr=@0x55555578aaf0: 0x555555778120) at RBTree.cpp:279
#13 0x0000555555557804 in RBTree::inorderBST (this=0x7fffffffdc00, ptr=@0x5555557757b8: 0x55555578aae0) at RBTree.cpp:279
#14 0x000055555555776a in RBTree::inorderBST (this=0x7fffffffdc00, ptr=@0x55555577c628: 0x5555557757b0) at RBTree.cpp:271
#15 0x000055555555776a in RBTree::inorderBST (this=0x7fffffffdc00, ptr=@0x55555576f970: 0x55555577c620) at RBTree.cpp:271
#16 0x0000555555557804 in RBTree::inorderBST (this=0x7fffffffdc00, ptr=@0x55555576fdc0: 0x55555576f960) at RBTree.cpp:279
#17 0x0000555555557804 in RBTree::inorderBST (this=0x7fffffffdc00, ptr=@0x555555770538: 0x55555576fdb0) at RBTree.cpp:279
#18 0x000055555555776a in RBTree::inorderBST (this=0x7fffffffdc00, ptr=@0x55555576fc38: 0x555555770530) at RBTree.cpp:271
#19 0x000055555555776a in RBTree::inorderBST (this=0x7fffffffdc00, ptr=@0x555555770178: 0x55555576fc30) at RBTree.cpp:271
#20 0x000055555555776a in RBTree::inorderBST (this=0x7fffffffdc00, ptr=@0x55555576fa58: 0x555555770170) at RBTree.cpp:271
#21 0x000055555555776a in RBTree::inorderBST (this=0x7fffffffdc00, ptr=@0x7fffffffdc00: 0x55555576fa50) at RBTree.cpp:271
#22 0x0000555555557841 in RBTree::inorder (this=0x7fffffffdc00) at RBTree.cpp:283
#23 0x000055555555564c in main (argc=3, argv=0x7fffffffdf38) at main.cpp:58

22	../sysdeps/unix/sysv/linux/write.c: Arquivo ou diretório inexistente.

Backtrace END
Fliping a bit of the value pointed by a reference
Fliping a bit of the value pointed by a pointer
Fliping value of field: parent
Fliping a bit of the value pointed by a pointer
Fliping value of field: color
Memory content before bitflip:0x010x000x000x00
Fault Model: LSB bit-flip
base address to flip value: 0x555555770174
address max offset: 4
Memory content after  bitflip:0x010x000x000x01
frame name: RBTree::inorderBST
symbol name: ptr
symbol filename: RBTree.cpp
symbol line: 267
value: @0x555555770178
value address: 0x555555770178
Type: A reference type.
Type sizeof: 8

[INFO -- 2018-10-16 20:35:22]
Fault Injection Successful after 0.5187530517578125s
[INFO -- 2018-10-16 20:35:22]
event type: exit
[INFO -- 2018-10-16 20:35:22]
exit code: 0
