[INFO -- 2018-11-25 22:12:17]
Starting flip_value script
version: 1.1
[INFO -- 2018-11-25 22:12:17]
Initialization strings:
[INFO -- 2018-11-25 22:12:17]
(1) file /tmp/BTree-dup/main
[INFO -- 2018-11-25 22:12:17]
(2)  set args /tmp/BTree-dup/input_100000 /tmp/BTree-dup/output_100000 /tmp/BTree-dup-detection.log /tmp/BTree-dup/output2_100000
[INFO -- 2018-11-25 22:12:17]
initSignal:0
[INFO -- 2018-11-25 22:12:17]
endSignal:2
[INFO -- 2018-11-25 22:12:17]
faultModel:3
[INFO -- 2018-11-25 22:12:18]
Backtrace BEGIN:
#0  0x00007ffff7b5f760 in std::ostream::sentry::~sentry() () from /usr/lib/x86_64-linux-gnu/libstdc++.so.6
#1  0x00007ffff7b5f96b in std::ostream::put(char) () from /usr/lib/x86_64-linux-gnu/libstdc++.so.6
#2  0x00007ffff7b5fb9f in std::basic_ostream<char, std::char_traits<char> >& std::endl<char, std::char_traits<char> >(std::basic_ostream<char, std::char_traits<char> >&) () from /usr/lib/x86_64-linux-gnu/libstdc++.so.6
#3  0x0000555555556927 in BTreeNode::traverse (this=0x555555a218f0) at BTree_dup.cpp:594
#4  0x00005555555568d7 in BTreeNode::traverse (this=0x555555a2f9f0) at BTree_dup.cpp:593
#5  0x000055555555695f in BTreeNode::traverse (this=0x5555558493c0) at BTree_dup.cpp:599
#6  0x00005555555568d7 in BTreeNode::traverse (this=0x555555849f00) at BTree_dup.cpp:593
#7  0x00005555555568d7 in BTreeNode::traverse (this=0x5555557d1d80) at BTree_dup.cpp:593
#8  0x00005555555568d7 in BTreeNode::traverse (this=0x5555557e48c0) at BTree_dup.cpp:593
#9  0x00005555555568d7 in BTreeNode::traverse (this=0x5555558c0e80) at BTree_dup.cpp:593
#10 0x00005555555568d7 in BTreeNode::traverse (this=0x555555a2abc0) at BTree_dup.cpp:593
#11 0x000055555555695f in BTreeNode::traverse (this=0x555555a2ab30) at BTree_dup.cpp:599
#12 0x00005555555572bb in BTree::traverse (this=0x7fffffffdd40) at BTree_dup.cpp:139
#13 0x0000555555556fbd in main (argc=5, argv=0x7fffffffde68) at BTree_dup.cpp:718

677	    {
678	        file1.getline(string1,256);
679	        file2.getline(string2,256);
680	        j++;
681	        if(strcmp(string1,string2) != 0)
682	        {
683	            if (fp = fopen(detectLog, "a")) {
684	                fprintf(fp, "[%d]: %s %s\n",j,string1,string2);
685	                fclose(fp);
686	            }

Backtrace END
Memory content before bitflip:0x400xdd0xff0xff0xff0x7f0x000x00
Fault Model: Zero bit-flip
base address to flip value: 0x7fffffffdd30
address max offset: 8
Memory content after  bitflip:0x000x000x000x000x000x000x000x00
frame name: main
symbol name: stop_time
symbol filename: BTree_dup.cpp
symbol line: 698
value: 0
value address: 0x7fffffffdd30
Type: The type is an integer type.
Type sizeof: 8

[INFO -- 2018-11-25 22:12:18]
Fault Injection Successful after 1.7605478763580322s
[INFO -- 2018-11-25 22:12:19]
event type: exit
[INFO -- 2018-11-25 22:12:19]
exit code: 0
