[INFO -- 2018-12-09 15:41:16]
Starting flip_value script
version: 1.1
[INFO -- 2018-12-09 15:41:16]
Initialization strings:
[INFO -- 2018-12-09 15:41:16]
(1) file /tmp/RBTree-dup/main_dup
[INFO -- 2018-12-09 15:41:16]
(2)  set args /tmp/RBTree-dup/input_100000 /tmp/RBTree-dup/output_100000 /tmp/RBTree-dup/RBTree-dup-detection.log tmp/RBTree-dup/output2_100000
[INFO -- 2018-12-09 15:41:16]
initSignal:0
[INFO -- 2018-12-09 15:41:16]
endSignal:2
[INFO -- 2018-12-09 15:41:16]
faultModel:4
[INFO -- 2018-12-09 15:41:17]
Backtrace BEGIN:
#0  0x00007ffff7334217 in __lseek64 (fd=4, offset=0, whence=2) at ../sysdeps/unix/sysv/linux/lseek64.c:35
#1  0x00007ffff72b05ef in __GI__IO_file_open (is32not64=1, read_write=<optimized out>, prot=438, posix_mode=<optimized out>, filename=0x7ffff760c2a0 <_IO_file_jumps> "", fp=0x55555576e0d0) at fileops.c:199
#2  _IO_new_file_fopen (fp=fp@entry=0x55555576e0d0, filename=filename@entry=0x7fffffffe267 "/tmp/RBTree-dup/RBTree-dup-detection.log", mode=<optimized out>, mode@entry=0x555555558ba0 "a", is32not64=is32not64@entry=1) at fileops.c:281
#3  0x00007ffff72a2eaa in __fopen_internal (is32=1, mode=0x555555558ba0 "a", filename=0x7fffffffe267 "/tmp/RBTree-dup/RBTree-dup-detection.log") at iofopen.c:78
#4  _IO_new_fopen (filename=0x7fffffffe267 "/tmp/RBTree-dup/RBTree-dup-detection.log", mode=0x555555558ba0 "a") at iofopen.c:89
#5  0x0000555555555a06 in compare_output(char*, char*, char*) ()
#6  0x0000555555555c1f in main ()

30	../sysdeps/unix/sysv/linux/lseek64.c: Arquivo ou diretório inexistente.

Backtrace END
Fliping value of field: __dummy2
Memory content before bitflip:0x000x000x000x000x000x000x000x00
Fault Model: LSB bit-flip
base address to flip value: 0x7ffff760c2a8 
address max offset: 8
Memory content after  bitflip:0x000x000x000x000x000x000x000x08
frame name: __GI__IO_file_open
symbol name: __GI__IO_file_jumps
symbol filename: fileops.c
symbol line: 1455
value: {__dummy = 0, __dummy2 = 576460752303423488, __finish = 0x7ffff72b0330 <_IO_new_file_finish>, __overflow = 0x7ffff72b1300 <_IO_new_file_overflow>, __underflow = 0x7ffff72b1020 <_IO_new_file_underflow>, __uflow = 0x7ffff72b23c0 <__GI__IO_default_uflow>, __pbackfail = 0x7ffff72b3c50 <__GI__IO_default_pbackfail>, __xsputn = 0x7ffff72af930 <_IO_new_file_xsputn>, __xsgetn = 0x7ffff72af590 <__GI__IO_file_xsgetn>, __seekoff = 0x7ffff72aeb90 <_IO_new_file_seekoff>, __seekpos = 0x7ffff72b2990 <_IO_default_seekpos>, __setbuf = 0x7ffff72ae850 <_IO_new_file_setbuf>, __sync = 0x7ffff72ae6d0 <_IO_new_file_sync>, __doallocate = 0x7ffff72a2100 <__GI__IO_file_doallocate>, __read = 0x7ffff72af910 <__GI__IO_file_read>, __write = 0x7ffff72af190 <_IO_new_file_write>, __seek = 0x7ffff72ae910 <__GI__IO_file_seek>, __close = 0x7ffff72ae840 <__GI__IO_file_close>, __stat = 0x7ffff72af180 <__GI__IO_file_stat>, __showmanyc = 0x7ffff72b3dd0 <_IO_default_showmanyc>, __imbue = 0x7ffff72b3de0 <_IO_default_imbue>}
value address: 0x7ffff760c2a0 <_IO_file_jumps>
Type: The type is a structure.
Type sizeof: 168
Field name: __dummy
Field Type: The type is an integer type.
Field Type sizeof: 8
Field name: __dummy2
Field Type: The type is an integer type.
Field Type sizeof: 8
Field name: __finish
Field Type: The type is a pointer.
Field Type sizeof: 8
Field name: __overflow
Field Type: The type is a pointer.
Field Type sizeof: 8
Field name: __underflow
Field Type: The type is a pointer.
Field Type sizeof: 8
Field name: __uflow
Field Type: The type is a pointer.
Field Type sizeof: 8
Field name: __pbackfail
Field Type: The type is a pointer.
Field Type sizeof: 8
Field name: __xsputn
Field Type: The type is a pointer.
Field Type sizeof: 8
Field name: __xsgetn
Field Type: The type is a pointer.
Field Type sizeof: 8
Field name: __seekoff
Field Type: The type is a pointer.
Field Type sizeof: 8
Field name: __seekpos
Field Type: The type is a pointer.
Field Type sizeof: 8
Field name: __setbuf
Field Type: The type is a pointer.
Field Type sizeof: 8
Field name: __sync
Field Type: The type is a pointer.
Field Type sizeof: 8
Field name: __doallocate
Field Type: The type is a pointer.
Field Type sizeof: 8
Field name: __read
Field Type: The type is a pointer.
Field Type sizeof: 8
Field name: __write
Field Type: The type is a pointer.
Field Type sizeof: 8
Field name: __seek
Field Type: The type is a pointer.
Field Type sizeof: 8
Field name: __close
Field Type: The type is a pointer.
Field Type sizeof: 8
Field name: __stat
Field Type: The type is a pointer.
Field Type sizeof: 8
Field name: __showmanyc
Field Type: The type is a pointer.
Field Type sizeof: 8
Field name: __imbue
Field Type: The type is a pointer.
Field Type sizeof: 8

[INFO -- 2018-12-09 15:41:17]
Fault Injection Successful after 1.3534202575683594s
[INFO -- 2018-12-09 15:41:17]
event type: exit
[INFO -- 2018-12-09 15:41:17]
exit code: 0
