[INFO -- 2018-10-17 20:54:48]
Starting flip_value script
version: 1.1
[INFO -- 2018-10-17 20:54:48]
Initialization strings:
[INFO -- 2018-10-17 20:54:48]
(1) file /tmp/Tree234/main
[INFO -- 2018-10-17 20:54:48]
(2) set args /tmp/Tree234/input_50000 /tmp/Tree234/output_50000
[INFO -- 2018-10-17 20:54:48]
initSignal:0
[INFO -- 2018-10-17 20:54:48]
endSignal:2
[INFO -- 2018-10-17 20:54:48]
faultModel:0
[INFO -- 2018-10-17 20:54:48]
Backtrace BEGIN:
#0  0x00007ffff7de160d in do_lookup_x (undef_name=undef_name@entry=0x7ffff7aa46d6 "_ZTISt14basic_ofstreamIwSt11char_traitsIwEE", new_hash=new_hash@entry=3256627024, old_hash=old_hash@entry=0x7fffffffdaa0, ref=0x7ffff7a65a30, result=result@entry=0x7fffffffdab0, scope=<optimized out>, i=1, version=0x7ffff7fd81c8, flags=1, skip=0x0, type_class=0, undef_map=0x7ffff7ff74d0) at dl-lookup.c:423
#1  0x00007ffff7de1b1f in _dl_lookup_symbol_x (undef_name=0x7ffff7aa46d6 "_ZTISt14basic_ofstreamIwSt11char_traitsIwEE", undef_map=undef_map@entry=0x7ffff7ff74d0, ref=ref@entry=0x7fffffffdc00, symbol_scope=symbol_scope@entry=0x7ffff7ff7828, version=0x7ffff7fd81c8, type_class=0, flags=1, skip_map=0x0) at dl-lookup.c:829
#2  0x00007ffff7de377d in elf_machine_rela (skip_ifunc=<optimized out>, reloc_addr_arg=0x7ffff7dcd8d0, version=<optimized out>, sym=0x7ffff7a65a30, reloc=0x7ffff7ad2cd0, map=0x7ffff7ff74d0) at ../sysdeps/x86_64/dl-machine.h:301
#3  elf_dynamic_do_Rela (skip_ifunc=<optimized out>, lazy=<optimized out>, nrelative=<optimized out>, relsize=<optimized out>, reladdr=<optimized out>, map=0x7ffff7ff74d0) at do-rel.h:137
#4  _dl_relocate_object (scope=<optimized out>, reloc_mode=<optimized out>, consider_profiling=<optimized out>, consider_profiling@entry=0) at dl-reloc.c:258
#5  0x00007ffff7ddb0db in dl_main (phdr=<optimized out>, phnum=<optimized out>, user_entry=<optimized out>, auxv=<optimized out>) at rtld.c:2109
#6  0x00007ffff7df0632 in _dl_sysdep_start (start_argptr=start_argptr@entry=0x7fffffffde70, dl_main=dl_main@entry=0x7ffff7dd91e0 <dl_main>) at ../elf/dl-sysdep.c:249
#7  0x00007ffff7dd8c2a in _dl_start_final (arg=0x7fffffffde70) at rtld.c:323
#8  _dl_start (arg=0x7fffffffde70) at rtld.c:429
#9  0x00007ffff7dd7c38 in _start () from /lib64/ld-linux-x86-64.so.2
#10 0x0000000000000003 in ?? ()
#11 0x00007fffffffe20c in ?? ()
#12 0x00007fffffffe21e in ?? ()
#13 0x00007fffffffe237 in ?? ()
#14 0x0000000000000000 in ?? ()

418	in dl-lookup.c

Backtrace END
Fliping array at pos: 2
Memory content before bitflip:0x5f
Fault Model: Single bit-flip
base address to flip value: 0x7ffff7df8132  
address max offset: 1
Memory content after  bitflip:0x5b
frame name: dl_main
symbol name: __PRETTY_FUNCTION__
symbol filename: rtld.c
symbol line: 0
value: "dl[main"
value address: 0x7ffff7df8130 <__PRETTY_FUNCTION__.10256>
Type: The type is an array.
Type sizeof: 8
Field name: None
Field Type: A range type, that is, an integer type with bounds.
Field Type sizeof: 8
Field Type range: (0, 7)

[INFO -- 2018-10-17 20:54:48]
Fault Injection Successful after 0.9359772205352783s
[INFO -- 2018-10-17 20:54:49]
event type: exit
[INFO -- 2018-10-17 20:54:49]
exit code: 0
