[INFO -- 2018-11-26 01:16:03]
Starting flip_value script
version: 1.1
[INFO -- 2018-11-26 01:16:03]
Initialization strings:
[INFO -- 2018-11-26 01:16:03]
(1) file /tmp/BTree-dup/main
[INFO -- 2018-11-26 01:16:03]
(2)  set args /tmp/BTree-dup/input_100000 /tmp/BTree-dup/output_100000 /tmp/BTree-dup-detection.log /tmp/BTree-dup/output2_100000
[INFO -- 2018-11-26 01:16:03]
initSignal:0
[INFO -- 2018-11-26 01:16:03]
endSignal:2
[INFO -- 2018-11-26 01:16:03]
faultModel:3
[INFO -- 2018-11-26 01:16:05]
Backtrace BEGIN:
#0  0x0000555555557724 in std::istream_iterator<int, char, std::char_traits<char>, long>::_M_read (this=0x7fffffffd960) at /usr/include/c++/7/bits/stream_iterator.h:119
#1  0x0000555555557ab2 in std::istream_iterator<int, char, std::char_traits<char>, long>::operator++ (this=0x7fffffffd960) at /usr/include/c++/7/bits/stream_iterator.h:95
#2  0x00005555555579f3 in std::vector<int, std::allocator<int> >::_M_range_initialize<std::istream_iterator<int, char, std::char_traits<char>, long> > (this=0x7fffffffdaa0, __first=..., __last=...) at /usr/include/c++/7/bits/stl_vector.h:1308
#3  0x0000555555557882 in std::vector<int, std::allocator<int> >::_M_initialize_dispatch<std::istream_iterator<int, char, std::char_traits<char>, long> > (this=0x7fffffffdaa0, __first=..., __last=...) at /usr/include/c++/7/bits/stl_vector.h:1299
#4  0x0000555555557569 in std::vector<int, std::allocator<int> >::vector<std::istream_iterator<int, char, std::char_traits<char>, long>, void> (this=0x7fffffffdaa0, __first=..., __last=..., __a=...) at /usr/include/c++/7/bits/stl_vector.h:414
#5  0x0000555555556bbc in runner (input=0x7fffffffe22a "/tmp/BTree-dup/input_100000") at BTree_dup.cpp:660
#6  0x0000555555556f51 in main (argc=5, argv=0x7fffffffde68) at BTree_dup.cpp:711

114	    private:
115	      void
116	      _M_read()
117	      {
118		_M_ok = (_M_stream && *_M_stream) ? true : false;
119		if (_M_ok)
120		  {
121		    *_M_stream >> _M_value;
122		    _M_ok = *_M_stream ? true : false;
123		  }

Backtrace END
Fliping value of field: _M_stream
Fliping a bit of the pointer
Memory content before bitflip:0xc00xda0xff0xff0xff0x7f0x000x00
Fault Model: Zero bit-flip
base address to flip value: 0x7fffffffd9e0
address max offset: 8
Memory content after  bitflip:0x000x000x000x000x000x000x000x00
frame name: std::vector<int, std::allocator<int> >::_M_initialize_dispatch<std::istream_iterator<int, char, std::char_traits<char>, long> >
symbol name: __first
symbol filename: /usr/include/c++/7/bits/stl_vector.h
symbol line: 1294
value: {<std::iterator<std::input_iterator_tag, int, long, int const*, int const&>> = {<No data fields>}, _M_stream = 0x0, _M_value = 1101642, _M_ok = true}
value address: 0x7fffffffd9e0
Type: The type is a structure.
Type sizeof: 16
Field name: std::iterator<std::input_iterator_tag, int, long, int const*, int const&>
Field Type: The type is a structure.
Field Type sizeof: 1
Field name: _M_stream
Field Type: The type is a pointer.
Field Type sizeof: 8
Field name: _M_value
Field Type: The type is an integer type.
Field Type sizeof: 4
Field name: _M_ok
Field Type: A boolean type.
Field Type sizeof: 1

[INFO -- 2018-11-26 01:16:05]
Fault Injection Successful after 2.320603370666504s
[INFO -- 2018-11-26 01:16:06]
event type: exit
[INFO -- 2018-11-26 01:16:06]
exit code: 0
