[INFO -- 2018-12-09 01:59:26]
Starting flip_value script
version: 1.1
[INFO -- 2018-12-09 01:59:26]
Initialization strings:
[INFO -- 2018-12-09 01:59:26]
(1) file /tmp/RBTree-dup/main_dup
[INFO -- 2018-12-09 01:59:26]
(2)  set args /tmp/RBTree-dup/input_100000 /tmp/RBTree-dup/output_100000 /tmp/RBTree-dup/RBTree-dup-detection.log /tmp/RBTree-dup/output2_100000
[INFO -- 2018-12-09 01:59:26]
initSignal:0
[INFO -- 2018-12-09 01:59:26]
endSignal:2
[INFO -- 2018-12-09 01:59:26]
faultModel:4
[INFO -- 2018-12-09 01:59:26]
Backtrace BEGIN:
#0  __GI___libc_free (mem=0x55555576e0a0) at malloc.c:3103
#1  0x000055555555875e in std::basic_ostream<char, std::char_traits<char> >& std::operator<< <char, std::char_traits<char>, 16ul>(std::basic_ostream<char, std::char_traits<char> >&, std::bitset<16ul> const&) ()
#2  0x0000555555557cea in RBTree::inorderBST(Node*&) ()
#3  0x0000555555557d56 in RBTree::inorderBST(Node*&) ()
#4  0x0000555555557d56 in RBTree::inorderBST(Node*&) ()
#5  0x0000555555557cbc in RBTree::inorderBST(Node*&) ()
#6  0x0000555555557d56 in RBTree::inorderBST(Node*&) ()
#7  0x0000555555557cbc in RBTree::inorderBST(Node*&) ()
#8  0x0000555555557cbc in RBTree::inorderBST(Node*&) ()
#9  0x0000555555557d56 in RBTree::inorderBST(Node*&) ()
#10 0x0000555555557d56 in RBTree::inorderBST(Node*&) ()
#11 0x0000555555557d56 in RBTree::inorderBST(Node*&) ()
#12 0x0000555555557d56 in RBTree::inorderBST(Node*&) ()
#13 0x0000555555557cbc in RBTree::inorderBST(Node*&) ()
#14 0x0000555555557d56 in RBTree::inorderBST(Node*&) ()
#15 0x0000555555557cbc in RBTree::inorderBST(Node*&) ()
#16 0x0000555555557cbc in RBTree::inorderBST(Node*&) ()
#17 0x0000555555557cbc in RBTree::inorderBST(Node*&) ()
#18 0x0000555555557cbc in RBTree::inorderBST(Node*&) ()
#19 0x0000555555557d56 in RBTree::inorderBST(Node*&) ()
#20 0x0000555555557d93 in RBTree::inorder() ()
#21 0x0000555555555ba8 in main ()

3098	malloc.c: Arquivo ou diretório inexistente.

Backtrace END
Memory content before bitflip:0x000x000x000x00
Fault Model: LSB bit-flip
base address to flip value: 0x7ffff7611908 
address max offset: 4
Memory content after  bitflip:0x000x000x000x80
frame name: __GI___libc_free
symbol name: disallow_malloc_check
symbol filename: hooks.c
symbol line: 68
value: -2147483648
value address: 0x7ffff7611908 <disallow_malloc_check>
Type: The type is an integer type.
Type sizeof: 4

[INFO -- 2018-12-09 01:59:26]
Fault Injection Successful after 0.6453585624694824s
[INFO -- 2018-12-09 01:59:26]
event type: exit
[INFO -- 2018-12-09 01:59:26]
exit code: 0
