[INFO -- 2018-10-12 00:41:58]
Starting flip_value script
version: 1.1
[INFO -- 2018-10-12 00:41:58]
Initialization strings:
[INFO -- 2018-10-12 00:41:58]
(1) file /tmp/BTree/main
[INFO -- 2018-10-12 00:41:58]
(2)  set args /tmp/BTree/input_100000 /tmp/BTree/output_100000
[INFO -- 2018-10-12 00:41:58]
initSignal:0
[INFO -- 2018-10-12 00:41:58]
endSignal:2
[INFO -- 2018-10-12 00:41:58]
faultModel:3
[INFO -- 2018-10-12 00:41:59]
Backtrace BEGIN:
#0  __strcmp_sse2_unaligned () at ../sysdeps/x86_64/multiarch/strcmp-sse2-unaligned.S:42
#1  0x00007ffff7ae06b0 in __cxxabiv1::__vmi_class_type_info::__do_dyncast(long, __cxxabiv1::__class_type_info::__sub_kind, __cxxabiv1::__class_type_info const*, void const*, __cxxabiv1::__class_type_info const*, void const*, __cxxabiv1::__class_type_info::__dyncast_result&) const () from /usr/lib/x86_64-linux-gnu/libstdc++.so.6
#2  0x00007ffff7add3b6 in __dynamic_cast () from /usr/lib/x86_64-linux-gnu/libstdc++.so.6
#3  0x00007ffff7b5033b in std::ctype<char> const& std::use_facet<std::ctype<char> >(std::locale const&) () from /usr/lib/x86_64-linux-gnu/libstdc++.so.6
#4  0x00005555555568f9 in std::operator<< <char, std::char_traits<char>, 16ul> (__os=..., __x=std::bitset = {...}) at /usr/include/c++/7/bitset:1537
#5  0x00005555555563b2 in BTreeNode::traverse (this=0x5555558c1960) at BTree.cpp:592
#6  0x0000555555556377 in BTreeNode::traverse (this=0x5555559967e0) at BTree.cpp:591
#7  0x00005555555563ff in BTreeNode::traverse (this=0x555555b5c4a0) at BTree.cpp:597
#8  0x0000555555556377 in BTreeNode::traverse (this=0x555555963f00) at BTree.cpp:591
#9  0x0000555555556377 in BTreeNode::traverse (this=0x5555557a8050) at BTree.cpp:591
#10 0x0000555555556377 in BTreeNode::traverse (this=0x555555812310) at BTree.cpp:591
#11 0x0000555555556377 in BTreeNode::traverse (this=0x555555aeeac0) at BTree.cpp:591
#12 0x0000555555556377 in BTreeNode::traverse (this=0x555555812430) at BTree.cpp:591
#13 0x0000555555556377 in BTreeNode::traverse (this=0x555555a27320) at BTree.cpp:591
#14 0x0000555555556851 in BTree::traverse (this=0x7fffffffddc0) at BTree.cpp:137
#15 0x0000555555556630 in main (argc=3, argv=0x7fffffffded8) at BTree.cpp:668

37	../sysdeps/x86_64/multiarch/strcmp-sse2-unaligned.S: Arquivo ou diretório inexistente.

Backtrace END
Memory content before bitflip:0x000x000x000x00
Fault Model: Zero bit-flip
base address to flip value: 0x7fffffffdd5c
address max offset: 4
Memory content after  bitflip:0x000x000x000x00
frame name: BTreeNode::traverse
symbol name: i
symbol filename: BTree.cpp
symbol line: 585
value: 0
value address: 0x7fffffffdd5c
Type: The type is an integer type.
Type sizeof: 4

[INFO -- 2018-10-12 00:41:59]
Fault Injection Successful after 1.481095314025879s
[INFO -- 2018-10-12 00:41:59]
event type: exit
[INFO -- 2018-10-12 00:41:59]
exit code: 0
