[INFO -- 2018-11-25 15:35:52]
Starting flip_value script
version: 1.1
[INFO -- 2018-11-25 15:35:52]
Initialization strings:
[INFO -- 2018-11-25 15:35:52]
(1) file /tmp/BTree-dup/main
[INFO -- 2018-11-25 15:35:52]
(2)  set args /tmp/BTree-dup/input_100000 /tmp/BTree-dup/output_100000 /tmp/BTree-dup-detection.log /tmp/BTree-dup/output2_100000
[INFO -- 2018-11-25 15:35:52]
initSignal:0
[INFO -- 2018-11-25 15:35:52]
endSignal:2
[INFO -- 2018-11-25 15:35:52]
faultModel:3
[EXCEPTION -- 2018-11-25 15:35:53]
pythonException: Unable to exit loop in struct fields; Exiting wihtout making a bit flip
[EXCEPTION -- 2018-11-25 15:35:54]
pythonException: Unable to exit loop in struct fields; Exiting wihtout making a bit flip
[EXCEPTION -- 2018-11-25 15:35:54]
pythonException: Unable to exit loop in struct fields; Exiting wihtout making a bit flip
[INFO -- 2018-11-25 15:35:54]
Backtrace BEGIN:
#0  0x00005555555564c9 in BTreeNode::insertNonFull (this=0x555555e1de60, k=1903754) at BTree_dup.cpp:499
#1  0x0000555555556639 in BTreeNode::insertNonFull (this=0x555555dbe580, k=1903754) at BTree_dup.cpp:535
#2  0x0000555555556639 in BTreeNode::insertNonFull (this=0x555555ce1f30, k=1903754) at BTree_dup.cpp:535
#3  0x0000555555556478 in BTree::insert (this=0x7fffffffda50, k=1903754) at BTree_dup.cpp:489
#4  0x0000555555556c25 in runner (input=0x7fffffffe22a "/tmp/BTree-dup/input_100000") at BTree_dup.cpp:664
#5  0x0000555555556f7a in main (argc=5, argv=0x7fffffffde68) at BTree_dup.cpp:712

494	// The assumption is, the node must be non-full when this
495	// function is called
496	void BTreeNode::insertNonFull(int k)
497	{
498		// Initialize index as index of rightmost element
499		int i = n-1;
500	
501		// If this is a leaf node
502		if (leaf == true)
503		{

Backtrace END
Memory content before bitflip:0x000x000x000x00
Fault Model: Zero bit-flip
base address to flip value: 0x7fffffffd9dc
address max offset: 4
Memory content after  bitflip:0x000x000x000x00
frame name: BTreeNode::insertNonFull
symbol name: i
symbol filename: BTree_dup.cpp
symbol line: 499
value: 0
value address: 0x7fffffffd9dc
Type: The type is an integer type.
Type sizeof: 4

[INFO -- 2018-11-25 15:35:54]
Fault Injection Successful after 2.7298519611358643s
[INFO -- 2018-11-25 15:35:55]
event type: exit
[INFO -- 2018-11-25 15:35:55]
exit code: 0
