[INFO -- 2018-12-01 13:44:42]
Starting flip_value script
version: 1.1
[INFO -- 2018-12-01 13:44:42]
Initialization strings:
[INFO -- 2018-12-01 13:44:42]
(1) file /tmp/splay/main
[INFO -- 2018-12-01 13:44:42]
(2) set args /tmp/splay/input_100000 /tmp/splay/output_100000
[INFO -- 2018-12-01 13:44:42]
initSignal:0
[INFO -- 2018-12-01 13:44:42]
endSignal:5
[INFO -- 2018-12-01 13:44:42]
faultModel:1
[INFO -- 2018-12-01 13:44:42]
Backtrace BEGIN:
#0  0x00007ffff7d34fd4 in __GI___libc_write (fd=1, buf=0x55555587dcf0, nbytes=17) at ../sysdeps/unix/sysv/linux/write.c:26
#1  0x00007ffff7cb633d in _IO_new_file_write (f=0x7ffff7e10760 <_IO_2_1_stdout_>, data=0x55555587dcf0, n=17) at fileops.c:1183
#2  0x00007ffff7cb7a71 in new_do_write (to_do=17, data=0x55555587dcf0 "1001000001111110\n", fp=0x7ffff7e10760 <_IO_2_1_stdout_>) at libioP.h:839
#3  _IO_new_do_write (fp=0x7ffff7e10760 <_IO_2_1_stdout_>, data=0x55555587dcf0 "1001000001111110\n", to_do=17) at fileops.c:433
#4  0x00007ffff7cb56f8 in _IO_new_file_sync (fp=0x7ffff7e10760 <_IO_2_1_stdout_>) at fileops.c:819
#5  0x00007ffff7caa32d in __GI__IO_fflush (fp=0x7ffff7e10760 <_IO_2_1_stdout_>) at libioP.h:839
#6  0x00007ffff7f4201e in std::ostream::flush() () from /usr/lib/x86_64-linux-gnu/libstdc++.so.6
#7  0x0000555555557afd in InOrder (root=0x5555555ce0b0) at splay.cpp:253
#8  0x0000555555557abd in InOrder (root=0x5555555d0a70) at splay.cpp:252
#9  0x0000555555557b0d in InOrder (root=0x555555716a90) at splay.cpp:254
#10 0x0000555555557b0d in InOrder (root=0x555555686fb0) at splay.cpp:254
#11 0x0000555555557b0d in InOrder (root=0x55555571ad30) at splay.cpp:254
#12 0x0000555555557b0d in InOrder (root=0x55555578d790) at splay.cpp:254
#13 0x0000555555557b0d in InOrder (root=0x555555765cb0) at splay.cpp:254
#14 0x0000555555557abd in InOrder (root=0x555555701510) at splay.cpp:252
#15 0x0000555555557abd in InOrder (root=0x55555583a6d0) at splay.cpp:252
#16 0x0000555555557b0d in InOrder (root=0x5555557176b0) at splay.cpp:254
#17 0x0000555555557b0d in InOrder (root=0x55555584bb10) at splay.cpp:254
#18 0x0000555555557b0d in InOrder (root=0x5555558629d0) at splay.cpp:254
#19 0x0000555555557b0d in InOrder (root=0x55555557a930) at splay.cpp:254
#20 0x0000555555557abd in InOrder (root=0x55555578e150) at splay.cpp:252
#21 0x0000555555557abd in InOrder (root=0x555555872c50) at splay.cpp:252
#22 0x0000555555557b0d in InOrder (root=0x55555581be90) at splay.cpp:254
#23 0x0000555555557b0d in InOrder (root=0x55555561e0f0) at splay.cpp:254
#24 0x0000555555557b0d in InOrder (root=0x5555557b0cd0) at splay.cpp:254
#25 0x0000555555557abd in InOrder (root=0x55555587dc70) at splay.cpp:252
#26 0x0000555555557abd in InOrder (root=0x555555774870) at splay.cpp:252
#27 0x0000555555557abd in InOrder (root=0x55555587dcb0) at splay.cpp:252
#28 0x0000555555557b0d in InOrder (root=0x555555693810) at splay.cpp:254
#29 0x0000555555557b0d in InOrder (root=0x555555634c10) at splay.cpp:254
#30 0x0000555555557b0d in InOrder (root=0x55555587dcd0) at splay.cpp:254
#31 0x00005555555564fe in main (argc=3, argv=0x7fffffffdfb8) at main.cpp:35

21	in ../sysdeps/unix/sysv/linux/write.c

Backtrace END
Fliping a bit of the pointer
Memory content before bitflip:0xb00x5c0x760x550x550x550x000x00
Fault Model: Double bit-flip
base address to flip value: 0x7fffffffd8d8
address max offset: 8
Memory content after  bitflip:0xb00x5c0x760x1d0x550x550x000x00
frame name: InOrder
symbol name: root
symbol filename: splay.cpp
symbol line: 248
value: 0x555555765cb0
value address: 0x7fffffffd8d8
Type: The type is a pointer.
Type sizeof: 8

[INFO -- 2018-12-01 13:44:42]
Fault Injection Successful after 0.926110029220581s
[INFO -- 2018-12-01 13:44:43]
event type: exit
[INFO -- 2018-12-01 13:44:43]
exit code: 0
