[INFO -- 2018-10-16 19:20:01]
Starting flip_value script
version: 1.1
[INFO -- 2018-10-16 19:20:01]
Initialization strings:
[INFO -- 2018-10-16 19:20:01]
(1) file /tmp/RBTree/main
[INFO -- 2018-10-16 19:20:01]
(2) set args  /tmp/RBTree/input_ /tmp/RBTree/output_
[INFO -- 2018-10-16 19:20:01]
initSignal:0
[INFO -- 2018-10-16 19:20:01]
endSignal:2
[INFO -- 2018-10-16 19:20:01]
faultModel:4
[EXCEPTION -- 2018-10-16 19:20:01]
gdbException: Tentativo de desreferenciar um ponteiro genérico.
[EXCEPTION -- 2018-10-16 19:20:01]
pythonException: Unable to exit loop in struct fields; Exiting wihtout making a bit flip
[INFO -- 2018-10-16 19:20:01]
Backtrace BEGIN:
#0  0x0000555555556a9b in RBTree::rotateLeft (this=0x7fffffffdc00, ptr=@0x7fffffffdb28: 0x5555557855c0) at RBTree.cpp:67
#1  0x0000555555556e96 in RBTree::fixInsertRBTree (this=0x7fffffffdc00, ptr=@0x7fffffffdb60: 0x5555557af200) at RBTree.cpp:136
#2  0x0000555555556a1b in RBTree::insertValue (this=0x7fffffffdc00, n=-2216) at RBTree.cpp:57
#3  0x0000555555555610 in main (argc=3, argv=0x7fffffffdf38) at main.cpp:54

62	    ptr->right = right_child->left;
63	
64	    if (ptr->right != NULL)
65	        ptr->right->parent = ptr;
66	
67	    right_child->parent = ptr->parent;
68	
69	    if (ptr->parent == NULL)
70	        root = right_child;
71	    else if (ptr == ptr->parent->left)

Backtrace END
Memory content before bitflip:0x580xf70xff0xff
Fault Model: LSB bit-flip
base address to flip value: 0x7fffffffdb54
address max offset: 4
Memory content after  bitflip:0x580xf70xff0xf7
frame name: RBTree::insertValue
symbol name: n
symbol filename: RBTree.cpp
symbol line: 54
value: -134219944
value address: 0x7fffffffdb54
Type: The type is an integer type.
Type sizeof: 4

[INFO -- 2018-10-16 19:20:01]
Fault Injection Successful after 0.982790470123291s
[INFO -- 2018-10-16 19:20:02]
event type: exit
[INFO -- 2018-10-16 19:20:02]
exit code: 0
