[INFO -- 2018-10-17 19:27:33]
sending 5 signals using command: 'killall -2 main' after 1.12654452907s
[INFO -- 2018-10-17 19:27:34]
sending 5 signals using command: 'killall -2 main' after 1.54253582513s
[INFO -- 2018-10-17 19:27:34]
sending 5 signals using command: 'killall -2 main' after 1.57318097761s
[INFO -- 2018-10-17 19:27:34]
Starting GDB script
[INFO -- 2018-10-17 19:27:34]
initSignal:0.0
[INFO -- 2018-10-17 19:27:34]
endSignal:2.0
[INFO -- 2018-10-17 19:27:34]
sending 5 signals using command: 'killall -2 main' after 0.344800285819s
[INFO -- 2018-10-17 19:27:35]
sending 5 signals using command: 'killall -2 main' after 0.730698696029s
[INFO -- 2018-10-17 19:27:35]
sending 5 signals using command: 'killall -2 main' after 0.943647247735s
[INFO -- 2018-10-17 19:27:35]
Execution finished before waitTime
