[INFO -- 2018-10-12 03:30:00]
Starting flip_value script
version: 1.1
[INFO -- 2018-10-12 03:30:00]
Initialization strings:
[INFO -- 2018-10-12 03:30:00]
(1) file /tmp/BTree/main
[INFO -- 2018-10-12 03:30:00]
(2)  set args /tmp/BTree/input_100000 /tmp/BTree/output_100000
[INFO -- 2018-10-12 03:30:00]
initSignal:0
[INFO -- 2018-10-12 03:30:00]
endSignal:2
[INFO -- 2018-10-12 03:30:00]
faultModel:4
[EXCEPTION -- 2018-10-12 03:30:00]
gdbException: Tentativo de desreferenciar um ponteiro genérico.
[INFO -- 2018-10-12 03:30:01]
event type: exit
[INFO -- 2018-10-12 03:30:01]
exit code: 0
