[INFO -- 2018-10-12 01:03:24]
Starting flip_value script
version: 1.1
[INFO -- 2018-10-12 01:03:24]
Initialization strings:
[INFO -- 2018-10-12 01:03:24]
(1) file /tmp/BTree/main
[INFO -- 2018-10-12 01:03:24]
(2)  set args /tmp/BTree/input_100000 /tmp/BTree/output_100000
[INFO -- 2018-10-12 01:03:24]
initSignal:0
[INFO -- 2018-10-12 01:03:24]
endSignal:2
[INFO -- 2018-10-12 01:03:24]
faultModel:0
[EXCEPTION -- 2018-10-12 01:03:25]
pythonException: Unable to exit loop in struct fields; Exiting wihtout making a bit flip
[INFO -- 2018-10-12 01:03:25]
Backtrace BEGIN:
#0  0x00005555555568d4 in std::operator<< <char, std::char_traits<char>, 16ul> (__os=..., __x=std::bitset = {...}) at /usr/include/c++/7/bitset:1537
#1  0x00005555555563b2 in BTreeNode::traverse (this=0x555555b9c4f0) at BTree.cpp:592
#2  0x0000555555556377 in BTreeNode::traverse (this=0x555555a83cc0) at BTree.cpp:591
#3  0x0000555555556377 in BTreeNode::traverse (this=0x555555a872c0) at BTree.cpp:591
#4  0x00005555555563ff in BTreeNode::traverse (this=0x555555a88160) at BTree.cpp:597
#5  0x0000555555556377 in BTreeNode::traverse (this=0x555555952b60) at BTree.cpp:591
#6  0x00005555555563ff in BTreeNode::traverse (this=0x5555559c9ae0) at BTree.cpp:597
#7  0x00005555555563ff in BTreeNode::traverse (this=0x555555aeeac0) at BTree.cpp:597
#8  0x0000555555556377 in BTreeNode::traverse (this=0x555555812430) at BTree.cpp:591
#9  0x0000555555556377 in BTreeNode::traverse (this=0x555555a27320) at BTree.cpp:591
#10 0x0000555555556851 in BTree::traverse (this=0x7fffffffddc0) at BTree.cpp:137
#11 0x0000555555556630 in main (argc=3, argv=0x7fffffffded8) at BTree.cpp:668

1532	    {
1533	      std::basic_string<_CharT, _Traits> __tmp;
1534	
1535	      // _GLIBCXX_RESOLVE_LIB_DEFECTS
1536	      // 396. what are characters zero and one.
1537	      const ctype<_CharT>& __ct = use_facet<ctype<_CharT> >(__os.getloc());
1538	      __x._M_copy_to_string(__tmp, __ct.widen('0'), __ct.widen('1'));
1539	      return __os << __tmp;
1540	    }
1541	  //@}

Backtrace END
Fliping a bit of the value pointed by a pointer
Fliping value of field: _IO_buf_end
Fliping a bit of the pointer
Memory content before bitflip:0xa00xc00x760x550x550x550x000x00
Fault Model: Single bit-flip
base address to flip value: 0x55555576aeb0
address max offset: 8
Memory content after  bitflip:0xa00xc00x560x550x550x550x000x00
frame name: main
symbol name: file
symbol filename: BTree.cpp
symbol line: 654
value: 0x55555576ae70
value address: 0x7fffffffddb8
Type: The type is a pointer.
Type sizeof: 8

[INFO -- 2018-10-12 01:03:25]
Fault Injection Successful after 1.76408052444458s
[INFO -- 2018-10-12 01:03:25]
event type: exit
[INFO -- 2018-10-12 01:03:25]
exit code: 0
