[INFO -- 2018-12-08 22:53:22]
Starting flip_value script
version: 1.1
[INFO -- 2018-12-08 22:53:22]
Initialization strings:
[INFO -- 2018-12-08 22:53:22]
(1) file /tmp/Tree234/main
[INFO -- 2018-12-08 22:53:22]
(2) set args /tmp/Tree234/input_50000 /tmp/Tree234/output_50000
[INFO -- 2018-12-08 22:53:22]
initSignal:0
[INFO -- 2018-12-08 22:53:22]
endSignal:2
[INFO -- 2018-12-08 22:53:22]
faultModel:1
[EXCEPTION -- 2018-12-08 22:53:22]
gdbException: Attempt to dereference a generic pointer.
[INFO -- 2018-12-08 22:53:22]
event type: exit
[INFO -- 2018-12-08 22:53:22]
exit code: 0
