[INFO -- 2018-11-26 00:26:10]
Starting flip_value script
version: 1.1
[INFO -- 2018-11-26 00:26:10]
Initialization strings:
[INFO -- 2018-11-26 00:26:10]
(1) file /tmp/BTree-dup/main
[INFO -- 2018-11-26 00:26:10]
(2)  set args /tmp/BTree-dup/input_100000 /tmp/BTree-dup/output_100000 /tmp/BTree-dup-detection.log /tmp/BTree-dup/output2_100000
[INFO -- 2018-11-26 00:26:10]
initSignal:0
[INFO -- 2018-11-26 00:26:10]
endSignal:2
[INFO -- 2018-11-26 00:26:10]
faultModel:3
[INFO -- 2018-11-26 00:26:12]
Backtrace BEGIN:
#0  0x00007ffff7b712d0 in std::__cxx11::basic_string<char, std::char_traits<char>, std::allocator<char> >::operator[](unsigned long) () from /usr/lib/x86_64-linux-gnu/libstdc++.so.6
#1  0x00005555555576a0 in std::bitset<16ul>::_M_copy_to_string<char, std::char_traits<char>, std::allocator<char> > (this=0x7fffffffdac0, __s='0' <repete 16 vezes>, __zero=48 '0', __one=49 '1') at /usr/include/c++/7/bitset:1410
#2  0x00005555555573d7 in std::operator<< <char, std::char_traits<char>, 16ul> (__os=..., __x=std::bitset = {...}) at /usr/include/c++/7/bitset:1538
#3  0x0000555555556912 in BTreeNode::traverse (this=0x555555b16ea0) at BTree_dup.cpp:594
#4  0x00005555555568d7 in BTreeNode::traverse (this=0x5555558b42e0) at BTree_dup.cpp:593
#5  0x00005555555568d7 in BTreeNode::traverse (this=0x5555558b47f0) at BTree_dup.cpp:593
#6  0x00005555555568d7 in BTreeNode::traverse (this=0x55555581c9f0) at BTree_dup.cpp:593
#7  0x00005555555568d7 in BTreeNode::traverse (this=0x555555a9db20) at BTree_dup.cpp:593
#8  0x000055555555695f in BTreeNode::traverse (this=0x555555b653e0) at BTree_dup.cpp:599
#9  0x00005555555568d7 in BTreeNode::traverse (this=0x5555559d1310) at BTree_dup.cpp:593
#10 0x000055555555695f in BTreeNode::traverse (this=0x555555a2abc0) at BTree_dup.cpp:599
#11 0x000055555555695f in BTreeNode::traverse (this=0x555555a2ab30) at BTree_dup.cpp:599
#12 0x00005555555572bb in BTree::traverse (this=0x7fffffffdd40) at BTree_dup.cpp:139
#13 0x0000555555556fbd in main (argc=5, argv=0x7fffffffde68) at BTree_dup.cpp:718

677	    {
678	        file1.getline(string1,256);
679	        file2.getline(string2,256);
680	        j++;
681	        if(strcmp(string1,string2) != 0)
682	        {
683	            if (fp = fopen(detectLog, "a")) {
684	                fprintf(fp, "[%d]: %s %s\n",j,string1,string2);
685	                fclose(fp);
686	            }

Backtrace END
Memory content before bitflip:0x020x000x000x00
Fault Model: Zero bit-flip
base address to flip value: 0x7fffffffdb3c
address max offset: 4
Memory content after  bitflip:0x000x000x000x00
frame name: BTreeNode::traverse
symbol name: i
symbol filename: BTree_dup.cpp
symbol line: 587
value: 0
value address: 0x7fffffffdb3c
Type: The type is an integer type.
Type sizeof: 4

[INFO -- 2018-11-26 00:26:12]
Fault Injection Successful after 2.366140365600586s
[INFO -- 2018-11-26 00:26:13]
event type: exit
[INFO -- 2018-11-26 00:26:13]
exit code: 0
