[INFO -- 2018-10-18 01:42:08]
Starting flip_value script
version: 1.1
[INFO -- 2018-10-18 01:42:08]
Initialization strings:
[INFO -- 2018-10-18 01:42:08]
(1) file /tmp/Tree234/main
[INFO -- 2018-10-18 01:42:08]
(2) set args /tmp/Tree234/input_50000 /tmp/Tree234/output_50000
[INFO -- 2018-10-18 01:42:08]
initSignal:0
[INFO -- 2018-10-18 01:42:08]
endSignal:2
[INFO -- 2018-10-18 01:42:08]
faultModel:0
[INFO -- 2018-10-18 01:42:08]
Backtrace BEGIN:
#0  malloc (n=17) at dl-minimal.c:94
#1  <function called from gdb>
#2  malloc (n=17) at dl-minimal.c:94
#3  <function called from gdb>
#4  do_lookup_unique (undef_map=0x7ffff7ff74d0, ref=0x7ffff7a7bdf8, strtab=0x7ffff7a7d2c8 "", sym=<optimized out>, type_class=0, result=0x7fffffffdab0, map=0x7ffff7ff74d0, new_hash=1525077836, undef_name=0x7ffff7a83c38 "_ZNSt8messagesIwE2idE") at dl-lookup.c:229
#5  do_lookup_x (undef_name=undef_name@entry=0x7ffff7a83c38 "_ZNSt8messagesIwE2idE", new_hash=new_hash@entry=1525077836, old_hash=old_hash@entry=0x7fffffffdaa0, ref=0x7ffff7a7bdf8, result=result@entry=0x7fffffffdab0, scope=<optimized out>, i=<optimized out>, version=0x7ffff7fd81c8, flags=1, skip=0x0, type_class=0, undef_map=0x7ffff7ff74d0) at dl-lookup.c:540
#6  0x00007ffff7de1b1f in _dl_lookup_symbol_x (undef_name=0x7ffff7a83c38 "_ZNSt8messagesIwE2idE", undef_map=undef_map@entry=0x7ffff7ff74d0, ref=ref@entry=0x7fffffffdc00, symbol_scope=symbol_scope@entry=0x7ffff7ff7828, version=0x7ffff7fd81c8, type_class=0, flags=1, skip_map=0x0) at dl-lookup.c:829
#7  0x00007ffff7de377d in elf_machine_rela (skip_ifunc=<optimized out>, reloc_addr_arg=0x7ffff7dc98b0, version=<optimized out>, sym=0x7ffff7a7bdf8, reloc=0x7ffff7ac97a8, map=0x7ffff7ff74d0) at ../sysdeps/x86_64/dl-machine.h:301
#8  elf_dynamic_do_Rela (skip_ifunc=<optimized out>, lazy=<optimized out>, nrelative=<optimized out>, relsize=<optimized out>, reladdr=<optimized out>, map=0x7ffff7ff74d0) at do-rel.h:137
#9  _dl_relocate_object (scope=<optimized out>, reloc_mode=<optimized out>, consider_profiling=<optimized out>, consider_profiling@entry=0) at dl-reloc.c:258
#10 0x00007ffff7ddb0db in dl_main (phdr=<optimized out>, phnum=<optimized out>, user_entry=<optimized out>, auxv=<optimized out>) at rtld.c:2109
#11 0x00007ffff7df0632 in _dl_sysdep_start (start_argptr=start_argptr@entry=0x7fffffffde70, dl_main=dl_main@entry=0x7ffff7dd91e0 <dl_main>) at ../elf/dl-sysdep.c:249
#12 0x00007ffff7dd8c2a in _dl_start_final (arg=0x7fffffffde70) at rtld.c:323
#13 _dl_start (arg=0x7fffffffde70) at rtld.c:429
#14 0x00007ffff7dd7c38 in _start () from /lib64/ld-linux-x86-64.so.2
#15 0x0000000000000003 in ?? ()
#16 0x00007fffffffe20c in ?? ()
#17 0x00007fffffffe21e in ?? ()
#18 0x00007fffffffe237 in ?? ()
#19 0x0000000000000000 in ?? ()

89	in dl-minimal.c

Backtrace END
Fliping array at pos: 8
Memory content before bitflip:0x38
Fault Model: Single bit-flip
base address to flip value: 0x7ffff7df6528  
address max offset: 1
Memory content after  bitflip:0x3c
frame name: malloc
symbol name: _itoa_lower_digits
symbol filename: dl-minimal.c
symbol line: 342
value: "01234567<9abcdef"
value address: 0x7ffff7df6520 <_itoa_lower_digits>
Type: The type is an array.
Type sizeof: 16
Field name: None
Field Type: A range type, that is, an integer type with bounds.
Field Type sizeof: 8
Field Type range: (0, 15)

[INFO -- 2018-10-18 01:42:08]
Fault Injection Successful after 0.7846436500549316s
[INFO -- 2018-10-18 01:42:09]
event type: exit
[INFO -- 2018-10-18 01:42:09]
exit code: 0
