[INFO -- 2018-12-01 01:11:07]
Starting flip_value script
version: 1.1
[INFO -- 2018-12-01 01:11:07]
Initialization strings:
[INFO -- 2018-12-01 01:11:07]
(1) file /tmp/splay/main
[INFO -- 2018-12-01 01:11:07]
(2) set args /tmp/splay/input_100000 /tmp/splay/output_100000
[INFO -- 2018-12-01 01:11:07]
initSignal:0
[INFO -- 2018-12-01 01:11:07]
endSignal:5
[INFO -- 2018-12-01 01:11:07]
faultModel:1
[EXCEPTION -- 2018-12-01 01:11:07]
pythonException: Unable to exit loop in struct fields; Exiting wihtout making a bit flip
[INFO -- 2018-12-01 01:11:08]
Backtrace BEGIN:
#0  0x00007ffff7d34fd4 in __GI___libc_write (fd=1, buf=0x55555587dcf0, nbytes=17) at ../sysdeps/unix/sysv/linux/write.c:26
#1  0x00007ffff7cb633d in _IO_new_file_write (f=0x7ffff7e10760 <_IO_2_1_stdout_>, data=0x55555587dcf0, n=17) at fileops.c:1183
#2  0x00007ffff7cb7a71 in new_do_write (to_do=17, data=0x55555587dcf0 "1100110010111010\n", fp=0x7ffff7e10760 <_IO_2_1_stdout_>) at libioP.h:839
#3  _IO_new_do_write (fp=0x7ffff7e10760 <_IO_2_1_stdout_>, data=0x55555587dcf0 "1100110010111010\n", to_do=17) at fileops.c:433
#4  0x00007ffff7cb56f8 in _IO_new_file_sync (fp=0x7ffff7e10760 <_IO_2_1_stdout_>) at fileops.c:819
#5  0x00007ffff7caa32d in __GI__IO_fflush (fp=0x7ffff7e10760 <_IO_2_1_stdout_>) at libioP.h:839
#6  0x00007ffff7f4201e in std::ostream::flush() () from /usr/lib/x86_64-linux-gnu/libstdc++.so.6
#7  0x0000555555557afd in InOrder (root=0x555555663470) at splay.cpp:253
#8  0x0000555555557b0d in InOrder (root=0x555555842550) at splay.cpp:254
#9  0x0000555555557abd in InOrder (root=0x555555713c10) at splay.cpp:252
#10 0x0000555555557abd in InOrder (root=0x555555865070) at splay.cpp:252
#11 0x0000555555557abd in InOrder (root=0x55555586b310) at splay.cpp:252
#12 0x0000555555557b0d in InOrder (root=0x555555865a90) at splay.cpp:254
#13 0x0000555555557abd in InOrder (root=0x5555556709b0) at splay.cpp:252
#14 0x0000555555557b0d in InOrder (root=0x55555564f910) at splay.cpp:254
#15 0x0000555555557abd in InOrder (root=0x555555876630) at splay.cpp:252
#16 0x0000555555557b0d in InOrder (root=0x555555870050) at splay.cpp:254
#17 0x0000555555557abd in InOrder (root=0x5555558767f0) at splay.cpp:252
#18 0x0000555555557abd in InOrder (root=0x5555556e9070) at splay.cpp:252
#19 0x0000555555557b0d in InOrder (root=0x555555878c90) at splay.cpp:254
#20 0x0000555555557b0d in InOrder (root=0x55555562ed10) at splay.cpp:254
#21 0x0000555555557b0d in InOrder (root=0x55555587b370) at splay.cpp:254
#22 0x0000555555557b0d in InOrder (root=0x555555720b50) at splay.cpp:254
#23 0x0000555555557abd in InOrder (root=0x55555587bc90) at splay.cpp:252
#24 0x0000555555557abd in InOrder (root=0x5555557785b0) at splay.cpp:252
#25 0x0000555555557b0d in InOrder (root=0x55555587c550) at splay.cpp:254
#26 0x0000555555557b0d in InOrder (root=0x55555587d4f0) at splay.cpp:254
#27 0x0000555555557abd in InOrder (root=0x55555587d710) at splay.cpp:252
#28 0x0000555555557abd in InOrder (root=0x5555555dc010) at splay.cpp:252
#29 0x0000555555557b0d in InOrder (root=0x5555558349b0) at splay.cpp:254
#30 0x0000555555557abd in InOrder (root=0x55555587dc10) at splay.cpp:252
#31 0x0000555555557abd in InOrder (root=0x55555561e0f0) at splay.cpp:252
#32 0x0000555555557b0d in InOrder (root=0x5555557b0cd0) at splay.cpp:254
#33 0x0000555555557abd in InOrder (root=0x55555587dc70) at splay.cpp:252
#34 0x0000555555557abd in InOrder (root=0x555555774870) at splay.cpp:252
#35 0x0000555555557abd in InOrder (root=0x55555587dcb0) at splay.cpp:252
#36 0x0000555555557b0d in InOrder (root=0x555555693810) at splay.cpp:254
#37 0x0000555555557b0d in InOrder (root=0x555555634c10) at splay.cpp:254
#38 0x0000555555557b0d in InOrder (root=0x55555587dcd0) at splay.cpp:254
#39 0x00005555555564fe in main (argc=3, argv=0x7fffffffdfb8) at main.cpp:35

21	in ../sysdeps/unix/sysv/linux/write.c

Backtrace END
Fliping a bit of the value pointed by a pointer
Fliping value of field: lchild
Fliping a bit of the pointer
Memory content before bitflip:0x000x000x000x000x000x000x000x00
Fault Model: Double bit-flip
base address to flip value: 0x55555587d4f8
address max offset: 8
Memory content after  bitflip:0x000x220x000x000x000x000x000x00
frame name: InOrder
symbol name: root
symbol filename: splay.cpp
symbol line: 248
value: 0x55555587d4f0
value address: 0x7fffffffd9c8
Type: The type is a pointer.
Type sizeof: 8

[INFO -- 2018-12-01 01:11:08]
Fault Injection Successful after 1.0151646137237549s
[INFO -- 2018-12-01 01:11:08]
event type: exit
[INFO -- 2018-12-01 01:11:08]
exit code: 0
