[INFO -- 2018-10-16 17:37:51]
Starting flip_value script
version: 1.1
[INFO -- 2018-10-16 17:37:51]
Initialization strings:
[INFO -- 2018-10-16 17:37:51]
(1) file /tmp/RBTree/main
[INFO -- 2018-10-16 17:37:51]
(2) set args  /tmp/RBTree/input_ /tmp/RBTree/output_
[INFO -- 2018-10-16 17:37:51]
initSignal:0
[INFO -- 2018-10-16 17:37:51]
endSignal:2
[INFO -- 2018-10-16 17:37:51]
faultModel:4
[EXCEPTION -- 2018-10-16 17:37:51]
gdbException: Tentativo de desreferenciar um ponteiro genérico.
[INFO -- 2018-10-16 17:37:52]
event type: exit
[INFO -- 2018-10-16 17:37:52]
exit code: 0
