[INFO -- 2018-10-17 20:25:17]
sending 5 signals using command: 'killall -2 main' after 1.25446988942s
[INFO -- 2018-10-17 20:25:17]
sending 5 signals using command: 'killall -2 main' after 1.32486592105s
[INFO -- 2018-10-17 20:25:17]
sending 5 signals using command: 'killall -2 main' after 1.57606145977s
[INFO -- 2018-10-17 20:25:17]
Starting GDB script
[INFO -- 2018-10-17 20:25:17]
initSignal:0.0
[INFO -- 2018-10-17 20:25:17]
endSignal:2.0
[INFO -- 2018-10-17 20:25:17]
sending 5 signals using command: 'killall -2 main' after 0.0314536567721s
[INFO -- 2018-10-17 20:25:18]
sending 5 signals using command: 'killall -2 main' after 0.417320296413s
[INFO -- 2018-10-17 20:25:18]
sending 5 signals using command: 'killall -2 main' after 0.973098633192s
[INFO -- 2018-10-17 20:25:18]
Execution finished before waitTime
