[INFO -- 2018-12-01 11:47:41]
Starting flip_value script
version: 1.1
[INFO -- 2018-12-01 11:47:41]
Initialization strings:
[INFO -- 2018-12-01 11:47:41]
(1) file /tmp/splay/main
[INFO -- 2018-12-01 11:47:41]
(2) set args /tmp/splay/input_100000 /tmp/splay/output_100000
[INFO -- 2018-12-01 11:47:41]
initSignal:0
[INFO -- 2018-12-01 11:47:41]
endSignal:5
[INFO -- 2018-12-01 11:47:41]
faultModel:0
[INFO -- 2018-12-01 11:47:41]
Backtrace BEGIN:
#0  Splay (key=4791512, root=0x555555844950) at splay.cpp:83
#1  0x0000555555557916 in Insert (key=4791512, root=0x555555844c10) at splay.cpp:145
#2  0x00005555555564bb in main (argc=3, argv=0x7fffffffdfb8) at main.cpp:31

78			}
79			else if(key > root->key)
80			{
81				if(!root->rchild)
82					break;
83				if(key > root->rchild->key)
84				{
85					root = LL_Rotate(root);/* only zag-zag mode need to rotate once,
86											  because zag-zig mode is handled as zag
87											  mode, which doesn't require rotate, 

Backtrace END
Fliping a bit of the value pointed by a pointer
Fliping value of field: key
Memory content before bitflip:0x270x490x430x00
Fault Model: Single bit-flip
base address to flip value: 0x55555558f910
address max offset: 4
Memory content after  bitflip:0x270x490x430x40
frame name: Splay
symbol name: LeftTreeMax
symbol filename: splay.cpp
symbol line: 50
value: 0x55555558f910
value address: 0x7fffffffdbd0
Type: The type is a pointer.
Type sizeof: 8

[INFO -- 2018-12-01 11:47:41]
Fault Injection Successful after 0.6944501399993896s
[INFO -- 2018-12-01 11:47:41]
event type: exit
[INFO -- 2018-12-01 11:47:41]
exit code: 0
