[INFO -- 2018-10-16 18:45:50]
Starting flip_value script
version: 1.1
[INFO -- 2018-10-16 18:45:50]
Initialization strings:
[INFO -- 2018-10-16 18:45:50]
(1) file /tmp/RBTree/main
[INFO -- 2018-10-16 18:45:50]
(2) set args  /tmp/RBTree/input_ /tmp/RBTree/output_
[INFO -- 2018-10-16 18:45:50]
initSignal:0
[INFO -- 2018-10-16 18:45:50]
endSignal:2
[INFO -- 2018-10-16 18:45:50]
faultModel:4
[EXCEPTION -- 2018-10-16 18:45:51]
gdbException: Tentativo de desreferenciar um ponteiro genérico.
[INFO -- 2018-10-16 18:45:51]
event type: exit
[INFO -- 2018-10-16 18:45:51]
exit code: 0
