[INFO -- 2018-12-01 00:03:36]
Starting flip_value script
version: 1.1
[INFO -- 2018-12-01 00:03:36]
Initialization strings:
[INFO -- 2018-12-01 00:03:36]
(1) file /tmp/splay/main
[INFO -- 2018-12-01 00:03:36]
(2) set args /tmp/splay/input_100000 /tmp/splay/output_100000
[INFO -- 2018-12-01 00:03:36]
initSignal:0
[INFO -- 2018-12-01 00:03:36]
endSignal:5
[INFO -- 2018-12-01 00:03:36]
faultModel:3
[INFO -- 2018-12-01 00:03:36]
Backtrace BEGIN:
#0  0x0000555555557e9a in std::bitset<16ul>::_M_copy_to_string<char, std::char_traits<char>, std::allocator<char> > (this=0x7fffffffd820, __s="0100000111010100", __zero=48 '0', __one=49 '1') at /usr/include/c++/8/bitset:1412
#1  0x0000555555557ded in std::operator<< <char, std::char_traits<char>, 16ul> (__os=..., __x=std::bitset = {...}) at /usr/include/c++/8/bitset:1542
#2  0x0000555555557ae8 in InOrder (root=0x5555557ebef0) at splay.cpp:253
#3  0x0000555555557abd in InOrder (root=0x5555558382f0) at splay.cpp:252
#4  0x0000555555557abd in InOrder (root=0x5555557e8310) at splay.cpp:252
#5  0x0000555555557b0d in InOrder (root=0x5555556a3090) at splay.cpp:254
#6  0x0000555555557b0d in InOrder (root=0x555555871bf0) at splay.cpp:254
#7  0x0000555555557abd in InOrder (root=0x555555878fd0) at splay.cpp:252
#8  0x0000555555557b0d in InOrder (root=0x5555557a4fb0) at splay.cpp:254
#9  0x0000555555557b0d in InOrder (root=0x55555587b610) at splay.cpp:254
#10 0x0000555555557abd in InOrder (root=0x55555571ec90) at splay.cpp:252
#11 0x0000555555557abd in InOrder (root=0x55555587ccb0) at splay.cpp:252
#12 0x0000555555557abd in InOrder (root=0x55555587d1f0) at splay.cpp:252
#13 0x0000555555557abd in InOrder (root=0x55555587d350) at splay.cpp:252
#14 0x0000555555557b0d in InOrder (root=0x5555555eff30) at splay.cpp:254
#15 0x0000555555557abd in InOrder (root=0x555555602730) at splay.cpp:252
#16 0x0000555555557abd in InOrder (root=0x55555587daf0) at splay.cpp:252
#17 0x0000555555557abd in InOrder (root=0x55555587db70) at splay.cpp:252
#18 0x0000555555557abd in InOrder (root=0x555555602350) at splay.cpp:252
#19 0x0000555555557abd in InOrder (root=0x55555574fdf0) at splay.cpp:252
#20 0x0000555555557abd in InOrder (root=0x555555683210) at splay.cpp:252
#21 0x0000555555557abd in InOrder (root=0x55555587dc90) at splay.cpp:252
#22 0x0000555555557abd in InOrder (root=0x555555696ef0) at splay.cpp:252
#23 0x0000555555557abd in InOrder (root=0x55555587dcd0) at splay.cpp:252
#24 0x00005555555564fe in main (argc=3, argv=0x7fffffffdfb8) at main.cpp:35

1407	      bitset<_Nb>::
1408	      _M_copy_to_string(std::basic_string<_CharT, _Traits, _Alloc>& __s,
1409				_CharT __zero, _CharT __one) const
1410	      {
1411		__s.assign(_Nb, __zero);
1412		for (size_t __i = _Nb; __i > 0; --__i)
1413		  if (_Unchecked_test(__i - 1))
1414		    _Traits::assign(__s[_Nb - __i], __one);
1415	      }
1416	

Backtrace END
Fliping a bit of the value pointed by a pointer
Fliping value of field: key
Memory content before bitflip:0x590xad0x190x00
Fault Model: Zero bit-flip
base address to flip value: 0x555555696ef0
address max offset: 4
Memory content after  bitflip:0x000x000x000x00
frame name: InOrder
symbol name: root
symbol filename: splay.cpp
symbol line: 248
value: 0x555555696ef0
value address: 0x7fffffffdbd8
Type: The type is a pointer.
Type sizeof: 8

[INFO -- 2018-12-01 00:03:36]
Fault Injection Successful after 0.9018764495849609s
[INFO -- 2018-12-01 00:03:37]
event type: exit
[INFO -- 2018-12-01 00:03:37]
exit code: 0
