[INFO -- 2018-12-01 00:59:13]
Starting flip_value script
version: 1.1
[INFO -- 2018-12-01 00:59:13]
Initialization strings:
[INFO -- 2018-12-01 00:59:13]
(1) file /tmp/splay/main
[INFO -- 2018-12-01 00:59:13]
(2) set args /tmp/splay/input_100000 /tmp/splay/output_100000
[INFO -- 2018-12-01 00:59:13]
initSignal:0
[INFO -- 2018-12-01 00:59:13]
endSignal:5
[INFO -- 2018-12-01 00:59:13]
faultModel:2
[INFO -- 2018-12-01 00:59:14]
Backtrace BEGIN:
#0  dl_main (phdr=<optimized out>, phnum=<optimized out>, user_entry=<optimized out>, auxv=<optimized out>) at rtld.c:2298
#1  0x00007ffff7fed5b0 in _dl_sysdep_start (start_argptr=start_argptr@entry=0x7fffffffdfb0, dl_main=dl_main@entry=0x7ffff7fd5810 <dl_main>) at ../elf/dl-sysdep.c:253
#2  0x00007ffff7fd52b8 in _dl_start_final (arg=0x7fffffffdfb0) at rtld.c:415
#3  _dl_start (arg=0x7fffffffdfb0) at rtld.c:522
#4  0x00007ffff7fd4098 in _start () from /lib64/ld-linux-x86-64.so.2
#5  0x0000000000000003 in ?? ()
#6  0x00007fffffffe306 in ?? ()
#7  0x00007fffffffe316 in ?? ()
#8  0x00007fffffffe32e in ?? ()
#9  0x0000000000000000 in ?? ()

2293	in rtld.c

Backtrace END
Memory content before bitflip:0x8a0xd10xd80x740x4f0x4a0x010x64
Fault Model: Random bit-flip
base address to flip value: 0x7ffff7ffc6f0 
address max offset: 8
Memory content after  bitflip:0x100x2c0x930xa80x790x7a0xab0x15
frame name: dl_main
symbol name: __pointer_chk_guard_local
symbol filename: rtld.c
symbol line: 98
value: 1561476358751857680
value address: 0x7ffff7ffc6f0 <__pointer_chk_guard_local>
Type: The type is an integer type.
Type sizeof: 8

[INFO -- 2018-12-01 00:59:14]
Fault Injection Successful after 1.2199163436889648s
[INFO -- 2018-12-01 00:59:14]
event type: exit
[INFO -- 2018-12-01 00:59:14]
exit code: 0
