[INFO -- 2018-10-16 20:35:24]
Starting flip_value script
version: 1.1
[INFO -- 2018-10-16 20:35:24]
Initialization strings:
[INFO -- 2018-10-16 20:35:24]
(1) file /tmp/RBTree/main
[INFO -- 2018-10-16 20:35:24]
(2) set args  /tmp/RBTree/input_ /tmp/RBTree/output_
[INFO -- 2018-10-16 20:35:24]
initSignal:0
[INFO -- 2018-10-16 20:35:24]
endSignal:2
[INFO -- 2018-10-16 20:35:24]
faultModel:4
[EXCEPTION -- 2018-10-16 20:35:24]
pythonException: Unable to exit loop in struct fields; Exiting wihtout making a bit flip
[INFO -- 2018-10-16 20:35:24]
Backtrace BEGIN:
#0  RBTree::insertBST (this=0x7fffffffdc00, root=@0x555555772eb0: 0x5555557aa400, ptr=@0x7fffffffdb60: 0x55555580f7a0) at RBTree.cpp:46
#1  0x0000555555556981 in RBTree::insertBST (this=0x7fffffffdc00, root=@0x555555776b38: 0x555555772ea0, ptr=@0x7fffffffdb60: 0x55555580f7a0) at RBTree.cpp:47
#2  0x000055555555692a in RBTree::insertBST (this=0x7fffffffdc00, root=@0x55555577b608: 0x555555776b30, ptr=@0x7fffffffdb60: 0x55555580f7a0) at RBTree.cpp:44
#3  0x000055555555692a in RBTree::insertBST (this=0x7fffffffdc00, root=@0x55555576f9f8: 0x55555577b600, ptr=@0x7fffffffdb60: 0x55555580f7a0) at RBTree.cpp:44
#4  0x000055555555692a in RBTree::insertBST (this=0x7fffffffdc00, root=@0x555555772fd0: 0x55555576f9f0, ptr=@0x7fffffffdb60: 0x55555580f7a0) at RBTree.cpp:44
#5  0x0000555555556981 in RBTree::insertBST (this=0x7fffffffdc00, root=@0x55555576f940: 0x555555772fc0, ptr=@0x7fffffffdb60: 0x55555580f7a0) at RBTree.cpp:47
#6  0x0000555555556981 in RBTree::insertBST (this=0x7fffffffdc00, root=@0x5555557723f8: 0x55555576f930, ptr=@0x7fffffffdb60: 0x55555580f7a0) at RBTree.cpp:47
#7  0x000055555555692a in RBTree::insertBST (this=0x7fffffffdc00, root=@0x55555576fd30: 0x5555557723f0, ptr=@0x7fffffffdb60: 0x55555580f7a0) at RBTree.cpp:44
#8  0x0000555555556981 in RBTree::insertBST (this=0x7fffffffdc00, root=@0x55555576fe20: 0x55555576fd20, ptr=@0x7fffffffdb60: 0x55555580f7a0) at RBTree.cpp:47
#9  0x0000555555556981 in RBTree::insertBST (this=0x7fffffffdc00, root=@0x555555770180: 0x55555576fe10, ptr=@0x7fffffffdb60: 0x55555580f7a0) at RBTree.cpp:47
#10 0x0000555555556981 in RBTree::insertBST (this=0x7fffffffdc00, root=@0x55555576fa58: 0x555555770170, ptr=@0x7fffffffdb60: 0x55555580f7a0) at RBTree.cpp:47
#11 0x000055555555692a in RBTree::insertBST (this=0x7fffffffdc00, root=@0x7fffffffdc00: 0x55555576fa50, ptr=@0x7fffffffdb60: 0x55555580f7a0) at RBTree.cpp:44
#12 0x00005555555569fe in RBTree::insertValue (this=0x7fffffffdc00, n=1534) at RBTree.cpp:56
#13 0x0000555555555610 in main (argc=3, argv=0x7fffffffdf38) at main.cpp:54

41	        return ptr;
42	
43	    if (ptr->data < root->data) {
44	        root->left = insertBST(root->left, ptr);
45	        root->left->parent = root;
46	    } else if (ptr->data > root->data) {
47	        root->right = insertBST(root->right, ptr);
48	        root->right->parent = root;
49	    }
50	

Backtrace END
Fliping a bit of the pointer
Memory content before bitflip:0x000xdc0xff0xff0xff0x7f0x000x00
Fault Model: LSB bit-flip
base address to flip value: 0x7fffffffda68
address max offset: 8
Memory content after  bitflip:0x000xdc0xff0xff0xff0x7f0x000x10
frame name: RBTree::insertBST
symbol name: this
symbol filename: RBTree.cpp
symbol line: 0
value: 0x7fffffffdc00
value address: 0x7fffffffda68
Type: The type is a pointer.
Type sizeof: 8

[INFO -- 2018-10-16 20:35:24]
Fault Injection Successful after 0.6173543930053711s
[INFO -- 2018-10-16 20:35:24]
event type: exit
[INFO -- 2018-10-16 20:35:24]
exit code: 0
