[INFO -- 2018-12-01 01:11:43]
Starting flip_value script
version: 1.1
[INFO -- 2018-12-01 01:11:43]
Initialization strings:
[INFO -- 2018-12-01 01:11:43]
(1) file /tmp/splay/main
[INFO -- 2018-12-01 01:11:43]
(2) set args /tmp/splay/input_100000 /tmp/splay/output_100000
[INFO -- 2018-12-01 01:11:43]
initSignal:0
[INFO -- 2018-12-01 01:11:43]
endSignal:5
[INFO -- 2018-12-01 01:11:43]
faultModel:1
[INFO -- 2018-12-01 01:11:43]
Backtrace BEGIN:
#0  Splay (key=2416183, root=0x5555555927d0) at splay.cpp:83
#1  0x0000555555557916 in Insert (key=2416183, root=0x5555555928d0) at splay.cpp:145
#2  0x00005555555564bb in main (argc=3, argv=0x7fffffffdfb8) at main.cpp:31

78			}
79			else if(key > root->key)
80			{
81				if(!root->rchild)
82					break;
83				if(key > root->rchild->key)
84				{
85					root = LL_Rotate(root);/* only zag-zag mode need to rotate once,
86											  because zag-zig mode is handled as zag
87											  mode, which doesn't require rotate, 

Backtrace END
Memory content before bitflip:0x370xde0x240x00
Fault Model: Double bit-flip
base address to flip value: 0x7fffffffdc1c
address max offset: 4
Memory content after  bitflip:0x370x9f0x240x00
frame name: Insert
symbol name: key
symbol filename: splay.cpp
symbol line: 132
value: 2400055
value address: 0x7fffffffdc1c
Type: The type is an integer type.
Type sizeof: 4

[INFO -- 2018-12-01 01:11:43]
Fault Injection Successful after 0.7432959079742432s
[INFO -- 2018-12-01 01:11:44]
event type: exit
[INFO -- 2018-12-01 01:11:44]
exit code: 0
