[INFO -- 2018-10-17 19:09:12]
Starting flip_value script
version: 1.1
[INFO -- 2018-10-17 19:09:12]
Initialization strings:
[INFO -- 2018-10-17 19:09:12]
(1) file /tmp/Tree234/main
[INFO -- 2018-10-17 19:09:12]
(2) set args /tmp/Tree234/input_50000 /tmp/Tree234/output_50000
[INFO -- 2018-10-17 19:09:12]
initSignal:0
[INFO -- 2018-10-17 19:09:12]
endSignal:2
[INFO -- 2018-10-17 19:09:12]
faultModel:0
[INFO -- 2018-10-17 19:09:12]
Backtrace BEGIN:
#0  malloc (n=17) at dl-minimal.c:94
#1  <function called from gdb>
#2  0x00007ffff7de1340 in enter_unique_sym (map=0x7ffff7ff74d0, sym=0x7ffff7a61308, name=0x7ffff7a9d00d "_ZGVNSt7__cxx117collateIcE2idE", hash=1537979466, size=127, table=0x7ffff7fd4000) at dl-lookup.c:192
#3  do_lookup_unique (undef_map=0x7ffff7ff74d0, ref=0x7ffff7a61308, strtab=0x7ffff7a7d2c8 "", sym=<optimized out>, type_class=4, result=0x7fffffffdab0, map=<optimized out>, new_hash=1537979466, undef_name=<optimized out>) at dl-lookup.c:322
#4  do_lookup_x (undef_name=undef_name@entry=0x7ffff7a9d00d "_ZGVNSt7__cxx117collateIcE2idE", new_hash=new_hash@entry=1537979466, old_hash=old_hash@entry=0x7fffffffdaa0, ref=0x7ffff7a61308, result=result@entry=0x7fffffffdab0, scope=<optimized out>, i=<optimized out>, version=0x7ffff7fd83c0, flags=1, skip=0x0, type_class=4, undef_map=0x7ffff7ff74d0) at dl-lookup.c:540
#5  0x00007ffff7de1b1f in _dl_lookup_symbol_x (undef_name=0x7ffff7a9d00d "_ZGVNSt7__cxx117collateIcE2idE", undef_map=undef_map@entry=0x7ffff7ff74d0, ref=ref@entry=0x7fffffffdc00, symbol_scope=symbol_scope@entry=0x7ffff7ff7828, version=0x7ffff7fd83c0, type_class=4, flags=1, skip_map=0x0) at dl-lookup.c:829
#6  0x00007ffff7de377d in elf_machine_rela (skip_ifunc=<optimized out>, reloc_addr_arg=0x7ffff7dd0cc8, version=<optimized out>, sym=0x7ffff7a61308, reloc=0x7ffff7ad6ac8, map=0x7ffff7ff74d0) at ../sysdeps/x86_64/dl-machine.h:301
#7  elf_dynamic_do_Rela (skip_ifunc=<optimized out>, lazy=<optimized out>, nrelative=<optimized out>, relsize=<optimized out>, reladdr=<optimized out>, map=0x7ffff7ff74d0) at do-rel.h:137
#8  _dl_relocate_object (scope=<optimized out>, reloc_mode=<optimized out>, consider_profiling=<optimized out>, consider_profiling@entry=0) at dl-reloc.c:258
#9  0x00007ffff7ddb0db in dl_main (phdr=<optimized out>, phnum=<optimized out>, user_entry=<optimized out>, auxv=<optimized out>) at rtld.c:2109
#10 0x00007ffff7df0632 in _dl_sysdep_start (start_argptr=start_argptr@entry=0x7fffffffde70, dl_main=dl_main@entry=0x7ffff7dd91e0 <dl_main>) at ../elf/dl-sysdep.c:249
#11 0x00007ffff7dd8c2a in _dl_start_final (arg=0x7fffffffde70) at rtld.c:323
#12 _dl_start (arg=0x7fffffffde70) at rtld.c:429
#13 0x00007ffff7dd7c38 in _start () from /lib64/ld-linux-x86-64.so.2
#14 0x0000000000000003 in ?? ()
#15 0x00007fffffffe20c in ?? ()
#16 0x00007fffffffe21e in ?? ()
#17 0x00007fffffffe237 in ?? ()
#18 0x0000000000000000 in ?? ()

89	in dl-minimal.c

Backtrace END
Fliping a bit of the value pointed by a pointer
Fliping value of field: l_tls_firstbyte_offset
Memory content before bitflip:0x000x000x000x000x000x000x000x00
Fault Model: Single bit-flip
base address to flip value: 0x7ffff7ff7908
address max offset: 8
Memory content after  bitflip:0x000x000x000x000x000x080x000x00
frame name: enter_unique_sym
symbol name: undef_map
symbol filename: dl-lookup.c
symbol line: 213
value: 0x7ffff7ff74d0
value address: 0x7fffffffda48
Type: The type is a pointer.
Type sizeof: 8

[INFO -- 2018-10-17 19:09:12]
Fault Injection Successful after 0.7538259029388428s
[INFO -- 2018-10-17 19:09:13]
event type: exit
[INFO -- 2018-10-17 19:09:13]
exit code: 0
