[INFO -- 2018-12-01 01:08:10]
Starting flip_value script
version: 1.1
[INFO -- 2018-12-01 01:08:10]
Initialization strings:
[INFO -- 2018-12-01 01:08:10]
(1) file /tmp/splay/main
[INFO -- 2018-12-01 01:08:10]
(2) set args /tmp/splay/input_100000 /tmp/splay/output_100000
[INFO -- 2018-12-01 01:08:10]
initSignal:0
[INFO -- 2018-12-01 01:08:10]
endSignal:5
[INFO -- 2018-12-01 01:08:10]
faultModel:2
[INFO -- 2018-12-01 01:08:10]
Backtrace BEGIN:
#0  0x00007ffff7d34fd4 in __GI___libc_write (fd=1, buf=0x55555587dcf0, nbytes=17) at ../sysdeps/unix/sysv/linux/write.c:26
#1  0x00007ffff7cb633d in _IO_new_file_write (f=0x7ffff7e10760 <_IO_2_1_stdout_>, data=0x55555587dcf0, n=17) at fileops.c:1183
#2  0x00007ffff7cb7a71 in new_do_write (to_do=17, data=0x55555587dcf0 "0011111011001110\n", fp=0x7ffff7e10760 <_IO_2_1_stdout_>) at libioP.h:839
#3  _IO_new_do_write (fp=0x7ffff7e10760 <_IO_2_1_stdout_>, data=0x55555587dcf0 "0011111011001110\n", to_do=17) at fileops.c:433
#4  0x00007ffff7cb56f8 in _IO_new_file_sync (fp=0x7ffff7e10760 <_IO_2_1_stdout_>) at fileops.c:819
#5  0x00007ffff7caa32d in __GI__IO_fflush (fp=0x7ffff7e10760 <_IO_2_1_stdout_>) at libioP.h:839
#6  0x00007ffff7f4201e in std::ostream::flush() () from /usr/lib/x86_64-linux-gnu/libstdc++.so.6
#7  0x0000555555557afd in InOrder (root=0x55555569fa30) at splay.cpp:253
#8  0x0000555555557b0d in InOrder (root=0x5555556cb5d0) at splay.cpp:254
#9  0x0000555555557b0d in InOrder (root=0x555555594550) at splay.cpp:254
#10 0x0000555555557abd in InOrder (root=0x555555830bf0) at splay.cpp:252
#11 0x0000555555557abd in InOrder (root=0x5555556be2d0) at splay.cpp:252
#12 0x0000555555557b0d in InOrder (root=0x55555582f5d0) at splay.cpp:254
#13 0x0000555555557b0d in InOrder (root=0x5555557dfd30) at splay.cpp:254
#14 0x0000555555557b0d in InOrder (root=0x5555557f7fd0) at splay.cpp:254
#15 0x0000555555557b0d in InOrder (root=0x55555582d650) at splay.cpp:254
#16 0x0000555555557abd in InOrder (root=0x555555874350) at splay.cpp:252
#17 0x0000555555557abd in InOrder (root=0x555555753710) at splay.cpp:252
#18 0x0000555555557b0d in InOrder (root=0x555555782310) at splay.cpp:254
#19 0x0000555555557abd in InOrder (root=0x55555587c090) at splay.cpp:252
#20 0x0000555555557abd in InOrder (root=0x55555587d0f0) at splay.cpp:252
#21 0x0000555555557b0d in InOrder (root=0x55555587d450) at splay.cpp:254
#22 0x0000555555557abd in InOrder (root=0x55555567e570) at splay.cpp:252
#23 0x0000555555557abd in InOrder (root=0x55555587d2f0) at splay.cpp:252
#24 0x0000555555557b0d in InOrder (root=0x55555571f9f0) at splay.cpp:254
#25 0x0000555555557b0d in InOrder (root=0x55555570b550) at splay.cpp:254
#26 0x0000555555557abd in InOrder (root=0x555555774070) at splay.cpp:252
#27 0x0000555555557abd in InOrder (root=0x55555587da50) at splay.cpp:252
#28 0x0000555555557abd in InOrder (root=0x5555555d7910) at splay.cpp:252
#29 0x0000555555557b0d in InOrder (root=0x55555587d8d0) at splay.cpp:254
#30 0x0000555555557b0d in InOrder (root=0x5555557cfed0) at splay.cpp:254
#31 0x0000555555557b0d in InOrder (root=0x555555774190) at splay.cpp:254
#32 0x0000555555557b0d in InOrder (root=0x555555774870) at splay.cpp:254
#33 0x0000555555557abd in InOrder (root=0x55555587dcb0) at splay.cpp:252
#34 0x0000555555557b0d in InOrder (root=0x555555693810) at splay.cpp:254
#35 0x0000555555557b0d in InOrder (root=0x555555634c10) at splay.cpp:254
#36 0x0000555555557b0d in InOrder (root=0x55555587dcd0) at splay.cpp:254
#37 0x00005555555564fe in main (argc=3, argv=0x7fffffffdfb8) at main.cpp:35

21	in ../sysdeps/unix/sysv/linux/write.c

Backtrace END
Fliping a bit of the value pointed by a pointer
Fliping value of field: key
Memory content before bitflip:0xe10x290x3a0x00
Fault Model: Random bit-flip
base address to flip value: 0x55555587d450
address max offset: 4
Memory content after  bitflip:0xf60x560x7e0x67
frame name: InOrder
symbol name: root
symbol filename: splay.cpp
symbol line: 248
value: 0x55555587d450
value address: 0x7fffffffd938
Type: The type is a pointer.
Type sizeof: 8

[INFO -- 2018-12-01 01:08:10]
Fault Injection Successful after 0.7521507740020752s
[INFO -- 2018-12-01 01:08:10]
event type: exit
[INFO -- 2018-12-01 01:08:10]
exit code: 0
