[INFO -- 2018-12-01 10:43:53]
Starting flip_value script
version: 1.1
[INFO -- 2018-12-01 10:43:53]
Initialization strings:
[INFO -- 2018-12-01 10:43:53]
(1) file /tmp/splay/main
[INFO -- 2018-12-01 10:43:53]
(2) set args /tmp/splay/input_100000 /tmp/splay/output_100000
[INFO -- 2018-12-01 10:43:53]
initSignal:0
[INFO -- 2018-12-01 10:43:53]
endSignal:5
[INFO -- 2018-12-01 10:43:53]
faultModel:1
[EXCEPTION -- 2018-12-01 10:43:54]
pythonException: Unable to exit loop in struct fields; Exiting wihtout making a bit flip
[INFO -- 2018-12-01 10:43:54]
Backtrace BEGIN:
#0  _int_malloc (av=av@entry=0x7ffff7e0fc40 <main_arena>, bytes=bytes@entry=24) at malloc.c:4086
#1  0x00007ffff7cc0c23 in __GI___libc_malloc (bytes=24) at malloc.c:3041
#2  0x00007ffff7ec2248 in operator new(unsigned long) () from /usr/lib/x86_64-linux-gnu/libstdc++.so.6
#3  0x0000555555557845 in New_Node (key=4708789) at splay.cpp:112
#4  0x00005555555578ca in Insert (key=4708789, root=0x555555702fd0) at splay.cpp:136
#5  0x00005555555564bb in main (argc=3, argv=0x7fffffffdfb8) at main.cpp:31

4081	in malloc.c

Backtrace END
Memory content before bitflip:0xb50xd90x470x00
Fault Model: Double bit-flip
base address to flip value: 0x7fffffffdc1c
address max offset: 4
Memory content after  bitflip:0xb50xd90xc50x00
frame name: Insert
symbol name: key
symbol filename: splay.cpp
symbol line: 132
value: 12966325
value address: 0x7fffffffdc1c
Type: The type is an integer type.
Type sizeof: 4

[INFO -- 2018-12-01 10:43:54]
Fault Injection Successful after 1.3234105110168457s
[INFO -- 2018-12-01 10:43:54]
event type: exit
[INFO -- 2018-12-01 10:43:54]
exit code: 0
