[INFO -- 2018-11-28 20:45:25]
Starting flip_value script
version: 1.1
[INFO -- 2018-11-28 20:45:25]
Initialization strings:
[INFO -- 2018-11-28 20:45:25]
(1) file /tmp/Tree234/main
[INFO -- 2018-11-28 20:45:25]
(2) set args /tmp/Tree234/input_50000 /tmp/Tree234/output_50000 /tmp/Tree234/detectionLog_50000.log /tmp/Tree234/output2_50000
[INFO -- 2018-11-28 20:45:25]
initSignal:0
[INFO -- 2018-11-28 20:45:25]
endSignal:5
[INFO -- 2018-11-28 20:45:25]
faultModel:2
[INFO -- 2018-11-28 20:45:25]
Backtrace BEGIN:
#0  0x00007ffff734f040 in __open_nocancel () at ../sysdeps/unix/syscall-template.S:84
#1  0x00007ffff72d1ace in __GI__IO_file_open (fp=fp@entry=0x7ffff761d620 <_IO_2_1_stdout_>, filename=<optimized out>, posix_mode=<optimized out>, prot=prot@entry=438, read_write=4, is32not64=is32not64@entry=1) at fileops.c:221
#2  0x00007ffff72d1d35 in _IO_new_file_fopen (fp=fp@entry=0x7ffff761d620 <_IO_2_1_stdout_>, filename=filename@entry=0x7fffffffe24b "/tmp/Tree234/output_50000", mode=<optimized out>, mode@entry=0x403fbf "w", is32not64=is32not64@entry=1) at fileops.c:328
#3  0x00007ffff72cdd85 in freopen (filename=0x7fffffffe24b "/tmp/Tree234/output_50000", mode=0x403fbf "w", fp=0x7ffff761d620 <_IO_2_1_stdout_>) at freopen.c:69
#4  0x0000000000402ad0 in main ()

79	in ../sysdeps/unix/syscall-template.S

Backtrace END
Memory content before bitflip:0x040x000x000x00
Fault Model: Random bit-flip
base address to flip value: 0x7fffffffdc1c
address max offset: 4
Memory content after  bitflip:0x540x9d0xe10x3a
frame name: __GI__IO_file_open
symbol name: read_write
symbol filename: fileops.c
symbol line: 213
value: 987864404
value address: 0x7fffffffdc1c
Type: The type is an integer type.
Type sizeof: 4

[INFO -- 2018-11-28 20:45:25]
Fault Injection Successful after 0.9064450263977051s
[INFO -- 2018-11-28 20:45:26]
event type: exit
[INFO -- 2018-11-28 20:45:26]
exit code: 0
