[INFO -- 2018-11-25 22:27:11]
Starting flip_value script
version: 1.1
[INFO -- 2018-11-25 22:27:11]
Initialization strings:
[INFO -- 2018-11-25 22:27:11]
(1) file /tmp/BTree-dup/main
[INFO -- 2018-11-25 22:27:11]
(2)  set args /tmp/BTree-dup/input_100000 /tmp/BTree-dup/output_100000 /tmp/BTree-dup-detection.log /tmp/BTree-dup/output2_100000
[INFO -- 2018-11-25 22:27:11]
initSignal:0
[INFO -- 2018-11-25 22:27:11]
endSignal:2
[INFO -- 2018-11-25 22:27:11]
faultModel:1
[INFO -- 2018-11-25 22:27:12]
Backtrace BEGIN:
#0  0x00007ffff72af969 in _IO_new_file_xsputn (f=0x7ffff7610760 <_IO_2_1_stdout_>, data=0x55555576d0a0, n=16) at fileops.c:1250
#1  0x00007ffff72a3977 in __GI__IO_fwrite (buf=0x55555576d0a0, size=1, count=16, fp=0x7ffff7610760 <_IO_2_1_stdout_>) at iofwrite.c:39
#2  0x00007ffff7b5fe94 in std::basic_ostream<char, std::char_traits<char> >& std::__ostream_insert<char, std::char_traits<char> >(std::basic_ostream<char, std::char_traits<char> >&, char const*, long) () from /usr/lib/x86_64-linux-gnu/libstdc++.so.6
#3  0x00005555555573ea in std::operator<< <char, std::char_traits<char>, 16ul> (__os=..., __x=std::bitset = {...}) at /usr/include/c++/7/bitset:1539
#4  0x0000555555556912 in BTreeNode::traverse (this=0x5555558261d0) at BTree_dup.cpp:594
#5  0x00005555555568d7 in BTreeNode::traverse (this=0x5555559fe1f0) at BTree_dup.cpp:593
#6  0x00005555555568d7 in BTreeNode::traverse (this=0x5555557b6f30) at BTree_dup.cpp:593
#7  0x00005555555568d7 in BTreeNode::traverse (this=0x5555557cc2f0) at BTree_dup.cpp:593
#8  0x000055555555695f in BTreeNode::traverse (this=0x5555559d0e00) at BTree_dup.cpp:599
#9  0x00005555555568d7 in BTreeNode::traverse (this=0x5555559d1280) at BTree_dup.cpp:593
#10 0x00005555555568d7 in BTreeNode::traverse (this=0x5555559d1310) at BTree_dup.cpp:593
#11 0x000055555555695f in BTreeNode::traverse (this=0x555555a2abc0) at BTree_dup.cpp:599
#12 0x000055555555695f in BTreeNode::traverse (this=0x555555a2ab30) at BTree_dup.cpp:599
#13 0x00005555555572bb in BTree::traverse (this=0x7fffffffdd40) at BTree_dup.cpp:139
#14 0x0000555555556fbd in main (argc=5, argv=0x7fffffffde68) at BTree_dup.cpp:718

1245	fileops.c: Arquivo ou diretório inexistente.

Backtrace END
Fliping a bit of the value pointed by a pointer
Fliping value of field: keys
Fliping a bit of the pointer
Memory content before bitflip:0xf00xab0xa20x550x550x550x000x00
Fault Model: Double bit-flip
base address to flip value: 0x555555a2abc0
address max offset: 8
Memory content after  bitflip:0xf00x230xa20x550x550x550x000x00
frame name: BTreeNode::traverse
symbol name: this
symbol filename: BTree_dup.cpp
symbol line: 0
value: 0x555555a2abc0
value address: 0x7fffffffdc68
Type: The type is a pointer.
Type sizeof: 8

[INFO -- 2018-11-25 22:27:12]
Fault Injection Successful after 1.694594144821167s
[INFO -- 2018-11-25 22:27:13]
event type: exit
[INFO -- 2018-11-25 22:27:13]
exit code: 0
