[INFO -- 2018-10-12 00:50:25]
Starting flip_value script
version: 1.1
[INFO -- 2018-10-12 00:50:25]
Initialization strings:
[INFO -- 2018-10-12 00:50:25]
(1) file /tmp/BTree/main
[INFO -- 2018-10-12 00:50:25]
(2)  set args /tmp/BTree/input_100000 /tmp/BTree/output_100000
[INFO -- 2018-10-12 00:50:25]
initSignal:0
[INFO -- 2018-10-12 00:50:25]
endSignal:2
[INFO -- 2018-10-12 00:50:25]
faultModel:1
[EXCEPTION -- 2018-10-12 00:50:26]
pythonException: Unable to exit loop in struct fields; Exiting wihtout making a bit flip
[INFO -- 2018-10-12 00:50:26]
Backtrace BEGIN:
#0  0x0000555555556a62 in std::bitset<16ul>::_Unchecked_test (this=0x7fffffffdb60, __pos=13) at /usr/include/c++/7/bitset:1058
#1  0x0000555555556a03 in std::bitset<16ul>::_M_copy_to_string<char, std::char_traits<char>, std::allocator<char> > (this=0x7fffffffdb60, __s="11", '0' <repete 14 vezes>, __zero=48 '0', __one=49 '1') at /usr/include/c++/7/bitset:1409
#2  0x0000555555556943 in std::operator<< <char, std::char_traits<char>, 16ul> (__os=..., __x=std::bitset = {...}) at /usr/include/c++/7/bitset:1538
#3  0x00005555555563b2 in BTreeNode::traverse (this=0x555555ae0390) at BTree.cpp:592
#4  0x0000555555556377 in BTreeNode::traverse (this=0x555555afc470) at BTree.cpp:591
#5  0x0000555555556377 in BTreeNode::traverse (this=0x555555afca10) at BTree.cpp:591
#6  0x00005555555563ff in BTreeNode::traverse (this=0x555555b5b570) at BTree.cpp:597
#7  0x0000555555556377 in BTreeNode::traverse (this=0x555555b5ec90) at BTree.cpp:591
#8  0x00005555555563ff in BTreeNode::traverse (this=0x5555557d0cd0) at BTree.cpp:597
#9  0x00005555555563ff in BTreeNode::traverse (this=0x5555558eea80) at BTree.cpp:597
#10 0x0000555555556377 in BTreeNode::traverse (this=0x555555812430) at BTree.cpp:591
#11 0x0000555555556377 in BTreeNode::traverse (this=0x555555a27320) at BTree.cpp:591
#12 0x0000555555556851 in BTree::traverse (this=0x7fffffffddc0) at BTree.cpp:137
#13 0x0000555555556630 in main (argc=3, argv=0x7fffffffded8) at BTree.cpp:668

1053		return *this;
1054	      }
1055	
1056	      _GLIBCXX_CONSTEXPR bool
1057	      _Unchecked_test(size_t __pos) const _GLIBCXX_NOEXCEPT
1058	      { return ((this->_M_getword(__pos) & _Base::_S_maskbit(__pos))
1059			!= static_cast<_WordT>(0)); }
1060	      //@}
1061	
1062	      // Set, reset, and flip.

Backtrace END
Fliping a bit of the value pointed by a pointer
Fliping value of field: std::_Base_bitset<1>
Fliping value of field: _M_w
Memory content before bitflip:0x750xe20x000x000x000x000x000x00
Fault Model: Double bit-flip
base address to flip value: 0x7fffffffdb60
address max offset: 8
Memory content after  bitflip:0x750xe20x000x000x000x000x900x00
frame name: std::bitset<16ul>::_M_copy_to_string<char, std::char_traits<char>, std::allocator<char> >
symbol name: this
symbol filename: BTree.cpp
symbol line: 0
value: 0x7fffffffdb60
value address: 0x7fffffffdaa8
Type: The type is a pointer.
Type sizeof: 8

[INFO -- 2018-10-12 00:50:26]
Fault Injection Successful after 1.9381132125854492s
[INFO -- 2018-10-12 00:50:27]
event type: exit
[INFO -- 2018-10-12 00:50:27]
exit code: 0
