[INFO -- 2018-11-25 20:58:21]
Starting flip_value script
version: 1.1
[INFO -- 2018-11-25 20:58:21]
Initialization strings:
[INFO -- 2018-11-25 20:58:21]
(1) file /tmp/BTree-dup/main
[INFO -- 2018-11-25 20:58:21]
(2)  set args /tmp/BTree-dup/input_100000 /tmp/BTree-dup/output_100000 /tmp/BTree-dup-detection.log /tmp/BTree-dup/output2_100000
[INFO -- 2018-11-25 20:58:21]
initSignal:0
[INFO -- 2018-11-25 20:58:21]
endSignal:2
[INFO -- 2018-11-25 20:58:21]
faultModel:0
[INFO -- 2018-11-25 20:58:22]
Backtrace BEGIN:
#0  0x0000555555556583 in BTreeNode::insertNonFull (this=0x555555ce1f30, k=1529248) at BTree_dup.cpp:520
#1  0x0000555555556478 in BTree::insert (this=0x7fffffffda50, k=1529248) at BTree_dup.cpp:489
#2  0x0000555555556c25 in runner (input=0x7fffffffe22a "/tmp/BTree-dup/input_100000") at BTree_dup.cpp:664
#3  0x0000555555556f7a in main (argc=5, argv=0x7fffffffde68) at BTree_dup.cpp:712

515			n = n+1;
516		}
517		else // If this node is not leaf
518		{
519			// Find the child which is going to have the new key
520			while (i >= 0 && keys[i] > k)
521				i--;
522	
523			// See if the found child is full
524			if (C[i+1]->n == 2*t-1)

Backtrace END
Fliping value of field: _M_value
Memory content before bitflip:0x000x000x000x00
Fault Model: Single bit-flip
base address to flip value: 0x7fffffffda78
address max offset: 4
Memory content after  bitflip:0x000x010x000x00
frame name: runner
symbol name: end
symbol filename: BTree_dup.cpp
symbol line: 659
value: {<std::iterator<std::input_iterator_tag, int, long, int const*, int const&>> = {<No data fields>}, _M_stream = 0x0, _M_value = 256, _M_ok = false}
value address: 0x7fffffffda70
Type: The type is a structure.
Type sizeof: 16
Field name: std::iterator<std::input_iterator_tag, int, long, int const*, int const&>
Field Type: The type is a structure.
Field Type sizeof: 1
Field name: _M_stream
Field Type: The type is a pointer.
Field Type sizeof: 8
Field name: _M_value
Field Type: The type is an integer type.
Field Type sizeof: 4
Field name: _M_ok
Field Type: A boolean type.
Field Type sizeof: 1

[INFO -- 2018-11-25 20:58:22]
Fault Injection Successful after 1.381819725036621s
[INFO -- 2018-11-25 20:58:23]
event type: exit
[INFO -- 2018-11-25 20:58:23]
exit code: 0
