[INFO -- 2018-12-01 11:27:40]
Starting flip_value script
version: 1.1
[INFO -- 2018-12-01 11:27:40]
Initialization strings:
[INFO -- 2018-12-01 11:27:40]
(1) file /tmp/splay/main
[INFO -- 2018-12-01 11:27:40]
(2) set args /tmp/splay/input_100000 /tmp/splay/output_100000
[INFO -- 2018-12-01 11:27:40]
initSignal:0
[INFO -- 2018-12-01 11:27:40]
endSignal:5
[INFO -- 2018-12-01 11:27:40]
faultModel:0
[EXCEPTION -- 2018-12-01 11:27:40]
pythonException: Unable to exit loop in struct fields; Exiting wihtout making a bit flip
[EXCEPTION -- 2018-12-01 11:27:40]
pythonException: Unable to exit loop in struct fields; Exiting wihtout making a bit flip
[INFO -- 2018-12-01 11:27:40]
Backtrace BEGIN:
#0  Splay (key=245414, root=0x5555555aa290) at splay.cpp:74
#1  0x0000555555557916 in Insert (key=245414, root=0x5555555aa710) at splay.cpp:145
#2  0x00005555555564bb in main (argc=3, argv=0x7fffffffdfb8) at main.cpp:31

69											   just linking it to R Tree */
70					if(!root->lchild)
71						break;
72				}
73				/* Link to R Tree */
74				RightTreeMin->lchild = root;
75				RightTreeMin = RightTreeMin->lchild;
76				root = root->lchild;
77				RightTreeMin->lchild = NULL;
78			}

Backtrace END
Fliping a bit of the value pointed by a pointer
Fliping value of field: rchild
Fliping a bit of the pointer
Memory content before bitflip:0x000x000x000x000x000x000x000x00
Fault Model: Single bit-flip
base address to flip value: 0x7fffffffdbf0
address max offset: 8
Memory content after  bitflip:0x000x000x000x000x000x000x040x00
frame name: Splay
symbol name: LeftTreeMax
symbol filename: splay.cpp
symbol line: 50
value: 0x7fffffffdbe0
value address: 0x7fffffffdbd0
Type: The type is a pointer.
Type sizeof: 8

[INFO -- 2018-12-01 11:27:40]
Fault Injection Successful after 0.5335483551025391s
[INFO -- 2018-12-01 11:27:40]
event type: exit
[INFO -- 2018-12-01 11:27:40]
exit code: 0
