[INFO -- 2018-10-11 23:19:46]
Starting flip_value script
version: 1.1
[INFO -- 2018-10-11 23:19:46]
Initialization strings:
[INFO -- 2018-10-11 23:19:47]
(1) file /tmp/BTree/main
[INFO -- 2018-10-11 23:19:47]
(2)  set args /tmp/BTree/input_100000 /tmp/BTree/output_100000
[INFO -- 2018-10-11 23:19:47]
initSignal:0
[INFO -- 2018-10-11 23:19:47]
endSignal:2
[INFO -- 2018-10-11 23:19:47]
faultModel:0
[EXCEPTION -- 2018-10-11 23:19:47]
pythonException: Unable to exit loop in struct fields; Exiting wihtout making a bit flip
[INFO -- 2018-10-11 23:19:47]
Backtrace BEGIN:
#0  0x000055555555604d in BTreeNode::insertNonFull (this=0x5555558d0e10, k=718774) at BTree.cpp:522
#1  0x00005555555560d9 in BTreeNode::insertNonFull (this=0x5555558d0f30, k=718774) at BTree.cpp:533
#2  0x00005555555560d9 in BTreeNode::insertNonFull (this=0x5555558d1b00, k=718774) at BTree.cpp:533
#3  0x00005555555560d9 in BTreeNode::insertNonFull (this=0x5555558d1dd0, k=718774) at BTree.cpp:533
#4  0x00005555555560d9 in BTreeNode::insertNonFull (this=0x55555579e990, k=718774) at BTree.cpp:533
#5  0x00005555555560d9 in BTreeNode::insertNonFull (this=0x555555812430, k=718774) at BTree.cpp:533
#6  0x0000555555555f18 in BTree::insert (this=0x7fffffffddc0, k=718774) at BTree.cpp:487
#7  0x0000555555556601 in main (argc=3, argv=0x7fffffffded8) at BTree.cpp:665

517			// Find the child which is going to have the new key
518			while (i >= 0 && keys[i] > k)
519				i--;
520	
521			// See if the found child is full
522			if (C[i+1]->n == 2*t-1)
523			{
524				// If the child is full, then split it
525				splitChild(i+1, C[i+1]);
526	

Backtrace END
Memory content before bitflip:0x030x000x000x00
Fault Model: Single bit-flip
base address to flip value: 0x7fffffffddac
address max offset: 4
Memory content after  bitflip:0x030x000x000x08
frame name: main
symbol name: argc
symbol filename: BTree.cpp
symbol line: 650
value: 134217731
value address: 0x7fffffffddac
Type: The type is an integer type.
Type sizeof: 4

[INFO -- 2018-10-11 23:19:47]
Fault Injection Successful after 0.6336264610290527s
[INFO -- 2018-10-11 23:19:47]
event type: exit
[INFO -- 2018-10-11 23:19:47]
exit code: 0
