[INFO -- 2018-12-01 06:36:47]
sending 5 signals using command: 'killall -2 main' after 2.97339412562s
[INFO -- 2018-12-01 06:36:48]
sending 5 signals using command: 'killall -2 main' after 4.45929195916s
[INFO -- 2018-12-01 06:36:48]
sending 5 signals using command: 'killall -2 main' after 4.78044826893s
[INFO -- 2018-12-01 06:36:48]
Starting GDB script
[INFO -- 2018-12-01 06:36:48]
initSignal:0.0
[INFO -- 2018-12-01 06:36:48]
endSignal:5.0
[INFO -- 2018-12-01 06:36:49]
sending 5 signals using command: 'killall -2 main' after 0.410233747013s
[INFO -- 2018-12-01 06:36:49]
sending 5 signals using command: 'killall -2 main' after 0.98493752113s
[INFO -- 2018-12-01 06:36:50]
sending 5 signals using command: 'killall -2 main' after 1.21190371571s
[INFO -- 2018-12-01 06:36:50]
Execution finished before waitTime
