[INFO -- 2018-10-11 23:37:13]
Starting flip_value script
version: 1.1
[INFO -- 2018-10-11 23:37:13]
Initialization strings:
[INFO -- 2018-10-11 23:37:13]
(1) file /tmp/BTree/main
[INFO -- 2018-10-11 23:37:13]
(2)  set args /tmp/BTree/input_100000 /tmp/BTree/output_100000
[INFO -- 2018-10-11 23:37:13]
initSignal:0
[INFO -- 2018-10-11 23:37:13]
endSignal:2
[INFO -- 2018-10-11 23:37:13]
faultModel:4
[INFO -- 2018-10-11 23:37:14]
Backtrace BEGIN:
#0  std::bitset<16ul>::_M_copy_to_string<char, std::char_traits<char>, std::allocator<char> > (this=0x7fffffffdb60, __s="0001", '0' <repete 12 vezes>, __zero=48 '0', __one=49 '1') at /usr/include/c++/7/bitset:1408
#1  0x0000555555556943 in std::operator<< <char, std::char_traits<char>, 16ul> (__os=..., __x=std::bitset = {...}) at /usr/include/c++/7/bitset:1538
#2  0x00005555555563b2 in BTreeNode::traverse (this=0x55555577bb00) at BTree.cpp:592
#3  0x00005555555563ff in BTreeNode::traverse (this=0x5555559b2320) at BTree.cpp:597
#4  0x0000555555556377 in BTreeNode::traverse (this=0x555555aeb820) at BTree.cpp:591
#5  0x0000555555556377 in BTreeNode::traverse (this=0x555555aedef0) at BTree.cpp:591
#6  0x00005555555563ff in BTreeNode::traverse (this=0x555555b5ec90) at BTree.cpp:597
#7  0x00005555555563ff in BTreeNode::traverse (this=0x5555557d0cd0) at BTree.cpp:597
#8  0x00005555555563ff in BTreeNode::traverse (this=0x5555558eea80) at BTree.cpp:597
#9  0x0000555555556377 in BTreeNode::traverse (this=0x555555812430) at BTree.cpp:591
#10 0x0000555555556377 in BTreeNode::traverse (this=0x555555a27320) at BTree.cpp:591
#11 0x0000555555556851 in BTree::traverse (this=0x7fffffffddc0) at BTree.cpp:137
#12 0x0000555555556630 in main (argc=3, argv=0x7fffffffded8) at BTree.cpp:668

1403	      bitset<_Nb>::
1404	      _M_copy_to_string(std::basic_string<_CharT, _Traits, _Alloc>& __s,
1405				_CharT __zero, _CharT __one) const
1406	      {
1407		__s.assign(_Nb, __zero);
1408		for (size_t __i = _Nb; __i > 0; --__i)
1409		  if (_Unchecked_test(__i - 1))
1410		    _Traits::assign(__s[_Nb - __i], __one);
1411	      }
1412	

Backtrace END
Fliping a bit of the value pointed by a pointer
Fliping value of field: _flags
Memory content before bitflip:0x980x240xad0xfb
Fault Model: LSB bit-flip
base address to flip value: 0x55555576ae70
address max offset: 4
Memory content after  bitflip:0x980x240xad0xff
frame name: main
symbol name: file
symbol filename: BTree.cpp
symbol line: 654
value: 0x55555576ae70
value address: 0x7fffffffddb8
Type: The type is a pointer.
Type sizeof: 8

[INFO -- 2018-10-11 23:37:14]
Fault Injection Successful after 1.0028471946716309s
[INFO -- 2018-10-11 23:37:14]
event type: exit
[INFO -- 2018-10-11 23:37:14]
exit code: 0
