[INFO -- 2018-10-16 17:51:31]
Starting flip_value script
version: 1.1
[INFO -- 2018-10-16 17:51:31]
Initialization strings:
[INFO -- 2018-10-16 17:51:31]
(1) file /tmp/RBTree/main
[INFO -- 2018-10-16 17:51:31]
(2) set args  /tmp/RBTree/input_ /tmp/RBTree/output_
[INFO -- 2018-10-16 17:51:31]
initSignal:0
[INFO -- 2018-10-16 17:51:31]
endSignal:2
[INFO -- 2018-10-16 17:51:31]
faultModel:4
[EXCEPTION -- 2018-10-16 17:51:31]
gdbException: Tentativo de desreferenciar um ponteiro genérico.
[INFO -- 2018-10-16 17:51:31]
event type: exit
[INFO -- 2018-10-16 17:51:31]
exit code: 0
