[INFO -- 2018-11-25 23:46:48]
Starting flip_value script
version: 1.1
[INFO -- 2018-11-25 23:46:48]
Initialization strings:
[INFO -- 2018-11-25 23:46:48]
(1) file /tmp/BTree-dup/main
[INFO -- 2018-11-25 23:46:48]
(2)  set args /tmp/BTree-dup/input_100000 /tmp/BTree-dup/output_100000 /tmp/BTree-dup-detection.log /tmp/BTree-dup/output2_100000
[INFO -- 2018-11-25 23:46:48]
initSignal:0
[INFO -- 2018-11-25 23:46:48]
endSignal:2
[INFO -- 2018-11-25 23:46:48]
faultModel:0
[EXCEPTION -- 2018-11-25 23:46:50]
pythonException: Unable to exit loop in struct fields; Exiting wihtout making a bit flip
[INFO -- 2018-11-25 23:46:51]
Backtrace BEGIN:
#0  std::bitset<16ul>::_M_copy_to_string<char, std::char_traits<char>, std::allocator<char> > (this=0x7fffffffdac0, __s="1001100010000000", __zero=48 '0', __one=49 '1') at /usr/include/c++/7/bitset:1408
#1  0x00005555555573d7 in std::operator<< <char, std::char_traits<char>, 16ul> (__os=..., __x=std::bitset = {...}) at /usr/include/c++/7/bitset:1538
#2  0x0000555555556912 in BTreeNode::traverse (this=0x5555559d0230) at BTree_dup.cpp:594
#3  0x000055555555695f in BTreeNode::traverse (this=0x5555559dbf30) at BTree_dup.cpp:599
#4  0x00005555555568d7 in BTreeNode::traverse (this=0x555555913aa0) at BTree_dup.cpp:593
#5  0x000055555555695f in BTreeNode::traverse (this=0x5555558c0bb0) at BTree_dup.cpp:599
#6  0x00005555555568d7 in BTreeNode::traverse (this=0x555555a2a1a0) at BTree_dup.cpp:593
#7  0x000055555555695f in BTreeNode::traverse (this=0x555555a2aa10) at BTree_dup.cpp:599
#8  0x00005555555568d7 in BTreeNode::traverse (this=0x555555a2aaa0) at BTree_dup.cpp:593
#9  0x00005555555568d7 in BTreeNode::traverse (this=0x555555a2abc0) at BTree_dup.cpp:593
#10 0x000055555555695f in BTreeNode::traverse (this=0x555555a2ab30) at BTree_dup.cpp:599
#11 0x00005555555572bb in BTree::traverse (this=0x7fffffffdd40) at BTree_dup.cpp:139
#12 0x0000555555556fbd in main (argc=5, argv=0x7fffffffde68) at BTree_dup.cpp:718

1403	      bitset<_Nb>::
1404	      _M_copy_to_string(std::basic_string<_CharT, _Traits, _Alloc>& __s,
1405				_CharT __zero, _CharT __one) const
1406	      {
1407		__s.assign(_Nb, __zero);
1408		for (size_t __i = _Nb; __i > 0; --__i)
1409		  if (_Unchecked_test(__i - 1))
1410		    _Traits::assign(__s[_Nb - __i], __one);
1411	      }
1412	

Backtrace END
Memory content before bitflip:0x390x710x550x550x550x550x000x00
Fault Model: Single bit-flip
base address to flip value: 0x7fffffffdd38
address max offset: 8
Memory content after  bitflip:0x390x710x550xd50x550x550x000x00
frame name: main
symbol name: diff_time
symbol filename: BTree_dup.cpp
symbol line: 699
value: 4.6356766386989642e-310
value address: 0x7fffffffdd38
Type: A floating point type.
Type sizeof: 8

[INFO -- 2018-11-25 23:46:51]
Fault Injection Successful after 3.3214218616485596s
[INFO -- 2018-11-25 23:46:51]
event type: exit
[INFO -- 2018-11-25 23:46:51]
exit code: 0
