[INFO -- 2018-11-25 18:04:52]
Starting flip_value script
version: 1.1
[INFO -- 2018-11-25 18:04:52]
Initialization strings:
[INFO -- 2018-11-25 18:04:52]
(1) file /tmp/BTree-dup/main
[INFO -- 2018-11-25 18:04:52]
(2)  set args /tmp/BTree-dup/input_100000 /tmp/BTree-dup/output_100000 /tmp/BTree-dup-detection.log /tmp/BTree-dup/output2_100000
[INFO -- 2018-11-25 18:04:52]
initSignal:0
[INFO -- 2018-11-25 18:04:52]
endSignal:2
[INFO -- 2018-11-25 18:04:52]
faultModel:4
[EXCEPTION -- 2018-11-25 18:04:53]
gdbException: Tentativo de desreferenciar um ponteiro genérico.
[INFO -- 2018-11-25 18:04:53]
event type: exit
[INFO -- 2018-11-25 18:04:53]
exit code: 0
