[INFO -- 2018-11-30 18:18:01]
Starting flip_value script
version: 1.1
[INFO -- 2018-11-30 18:18:01]
Initialization strings:
[INFO -- 2018-11-30 18:18:01]
(1) file /tmp/splay/main
[INFO -- 2018-11-30 18:18:01]
(2) set args /tmp/splay/input_100000 /tmp/splay/output_100000
[INFO -- 2018-11-30 18:18:01]
initSignal:0
[INFO -- 2018-11-30 18:18:01]
endSignal:5
[INFO -- 2018-11-30 18:18:01]
faultModel:2
[EXCEPTION -- 2018-11-30 18:18:02]
gdbException: Attempt to dereference a generic pointer.
[INFO -- 2018-11-30 18:18:02]
Backtrace BEGIN:
#0  0x00007ffff7cbeb0d in _int_malloc (av=av@entry=0x7ffff7e0fc40 <main_arena>, bytes=bytes@entry=24) at malloc.c:3626
#1  0x00007ffff7cc0c23 in __GI___libc_malloc (bytes=24) at malloc.c:3041
#2  0x00007ffff7ec2248 in operator new(unsigned long) () from /usr/lib/x86_64-linux-gnu/libstdc++.so.6
#3  0x0000555555557845 in New_Node (key=296165) at splay.cpp:112
#4  0x00005555555578ca in Insert (key=296165, root=0x5555555eabd0) at splay.cpp:136
#5  0x00005555555564bb in main (argc=3, argv=0x7fffffffdfb8) at main.cpp:31

3621	in malloc.c

Backtrace END
Memory content before bitflip:0xe50x840x040x00
Fault Model: Random bit-flip
base address to flip value: 0x7fffffffdc1c
address max offset: 4
Memory content after  bitflip:0x360x700xa10xc3
frame name: Insert
symbol name: key
symbol filename: splay.cpp
symbol line: 132
value: -1012830154
value address: 0x7fffffffdc1c
Type: The type is an integer type.
Type sizeof: 4

[INFO -- 2018-11-30 18:18:02]
Fault Injection Successful after 1.306595802307129s
[INFO -- 2018-11-30 18:18:02]
event type: exit
[INFO -- 2018-11-30 18:18:02]
exit code: 0
