[INFO -- 2018-10-12 01:40:00]
Starting flip_value script
version: 1.1
[INFO -- 2018-10-12 01:40:00]
Initialization strings:
[INFO -- 2018-10-12 01:40:00]
(1) file /tmp/BTree/main
[INFO -- 2018-10-12 01:40:00]
(2)  set args /tmp/BTree/input_100000 /tmp/BTree/output_100000
[INFO -- 2018-10-12 01:40:00]
initSignal:0
[INFO -- 2018-10-12 01:40:00]
endSignal:2
[INFO -- 2018-10-12 01:40:00]
faultModel:2
[INFO -- 2018-10-12 01:40:01]
Backtrace BEGIN:
#0  0x00007ffff72af218 in _IO_new_file_write (f=0x7ffff7610760 <_IO_2_1_stdout_>, data=<optimized out>, n=<optimized out>) at fileops.c:1216
#1  0x00007ffff72b0f51 in new_do_write (to_do=17, data=0x555555bb83c0 "0111011101100100\n", fp=0x7ffff7610760 <_IO_2_1_stdout_>) at fileops.c:457
#2  _IO_new_do_write (fp=0x7ffff7610760 <_IO_2_1_stdout_>, data=0x555555bb83c0 "0111011101100100\n", to_do=17) at fileops.c:433
#3  0x00007ffff72ae788 in _IO_new_file_sync (fp=0x7ffff7610760 <_IO_2_1_stdout_>) at fileops.c:813
#4  0x00007ffff72a287d in __GI__IO_fflush (fp=0x7ffff7610760 <_IO_2_1_stdout_>) at iofflush.c:40
#5  0x00007ffff7b5ef5e in std::ostream::flush() () from /usr/lib/x86_64-linux-gnu/libstdc++.so.6
#6  0x00005555555563c7 in BTreeNode::traverse (this=0x555555836dc0) at BTree.cpp:592
#7  0x0000555555556377 in BTreeNode::traverse (this=0x5555559104d0) at BTree.cpp:591
#8  0x0000555555556377 in BTreeNode::traverse (this=0x5555559f37b0) at BTree.cpp:591
#9  0x00005555555563ff in BTreeNode::traverse (this=0x5555559f4b60) at BTree.cpp:597
#10 0x0000555555556377 in BTreeNode::traverse (this=0x5555558e3830) at BTree.cpp:591
#11 0x00005555555563ff in BTreeNode::traverse (this=0x55555577ab40) at BTree.cpp:597
#12 0x0000555555556377 in BTreeNode::traverse (this=0x55555579e990) at BTree.cpp:591
#13 0x0000555555556377 in BTreeNode::traverse (this=0x555555812430) at BTree.cpp:591
#14 0x0000555555556377 in BTreeNode::traverse (this=0x555555a27320) at BTree.cpp:591
#15 0x0000555555556851 in BTree::traverse (this=0x7fffffffddc0) at BTree.cpp:137
#16 0x0000555555556630 in main (argc=3, argv=0x7fffffffded8) at BTree.cpp:668

1211	fileops.c: Arquivo ou diretório inexistente.

Backtrace END
Fliping a bit of the value pointed by a pointer
Fliping value of field: C
Fliping a bit of the value pointed by a pointer
Fliping a bit of the pointer
Memory content before bitflip:0x000x000x000x000x000x000x000x00
Fault Model: Random bit-flip
base address to flip value: 0x555555836e10
address max offset: 8
Memory content after  bitflip:0x7c0x0c0x310x430x4f0xcb0x7f0x93
frame name: BTreeNode::traverse
symbol name: this
symbol filename: BTree.cpp
symbol line: 0
value: 0x555555836dc0
value address: 0x7fffffffdb48
Type: The type is a pointer.
Type sizeof: 8

[INFO -- 2018-10-12 01:40:01]
Fault Injection Successful after 1.2427985668182373s
[INFO -- 2018-10-12 01:40:01]
event type: exit
[INFO -- 2018-10-12 01:40:01]
exit code: 0
