[INFO -- 2018-10-12 02:58:58]
Starting flip_value script
version: 1.1
[INFO -- 2018-10-12 02:58:58]
Initialization strings:
[INFO -- 2018-10-12 02:58:58]
(1) file /tmp/BTree/main
[INFO -- 2018-10-12 02:58:58]
(2)  set args /tmp/BTree/input_100000 /tmp/BTree/output_100000
[INFO -- 2018-10-12 02:58:58]
initSignal:0
[INFO -- 2018-10-12 02:58:58]
endSignal:2
[INFO -- 2018-10-12 02:58:58]
faultModel:0
[EXCEPTION -- 2018-10-12 02:58:58]
gdbException: Tentativo de desreferenciar um ponteiro genérico.
[EXCEPTION -- 2018-10-12 02:58:58]
pythonException: Unable to exit loop in struct fields; Exiting wihtout making a bit flip
[INFO -- 2018-10-12 02:58:59]
event type: exit
[INFO -- 2018-10-12 02:58:59]
exit code: 0
