[INFO -- 2018-12-01 10:13:30]
Starting flip_value script
version: 1.1
[INFO -- 2018-12-01 10:13:30]
Initialization strings:
[INFO -- 2018-12-01 10:13:30]
(1) file /tmp/splay/main
[INFO -- 2018-12-01 10:13:30]
(2) set args /tmp/splay/input_100000 /tmp/splay/output_100000
[INFO -- 2018-12-01 10:13:30]
initSignal:0
[INFO -- 2018-12-01 10:13:30]
endSignal:5
[INFO -- 2018-12-01 10:13:30]
faultModel:4
[INFO -- 2018-12-01 10:13:31]
Backtrace BEGIN:
#0  0x0000555555557ab5 in InOrder (root=0x5555558636d0) at splay.cpp:252
#1  0x0000555555557abd in InOrder (root=0x55555574ecb0) at splay.cpp:252
#2  0x0000555555557abd in InOrder (root=0x555555641150) at splay.cpp:252
#3  0x0000555555557abd in InOrder (root=0x55555578bc90) at splay.cpp:252
#4  0x0000555555557abd in InOrder (root=0x555555774eb0) at splay.cpp:252
#5  0x0000555555557b0d in InOrder (root=0x5555558781f0) at splay.cpp:254
#6  0x0000555555557b0d in InOrder (root=0x55555587a190) at splay.cpp:254
#7  0x0000555555557abd in InOrder (root=0x5555558788d0) at splay.cpp:252
#8  0x0000555555557b0d in InOrder (root=0x55555587c830) at splay.cpp:254
#9  0x0000555555557abd in InOrder (root=0x55555571a7f0) at splay.cpp:252
#10 0x0000555555557b0d in InOrder (root=0x55555571f9b0) at splay.cpp:254
#11 0x0000555555557b0d in InOrder (root=0x55555587d890) at splay.cpp:254
#12 0x0000555555557abd in InOrder (root=0x55555587dbd0) at splay.cpp:252
#13 0x0000555555557b0d in InOrder (root=0x55555568bd90) at splay.cpp:254
#14 0x0000555555557b0d in InOrder (root=0x55555587dcb0) at splay.cpp:254
#15 0x0000555555557b0d in InOrder (root=0x555555693810) at splay.cpp:254
#16 0x0000555555557b0d in InOrder (root=0x555555634c10) at splay.cpp:254
#17 0x0000555555557b0d in InOrder (root=0x55555587dcd0) at splay.cpp:254
#18 0x00005555555564fe in main (argc=3, argv=0x7fffffffdfb8) at main.cpp:35

247	
248	void InOrder(splay* root)
249	{
250		if(root)
251		{
252			InOrder(root->lchild);
253			std::cout<<std::bitset<16>(root->key)<<std::endl;
254			InOrder(root->rchild);
255		}
256	}

Backtrace END
Fliping a bit of the value pointed by a pointer
Fliping value of field: key
Memory content before bitflip:0x9f0x830x470x00
Fault Model: LSB bit-flip
base address to flip value: 0x55555578bc90
address max offset: 4
Memory content after  bitflip:0x9f0x830x470x01
frame name: InOrder
symbol name: root
symbol filename: splay.cpp
symbol line: 248
value: 0x55555578bc90
value address: 0x7fffffffd968
Type: The type is a pointer.
Type sizeof: 8

[INFO -- 2018-12-01 10:13:31]
Fault Injection Successful after 1.1327083110809326s
[INFO -- 2018-12-01 10:13:31]
event type: exit
[INFO -- 2018-12-01 10:13:31]
exit code: 0
