[INFO -- 2018-10-16 16:57:12]
Starting flip_value script
version: 1.1
[INFO -- 2018-10-16 16:57:12]
Initialization strings:
[INFO -- 2018-10-16 16:57:12]
(1) file /tmp/RBTree/main
[INFO -- 2018-10-16 16:57:12]
(2) set args  /tmp/RBTree/input_ /tmp/RBTree/output_
[INFO -- 2018-10-16 16:57:12]
initSignal:0
[INFO -- 2018-10-16 16:57:12]
endSignal:2
[INFO -- 2018-10-16 16:57:12]
faultModel:4
[EXCEPTION -- 2018-10-16 16:57:12]
gdbException: Tentativo de desreferenciar um ponteiro genérico.
[INFO -- 2018-10-16 16:57:12]
event type: exit
[INFO -- 2018-10-16 16:57:12]
exit code: 0
