[INFO -- 2018-12-01 09:11:31]
Starting flip_value script
version: 1.1
[INFO -- 2018-12-01 09:11:31]
Initialization strings:
[INFO -- 2018-12-01 09:11:31]
(1) file /tmp/splay/main
[INFO -- 2018-12-01 09:11:31]
(2) set args /tmp/splay/input_100000 /tmp/splay/output_100000
[INFO -- 2018-12-01 09:11:31]
initSignal:0
[INFO -- 2018-12-01 09:11:31]
endSignal:5
[INFO -- 2018-12-01 09:11:31]
faultModel:3
[INFO -- 2018-12-01 09:11:32]
Backtrace BEGIN:
#0  0x00007ffff7f54390 in std::__cxx11::basic_string<char, std::char_traits<char>, std::allocator<char> >::operator[](unsigned long) () from /usr/lib/x86_64-linux-gnu/libstdc++.so.6
#1  0x0000555555557ed2 in std::bitset<16ul>::_M_copy_to_string<char, std::char_traits<char>, std::allocator<char> > (this=0x7fffffffd6a0, __s="1100001011001000", __zero=48 '0', __one=49 '1') at /usr/include/c++/8/bitset:1414
#2  0x0000555555557ded in std::operator<< <char, std::char_traits<char>, 16ul> (__os=..., __x=std::bitset = {...}) at /usr/include/c++/8/bitset:1542
#3  0x0000555555557ae8 in InOrder (root=0x5555557c1af0) at splay.cpp:253
#4  0x0000555555557abd in InOrder (root=0x55555569e670) at splay.cpp:252
#5  0x0000555555557abd in InOrder (root=0x55555579bc30) at splay.cpp:252
#6  0x0000555555557b0d in InOrder (root=0x5555557e6690) at splay.cpp:254
#7  0x0000555555557b0d in InOrder (root=0x555555816290) at splay.cpp:254
#8  0x0000555555557abd in InOrder (root=0x555555831210) at splay.cpp:252
#9  0x0000555555557abd in InOrder (root=0x5555556aa2d0) at splay.cpp:252
#10 0x0000555555557abd in InOrder (root=0x55555586ef50) at splay.cpp:252
#11 0x0000555555557abd in InOrder (root=0x5555555e1950) at splay.cpp:252
#12 0x0000555555557b0d in InOrder (root=0x5555555ab610) at splay.cpp:254
#13 0x0000555555557b0d in InOrder (root=0x555555721910) at splay.cpp:254
#14 0x0000555555557b0d in InOrder (root=0x55555587b7d0) at splay.cpp:254
#15 0x0000555555557b0d in InOrder (root=0x55555587c8d0) at splay.cpp:254
#16 0x0000555555557b0d in InOrder (root=0x555555833d30) at splay.cpp:254
#17 0x0000555555557abd in InOrder (root=0x5555555ccd90) at splay.cpp:252
#18 0x0000555555557abd in InOrder (root=0x555555788630) at splay.cpp:252
#19 0x0000555555557abd in InOrder (root=0x55555587d570) at splay.cpp:252
#20 0x0000555555557b0d in InOrder (root=0x55555587d6b0) at splay.cpp:254
#21 0x0000555555557abd in InOrder (root=0x5555556e1d70) at splay.cpp:252
#22 0x0000555555557b0d in InOrder (root=0x5555555852d0) at splay.cpp:254
#23 0x0000555555557abd in InOrder (root=0x55555587d9d0) at splay.cpp:252
#24 0x0000555555557b0d in InOrder (root=0x5555555d7910) at splay.cpp:254
#25 0x0000555555557b0d in InOrder (root=0x55555587d8d0) at splay.cpp:254
#26 0x0000555555557b0d in InOrder (root=0x5555557cfed0) at splay.cpp:254
#27 0x0000555555557b0d in InOrder (root=0x555555774190) at splay.cpp:254
#28 0x0000555555557b0d in InOrder (root=0x555555774870) at splay.cpp:254
#29 0x0000555555557abd in InOrder (root=0x55555587dcb0) at splay.cpp:252
#30 0x0000555555557b0d in InOrder (root=0x555555693810) at splay.cpp:254
#31 0x0000555555557b0d in InOrder (root=0x555555634c10) at splay.cpp:254
#32 0x0000555555557b0d in InOrder (root=0x55555587dcd0) at splay.cpp:254
#33 0x00005555555564fe in main (argc=3, argv=0x7fffffffdfb8) at main.cpp:35

1	#include "splay.h"
2	#include <iostream>
3	
4	#include <algorithm>    // std::random_shuffle
5	#include <vector>       // std::vector
6	#include <cstdlib>      // std::rand, std::srand
7	#include <cstdio>
8	
9	#include <iterator>
10	#include <fstream>

Backtrace END
Fliping a bit of the value pointed by a pointer
Fliping value of field: lchild
Fliping a bit of the value pointed by a pointer
Fliping value of field: lchild
Fliping a bit of the pointer
Memory content before bitflip:0x700xdd0x6d0x550x550x550x000x00
Fault Model: Zero bit-flip
base address to flip value: 0x5555556e9678
address max offset: 8
Memory content after  bitflip:0x000x000x000x000x000x000x000x00
frame name: InOrder
symbol name: root
symbol filename: splay.cpp
symbol line: 248
value: 0x555555816290
value address: 0x7fffffffd758
Type: The type is a pointer.
Type sizeof: 8

[INFO -- 2018-12-01 09:11:32]
Fault Injection Successful after 1.2222435474395752s
[INFO -- 2018-12-01 09:11:32]
event type: exit
[INFO -- 2018-12-01 09:11:32]
exit code: 0
