[INFO -- 2018-10-12 02:56:14]
Starting flip_value script
version: 1.1
[INFO -- 2018-10-12 02:56:14]
Initialization strings:
[INFO -- 2018-10-12 02:56:14]
(1) file /tmp/BTree/main
[INFO -- 2018-10-12 02:56:14]
(2)  set args /tmp/BTree/input_100000 /tmp/BTree/output_100000
[INFO -- 2018-10-12 02:56:14]
initSignal:0
[INFO -- 2018-10-12 02:56:14]
endSignal:2
[INFO -- 2018-10-12 02:56:14]
faultModel:4
[EXCEPTION -- 2018-10-12 02:56:14]
pythonException: Unable to exit loop in struct fields; Exiting wihtout making a bit flip
[INFO -- 2018-10-12 02:56:15]
Backtrace BEGIN:
#0  0x00007ffff72a38c0 in __GI__IO_fwrite (buf=0x55555588abe0, size=1, count=16, fp=0x7ffff7610760 <_IO_2_1_stdout_>) at iofwrite.c:37
#1  0x00007ffff7b5fe94 in std::basic_ostream<char, std::char_traits<char> >& std::__ostream_insert<char, std::char_traits<char> >(std::basic_ostream<char, std::char_traits<char> >&, char const*, long) () from /usr/lib/x86_64-linux-gnu/libstdc++.so.6
#2  0x0000555555556956 in std::operator<< <char, std::char_traits<char>, 16ul> (__os=..., __x=std::bitset) at /usr/include/c++/7/bitset:1539
#3  0x00005555555563b2 in BTreeNode::traverse (this=0x555555829b60) at BTree.cpp:592
#4  0x0000555555556377 in BTreeNode::traverse (this=0x555555829d10) at BTree.cpp:591
#5  0x0000555555556377 in BTreeNode::traverse (this=0x555555829fe0) at BTree.cpp:591
#6  0x0000555555556377 in BTreeNode::traverse (this=0x55555582af10) at BTree.cpp:591
#7  0x0000555555556377 in BTreeNode::traverse (this=0x55555582c740) at BTree.cpp:591
#8  0x0000555555556377 in BTreeNode::traverse (this=0x555555830d90) at BTree.cpp:591
#9  0x00005555555563ff in BTreeNode::traverse (this=0x555555830e20) at BTree.cpp:597
#10 0x0000555555556377 in BTreeNode::traverse (this=0x555555858540) at BTree.cpp:591
#11 0x00005555555563ff in BTreeNode::traverse (this=0x5555558584b0) at BTree.cpp:597
#12 0x0000555555556851 in BTree::traverse (this=0x7fffffffddc0) at BTree.cpp:137
#13 0x0000555555556630 in main (argc=3, argv=0x7fffffffded8) at BTree.cpp:668

32	in iofwrite.c

Backtrace END
Fliping a bit of the value pointed by a pointer
Fliping value of field: keys
Fliping a bit of the value pointed by a pointer
Memory content before bitflip:0x000x000x000x00
Fault Model: LSB bit-flip
base address to flip value: 0x55555582c770
address max offset: 4
Memory content after  bitflip:0x000x000x000x10
frame name: BTreeNode::traverse
symbol name: this
symbol filename: BTree.cpp
symbol line: 0
value: 0x55555582c740
value address: 0x7fffffffdc48
Type: The type is a pointer.
Type sizeof: 8

[INFO -- 2018-10-12 02:56:15]
Fault Injection Successful after 1.0164239406585693s
[INFO -- 2018-10-12 02:56:15]
event type: exit
[INFO -- 2018-10-12 02:56:15]
exit code: 0
