[INFO -- 2018-12-01 03:37:55]
Starting flip_value script
version: 1.1
[INFO -- 2018-12-01 03:37:55]
Initialization strings:
[INFO -- 2018-12-01 03:37:55]
(1) file /tmp/splay/main
[INFO -- 2018-12-01 03:37:55]
(2) set args /tmp/splay/input_100000 /tmp/splay/output_100000
[INFO -- 2018-12-01 03:37:55]
initSignal:0
[INFO -- 2018-12-01 03:37:55]
endSignal:5
[INFO -- 2018-12-01 03:37:55]
faultModel:1
[INFO -- 2018-12-01 03:37:56]
Backtrace BEGIN:
#0  0x00007ffff7d34fd4 in __GI___libc_write (fd=1, buf=0x55555587dcf0, nbytes=17) at ../sysdeps/unix/sysv/linux/write.c:26
#1  0x00007ffff7cb633d in _IO_new_file_write (f=0x7ffff7e10760 <_IO_2_1_stdout_>, data=0x55555587dcf0, n=17) at fileops.c:1183
#2  0x00007ffff7cb7a71 in new_do_write (to_do=17, data=0x55555587dcf0 "1100110010101000\n", fp=0x7ffff7e10760 <_IO_2_1_stdout_>) at libioP.h:839
#3  _IO_new_do_write (fp=0x7ffff7e10760 <_IO_2_1_stdout_>, data=0x55555587dcf0 "1100110010101000\n", to_do=17) at fileops.c:433
#4  0x00007ffff7cb56f8 in _IO_new_file_sync (fp=0x7ffff7e10760 <_IO_2_1_stdout_>) at fileops.c:819
#5  0x00007ffff7caa32d in __GI__IO_fflush (fp=0x7ffff7e10760 <_IO_2_1_stdout_>) at libioP.h:839
#6  0x00007ffff7f4201e in std::ostream::flush() () from /usr/lib/x86_64-linux-gnu/libstdc++.so.6
#7  0x0000555555557afd in InOrder (root=0x5555557979f0) at splay.cpp:253
#8  0x0000555555557b0d in InOrder (root=0x5555557ed9b0) at splay.cpp:254
#9  0x0000555555557abd in InOrder (root=0x55555576f690) at splay.cpp:252
#10 0x0000555555557abd in InOrder (root=0x55555581b230) at splay.cpp:252
#11 0x0000555555557b0d in InOrder (root=0x555555824a30) at splay.cpp:254
#12 0x0000555555557b0d in InOrder (root=0x5555557c8b30) at splay.cpp:254
#13 0x0000555555557b0d in InOrder (root=0x55555585f790) at splay.cpp:254
#14 0x0000555555557abd in InOrder (root=0x555555867790) at splay.cpp:252
#15 0x0000555555557abd in InOrder (root=0x555555710810) at splay.cpp:252
#16 0x0000555555557abd in InOrder (root=0x5555557cd090) at splay.cpp:252
#17 0x0000555555557abd in InOrder (root=0x55555586c3b0) at splay.cpp:252
#18 0x0000555555557b0d in InOrder (root=0x555555872470) at splay.cpp:254
#19 0x0000555555557abd in InOrder (root=0x5555557adfd0) at splay.cpp:252
#20 0x0000555555557b0d in InOrder (root=0x5555555b4bb0) at splay.cpp:254
#21 0x0000555555557abd in InOrder (root=0x5555558798b0) at splay.cpp:252
#22 0x0000555555557b0d in InOrder (root=0x55555587c390) at splay.cpp:254
#23 0x0000555555557abd in InOrder (root=0x55555587c230) at splay.cpp:252
#24 0x0000555555557abd in InOrder (root=0x5555556d8e70) at splay.cpp:252
#25 0x0000555555557abd in InOrder (root=0x5555557d0290) at splay.cpp:252
#26 0x0000555555557abd in InOrder (root=0x55555587cbd0) at splay.cpp:252
#27 0x0000555555557abd in InOrder (root=0x55555587cf30) at splay.cpp:252
#28 0x0000555555557abd in InOrder (root=0x55555563a2f0) at splay.cpp:252
#29 0x0000555555557b0d in InOrder (root=0x555555581df0) at splay.cpp:254
#30 0x0000555555557b0d in InOrder (root=0x55555560ac10) at splay.cpp:254
#31 0x0000555555557b0d in InOrder (root=0x55555587d9b0) at splay.cpp:254
#32 0x0000555555557b0d in InOrder (root=0x555555794190) at splay.cpp:254
#33 0x0000555555557b0d in InOrder (root=0x555555771bf0) at splay.cpp:254
#34 0x0000555555557b0d in InOrder (root=0x55555587dad0) at splay.cpp:254
#35 0x0000555555557abd in InOrder (root=0x55555587d8d0) at splay.cpp:252
#36 0x0000555555557b0d in InOrder (root=0x5555557cfed0) at splay.cpp:254
#37 0x0000555555557b0d in InOrder (root=0x555555774190) at splay.cpp:254
#38 0x0000555555557b0d in InOrder (root=0x555555774870) at splay.cpp:254
#39 0x0000555555557abd in InOrder (root=0x55555587dcb0) at splay.cpp:252
#40 0x0000555555557b0d in InOrder (root=0x555555693810) at splay.cpp:254
#41 0x0000555555557b0d in InOrder (root=0x555555634c10) at splay.cpp:254
#42 0x0000555555557b0d in InOrder (root=0x55555587dcd0) at splay.cpp:254
#43 0x00005555555564fe in main (argc=3, argv=0x7fffffffdfb8) at main.cpp:35

21	in ../sysdeps/unix/sysv/linux/write.c

Backtrace END
Fliping a bit of the pointer
Memory content before bitflip:0x900xf70x850x550x550x550x000x00
Fault Model: Double bit-flip
base address to flip value: 0x7fffffffd698
address max offset: 8
Memory content after  bitflip:0x000xf70x850x550x550x550x000x00
frame name: InOrder
symbol name: root
symbol filename: splay.cpp
symbol line: 248
value: 0x55555585f790
value address: 0x7fffffffd698
Type: The type is a pointer.
Type sizeof: 8

[INFO -- 2018-12-01 03:37:56]
Fault Injection Successful after 1.1534264087677002s
[INFO -- 2018-12-01 03:37:56]
event type: exit
[INFO -- 2018-12-01 03:37:56]
exit code: 0
