[INFO -- 2018-11-30 23:12:57]
Starting flip_value script
version: 1.1
[INFO -- 2018-11-30 23:12:57]
Initialization strings:
[INFO -- 2018-11-30 23:12:57]
(1) file /tmp/splay/main
[INFO -- 2018-11-30 23:12:57]
(2) set args /tmp/splay/input_100000 /tmp/splay/output_100000
[INFO -- 2018-11-30 23:12:57]
initSignal:0
[INFO -- 2018-11-30 23:12:57]
endSignal:5
[INFO -- 2018-11-30 23:12:57]
faultModel:3
[EXCEPTION -- 2018-11-30 23:12:58]
pythonException: empty range for randrange() (0,0, 0)
[INFO -- 2018-11-30 23:12:58]
Backtrace BEGIN:
#0  Splay (key=674348, root=0x555555670a70) at splay.cpp:60
#1  0x0000555555557916 in Insert (key=674348, root=0x5555557c6d30) at splay.cpp:145
#2  0x00005555555564bb in main (argc=3, argv=0x7fffffffdfb8) at main.cpp:31

55		 The zig/zag mode would only happen when cannot find key and will reach
56		 null on one side after RR or LL Rotation.
57		 */
58		while(1)
59		{
60			if(key < root->key)
61			{
62				if(!root->lchild)
63					break;
64				if(key < root->lchild->key)

Backtrace END
Memory content before bitflip:0x2c0x4a0x0a0x00
Fault Model: Zero bit-flip
base address to flip value: 0x7fffffffdc1c
address max offset: 4
Memory content after  bitflip:0x000x000x000x00
frame name: Insert
symbol name: key
symbol filename: splay.cpp
symbol line: 132
value: 0
value address: 0x7fffffffdc1c
Type: The type is an integer type.
Type sizeof: 4

[INFO -- 2018-11-30 23:12:58]
Fault Injection Successful after 1.2937147617340088s
[INFO -- 2018-11-30 23:12:58]
event type: exit
[INFO -- 2018-11-30 23:12:58]
exit code: 0
