[INFO -- 2018-10-12 03:31:38]
Starting flip_value script
version: 1.1
[INFO -- 2018-10-12 03:31:38]
Initialization strings:
[INFO -- 2018-10-12 03:31:38]
(1) file /tmp/BTree/main
[INFO -- 2018-10-12 03:31:38]
(2)  set args /tmp/BTree/input_100000 /tmp/BTree/output_100000
[INFO -- 2018-10-12 03:31:38]
initSignal:0
[INFO -- 2018-10-12 03:31:38]
endSignal:2
[INFO -- 2018-10-12 03:31:38]
faultModel:4
[INFO -- 2018-10-12 03:31:38]
Backtrace BEGIN:
#0  0x0000555555555fef in BTreeNode::insertNonFull (this=0x555555860190, k=0) at BTree.cpp:512
#1  0x00005555555560d9 in BTreeNode::insertNonFull (this=0x555555860070, k=0) at BTree.cpp:533
#2  0x00005555555560d9 in BTreeNode::insertNonFull (this=0x555555860100, k=0) at BTree.cpp:533
#3  0x00005555555560d9 in BTreeNode::insertNonFull (this=0x55555585f920, k=0) at BTree.cpp:533
#4  0x00005555555560d9 in BTreeNode::insertNonFull (this=0x55555585cb90, k=0) at BTree.cpp:533
#5  0x00005555555560d9 in BTreeNode::insertNonFull (this=0x555555858390, k=0) at BTree.cpp:533
#6  0x00005555555560d9 in BTreeNode::insertNonFull (this=0x555555858420, k=0) at BTree.cpp:533
#7  0x00005555555560d9 in BTreeNode::insertNonFull (this=0x555555858540, k=0) at BTree.cpp:533
#8  0x00005555555560d9 in BTreeNode::insertNonFull (this=0x5555558584b0, k=0) at BTree.cpp:533
#9  0x0000555555555f18 in BTree::insert (this=0x7fffffffddc0, k=0) at BTree.cpp:487
#10 0x0000555555556601 in main (argc=3, argv=0x7fffffffded8) at BTree.cpp:665

507				keys[i+1] = keys[i];
508				i--;
509			}
510	
511			// Insert the new key at found location
512			keys[i+1] = k;
513			n = n+1;
514		}
515		else // If this node is not leaf
516		{

Backtrace END
Memory content before bitflip:0x000x000x000x00
Fault Model: LSB bit-flip
base address to flip value: 0x7fffffffdd4c
address max offset: 4
Memory content after  bitflip:0x000x000x000x40
frame name: BTreeNode::insertNonFull
symbol name: i
symbol filename: BTree.cpp
symbol line: 497
value: 1073741824
value address: 0x7fffffffdd4c
Type: The type is an integer type.
Type sizeof: 4

[INFO -- 2018-10-12 03:31:38]
Fault Injection Successful after 0.9715678691864014s
[INFO -- 2018-10-12 03:31:39]
event type: exit
[INFO -- 2018-10-12 03:31:39]
exit code: 0
