[INFO -- 2018-12-03 21:23:43]
Starting flip_value script
version: 1.1
[INFO -- 2018-12-03 21:23:43]
Initialization strings:
[INFO -- 2018-12-03 21:23:43]
(1) file /tmp/Tree234/main
[INFO -- 2018-12-03 21:23:43]
(2) set args /tmp/Tree234/input_50000 /tmp/Tree234/output_50000 /tmp/Tree234/detectionLog_50000.log /tmp/Tree234/output2_50000
[INFO -- 2018-12-03 21:23:43]
initSignal:0
[INFO -- 2018-12-03 21:23:43]
endSignal:5
[INFO -- 2018-12-03 21:23:43]
faultModel:1
[EXCEPTION -- 2018-12-03 21:23:43]
gdbException: Attempt to dereference a generic pointer.
[INFO -- 2018-12-03 21:23:44]
event type: exit
[INFO -- 2018-12-03 21:23:44]
exit code: 0
