[INFO -- 2018-10-12 05:04:26]
Starting flip_value script
version: 1.1
[INFO -- 2018-10-12 05:04:26]
Initialization strings:
[INFO -- 2018-10-12 05:04:26]
(1) file /tmp/BTree/main
[INFO -- 2018-10-12 05:04:26]
(2)  set args /tmp/BTree/input_100000 /tmp/BTree/output_100000
[INFO -- 2018-10-12 05:04:26]
initSignal:0
[INFO -- 2018-10-12 05:04:26]
endSignal:2
[INFO -- 2018-10-12 05:04:26]
faultModel:0
[EXCEPTION -- 2018-10-12 05:04:27]
pythonException: Unable to exit loop in struct fields; Exiting wihtout making a bit flip
[INFO -- 2018-10-12 05:04:27]
Backtrace BEGIN:
#0  0x00005555555567c7 in std::_Base_bitset<1ul>::_S_whichbit (__pos=2) at /usr/include/c++/7/bitset:399
#1  0x00005555555567e1 in std::_Base_bitset<1ul>::_S_maskbit (__pos=2) at /usr/include/c++/7/bitset:403
#2  0x0000555555556a71 in std::bitset<16ul>::_Unchecked_test (this=0x7fffffffdb60, __pos=2) at /usr/include/c++/7/bitset:1058
#3  0x0000555555556a03 in std::bitset<16ul>::_M_copy_to_string<char, std::char_traits<char>, std::allocator<char> > (this=0x7fffffffdb60, __s='0' <repete 16 vezes>, __zero=48 '0', __one=49 '1') at /usr/include/c++/7/bitset:1409
#4  0x0000555555556943 in std::operator<< <char, std::char_traits<char>, 16ul> (__os=..., __x=std::bitset) at /usr/include/c++/7/bitset:1538
#5  0x00005555555563b2 in BTreeNode::traverse (this=0x5555557887c0) at BTree.cpp:592
#6  0x0000555555556377 in BTreeNode::traverse (this=0x5555557888e0) at BTree.cpp:591
#7  0x00005555555563ff in BTreeNode::traverse (this=0x555555788970) at BTree.cpp:597
#8  0x0000555555556377 in BTreeNode::traverse (this=0x555555789150) at BTree.cpp:591
#9  0x0000555555556377 in BTreeNode::traverse (this=0x55555578a980) at BTree.cpp:591
#10 0x0000555555556377 in BTreeNode::traverse (this=0x555555793590) at BTree.cpp:591
#11 0x00005555555563ff in BTreeNode::traverse (this=0x555555786330) at BTree.cpp:597
#12 0x0000555555556377 in BTreeNode::traverse (this=0x5555557bab90) at BTree.cpp:591
#13 0x0000555555556377 in BTreeNode::traverse (this=0x5555558584b0) at BTree.cpp:591
#14 0x0000555555556851 in BTree::traverse (this=0x7fffffffddc0) at BTree.cpp:137
#15 0x0000555555556630 in main (argc=3, argv=0x7fffffffded8) at BTree.cpp:668

394	      _S_whichbyte(size_t __pos) _GLIBCXX_NOEXCEPT
395	      { return (__pos % _GLIBCXX_BITSET_BITS_PER_WORD) / __CHAR_BIT__; }
396	
397	      static _GLIBCXX_CONSTEXPR size_t
398	      _S_whichbit(size_t __pos) _GLIBCXX_NOEXCEPT
399	      {  return __pos % _GLIBCXX_BITSET_BITS_PER_WORD; }
400	
401	      static _GLIBCXX_CONSTEXPR _WordT
402	      _S_maskbit(size_t __pos) _GLIBCXX_NOEXCEPT
403	      { return (static_cast<_WordT>(1)) << _S_whichbit(__pos); }

Backtrace END
Fliping value of field: t
Memory content before bitflip:0x030x000x000x00
Fault Model: Single bit-flip
base address to flip value: 0x7fffffffddc8
address max offset: 4
Memory content after  bitflip:0x030x400x000x00
frame name: main
symbol name: t
symbol filename: BTree.cpp
symbol line: 653
value: {root = 0x5555558584b0, t = 16387}
value address: 0x7fffffffddc0
Type: The type is a structure.
Type sizeof: 16
Field name: root
Field Type: The type is a pointer.
Field Type sizeof: 8
Field name: t
Field Type: The type is an integer type.
Field Type sizeof: 4

[INFO -- 2018-10-12 05:04:27]
Fault Injection Successful after 1.8455555438995361s
[INFO -- 2018-10-12 05:04:27]
event type: exit
[INFO -- 2018-10-12 05:04:27]
exit code: 0
