[INFO -- 2018-12-01 11:56:59]
Starting flip_value script
version: 1.1
[INFO -- 2018-12-01 11:56:59]
Initialization strings:
[INFO -- 2018-12-01 11:56:59]
(1) file /tmp/splay/main
[INFO -- 2018-12-01 11:56:59]
(2) set args /tmp/splay/input_100000 /tmp/splay/output_100000
[INFO -- 2018-12-01 11:56:59]
initSignal:0
[INFO -- 2018-12-01 11:56:59]
endSignal:5
[INFO -- 2018-12-01 11:56:59]
faultModel:0
[INFO -- 2018-12-01 11:56:59]
Backtrace BEGIN:
#0  __memmove_avx_unaligned_erms () at ../sysdeps/x86_64/multiarch/memmove-vec-unaligned-erms.S:489
#1  0x0000555555557676 in std::__copy_move<true, true, std::random_access_iterator_tag>::__copy_m<int> (__first=0x7ffff7a38010, __last=0x7ffff7a78010, __result=0x7ffff79b7010) at /usr/include/c++/8/bits/stl_algobase.h:368
#2  0x000055555555762a in std::__copy_move_a<true, int*, int*> (__first=0x7ffff7a38010, __last=0x7ffff7a78010, __result=0x7ffff79b7010) at /usr/include/c++/8/bits/stl_algobase.h:386
#3  0x00005555555575c4 in std::__copy_move_a2<true, int*, int*> (__first=0x7ffff7a38010, __last=0x7ffff7a78010, __result=0x7ffff79b7010) at /usr/include/c++/8/bits/stl_algobase.h:422
#4  0x000055555555754c in std::copy<std::move_iterator<int*>, int*> (__first=..., __last=..., __result=0x7ffff79b7010) at /usr/include/c++/8/bits/stl_algobase.h:455
#5  0x0000555555557505 in std::__uninitialized_copy<true>::__uninit_copy<std::move_iterator<int*>, int*> (__first=..., __last=..., __result=0x7ffff79b7010) at /usr/include/c++/8/bits/stl_uninitialized.h:101
#6  0x00005555555574c3 in std::uninitialized_copy<std::move_iterator<int*>, int*> (__first=..., __last=..., __result=0x7ffff79b7010) at /usr/include/c++/8/bits/stl_uninitialized.h:134
#7  0x00005555555573fe in std::__uninitialized_copy_a<std::move_iterator<int*>, int*, int> (__first=..., __last=..., __result=0x7ffff79b7010) at /usr/include/c++/8/bits/stl_uninitialized.h:289
#8  0x00005555555572e3 in std::__uninitialized_move_if_noexcept_a<int*, int*, std::allocator<int> > (__first=0x7ffff7a38010, __last=0x7ffff7a78010, __result=0x7ffff79b7010, __alloc=...) at /usr/include/c++/8/bits/stl_uninitialized.h:311
#9  0x0000555555556ec5 in std::vector<int, std::allocator<int> >::_M_realloc_insert<int const&> (this=0x7fffffffdc90, __position=0, __args#0=@0x7fffffffdb88: 2887062) at /usr/include/c++/8/bits/vector.tcc:447
#10 0x0000555555556c74 in std::vector<int, std::allocator<int> >::emplace_back<int const&> (this=0x7fffffffdc90, __args#0=@0x7fffffffdb88: 2887062) at /usr/include/c++/8/bits/vector.tcc:109
#11 0x0000555555556ac0 in std::vector<int, std::allocator<int> >::_M_range_initialize<std::istream_iterator<int, char, std::char_traits<char>, long> > (this=0x7fffffffdc90, __first=..., __last=...) at /usr/include/c++/8/bits/stl_vector.h:1449
#12 0x00005555555569a6 in std::vector<int, std::allocator<int> >::_M_initialize_dispatch<std::istream_iterator<int, char, std::char_traits<char>, long> > (this=0x7fffffffdc90, __first=..., __last=...) at /usr/include/c++/8/bits/stl_vector.h:1437
#13 0x0000555555556728 in std::vector<int, std::allocator<int> >::vector<std::istream_iterator<int, char, std::char_traits<char>, long>, void> (this=0x7fffffffdc90, __first=..., __last=..., __a=...) at /usr/include/c++/8/bits/stl_vector.h:546
#14 0x0000555555556452 in main (argc=3, argv=0x7fffffffdfb8) at main.cpp:27

484	in ../sysdeps/x86_64/multiarch/memmove-vec-unaligned-erms.S

Backtrace END
Fliping value of field: _M_value
Memory content before bitflip:0x960x0d0x2c0x00
Fault Model: Single bit-flip
base address to flip value: 0x7fffffffdb88
address max offset: 4
Memory content after  bitflip:0x960x2d0x2c0x00
frame name: std::vector<int, std::allocator<int> >::_M_range_initialize<std::istream_iterator<int, char, std::char_traits<char>, long> >
symbol name: __first
symbol filename: /usr/include/c++/8/bits/stl_vector.h
symbol line: 1443
value: {<std::iterator<std::input_iterator_tag, int, long, int const*, int const&>> = {<No data fields>}, _M_stream = 0x7fffffffdcb0, _M_value = 2895254, _M_ok = true}
value address: 0x7fffffffdb80
Type: The type is a structure.
Type sizeof: 16
Field name: std::iterator<std::input_iterator_tag, int, long, int const*, int const&>
Field Type: The type is a structure.
Field Type sizeof: 1
Field name: _M_stream
Field Type: The type is a pointer.
Field Type sizeof: 8
Field name: _M_value
Field Type: The type is an integer type.
Field Type sizeof: 4
Field name: _M_ok
Field Type: A boolean type.
Field Type sizeof: 1

[INFO -- 2018-12-01 11:56:59]
Fault Injection Successful after 0.5984649658203125s
[INFO -- 2018-12-01 11:56:59]
event type: exit
[INFO -- 2018-12-01 11:56:59]
exit code: 0
