[INFO -- 2018-12-01 13:25:07]
Starting flip_value script
version: 1.1
[INFO -- 2018-12-01 13:25:07]
Initialization strings:
[INFO -- 2018-12-01 13:25:07]
(1) file /tmp/splay/main
[INFO -- 2018-12-01 13:25:07]
(2) set args /tmp/splay/input_100000 /tmp/splay/output_100000
[INFO -- 2018-12-01 13:25:07]
initSignal:0
[INFO -- 2018-12-01 13:25:07]
endSignal:5
[INFO -- 2018-12-01 13:25:07]
faultModel:1
[INFO -- 2018-12-01 13:25:08]
Backtrace BEGIN:
#0  Splay (key=102448, root=0x5555555fe9d0) at splay.cpp:60
#1  0x0000555555557916 in Insert (key=102448, root=0x5555556083d0) at splay.cpp:145
#2  0x00005555555564bb in main (argc=3, argv=0x7fffffffdfb8) at main.cpp:31

55		 The zig/zag mode would only happen when cannot find key and will reach
56		 null on one side after RR or LL Rotation.
57		 */
58		while(1)
59		{
60			if(key < root->key)
61			{
62				if(!root->lchild)
63					break;
64				if(key < root->lchild->key)

Backtrace END
Fliping value of field: _M_ok
Memory content before bitflip:0x01
Fault Model: Double bit-flip
base address to flip value: 0x7fffffffdc5c
address max offset: 1
Memory content after  bitflip:0x10
frame name: main
symbol name: start
symbol filename: main.cpp
symbol line: 26
value: {<std::iterator<std::input_iterator_tag, int, long, int const*, int const&>> = {<No data fields>}, _M_stream = 0x7fffffffdcb0, _M_value = 1101642, _M_ok = 16}
value address: 0x7fffffffdc50
Type: The type is a structure.
Type sizeof: 16
Field name: std::iterator<std::input_iterator_tag, int, long, int const*, int const&>
Field Type: The type is a structure.
Field Type sizeof: 1
Field name: _M_stream
Field Type: The type is a pointer.
Field Type sizeof: 8
Field name: _M_value
Field Type: The type is an integer type.
Field Type sizeof: 4
Field name: _M_ok
Field Type: A boolean type.
Field Type sizeof: 1

[INFO -- 2018-12-01 13:25:08]
Fault Injection Successful after 1.0757215023040771s
[INFO -- 2018-12-01 13:25:08]
event type: exit
[INFO -- 2018-12-01 13:25:08]
exit code: 0
