[INFO -- 2018-11-30 18:06:04]
Starting flip_value script
version: 1.1
[INFO -- 2018-11-30 18:06:04]
Initialization strings:
[INFO -- 2018-11-30 18:06:04]
(1) file /tmp/splay/main
[INFO -- 2018-11-30 18:06:04]
(2) set args /tmp/splay/input_100000 /tmp/splay/output_100000
[INFO -- 2018-11-30 18:06:04]
initSignal:0
[INFO -- 2018-11-30 18:06:04]
endSignal:5
[INFO -- 2018-11-30 18:06:04]
faultModel:4
[INFO -- 2018-11-30 18:06:04]
Backtrace BEGIN:
#0  LL_Rotate (k2=0x555555580170) at splay.cpp:36
#1  0x000055555555778b in Splay (key=3232735, root=0x555555580170) at splay.cpp:85
#2  0x0000555555557916 in Insert (key=3232735, root=0x555555580170) at splay.cpp:145
#3  0x00005555555564bb in main (argc=3, argv=0x7fffffffdfb8) at main.cpp:31

31	inline splay* LL_Rotate(splay* k2)
32	{
33		splay* k1 = k2->rchild;
34		k2->rchild = k1->lchild;
35		k1->lchild = k2;
36		return k1;
37	}
38	
39	/* An implementation of top-down splay tree 
40	 If key is in the tree, then the node containing the key will be rotated to root,

Backtrace END
Memory content before bitflip:0xc50x070x000x00
Fault Model: LSB bit-flip
base address to flip value: 0x7fffffffdc44
address max offset: 4
Memory content after  bitflip:0xc50x070x000x04
frame name: main
symbol name: i
symbol filename: main.cpp
symbol line: 30
value: 67110853
value address: 0x7fffffffdc44
Type: The type is an integer type.
Type sizeof: 4

[INFO -- 2018-11-30 18:06:04]
Fault Injection Successful after 0.3756601810455322s
[INFO -- 2018-11-30 18:06:04]
event type: exit
[INFO -- 2018-11-30 18:06:04]
exit code: 0
