[INFO -- 2018-12-01 08:15:20]
Starting flip_value script
version: 1.1
[INFO -- 2018-12-01 08:15:20]
Initialization strings:
[INFO -- 2018-12-01 08:15:20]
(1) file /tmp/splay/main
[INFO -- 2018-12-01 08:15:20]
(2) set args /tmp/splay/input_100000 /tmp/splay/output_100000
[INFO -- 2018-12-01 08:15:20]
initSignal:0
[INFO -- 2018-12-01 08:15:20]
endSignal:5
[INFO -- 2018-12-01 08:15:20]
faultModel:2
[EXCEPTION -- 2018-12-01 08:15:21]
gdbException: Attempt to dereference a generic pointer.
[INFO -- 2018-12-01 08:15:21]
event type: exit
[INFO -- 2018-12-01 08:15:21]
exit code: 0
