[INFO -- 2018-11-30 21:32:11]
Starting flip_value script
version: 1.1
[INFO -- 2018-11-30 21:32:11]
Initialization strings:
[INFO -- 2018-11-30 21:32:11]
(1) file /tmp/splay/main
[INFO -- 2018-11-30 21:32:11]
(2) set args /tmp/splay/input_100000 /tmp/splay/output_100000
[INFO -- 2018-11-30 21:32:11]
initSignal:0
[INFO -- 2018-11-30 21:32:11]
endSignal:5
[INFO -- 2018-11-30 21:32:11]
faultModel:2
[EXCEPTION -- 2018-11-30 21:32:11]
pythonException: Unable to exit loop in struct fields; Exiting wihtout making a bit flip
[EXCEPTION -- 2018-11-30 21:32:12]
pythonException: Unable to exit loop in struct fields; Exiting wihtout making a bit flip
[INFO -- 2018-11-30 21:32:12]
event type: exit
[INFO -- 2018-11-30 21:32:12]
exit code: 0
