[INFO -- 2018-10-16 16:43:49]
Starting flip_value script
version: 1.1
[INFO -- 2018-10-16 16:43:49]
Initialization strings:
[INFO -- 2018-10-16 16:43:49]
(1) file /tmp/RBTree/main
[INFO -- 2018-10-16 16:43:49]
(2) set args  /tmp/RBTree/input_ /tmp/RBTree/output_
[INFO -- 2018-10-16 16:43:49]
initSignal:0
[INFO -- 2018-10-16 16:43:49]
endSignal:2
[INFO -- 2018-10-16 16:43:49]
faultModel:4
[INFO -- 2018-10-16 16:43:49]
Backtrace BEGIN:
#0  elf_dynamic_do_Rela (skip_ifunc=<optimized out>, lazy=<optimized out>, nrelative=<optimized out>, relsize=<optimized out>, reladdr=<optimized out>, map=0x7ffff7fd6000) at do-rel.h:137
#1  _dl_relocate_object (scope=<optimized out>, reloc_mode=<optimized out>, consider_profiling=<optimized out>, consider_profiling@entry=0) at dl-reloc.c:258
#2  0x00007ffff7dd9307 in dl_main (phdr=<optimized out>, phnum=<optimized out>, user_entry=<optimized out>, auxv=<optimized out>) at rtld.c:2190
#3  0x00007ffff7defdd0 in _dl_sysdep_start (start_argptr=start_argptr@entry=0x7fffffffdf30, dl_main=dl_main@entry=0x7ffff7dd7660 <dl_main>) at ../elf/dl-sysdep.c:253
#4  0x00007ffff7dd7128 in _dl_start_final (arg=0x7fffffffdf30) at rtld.c:414
#5  _dl_start (arg=0x7fffffffdf30) at rtld.c:521
#6  0x00007ffff7dd6098 in _start () from /lib64/ld-linux-x86-64.so.2
#7  0x0000000000000003 in ?? ()
#8  0x00007fffffffe2a4 in ?? ()
#9  0x00007fffffffe2b5 in ?? ()
#10 0x00007fffffffe2c8 in ?? ()
#11 0x0000000000000000 in ?? ()

132	do-rel.h: Arquivo ou diretório inexistente.

Backtrace END
Fliping a bit of the pointer
Memory content before bitflip:0x000x000x000x000x000x000x000x00
Fault Model: LSB bit-flip
base address to flip value: 0x7fffffffdb40
address max offset: 8
Memory content after  bitflip:0x000x000x000x000x000x000x000x04
frame name: elf_dynamic_do_Rela
symbol name: r2
symbol filename: do-rel.h
symbol line: 50
value: 0x0
value address: 0x7fffffffdb40
Type: The type is a pointer.
Type sizeof: 8

[INFO -- 2018-10-16 16:43:49]
Fault Injection Successful after 0.696845293045044s
[INFO -- 2018-10-16 16:43:49]
event type: exit
[INFO -- 2018-10-16 16:43:49]
exit code: 0
