[INFO -- 2018-11-30 17:00:01]
Starting flip_value script
version: 1.1
[INFO -- 2018-11-30 17:00:01]
Initialization strings:
[INFO -- 2018-11-30 17:00:01]
(1) file /tmp/splay/main
[INFO -- 2018-11-30 17:00:01]
(2) set args /tmp/splay/input_100000 /tmp/splay/output_100000
[INFO -- 2018-11-30 17:00:01]
initSignal:0
[INFO -- 2018-11-30 17:00:01]
endSignal:5
[INFO -- 2018-11-30 17:00:01]
faultModel:2
[INFO -- 2018-11-30 17:00:01]
Backtrace BEGIN:
#0  0x00007ffff7f1cd50 in __gnu_cxx::stdio_sync_filebuf<char, std::char_traits<char> >::xsputn(char const*, long) () from /usr/lib/x86_64-linux-gnu/libstdc++.so.6
#1  0x00007ffff7f42f54 in std::basic_ostream<char, std::char_traits<char> >& std::__ostream_insert<char, std::char_traits<char> >(std::basic_ostream<char, std::char_traits<char> >&, char const*, long) () from /usr/lib/x86_64-linux-gnu/libstdc++.so.6
#2  0x0000555555557e00 in std::operator<< <char, std::char_traits<char>, 16ul> (__os=..., __x=std::bitset = {...}) at /usr/include/c++/8/bitset:1543
#3  0x0000555555557ae8 in InOrder (root=0x5555556b4070) at splay.cpp:253
#4  0x0000555555557abd in InOrder (root=0x5555556fccf0) at splay.cpp:252
#5  0x0000555555557abd in InOrder (root=0x5555557167d0) at splay.cpp:252
#6  0x0000555555557b0d in InOrder (root=0x5555557a3c50) at splay.cpp:254
#7  0x0000555555557b0d in InOrder (root=0x5555555f8490) at splay.cpp:254
#8  0x0000555555557b0d in InOrder (root=0x5555556fa010) at splay.cpp:254
#9  0x0000555555557abd in InOrder (root=0x55555567dc30) at splay.cpp:252
#10 0x0000555555557b0d in InOrder (root=0x55555585ca30) at splay.cpp:254
#11 0x0000555555557b0d in InOrder (root=0x5555557c0010) at splay.cpp:254
#12 0x0000555555557abd in InOrder (root=0x55555586a0d0) at splay.cpp:252
#13 0x0000555555557b0d in InOrder (root=0x5555555eb730) at splay.cpp:254
#14 0x0000555555557b0d in InOrder (root=0x55555587d030) at splay.cpp:254
#15 0x0000555555557b0d in InOrder (root=0x5555557b8ab0) at splay.cpp:254
#16 0x0000555555557b0d in InOrder (root=0x55555587d630) at splay.cpp:254
#17 0x0000555555557b0d in InOrder (root=0x5555555bde90) at splay.cpp:254
#18 0x0000555555557b0d in InOrder (root=0x55555587d810) at splay.cpp:254
#19 0x0000555555557b0d in InOrder (root=0x5555556accf0) at splay.cpp:254
#20 0x0000555555557b0d in InOrder (root=0x55555587dbd0) at splay.cpp:254
#21 0x0000555555557b0d in InOrder (root=0x55555568bd90) at splay.cpp:254
#22 0x0000555555557b0d in InOrder (root=0x55555587dcb0) at splay.cpp:254
#23 0x0000555555557b0d in InOrder (root=0x555555693810) at splay.cpp:254
#24 0x0000555555557b0d in InOrder (root=0x555555634c10) at splay.cpp:254
#25 0x0000555555557b0d in InOrder (root=0x55555587dcd0) at splay.cpp:254
#26 0x00005555555564fe in main (argc=3, argv=0x7fffffffdfb8) at main.cpp:35

1	#include "splay.h"
2	#include <iostream>
3	
4	#include <algorithm>    // std::random_shuffle
5	#include <vector>       // std::vector
6	#include <cstdlib>      // std::rand, std::srand
7	#include <cstdio>
8	
9	#include <iterator>
10	#include <fstream>

Backtrace END
Fliping a bit of the pointer
Memory content before bitflip:0xf00xcc0x6a0x550x550x550x000x00
Fault Model: Random bit-flip
base address to flip value: 0x7fffffffdae8
address max offset: 8
Memory content after  bitflip:0xa50xf40xdd0xa40xa50x1c0x570x15
frame name: InOrder
symbol name: root
symbol filename: splay.cpp
symbol line: 248
value: 0x5555556accf0
value address: 0x7fffffffdae8
Type: The type is a pointer.
Type sizeof: 8

[INFO -- 2018-11-30 17:00:01]
Fault Injection Successful after 0.9209551811218262s
[INFO -- 2018-11-30 17:00:01]
event type: exit
[INFO -- 2018-11-30 17:00:01]
exit code: 0
