[INFO -- 2018-12-09 02:40:35]
Starting flip_value script
version: 1.1
[INFO -- 2018-12-09 02:40:35]
Initialization strings:
[INFO -- 2018-12-09 02:40:35]
(1) file /tmp/RBTree-dup/main_dup
[INFO -- 2018-12-09 02:40:35]
(2)  set args /tmp/RBTree-dup/input_100000 /tmp/RBTree-dup/output_100000 /tmp/RBTree-dup/RBTree-dup-detection.log /tmp/RBTree-dup/output2_100000
[INFO -- 2018-12-09 02:40:35]
initSignal:0
[INFO -- 2018-12-09 02:40:35]
endSignal:2
[INFO -- 2018-12-09 02:40:35]
faultModel:4
[INFO -- 2018-12-09 02:40:36]
Backtrace BEGIN:
#0  _int_malloc (av=av@entry=0x7ffff760fc40 <main_arena>, bytes=bytes@entry=32) at malloc.c:3732
#1  0x00007ffff72bb0fc in __GI___libc_malloc (bytes=32) at malloc.c:3057
#2  0x00007ffff7adf1a8 in operator new(unsigned long) () from /usr/lib/x86_64-linux-gnu/libstdc++.so.6
#3  0x0000555555556f25 in RBTree::insertValue(int) ()
#4  0x000055555555584c in runner(char*) ()
#5  0x0000555555555b60 in main ()

3727	malloc.c: Arquivo ou diretório inexistente.

Backtrace END
Fliping a bit of the pointer
Memory content before bitflip:0x000x000x000x000x000x000x000x00
Fault Model: LSB bit-flip
base address to flip value: 0x7ffff7611920 
address max offset: 8
Memory content after  bitflip:0x000x000x000x000x000x000x000x20
frame name: __GI___libc_malloc
symbol name: free_list
symbol filename: arena.c
symbol line: 83
value: 0x0
value address: 0x7ffff7611920 <free_list>
Type: The type is a pointer.
Type sizeof: 8

[INFO -- 2018-12-09 02:40:36]
Fault Injection Successful after 1.174407958984375s
[INFO -- 2018-12-09 02:40:36]
event type: exit
[INFO -- 2018-12-09 02:40:36]
exit code: 0
