[INFO -- 2018-11-25 16:20:58]
Starting flip_value script
version: 1.1
[INFO -- 2018-11-25 16:20:58]
Initialization strings:
[INFO -- 2018-11-25 16:20:58]
(1) file /tmp/BTree-dup/main
[INFO -- 2018-11-25 16:20:58]
(2)  set args /tmp/BTree-dup/input_100000 /tmp/BTree-dup/output_100000 /tmp/BTree-dup-detection.log /tmp/BTree-dup/output2_100000
[INFO -- 2018-11-25 16:20:58]
initSignal:0
[INFO -- 2018-11-25 16:20:58]
endSignal:2
[INFO -- 2018-11-25 16:20:58]
faultModel:4
[EXCEPTION -- 2018-11-25 16:20:59]
gdbException: Tentativo de desreferenciar um ponteiro genérico.
[INFO -- 2018-11-25 16:20:59]
Backtrace BEGIN:
#0  0x00007ffff7b594e0 in std::num_get<char, std::istreambuf_iterator<char, std::char_traits<char> > >::do_get(std::istreambuf_iterator<char, std::char_traits<char> >, std::istreambuf_iterator<char, std::char_traits<char> >, std::ios_base&, std::_Ios_Iostate&, long&) const () from /usr/lib/x86_64-linux-gnu/libstdc++.so.6
#1  0x00007ffff7b479b6 in std::istream::operator>>(int&) () from /usr/lib/x86_64-linux-gnu/libstdc++.so.6
#2  0x0000555555557742 in std::istream_iterator<int, char, std::char_traits<char>, long>::_M_read (this=0x7fffffffd960) at /usr/include/c++/7/bits/stream_iterator.h:121
#3  0x0000555555557ab2 in std::istream_iterator<int, char, std::char_traits<char>, long>::operator++ (this=0x7fffffffd960) at /usr/include/c++/7/bits/stream_iterator.h:95
#4  0x00005555555579f3 in std::vector<int, std::allocator<int> >::_M_range_initialize<std::istream_iterator<int, char, std::char_traits<char>, long> > (this=0x7fffffffdaa0, __first=..., __last=...) at /usr/include/c++/7/bits/stl_vector.h:1308
#5  0x0000555555557882 in std::vector<int, std::allocator<int> >::_M_initialize_dispatch<std::istream_iterator<int, char, std::char_traits<char>, long> > (this=0x7fffffffdaa0, __first=..., __last=...) at /usr/include/c++/7/bits/stl_vector.h:1299
#6  0x0000555555557569 in std::vector<int, std::allocator<int> >::vector<std::istream_iterator<int, char, std::char_traits<char>, long>, void> (this=0x7fffffffdaa0, __first=..., __last=..., __a=...) at /usr/include/c++/7/bits/stl_vector.h:414
#7  0x0000555555556bbc in runner (input=0x7fffffffe22a "/tmp/BTree-dup/input_100000") at BTree_dup.cpp:660
#8  0x0000555555556f51 in main (argc=5, argv=0x7fffffffde68) at BTree_dup.cpp:711

2284	in rtld.c

Backtrace END
Fliping value of field: root
Fliping a bit of the pointer
Memory content before bitflip:0x000x000x000x000x000x000x000x00
Fault Model: LSB bit-flip
base address to flip value: 0x7fffffffdd50
address max offset: 8
Memory content after  bitflip:0x000x000x000x000x000x000x000x40
frame name: main
symbol name: bTree2
symbol filename: BTree_dup.cpp
symbol line: 705
value: {root = 0x4000000000000000, t = 3}
value address: 0x7fffffffdd50
Type: The type is a structure.
Type sizeof: 16
Field name: root
Field Type: The type is a pointer.
Field Type sizeof: 8
Field name: t
Field Type: The type is an integer type.
Field Type sizeof: 4

[INFO -- 2018-11-25 16:20:59]
Fault Injection Successful after 1.2644882202148438s
[INFO -- 2018-11-25 16:21:00]
event type: exit
[INFO -- 2018-11-25 16:21:00]
exit code: 0
