[INFO -- 2018-10-17 19:55:45]
sending 5 signals using command: 'killall -2 main' after 1.26560065077s
[INFO -- 2018-10-17 19:55:45]
sending 5 signals using command: 'killall -2 main' after 1.51211969622s
[INFO -- 2018-10-17 19:55:45]
sending 5 signals using command: 'killall -2 main' after 1.67049487964s
[INFO -- 2018-10-17 19:55:45]
Starting GDB script
[INFO -- 2018-10-17 19:55:45]
initSignal:0.0
[INFO -- 2018-10-17 19:55:45]
endSignal:2.0
[INFO -- 2018-10-17 19:55:46]
sending 5 signals using command: 'killall -2 main' after 0.172680179827s
[INFO -- 2018-10-17 19:55:46]
sending 5 signals using command: 'killall -2 main' after 0.495099830243s
[INFO -- 2018-10-17 19:55:46]
sending 5 signals using command: 'killall -2 main' after 0.510619020834s
[INFO -- 2018-10-17 19:55:46]
Execution finished before waitTime
