[INFO -- 2018-10-17 19:21:07]
Starting flip_value script
version: 1.1
[INFO -- 2018-10-17 19:21:07]
Initialization strings:
[INFO -- 2018-10-17 19:21:07]
(1) file /tmp/Tree234/main
[INFO -- 2018-10-17 19:21:07]
(2) set args /tmp/Tree234/input_50000 /tmp/Tree234/output_50000
[INFO -- 2018-10-17 19:21:07]
initSignal:0
[INFO -- 2018-10-17 19:21:07]
endSignal:2
[INFO -- 2018-10-17 19:21:07]
faultModel:0
[EXCEPTION -- 2018-10-17 19:21:08]
gdbException: Attempt to dereference a generic pointer.
[INFO -- 2018-10-17 19:21:08]
event type: exit
[INFO -- 2018-10-17 19:21:08]
exit code: 0
