[INFO -- 2018-10-16 21:34:22]
Starting flip_value script
version: 1.1
[INFO -- 2018-10-16 21:34:22]
Initialization strings:
[INFO -- 2018-10-16 21:34:22]
(1) file /tmp/RBTree/main
[INFO -- 2018-10-16 21:34:22]
(2) set args  /tmp/RBTree/input_ /tmp/RBTree/output_
[INFO -- 2018-10-16 21:34:22]
initSignal:0
[INFO -- 2018-10-16 21:34:22]
endSignal:2
[INFO -- 2018-10-16 21:34:22]
faultModel:4
[INFO -- 2018-10-16 21:34:22]
Backtrace BEGIN:
#0  _int_malloc (av=av@entry=0x7ffff760fc40 <main_arena>, bytes=bytes@entry=32) at malloc.c:4100
#1  0x00007ffff72bb0fc in __GI___libc_malloc (bytes=32) at malloc.c:3057
#2  0x00007ffff7adf1a8 in operator new(unsigned long) () from /usr/lib/x86_64-linux-gnu/libstdc++.so.6
#3  0x00005555555569d3 in RBTree::insertValue (this=0x7fffffffdc00, n=15270) at RBTree.cpp:55
#4  0x0000555555555610 in main (argc=3, argv=0x7fffffffdf38) at main.cpp:54

4095	malloc.c: Arquivo ou diretório inexistente.

Backtrace END
Memory content before bitflip:0x300x000x000x000x000x000x000x00
Fault Model: LSB bit-flip
base address to flip value: 0x7fffffffda70
address max offset: 8
Memory content after  bitflip:0x300x000x000x000x000x000x000x01
frame name: _int_malloc
symbol name: tcache_nb
symbol filename: malloc.c
symbol line: 3720
value: 72057594037927984
value address: 0x7fffffffda70
Type: The type is an integer type.
Type sizeof: 8

[INFO -- 2018-10-16 21:34:22]
Fault Injection Successful after 0.4626286029815674s
[INFO -- 2018-10-16 21:34:22]
event type: exit
[INFO -- 2018-10-16 21:34:22]
exit code: 0
