[INFO -- 2018-12-01 03:26:15]
Starting flip_value script
version: 1.1
[INFO -- 2018-12-01 03:26:15]
Initialization strings:
[INFO -- 2018-12-01 03:26:15]
(1) file /tmp/splay/main
[INFO -- 2018-12-01 03:26:15]
(2) set args /tmp/splay/input_100000 /tmp/splay/output_100000
[INFO -- 2018-12-01 03:26:15]
initSignal:0
[INFO -- 2018-12-01 03:26:15]
endSignal:5
[INFO -- 2018-12-01 03:26:15]
faultModel:4
[INFO -- 2018-12-01 03:26:16]
Backtrace BEGIN:
#0  0x00007ffff7f42a46 in std::ostream::put(char) () from /usr/lib/x86_64-linux-gnu/libstdc++.so.6
#1  0x00007ffff7f42c5f in std::basic_ostream<char, std::char_traits<char> >& std::endl<char, std::char_traits<char> >(std::basic_ostream<char, std::char_traits<char> >&) () from /usr/lib/x86_64-linux-gnu/libstdc++.so.6
#2  0x0000555555557afd in InOrder (root=0x555555803a10) at splay.cpp:253
#3  0x0000555555557b0d in InOrder (root=0x5555557ca210) at splay.cpp:254
#4  0x0000555555557abd in InOrder (root=0x555555739470) at splay.cpp:252
#5  0x0000555555557b0d in InOrder (root=0x555555849650) at splay.cpp:254
#6  0x0000555555557b0d in InOrder (root=0x5555556c0ed0) at splay.cpp:254
#7  0x0000555555557b0d in InOrder (root=0x555555875e70) at splay.cpp:254
#8  0x0000555555557b0d in InOrder (root=0x5555558788f0) at splay.cpp:254
#9  0x0000555555557b0d in InOrder (root=0x555555647990) at splay.cpp:254
#10 0x0000555555557b0d in InOrder (root=0x55555587c270) at splay.cpp:254
#11 0x0000555555557b0d in InOrder (root=0x555555756b30) at splay.cpp:254
#12 0x0000555555557abd in InOrder (root=0x55555582ba50) at splay.cpp:252
#13 0x0000555555557abd in InOrder (root=0x55555587c770) at splay.cpp:252
#14 0x0000555555557abd in InOrder (root=0x55555587d150) at splay.cpp:252
#15 0x0000555555557b0d in InOrder (root=0x55555561f0d0) at splay.cpp:254
#16 0x0000555555557abd in InOrder (root=0x55555566cc10) at splay.cpp:252
#17 0x0000555555557b0d in InOrder (root=0x5555555c3930) at splay.cpp:254
#18 0x0000555555557b0d in InOrder (root=0x55555570e5f0) at splay.cpp:254
#19 0x0000555555557b0d in InOrder (root=0x55555572ac10) at splay.cpp:254
#20 0x0000555555557b0d in InOrder (root=0x555555748390) at splay.cpp:254
#21 0x0000555555557b0d in InOrder (root=0x55555587dbf0) at splay.cpp:254
#22 0x0000555555557b0d in InOrder (root=0x55555587dc90) at splay.cpp:254
#23 0x0000555555557abd in InOrder (root=0x555555696ef0) at splay.cpp:252
#24 0x0000555555557abd in InOrder (root=0x55555587dcd0) at splay.cpp:252
#25 0x00005555555564fe in main (argc=3, argv=0x7fffffffdfb8) at main.cpp:35

1	#include "splay.h"
2	#include <iostream>
3	
4	#include <algorithm>    // std::random_shuffle
5	#include <vector>       // std::vector
6	#include <cstdlib>      // std::rand, std::srand
7	#include <cstdio>
8	
9	#include <iterator>
10	#include <fstream>

Backtrace END
Fliping a bit of the value pointed by a pointer
Fliping value of field: lchild
Fliping a bit of the pointer
Memory content before bitflip:0x700xd70x870x550x550x550x000x00
Fault Model: LSB bit-flip
base address to flip value: 0x55555572ac18
address max offset: 8
Memory content after  bitflip:0x700xd70x870x550x550x550x000x20
frame name: InOrder
symbol name: root
symbol filename: splay.cpp
symbol line: 248
value: 0x55555572ac10
value address: 0x7fffffffdb18
Type: The type is a pointer.
Type sizeof: 8

[INFO -- 2018-12-01 03:26:16]
Fault Injection Successful after 1.29896879196167s
[INFO -- 2018-12-01 03:26:16]
event type: exit
[INFO -- 2018-12-01 03:26:16]
exit code: 0
