[INFO -- 2018-11-30 22:03:03]
Starting flip_value script
version: 1.1
[INFO -- 2018-11-30 22:03:03]
Initialization strings:
[INFO -- 2018-11-30 22:03:03]
(1) file /tmp/splay/main
[INFO -- 2018-11-30 22:03:03]
(2) set args /tmp/splay/input_100000 /tmp/splay/output_100000
[INFO -- 2018-11-30 22:03:03]
initSignal:0
[INFO -- 2018-11-30 22:03:03]
endSignal:5
[INFO -- 2018-11-30 22:03:03]
faultModel:2
[INFO -- 2018-11-30 22:03:03]
Backtrace BEGIN:
#0  0x0000555555556c26 in std::vector<int, std::allocator<int> >::emplace_back<int const&> (this=0x7fffffffdc90, __args#0=@0x7fffffffdb88: 477409) at /usr/include/c++/8/bits/vector.tcc:103
#1  0x0000555555556ac0 in std::vector<int, std::allocator<int> >::_M_range_initialize<std::istream_iterator<int, char, std::char_traits<char>, long> > (this=0x7fffffffdc90, __first=..., __last=...) at /usr/include/c++/8/bits/stl_vector.h:1449
#2  0x00005555555569a6 in std::vector<int, std::allocator<int> >::_M_initialize_dispatch<std::istream_iterator<int, char, std::char_traits<char>, long> > (this=0x7fffffffdc90, __first=..., __last=...) at /usr/include/c++/8/bits/stl_vector.h:1437
#3  0x0000555555556728 in std::vector<int, std::allocator<int> >::vector<std::istream_iterator<int, char, std::char_traits<char>, long>, void> (this=0x7fffffffdc90, __first=..., __last=..., __a=...) at /usr/include/c++/8/bits/stl_vector.h:546
#4  0x0000555555556452 in main (argc=3, argv=0x7fffffffdfb8) at main.cpp:27

98	      emplace_back(_Args&&... __args)
99	      {
100		if (this->_M_impl._M_finish != this->_M_impl._M_end_of_storage)
101		  {
102		    _GLIBCXX_ASAN_ANNOTATE_GROW(1);
103		    _Alloc_traits::construct(this->_M_impl, this->_M_impl._M_finish,
104					     std::forward<_Args>(__args)...);
105		    ++this->_M_impl._M_finish;
106		    _GLIBCXX_ASAN_ANNOTATE_GREW(1);
107		  }

Backtrace END
Fliping value of field: _M_stream
Fliping a bit of the pointer
Memory content before bitflip:0x000x000x000x000x000x000x000x00
Fault Model: Random bit-flip
base address to flip value: 0x7fffffffdbf0
address max offset: 8
Memory content after  bitflip:0xc70xb90x990x820xeb0x960xc80x90
frame name: std::vector<int, std::allocator<int> >::_M_initialize_dispatch<std::istream_iterator<int, char, std::char_traits<char>, long> >
symbol name: __last
symbol filename: /usr/include/c++/8/bits/stl_vector.h
symbol line: 1432
value: {<std::iterator<std::input_iterator_tag, int, long, int const*, int const&>> = {<No data fields>}, _M_stream = 0x90c896eb8299b9c7, _M_value = 0, _M_ok = false}
value address: 0x7fffffffdbf0
Type: The type is a structure.
Type sizeof: 16
Field name: std::iterator<std::input_iterator_tag, int, long, int const*, int const&>
Field Type: The type is a structure.
Field Type sizeof: 1
Field name: _M_stream
Field Type: The type is a pointer.
Field Type sizeof: 8
Field name: _M_value
Field Type: The type is an integer type.
Field Type sizeof: 4
Field name: _M_ok
Field Type: A boolean type.
Field Type sizeof: 1

[INFO -- 2018-11-30 22:03:03]
Fault Injection Successful after 0.8218097686767578s
[INFO -- 2018-11-30 22:03:04]
event type: exit
[INFO -- 2018-11-30 22:03:04]
exit code: 0
