[INFO -- 2018-12-03 22:28:40]
Starting flip_value script
version: 1.1
[INFO -- 2018-12-03 22:28:40]
Initialization strings:
[INFO -- 2018-12-03 22:28:40]
(1) file /tmp/Tree234/main
[INFO -- 2018-12-03 22:28:40]
(2) set args /tmp/Tree234/input_50000 /tmp/Tree234/output_50000 /tmp/Tree234/detectionLog_50000.log /tmp/Tree234/output2_50000
[INFO -- 2018-12-03 22:28:40]
initSignal:0
[INFO -- 2018-12-03 22:28:40]
endSignal:5
[INFO -- 2018-12-03 22:28:40]
faultModel:2
[INFO -- 2018-12-03 22:28:41]
Backtrace BEGIN:
#0  dl_main (phdr=<optimized out>, phnum=<optimized out>, user_entry=<optimized out>, auxv=<optimized out>) at rtld.c:2206
#1  0x00007ffff7df0632 in _dl_sysdep_start (start_argptr=start_argptr@entry=0x7fffffffdea0, dl_main=dl_main@entry=0x7ffff7dd91e0 <dl_main>) at ../elf/dl-sysdep.c:249
#2  0x00007ffff7dd8c2a in _dl_start_final (arg=0x7fffffffdea0) at rtld.c:323
#3  _dl_start (arg=0x7fffffffdea0) at rtld.c:429
#4  0x00007ffff7dd7c38 in _start () from /lib64/ld-linux-x86-64.so.2
#5  0x0000000000000005 in ?? ()
#6  0x00007fffffffe220 in ?? ()
#7  0x00007fffffffe232 in ?? ()
#8  0x00007fffffffe24b in ?? ()
#9  0x00007fffffffe265 in ?? ()
#10 0x00007fffffffe289 in ?? ()
#11 0x0000000000000000 in ?? ()

2201	in rtld.c

Backtrace END
Fliping a bit of the value pointed by a pointer
Fliping a bit of the value pointed by a pointer
Memory content before bitflip:0x2f
Fault Model: Random bit-flip
base address to flip value: 0x7fffffffe220 
address max offset: 1
Memory content after  bitflip:0xa7
frame name: dl_main
symbol name: _dl_argv
symbol filename: rtld.c
symbol line: 86
value: 0x7fffffffdea8
value address: 0x7ffff7ffcc80 <_dl_argv>
Type: The type is a pointer.
Type sizeof: 8

[INFO -- 2018-12-03 22:28:41]
Fault Injection Successful after 1.0692005157470703s
[INFO -- 2018-12-03 22:28:42]
event type: exit
[INFO -- 2018-12-03 22:28:42]
exit code: 0
