[INFO -- 2018-12-01 03:16:06]
Starting flip_value script
version: 1.1
[INFO -- 2018-12-01 03:16:06]
Initialization strings:
[INFO -- 2018-12-01 03:16:06]
(1) file /tmp/splay/main
[INFO -- 2018-12-01 03:16:06]
(2) set args /tmp/splay/input_100000 /tmp/splay/output_100000
[INFO -- 2018-12-01 03:16:06]
initSignal:0
[INFO -- 2018-12-01 03:16:06]
endSignal:5
[INFO -- 2018-12-01 03:16:06]
faultModel:2
[EXCEPTION -- 2018-12-01 03:16:06]
gdbException: Attempt to dereference a generic pointer.
[INFO -- 2018-12-01 03:16:06]
Backtrace BEGIN:
#0  __strcmp_avx2 () at ../sysdeps/x86_64/multiarch/strcmp-avx2.S:92
#1  0x00007ffff7ec3750 in __cxxabiv1::__vmi_class_type_info::__do_dyncast(long, __cxxabiv1::__class_type_info::__sub_kind, __cxxabiv1::__class_type_info const*, void const*, __cxxabiv1::__class_type_info const*, void const*, __cxxabiv1::__class_type_info::__dyncast_result&) const () from /usr/lib/x86_64-linux-gnu/libstdc++.so.6
#2  0x00007ffff7ec0456 in __dynamic_cast () from /usr/lib/x86_64-linux-gnu/libstdc++.so.6
#3  0x00007ffff7f333fb in std::ctype<char> const& std::use_facet<std::ctype<char> >(std::locale const&) () from /usr/lib/x86_64-linux-gnu/libstdc++.so.6
#4  0x0000555555557da3 in std::operator<< <char, std::char_traits<char>, 16ul> (__os=..., __x=std::bitset = {...}) at /usr/include/c++/8/bitset:1541
#5  0x0000555555557ae8 in InOrder (root=0x555555756eb0) at splay.cpp:253
#6  0x0000555555557abd in InOrder (root=0x55555570c310) at splay.cpp:252
#7  0x0000555555557abd in InOrder (root=0x5555557cee50) at splay.cpp:252
#8  0x0000555555557b0d in InOrder (root=0x5555557f8db0) at splay.cpp:254
#9  0x0000555555557abd in InOrder (root=0x555555795870) at splay.cpp:252
#10 0x0000555555557abd in InOrder (root=0x55555580ae10) at splay.cpp:252
#11 0x0000555555557abd in InOrder (root=0x555555817bb0) at splay.cpp:252
#12 0x0000555555557abd in InOrder (root=0x55555578d710) at splay.cpp:252
#13 0x0000555555557b0d in InOrder (root=0x555555698e90) at splay.cpp:254
#14 0x0000555555557abd in InOrder (root=0x555555762c50) at splay.cpp:252
#15 0x0000555555557b0d in InOrder (root=0x55555585fe50) at splay.cpp:254
#16 0x0000555555557b0d in InOrder (root=0x555555868b90) at splay.cpp:254
#17 0x0000555555557abd in InOrder (root=0x5555557fe830) at splay.cpp:252
#18 0x0000555555557abd in InOrder (root=0x555555877110) at splay.cpp:252
#19 0x0000555555557b0d in InOrder (root=0x55555562a0d0) at splay.cpp:254
#20 0x0000555555557b0d in InOrder (root=0x55555587adf0) at splay.cpp:254
#21 0x0000555555557abd in InOrder (root=0x55555587b010) at splay.cpp:252
#22 0x0000555555557abd in InOrder (root=0x5555555f6bd0) at splay.cpp:252
#23 0x0000555555557b0d in InOrder (root=0x55555587b110) at splay.cpp:254
#24 0x0000555555557b0d in InOrder (root=0x55555563e350) at splay.cpp:254
#25 0x0000555555557abd in InOrder (root=0x55555587b530) at splay.cpp:252
#26 0x0000555555557abd in InOrder (root=0x55555587c130) at splay.cpp:252
#27 0x0000555555557abd in InOrder (root=0x555555641630) at splay.cpp:252
#28 0x0000555555557b0d in InOrder (root=0x55555587bf10) at splay.cpp:254
#29 0x0000555555557abd in InOrder (root=0x5555557e6af0) at splay.cpp:252
#30 0x0000555555557abd in InOrder (root=0x5555555fd230) at splay.cpp:252
#31 0x0000555555557abd in InOrder (root=0x55555587b810) at splay.cpp:252
#32 0x0000555555557b0d in InOrder (root=0x55555587dc50) at splay.cpp:254
#33 0x0000555555557b0d in InOrder (root=0x555555696ef0) at splay.cpp:254
#34 0x0000555555557abd in InOrder (root=0x55555587dcd0) at splay.cpp:252
#35 0x00005555555564fe in main (argc=3, argv=0x7fffffffdfb8) at main.cpp:35

87	in ../sysdeps/x86_64/multiarch/strcmp-avx2.S

Backtrace END
Fliping a bit of the pointer
Memory content before bitflip:0x500xfe0x850x550x550x550x000x00
Fault Model: Random bit-flip
base address to flip value: 0x7fffffffd878
address max offset: 8
Memory content after  bitflip:0xd30x980xa10xc30x690x720xad0x3b
frame name: InOrder
symbol name: root
symbol filename: splay.cpp
symbol line: 248
value: 0x55555585fe50
value address: 0x7fffffffd878
Type: The type is a pointer.
Type sizeof: 8

[INFO -- 2018-12-01 03:16:06]
Fault Injection Successful after 0.6134428977966309s
[INFO -- 2018-12-01 03:16:06]
event type: exit
[INFO -- 2018-12-01 03:16:06]
exit code: 0
