[INFO -- 2018-12-03 22:20:39]
Starting flip_value script
version: 1.1
[INFO -- 2018-12-03 22:20:39]
Initialization strings:
[INFO -- 2018-12-03 22:20:39]
(1) file /tmp/Tree234/main
[INFO -- 2018-12-03 22:20:39]
(2) set args /tmp/Tree234/input_50000 /tmp/Tree234/output_50000 /tmp/Tree234/detectionLog_50000.log /tmp/Tree234/output2_50000
[INFO -- 2018-12-03 22:20:39]
initSignal:0
[INFO -- 2018-12-03 22:20:39]
endSignal:5
[INFO -- 2018-12-03 22:20:39]
faultModel:4
[INFO -- 2018-12-03 22:20:40]
Backtrace BEGIN:
#0  _int_free (av=0x7ffff761cb20 <main_arena>, p=0x618c90, have_lock=0) at malloc.c:3949
#1  0x00007ffff72dc53c in __GI___libc_free (mem=<optimized out>) at malloc.c:2968
#2  0x0000000000402e90 in std::basic_ostream<char, std::char_traits<char> >& std::operator<< <char, std::char_traits<char>, 16ul>(std::basic_ostream<char, std::char_traits<char> >&, std::bitset<16ul> const&) ()
#3  0x0000000000402563 in Arvore234::imprime(no*) ()
#4  0x00000000004025d0 in Arvore234::imprime(no*) ()
#5  0x00000000004025d0 in Arvore234::imprime(no*) ()
#6  0x00000000004025d0 in Arvore234::imprime(no*) ()
#7  0x00000000004025d0 in Arvore234::imprime(no*) ()
#8  0x00000000004025d0 in Arvore234::imprime(no*) ()
#9  0x00000000004025d0 in Arvore234::imprime(no*) ()
#10 0x00000000004025d0 in Arvore234::imprime(no*) ()
#11 0x00000000004025d0 in Arvore234::imprime(no*) ()
#12 0x00000000004025d0 in Arvore234::imprime(no*) ()
#13 0x00000000004025d0 in Arvore234::imprime(no*) ()
#14 0x0000000000402610 in Arvore234::imprime() ()
#15 0x0000000000402adc in main ()

3944	in malloc.c

Backtrace END
Fliping a bit of the pointer
Memory content before bitflip:0x000x000x000x000x000x000x000x00
Fault Model: LSB bit-flip
base address to flip value: 0x7ffff761e7d0 
address max offset: 8
Memory content after  bitflip:0x000x000x000x000x000x000x000x20
frame name: __GI___libc_free
symbol name: aligned_heap_area
symbol filename: arena.c
symbol line: 396
value: 0x0
value address: 0x7ffff761e7d0 <aligned_heap_area>
Type: The type is a pointer.
Type sizeof: 8

[INFO -- 2018-12-03 22:20:40]
Fault Injection Successful after 1.6054821014404297s
[INFO -- 2018-12-03 22:20:41]
event type: exit
[INFO -- 2018-12-03 22:20:41]
exit code: 0
