[INFO -- 2018-11-25 23:39:53]
Starting flip_value script
version: 1.1
[INFO -- 2018-11-25 23:39:53]
Initialization strings:
[INFO -- 2018-11-25 23:39:54]
(1) file /tmp/BTree-dup/main
[INFO -- 2018-11-25 23:39:54]
(2)  set args /tmp/BTree-dup/input_100000 /tmp/BTree-dup/output_100000 /tmp/BTree-dup-detection.log /tmp/BTree-dup/output2_100000
[INFO -- 2018-11-25 23:39:54]
initSignal:0
[INFO -- 2018-11-25 23:39:54]
endSignal:2
[INFO -- 2018-11-25 23:39:54]
faultModel:0
[INFO -- 2018-11-25 23:39:55]
Backtrace BEGIN:
#0  0x00005555555576bb in std::bitset<16ul>::_M_copy_to_string<char, std::char_traits<char>, std::allocator<char> > (this=0x7fffffffdac0, __s="1010000001110010", __zero=48 '0', __one=49 '1') at /usr/include/c++/7/bitset:1411
#1  0x00005555555573d7 in std::operator<< <char, std::char_traits<char>, 16ul> (__os=..., __x=std::bitset = {...}) at /usr/include/c++/7/bitset:1538
#2  0x0000555555556912 in BTreeNode::traverse (this=0x5555558ff3d0) at BTree_dup.cpp:594
#3  0x00005555555568d7 in BTreeNode::traverse (this=0x555555b1ab60) at BTree_dup.cpp:593
#4  0x00005555555568d7 in BTreeNode::traverse (this=0x5555558b27e0) at BTree_dup.cpp:593
#5  0x00005555555568d7 in BTreeNode::traverse (this=0x555555baae30) at BTree_dup.cpp:593
#6  0x000055555555695f in BTreeNode::traverse (this=0x5555559bee00) at BTree_dup.cpp:599
#7  0x000055555555695f in BTreeNode::traverse (this=0x5555559bf160) at BTree_dup.cpp:599
#8  0x000055555555695f in BTreeNode::traverse (this=0x5555557a21a0) at BTree_dup.cpp:599
#9  0x00005555555568d7 in BTreeNode::traverse (this=0x555555815c40) at BTree_dup.cpp:593
#10 0x00005555555568d7 in BTreeNode::traverse (this=0x555555a2ab30) at BTree_dup.cpp:593
#11 0x00005555555572bb in BTree::traverse (this=0x7fffffffdd40) at BTree_dup.cpp:139
#12 0x0000555555556fbd in main (argc=5, argv=0x7fffffffde68) at BTree_dup.cpp:718

1406	      {
1407		__s.assign(_Nb, __zero);
1408		for (size_t __i = _Nb; __i > 0; --__i)
1409		  if (_Unchecked_test(__i - 1))
1410		    _Traits::assign(__s[_Nb - __i], __one);
1411	      }
1412	
1413	  // 23.3.5.3 bitset operations:
1414	  //@{
1415	  /**

Backtrace END
Memory content before bitflip:0x31
Fault Model: Single bit-flip
base address to flip value: 0x7fffffffd9f8 
address max offset: 1
Memory content after  bitflip:0x21
frame name: std::bitset<16ul>::_M_copy_to_string<char, std::char_traits<char>, std::allocator<char> >
symbol name: __one
symbol filename: /usr/include/c++/7/bitset
symbol line: 1405
value: 33 '!'
value address: 0x7fffffffd9f8 "!\332\377\377\060\177"
Type: The type is an integer type.
Type sizeof: 1

[INFO -- 2018-11-25 23:39:55]
Fault Injection Successful after 1.7513408660888672s
[INFO -- 2018-11-25 23:39:56]
event type: exit
[INFO -- 2018-11-25 23:39:56]
exit code: 0
