[INFO -- 2018-11-26 00:06:22]
Starting flip_value script
version: 1.1
[INFO -- 2018-11-26 00:06:22]
Initialization strings:
[INFO -- 2018-11-26 00:06:22]
(1) file /tmp/BTree-dup/main
[INFO -- 2018-11-26 00:06:22]
(2)  set args /tmp/BTree-dup/input_100000 /tmp/BTree-dup/output_100000 /tmp/BTree-dup-detection.log /tmp/BTree-dup/output2_100000
[INFO -- 2018-11-26 00:06:22]
initSignal:0
[INFO -- 2018-11-26 00:06:22]
endSignal:2
[INFO -- 2018-11-26 00:06:22]
faultModel:0
[EXCEPTION -- 2018-11-26 00:06:23]
pythonException: empty range for randrange() (0,0, 0)
[INFO -- 2018-11-26 00:06:24]
Backtrace BEGIN:
#0  0x0000555555557f2b in __gnu_cxx::new_allocator<int>::construct<int, int const&> (this=0x7fffffffdaa0, __p=0x7ffff7fd840c, __args#0=@0x7fffffffd968: 4354938) at /usr/include/c++/7/ext/new_allocator.h:136
#1  0x0000555555557c3c in std::allocator_traits<std::allocator<int> >::construct<int, int const&> (__a=..., __p=0x7ffff7fd840c, __args#0=@0x7fffffffd968: 4354938) at /usr/include/c++/7/bits/alloc_traits.h:475
#2  0x0000555555557b24 in std::vector<int, std::allocator<int> >::emplace_back<int const&> (this=0x7fffffffdaa0, __args#0=@0x7fffffffd968: 4354938) at /usr/include/c++/7/bits/vector.tcc:100
#3  0x00005555555579e7 in std::vector<int, std::allocator<int> >::_M_range_initialize<std::istream_iterator<int, char, std::char_traits<char>, long> > (this=0x7fffffffdaa0, __first=..., __last=...) at /usr/include/c++/7/bits/stl_vector.h:1310
#4  0x0000555555557882 in std::vector<int, std::allocator<int> >::_M_initialize_dispatch<std::istream_iterator<int, char, std::char_traits<char>, long> > (this=0x7fffffffdaa0, __first=..., __last=...) at /usr/include/c++/7/bits/stl_vector.h:1299
#5  0x0000555555557569 in std::vector<int, std::allocator<int> >::vector<std::istream_iterator<int, char, std::char_traits<char>, long>, void> (this=0x7fffffffdaa0, __first=..., __last=..., __a=...) at /usr/include/c++/7/bits/stl_vector.h:414
#6  0x0000555555556bbc in runner (input=0x7fffffffe22a "/tmp/BTree-dup/input_100000") at BTree_dup.cpp:660
#7  0x0000555555556f51 in main (argc=5, argv=0x7fffffffde68) at BTree_dup.cpp:711

131	
132	#if __cplusplus >= 201103L
133	      template<typename _Up, typename... _Args>
134		void
135		construct(_Up* __p, _Args&&... __args)
136		{ ::new((void *)__p) _Up(std::forward<_Args>(__args)...); }
137	
138	      template<typename _Up>
139		void
140		destroy(_Up* __p) { __p->~_Up(); }

Backtrace END
Memory content before bitflip:0x400xdd0xff0xff0xff0x7f0x000x00
Fault Model: Single bit-flip
base address to flip value: 0x7fffffffdd30
address max offset: 8
Memory content after  bitflip:0x440xdd0xff0xff0xff0x7f0x000x00
frame name: main
symbol name: stop_time
symbol filename: BTree_dup.cpp
symbol line: 698
value: 140737488346436
value address: 0x7fffffffdd30
Type: The type is an integer type.
Type sizeof: 8

[INFO -- 2018-11-26 00:06:24]
Fault Injection Successful after 2.4455275535583496s
[INFO -- 2018-11-26 00:06:25]
event type: exit
[INFO -- 2018-11-26 00:06:25]
exit code: 0
