[INFO -- 2018-10-12 08:39:48]
Starting flip_value script
version: 1.1
[INFO -- 2018-10-12 08:39:48]
Initialization strings:
[INFO -- 2018-10-12 08:39:49]
(1) file /tmp/BTree/main
[INFO -- 2018-10-12 08:39:49]
(2)  set args /tmp/BTree/input_100000 /tmp/BTree/output_100000
[INFO -- 2018-10-12 08:39:49]
initSignal:0
[INFO -- 2018-10-12 08:39:49]
endSignal:2
[INFO -- 2018-10-12 08:39:49]
faultModel:2
[EXCEPTION -- 2018-10-12 08:39:49]
pythonException: Unable to exit loop in struct fields; Exiting wihtout making a bit flip
[INFO -- 2018-10-12 08:39:49]
Backtrace BEGIN:
#0  0x00005555555568cd in std::operator<< <char, std::char_traits<char>, 16ul> (__os=..., __x=std::bitset) at /usr/include/c++/7/bitset:1537
#1  0x00005555555563b2 in BTreeNode::traverse (this=0x555555789db0) at BTree.cpp:592
#2  0x0000555555556377 in BTreeNode::traverse (this=0x55555578a080) at BTree.cpp:591
#3  0x0000555555556377 in BTreeNode::traverse (this=0x55555578a860) at BTree.cpp:591
#4  0x00005555555563ff in BTreeNode::traverse (this=0x55555578a980) at BTree.cpp:597
#5  0x0000555555556377 in BTreeNode::traverse (this=0x555555793590) at BTree.cpp:591
#6  0x00005555555563ff in BTreeNode::traverse (this=0x555555786330) at BTree.cpp:597
#7  0x0000555555556377 in BTreeNode::traverse (this=0x5555557bab90) at BTree.cpp:591
#8  0x0000555555556377 in BTreeNode::traverse (this=0x5555558584b0) at BTree.cpp:591
#9  0x0000555555556851 in BTree::traverse (this=0x7fffffffddc0) at BTree.cpp:137
#10 0x0000555555556630 in main (argc=3, argv=0x7fffffffded8) at BTree.cpp:668

1532	    {
1533	      std::basic_string<_CharT, _Traits> __tmp;
1534	
1535	      // _GLIBCXX_RESOLVE_LIB_DEFECTS
1536	      // 396. what are characters zero and one.
1537	      const ctype<_CharT>& __ct = use_facet<ctype<_CharT> >(__os.getloc());
1538	      __x._M_copy_to_string(__tmp, __ct.widen('0'), __ct.widen('1'));
1539	      return __os << __tmp;
1540	    }
1541	  //@}

Backtrace END
Fliping a bit of the value pointed by a reference
Fliping value of field: std::_Base_bitset<1>
Fliping value of field: _M_w
Memory content before bitflip:0x000x000x000x000x000x000x000x00
Fault Model: Random bit-flip
base address to flip value: 0x7fffffffdba0
address max offset: 8
Memory content after  bitflip:0x0e0xec0x050xcb0xc30xb20xe20x4b
frame name: std::operator<< <char, std::char_traits<char>, 16ul>
symbol name: __x
symbol filename: /usr/include/c++/7/bitset
symbol line: 1531
value: std::bitset = {[1] = 1, [2] = 1, [3] = 1, [10] = 1, [11] = 1, [13] = 1, [14] = 1, [15] = 1, [16] = 1, [18] = 1, [24] = 1, [25] = 1, [27] = 1, [30] = 1, [31] = 1, [32] = 1, [33] = 1, [38] = 1, [39] = 1, [41] = 1, [44] = 1, [45] = 1, [47] = 1, [49] = 1, [53] = 1, [54] = 1, [55] = 1, [56] = 1, [57] = 1, [59] = 1, [62] = 1}
value address: 0x7fffffffdba0
Type: A reference type.
Type sizeof: 8

[INFO -- 2018-10-12 08:39:49]
Fault Injection Successful after 0.8493673801422119s
[INFO -- 2018-10-12 08:39:49]
event type: exit
[INFO -- 2018-10-12 08:39:49]
exit code: 0
