[INFO -- 2018-11-30 20:35:43]
Starting flip_value script
version: 1.1
[INFO -- 2018-11-30 20:35:43]
Initialization strings:
[INFO -- 2018-11-30 20:35:43]
(1) file /tmp/splay/main
[INFO -- 2018-11-30 20:35:43]
(2) set args /tmp/splay/input_100000 /tmp/splay/output_100000
[INFO -- 2018-11-30 20:35:43]
initSignal:0
[INFO -- 2018-11-30 20:35:43]
endSignal:5
[INFO -- 2018-11-30 20:35:43]
faultModel:0
[EXCEPTION -- 2018-11-30 20:35:44]
gdbException: Attempt to dereference a generic pointer.
[INFO -- 2018-11-30 20:35:44]
event type: exit
[INFO -- 2018-11-30 20:35:44]
exit code: 0
