[INFO -- 2018-12-01 05:19:10]
Starting flip_value script
version: 1.1
[INFO -- 2018-12-01 05:19:10]
Initialization strings:
[INFO -- 2018-12-01 05:19:10]
(1) file /tmp/splay/main
[INFO -- 2018-12-01 05:19:10]
(2) set args /tmp/splay/input_100000 /tmp/splay/output_100000
[INFO -- 2018-12-01 05:19:10]
initSignal:0
[INFO -- 2018-12-01 05:19:10]
endSignal:5
[INFO -- 2018-12-01 05:19:10]
faultModel:0
[EXCEPTION -- 2018-12-01 05:19:11]
pythonException: Unable to exit loop in struct fields; Exiting wihtout making a bit flip
[EXCEPTION -- 2018-12-01 05:19:11]
pythonException: Unable to exit loop in struct fields; Exiting wihtout making a bit flip
[INFO -- 2018-12-01 05:19:11]
event type: exit
[INFO -- 2018-12-01 05:19:11]
exit code: 0
