[INFO -- 2018-12-01 06:49:30]
Starting flip_value script
version: 1.1
[INFO -- 2018-12-01 06:49:30]
Initialization strings:
[INFO -- 2018-12-01 06:49:30]
(1) file /tmp/splay/main
[INFO -- 2018-12-01 06:49:30]
(2) set args /tmp/splay/input_100000 /tmp/splay/output_100000
[INFO -- 2018-12-01 06:49:30]
initSignal:0
[INFO -- 2018-12-01 06:49:30]
endSignal:5
[INFO -- 2018-12-01 06:49:30]
faultModel:1
[EXCEPTION -- 2018-12-01 06:49:31]
pythonException: Unable to exit loop in struct fields; Exiting wihtout making a bit flip
[INFO -- 2018-12-01 06:49:31]
Backtrace BEGIN:
#0  0x00007ffff7ed3223 in std::locale::locale(std::locale const&) () from /usr/lib/x86_64-linux-gnu/libstdc++.so.6
#1  0x0000555555557bc8 in std::ios_base::getloc (this=0x55555555b048 <std::cout@@GLIBCXX_3.4+8>) at /usr/include/c++/8/bits/ios_base.h:766
#2  0x0000555555557d97 in std::operator<< <char, std::char_traits<char>, 16ul> (__os=..., __x=std::bitset = {...}) at /usr/include/c++/8/bitset:1541
#3  0x0000555555557ae8 in InOrder (root=0x555555781b70) at splay.cpp:253
#4  0x0000555555557b0d in InOrder (root=0x555555602df0) at splay.cpp:254
#5  0x0000555555557abd in InOrder (root=0x5555557e0e30) at splay.cpp:252
#6  0x0000555555557abd in InOrder (root=0x555555825250) at splay.cpp:252
#7  0x0000555555557b0d in InOrder (root=0x555555844ef0) at splay.cpp:254
#8  0x0000555555557b0d in InOrder (root=0x555555623b90) at splay.cpp:254
#9  0x0000555555557b0d in InOrder (root=0x5555558411b0) at splay.cpp:254
#10 0x0000555555557abd in InOrder (root=0x5555557bef90) at splay.cpp:252
#11 0x0000555555557abd in InOrder (root=0x555555863150) at splay.cpp:252
#12 0x0000555555557abd in InOrder (root=0x5555558711b0) at splay.cpp:252
#13 0x0000555555557abd in InOrder (root=0x5555558525f0) at splay.cpp:252
#14 0x0000555555557b0d in InOrder (root=0x555555877630) at splay.cpp:254
#15 0x0000555555557b0d in InOrder (root=0x555555692010) at splay.cpp:254
#16 0x0000555555557b0d in InOrder (root=0x5555558797f0) at splay.cpp:254
#17 0x0000555555557b0d in InOrder (root=0x5555555f3ed0) at splay.cpp:254
#18 0x0000555555557abd in InOrder (root=0x5555557fcf50) at splay.cpp:252
#19 0x0000555555557b0d in InOrder (root=0x55555587a310) at splay.cpp:254
#20 0x0000555555557b0d in InOrder (root=0x555555879c50) at splay.cpp:254
#21 0x0000555555557abd in InOrder (root=0x55555579ee70) at splay.cpp:252
#22 0x0000555555557b0d in InOrder (root=0x55555561dad0) at splay.cpp:254
#23 0x0000555555557abd in InOrder (root=0x55555587af50) at splay.cpp:252
#24 0x0000555555557b0d in InOrder (root=0x55555587c090) at splay.cpp:254
#25 0x0000555555557abd in InOrder (root=0x55555587d0f0) at splay.cpp:252
#26 0x0000555555557b0d in InOrder (root=0x55555587d450) at splay.cpp:254
#27 0x0000555555557abd in InOrder (root=0x55555567e570) at splay.cpp:252
#28 0x0000555555557abd in InOrder (root=0x55555587d2f0) at splay.cpp:252
#29 0x0000555555557b0d in InOrder (root=0x55555571f9f0) at splay.cpp:254
#30 0x0000555555557b0d in InOrder (root=0x55555570b550) at splay.cpp:254
#31 0x0000555555557abd in InOrder (root=0x555555774070) at splay.cpp:252
#32 0x0000555555557abd in InOrder (root=0x55555587da50) at splay.cpp:252
#33 0x0000555555557abd in InOrder (root=0x5555555d7910) at splay.cpp:252
#34 0x0000555555557b0d in InOrder (root=0x55555587d8d0) at splay.cpp:254
#35 0x0000555555557b0d in InOrder (root=0x5555557cfed0) at splay.cpp:254
#36 0x0000555555557b0d in InOrder (root=0x555555774190) at splay.cpp:254
#37 0x0000555555557b0d in InOrder (root=0x555555774870) at splay.cpp:254
#38 0x0000555555557abd in InOrder (root=0x55555587dcb0) at splay.cpp:252
#39 0x0000555555557b0d in InOrder (root=0x555555693810) at splay.cpp:254
#40 0x0000555555557b0d in InOrder (root=0x555555634c10) at splay.cpp:254
#41 0x0000555555557b0d in InOrder (root=0x55555587dcd0) at splay.cpp:254
#42 0x00005555555564fe in main (argc=3, argv=0x7fffffffdfb8) at main.cpp:35

11	
12	using namespace std;
13	
14	int main(int argc, char* argv[])
15	{
16	    if (argc != 3){
17	        cerr << "Uso correto: ./main [input file] [output file] " << endl;
18	        return 0;
19	    }
20	

Backtrace END
Fliping a bit of the pointer
Memory content before bitflip:0xf00x4e0x840x550x550x550x000x00
Fault Model: Double bit-flip
base address to flip value: 0x7fffffffd5a8
address max offset: 8
Memory content after  bitflip:0xf00x4e0x840x550x550x550x000x18
frame name: InOrder
symbol name: root
symbol filename: splay.cpp
symbol line: 248
value: 0x555555844ef0
value address: 0x7fffffffd5a8
Type: The type is a pointer.
Type sizeof: 8

[INFO -- 2018-12-01 06:49:31]
Fault Injection Successful after 1.5988013744354248s
[INFO -- 2018-12-01 06:49:31]
event type: exit
[INFO -- 2018-12-01 06:49:31]
exit code: 0
