[INFO -- 2018-10-12 02:38:21]
Starting flip_value script
version: 1.1
[INFO -- 2018-10-12 02:38:21]
Initialization strings:
[INFO -- 2018-10-12 02:38:21]
(1) file /tmp/BTree/main
[INFO -- 2018-10-12 02:38:21]
(2)  set args /tmp/BTree/input_100000 /tmp/BTree/output_100000
[INFO -- 2018-10-12 02:38:21]
initSignal:0
[INFO -- 2018-10-12 02:38:21]
endSignal:2
[INFO -- 2018-10-12 02:38:21]
faultModel:1
[EXCEPTION -- 2018-10-12 02:38:22]
pythonException: Unable to exit loop in struct fields; Exiting wihtout making a bit flip
[EXCEPTION -- 2018-10-12 02:38:23]
pythonException: empty range for randrange() (0,0, 0)
[INFO -- 2018-10-12 02:38:23]
event type: exit
[INFO -- 2018-10-12 02:38:23]
exit code: 0
