[INFO -- 2018-11-30 23:25:46]
Starting flip_value script
version: 1.1
[INFO -- 2018-11-30 23:25:46]
Initialization strings:
[INFO -- 2018-11-30 23:25:46]
(1) file /tmp/splay/main
[INFO -- 2018-11-30 23:25:46]
(2) set args /tmp/splay/input_100000 /tmp/splay/output_100000
[INFO -- 2018-11-30 23:25:46]
initSignal:0
[INFO -- 2018-11-30 23:25:46]
endSignal:5
[INFO -- 2018-11-30 23:25:46]
faultModel:0
[INFO -- 2018-11-30 23:25:47]
Backtrace BEGIN:
#0  0x00007ffff7d34fd4 in __GI___libc_write (fd=1, buf=0x55555587dcf0, nbytes=17) at ../sysdeps/unix/sysv/linux/write.c:26
#1  0x00007ffff7cb633d in _IO_new_file_write (f=0x7ffff7e10760 <_IO_2_1_stdout_>, data=0x55555587dcf0, n=17) at fileops.c:1183
#2  0x00007ffff7cb7a71 in new_do_write (to_do=17, data=0x55555587dcf0 "1110111111110000\n", fp=0x7ffff7e10760 <_IO_2_1_stdout_>) at libioP.h:839
#3  _IO_new_do_write (fp=0x7ffff7e10760 <_IO_2_1_stdout_>, data=0x55555587dcf0 "1110111111110000\n", to_do=17) at fileops.c:433
#4  0x00007ffff7cb56f8 in _IO_new_file_sync (fp=0x7ffff7e10760 <_IO_2_1_stdout_>) at fileops.c:819
#5  0x00007ffff7caa32d in __GI__IO_fflush (fp=0x7ffff7e10760 <_IO_2_1_stdout_>) at libioP.h:839
#6  0x00007ffff7f4201e in std::ostream::flush() () from /usr/lib/x86_64-linux-gnu/libstdc++.so.6
#7  0x0000555555557afd in InOrder (root=0x55555571fcd0) at splay.cpp:253
#8  0x0000555555557b0d in InOrder (root=0x555555672f50) at splay.cpp:254
#9  0x0000555555557abd in InOrder (root=0x5555557207d0) at splay.cpp:252
#10 0x0000555555557b0d in InOrder (root=0x5555557d3c90) at splay.cpp:254
#11 0x0000555555557b0d in InOrder (root=0x55555558a3d0) at splay.cpp:254
#12 0x0000555555557abd in InOrder (root=0x5555556bd670) at splay.cpp:252
#13 0x0000555555557abd in InOrder (root=0x555555815e30) at splay.cpp:252
#14 0x0000555555557b0d in InOrder (root=0x555555672390) at splay.cpp:254
#15 0x0000555555557b0d in InOrder (root=0x55555582eab0) at splay.cpp:254
#16 0x0000555555557abd in InOrder (root=0x555555856450) at splay.cpp:252
#17 0x0000555555557b0d in InOrder (root=0x555555839510) at splay.cpp:254
#18 0x0000555555557abd in InOrder (root=0x555555615bf0) at splay.cpp:252
#19 0x0000555555557abd in InOrder (root=0x555555870650) at splay.cpp:252
#20 0x0000555555557abd in InOrder (root=0x5555556a24d0) at splay.cpp:252
#21 0x0000555555557abd in InOrder (root=0x55555586fb50) at splay.cpp:252
#22 0x0000555555557abd in InOrder (root=0x555555744fb0) at splay.cpp:252
#23 0x0000555555557b0d in InOrder (root=0x555555629110) at splay.cpp:254
#24 0x0000555555557abd in InOrder (root=0x555555876230) at splay.cpp:252
#25 0x0000555555557abd in InOrder (root=0x55555586cb30) at splay.cpp:252
#26 0x0000555555557b0d in InOrder (root=0x55555587c5f0) at splay.cpp:254
#27 0x0000555555557b0d in InOrder (root=0x55555587c7f0) at splay.cpp:254
#28 0x0000555555557b0d in InOrder (root=0x55555564ccd0) at splay.cpp:254
#29 0x0000555555557b0d in InOrder (root=0x55555587d990) at splay.cpp:254
#30 0x0000555555557abd in InOrder (root=0x55555587da70) at splay.cpp:252
#31 0x0000555555557abd in InOrder (root=0x5555555eff30) at splay.cpp:252
#32 0x0000555555557abd in InOrder (root=0x555555602730) at splay.cpp:252
#33 0x0000555555557abd in InOrder (root=0x55555587daf0) at splay.cpp:252
#34 0x0000555555557abd in InOrder (root=0x55555587db70) at splay.cpp:252
#35 0x0000555555557abd in InOrder (root=0x555555602350) at splay.cpp:252
#36 0x0000555555557abd in InOrder (root=0x55555574fdf0) at splay.cpp:252
#37 0x0000555555557abd in InOrder (root=0x555555683210) at splay.cpp:252
#38 0x0000555555557abd in InOrder (root=0x55555587dc90) at splay.cpp:252
#39 0x0000555555557abd in InOrder (root=0x555555696ef0) at splay.cpp:252
#40 0x0000555555557abd in InOrder (root=0x55555587dcd0) at splay.cpp:252
#41 0x00005555555564fe in main (argc=3, argv=0x7fffffffdfb8) at main.cpp:35

21	in ../sysdeps/unix/sysv/linux/write.c

Backtrace END
Fliping value of field: __dummy
Memory content before bitflip:0x000x000x000x000x000x000x000x00
Fault Model: Single bit-flip
base address to flip value: 0x7ffff7e0c1e0 
address max offset: 8
Memory content after  bitflip:0x000x000x000x000x400x000x000x00
frame name: _IO_new_do_write
symbol name: _IO_file_jumps_mmap
symbol filename: fileops.c
symbol line: 1465
value: {__dummy = 274877906944, __dummy2 = 0, __finish = 0x7ffff7cb6e30 <_IO_new_file_finish>, __overflow = 0x7ffff7cb7e00 <_IO_new_file_overflow>, __underflow = 0x7ffff7cb6840 <_IO_file_underflow_mmap>, __uflow = 0x7ffff7cb8f60 <__GI__IO_default_uflow>, __pbackfail = 0x7ffff7cba5c0 <__GI__IO_default_pbackfail>, __xsputn = 0x7ffff7cb68f0 <_IO_new_file_xsputn>, __xsgetn = 0x7ffff7cb63b0 <_IO_file_xsgetn_mmap>, __seekoff = 0x7ffff7cb6700 <_IO_file_seekoff_mmap>, __seekpos = 0x7ffff7cb9610 <_IO_default_seekpos>, __setbuf = 0x7ffff7cb5770 <_IO_file_setbuf_mmap>, __sync = 0x7ffff7cb5a70 <_IO_file_sync_mmap>, __doallocate = 0x7ffff7ca9c10 <__GI__IO_file_doallocate>, __read = 0x7ffff7cb68d0 <__GI__IO_file_read>, __write = 0x7ffff7cb6310 <_IO_new_file_write>, __seek = 0x7ffff7cb5a60 <__GI__IO_file_seek>, __close = 0x7ffff7cb57d0 <_IO_file_close_mmap>, __stat = 0x7ffff7cb6300 <__GI__IO_file_stat>, __showmanyc = 0x7ffff7cba740 <_IO_default_showmanyc>, __imbue = 0x7ffff7cba750 <_IO_default_imbue>}
value address: 0x7ffff7e0c1e0 <_IO_file_jumps_mmap>
Type: The type is a structure.
Type sizeof: 168
Field name: __dummy
Field Type: The type is an integer type.
Field Type sizeof: 8
Field name: __dummy2
Field Type: The type is an integer type.
Field Type sizeof: 8
Field name: __finish
Field Type: The type is a pointer.
Field Type sizeof: 8
Field name: __overflow
Field Type: The type is a pointer.
Field Type sizeof: 8
Field name: __underflow
Field Type: The type is a pointer.
Field Type sizeof: 8
Field name: __uflow
Field Type: The type is a pointer.
Field Type sizeof: 8
Field name: __pbackfail
Field Type: The type is a pointer.
Field Type sizeof: 8
Field name: __xsputn
Field Type: The type is a pointer.
Field Type sizeof: 8
Field name: __xsgetn
Field Type: The type is a pointer.
Field Type sizeof: 8
Field name: __seekoff
Field Type: The type is a pointer.
Field Type sizeof: 8
Field name: __seekpos
Field Type: The type is a pointer.
Field Type sizeof: 8
Field name: __setbuf
Field Type: The type is a pointer.
Field Type sizeof: 8
Field name: __sync
Field Type: The type is a pointer.
Field Type sizeof: 8
Field name: __doallocate
Field Type: The type is a pointer.
Field Type sizeof: 8
Field name: __read
Field Type: The type is a pointer.
Field Type sizeof: 8
Field name: __write
Field Type: The type is a pointer.
Field Type sizeof: 8
Field name: __seek
Field Type: The type is a pointer.
Field Type sizeof: 8
Field name: __close
Field Type: The type is a pointer.
Field Type sizeof: 8
Field name: __stat
Field Type: The type is a pointer.
Field Type sizeof: 8
Field name: __showmanyc
Field Type: The type is a pointer.
Field Type sizeof: 8
Field name: __imbue
Field Type: The type is a pointer.
Field Type sizeof: 8

[INFO -- 2018-11-30 23:25:47]
Fault Injection Successful after 1.085207462310791s
[INFO -- 2018-11-30 23:25:47]
event type: exit
[INFO -- 2018-11-30 23:25:47]
exit code: 0
