[INFO -- 2018-10-16 20:11:17]
Starting flip_value script
version: 1.1
[INFO -- 2018-10-16 20:11:17]
Initialization strings:
[INFO -- 2018-10-16 20:11:17]
(1) file /tmp/RBTree/main
[INFO -- 2018-10-16 20:11:17]
(2) set args  /tmp/RBTree/input_ /tmp/RBTree/output_
[INFO -- 2018-10-16 20:11:17]
initSignal:0
[INFO -- 2018-10-16 20:11:17]
endSignal:2
[INFO -- 2018-10-16 20:11:17]
faultModel:4
[EXCEPTION -- 2018-10-16 20:11:17]
gdbException: Tentativo de desreferenciar um ponteiro genérico.
[INFO -- 2018-10-16 20:11:17]
event type: exit
[INFO -- 2018-10-16 20:11:17]
exit code: 0
