[INFO -- 2018-11-30 20:01:45]
sending 5 signals using command: 'killall -2 main' after 2.93995523478s
[INFO -- 2018-11-30 20:01:45]
sending 5 signals using command: 'killall -2 main' after 3.12898566026s
[INFO -- 2018-11-30 20:01:45]
sending 5 signals using command: 'killall -2 main' after 3.20677751846s
[INFO -- 2018-11-30 20:01:45]
Starting GDB script
[INFO -- 2018-11-30 20:01:45]
initSignal:0.0
[INFO -- 2018-11-30 20:01:45]
endSignal:5.0
[INFO -- 2018-11-30 20:01:45]
sending 5 signals using command: 'killall -2 main' after 0.149444632722s
[INFO -- 2018-11-30 20:01:45]
sending 5 signals using command: 'killall -2 main' after 0.369345562846s
[INFO -- 2018-11-30 20:01:45]
sending 5 signals using command: 'killall -2 main' after 0.500718236899s
[INFO -- 2018-11-30 20:01:46]
Execution finished before waitTime
