[INFO -- 2018-10-11 23:18:03]
Starting flip_value script
version: 1.1
[INFO -- 2018-10-11 23:18:03]
Initialization strings:
[INFO -- 2018-10-11 23:18:03]
(1) file /tmp/BTree/main
[INFO -- 2018-10-11 23:18:03]
(2)  set args /tmp/BTree/input_100000 /tmp/BTree/output_100000
[INFO -- 2018-10-11 23:18:03]
initSignal:0
[INFO -- 2018-10-11 23:18:03]
endSignal:2
[INFO -- 2018-10-11 23:18:03]
faultModel:3
[INFO -- 2018-10-11 23:18:04]
Backtrace BEGIN:
#0  __GI___libc_malloc (bytes=48) at malloc.c:3057
#1  0x00007ffff7adf1a8 in operator new(unsigned long) () from /usr/lib/x86_64-linux-gnu/libstdc++.so.6
#2  0x000055555555536a in BTreeNode::BTreeNode (this=0x555555acdd60, t1=3, leaf1=true) at BTree.cpp:163
#3  0x000055555555611b in BTreeNode::splitChild (this=0x5555558af210, i=1, y=0x555555a66050) at BTree.cpp:543
#4  0x000055555555608d in BTreeNode::insertNonFull (this=0x5555558af210, k=2246795) at BTree.cpp:525
#5  0x00005555555560d9 in BTreeNode::insertNonFull (this=0x5555559bc9a0, k=2246795) at BTree.cpp:533
#6  0x00005555555560d9 in BTreeNode::insertNonFull (this=0x555555896730, k=2246795) at BTree.cpp:533
#7  0x00005555555560d9 in BTreeNode::insertNonFull (this=0x555555830250, k=2246795) at BTree.cpp:533
#8  0x00005555555560d9 in BTreeNode::insertNonFull (this=0x5555558ee8d0, k=2246795) at BTree.cpp:533
#9  0x00005555555560d9 in BTreeNode::insertNonFull (this=0x555555acc6e0, k=2246795) at BTree.cpp:533
#10 0x00005555555560d9 in BTreeNode::insertNonFull (this=0x555555812430, k=2246795) at BTree.cpp:533
#11 0x00005555555560d9 in BTreeNode::insertNonFull (this=0x555555a27320, k=2246795) at BTree.cpp:533
#12 0x0000555555555f18 in BTree::insert (this=0x7fffffffddc0, k=2246795) at BTree.cpp:487
#13 0x0000555555556601 in main (argc=3, argv=0x7fffffffded8) at BTree.cpp:665

3052	malloc.c: Arquivo ou diretório inexistente.

Backtrace END
Fliping a bit of the pointer
Memory content before bitflip:0x200x730xa20x550x550x550x000x00
Fault Model: Zero bit-flip
base address to flip value: 0x7fffffffdd38
address max offset: 8
Memory content after  bitflip:0x000x000x000x000x000x000x000x00
frame name: BTreeNode::insertNonFull
symbol name: this
symbol filename: BTree.cpp
symbol line: 0
value: 0x555555a27320
value address: 0x7fffffffdd38
Type: The type is a pointer.
Type sizeof: 8

[INFO -- 2018-10-11 23:18:04]
Fault Injection Successful after 1.1889231204986572s
[INFO -- 2018-10-11 23:18:04]
event type: exit
[INFO -- 2018-10-11 23:18:04]
exit code: 0
