[INFO -- 2018-10-12 01:18:37]
Starting flip_value script
version: 1.1
[INFO -- 2018-10-12 01:18:37]
Initialization strings:
[INFO -- 2018-10-12 01:18:37]
(1) file /tmp/BTree/main
[INFO -- 2018-10-12 01:18:37]
(2)  set args /tmp/BTree/input_100000 /tmp/BTree/output_100000
[INFO -- 2018-10-12 01:18:37]
initSignal:0
[INFO -- 2018-10-12 01:18:37]
endSignal:2
[INFO -- 2018-10-12 01:18:37]
faultModel:1
[INFO -- 2018-10-12 01:18:38]
Backtrace BEGIN:
#0  0x00005555555569fb in std::bitset<16ul>::_M_copy_to_string<char, std::char_traits<char>, std::allocator<char> > (this=0x7fffffffdb60, __s="1101101011100000", __zero=48 '0', __one=49 '1') at /usr/include/c++/7/bitset:1409
#1  0x0000555555556943 in std::operator<< <char, std::char_traits<char>, 16ul> (__os=..., __x=std::bitset = {...}) at /usr/include/c++/7/bitset:1538
#2  0x00005555555563b2 in BTreeNode::traverse (this=0x555555a022d0) at BTree.cpp:592
#3  0x0000555555556377 in BTreeNode::traverse (this=0x55555578c6c0) at BTree.cpp:591
#4  0x00005555555563ff in BTreeNode::traverse (this=0x555555aa8ec0) at BTree.cpp:597
#5  0x0000555555556377 in BTreeNode::traverse (this=0x5555559f02d0) at BTree.cpp:591
#6  0x0000555555556377 in BTreeNode::traverse (this=0x55555594e000) at BTree.cpp:591
#7  0x0000555555556377 in BTreeNode::traverse (this=0x55555594e360) at BTree.cpp:591
#8  0x0000555555556377 in BTreeNode::traverse (this=0x555555acc6e0) at BTree.cpp:591
#9  0x0000555555556377 in BTreeNode::traverse (this=0x555555812430) at BTree.cpp:591
#10 0x0000555555556377 in BTreeNode::traverse (this=0x555555a27320) at BTree.cpp:591
#11 0x0000555555556851 in BTree::traverse (this=0x7fffffffddc0) at BTree.cpp:137
#12 0x0000555555556630 in main (argc=3, argv=0x7fffffffded8) at BTree.cpp:668

1404	      _M_copy_to_string(std::basic_string<_CharT, _Traits, _Alloc>& __s,
1405				_CharT __zero, _CharT __one) const
1406	      {
1407		__s.assign(_Nb, __zero);
1408		for (size_t __i = _Nb; __i > 0; --__i)
1409		  if (_Unchecked_test(__i - 1))
1410		    _Traits::assign(__s[_Nb - __i], __one);
1411	      }
1412	
1413	  // 23.3.5.3 bitset operations:

Backtrace END
Fliping array at pos: 3
Memory content before bitflip:0x38
Fault Model: Double bit-flip
base address to flip value: 0x7fffffffdde1 
address max offset: 1
Memory content after  bitflip:0x2a
frame name: main
symbol name: line
symbol filename: BTree.cpp
symbol line: 659
value: "179*818\n\000"
value address: 0x7fffffffddde
Type: The type is an array.
Type sizeof: 10
Field name: None
Field Type: A range type, that is, an integer type with bounds.
Field Type sizeof: 8
Field Type range: (0, 9)

[INFO -- 2018-10-12 01:18:38]
Fault Injection Successful after 1.4858613014221191s
[INFO -- 2018-10-12 01:18:38]
event type: exit
[INFO -- 2018-10-12 01:18:38]
exit code: 0
