[INFO -- 2018-10-16 19:19:31]
Starting flip_value script
version: 1.1
[INFO -- 2018-10-16 19:19:31]
Initialization strings:
[INFO -- 2018-10-16 19:19:31]
(1) file /tmp/RBTree/main
[INFO -- 2018-10-16 19:19:31]
(2) set args  /tmp/RBTree/input_ /tmp/RBTree/output_
[INFO -- 2018-10-16 19:19:31]
initSignal:0
[INFO -- 2018-10-16 19:19:31]
endSignal:2
[INFO -- 2018-10-16 19:19:31]
faultModel:4
[INFO -- 2018-10-16 19:19:31]
Backtrace BEGIN:
#0  0x00007ffff7334154 in __GI___libc_write (fd=1, buf=0x5555559b9860, nbytes=21) at ../sysdeps/unix/sysv/linux/write.c:27
#1  0x00007ffff72af1bd in _IO_new_file_write (f=0x7ffff7610760 <_IO_2_1_stdout_>, data=0x5555559b9860, n=21) at fileops.c:1203
#2  0x00007ffff72b0f51 in new_do_write (to_do=21, data=0x5555559b9860 "0100110100000100 000\n", fp=0x7ffff7610760 <_IO_2_1_stdout_>) at fileops.c:457
#3  _IO_new_do_write (fp=0x7ffff7610760 <_IO_2_1_stdout_>, data=0x5555559b9860 "0100110100000100 000\n", to_do=21) at fileops.c:433
#4  0x00007ffff72ae788 in _IO_new_file_sync (fp=0x7ffff7610760 <_IO_2_1_stdout_>) at fileops.c:813
#5  0x00007ffff72a287d in __GI__IO_fflush (fp=0x7ffff7610760 <_IO_2_1_stdout_>) at iofflush.c:40
#6  0x00007ffff7b5ef5e in std::ostream::flush() () from /usr/lib/x86_64-linux-gnu/libstdc++.so.6
#7  0x00005555555577ea in RBTree::inorderBST (this=0x7fffffffdc00, ptr=@0x5555558f0448: 0x555555963c70) at RBTree.cpp:276
#8  0x000055555555776a in RBTree::inorderBST (this=0x7fffffffdc00, ptr=@0x555555913d28: 0x5555558f0440) at RBTree.cpp:271
#9  0x000055555555776a in RBTree::inorderBST (this=0x7fffffffdc00, ptr=@0x5555557e4728: 0x555555913d20) at RBTree.cpp:271
#10 0x000055555555776a in RBTree::inorderBST (this=0x7fffffffdc00, ptr=@0x555555817be0: 0x5555557e4720) at RBTree.cpp:271
#11 0x0000555555557804 in RBTree::inorderBST (this=0x7fffffffdc00, ptr=@0x5555557a2a90: 0x555555817bd0) at RBTree.cpp:279
#12 0x0000555555557804 in RBTree::inorderBST (this=0x7fffffffdc00, ptr=@0x55555578a2d8: 0x5555557a2a80) at RBTree.cpp:279
#13 0x000055555555776a in RBTree::inorderBST (this=0x7fffffffdc00, ptr=@0x555555785118: 0x55555578a2d0) at RBTree.cpp:271
#14 0x000055555555776a in RBTree::inorderBST (this=0x7fffffffdc00, ptr=@0x5555557756f8: 0x555555785110) at RBTree.cpp:271
#15 0x000055555555776a in RBTree::inorderBST (this=0x7fffffffdc00, ptr=@0x555555771b00: 0x5555557756f0) at RBTree.cpp:271
#16 0x0000555555557804 in RBTree::inorderBST (this=0x7fffffffdc00, ptr=@0x55555579e7c8: 0x555555771af0) at RBTree.cpp:279
#17 0x000055555555776a in RBTree::inorderBST (this=0x7fffffffdc00, ptr=@0x555555774dd0: 0x55555579e7c0) at RBTree.cpp:271
#18 0x0000555555557804 in RBTree::inorderBST (this=0x7fffffffdc00, ptr=@0x555555771228: 0x555555774dc0) at RBTree.cpp:279
#19 0x000055555555776a in RBTree::inorderBST (this=0x7fffffffdc00, ptr=@0x55555576f9c8: 0x555555771220) at RBTree.cpp:271
#20 0x000055555555776a in RBTree::inorderBST (this=0x7fffffffdc00, ptr=@0x55555576ffc8: 0x55555576f9c0) at RBTree.cpp:271
#21 0x000055555555776a in RBTree::inorderBST (this=0x7fffffffdc00, ptr=@0x55555576f100: 0x55555576ffc0) at RBTree.cpp:271
#22 0x0000555555557804 in RBTree::inorderBST (this=0x7fffffffdc00, ptr=@0x555555771a40: 0x55555576f0f0) at RBTree.cpp:279
#23 0x0000555555557804 in RBTree::inorderBST (this=0x7fffffffdc00, ptr=@0x55555576fa60: 0x555555771a30) at RBTree.cpp:279
#24 0x0000555555557804 in RBTree::inorderBST (this=0x7fffffffdc00, ptr=@0x7fffffffdc00: 0x55555576fa50) at RBTree.cpp:279
#25 0x0000555555557841 in RBTree::inorder (this=0x7fffffffdc00) at RBTree.cpp:283
#26 0x000055555555564c in main (argc=3, argv=0x7fffffffdf38) at main.cpp:58

22	../sysdeps/unix/sysv/linux/write.c: Arquivo ou diretório inexistente.

Backtrace END
Fliping a bit of the value pointed by a pointer
Fliping value of field: root
Fliping a bit of the pointer
Memory content before bitflip:0x500xfa0x760x550x550x550x000x00
Fault Model: LSB bit-flip
base address to flip value: 0x7fffffffdc00
address max offset: 8
Memory content after  bitflip:0x500xfa0x760x550x550x550x000x40
frame name: RBTree::inorderBST
symbol name: this
symbol filename: RBTree.cpp
symbol line: 0
value: 0x7fffffffdc00
value address: 0x7fffffffd8a8
Type: The type is a pointer.
Type sizeof: 8

[INFO -- 2018-10-16 19:19:31]
Fault Injection Successful after 0.41586780548095703s
[INFO -- 2018-10-16 19:19:31]
event type: exit
[INFO -- 2018-10-16 19:19:31]
exit code: 0
