[INFO -- 2018-12-01 05:35:27]
sending 5 signals using command: 'killall -2 main' after 1.93080965149s
[INFO -- 2018-12-01 05:35:28]
sending 5 signals using command: 'killall -2 main' after 2.783755802s
[INFO -- 2018-12-01 05:35:29]
sending 5 signals using command: 'killall -2 main' after 3.69560079031s
[INFO -- 2018-12-01 05:35:29]
Starting GDB script
[INFO -- 2018-12-01 05:35:29]
initSignal:0.0
[INFO -- 2018-12-01 05:35:29]
endSignal:5.0
[INFO -- 2018-12-01 05:35:29]
sending 5 signals using command: 'killall -2 main' after 0.200863219528s
[INFO -- 2018-12-01 05:35:29]
sending 5 signals using command: 'killall -2 main' after 0.404730675354s
[INFO -- 2018-12-01 05:35:30]
sending 5 signals using command: 'killall -2 main' after 1.00155141175s
[INFO -- 2018-12-01 05:35:30]
Execution finished before waitTime
