[INFO -- 2018-12-01 02:18:51]
Starting flip_value script
version: 1.1
[INFO -- 2018-12-01 02:18:51]
Initialization strings:
[INFO -- 2018-12-01 02:18:51]
(1) file /tmp/splay/main
[INFO -- 2018-12-01 02:18:51]
(2) set args /tmp/splay/input_100000 /tmp/splay/output_100000
[INFO -- 2018-12-01 02:18:51]
initSignal:0
[INFO -- 2018-12-01 02:18:51]
endSignal:5
[INFO -- 2018-12-01 02:18:51]
faultModel:4
[EXCEPTION -- 2018-12-01 02:18:51]
pythonException: Unable to exit loop in struct fields; Exiting wihtout making a bit flip
[INFO -- 2018-12-01 02:18:51]
Backtrace BEGIN:
#0  Splay (key=1922896, root=0x5555558148d0) at splay.cpp:60
#1  0x0000555555557916 in Insert (key=1922896, root=0x555555814fd0) at splay.cpp:145
#2  0x00005555555564bb in main (argc=3, argv=0x7fffffffdfb8) at main.cpp:31

55		 The zig/zag mode would only happen when cannot find key and will reach
56		 null on one side after RR or LL Rotation.
57		 */
58		while(1)
59		{
60			if(key < root->key)
61			{
62				if(!root->lchild)
63					break;
64				if(key < root->lchild->key)

Backtrace END
Memory content before bitflip:0x380x520x010x00
Fault Model: LSB bit-flip
base address to flip value: 0x7fffffffdc44
address max offset: 4
Memory content after  bitflip:0x380x520x010x01
frame name: main
symbol name: i
symbol filename: main.cpp
symbol line: 30
value: 16863800
value address: 0x7fffffffdc44
Type: The type is an integer type.
Type sizeof: 4

[INFO -- 2018-12-01 02:18:51]
Fault Injection Successful after 0.4487037658691406s
[INFO -- 2018-12-01 02:18:51]
event type: exit
[INFO -- 2018-12-01 02:18:51]
exit code: 0
