[INFO -- 2018-11-30 21:39:47]
Starting flip_value script
version: 1.1
[INFO -- 2018-11-30 21:39:47]
Initialization strings:
[INFO -- 2018-11-30 21:39:47]
(1) file /tmp/splay/main
[INFO -- 2018-11-30 21:39:47]
(2) set args /tmp/splay/input_100000 /tmp/splay/output_100000
[INFO -- 2018-11-30 21:39:47]
initSignal:0
[INFO -- 2018-11-30 21:39:47]
endSignal:5
[INFO -- 2018-11-30 21:39:47]
faultModel:1
[INFO -- 2018-11-30 21:39:47]
Backtrace BEGIN:
#0  0x0000555555557ab5 in InOrder (root=0x5555557aa8f0) at splay.cpp:252
#1  0x0000555555557abd in InOrder (root=0x5555555ec510) at splay.cpp:252
#2  0x0000555555557b0d in InOrder (root=0x5555557aaf90) at splay.cpp:254
#3  0x0000555555557b0d in InOrder (root=0x5555555fb050) at splay.cpp:254
#4  0x0000555555557abd in InOrder (root=0x5555557c0850) at splay.cpp:252
#5  0x0000555555557abd in InOrder (root=0x5555557ed910) at splay.cpp:252
#6  0x0000555555557abd in InOrder (root=0x5555555fa590) at splay.cpp:252
#7  0x0000555555557abd in InOrder (root=0x5555557a03f0) at splay.cpp:252
#8  0x0000555555557b0d in InOrder (root=0x55555582c7b0) at splay.cpp:254
#9  0x0000555555557b0d in InOrder (root=0x555555573f30) at splay.cpp:254
#10 0x0000555555557b0d in InOrder (root=0x55555586b1b0) at splay.cpp:254
#11 0x0000555555557b0d in InOrder (root=0x555555853e30) at splay.cpp:254
#12 0x0000555555557abd in InOrder (root=0x55555570b870) at splay.cpp:252
#13 0x0000555555557b0d in InOrder (root=0x55555587ca70) at splay.cpp:254
#14 0x0000555555557b0d in InOrder (root=0x55555587d1f0) at splay.cpp:254
#15 0x0000555555557abd in InOrder (root=0x55555587d350) at splay.cpp:252
#16 0x0000555555557b0d in InOrder (root=0x5555555eff30) at splay.cpp:254
#17 0x0000555555557abd in InOrder (root=0x555555602730) at splay.cpp:252
#18 0x0000555555557abd in InOrder (root=0x55555587daf0) at splay.cpp:252
#19 0x0000555555557abd in InOrder (root=0x55555587db70) at splay.cpp:252
#20 0x0000555555557abd in InOrder (root=0x555555602350) at splay.cpp:252
#21 0x0000555555557abd in InOrder (root=0x55555574fdf0) at splay.cpp:252
#22 0x0000555555557abd in InOrder (root=0x555555683210) at splay.cpp:252
#23 0x0000555555557abd in InOrder (root=0x55555587dc90) at splay.cpp:252
#24 0x0000555555557abd in InOrder (root=0x555555696ef0) at splay.cpp:252
#25 0x0000555555557abd in InOrder (root=0x55555587dcd0) at splay.cpp:252
#26 0x00005555555564fe in main (argc=3, argv=0x7fffffffdfb8) at main.cpp:35

247	
248	void InOrder(splay* root)
249	{
250		if(root)
251		{
252			InOrder(root->lchild);
253			std::cout<<std::bitset<16>(root->key)<<std::endl;
254			InOrder(root->rchild);
255		}
256	}

Backtrace END
Fliping a bit of the pointer
Memory content before bitflip:0x700xca0x870x550x550x550x000x00
Fault Model: Double bit-flip
base address to flip value: 0x7fffffffd9c8
address max offset: 8
Memory content after  bitflip:0x700xca0x870x550x550x550x000x0a
frame name: InOrder
symbol name: root
symbol filename: splay.cpp
symbol line: 248
value: 0x55555587ca70
value address: 0x7fffffffd9c8
Type: The type is a pointer.
Type sizeof: 8

[INFO -- 2018-11-30 21:39:47]
Fault Injection Successful after 0.5942778587341309s
[INFO -- 2018-11-30 21:39:47]
event type: exit
[INFO -- 2018-11-30 21:39:47]
exit code: 0
