[INFO -- 2018-10-16 21:35:00]
Starting flip_value script
version: 1.1
[INFO -- 2018-10-16 21:35:00]
Initialization strings:
[INFO -- 2018-10-16 21:35:00]
(1) file /tmp/RBTree/main
[INFO -- 2018-10-16 21:35:00]
(2) set args  /tmp/RBTree/input_ /tmp/RBTree/output_
[INFO -- 2018-10-16 21:35:00]
initSignal:0
[INFO -- 2018-10-16 21:35:00]
endSignal:2
[INFO -- 2018-10-16 21:35:00]
faultModel:4
[INFO -- 2018-10-16 21:35:00]
Backtrace BEGIN:
#0  0x00007ffff7de1a30 in elf_machine_rela (skip_ifunc=<optimized out>, reloc_addr_arg=0x7ffff7dc7720, version=0x7ffff7fd4030, sym=0x7ffff7a590d8, reloc=0x7ffff7ac2738, map=0x7ffff7fd6000) at ../sysdeps/x86_64/dl-machine.h:308
#1  elf_dynamic_do_Rela (skip_ifunc=<optimized out>, lazy=<optimized out>, nrelative=<optimized out>, relsize=<optimized out>, reladdr=<optimized out>, map=0x7ffff7fd6000) at do-rel.h:137
#2  _dl_relocate_object (scope=<optimized out>, reloc_mode=<optimized out>, consider_profiling=<optimized out>, consider_profiling@entry=0) at dl-reloc.c:258
#3  0x00007ffff7dd9307 in dl_main (phdr=<optimized out>, phnum=<optimized out>, user_entry=<optimized out>, auxv=<optimized out>) at rtld.c:2190
#4  0x00007ffff7defdd0 in _dl_sysdep_start (start_argptr=start_argptr@entry=0x7fffffffdf30, dl_main=dl_main@entry=0x7ffff7dd7660 <dl_main>) at ../elf/dl-sysdep.c:253
#5  0x00007ffff7dd7128 in _dl_start_final (arg=0x7fffffffdf30) at rtld.c:414
#6  _dl_start (arg=0x7fffffffdf30) at rtld.c:521
#7  0x00007ffff7dd6098 in _start () from /lib64/ld-linux-x86-64.so.2
#8  0x0000000000000003 in ?? ()
#9  0x00007fffffffe2a4 in ?? ()
#10 0x00007fffffffe2b5 in ?? ()
#11 0x00007fffffffe2c8 in ?? ()
#12 0x0000000000000000 in ?? ()

303	../sysdeps/x86_64/dl-machine.h: Arquivo ou diretório inexistente.

Backtrace END
Fliping a bit of the pointer
Memory content before bitflip:0x000x000x000x000x000x000x000x00
Fault Model: LSB bit-flip
base address to flip value: 0x7fffffffdb38
address max offset: 8
Memory content after  bitflip:0x000x000x000x000x000x000x000x04
frame name: elf_machine_rela
symbol name: end2
symbol filename: do-rel.h
symbol line: 51
value: 0x0
value address: 0x7fffffffdb38
Type: The type is a pointer.
Type sizeof: 8

[INFO -- 2018-10-16 21:35:00]
Fault Injection Successful after 0.8789143562316895s
[INFO -- 2018-10-16 21:35:01]
event type: exit
[INFO -- 2018-10-16 21:35:01]
exit code: 0
