[INFO -- 2018-10-12 00:40:56]
Starting flip_value script
version: 1.1
[INFO -- 2018-10-12 00:40:56]
Initialization strings:
[INFO -- 2018-10-12 00:40:56]
(1) file /tmp/BTree/main
[INFO -- 2018-10-12 00:40:56]
(2)  set args /tmp/BTree/input_100000 /tmp/BTree/output_100000
[INFO -- 2018-10-12 00:40:56]
initSignal:0
[INFO -- 2018-10-12 00:40:56]
endSignal:2
[INFO -- 2018-10-12 00:40:56]
faultModel:1
[EXCEPTION -- 2018-10-12 00:40:56]
pythonException: Unable to exit loop in struct fields; Exiting wihtout making a bit flip
[INFO -- 2018-10-12 00:40:57]
Backtrace BEGIN:
#0  0x00007ffff72a3a06 in __GI__IO_fwrite (buf=<optimized out>, size=<optimized out>, count=<optimized out>, fp=<optimized out>) at iofwrite.c:49
#1  0x00007ffff7b5fe94 in std::basic_ostream<char, std::char_traits<char> >& std::__ostream_insert<char, std::char_traits<char> >(std::basic_ostream<char, std::char_traits<char> >&, char const*, long) () from /usr/lib/x86_64-linux-gnu/libstdc++.so.6
#2  0x0000555555556956 in std::operator<< <char, std::char_traits<char>, 16ul> (__os=..., __x=std::bitset = {...}) at /usr/include/c++/7/bitset:1539
#3  0x00005555555563b2 in BTreeNode::traverse (this=0x5555559764a0) at BTree.cpp:592
#4  0x0000555555556377 in BTreeNode::traverse (this=0x5555557ae590) at BTree.cpp:591
#5  0x00005555555563ff in BTreeNode::traverse (this=0x555555989fa0) at BTree.cpp:597
#6  0x0000555555556377 in BTreeNode::traverse (this=0x555555b7f600) at BTree.cpp:591
#7  0x0000555555556377 in BTreeNode::traverse (this=0x555555a27200) at BTree.cpp:591
#8  0x0000555555556377 in BTreeNode::traverse (this=0x555555a27290) at BTree.cpp:591
#9  0x0000555555556377 in BTreeNode::traverse (this=0x555555a273b0) at BTree.cpp:591
#10 0x00005555555563ff in BTreeNode::traverse (this=0x555555a27320) at BTree.cpp:597
#11 0x0000555555556851 in BTree::traverse (this=0x7fffffffddc0) at BTree.cpp:137
#12 0x0000555555556630 in main (argc=3, argv=0x7fffffffded8) at BTree.cpp:668

44	in iofwrite.c

Backtrace END
Fliping a bit of the value pointed by a pointer
Fliping value of field: t
Memory content before bitflip:0x030x000x000x00
Fault Model: Double bit-flip
base address to flip value: 0x5555557ae598
address max offset: 4
Memory content after  bitflip:0x030x000x000x0a
frame name: BTreeNode::traverse
symbol name: this
symbol filename: BTree.cpp
symbol line: 0
value: 0x5555557ae590
value address: 0x7fffffffdbc8
Type: The type is a pointer.
Type sizeof: 8

[INFO -- 2018-10-12 00:40:57]
Fault Injection Successful after 1.0376291275024414s
[INFO -- 2018-10-12 00:40:57]
event type: exit
[INFO -- 2018-10-12 00:40:57]
exit code: 0
