[INFO -- 2018-11-26 00:52:56]
Starting flip_value script
version: 1.1
[INFO -- 2018-11-26 00:52:56]
Initialization strings:
[INFO -- 2018-11-26 00:52:56]
(1) file /tmp/BTree-dup/main
[INFO -- 2018-11-26 00:52:56]
(2)  set args /tmp/BTree-dup/input_100000 /tmp/BTree-dup/output_100000 /tmp/BTree-dup-detection.log /tmp/BTree-dup/output2_100000
[INFO -- 2018-11-26 00:52:56]
initSignal:0
[INFO -- 2018-11-26 00:52:56]
endSignal:2
[INFO -- 2018-11-26 00:52:56]
faultModel:3
[INFO -- 2018-11-26 00:52:57]
Backtrace BEGIN:
#0  new_do_write (to_do=17, data=0x55555576d0d0 "0101010000101100\n\320vUUU", fp=0x7ffff7610760 <_IO_2_1_stdout_>) at fileops.c:458
#1  _IO_new_do_write (fp=0x7ffff7610760 <_IO_2_1_stdout_>, data=0x55555576d0d0 "0101010000101100\n\320vUUU", to_do=17) at fileops.c:433
#2  0x00007ffff72ae788 in _IO_new_file_sync (fp=0x7ffff7610760 <_IO_2_1_stdout_>) at fileops.c:813
#3  0x00007ffff72a287d in __GI__IO_fflush (fp=0x7ffff7610760 <_IO_2_1_stdout_>) at iofflush.c:40
#4  0x00007ffff7b5ef5e in std::ostream::flush() () from /usr/lib/x86_64-linux-gnu/libstdc++.so.6
#5  0x0000555555556927 in BTreeNode::traverse (this=0x55555577bd10) at BTree_dup.cpp:594
#6  0x00005555555568d7 in BTreeNode::traverse (this=0x5555557b8250) at BTree_dup.cpp:593
#7  0x00005555555568d7 in BTreeNode::traverse (this=0x555555a00d40) at BTree_dup.cpp:593
#8  0x00005555555568d7 in BTreeNode::traverse (this=0x5555557f9380) at BTree_dup.cpp:593
#9  0x000055555555695f in BTreeNode::traverse (this=0x5555558cf250) at BTree_dup.cpp:599
#10 0x00005555555568d7 in BTreeNode::traverse (this=0x555555b30040) at BTree_dup.cpp:593
#11 0x00005555555568d7 in BTreeNode::traverse (this=0x5555558f2290) at BTree_dup.cpp:593
#12 0x00005555555568d7 in BTreeNode::traverse (this=0x555555815c40) at BTree_dup.cpp:593
#13 0x00005555555568d7 in BTreeNode::traverse (this=0x555555a2ab30) at BTree_dup.cpp:593
#14 0x00005555555572bb in BTree::traverse (this=0x7fffffffdd40) at BTree_dup.cpp:139
#15 0x0000555555556fbd in main (argc=5, argv=0x7fffffffde68) at BTree_dup.cpp:718

453	fileops.c: Arquivo ou diretório inexistente.

Backtrace END
Memory content before bitflip:0x020x000x000x00
Fault Model: Zero bit-flip
base address to flip value: 0x7fffffffdabc
address max offset: 4
Memory content after  bitflip:0x000x000x000x00
frame name: BTreeNode::traverse
symbol name: i
symbol filename: BTree_dup.cpp
symbol line: 587
value: 0
value address: 0x7fffffffdabc
Type: The type is an integer type.
Type sizeof: 4

[INFO -- 2018-11-26 00:52:57]
Fault Injection Successful after 1.6893022060394287s
[INFO -- 2018-11-26 00:52:59]
event type: exit
[INFO -- 2018-11-26 00:52:59]
exit code: 0
