[INFO -- 2018-10-12 03:01:10]
Starting flip_value script
version: 1.1
[INFO -- 2018-10-12 03:01:10]
Initialization strings:
[INFO -- 2018-10-12 03:01:10]
(1) file /tmp/BTree/main
[INFO -- 2018-10-12 03:01:10]
(2)  set args /tmp/BTree/input_100000 /tmp/BTree/output_100000
[INFO -- 2018-10-12 03:01:10]
initSignal:0
[INFO -- 2018-10-12 03:01:10]
endSignal:2
[INFO -- 2018-10-12 03:01:10]
faultModel:2
[EXCEPTION -- 2018-10-12 03:01:10]
gdbException: Tentativo de desreferenciar um ponteiro genérico.
[INFO -- 2018-10-12 03:01:10]
event type: exit
[INFO -- 2018-10-12 03:01:10]
exit code: 0
