[INFO -- 2018-11-30 19:21:55]
sending 5 signals using command: 'killall -2 main' after 2.75900155297s
[INFO -- 2018-11-30 19:21:55]
sending 5 signals using command: 'killall -2 main' after 2.82156074742s
[INFO -- 2018-11-30 19:21:57]
sending 5 signals using command: 'killall -2 main' after 3.98132102817s
[INFO -- 2018-11-30 19:21:57]
Starting GDB script
[INFO -- 2018-11-30 19:21:57]
initSignal:0.0
[INFO -- 2018-11-30 19:21:57]
endSignal:5.0
[INFO -- 2018-11-30 19:21:57]
sending 5 signals using command: 'killall -2 main' after 0.768314564493s
[INFO -- 2018-11-30 19:21:57]
sending 5 signals using command: 'killall -2 main' after 0.829996059119s
[INFO -- 2018-11-30 19:21:58]
sending 5 signals using command: 'killall -2 main' after 1.10869787013s
[INFO -- 2018-11-30 19:21:58]
Execution finished before waitTime
