[INFO -- 2018-11-25 15:52:43]
Starting flip_value script
version: 1.1
[INFO -- 2018-11-25 15:52:43]
Initialization strings:
[INFO -- 2018-11-25 15:52:43]
(1) file /tmp/BTree-dup/main
[INFO -- 2018-11-25 15:52:43]
(2)  set args /tmp/BTree-dup/input_100000 /tmp/BTree-dup/output_100000 /tmp/BTree-dup-detection.log /tmp/BTree-dup/output2_100000
[INFO -- 2018-11-25 15:52:43]
initSignal:0
[INFO -- 2018-11-25 15:52:43]
endSignal:2
[INFO -- 2018-11-25 15:52:43]
faultModel:4
[INFO -- 2018-11-25 15:52:45]
Backtrace BEGIN:
#0  0x00005555555578df in std::bitset<16ul>::_Unchecked_test (this=0x7fffffffdac0, __pos=1) at /usr/include/c++/7/bitset:1057
#1  0x0000555555557681 in std::bitset<16ul>::_M_copy_to_string<char, std::char_traits<char>, std::allocator<char> > (this=0x7fffffffdac0, __s="1000001001101100", __zero=48 '0', __one=49 '1') at /usr/include/c++/7/bitset:1409
#2  0x00005555555573d7 in std::operator<< <char, std::char_traits<char>, 16ul> (__os=..., __x=std::bitset = {...}) at /usr/include/c++/7/bitset:1538
#3  0x0000555555556912 in BTreeNode::traverse (this=0x555555cf20d0) at BTree_dup.cpp:594
#4  0x000055555555695f in BTreeNode::traverse (this=0x555555edef10) at BTree_dup.cpp:599
#5  0x00005555555568d7 in BTreeNode::traverse (this=0x555555e93490) at BTree_dup.cpp:593
#6  0x00005555555568d7 in BTreeNode::traverse (this=0x555555cf5b50) at BTree_dup.cpp:593
#7  0x00005555555568d7 in BTreeNode::traverse (this=0x555555f5e230) at BTree_dup.cpp:593
#8  0x000055555555695f in BTreeNode::traverse (this=0x555555fa27b0) at BTree_dup.cpp:599
#9  0x000055555555695f in BTreeNode::traverse (this=0x555555f9c1e0) at BTree_dup.cpp:599
#10 0x00005555555568d7 in BTreeNode::traverse (this=0x555555ce1f30) at BTree_dup.cpp:593
#11 0x00005555555568d7 in BTreeNode::traverse (this=0x555555ef6e20) at BTree_dup.cpp:593
#12 0x00005555555572bb in BTree::traverse (this=0x7fffffffdd50) at BTree_dup.cpp:139
#13 0x0000555555556ff9 in main (argc=5, argv=0x7fffffffde68) at BTree_dup.cpp:725

1052		this->_M_getword(__pos) ^= _Base::_S_maskbit(__pos);
1053		return *this;
1054	      }
1055	
1056	      _GLIBCXX_CONSTEXPR bool
1057	      _Unchecked_test(size_t __pos) const _GLIBCXX_NOEXCEPT
1058	      { return ((this->_M_getword(__pos) & _Base::_S_maskbit(__pos))
1059			!= static_cast<_WordT>(0)); }
1060	      //@}
1061	

Backtrace END
Fliping a bit of the pointer
Memory content before bitflip:0x100xef0xed0x550x550x550x000x00
Fault Model: LSB bit-flip
base address to flip value: 0x7fffffffdae8
address max offset: 8
Memory content after  bitflip:0x100xef0xed0x550x550x550x000x02
frame name: BTreeNode::traverse
symbol name: this
symbol filename: BTree_dup.cpp
symbol line: 0
value: 0x555555edef10
value address: 0x7fffffffdae8
Type: The type is a pointer.
Type sizeof: 8

[INFO -- 2018-11-25 15:52:45]
Fault Injection Successful after 2.6955690383911133s
[INFO -- 2018-11-25 15:52:45]
event type: exit
[INFO -- 2018-11-25 15:52:45]
exit code: 0
