[INFO -- 2018-11-25 18:04:40]
Starting flip_value script
version: 1.1
[INFO -- 2018-11-25 18:04:40]
Initialization strings:
[INFO -- 2018-11-25 18:04:40]
(1) file /tmp/BTree-dup/main
[INFO -- 2018-11-25 18:04:40]
(2)  set args /tmp/BTree-dup/input_100000 /tmp/BTree-dup/output_100000 /tmp/BTree-dup-detection.log /tmp/BTree-dup/output2_100000
[INFO -- 2018-11-25 18:04:40]
initSignal:0
[INFO -- 2018-11-25 18:04:40]
endSignal:2
[INFO -- 2018-11-25 18:04:40]
faultModel:2
[EXCEPTION -- 2018-11-25 18:04:40]
gdbException: Tentativo de desreferenciar um ponteiro genérico.
[INFO -- 2018-11-25 18:04:40]
event type: exit
[INFO -- 2018-11-25 18:04:40]
exit code: 0
