[INFO -- 2018-10-12 02:06:40]
Starting flip_value script
version: 1.1
[INFO -- 2018-10-12 02:06:40]
Initialization strings:
[INFO -- 2018-10-12 02:06:40]
(1) file /tmp/BTree/main
[INFO -- 2018-10-12 02:06:40]
(2)  set args /tmp/BTree/input_100000 /tmp/BTree/output_100000
[INFO -- 2018-10-12 02:06:40]
initSignal:0
[INFO -- 2018-10-12 02:06:40]
endSignal:2
[INFO -- 2018-10-12 02:06:40]
faultModel:4
[EXCEPTION -- 2018-10-12 02:06:41]
pythonException: Unable to exit loop in struct fields; Exiting wihtout making a bit flip
[INFO -- 2018-10-12 02:06:41]
Backtrace BEGIN:
#0  0x00007ffff7b5fd68 in std::basic_ostream<char, std::char_traits<char> >& std::__ostream_insert<char, std::char_traits<char> >(std::basic_ostream<char, std::char_traits<char> >&, char const*, long) () from /usr/lib/x86_64-linux-gnu/libstdc++.so.6
#1  0x0000555555556956 in std::operator<< <char, std::char_traits<char>, 16ul> (__os=..., __x=std::bitset = {...}) at /usr/include/c++/7/bitset:1539
#2  0x00005555555563b2 in BTreeNode::traverse (this=0x555555aed830) at BTree.cpp:592
#3  0x00005555555563ff in BTreeNode::traverse (this=0x555555a78950) at BTree.cpp:597
#4  0x0000555555556377 in BTreeNode::traverse (this=0x5555557a7870) at BTree.cpp:591
#5  0x0000555555556377 in BTreeNode::traverse (this=0x555555b1bd00) at BTree.cpp:591
#6  0x0000555555556377 in BTreeNode::traverse (this=0x555555b5bf00) at BTree.cpp:591
#7  0x0000555555556377 in BTreeNode::traverse (this=0x5555559c9ae0) at BTree.cpp:591
#8  0x00005555555563ff in BTreeNode::traverse (this=0x555555aeeac0) at BTree.cpp:597
#9  0x0000555555556377 in BTreeNode::traverse (this=0x555555812430) at BTree.cpp:591
#10 0x0000555555556377 in BTreeNode::traverse (this=0x555555a27320) at BTree.cpp:591
#11 0x0000555555556851 in BTree::traverse (this=0x7fffffffddc0) at BTree.cpp:137
#12 0x0000555555556630 in main (argc=3, argv=0x7fffffffded8) at BTree.cpp:668

647	int myrandom (int i) { return std::rand()%i;}
648	
649	// Driver program to test above functions
650	int main(int argc, char * argv[])
651	{
652	/*********************************/
653	  BTree t(3);
654	  FILE *file = fopen (argv[1], "r");
655	
656	

Backtrace END
Fliping value of field: None
Fliping value of field name: _M_local_buf
Fliping array at pos: 8
Memory content before bitflip:0x92
Fault Model: LSB bit-flip
base address to flip value: 0x7fffffffdb08 
address max offset: 1
Memory content after  bitflip:0x12
frame name: std::operator<< <char, std::char_traits<char>, 16ul>
symbol name: __tmp
symbol filename: /usr/include/c++/7/bitset
symbol line: 1533
value: "0001101011110011"
value address: 0x7fffffffdaf0
Type: The type is a structure.
Type sizeof: 32
Field name: npos
Field Type: The type is an integer type.
Field Type sizeof: 8
Field name: _M_dataplus
Field Type: The type is a structure.
Field Type sizeof: 8
Field name: _M_string_length
Field Type: The type is an integer type.
Field Type sizeof: 8
Field name: None
Field Type: The type is a union.
Field Type sizeof: 16

[INFO -- 2018-10-12 02:06:41]
Fault Injection Successful after 1.2325439453125s
[INFO -- 2018-10-12 02:06:41]
event type: exit
[INFO -- 2018-10-12 02:06:41]
exit code: 0
