[INFO -- 2018-10-16 20:01:39]
Starting flip_value script
version: 1.1
[INFO -- 2018-10-16 20:01:39]
Initialization strings:
[INFO -- 2018-10-16 20:01:39]
(1) file /tmp/RBTree/main
[INFO -- 2018-10-16 20:01:39]
(2) set args  /tmp/RBTree/input_ /tmp/RBTree/output_
[INFO -- 2018-10-16 20:01:39]
initSignal:0
[INFO -- 2018-10-16 20:01:39]
endSignal:2
[INFO -- 2018-10-16 20:01:39]
faultModel:4
[EXCEPTION -- 2018-10-16 20:01:40]
gdbException: Tentativo de desreferenciar um ponteiro genérico.
[INFO -- 2018-10-16 20:01:40]
event type: exit
[INFO -- 2018-10-16 20:01:40]
exit code: 0
