[INFO -- 2018-12-09 01:47:59]
Starting flip_value script
version: 1.1
[INFO -- 2018-12-09 01:47:59]
Initialization strings:
[INFO -- 2018-12-09 01:47:59]
(1) file /tmp/Tree234/main
[INFO -- 2018-12-09 01:47:59]
(2) set args /tmp/Tree234/input_50000 /tmp/Tree234/output_50000
[INFO -- 2018-12-09 01:47:59]
initSignal:0
[INFO -- 2018-12-09 01:47:59]
endSignal:2
[INFO -- 2018-12-09 01:47:59]
faultModel:3
[INFO -- 2018-12-09 01:48:00]
Backtrace BEGIN:
#0  malloc (n=10) at dl-minimal.c:94
#1  <function called from gdb>
#2  0x00007ffff72d7db3 in _int_free (av=0x7ffff761cb20 <main_arena>, p=0x7d7f10, have_lock=0) at malloc.c:3896
#3  0x00007ffff72dc53c in __GI___libc_free (mem=<optimized out>) at malloc.c:2968
#4  0x0000000000402954 in std::basic_ostream<char, std::char_traits<char> >& std::operator<< <char, std::char_traits<char>, 16ul>(std::basic_ostream<char, std::char_traits<char> >&, std::bitset<16ul> const&) ()
#5  0x00000000004022d3 in Arvore234::imprime(no*) ()
#6  0x0000000000402340 in Arvore234::imprime(no*) ()
#7  0x0000000000402340 in Arvore234::imprime(no*) ()
#8  0x0000000000402340 in Arvore234::imprime(no*) ()
#9  0x0000000000402340 in Arvore234::imprime(no*) ()
#10 0x0000000000402340 in Arvore234::imprime(no*) ()
#11 0x0000000000402340 in Arvore234::imprime(no*) ()
#12 0x0000000000402340 in Arvore234::imprime(no*) ()
#13 0x0000000000402340 in Arvore234::imprime(no*) ()
#14 0x0000000000402340 in Arvore234::imprime(no*) ()
#15 0x0000000000402340 in Arvore234::imprime(no*) ()
#16 0x0000000000402340 in Arvore234::imprime(no*) ()
#17 0x0000000000402380 in Arvore234::imprime() ()
#18 0x0000000000402594 in main ()

89	in dl-minimal.c

Backtrace END
Fliping a bit of the pointer
Memory content before bitflip:0x200xcb0x610xf70xff0x7f0x000x00
Fault Model: Zero bit-flip
base address to flip value: 0x7ffff7fd66e8
address max offset: 8
Memory content after  bitflip:0x000x000x000x000x000x000x000x00
frame name: _int_free
symbol name: thread_arena
symbol filename: arena.c
symbol line: 69
value: 0x7ffff761cb20 <main_arena>
value address: 0x7ffff7fd66e8
Type: The type is a pointer.
Type sizeof: 8

[INFO -- 2018-12-09 01:48:00]
Fault Injection Successful after 1.4712984561920166s
[INFO -- 2018-12-09 01:48:00]
event type: exit
[INFO -- 2018-12-09 01:48:00]
exit code: 0
