[INFO -- 2018-11-30 23:01:32]
sending 5 signals using command: 'killall -2 main' after 3.35072584236s
[INFO -- 2018-11-30 23:01:32]
sending 5 signals using command: 'killall -2 main' after 3.86874038515s
[INFO -- 2018-11-30 23:01:33]
sending 5 signals using command: 'killall -2 main' after 4.1599283742s
[INFO -- 2018-11-30 23:01:33]
Starting GDB script
[INFO -- 2018-11-30 23:01:33]
initSignal:0.0
[INFO -- 2018-11-30 23:01:33]
endSignal:5.0
[INFO -- 2018-11-30 23:01:33]
sending 5 signals using command: 'killall -2 main' after 0.0130402222267s
[INFO -- 2018-11-30 23:01:33]
sending 5 signals using command: 'killall -2 main' after 0.334086655875s
[INFO -- 2018-11-30 23:01:33]
sending 5 signals using command: 'killall -2 main' after 0.535696776581s
[INFO -- 2018-11-30 23:01:34]
Execution finished before waitTime
