[INFO -- 2018-10-12 01:18:49]
Starting flip_value script
version: 1.1
[INFO -- 2018-10-12 01:18:49]
Initialization strings:
[INFO -- 2018-10-12 01:18:49]
(1) file /tmp/BTree/main
[INFO -- 2018-10-12 01:18:49]
(2)  set args /tmp/BTree/input_100000 /tmp/BTree/output_100000
[INFO -- 2018-10-12 01:18:49]
initSignal:0
[INFO -- 2018-10-12 01:18:49]
endSignal:2
[INFO -- 2018-10-12 01:18:49]
faultModel:4
[INFO -- 2018-10-12 01:18:50]
Backtrace BEGIN:
#0  0x000055555555633f in BTreeNode::traverse (this=0x555555820800) at BTree.cpp:586
#1  0x0000555555556377 in BTreeNode::traverse (this=0x55555596d770) at BTree.cpp:591
#2  0x0000555555556377 in BTreeNode::traverse (this=0x5555558d65d0) at BTree.cpp:591
#3  0x0000555555556377 in BTreeNode::traverse (this=0x555555ae24c0) at BTree.cpp:591
#4  0x00005555555563ff in BTreeNode::traverse (this=0x5555559cda70) at BTree.cpp:597
#5  0x0000555555556377 in BTreeNode::traverse (this=0x5555559cdb00) at BTree.cpp:591
#6  0x00005555555563ff in BTreeNode::traverse (this=0x555555a273b0) at BTree.cpp:597
#7  0x00005555555563ff in BTreeNode::traverse (this=0x555555a27320) at BTree.cpp:597
#8  0x0000555555556851 in BTree::traverse (this=0x7fffffffddc0) at BTree.cpp:137
#9  0x0000555555556630 in main (argc=3, argv=0x7fffffffded8) at BTree.cpp:668

581	void BTreeNode::traverse()
582	{
583		// There are n keys and n+1 children, travers through n keys
584		// and first n children
585		int i;
586		for (i = 0; i < n; i++)
587		{
588			// If this is not leaf, then before printing key[i],
589			// traverse the subtree rooted with child C[i].
590			if (leaf == false)

Backtrace END
Memory content before bitflip:0x040x000x000x00
Fault Model: LSB bit-flip
base address to flip value: 0x7fffffffdc9c
address max offset: 4
Memory content after  bitflip:0x040x000x000x40
frame name: BTreeNode::traverse
symbol name: i
symbol filename: BTree.cpp
symbol line: 585
value: 1073741828
value address: 0x7fffffffdc9c
Type: The type is an integer type.
Type sizeof: 4

[INFO -- 2018-10-12 01:18:50]
Fault Injection Successful after 1.120002269744873s
[INFO -- 2018-10-12 01:18:50]
event type: exit
[INFO -- 2018-10-12 01:18:50]
exit code: 0
