[INFO -- 2018-10-16 17:40:59]
Starting flip_value script
version: 1.1
[INFO -- 2018-10-16 17:40:59]
Initialization strings:
[INFO -- 2018-10-16 17:40:59]
(1) file /tmp/RBTree/main
[INFO -- 2018-10-16 17:40:59]
(2) set args  /tmp/RBTree/input_ /tmp/RBTree/output_
[INFO -- 2018-10-16 17:40:59]
initSignal:0
[INFO -- 2018-10-16 17:40:59]
endSignal:2
[INFO -- 2018-10-16 17:40:59]
faultModel:4
[EXCEPTION -- 2018-10-16 17:40:59]
gdbException: Tentativo de desreferenciar um ponteiro genérico.
[INFO -- 2018-10-16 17:40:59]
event type: exit
[INFO -- 2018-10-16 17:40:59]
exit code: 0
