[INFO -- 2018-10-12 01:50:59]
Starting flip_value script
version: 1.1
[INFO -- 2018-10-12 01:50:59]
Initialization strings:
[INFO -- 2018-10-12 01:50:59]
(1) file /tmp/BTree/main
[INFO -- 2018-10-12 01:50:59]
(2)  set args /tmp/BTree/input_100000 /tmp/BTree/output_100000
[INFO -- 2018-10-12 01:50:59]
initSignal:0
[INFO -- 2018-10-12 01:50:59]
endSignal:2
[INFO -- 2018-10-12 01:50:59]
faultModel:2
[INFO -- 2018-10-12 01:50:59]
Backtrace BEGIN:
#0  0x0000555555556023 in BTreeNode::insertNonFull (this=0x555555998490, k=4776321) at BTree.cpp:518
#1  0x00005555555560d9 in BTreeNode::insertNonFull (this=0x55555599c300, k=4776321) at BTree.cpp:533
#2  0x00005555555560d9 in BTreeNode::insertNonFull (this=0x555555a79010, k=4776321) at BTree.cpp:533
#3  0x00005555555560d9 in BTreeNode::insertNonFull (this=0x55555593c900, k=4776321) at BTree.cpp:533
#4  0x00005555555560d9 in BTreeNode::insertNonFull (this=0x5555559cdb00, k=4776321) at BTree.cpp:533
#5  0x00005555555560d9 in BTreeNode::insertNonFull (this=0x555555a273b0, k=4776321) at BTree.cpp:533
#6  0x00005555555560d9 in BTreeNode::insertNonFull (this=0x555555a27320, k=4776321) at BTree.cpp:533
#7  0x0000555555555f18 in BTree::insert (this=0x7fffffffddc0, k=4776321) at BTree.cpp:487
#8  0x0000555555556601 in main (argc=3, argv=0x7fffffffded8) at BTree.cpp:665

513			n = n+1;
514		}
515		else // If this node is not leaf
516		{
517			// Find the child which is going to have the new key
518			while (i >= 0 && keys[i] > k)
519				i--;
520	
521			// See if the found child is full
522			if (C[i+1]->n == 2*t-1)

Backtrace END
Memory content before bitflip:0x810xe10x480x00
Fault Model: Random bit-flip
base address to flip value: 0x7fffffffdc14
address max offset: 4
Memory content after  bitflip:0x020x620x3f0x65
frame name: BTreeNode::insertNonFull
symbol name: k
symbol filename: BTree.cpp
symbol line: 494
value: 1698652674
value address: 0x7fffffffdc14
Type: The type is an integer type.
Type sizeof: 4

[INFO -- 2018-10-12 01:50:59]
Fault Injection Successful after 0.5995841026306152s
[INFO -- 2018-10-12 01:50:59]
event type: exit
[INFO -- 2018-10-12 01:50:59]
exit code: 0
