[INFO -- 2018-10-12 07:12:18]
Starting flip_value script
version: 1.1
[INFO -- 2018-10-12 07:12:18]
Initialization strings:
[INFO -- 2018-10-12 07:12:18]
(1) file /tmp/BTree/main
[INFO -- 2018-10-12 07:12:18]
(2)  set args /tmp/BTree/input_100000 /tmp/BTree/output_100000
[INFO -- 2018-10-12 07:12:18]
initSignal:0
[INFO -- 2018-10-12 07:12:18]
endSignal:2
[INFO -- 2018-10-12 07:12:18]
faultModel:0
[INFO -- 2018-10-12 07:12:18]
Backtrace BEGIN:
#0  0x00007ffff73b2ef4 in __memset_avx2_unaligned () at ../sysdeps/x86_64/multiarch/memset-vec-unaligned-erms.S:109
#1  0x00007ffff7b716a6 in std::__cxx11::basic_string<char, std::char_traits<char>, std::allocator<char> >::_M_replace_aux(unsigned long, unsigned long, unsigned long, char) () from /usr/lib/x86_64-linux-gnu/libstdc++.so.6
#2  0x00005555555569dd in std::bitset<16ul>::_M_copy_to_string<char, std::char_traits<char>, std::allocator<char> > (this=0x7fffffffdba0, __s="", __zero=48 '0', __one=49 '1') at /usr/include/c++/7/bitset:1407
#3  0x0000555555556943 in std::operator<< <char, std::char_traits<char>, 16ul> (__os=..., __x=std::bitset) at /usr/include/c++/7/bitset:1538
#4  0x00005555555563b2 in BTreeNode::traverse (this=0x5555557a9eb0) at BTree.cpp:592
#5  0x0000555555556377 in BTreeNode::traverse (this=0x5555557aa180) at BTree.cpp:591
#6  0x0000555555556377 in BTreeNode::traverse (this=0x5555557aa960) at BTree.cpp:591
#7  0x0000555555556377 in BTreeNode::traverse (this=0x5555557ad8a0) at BTree.cpp:591
#8  0x00005555555563ff in BTreeNode::traverse (this=0x5555557ad930) at BTree.cpp:597
#9  0x0000555555556377 in BTreeNode::traverse (this=0x5555557bac20) at BTree.cpp:591
#10 0x0000555555556377 in BTreeNode::traverse (this=0x5555557bab90) at BTree.cpp:591
#11 0x0000555555556377 in BTreeNode::traverse (this=0x5555558584b0) at BTree.cpp:591
#12 0x0000555555556851 in BTree::traverse (this=0x7fffffffddc0) at BTree.cpp:137
#13 0x0000555555556630 in main (argc=3, argv=0x7fffffffded8) at BTree.cpp:668

104	../sysdeps/x86_64/multiarch/memset-vec-unaligned-erms.S: Arquivo ou diretório inexistente.

Backtrace END
Fliping a bit of the reference
Memory content before bitflip:0x000x000x000x000x000x000x000x00
Fault Model: Single bit-flip
base address to flip value: 0x7fffffffdba0
address max offset: 8
Memory content after  bitflip:0x000x000x000x020x000x000x000x00
frame name: std::operator<< <char, std::char_traits<char>, 16ul>
symbol name: __x
symbol filename: /usr/include/c++/7/bitset
symbol line: 1531
value: std::bitset = {[25] = 1}
value address: 0x7fffffffdba0
Type: A reference type.
Type sizeof: 8

[INFO -- 2018-10-12 07:12:18]
Fault Injection Successful after 0.7753095626831055s
[INFO -- 2018-10-12 07:12:18]
event type: exit
[INFO -- 2018-10-12 07:12:18]
exit code: 0
