[INFO -- 2018-10-12 00:10:19]
Starting flip_value script
version: 1.1
[INFO -- 2018-10-12 00:10:19]
Initialization strings:
[INFO -- 2018-10-12 00:10:19]
(1) file /tmp/BTree/main
[INFO -- 2018-10-12 00:10:19]
(2)  set args /tmp/BTree/input_100000 /tmp/BTree/output_100000
[INFO -- 2018-10-12 00:10:19]
initSignal:0
[INFO -- 2018-10-12 00:10:19]
endSignal:2
[INFO -- 2018-10-12 00:10:19]
faultModel:3
[EXCEPTION -- 2018-10-12 00:10:20]
pythonException: Unable to exit loop in struct fields; Exiting wihtout making a bit flip
[INFO -- 2018-10-12 00:10:20]
Backtrace BEGIN:
#0  0x00005555555569f4 in std::bitset<16ul>::_M_copy_to_string<char, std::char_traits<char>, std::allocator<char> > (this=0x7fffffffdb60, __s="1001111000000000", __zero=48 '0', __one=49 '1') at /usr/include/c++/7/bitset:1409
#1  0x0000555555556943 in std::operator<< <char, std::char_traits<char>, 16ul> (__os=..., __x=std::bitset = {...}) at /usr/include/c++/7/bitset:1538
#2  0x00005555555563b2 in BTreeNode::traverse (this=0x555555a72d10) at BTree.cpp:592
#3  0x0000555555556377 in BTreeNode::traverse (this=0x5555557b1050) at BTree.cpp:591
#4  0x00005555555563ff in BTreeNode::traverse (this=0x555555960870) at BTree.cpp:597
#5  0x0000555555556377 in BTreeNode::traverse (this=0x5555558191e0) at BTree.cpp:591
#6  0x0000555555556377 in BTreeNode::traverse (this=0x555555a9a310) at BTree.cpp:591
#7  0x00005555555563ff in BTreeNode::traverse (this=0x555555b61bd0) at BTree.cpp:597
#8  0x0000555555556377 in BTreeNode::traverse (this=0x5555559cdb00) at BTree.cpp:591
#9  0x00005555555563ff in BTreeNode::traverse (this=0x555555a273b0) at BTree.cpp:597
#10 0x00005555555563ff in BTreeNode::traverse (this=0x555555a27320) at BTree.cpp:597
#11 0x0000555555556851 in BTree::traverse (this=0x7fffffffddc0) at BTree.cpp:137
#12 0x0000555555556630 in main (argc=3, argv=0x7fffffffded8) at BTree.cpp:668

1404	      _M_copy_to_string(std::basic_string<_CharT, _Traits, _Alloc>& __s,
1405				_CharT __zero, _CharT __one) const
1406	      {
1407		__s.assign(_Nb, __zero);
1408		for (size_t __i = _Nb; __i > 0; --__i)
1409		  if (_Unchecked_test(__i - 1))
1410		    _Traits::assign(__s[_Nb - __i], __one);
1411	      }
1412	
1413	  // 23.3.5.3 bitset operations:

Backtrace END
Memory content before bitflip:0x020x000x000x00
Fault Model: Zero bit-flip
base address to flip value: 0x7fffffffdd1c
address max offset: 4
Memory content after  bitflip:0x000x000x000x00
frame name: BTreeNode::traverse
symbol name: i
symbol filename: BTree.cpp
symbol line: 585
value: 0
value address: 0x7fffffffdd1c
Type: The type is an integer type.
Type sizeof: 4

[INFO -- 2018-10-12 00:10:20]
Fault Injection Successful after 1.9468295574188232s
[INFO -- 2018-10-12 00:10:20]
event type: exit
[INFO -- 2018-10-12 00:10:20]
exit code: 0
