[INFO -- 2018-10-12 02:09:31]
Starting flip_value script
version: 1.1
[INFO -- 2018-10-12 02:09:31]
Initialization strings:
[INFO -- 2018-10-12 02:09:31]
(1) file /tmp/BTree/main
[INFO -- 2018-10-12 02:09:31]
(2)  set args /tmp/BTree/input_100000 /tmp/BTree/output_100000
[INFO -- 2018-10-12 02:09:31]
initSignal:0
[INFO -- 2018-10-12 02:09:31]
endSignal:2
[INFO -- 2018-10-12 02:09:31]
faultModel:4
[EXCEPTION -- 2018-10-12 02:09:32]
pythonException: Unable to exit loop in struct fields; Exiting wihtout making a bit flip
[INFO -- 2018-10-12 02:09:32]
Backtrace BEGIN:
#0  0x0000555555556a3d in std::bitset<16ul>::_M_copy_to_string<char, std::char_traits<char>, std::allocator<char> > (this=0x7fffffffdb60, __s="1011100110100000", __zero=48 '0', __one=49 '1') at /usr/include/c++/7/bitset:1411
#1  0x0000555555556943 in std::operator<< <char, std::char_traits<char>, 16ul> (__os=..., __x=std::bitset = {...}) at /usr/include/c++/7/bitset:1538
#2  0x00005555555563b2 in BTreeNode::traverse (this=0x5555559d3500) at BTree.cpp:592
#3  0x0000555555556377 in BTreeNode::traverse (this=0x555555b6af30) at BTree.cpp:591
#4  0x0000555555556377 in BTreeNode::traverse (this=0x555555a381b0) at BTree.cpp:591
#5  0x0000555555556377 in BTreeNode::traverse (this=0x5555558ea310) at BTree.cpp:591
#6  0x0000555555556377 in BTreeNode::traverse (this=0x55555577abd0) at BTree.cpp:591
#7  0x0000555555556377 in BTreeNode::traverse (this=0x5555558ee8d0) at BTree.cpp:591
#8  0x0000555555556377 in BTreeNode::traverse (this=0x555555acc6e0) at BTree.cpp:591
#9  0x0000555555556377 in BTreeNode::traverse (this=0x555555812430) at BTree.cpp:591
#10 0x0000555555556377 in BTreeNode::traverse (this=0x555555a27320) at BTree.cpp:591
#11 0x0000555555556851 in BTree::traverse (this=0x7fffffffddc0) at BTree.cpp:137
#12 0x0000555555556630 in main (argc=3, argv=0x7fffffffded8) at BTree.cpp:668

1406	      {
1407		__s.assign(_Nb, __zero);
1408		for (size_t __i = _Nb; __i > 0; --__i)
1409		  if (_Unchecked_test(__i - 1))
1410		    _Traits::assign(__s[_Nb - __i], __one);
1411	      }
1412	
1413	  // 23.3.5.3 bitset operations:
1414	  //@{
1415	  /**

Backtrace END
Memory content before bitflip:0x31
Fault Model: LSB bit-flip
base address to flip value: 0x7fffffffda98 
address max offset: 1
Memory content after  bitflip:0x21
frame name: std::bitset<16ul>::_M_copy_to_string<char, std::char_traits<char>, std::allocator<char> >
symbol name: __one
symbol filename: /usr/include/c++/7/bitset
symbol line: 1405
value: 33 '!'
value address: 0x7fffffffda98 "!\332\377\377\060\177"
Type: The type is an integer type.
Type sizeof: 1

[INFO -- 2018-10-12 02:09:32]
Fault Injection Successful after 1.9861106872558594s
[INFO -- 2018-10-12 02:09:33]
event type: exit
[INFO -- 2018-10-12 02:09:33]
exit code: 0
