[99942]: 0011111101011101 0011111110100110
[99943]: 0011111110100110 0011111110101111
[99944]: 0011111110101111 0100000000111000
[99945]: 0100000000111000 0100000010010010
[99946]: 0100000010010010 0100000011100100
[99947]: 0100000011100100 0100000100001011
[99948]: 0100000100001011 0100000101000101
[99949]: 0100000101000101 0100000101001010
[99950]: 0100000101001010 0100000111011000
[99951]: 0100000111011000 0100000111100011
[99952]: 0100000111100011 0100000111100111
[99953]: 0100000111100111 0100001000011011
[99954]: 0100001000011011 0100001001000100
[99955]: 0100001001000100 0100001001011001
[99956]: 0100001001011001 0100001001101001
[99957]: 0100001001101001 0100001001101110
[99958]: 0100001001101110 0100001010101001
[99959]: 0100001010101001 0100001100011000
[99960]: 0100001100011000 0100001100110110
[99961]: 0100001100110110 0100001101010100
[99962]: 0100001101010100 0111111101011101
