[INFO -- 2018-11-26 01:25:08]
Starting flip_value script
version: 1.1
[INFO -- 2018-11-26 01:25:08]
Initialization strings:
[INFO -- 2018-11-26 01:25:08]
(1) file /tmp/BTree-dup/main
[INFO -- 2018-11-26 01:25:08]
(2)  set args /tmp/BTree-dup/input_100000 /tmp/BTree-dup/output_100000 /tmp/BTree-dup-detection.log /tmp/BTree-dup/output2_100000
[INFO -- 2018-11-26 01:25:08]
initSignal:0
[INFO -- 2018-11-26 01:25:08]
endSignal:2
[INFO -- 2018-11-26 01:25:08]
faultModel:0
[INFO -- 2018-11-26 01:25:09]
Backtrace BEGIN:
#0  0x00007ffff7b50300 in std::ctype<char> const& std::use_facet<std::ctype<char> >(std::locale const&) () from /usr/lib/x86_64-linux-gnu/libstdc++.so.6
#1  0x000055555555738d in std::operator<< <char, std::char_traits<char>, 16ul> (__os=..., __x=std::bitset = {...}) at /usr/include/c++/7/bitset:1537
#2  0x0000555555556912 in BTreeNode::traverse (this=0x555555a031d0) at BTree_dup.cpp:594
#3  0x00005555555568d7 in BTreeNode::traverse (this=0x555555a7e4d0) at BTree_dup.cpp:593
#4  0x00005555555568d7 in BTreeNode::traverse (this=0x555555b29ef0) at BTree_dup.cpp:593
#5  0x00005555555568d7 in BTreeNode::traverse (this=0x555555a47900) at BTree_dup.cpp:593
#6  0x00005555555568d7 in BTreeNode::traverse (this=0x555555815850) at BTree_dup.cpp:593
#7  0x000055555555695f in BTreeNode::traverse (this=0x5555558d55e0) at BTree_dup.cpp:599
#8  0x00005555555568d7 in BTreeNode::traverse (this=0x555555af22d0) at BTree_dup.cpp:593
#9  0x00005555555568d7 in BTreeNode::traverse (this=0x555555815c40) at BTree_dup.cpp:593
#10 0x00005555555568d7 in BTreeNode::traverse (this=0x555555a2ab30) at BTree_dup.cpp:593
#11 0x00005555555572bb in BTree::traverse (this=0x7fffffffdd40) at BTree_dup.cpp:139
#12 0x0000555555556fbd in main (argc=5, argv=0x7fffffffde68) at BTree_dup.cpp:718

677	    {
678	        file1.getline(string1,256);
679	        file2.getline(string2,256);
680	        j++;
681	        if(strcmp(string1,string2) != 0)
682	        {
683	            if (fp = fopen(detectLog, "a")) {
684	                fprintf(fp, "[%d]: %s %s\n",j,string1,string2);
685	                fclose(fp);
686	            }

Backtrace END
Memory content before bitflip:0x010x000x000x00
Fault Model: Single bit-flip
base address to flip value: 0x7fffffffdc7c
address max offset: 4
Memory content after  bitflip:0x000x000x000x00
frame name: BTreeNode::traverse
symbol name: i
symbol filename: BTree_dup.cpp
symbol line: 587
value: 0
value address: 0x7fffffffdc7c
Type: The type is an integer type.
Type sizeof: 4

[INFO -- 2018-11-26 01:25:09]
Fault Injection Successful after 1.495011806488037s
[INFO -- 2018-11-26 01:25:12]
event type: exit
[INFO -- 2018-11-26 01:25:12]
exit code: 0
