[INFO -- 2018-11-25 15:40:10]
Starting flip_value script
version: 1.1
[INFO -- 2018-11-25 15:40:10]
Initialization strings:
[INFO -- 2018-11-25 15:40:10]
(1) file /tmp/BTree-dup/main
[INFO -- 2018-11-25 15:40:10]
(2)  set args /tmp/BTree-dup/input_100000 /tmp/BTree-dup/output_100000 /tmp/BTree-dup-detection.log /tmp/BTree-dup/output2_100000
[INFO -- 2018-11-25 15:40:10]
initSignal:0
[INFO -- 2018-11-25 15:40:10]
endSignal:2
[INFO -- 2018-11-25 15:40:10]
faultModel:3
[EXCEPTION -- 2018-11-25 15:40:10]
gdbException: Tentativo de desreferenciar um ponteiro genérico.
[EXCEPTION -- 2018-11-25 15:40:11]
pythonException: Unable to exit loop in struct fields; Exiting wihtout making a bit flip
[INFO -- 2018-11-25 15:40:11]
Backtrace BEGIN:
#0  0x0000555555557621 in std::vector<int, std::allocator<int> >::operator[] (this=0x7fffffffdaa0, __n=60977) at /usr/include/c++/7/bits/stl_vector.h:798
#1  0x0000555555556c12 in runner (input=0x7fffffffe22a "/tmp/BTree-dup/input_100000") at BTree_dup.cpp:664
#2  0x0000555555556f51 in main (argc=5, argv=0x7fffffffde68) at BTree_dup.cpp:711

793	       */
794	      reference
795	      operator[](size_type __n) _GLIBCXX_NOEXCEPT
796	      {
797		__glibcxx_requires_subscript(__n);
798		return *(this->_M_impl._M_start + __n);
799	      }
800	
801	      /**
802	       *  @brief  Subscript access to the data contained in the %vector.

Backtrace END
Memory content before bitflip:0x310xee0x000x000x000x000x000x00
Fault Model: Zero bit-flip
base address to flip value: 0x7fffffffda10
address max offset: 8
Memory content after  bitflip:0x000x000x000x000x000x000x000x00
frame name: std::vector<int, std::allocator<int> >::operator[]
symbol name: __n
symbol filename: /usr/include/c++/7/bits/stl_vector.h
symbol line: 795
value: 0
value address: 0x7fffffffda10
Type: The type is an integer type.
Type sizeof: 8

[INFO -- 2018-11-25 15:40:11]
Fault Injection Successful after 1.7799746990203857s
[INFO -- 2018-11-25 15:40:13]
event type: exit
[INFO -- 2018-11-25 15:40:13]
exit code: 0
