[INFO -- 2018-10-12 02:09:08]
sending 5 signals using command: 'killall -2 main' after 1.66779713913s
[INFO -- 2018-10-12 02:09:08]
sending 5 signals using command: 'killall -2 main' after 1.66983923835s
[INFO -- 2018-10-12 02:09:08]
sending 5 signals using command: 'killall -2 main' after 1.83335993545s
[INFO -- 2018-10-12 02:09:08]
Starting GDB script
[INFO -- 2018-10-12 02:09:08]
initSignal:0.0
[INFO -- 2018-10-12 02:09:08]
endSignal:2.0
[INFO -- 2018-10-12 02:09:09]
sending 5 signals using command: 'killall -2 main' after 0.367910786291s
[INFO -- 2018-10-12 02:09:09]
sending 5 signals using command: 'killall -2 main' after 0.940478241432s
[INFO -- 2018-10-12 02:09:09]
sending 5 signals using command: 'killall -2 main' after 1.00884741652s
[INFO -- 2018-10-12 02:09:10]
Execution finished before waitTime
