[INFO -- 2018-10-18 01:54:37]
Starting flip_value script
version: 1.1
[INFO -- 2018-10-18 01:54:37]
Initialization strings:
[INFO -- 2018-10-18 01:54:37]
(1) file /tmp/Tree234/main
[INFO -- 2018-10-18 01:54:37]
(2) set args /tmp/Tree234/input_50000 /tmp/Tree234/output_50000
[INFO -- 2018-10-18 01:54:37]
initSignal:0
[INFO -- 2018-10-18 01:54:37]
endSignal:2
[INFO -- 2018-10-18 01:54:37]
faultModel:0
[INFO -- 2018-10-18 01:54:38]
Backtrace BEGIN:
#0  malloc (n=17) at dl-minimal.c:94
#1  <function called from gdb>
#2  0x00007ffff7de172a in enter_unique_sym (map=0x7ffff7ff74d0, sym=0x7ffff7a5e788, name=0x7ffff7a83ad8 "_ZNSt10moneypunctIcLb1EE2idE", hash=792630911, size=61, table=0x7ffff7fd6540) at dl-lookup.c:192
#3  do_lookup_unique (undef_map=0x7ffff7ff74d0, ref=0x7ffff7a76b78, strtab=0x7ffff7a7d2c8 "", sym=<optimized out>, type_class=0, result=0x7fffffffdab0, map=0x7ffff7ff74d0, new_hash=1198347278, undef_name=<optimized out>) at dl-lookup.c:279
#4  do_lookup_x (undef_name=undef_name@entry=0x7ffff7a83bbb "_ZNSt9money_putIwSt19ostreambuf_iteratorIwSt11char_traitsIwEEE2idE", new_hash=new_hash@entry=1198347278, old_hash=old_hash@entry=0x7fffffffdaa0, ref=0x7ffff7a76b78, result=result@entry=0x7fffffffdab0, scope=<optimized out>, i=<optimized out>, version=0x7ffff7fd81c8, flags=1, skip=0x0, type_class=0, undef_map=0x7ffff7ff74d0) at dl-lookup.c:540
#5  0x00007ffff7de1b1f in _dl_lookup_symbol_x (undef_name=0x7ffff7a83bbb "_ZNSt9money_putIwSt19ostreambuf_iteratorIwSt11char_traitsIwEEE2idE", undef_map=undef_map@entry=0x7ffff7ff74d0, ref=ref@entry=0x7fffffffdc00, symbol_scope=symbol_scope@entry=0x7ffff7ff7828, version=0x7ffff7fd81c8, type_class=0, flags=1, skip_map=0x0) at dl-lookup.c:829
#6  0x00007ffff7de377d in elf_machine_rela (skip_ifunc=<optimized out>, reloc_addr_arg=0x7ffff7dc9880, version=<optimized out>, sym=0x7ffff7a76b78, reloc=0x7ffff7ac9640, map=0x7ffff7ff74d0) at ../sysdeps/x86_64/dl-machine.h:301
#7  elf_dynamic_do_Rela (skip_ifunc=<optimized out>, lazy=<optimized out>, nrelative=<optimized out>, relsize=<optimized out>, reladdr=<optimized out>, map=0x7ffff7ff74d0) at do-rel.h:137
#8  _dl_relocate_object (scope=<optimized out>, reloc_mode=<optimized out>, consider_profiling=<optimized out>, consider_profiling@entry=0) at dl-reloc.c:258
#9  0x00007ffff7ddb0db in dl_main (phdr=<optimized out>, phnum=<optimized out>, user_entry=<optimized out>, auxv=<optimized out>) at rtld.c:2109
#10 0x00007ffff7df0632 in _dl_sysdep_start (start_argptr=start_argptr@entry=0x7fffffffde70, dl_main=dl_main@entry=0x7ffff7dd91e0 <dl_main>) at ../elf/dl-sysdep.c:249
#11 0x00007ffff7dd8c2a in _dl_start_final (arg=0x7fffffffde70) at rtld.c:323
#12 _dl_start (arg=0x7fffffffde70) at rtld.c:429
#13 0x00007ffff7dd7c38 in _start () from /lib64/ld-linux-x86-64.so.2
#14 0x0000000000000003 in ?? ()
#15 0x00007fffffffe20c in ?? ()
#16 0x00007fffffffe21e in ?? ()
#17 0x00007fffffffe237 in ?? ()
#18 0x0000000000000000 in ?? ()

89	in dl-minimal.c

Backtrace END
Memory content before bitflip:0x980x2c0x680x970xe70xbc0x000x00
Fault Model: Single bit-flip
base address to flip value: 0x7ffff7ffcc60 
address max offset: 8
Memory content after  bitflip:0x980x2c0x680x970xe70xbe0x000x00
frame name: dl_main
symbol name: start_time
symbol filename: rtld.c
symbol line: 217
value: 209901886909592
value address: 0x7ffff7ffcc60 <start_time>
Type: The type is an integer type.
Type sizeof: 8

[INFO -- 2018-10-18 01:54:38]
Fault Injection Successful after 1.0328752994537354s
[INFO -- 2018-10-18 01:54:38]
event type: exit
[INFO -- 2018-10-18 01:54:38]
exit code: 0
