[INFO -- 2018-11-25 21:45:17]
Starting flip_value script
version: 1.1
[INFO -- 2018-11-25 21:45:17]
Initialization strings:
[INFO -- 2018-11-25 21:45:17]
(1) file /tmp/BTree-dup/main
[INFO -- 2018-11-25 21:45:17]
(2)  set args /tmp/BTree-dup/input_100000 /tmp/BTree-dup/output_100000 /tmp/BTree-dup-detection.log /tmp/BTree-dup/output2_100000
[INFO -- 2018-11-25 21:45:17]
initSignal:0
[INFO -- 2018-11-25 21:45:17]
endSignal:2
[INFO -- 2018-11-25 21:45:17]
faultModel:2
[INFO -- 2018-11-25 21:45:18]
Backtrace BEGIN:
#0  malloc (n=14) at dl-minimal.c:50
#1  <function called from gdb>
#2  malloc (n=14) at dl-minimal.c:50
#3  <function called from gdb>
#4  malloc (n=14) at dl-minimal.c:50
#5  <function called from gdb>
#6  malloc (n=14) at dl-minimal.c:50
#7  <function called from gdb>
#8  _int_malloc (av=av@entry=0x7ffff760fc40 <main_arena>, bytes=bytes@entry=48) at malloc.c:4100
#9  0x00007ffff72bb0fc in __GI___libc_malloc (bytes=48) at malloc.c:3057
#10 0x00007ffff7adf1a8 in operator new(unsigned long) () from /usr/lib/x86_64-linux-gnu/libstdc++.so.6
#11 0x00005555555558ca in BTreeNode::BTreeNode (this=0x555555de9f90, t1=3, leaf1=true) at BTree_dup.cpp:165
#12 0x000055555555667b in BTreeNode::splitChild (this=0x555555beca10, i=4, y=0x555555c05730) at BTree_dup.cpp:545
#13 0x00005555555565ed in BTreeNode::insertNonFull (this=0x555555beca10, k=248964) at BTree_dup.cpp:527
#14 0x0000555555556639 in BTreeNode::insertNonFull (this=0x555555d3c200, k=248964) at BTree_dup.cpp:535
#15 0x0000555555556639 in BTreeNode::insertNonFull (this=0x555555d73370, k=248964) at BTree_dup.cpp:535
#16 0x0000555555556639 in BTreeNode::insertNonFull (this=0x555555dacb20, k=248964) at BTree_dup.cpp:535
#17 0x0000555555556639 in BTreeNode::insertNonFull (this=0x555555bca630, k=248964) at BTree_dup.cpp:535
#18 0x0000555555556639 in BTreeNode::insertNonFull (this=0x555555bee480, k=248964) at BTree_dup.cpp:535
#19 0x0000555555556639 in BTreeNode::insertNonFull (this=0x555555ce1f30, k=248964) at BTree_dup.cpp:535
#20 0x0000555555556478 in BTree::insert (this=0x7fffffffda50, k=248964) at BTree_dup.cpp:489
#21 0x0000555555556c25 in runner (input=0x7fffffffe22a "/tmp/BTree-dup/input_100000") at BTree_dup.cpp:664
#22 0x0000555555556f7a in main (argc=5, argv=0x7fffffffde68) at BTree_dup.cpp:712

45	in dl-minimal.c

Backtrace END
Memory content before bitflip:0x000x000x000x00
Fault Model: Random bit-flip
base address to flip value: 0x7fffffffd8ec
address max offset: 4
Memory content after  bitflip:0x9b0x3f0x670x7d
frame name: BTreeNode::insertNonFull
symbol name: i
symbol filename: BTree_dup.cpp
symbol line: 499
value: 2103918491
value address: 0x7fffffffd8ec
Type: The type is an integer type.
Type sizeof: 4

[INFO -- 2018-11-25 21:45:18]
Fault Injection Successful after 1.7080509662628174s
[INFO -- 2018-11-25 21:45:19]
event type: exit
[INFO -- 2018-11-25 21:45:19]
exit code: 0
