[INFO -- 2018-12-01 03:53:16]
Starting flip_value script
version: 1.1
[INFO -- 2018-12-01 03:53:16]
Initialization strings:
[INFO -- 2018-12-01 03:53:16]
(1) file /tmp/splay/main
[INFO -- 2018-12-01 03:53:16]
(2) set args /tmp/splay/input_100000 /tmp/splay/output_100000
[INFO -- 2018-12-01 03:53:16]
initSignal:0
[INFO -- 2018-12-01 03:53:16]
endSignal:5
[INFO -- 2018-12-01 03:53:16]
faultModel:3
[INFO -- 2018-12-01 03:53:16]
Backtrace BEGIN:
#0  Splay (key=4612401, root=0x555555589590) at splay.cpp:75
#1  0x0000555555557916 in Insert (key=4612401, root=0x55555565a1f0) at splay.cpp:145
#2  0x00005555555564bb in main (argc=3, argv=0x7fffffffdfb8) at main.cpp:31

70					if(!root->lchild)
71						break;
72				}
73				/* Link to R Tree */
74				RightTreeMin->lchild = root;
75				RightTreeMin = RightTreeMin->lchild;
76				root = root->lchild;
77				RightTreeMin->lchild = NULL;
78			}
79			else if(key > root->key)

Backtrace END
Memory content before bitflip:0x310x610x460x00
Fault Model: Zero bit-flip
base address to flip value: 0x7fffffffdbcc
address max offset: 4
Memory content after  bitflip:0x000x000x000x00
frame name: Splay
symbol name: key
symbol filename: splay.cpp
symbol line: 43
value: 0
value address: 0x7fffffffdbcc
Type: The type is an integer type.
Type sizeof: 4

[INFO -- 2018-12-01 03:53:16]
Fault Injection Successful after 0.9486055374145508s
[INFO -- 2018-12-01 03:53:17]
event type: exit
[INFO -- 2018-12-01 03:53:17]
exit code: 0
