[INFO -- 2018-10-16 21:36:42]
Starting flip_value script
version: 1.1
[INFO -- 2018-10-16 21:36:42]
Initialization strings:
[INFO -- 2018-10-16 21:36:42]
(1) file /tmp/RBTree/main
[INFO -- 2018-10-16 21:36:42]
(2) set args  /tmp/RBTree/input_ /tmp/RBTree/output_
[INFO -- 2018-10-16 21:36:42]
initSignal:0
[INFO -- 2018-10-16 21:36:42]
endSignal:2
[INFO -- 2018-10-16 21:36:42]
faultModel:4
[INFO -- 2018-10-16 21:36:42]
Backtrace BEGIN:
#0  0x0000555555556901 in RBTree::insertBST (this=0x7fffffffdc00, root=@0x5555558073e0: 0x5555558a2380, ptr=@0x7fffffffdb60: 0x55555592ef30) at RBTree.cpp:43
#1  0x0000555555556981 in RBTree::insertBST (this=0x7fffffffdc00, root=@0x55555579dae0: 0x5555558073d0, ptr=@0x7fffffffdb60: 0x55555592ef30) at RBTree.cpp:47
#2  0x0000555555556981 in RBTree::insertBST (this=0x7fffffffdc00, root=@0x5555557e2478: 0x55555579dad0, ptr=@0x7fffffffdb60: 0x55555592ef30) at RBTree.cpp:47
#3  0x000055555555692a in RBTree::insertBST (this=0x7fffffffdc00, root=@0x5555557f35a8: 0x5555557e2470, ptr=@0x7fffffffdb60: 0x55555592ef30) at RBTree.cpp:44
#4  0x000055555555692a in RBTree::insertBST (this=0x7fffffffdc00, root=@0x55555578bc28: 0x5555557f35a0, ptr=@0x7fffffffdb60: 0x55555592ef30) at RBTree.cpp:44
#5  0x000055555555692a in RBTree::insertBST (this=0x7fffffffdc00, root=@0x555555785480: 0x55555578bc20, ptr=@0x7fffffffdb60: 0x55555592ef30) at RBTree.cpp:44
#6  0x0000555555556981 in RBTree::insertBST (this=0x7fffffffdc00, root=@0x55555577c480: 0x555555785470, ptr=@0x7fffffffdb60: 0x55555592ef30) at RBTree.cpp:47
#7  0x0000555555556981 in RBTree::insertBST (this=0x7fffffffdc00, root=@0x5555557745e8: 0x55555577c470, ptr=@0x7fffffffdb60: 0x55555592ef30) at RBTree.cpp:47
#8  0x000055555555692a in RBTree::insertBST (this=0x7fffffffdc00, root=@0x555555770cb8: 0x5555557745e0, ptr=@0x7fffffffdb60: 0x55555592ef30) at RBTree.cpp:44
#9  0x000055555555692a in RBTree::insertBST (this=0x7fffffffdc00, root=@0x5555557709c0: 0x555555770cb0, ptr=@0x7fffffffdb60: 0x55555592ef30) at RBTree.cpp:44
#10 0x0000555555556981 in RBTree::insertBST (this=0x7fffffffdc00, root=@0x555555770e08: 0x5555557709b0, ptr=@0x7fffffffdb60: 0x55555592ef30) at RBTree.cpp:47
#11 0x000055555555692a in RBTree::insertBST (this=0x7fffffffdc00, root=@0x55555576f0f8: 0x555555770e00, ptr=@0x7fffffffdb60: 0x55555592ef30) at RBTree.cpp:44
#12 0x000055555555692a in RBTree::insertBST (this=0x7fffffffdc00, root=@0x555555771a40: 0x55555576f0f0, ptr=@0x7fffffffdb60: 0x55555592ef30) at RBTree.cpp:44
#13 0x0000555555556981 in RBTree::insertBST (this=0x7fffffffdc00, root=@0x55555576fa60: 0x555555771a30, ptr=@0x7fffffffdb60: 0x55555592ef30) at RBTree.cpp:47
#14 0x0000555555556981 in RBTree::insertBST (this=0x7fffffffdc00, root=@0x7fffffffdc00: 0x55555576fa50, ptr=@0x7fffffffdb60: 0x55555592ef30) at RBTree.cpp:47
#15 0x00005555555569fe in RBTree::insertValue (this=0x7fffffffdc00, n=17120) at RBTree.cpp:56
#16 0x0000555555555610 in main (argc=3, argv=0x7fffffffdf38) at main.cpp:54

38	
39	Node* RBTree::insertBST(Node *&root, Node *&ptr) {
40	    if (root == NULL)
41	        return ptr;
42	
43	    if (ptr->data < root->data) {
44	        root->left = insertBST(root->left, ptr);
45	        root->left->parent = root;
46	    } else if (ptr->data > root->data) {
47	        root->right = insertBST(root->right, ptr);

Backtrace END
Fliping a bit of the value pointed by a pointer
Fliping value of field: root
Fliping a bit of the value pointed by a pointer
Fliping value of field: parent
Fliping a bit of the pointer
Memory content before bitflip:0x000x000x000x000x000x000x000x00
Fault Model: LSB bit-flip
base address to flip value: 0x55555576fa68
address max offset: 8
Memory content after  bitflip:0x000x000x000x000x000x000x000x02
frame name: RBTree::insertValue
symbol name: this
symbol filename: RBTree.cpp
symbol line: 0
value: 0x7fffffffdc00
value address: 0x7fffffffdb58
Type: The type is a pointer.
Type sizeof: 8

[INFO -- 2018-10-16 21:36:42]
Fault Injection Successful after 0.8524384498596191s
[INFO -- 2018-10-16 21:36:42]
event type: exit
[INFO -- 2018-10-16 21:36:42]
exit code: 0
