[INFO -- 2018-12-01 12:57:25]
Starting flip_value script
version: 1.1
[INFO -- 2018-12-01 12:57:25]
Initialization strings:
[INFO -- 2018-12-01 12:57:25]
(1) file /tmp/splay/main
[INFO -- 2018-12-01 12:57:25]
(2) set args /tmp/splay/input_100000 /tmp/splay/output_100000
[INFO -- 2018-12-01 12:57:25]
initSignal:0
[INFO -- 2018-12-01 12:57:25]
endSignal:5
[INFO -- 2018-12-01 12:57:25]
faultModel:3
[INFO -- 2018-12-01 12:57:25]
Backtrace BEGIN:
#0  std::bitset<16ul>::_M_copy_to_string<char, std::char_traits<char>, std::allocator<char> > (this=0x7fffffffd790, __s="0010101010111110", __zero=48 '0', __one=49 '1') at /usr/include/c++/8/bitset:1415
#1  0x0000555555557ded in std::operator<< <char, std::char_traits<char>, 16ul> (__os=..., __x=std::bitset = {...}) at /usr/include/c++/8/bitset:1542
#2  0x0000555555557ae8 in InOrder (root=0x555555828870) at splay.cpp:253
#3  0x0000555555557b0d in InOrder (root=0x55555584fe50) at splay.cpp:254
#4  0x0000555555557abd in InOrder (root=0x555555877750) at splay.cpp:252
#5  0x0000555555557abd in InOrder (root=0x5555556891d0) at splay.cpp:252
#6  0x0000555555557b0d in InOrder (root=0x5555557db5b0) at splay.cpp:254
#7  0x0000555555557abd in InOrder (root=0x555555876bd0) at splay.cpp:252
#8  0x0000555555557b0d in InOrder (root=0x555555876490) at splay.cpp:254
#9  0x0000555555557b0d in InOrder (root=0x555555860170) at splay.cpp:254
#10 0x0000555555557abd in InOrder (root=0x55555587a4b0) at splay.cpp:252
#11 0x0000555555557b0d in InOrder (root=0x55555587ad30) at splay.cpp:254
#12 0x0000555555557abd in InOrder (root=0x55555587caf0) at splay.cpp:252
#13 0x0000555555557abd in InOrder (root=0x5555557c5c10) at splay.cpp:252
#14 0x0000555555557b0d in InOrder (root=0x55555581edf0) at splay.cpp:254
#15 0x0000555555557b0d in InOrder (root=0x55555587d4b0) at splay.cpp:254
#16 0x0000555555557b0d in InOrder (root=0x55555578b150) at splay.cpp:254
#17 0x0000555555557abd in InOrder (root=0x55555587d910) at splay.cpp:252
#18 0x0000555555557abd in InOrder (root=0x55555581be90) at splay.cpp:252
#19 0x0000555555557b0d in InOrder (root=0x55555561e0f0) at splay.cpp:254
#20 0x0000555555557b0d in InOrder (root=0x5555557b0cd0) at splay.cpp:254
#21 0x0000555555557abd in InOrder (root=0x55555587dc70) at splay.cpp:252
#22 0x0000555555557abd in InOrder (root=0x555555774870) at splay.cpp:252
#23 0x0000555555557abd in InOrder (root=0x55555587dcb0) at splay.cpp:252
#24 0x0000555555557b0d in InOrder (root=0x555555693810) at splay.cpp:254
#25 0x0000555555557b0d in InOrder (root=0x555555634c10) at splay.cpp:254
#26 0x0000555555557b0d in InOrder (root=0x55555587dcd0) at splay.cpp:254
#27 0x00005555555564fe in main (argc=3, argv=0x7fffffffdfb8) at main.cpp:35

1410	      {
1411		__s.assign(_Nb, __zero);
1412		for (size_t __i = _Nb; __i > 0; --__i)
1413		  if (_Unchecked_test(__i - 1))
1414		    _Traits::assign(__s[_Nb - __i], __one);
1415	      }
1416	
1417	  // 23.3.5.3 bitset operations:
1418	  //@{
1419	  /**

Backtrace END
Fliping a bit of the value pointed by a pointer
Fliping value of field: lchild
Fliping a bit of the pointer
Memory content before bitflip:0x500x770x870x550x550x550x000x00
Fault Model: Zero bit-flip
base address to flip value: 0x5555556891d8
address max offset: 8
Memory content after  bitflip:0x000x000x000x000x000x000x000x00
frame name: InOrder
symbol name: root
symbol filename: splay.cpp
symbol line: 248
value: 0x5555556891d0
value address: 0x7fffffffd818
Type: The type is a pointer.
Type sizeof: 8

[INFO -- 2018-12-01 12:57:25]
Fault Injection Successful after 0.7118563652038574s
[INFO -- 2018-12-01 12:57:25]
event type: exit
[INFO -- 2018-12-01 12:57:25]
exit code: 0
