[INFO -- 2018-12-01 09:35:35]
Starting flip_value script
version: 1.1
[INFO -- 2018-12-01 09:35:35]
Initialization strings:
[INFO -- 2018-12-01 09:35:35]
(1) file /tmp/splay/main
[INFO -- 2018-12-01 09:35:35]
(2) set args /tmp/splay/input_100000 /tmp/splay/output_100000
[INFO -- 2018-12-01 09:35:35]
initSignal:0
[INFO -- 2018-12-01 09:35:35]
endSignal:5
[INFO -- 2018-12-01 09:35:35]
faultModel:4
[EXCEPTION -- 2018-12-01 09:35:36]
pythonException: Unable to exit loop in struct fields; Exiting wihtout making a bit flip
[INFO -- 2018-12-01 09:35:36]
Backtrace BEGIN:
#0  Splay (key=1553089, root=0x5555555c8ef0) at splay.cpp:64
#1  0x0000555555557916 in Insert (key=1553089, root=0x55555563c3d0) at splay.cpp:145
#2  0x00005555555564bb in main (argc=3, argv=0x7fffffffdfb8) at main.cpp:31

59		{
60			if(key < root->key)
61			{
62				if(!root->lchild)
63					break;
64				if(key < root->lchild->key)
65				{
66					root = RR_Rotate(root); /* only zig-zig mode need to rotate once,
67											   because zig-zag mode is handled as zig
68											   mode, which doesn't require rotate, 

Backtrace END
Memory content before bitflip:0xc10xb20x170x00
Fault Model: LSB bit-flip
base address to flip value: 0x7fffffffdc1c
address max offset: 4
Memory content after  bitflip:0xc10xb20x170x04
frame name: Insert
symbol name: key
symbol filename: splay.cpp
symbol line: 132
value: 68661953
value address: 0x7fffffffdc1c
Type: The type is an integer type.
Type sizeof: 4

[INFO -- 2018-12-01 09:35:36]
Fault Injection Successful after 1.0554883480072021s
[INFO -- 2018-12-01 09:35:36]
event type: exit
[INFO -- 2018-12-01 09:35:36]
exit code: 0
