[INFO -- 2018-12-01 03:05:48]
Starting flip_value script
version: 1.1
[INFO -- 2018-12-01 03:05:48]
Initialization strings:
[INFO -- 2018-12-01 03:05:48]
(1) file /tmp/splay/main
[INFO -- 2018-12-01 03:05:48]
(2) set args /tmp/splay/input_100000 /tmp/splay/output_100000
[INFO -- 2018-12-01 03:05:48]
initSignal:0
[INFO -- 2018-12-01 03:05:48]
endSignal:5
[INFO -- 2018-12-01 03:05:48]
faultModel:4
[EXCEPTION -- 2018-12-01 03:05:49]
pythonException: Unable to exit loop in struct fields; Exiting wihtout making a bit flip
[INFO -- 2018-12-01 03:05:49]
Backtrace BEGIN:
#0  std::char_traits<char>::assign (__c1=@0x5555555700fd: 48 '0', __c2=@0x7fffffffd588: 49 '1') at /usr/include/c++/8/bits/char_traits.h:285
#1  0x0000555555557ee4 in std::bitset<16ul>::_M_copy_to_string<char, std::char_traits<char>, std::allocator<char> > (this=0x7fffffffd640, __s="0101001101001000", __zero=48 '0', __one=49 '1') at /usr/include/c++/8/bitset:1414
#2  0x0000555555557ded in std::operator<< <char, std::char_traits<char>, 16ul> (__os=..., __x=std::bitset = {...}) at /usr/include/c++/8/bitset:1542
#3  0x0000555555557ae8 in InOrder (root=0x5555555f91f0) at splay.cpp:253
#4  0x0000555555557abd in InOrder (root=0x5555556da170) at splay.cpp:252
#5  0x0000555555557abd in InOrder (root=0x555555759190) at splay.cpp:252
#6  0x0000555555557b0d in InOrder (root=0x5555555cef30) at splay.cpp:254
#7  0x0000555555557b0d in InOrder (root=0x55555573b550) at splay.cpp:254
#8  0x0000555555557b0d in InOrder (root=0x555555841430) at splay.cpp:254
#9  0x0000555555557abd in InOrder (root=0x555555852950) at splay.cpp:252
#10 0x0000555555557abd in InOrder (root=0x5555555911b0) at splay.cpp:252
#11 0x0000555555557abd in InOrder (root=0x555555863290) at splay.cpp:252
#12 0x0000555555557abd in InOrder (root=0x555555641a10) at splay.cpp:252
#13 0x0000555555557abd in InOrder (root=0x555555870690) at splay.cpp:252
#14 0x0000555555557b0d in InOrder (root=0x555555869ab0) at splay.cpp:254
#15 0x0000555555557b0d in InOrder (root=0x5555558772d0) at splay.cpp:254
#16 0x0000555555557b0d in InOrder (root=0x555555748d90) at splay.cpp:254
#17 0x0000555555557abd in InOrder (root=0x555555714510) at splay.cpp:252
#18 0x0000555555557b0d in InOrder (root=0x555555634b90) at splay.cpp:254
#19 0x0000555555557b0d in InOrder (root=0x55555571df30) at splay.cpp:254
#20 0x0000555555557b0d in InOrder (root=0x55555587ba10) at splay.cpp:254
#21 0x0000555555557b0d in InOrder (root=0x55555581d330) at splay.cpp:254
#22 0x0000555555557abd in InOrder (root=0x55555587d250) at splay.cpp:252
#23 0x0000555555557abd in InOrder (root=0x5555555f6ef0) at splay.cpp:252
#24 0x0000555555557abd in InOrder (root=0x5555556648d0) at splay.cpp:252
#25 0x0000555555557b0d in InOrder (root=0x55555587da50) at splay.cpp:254
#26 0x0000555555557abd in InOrder (root=0x5555555d7910) at splay.cpp:252
#27 0x0000555555557b0d in InOrder (root=0x55555587d8d0) at splay.cpp:254
#28 0x0000555555557b0d in InOrder (root=0x5555557cfed0) at splay.cpp:254
#29 0x0000555555557b0d in InOrder (root=0x555555774190) at splay.cpp:254
#30 0x0000555555557b0d in InOrder (root=0x555555774870) at splay.cpp:254
#31 0x0000555555557abd in InOrder (root=0x55555587dcb0) at splay.cpp:252
#32 0x0000555555557b0d in InOrder (root=0x555555693810) at splay.cpp:254
#33 0x0000555555557b0d in InOrder (root=0x555555634c10) at splay.cpp:254
#34 0x0000555555557b0d in InOrder (root=0x55555587dcd0) at splay.cpp:254
#35 0x00005555555564fe in main (argc=3, argv=0x7fffffffdfb8) at main.cpp:35

280	      typedef streamoff         off_type;
281	      typedef mbstate_t         state_type;
282	
283	      static _GLIBCXX17_CONSTEXPR void
284	      assign(char_type& __c1, const char_type& __c2) _GLIBCXX_NOEXCEPT
285	      { __c1 = __c2; }
286	
287	      static _GLIBCXX_CONSTEXPR bool
288	      eq(const char_type& __c1, const char_type& __c2) _GLIBCXX_NOEXCEPT
289	      { return __c1 == __c2; }

Backtrace END
Fliping a bit of the value pointed by a pointer
Fliping value of field: rchild
Fliping a bit of the pointer
Memory content before bitflip:0x900x410x770x550x550x550x000x00
Fault Model: LSB bit-flip
base address to flip value: 0x555555774880
address max offset: 8
Memory content after  bitflip:0x900x410x770x550x550x550x000x80
frame name: InOrder
symbol name: root
symbol filename: splay.cpp
symbol line: 248
value: 0x555555774870
value address: 0x7fffffffdb48
Type: The type is a pointer.
Type sizeof: 8

[INFO -- 2018-12-01 03:05:49]
Fault Injection Successful after 1.7670304775238037s
[INFO -- 2018-12-01 03:05:49]
event type: exit
[INFO -- 2018-12-01 03:05:49]
exit code: 0
