[INFO -- 2018-10-16 19:59:39]
Starting flip_value script
version: 1.1
[INFO -- 2018-10-16 19:59:39]
Initialization strings:
[INFO -- 2018-10-16 19:59:39]
(1) file /tmp/RBTree/main
[INFO -- 2018-10-16 19:59:39]
(2) set args  /tmp/RBTree/input_ /tmp/RBTree/output_
[INFO -- 2018-10-16 19:59:39]
initSignal:0
[INFO -- 2018-10-16 19:59:39]
endSignal:2
[INFO -- 2018-10-16 19:59:39]
faultModel:4
[INFO -- 2018-10-16 19:59:39]
Backtrace BEGIN:
#0  0x0000555555556901 in RBTree::insertBST (this=0x7fffffffdc00, root=@0x55555580f510: 0x5555557b8320, ptr=@0x7fffffffdb60: 0x55555599a7b0) at RBTree.cpp:43
#1  0x0000555555556981 in RBTree::insertBST (this=0x7fffffffdc00, root=@0x55555577f718: 0x55555580f500, ptr=@0x7fffffffdb60: 0x55555599a7b0) at RBTree.cpp:47
#2  0x000055555555692a in RBTree::insertBST (this=0x7fffffffdc00, root=@0x555555796fd0: 0x55555577f710, ptr=@0x7fffffffdb60: 0x55555599a7b0) at RBTree.cpp:44
#3  0x0000555555556981 in RBTree::insertBST (this=0x7fffffffdc00, root=@0x5555557c4960: 0x555555796fc0, ptr=@0x7fffffffdb60: 0x55555599a7b0) at RBTree.cpp:47
#4  0x0000555555556981 in RBTree::insertBST (this=0x7fffffffdc00, root=@0x555555771798: 0x5555557c4950, ptr=@0x7fffffffdb60: 0x55555599a7b0) at RBTree.cpp:47
#5  0x000055555555692a in RBTree::insertBST (this=0x7fffffffdc00, root=@0x555555775278: 0x555555771790, ptr=@0x7fffffffdb60: 0x55555599a7b0) at RBTree.cpp:44
#6  0x000055555555692a in RBTree::insertBST (this=0x7fffffffdc00, root=@0x55555577b040: 0x555555775270, ptr=@0x7fffffffdb60: 0x55555599a7b0) at RBTree.cpp:44
#7  0x0000555555556981 in RBTree::insertBST (this=0x7fffffffdc00, root=@0x5555557703c0: 0x55555577b030, ptr=@0x7fffffffdb60: 0x55555599a7b0) at RBTree.cpp:47
#8  0x0000555555556981 in RBTree::insertBST (this=0x7fffffffdc00, root=@0x555555770540: 0x5555557703b0, ptr=@0x7fffffffdb60: 0x55555599a7b0) at RBTree.cpp:47
#9  0x0000555555556981 in RBTree::insertBST (this=0x7fffffffdc00, root=@0x55555576fc38: 0x555555770530, ptr=@0x7fffffffdb60: 0x55555599a7b0) at RBTree.cpp:47
#10 0x000055555555692a in RBTree::insertBST (this=0x7fffffffdc00, root=@0x555555770178: 0x55555576fc30, ptr=@0x7fffffffdb60: 0x55555599a7b0) at RBTree.cpp:44
#11 0x000055555555692a in RBTree::insertBST (this=0x7fffffffdc00, root=@0x55555576fa58: 0x555555770170, ptr=@0x7fffffffdb60: 0x55555599a7b0) at RBTree.cpp:44
#12 0x000055555555692a in RBTree::insertBST (this=0x7fffffffdc00, root=@0x7fffffffdc00: 0x55555576fa50, ptr=@0x7fffffffdb60: 0x55555599a7b0) at RBTree.cpp:44
#13 0x00005555555569fe in RBTree::insertValue (this=0x7fffffffdc00, n=-17315) at RBTree.cpp:56
#14 0x0000555555555610 in main (argc=3, argv=0x7fffffffdf38) at main.cpp:54

38	
39	Node* RBTree::insertBST(Node *&root, Node *&ptr) {
40	    if (root == NULL)
41	        return ptr;
42	
43	    if (ptr->data < root->data) {
44	        root->left = insertBST(root->left, ptr);
45	        root->left->parent = root;
46	    } else if (ptr->data > root->data) {
47	        root->right = insertBST(root->right, ptr);

Backtrace END
Memory content before bitflip:0xc00x160x000x000x000x000x000x00
Fault Model: LSB bit-flip
base address to flip value: 0x7fffffffdbb8
address max offset: 8
Memory content after  bitflip:0xc00x160x000x000x000x000x000x40
frame name: main
symbol name: start_time
symbol filename: main.cpp
symbol line: 35
value: 4611686018427393728
value address: 0x7fffffffdbb8
Type: The type is an integer type.
Type sizeof: 8

[INFO -- 2018-10-16 19:59:39]
Fault Injection Successful after 0.9692857265472412s
[INFO -- 2018-10-16 19:59:40]
event type: exit
[INFO -- 2018-10-16 19:59:40]
exit code: 0
