[INFO -- 2018-12-01 10:13:13]
sending 5 signals using command: 'killall -2 main' after 2.00740815244s
[INFO -- 2018-12-01 10:13:14]
sending 5 signals using command: 'killall -2 main' after 2.35817938078s
[INFO -- 2018-12-01 10:13:14]
sending 5 signals using command: 'killall -2 main' after 2.6845419844s
[INFO -- 2018-12-01 10:13:14]
Starting GDB script
[INFO -- 2018-12-01 10:13:14]
initSignal:0.0
[INFO -- 2018-12-01 10:13:14]
endSignal:5.0
[INFO -- 2018-12-01 10:13:15]
sending 5 signals using command: 'killall -2 main' after 0.937042137408s
[INFO -- 2018-12-01 10:13:15]
sending 5 signals using command: 'killall -2 main' after 1.10047495953s
[INFO -- 2018-12-01 10:13:15]
sending 5 signals using command: 'killall -2 main' after 1.38785914251s
[INFO -- 2018-12-01 10:13:16]
Execution finished before waitTime
