[INFO -- 2018-11-30 19:17:13]
Starting flip_value script
version: 1.1
[INFO -- 2018-11-30 19:17:13]
Initialization strings:
[INFO -- 2018-11-30 19:17:13]
(1) file /tmp/splay/main
[INFO -- 2018-11-30 19:17:13]
(2) set args /tmp/splay/input_100000 /tmp/splay/output_100000
[INFO -- 2018-11-30 19:17:13]
initSignal:0
[INFO -- 2018-11-30 19:17:13]
endSignal:5
[INFO -- 2018-11-30 19:17:13]
faultModel:1
[EXCEPTION -- 2018-11-30 19:17:13]
pythonException: Unable to exit loop in struct fields; Exiting wihtout making a bit flip
[EXCEPTION -- 2018-11-30 19:17:13]
pythonException: Unable to exit loop in struct fields; Exiting wihtout making a bit flip
[INFO -- 2018-11-30 19:17:13]
event type: exit
[INFO -- 2018-11-30 19:17:13]
exit code: 0
