[INFO -- 2018-11-25 23:34:48]
Starting flip_value script
version: 1.1
[INFO -- 2018-11-25 23:34:48]
Initialization strings:
[INFO -- 2018-11-25 23:34:48]
(1) file /tmp/BTree-dup/main
[INFO -- 2018-11-25 23:34:48]
(2)  set args /tmp/BTree-dup/input_100000 /tmp/BTree-dup/output_100000 /tmp/BTree-dup-detection.log /tmp/BTree-dup/output2_100000
[INFO -- 2018-11-25 23:34:48]
initSignal:0
[INFO -- 2018-11-25 23:34:48]
endSignal:2
[INFO -- 2018-11-25 23:34:48]
faultModel:2
[INFO -- 2018-11-25 23:34:49]
Backtrace BEGIN:
#0  BTreeNode::insertNonFull (this=0x555555d2e3d0, k=2905306) at BTree_dup.cpp:537
#1  0x0000555555556639 in BTreeNode::insertNonFull (this=0x55555606e090, k=2905306) at BTree_dup.cpp:535
#2  0x0000555555556639 in BTreeNode::insertNonFull (this=0x55555606e240, k=2905306) at BTree_dup.cpp:535
#3  0x0000555555556639 in BTreeNode::insertNonFull (this=0x555555ce1fc0, k=2905306) at BTree_dup.cpp:535
#4  0x0000555555556639 in BTreeNode::insertNonFull (this=0x555555ce1f30, k=2905306) at BTree_dup.cpp:535
#5  0x0000555555556639 in BTreeNode::insertNonFull (this=0x555555ef6e20, k=2905306) at BTree_dup.cpp:535
#6  0x0000555555556478 in BTree::insert (this=0x7fffffffda50, k=2905306) at BTree_dup.cpp:489
#7  0x0000555555556c25 in runner (input=0x7fffffffe22a "/tmp/BTree-dup/input_100000") at BTree_dup.cpp:664
#8  0x0000555555556f7a in main (argc=5, argv=0x7fffffffde68) at BTree_dup.cpp:712

532				if (keys[i+1] < k)
533					i++;
534			}
535			C[i+1]->insertNonFull(k);
536		}
537	}
538	
539	// A utility function to split the child y of this node
540	// Note that y must be full when this function is called
541	void BTreeNode::splitChild(int i, BTreeNode *y)

Backtrace END
Memory content before bitflip:0x540x110x000x000x000x000x000x00
Fault Model: Random bit-flip
base address to flip value: 0x7fffffffdd28
address max offset: 8
Memory content after  bitflip:0xa60xe20xa10x820x010xc20xfe0x16
frame name: main
symbol name: start_time
symbol filename: BTree_dup.cpp
symbol line: 698
value: 1656975024661324454
value address: 0x7fffffffdd28
Type: The type is an integer type.
Type sizeof: 8

[INFO -- 2018-11-25 23:34:49]
Fault Injection Successful after 1.6221442222595215s
[INFO -- 2018-11-25 23:34:50]
event type: exit
[INFO -- 2018-11-25 23:34:50]
exit code: 0
