[INFO -- 2018-11-25 23:35:31]
Starting flip_value script
version: 1.1
[INFO -- 2018-11-25 23:35:31]
Initialization strings:
[INFO -- 2018-11-25 23:35:31]
(1) file /tmp/BTree-dup/main
[INFO -- 2018-11-25 23:35:31]
(2)  set args /tmp/BTree-dup/input_100000 /tmp/BTree-dup/output_100000 /tmp/BTree-dup-detection.log /tmp/BTree-dup/output2_100000
[INFO -- 2018-11-25 23:35:31]
initSignal:0
[INFO -- 2018-11-25 23:35:31]
endSignal:2
[INFO -- 2018-11-25 23:35:31]
faultModel:2
[INFO -- 2018-11-25 23:35:32]
Backtrace BEGIN:
#0  0x00005555555565ad in BTreeNode::insertNonFull (this=0x555555982560, k=4275685) at BTree_dup.cpp:524
#1  0x0000555555556639 in BTreeNode::insertNonFull (this=0x55555594e210, k=4275685) at BTree_dup.cpp:535
#2  0x0000555555556639 in BTreeNode::insertNonFull (this=0x555555a26e70, k=4275685) at BTree_dup.cpp:535
#3  0x0000555555556639 in BTreeNode::insertNonFull (this=0x5555558a44a0, k=4275685) at BTree_dup.cpp:535
#4  0x0000555555556639 in BTreeNode::insertNonFull (this=0x5555559d1280, k=4275685) at BTree_dup.cpp:535
#5  0x0000555555556639 in BTreeNode::insertNonFull (this=0x5555559d1310, k=4275685) at BTree_dup.cpp:535
#6  0x0000555555556639 in BTreeNode::insertNonFull (this=0x555555a2abc0, k=4275685) at BTree_dup.cpp:535
#7  0x0000555555556639 in BTreeNode::insertNonFull (this=0x555555a2ab30, k=4275685) at BTree_dup.cpp:535
#8  0x0000555555556478 in BTree::insert (this=0x7fffffffda50, k=4275685) at BTree_dup.cpp:489
#9  0x0000555555556c25 in runner (input=0x7fffffffe22a "/tmp/BTree-dup/input_100000") at BTree_dup.cpp:664
#10 0x0000555555556f51 in main (argc=5, argv=0x7fffffffde68) at BTree_dup.cpp:711

519			// Find the child which is going to have the new key
520			while (i >= 0 && keys[i] > k)
521				i--;
522	
523			// See if the found child is full
524			if (C[i+1]->n == 2*t-1)
525			{
526				// If the child is full, then split it
527				splitChild(i+1, C[i+1]);
528	

Backtrace END
Memory content before bitflip:0xe50x3d0x410x00
Fault Model: Random bit-flip
base address to flip value: 0x7fffffffd874
address max offset: 4
Memory content after  bitflip:0xb20xff0xc30xa4
frame name: BTreeNode::insertNonFull
symbol name: k
symbol filename: BTree_dup.cpp
symbol line: 496
value: -1530658894
value address: 0x7fffffffd874
Type: The type is an integer type.
Type sizeof: 4

[INFO -- 2018-11-25 23:35:32]
Fault Injection Successful after 1.7387700080871582s
[INFO -- 2018-11-25 23:35:34]
event type: exit
[INFO -- 2018-11-25 23:35:34]
exit code: 0
