[INFO -- 2018-11-30 18:57:49]
Starting flip_value script
version: 1.1
[INFO -- 2018-11-30 18:57:49]
Initialization strings:
[INFO -- 2018-11-30 18:57:49]
(1) file /tmp/splay/main
[INFO -- 2018-11-30 18:57:49]
(2) set args /tmp/splay/input_100000 /tmp/splay/output_100000
[INFO -- 2018-11-30 18:57:49]
initSignal:0
[INFO -- 2018-11-30 18:57:49]
endSignal:5
[INFO -- 2018-11-30 18:57:49]
faultModel:2
[EXCEPTION -- 2018-11-30 18:57:50]
pythonException: Unable to exit loop in struct fields; Exiting wihtout making a bit flip
[INFO -- 2018-11-30 18:57:50]
Backtrace BEGIN:
#0  0x00007ffff7d34fd4 in __GI___libc_write (fd=1, buf=0x55555587dcf0, nbytes=17) at ../sysdeps/unix/sysv/linux/write.c:26
#1  0x00007ffff7cb633d in _IO_new_file_write (f=0x7ffff7e10760 <_IO_2_1_stdout_>, data=0x55555587dcf0, n=17) at fileops.c:1183
#2  0x00007ffff7cb7a71 in new_do_write (to_do=17, data=0x55555587dcf0 "0001010010001110\n", fp=0x7ffff7e10760 <_IO_2_1_stdout_>) at libioP.h:839
#3  _IO_new_do_write (fp=0x7ffff7e10760 <_IO_2_1_stdout_>, data=0x55555587dcf0 "0001010010001110\n", to_do=17) at fileops.c:433
#4  0x00007ffff7cb56f8 in _IO_new_file_sync (fp=0x7ffff7e10760 <_IO_2_1_stdout_>) at fileops.c:819
#5  0x00007ffff7caa32d in __GI__IO_fflush (fp=0x7ffff7e10760 <_IO_2_1_stdout_>) at libioP.h:839
#6  0x00007ffff7f4201e in std::ostream::flush() () from /usr/lib/x86_64-linux-gnu/libstdc++.so.6
#7  0x0000555555557afd in InOrder (root=0x5555555bfc50) at splay.cpp:253
#8  0x0000555555557b0d in InOrder (root=0x5555556f52b0) at splay.cpp:254
#9  0x0000555555557b0d in InOrder (root=0x555555765970) at splay.cpp:254
#10 0x0000555555557b0d in InOrder (root=0x55555571fe10) at splay.cpp:254
#11 0x0000555555557abd in InOrder (root=0x5555555822b0) at splay.cpp:252
#12 0x0000555555557abd in InOrder (root=0x5555557fe5d0) at splay.cpp:252
#13 0x0000555555557b0d in InOrder (root=0x5555556b65f0) at splay.cpp:254
#14 0x0000555555557b0d in InOrder (root=0x55555581ff10) at splay.cpp:254
#15 0x0000555555557b0d in InOrder (root=0x5555555fae30) at splay.cpp:254
#16 0x0000555555557b0d in InOrder (root=0x55555583a5b0) at splay.cpp:254
#17 0x0000555555557abd in InOrder (root=0x555555840cb0) at splay.cpp:252
#18 0x0000555555557abd in InOrder (root=0x55555568d450) at splay.cpp:252
#19 0x0000555555557abd in InOrder (root=0x555555867050) at splay.cpp:252
#20 0x0000555555557b0d in InOrder (root=0x5555556aae90) at splay.cpp:254
#21 0x0000555555557b0d in InOrder (root=0x55555585f3f0) at splay.cpp:254
#22 0x0000555555557abd in InOrder (root=0x55555586ac10) at splay.cpp:252
#23 0x0000555555557abd in InOrder (root=0x5555555d3050) at splay.cpp:252
#24 0x0000555555557abd in InOrder (root=0x555555868fb0) at splay.cpp:252
#25 0x0000555555557abd in InOrder (root=0x555555879c90) at splay.cpp:252
#26 0x0000555555557abd in InOrder (root=0x55555587a250) at splay.cpp:252
#27 0x0000555555557b0d in InOrder (root=0x55555587a5f0) at splay.cpp:254
#28 0x0000555555557abd in InOrder (root=0x555555666e70) at splay.cpp:252
#29 0x0000555555557b0d in InOrder (root=0x55555587acb0) at splay.cpp:254
#30 0x0000555555557abd in InOrder (root=0x5555555e1a70) at splay.cpp:252
#31 0x0000555555557abd in InOrder (root=0x5555555c09f0) at splay.cpp:252
#32 0x0000555555557abd in InOrder (root=0x55555587d3f0) at splay.cpp:252
#33 0x0000555555557b0d in InOrder (root=0x555555652510) at splay.cpp:254
#34 0x0000555555557abd in InOrder (root=0x55555587d5d0) at splay.cpp:252
#35 0x0000555555557b0d in InOrder (root=0x55555587d5b0) at splay.cpp:254
#36 0x0000555555557abd in InOrder (root=0x5555556732d0) at splay.cpp:252
#37 0x0000555555557abd in InOrder (root=0x555555693810) at splay.cpp:252
#38 0x0000555555557b0d in InOrder (root=0x555555634c10) at splay.cpp:254
#39 0x0000555555557b0d in InOrder (root=0x55555587dcd0) at splay.cpp:254
#40 0x00005555555564fe in main (argc=3, argv=0x7fffffffdfb8) at main.cpp:35

21	in ../sysdeps/unix/sysv/linux/write.c

Backtrace END
Fliping a bit of the value pointed by a pointer
Fliping value of field: lchild
Fliping a bit of the pointer
Memory content before bitflip:0x700x1a0x5e0x550x550x550x000x00
Fault Model: Random bit-flip
base address to flip value: 0x5555555c09f8
address max offset: 8
Memory content after  bitflip:0x4d0x120x290x1a0x3b0xd00xd10xe3
frame name: InOrder
symbol name: root
symbol filename: splay.cpp
symbol line: 248
value: 0x5555555c09f0
value address: 0x7fffffffda88
Type: The type is a pointer.
Type sizeof: 8

[INFO -- 2018-11-30 18:57:50]
Fault Injection Successful after 1.377943992614746s
[INFO -- 2018-11-30 18:57:50]
event type: exit
[INFO -- 2018-11-30 18:57:50]
exit code: 0
