[INFO -- 2018-10-18 01:44:42]
Starting flip_value script
version: 1.1
[INFO -- 2018-10-18 01:44:42]
Initialization strings:
[INFO -- 2018-10-18 01:44:42]
(1) file /tmp/Tree234/main
[INFO -- 2018-10-18 01:44:42]
(2) set args /tmp/Tree234/input_50000 /tmp/Tree234/output_50000
[INFO -- 2018-10-18 01:44:42]
initSignal:0
[INFO -- 2018-10-18 01:44:42]
endSignal:2
[INFO -- 2018-10-18 01:44:42]
faultModel:0
[INFO -- 2018-10-18 01:44:42]
Backtrace BEGIN:
#0  0x00007ffff7dd8993 in version_check_doit (a=a@entry=0x7fffffffdd20) at rtld.c:535
#1  0x00007ffff7de75fe in _dl_receive_error (fct=fct@entry=0x7ffff7dd7db0 <print_missing_version>, operate=operate@entry=0x7ffff7dd8970 <version_check_doit>, args=args@entry=0x7fffffffdd20) at dl-error.c:217
#2  0x00007ffff7ddabf8 in dl_main (phdr=<optimized out>, phnum=<optimized out>, user_entry=<optimized out>, auxv=<optimized out>) at rtld.c:1710
#3  0x00007ffff7df0632 in _dl_sysdep_start (start_argptr=start_argptr@entry=0x7fffffffde70, dl_main=dl_main@entry=0x7ffff7dd91e0 <dl_main>) at ../elf/dl-sysdep.c:249
#4  0x00007ffff7dd8c2a in _dl_start_final (arg=0x7fffffffde70) at rtld.c:323
#5  _dl_start (arg=0x7fffffffde70) at rtld.c:429
#6  0x00007ffff7dd7c38 in _start () from /lib64/ld-linux-x86-64.so.2
#7  0x0000000000000003 in ?? ()
#8  0x00007fffffffe20c in ?? ()
#9  0x00007fffffffe21e in ?? ()
#10 0x00007fffffffe237 in ?? ()
#11 0x0000000000000000 in ?? ()

530	in rtld.c

Backtrace END
Memory content before bitflip:0x00
Fault Model: Single bit-flip
base address to flip value: 0x7ffff7ffdfe8 
address max offset: 1
Memory content after  bitflip:0x08
frame name: _dl_start
symbol name: tls_init_tp_called
symbol filename: rtld.c
symbol line: 585
value: 8
value address: 0x7ffff7ffdfe8 <tls_init_tp_called>
Type: A boolean type.
Type sizeof: 1

[INFO -- 2018-10-18 01:44:42]
Fault Injection Successful after 0.34335780143737793s
[INFO -- 2018-10-18 01:44:42]
event type: exit
[INFO -- 2018-10-18 01:44:42]
exit code: 0
