[INFO -- 2018-11-30 20:07:31]
Starting flip_value script
version: 1.1
[INFO -- 2018-11-30 20:07:31]
Initialization strings:
[INFO -- 2018-11-30 20:07:31]
(1) file /tmp/splay/main
[INFO -- 2018-11-30 20:07:31]
(2) set args /tmp/splay/input_100000 /tmp/splay/output_100000
[INFO -- 2018-11-30 20:07:31]
initSignal:0
[INFO -- 2018-11-30 20:07:31]
endSignal:5
[INFO -- 2018-11-30 20:07:31]
faultModel:1
[EXCEPTION -- 2018-11-30 20:07:32]
pythonException: Unable to exit loop in struct fields; Exiting wihtout making a bit flip
[INFO -- 2018-11-30 20:07:32]
Backtrace BEGIN:
#0  0x0000555555557f07 in std::bitset<16ul>::_Unchecked_test (this=0x7fffffffd670, __pos=9) at /usr/include/c++/8/bitset:1062
#1  0x0000555555557eb3 in std::bitset<16ul>::_M_copy_to_string<char, std::char_traits<char>, std::allocator<char> > (this=0x7fffffffd670, __s="00001", '0' <repeats 11 times>, __zero=48 '0', __one=49 '1') at /usr/include/c++/8/bitset:1413
#2  0x0000555555557ded in std::operator<< <char, std::char_traits<char>, 16ul> (__os=..., __x=std::bitset = {...}) at /usr/include/c++/8/bitset:1542
#3  0x0000555555557ae8 in InOrder (root=0x5555558413d0) at splay.cpp:253
#4  0x0000555555557abd in InOrder (root=0x55555582ee70) at splay.cpp:252
#5  0x0000555555557b0d in InOrder (root=0x55555585e1d0) at splay.cpp:254
#6  0x0000555555557b0d in InOrder (root=0x5555557905b0) at splay.cpp:254
#7  0x0000555555557b0d in InOrder (root=0x55555586bdb0) at splay.cpp:254
#8  0x0000555555557b0d in InOrder (root=0x5555555cd610) at splay.cpp:254
#9  0x0000555555557b0d in InOrder (root=0x5555558756b0) at splay.cpp:254
#10 0x0000555555557b0d in InOrder (root=0x5555556c0730) at splay.cpp:254
#11 0x0000555555557b0d in InOrder (root=0x555555876b30) at splay.cpp:254
#12 0x0000555555557abd in InOrder (root=0x5555557fda30) at splay.cpp:252
#13 0x0000555555557b0d in InOrder (root=0x55555587b2b0) at splay.cpp:254
#14 0x0000555555557b0d in InOrder (root=0x555555843e50) at splay.cpp:254
#15 0x0000555555557b0d in InOrder (root=0x55555585d9d0) at splay.cpp:254
#16 0x0000555555557abd in InOrder (root=0x5555558180d0) at splay.cpp:252
#17 0x0000555555557abd in InOrder (root=0x555555782890) at splay.cpp:252
#18 0x0000555555557b0d in InOrder (root=0x55555587d490) at splay.cpp:254
#19 0x0000555555557abd in InOrder (root=0x55555587d390) at splay.cpp:252
#20 0x0000555555557b0d in InOrder (root=0x5555557ad1b0) at splay.cpp:254
#21 0x0000555555557b0d in InOrder (root=0x55555587c5b0) at splay.cpp:254
#22 0x0000555555557abd in InOrder (root=0x555555645730) at splay.cpp:252
#23 0x0000555555557abd in InOrder (root=0x5555557992b0) at splay.cpp:252
#24 0x0000555555557b0d in InOrder (root=0x55555587db30) at splay.cpp:254
#25 0x0000555555557abd in InOrder (root=0x55555587da30) at splay.cpp:252
#26 0x0000555555557abd in InOrder (root=0x55555587dbb0) at splay.cpp:252
#27 0x0000555555557abd in InOrder (root=0x5555557cfed0) at splay.cpp:252
#28 0x0000555555557b0d in InOrder (root=0x555555774190) at splay.cpp:254
#29 0x0000555555557b0d in InOrder (root=0x555555774870) at splay.cpp:254
#30 0x0000555555557abd in InOrder (root=0x55555587dcb0) at splay.cpp:252
#31 0x0000555555557b0d in InOrder (root=0x555555693810) at splay.cpp:254
#32 0x0000555555557b0d in InOrder (root=0x555555634c10) at splay.cpp:254
#33 0x0000555555557b0d in InOrder (root=0x55555587dcd0) at splay.cpp:254
#34 0x00005555555564fe in main (argc=3, argv=0x7fffffffdfb8) at main.cpp:35

1057		return *this;
1058	      }
1059	
1060	      _GLIBCXX_CONSTEXPR bool
1061	      _Unchecked_test(size_t __pos) const _GLIBCXX_NOEXCEPT
1062	      { return ((this->_M_getword(__pos) & _Base::_S_maskbit(__pos))
1063			!= static_cast<_WordT>(0)); }
1064	      //@}
1065	
1066	      // Set, reset, and flip.

Backtrace END
Fliping a bit of the pointer
Memory content before bitflip:0x900xd30x870x550x550x550x000x00
Fault Model: Double bit-flip
base address to flip value: 0x7fffffffd968
address max offset: 8
Memory content after  bitflip:0x900xcb0x870x550x550x550x000x00
frame name: InOrder
symbol name: root
symbol filename: splay.cpp
symbol line: 248
value: 0x55555587d390
value address: 0x7fffffffd968
Type: The type is a pointer.
Type sizeof: 8

[INFO -- 2018-11-30 20:07:32]
Fault Injection Successful after 1.7466635704040527s
[INFO -- 2018-11-30 20:07:32]
event type: exit
[INFO -- 2018-11-30 20:07:32]
exit code: 0
