[INFO -- 2018-12-01 06:37:48]
Starting flip_value script
version: 1.1
[INFO -- 2018-12-01 06:37:48]
Initialization strings:
[INFO -- 2018-12-01 06:37:48]
(1) file /tmp/splay/main
[INFO -- 2018-12-01 06:37:48]
(2) set args /tmp/splay/input_100000 /tmp/splay/output_100000
[INFO -- 2018-12-01 06:37:48]
initSignal:0
[INFO -- 2018-12-01 06:37:48]
endSignal:5
[INFO -- 2018-12-01 06:37:48]
faultModel:1
[EXCEPTION -- 2018-12-01 06:37:50]
pythonException: Unable to exit loop in struct fields; Exiting wihtout making a bit flip
[EXCEPTION -- 2018-12-01 06:37:50]
pythonException: Unable to exit loop in struct fields; Exiting wihtout making a bit flip
[INFO -- 2018-12-01 06:37:50]
Backtrace BEGIN:
#0  0x00007ffff7d34fd4 in __GI___libc_write (fd=1, buf=0x55555587dcf0, nbytes=17) at ../sysdeps/unix/sysv/linux/write.c:26
#1  0x00007ffff7cb633d in _IO_new_file_write (f=0x7ffff7e10760 <_IO_2_1_stdout_>, data=0x55555587dcf0, n=17) at fileops.c:1183
#2  0x00007ffff7cb7a71 in new_do_write (to_do=17, data=0x55555587dcf0 "1010101010101001\n", fp=0x7ffff7e10760 <_IO_2_1_stdout_>) at libioP.h:839
#3  _IO_new_do_write (fp=0x7ffff7e10760 <_IO_2_1_stdout_>, data=0x55555587dcf0 "1010101010101001\n", to_do=17) at fileops.c:433
#4  0x00007ffff7cb56f8 in _IO_new_file_sync (fp=0x7ffff7e10760 <_IO_2_1_stdout_>) at fileops.c:819
#5  0x00007ffff7caa32d in __GI__IO_fflush (fp=0x7ffff7e10760 <_IO_2_1_stdout_>) at libioP.h:839
#6  0x00007ffff7f4201e in std::ostream::flush() () from /usr/lib/x86_64-linux-gnu/libstdc++.so.6
#7  0x0000555555557afd in InOrder (root=0x5555555b25d0) at splay.cpp:253
#8  0x0000555555557abd in InOrder (root=0x555555775ab0) at splay.cpp:252
#9  0x0000555555557abd in InOrder (root=0x5555557e2e50) at splay.cpp:252
#10 0x0000555555557b0d in InOrder (root=0x55555581bff0) at splay.cpp:254
#11 0x0000555555557b0d in InOrder (root=0x5555556e1d10) at splay.cpp:254
#12 0x0000555555557b0d in InOrder (root=0x55555583e610) at splay.cpp:254
#13 0x0000555555557b0d in InOrder (root=0x55555584e0d0) at splay.cpp:254
#14 0x0000555555557abd in InOrder (root=0x5555558538b0) at splay.cpp:252
#15 0x0000555555557abd in InOrder (root=0x555555664010) at splay.cpp:252
#16 0x0000555555557b0d in InOrder (root=0x55555557f4b0) at splay.cpp:254
#17 0x0000555555557abd in InOrder (root=0x5555556441b0) at splay.cpp:252
#18 0x0000555555557b0d in InOrder (root=0x55555586adf0) at splay.cpp:254
#19 0x0000555555557abd in InOrder (root=0x55555560b550) at splay.cpp:252
#20 0x0000555555557b0d in InOrder (root=0x5555555d0850) at splay.cpp:254
#21 0x0000555555557b0d in InOrder (root=0x555555870330) at splay.cpp:254
#22 0x0000555555557abd in InOrder (root=0x555555873850) at splay.cpp:252
#23 0x0000555555557abd in InOrder (root=0x5555557bf9d0) at splay.cpp:252
#24 0x0000555555557b0d in InOrder (root=0x5555556118b0) at splay.cpp:254
#25 0x0000555555557abd in InOrder (root=0x555555874d70) at splay.cpp:252
#26 0x0000555555557abd in InOrder (root=0x555555710650) at splay.cpp:252
#27 0x0000555555557b0d in InOrder (root=0x5555558767b0) at splay.cpp:254
#28 0x0000555555557b0d in InOrder (root=0x555555872850) at splay.cpp:254
#29 0x0000555555557abd in InOrder (root=0x5555558349b0) at splay.cpp:252
#30 0x0000555555557abd in InOrder (root=0x55555587dc10) at splay.cpp:252
#31 0x0000555555557abd in InOrder (root=0x55555561e0f0) at splay.cpp:252
#32 0x0000555555557b0d in InOrder (root=0x5555557b0cd0) at splay.cpp:254
#33 0x0000555555557abd in InOrder (root=0x55555587dc70) at splay.cpp:252
#34 0x0000555555557abd in InOrder (root=0x555555774870) at splay.cpp:252
#35 0x0000555555557abd in InOrder (root=0x55555587dcb0) at splay.cpp:252
#36 0x0000555555557b0d in InOrder (root=0x555555693810) at splay.cpp:254
#37 0x0000555555557b0d in InOrder (root=0x555555634c10) at splay.cpp:254
#38 0x0000555555557b0d in InOrder (root=0x55555587dcd0) at splay.cpp:254
#39 0x00005555555564fe in main (argc=3, argv=0x7fffffffdfb8) at main.cpp:35

21	in ../sysdeps/unix/sysv/linux/write.c

Backtrace END
Fliping a bit of the value pointed by a pointer
Fliping a bit of the pointer
Memory content before bitflip:0x060xe30xff0xff0xff0x7f0x000x00
Fault Model: Double bit-flip
base address to flip value: 0x7fffffffdfb8
address max offset: 8
Memory content after  bitflip:0x060xe30xff0xff0xff0x730x000x00
frame name: main
symbol name: argv
symbol filename: main.cpp
symbol line: 14
value: 0x7fffffffdfb8
value address: 0x7fffffffdc30
Type: The type is a pointer.
Type sizeof: 8

[INFO -- 2018-12-01 06:37:50]
Fault Injection Successful after 2.75345516204834s
[INFO -- 2018-12-01 06:37:51]
event type: exit
[INFO -- 2018-12-01 06:37:51]
exit code: 0
