[INFO -- 2018-10-16 20:57:07]
Starting flip_value script
version: 1.1
[INFO -- 2018-10-16 20:57:07]
Initialization strings:
[INFO -- 2018-10-16 20:57:07]
(1) file /tmp/RBTree/main
[INFO -- 2018-10-16 20:57:07]
(2) set args  /tmp/RBTree/input_ /tmp/RBTree/output_
[INFO -- 2018-10-16 20:57:07]
initSignal:0
[INFO -- 2018-10-16 20:57:07]
endSignal:2
[INFO -- 2018-10-16 20:57:07]
faultModel:4
[INFO -- 2018-10-16 20:57:07]
Backtrace BEGIN:
#0  0x00007ffff7245230 in *ABS*+0x9ede0@plt () from /lib/x86_64-linux-gnu/libc.so.6
#1  0x00007ffff72af994 in _IO_new_file_xsputn (f=0x7ffff7610760 <_IO_2_1_stdout_>, data=<optimized out>, n=3) at fileops.c:1258
#2  0x00007ffff72a3977 in __GI__IO_fwrite (buf=0x7fffffffd6d0, size=1, count=3, fp=0x7ffff7610760 <_IO_2_1_stdout_>) at iofwrite.c:39
#3  0x00007ffff7b5fe94 in std::basic_ostream<char, std::char_traits<char> >& std::__ostream_insert<char, std::char_traits<char> >(std::basic_ostream<char, std::char_traits<char> >&, char const*, long) () from /usr/lib/x86_64-linux-gnu/libstdc++.so.6
#4  0x0000555555558313 in std::operator<< <char, std::char_traits<char>, 3ul> (__os=..., __x=std::bitset = {...}) at /usr/include/c++/7/bitset:1539
#5  0x00005555555577d5 in RBTree::inorderBST (this=0x7fffffffdc00, ptr=@0x555555782ae0: 0x5555557ac1d0) at RBTree.cpp:276
#6  0x0000555555557804 in RBTree::inorderBST (this=0x7fffffffdc00, ptr=@0x55555577c1b0: 0x555555782ad0) at RBTree.cpp:279
#7  0x0000555555557804 in RBTree::inorderBST (this=0x7fffffffdc00, ptr=@0x555555771260: 0x55555577c1a0) at RBTree.cpp:279
#8  0x0000555555557804 in RBTree::inorderBST (this=0x7fffffffdc00, ptr=@0x5555557aea90: 0x555555771250) at RBTree.cpp:279
#9  0x0000555555557804 in RBTree::inorderBST (this=0x7fffffffdc00, ptr=@0x55555577fe08: 0x5555557aea80) at RBTree.cpp:279
#10 0x000055555555776a in RBTree::inorderBST (this=0x7fffffffdc00, ptr=@0x555555770628: 0x55555577fe00) at RBTree.cpp:271
#11 0x000055555555776a in RBTree::inorderBST (this=0x7fffffffdc00, ptr=@0x555555770f88: 0x555555770620) at RBTree.cpp:271
#12 0x000055555555776a in RBTree::inorderBST (this=0x7fffffffdc00, ptr=@0x5555557706e8: 0x555555770f80) at RBTree.cpp:271
#13 0x000055555555776a in RBTree::inorderBST (this=0x7fffffffdc00, ptr=@0x555555771408: 0x5555557706e0) at RBTree.cpp:271
#14 0x000055555555776a in RBTree::inorderBST (this=0x7fffffffdc00, ptr=@0x55555576fa28: 0x555555771400) at RBTree.cpp:271
#15 0x000055555555776a in RBTree::inorderBST (this=0x7fffffffdc00, ptr=@0x55555576fe18: 0x55555576fa20) at RBTree.cpp:271
#16 0x000055555555776a in RBTree::inorderBST (this=0x7fffffffdc00, ptr=@0x555555770180: 0x55555576fe10) at RBTree.cpp:271
#17 0x0000555555557804 in RBTree::inorderBST (this=0x7fffffffdc00, ptr=@0x55555576fa58: 0x555555770170) at RBTree.cpp:279
#18 0x000055555555776a in RBTree::inorderBST (this=0x7fffffffdc00, ptr=@0x7fffffffdc00: 0x55555576fa50) at RBTree.cpp:271
#19 0x0000555555557841 in RBTree::inorder (this=0x7fffffffdc00) at RBTree.cpp:283
#20 0x000055555555564c in main (argc=3, argv=0x7fffffffdf38) at main.cpp:58

9	#include "RBTree.h"
10	
11	#include <iostream>     // std::cout
12	#include <algorithm>    // std::random_shuffle
13	#include <vector>       // std::vector
14	#include <ctime>        // std::time
15	#include <cstdlib>      // std::rand, std::srand
16	#include <cstdio>
17	
18	#include <iterator>

Backtrace END
Memory content before bitflip:0x0b0x160x000x000x000x000x000x00
Fault Model: LSB bit-flip
base address to flip value: 0x7fffffffdbb8
address max offset: 8
Memory content after  bitflip:0x0b0x160x000x000x000x000x000x04
frame name: main
symbol name: start_time
symbol filename: main.cpp
symbol line: 35
value: 288230376151717387
value address: 0x7fffffffdbb8
Type: The type is an integer type.
Type sizeof: 8

[INFO -- 2018-10-16 20:57:07]
Fault Injection Successful after 0.5549743175506592s
[INFO -- 2018-10-16 20:57:07]
event type: exit
[INFO -- 2018-10-16 20:57:07]
exit code: 0
