[INFO -- 2018-11-25 21:27:46]
Starting flip_value script
version: 1.1
[INFO -- 2018-11-25 21:27:46]
Initialization strings:
[INFO -- 2018-11-25 21:27:46]
(1) file /tmp/BTree-dup/main
[INFO -- 2018-11-25 21:27:46]
(2)  set args /tmp/BTree-dup/input_100000 /tmp/BTree-dup/output_100000 /tmp/BTree-dup-detection.log /tmp/BTree-dup/output2_100000
[INFO -- 2018-11-25 21:27:46]
initSignal:0
[INFO -- 2018-11-25 21:27:46]
endSignal:2
[INFO -- 2018-11-25 21:27:46]
faultModel:3
[EXCEPTION -- 2018-11-25 21:27:47]
pythonException: Unable to exit loop in struct fields; Exiting wihtout making a bit flip
[INFO -- 2018-11-25 21:27:48]
Backtrace BEGIN:
#0  0x00007ffff7b5fb71 in std::basic_ostream<char, std::char_traits<char> >& std::endl<char, std::char_traits<char> >(std::basic_ostream<char, std::char_traits<char> >&) () from /usr/lib/x86_64-linux-gnu/libstdc++.so.6
#1  0x0000555555556927 in BTreeNode::traverse (this=0x55555581ef10) at BTree_dup.cpp:594
#2  0x00005555555568d7 in BTreeNode::traverse (this=0x555555a12290) at BTree_dup.cpp:593
#3  0x00005555555568d7 in BTreeNode::traverse (this=0x555555960b10) at BTree_dup.cpp:593
#4  0x00005555555568d7 in BTreeNode::traverse (this=0x55555596f120) at BTree_dup.cpp:593
#5  0x00005555555568d7 in BTreeNode::traverse (this=0x55555586e650) at BTree_dup.cpp:593
#6  0x000055555555695f in BTreeNode::traverse (this=0x5555559a7250) at BTree_dup.cpp:599
#7  0x00005555555568d7 in BTreeNode::traverse (this=0x5555558c0e80) at BTree_dup.cpp:593
#8  0x00005555555568d7 in BTreeNode::traverse (this=0x555555a2abc0) at BTree_dup.cpp:593
#9  0x000055555555695f in BTreeNode::traverse (this=0x555555a2ab30) at BTree_dup.cpp:599
#10 0x00005555555572bb in BTree::traverse (this=0x7fffffffdd40) at BTree_dup.cpp:139
#11 0x0000555555556fbd in main (argc=5, argv=0x7fffffffde68) at BTree_dup.cpp:718

697	
698		 clock_t start_time, stop_time;
699	    double diff_time;
700	
701	    start_time = clock();
702	    
703	
704	    BTree bTree1(3);
705	    BTree bTree2(3); 
706	    // char output2[9] = "output2_";

Backtrace END
Memory content before bitflip:0x020x000x000x00
Fault Model: Zero bit-flip
base address to flip value: 0x7fffffffdbfc
address max offset: 4
Memory content after  bitflip:0x000x000x000x00
frame name: BTreeNode::traverse
symbol name: i
symbol filename: BTree_dup.cpp
symbol line: 587
value: 0
value address: 0x7fffffffdbfc
Type: The type is an integer type.
Type sizeof: 4

[INFO -- 2018-11-25 21:27:48]
Fault Injection Successful after 2.0130209922790527s
[INFO -- 2018-11-25 21:27:48]
event type: exit
[INFO -- 2018-11-25 21:27:48]
exit code: 0
