[INFO -- 2018-10-17 19:47:59]
sending 5 signals using command: 'killall -2 main' after 1.11625657097s
[INFO -- 2018-10-17 19:48:00]
sending 5 signals using command: 'killall -2 main' after 1.4733534211s
[INFO -- 2018-10-17 19:48:00]
sending 5 signals using command: 'killall -2 main' after 1.85406221385s
[INFO -- 2018-10-17 19:48:00]
Starting GDB script
[INFO -- 2018-10-17 19:48:00]
initSignal:0.0
[INFO -- 2018-10-17 19:48:00]
endSignal:2.0
[INFO -- 2018-10-17 19:48:01]
sending 5 signals using command: 'killall -2 main' after 0.52111465282s
[INFO -- 2018-10-17 19:48:01]
sending 5 signals using command: 'killall -2 main' after 0.927515538002s
[INFO -- 2018-10-17 19:48:01]
Execution finished before waitTime
[INFO -- 2018-10-17 19:48:01]
sending 5 signals using command: 'killall -2 main' after 1.03462057752s
