[INFO -- 2018-12-01 04:29:21]
Starting flip_value script
version: 1.1
[INFO -- 2018-12-01 04:29:21]
Initialization strings:
[INFO -- 2018-12-01 04:29:21]
(1) file /tmp/splay/main
[INFO -- 2018-12-01 04:29:21]
(2) set args /tmp/splay/input_100000 /tmp/splay/output_100000
[INFO -- 2018-12-01 04:29:21]
initSignal:0
[INFO -- 2018-12-01 04:29:21]
endSignal:5
[INFO -- 2018-12-01 04:29:21]
faultModel:1
[INFO -- 2018-12-01 04:29:21]
Backtrace BEGIN:
#0  Splay (key=2805962, root=0x5555555e2890) at splay.cpp:64
#1  0x0000555555557916 in Insert (key=2805962, root=0x555555792430) at splay.cpp:145
#2  0x00005555555564bb in main (argc=3, argv=0x7fffffffdfb8) at main.cpp:31

59		{
60			if(key < root->key)
61			{
62				if(!root->lchild)
63					break;
64				if(key < root->lchild->key)
65				{
66					root = RR_Rotate(root); /* only zig-zig mode need to rotate once,
67											   because zig-zag mode is handled as zig
68											   mode, which doesn't require rotate, 

Backtrace END
Memory content before bitflip:0x030x000x000x00
Fault Model: Double bit-flip
base address to flip value: 0x7fffffffdc3c
address max offset: 4
Memory content after  bitflip:0x030x000x000x60
frame name: main
symbol name: argc
symbol filename: main.cpp
symbol line: 14
value: 1610612739
value address: 0x7fffffffdc3c
Type: The type is an integer type.
Type sizeof: 4

[INFO -- 2018-12-01 04:29:21]
Fault Injection Successful after 0.777874231338501s
[INFO -- 2018-12-01 04:29:21]
event type: exit
[INFO -- 2018-12-01 04:29:21]
exit code: 0
