[INFO -- 2018-10-16 18:17:08]
Starting flip_value script
version: 1.1
[INFO -- 2018-10-16 18:17:08]
Initialization strings:
[INFO -- 2018-10-16 18:17:08]
(1) file /tmp/RBTree/main
[INFO -- 2018-10-16 18:17:08]
(2) set args  /tmp/RBTree/input_ /tmp/RBTree/output_
[INFO -- 2018-10-16 18:17:08]
initSignal:0
[INFO -- 2018-10-16 18:17:08]
endSignal:2
[INFO -- 2018-10-16 18:17:08]
faultModel:4
[INFO -- 2018-10-16 18:17:08]
Backtrace BEGIN:
#0  strcmp () at ../sysdeps/x86_64/strcmp.S:1824
#1  0x00007ffff7ddf788 in check_match (num_versions=<synthetic pointer>, versioned_sym=<synthetic pointer>, map=0x7ffff7fd6000, strtab=0x7ffff7a74f00 "", symidx=5537, sym=0x7ffff7a74dc8, type_class=1, flags=1, version=0x7ffff7fd7ac8, ref=0x5555555544f0, undef_name=0x555555554ab0 "_ZNSt7__cxx1112basic_stringIcSt11char_traitsIcESaIcEEC1Ev") at dl-lookup.c:93
#2  do_lookup_x (undef_name=undef_name@entry=0x555555554ab0 "_ZNSt7__cxx1112basic_stringIcSt11char_traitsIcESaIcEEC1Ev", new_hash=new_hash@entry=4031424619, old_hash=old_hash@entry=0x7fffffffda70, ref=0x5555555544f0, result=result@entry=0x7fffffffda80, scope=<optimized out>, i=<optimized out>, version=0x7ffff7fd7ac8, flags=1, skip=0x0, type_class=1, undef_map=0x7ffff7ffe170) at dl-lookup.c:406
#3  0x00007ffff7de01ef in _dl_lookup_symbol_x (undef_name=0x555555554ab0 "_ZNSt7__cxx1112basic_stringIcSt11char_traitsIcESaIcEEC1Ev", undef_map=undef_map@entry=0x7ffff7ffe170, ref=ref@entry=0x7fffffffdba0, symbol_scope=symbol_scope@entry=0x7ffff7ffe4c8, version=0x7ffff7fd7ac8, type_class=1, flags=1, skip_map=<optimized out>) at dl-lookup.c:813
#4  0x00007ffff7de1af9 in elf_machine_rela (skip_ifunc=<optimized out>, reloc_addr_arg=0x555555759f70, version=<optimized out>, sym=<optimized out>, reloc=0x555555555030, map=0x7ffff7ffe170) at ../sysdeps/x86_64/dl-machine.h:308
#5  elf_dynamic_do_Rela (skip_ifunc=<optimized out>, lazy=<optimized out>, nrelative=<optimized out>, relsize=<optimized out>, reladdr=<optimized out>, map=0x7ffff7ffe170) at do-rel.h:137
#6  _dl_relocate_object (scope=<optimized out>, reloc_mode=<optimized out>, consider_profiling=<optimized out>, consider_profiling@entry=0) at dl-reloc.c:258
#7  0x00007ffff7dd9307 in dl_main (phdr=<optimized out>, phnum=<optimized out>, user_entry=<optimized out>, auxv=<optimized out>) at rtld.c:2190
#8  0x00007ffff7defdd0 in _dl_sysdep_start (start_argptr=start_argptr@entry=0x7fffffffdf30, dl_main=dl_main@entry=0x7ffff7dd7660 <dl_main>) at ../elf/dl-sysdep.c:253
#9  0x00007ffff7dd7128 in _dl_start_final (arg=0x7fffffffdf30) at rtld.c:414
#10 _dl_start (arg=0x7fffffffdf30) at rtld.c:521
#11 0x00007ffff7dd6098 in _start () from /lib64/ld-linux-x86-64.so.2
#12 0x0000000000000003 in ?? ()
#13 0x00007fffffffe2a4 in ?? ()
#14 0x00007fffffffe2b5 in ?? ()
#15 0x00007fffffffe2c8 in ?? ()
#16 0x0000000000000000 in ?? ()

1819	../sysdeps/x86_64/strcmp.S: Arquivo ou diretório inexistente.

Backtrace END
Memory content before bitflip:0x000x000x000x00
Fault Model: LSB bit-flip
base address to flip value: 0x7ffff7ffce60 
address max offset: 4
Memory content after  bitflip:0x000x000x000x10
frame name: _dl_sysdep_start
symbol name: __GI___libc_enable_secure
symbol filename: ../elf/dl-sysdep.c
symbol line: 58
value: 268435456
value address: 0x7ffff7ffce60 <__libc_enable_secure>
Type: The type is an integer type.
Type sizeof: 4

[INFO -- 2018-10-16 18:17:08]
Fault Injection Successful after 0.7690608501434326s
[INFO -- 2018-10-16 18:17:09]
event type: exit
[INFO -- 2018-10-16 18:17:09]
exit code: 0
