[INFO -- 2018-12-01 01:50:29]
Starting flip_value script
version: 1.1
[INFO -- 2018-12-01 01:50:29]
Initialization strings:
[INFO -- 2018-12-01 01:50:29]
(1) file /tmp/splay/main
[INFO -- 2018-12-01 01:50:29]
(2) set args /tmp/splay/input_100000 /tmp/splay/output_100000
[INFO -- 2018-12-01 01:50:29]
initSignal:0
[INFO -- 2018-12-01 01:50:29]
endSignal:5
[INFO -- 2018-12-01 01:50:29]
faultModel:2
[INFO -- 2018-12-01 01:50:30]
Backtrace BEGIN:
#0  0x00007ffff7f4282b in std::ostream::sentry::~sentry() () from /usr/lib/x86_64-linux-gnu/libstdc++.so.6
#1  0x00007ffff7f42f1a in std::basic_ostream<char, std::char_traits<char> >& std::__ostream_insert<char, std::char_traits<char> >(std::basic_ostream<char, std::char_traits<char> >&, char const*, long) () from /usr/lib/x86_64-linux-gnu/libstdc++.so.6
#2  0x0000555555557e00 in std::operator<< <char, std::char_traits<char>, 16ul> (__os=..., __x=std::bitset = {...}) at /usr/include/c++/8/bitset:1543
#3  0x0000555555557ae8 in InOrder (root=0x55555562c2d0) at splay.cpp:253
#4  0x0000555555557b0d in InOrder (root=0x55555562b770) at splay.cpp:254
#5  0x0000555555557b0d in InOrder (root=0x555555788f70) at splay.cpp:254
#6  0x0000555555557abd in InOrder (root=0x5555557a6290) at splay.cpp:252
#7  0x0000555555557b0d in InOrder (root=0x5555557c4f30) at splay.cpp:254
#8  0x0000555555557abd in InOrder (root=0x5555556aed50) at splay.cpp:252
#9  0x0000555555557b0d in InOrder (root=0x5555557cb990) at splay.cpp:254
#10 0x0000555555557b0d in InOrder (root=0x5555558136b0) at splay.cpp:254
#11 0x0000555555557abd in InOrder (root=0x55555583b2d0) at splay.cpp:252
#12 0x0000555555557abd in InOrder (root=0x555555786290) at splay.cpp:252
#13 0x0000555555557abd in InOrder (root=0x5555557854b0) at splay.cpp:252
#14 0x0000555555557b0d in InOrder (root=0x555555815bf0) at splay.cpp:254
#15 0x0000555555557abd in InOrder (root=0x555555870250) at splay.cpp:252
#16 0x0000555555557b0d in InOrder (root=0x55555587a890) at splay.cpp:254
#17 0x0000555555557abd in InOrder (root=0x5555557a73b0) at splay.cpp:252
#18 0x0000555555557b0d in InOrder (root=0x55555562e510) at splay.cpp:254
#19 0x0000555555557abd in InOrder (root=0x55555560ac10) at splay.cpp:252
#20 0x0000555555557b0d in InOrder (root=0x55555587d9b0) at splay.cpp:254
#21 0x0000555555557b0d in InOrder (root=0x555555794190) at splay.cpp:254
#22 0x0000555555557b0d in InOrder (root=0x555555771bf0) at splay.cpp:254
#23 0x0000555555557b0d in InOrder (root=0x55555587dad0) at splay.cpp:254
#24 0x0000555555557abd in InOrder (root=0x55555587d8d0) at splay.cpp:252
#25 0x0000555555557b0d in InOrder (root=0x5555557cfed0) at splay.cpp:254
#26 0x0000555555557b0d in InOrder (root=0x555555774190) at splay.cpp:254
#27 0x0000555555557b0d in InOrder (root=0x555555774870) at splay.cpp:254
#28 0x0000555555557abd in InOrder (root=0x55555587dcb0) at splay.cpp:252
#29 0x0000555555557b0d in InOrder (root=0x555555693810) at splay.cpp:254
#30 0x0000555555557b0d in InOrder (root=0x555555634c10) at splay.cpp:254
#31 0x0000555555557b0d in InOrder (root=0x55555587dcd0) at splay.cpp:254
#32 0x00005555555564fe in main (argc=3, argv=0x7fffffffdfb8) at main.cpp:35

1	#include "splay.h"
2	#include <iostream>
3	
4	#include <algorithm>    // std::random_shuffle
5	#include <vector>       // std::vector
6	#include <cstdlib>      // std::rand, std::srand
7	#include <cstdio>
8	
9	#include <iterator>
10	#include <fstream>

Backtrace END
Fliping a bit of the value pointed by a pointer
Fliping value of field: lchild
Fliping a bit of the pointer
Memory content before bitflip:0xd00xda0x870x550x550x550x000x00
Fault Model: Random bit-flip
base address to flip value: 0x55555587d8d8
address max offset: 8
Memory content after  bitflip:0x300x9e0xa60xbd0x230xa70x820xac
frame name: InOrder
symbol name: root
symbol filename: splay.cpp
symbol line: 248
value: 0x55555587d8d0
value address: 0x7fffffffdab8
Type: The type is a pointer.
Type sizeof: 8

[INFO -- 2018-12-01 01:50:30]
Fault Injection Successful after 1.4152441024780273s
[INFO -- 2018-12-01 01:50:30]
event type: exit
[INFO -- 2018-12-01 01:50:30]
exit code: 0
