[INFO -- 2018-11-30 22:46:18]
sending 5 signals using command: 'killall -2 main' after 2.07555223899s
[INFO -- 2018-11-30 22:46:20]
sending 5 signals using command: 'killall -2 main' after 3.45046557922s
[INFO -- 2018-11-30 22:46:20]
sending 5 signals using command: 'killall -2 main' after 3.55444581858s
[INFO -- 2018-11-30 22:46:20]
Starting GDB script
[INFO -- 2018-11-30 22:46:20]
initSignal:0.0
[INFO -- 2018-11-30 22:46:20]
endSignal:5.0
[INFO -- 2018-11-30 22:46:21]
sending 5 signals using command: 'killall -2 main' after 0.537106250545s
[INFO -- 2018-11-30 22:46:21]
sending 5 signals using command: 'killall -2 main' after 0.611211515701s
[INFO -- 2018-11-30 22:46:21]
sending 5 signals using command: 'killall -2 main' after 1.22107851094s
[INFO -- 2018-11-30 22:46:22]
Execution finished before waitTime
