[INFO -- 2018-11-30 22:46:20]
Starting flip_value script
version: 1.1
[INFO -- 2018-11-30 22:46:20]
Initialization strings:
[INFO -- 2018-11-30 22:46:20]
(1) file /tmp/splay/main
[INFO -- 2018-11-30 22:46:20]
(2) set args /tmp/splay/input_100000 /tmp/splay/output_100000
[INFO -- 2018-11-30 22:46:20]
initSignal:0
[INFO -- 2018-11-30 22:46:20]
endSignal:5
[INFO -- 2018-11-30 22:46:20]
faultModel:1
[INFO -- 2018-11-30 22:46:21]
Backtrace BEGIN:
#0  0x00007ffff7d34fd4 in __GI___libc_write (fd=1, buf=0x55555587dcf0, nbytes=17) at ../sysdeps/unix/sysv/linux/write.c:26
#1  0x00007ffff7cb633d in _IO_new_file_write (f=0x7ffff7e10760 <_IO_2_1_stdout_>, data=0x55555587dcf0, n=17) at fileops.c:1183
#2  0x00007ffff7cb7a71 in new_do_write (to_do=17, data=0x55555587dcf0 "0101101010101001\n", fp=0x7ffff7e10760 <_IO_2_1_stdout_>) at libioP.h:839
#3  _IO_new_do_write (fp=0x7ffff7e10760 <_IO_2_1_stdout_>, data=0x55555587dcf0 "0101101010101001\n", to_do=17) at fileops.c:433
#4  0x00007ffff7cb56f8 in _IO_new_file_sync (fp=0x7ffff7e10760 <_IO_2_1_stdout_>) at fileops.c:819
#5  0x00007ffff7caa32d in __GI__IO_fflush (fp=0x7ffff7e10760 <_IO_2_1_stdout_>) at libioP.h:839
#6  0x00007ffff7f4201e in std::ostream::flush() () from /usr/lib/x86_64-linux-gnu/libstdc++.so.6
#7  0x0000555555557afd in InOrder (root=0x555555824830) at splay.cpp:253
#8  0x0000555555557b0d in InOrder (root=0x555555593bb0) at splay.cpp:254
#9  0x0000555555557b0d in InOrder (root=0x55555584c5f0) at splay.cpp:254
#10 0x0000555555557abd in InOrder (root=0x555555861c30) at splay.cpp:252
#11 0x0000555555557abd in InOrder (root=0x55555560d7f0) at splay.cpp:252
#12 0x0000555555557b0d in InOrder (root=0x555555868350) at splay.cpp:254
#13 0x0000555555557b0d in InOrder (root=0x5555555ca150) at splay.cpp:254
#14 0x0000555555557abd in InOrder (root=0x55555586add0) at splay.cpp:252
#15 0x0000555555557b0d in InOrder (root=0x55555581b0b0) at splay.cpp:254
#16 0x0000555555557b0d in InOrder (root=0x55555587c1b0) at splay.cpp:254
#17 0x0000555555557abd in InOrder (root=0x555555676350) at splay.cpp:252
#18 0x0000555555557b0d in InOrder (root=0x5555555a24d0) at splay.cpp:254
#19 0x0000555555557b0d in InOrder (root=0x555555732db0) at splay.cpp:254
#20 0x0000555555557b0d in InOrder (root=0x55555587ca50) at splay.cpp:254
#21 0x0000555555557abd in InOrder (root=0x5555557247d0) at splay.cpp:252
#22 0x0000555555557abd in InOrder (root=0x55555587ca10) at splay.cpp:252
#23 0x0000555555557b0d in InOrder (root=0x555555707270) at splay.cpp:254
#24 0x0000555555557b0d in InOrder (root=0x55555587d570) at splay.cpp:254
#25 0x0000555555557b0d in InOrder (root=0x55555587d6b0) at splay.cpp:254
#26 0x0000555555557abd in InOrder (root=0x5555556e1d70) at splay.cpp:252
#27 0x0000555555557b0d in InOrder (root=0x5555555852d0) at splay.cpp:254
#28 0x0000555555557abd in InOrder (root=0x55555587d9d0) at splay.cpp:252
#29 0x0000555555557b0d in InOrder (root=0x5555555d7910) at splay.cpp:254
#30 0x0000555555557b0d in InOrder (root=0x55555587d8d0) at splay.cpp:254
#31 0x0000555555557b0d in InOrder (root=0x5555557cfed0) at splay.cpp:254
#32 0x0000555555557b0d in InOrder (root=0x555555774190) at splay.cpp:254
#33 0x0000555555557b0d in InOrder (root=0x555555774870) at splay.cpp:254
#34 0x0000555555557abd in InOrder (root=0x55555587dcb0) at splay.cpp:252
#35 0x0000555555557b0d in InOrder (root=0x555555693810) at splay.cpp:254
#36 0x0000555555557b0d in InOrder (root=0x555555634c10) at splay.cpp:254
#37 0x0000555555557b0d in InOrder (root=0x55555587dcd0) at splay.cpp:254
#38 0x00005555555564fe in main (argc=3, argv=0x7fffffffdfb8) at main.cpp:35

21	in ../sysdeps/unix/sysv/linux/write.c

Backtrace END
Fliping a bit of the pointer
Memory content before bitflip:0xd00xdc0x870x550x550x550x000x00
Fault Model: Double bit-flip
base address to flip value: 0x7fffffffdc08
address max offset: 8
Memory content after  bitflip:0xd00xdc0x870x550x550x110x000x00
frame name: InOrder
symbol name: root
symbol filename: splay.cpp
symbol line: 248
value: 0x55555587dcd0
value address: 0x7fffffffdc08
Type: The type is a pointer.
Type sizeof: 8

[INFO -- 2018-11-30 22:46:21]
Fault Injection Successful after 1.2155704498291016s
[INFO -- 2018-11-30 22:46:21]
event type: exit
[INFO -- 2018-11-30 22:46:21]
exit code: 0
