[INFO -- 2018-11-30 23:58:41]
sending 5 signals using command: 'killall -2 main' after 2.15641303836s
[INFO -- 2018-11-30 23:58:43]
sending 5 signals using command: 'killall -2 main' after 3.89854467581s
[INFO -- 2018-11-30 23:58:43]
sending 5 signals using command: 'killall -2 main' after 4.57069381855s
[INFO -- 2018-11-30 23:58:43]
Starting GDB script
[INFO -- 2018-11-30 23:58:43]
initSignal:0.0
[INFO -- 2018-11-30 23:58:43]
endSignal:5.0
[INFO -- 2018-11-30 23:58:44]
sending 5 signals using command: 'killall -2 main' after 0.225158806751s
[INFO -- 2018-11-30 23:58:44]
sending 5 signals using command: 'killall -2 main' after 0.973948320231s
[INFO -- 2018-11-30 23:58:45]
sending 5 signals using command: 'killall -2 main' after 1.26603036391s
[INFO -- 2018-11-30 23:58:45]
Execution finished before waitTime
