[INFO -- 2018-10-12 02:13:52]
Starting flip_value script
version: 1.1
[INFO -- 2018-10-12 02:13:52]
Initialization strings:
[INFO -- 2018-10-12 02:13:52]
(1) file /tmp/BTree/main
[INFO -- 2018-10-12 02:13:52]
(2)  set args /tmp/BTree/input_100000 /tmp/BTree/output_100000
[INFO -- 2018-10-12 02:13:52]
initSignal:0
[INFO -- 2018-10-12 02:13:52]
endSignal:2
[INFO -- 2018-10-12 02:13:52]
faultModel:4
[INFO -- 2018-10-12 02:13:52]
Backtrace BEGIN:
#0  BTreeNode::insertNonFull (this=0x5555559cdb00, k=4496368) at BTree.cpp:522
#1  0x00005555555560d9 in BTreeNode::insertNonFull (this=0x555555a273b0, k=4496368) at BTree.cpp:533
#2  0x00005555555560d9 in BTreeNode::insertNonFull (this=0x555555a27320, k=4496368) at BTree.cpp:533
#3  0x0000555555555f18 in BTree::insert (this=0x7fffffffddc0, k=4496368) at BTree.cpp:487
#4  0x0000555555556601 in main (argc=3, argv=0x7fffffffded8) at BTree.cpp:665

517			// Find the child which is going to have the new key
518			while (i >= 0 && keys[i] > k)
519				i--;
520	
521			// See if the found child is full
522			if (C[i+1]->n == 2*t-1)
523			{
524				// If the child is full, then split it
525				splitChild(i+1, C[i+1]);
526	

Backtrace END
Fliping a bit of the pointer
Memory content before bitflip:0xc00xdd0xff0xff0xff0x7f0x000x00
Fault Model: LSB bit-flip
base address to flip value: 0x7fffffffdd68
address max offset: 8
Memory content after  bitflip:0xc00xdd0xff0xff0xff0x7f0x000x20
frame name: BTree::insert
symbol name: this
symbol filename: BTree.cpp
symbol line: 0
value: 0x7fffffffddc0
value address: 0x7fffffffdd68
Type: The type is a pointer.
Type sizeof: 8

[INFO -- 2018-10-12 02:13:52]
Fault Injection Successful after 0.7665579319000244s
[INFO -- 2018-10-12 02:13:53]
event type: exit
[INFO -- 2018-10-12 02:13:53]
exit code: 0
