[INFO -- 2018-12-09 02:39:14]
Starting flip_value script
version: 1.1
[INFO -- 2018-12-09 02:39:14]
Initialization strings:
[INFO -- 2018-12-09 02:39:14]
(1) file /tmp/RBTree-dup/main_dup
[INFO -- 2018-12-09 02:39:14]
(2)  set args /tmp/RBTree-dup/input_100000 /tmp/RBTree-dup/output_100000 /tmp/RBTree-dup/RBTree-dup-detection.log /tmp/RBTree-dup/output2_100000
[INFO -- 2018-12-09 02:39:14]
initSignal:0
[INFO -- 2018-12-09 02:39:14]
endSignal:2
[INFO -- 2018-12-09 02:39:14]
faultModel:4
[INFO -- 2018-12-09 02:39:14]
Backtrace BEGIN:
#0  0x00007ffff72b884c in _int_malloc (av=av@entry=0x7ffff760fc40 <main_arena>, bytes=bytes@entry=32) at malloc.c:3641
#1  0x00007ffff72bb0fc in __GI___libc_malloc (bytes=32) at malloc.c:3057
#2  0x00007ffff7adf1a8 in operator new(unsigned long) () from /usr/lib/x86_64-linux-gnu/libstdc++.so.6
#3  0x0000555555556f25 in RBTree::insertValue(int) ()
#4  0x000055555555584c in runner(char*) ()
#5  0x0000555555555b60 in main ()

3636	malloc.c: Arquivo ou diretório inexistente.

Backtrace END
Fliping a bit of the value pointed by a pointer
Fliping value of field: counts
Fliping array at pos: 44
Memory content before bitflip:0x00
Fault Model: LSB bit-flip
base address to flip value: 0x55555575c03c 
address max offset: 1
Memory content after  bitflip:0x01
frame name: __GI___libc_malloc
symbol name: tcache
symbol filename: malloc.c
symbol line: 2921
value: 0x55555575c010
value address: 0x7ffff7fd16d0
Type: The type is a pointer.
Type sizeof: 8

[INFO -- 2018-12-09 02:39:14]
Fault Injection Successful after 0.538487434387207s
[INFO -- 2018-12-09 02:39:14]
event type: exit
[INFO -- 2018-12-09 02:39:14]
exit code: 0
