[INFO -- 2018-10-16 20:37:08]
Starting flip_value script
version: 1.1
[INFO -- 2018-10-16 20:37:08]
Initialization strings:
[INFO -- 2018-10-16 20:37:08]
(1) file /tmp/RBTree/main
[INFO -- 2018-10-16 20:37:08]
(2) set args  /tmp/RBTree/input_ /tmp/RBTree/output_
[INFO -- 2018-10-16 20:37:08]
initSignal:0
[INFO -- 2018-10-16 20:37:08]
endSignal:2
[INFO -- 2018-10-16 20:37:08]
faultModel:4
[EXCEPTION -- 2018-10-16 20:37:08]
gdbException: Tentativo de desreferenciar um ponteiro genérico.
[INFO -- 2018-10-16 20:37:08]
Backtrace BEGIN:
#0  0x00007ffff7b58d09 in std::istreambuf_iterator<char, std::char_traits<char> > std::num_get<char, std::istreambuf_iterator<char, std::char_traits<char> > >::_M_extract_int<long>(std::istreambuf_iterator<char, std::char_traits<char> >, std::istreambuf_iterator<char, std::char_traits<char> >, std::ios_base&, std::_Ios_Iostate&, long&) const () from /usr/lib/x86_64-linux-gnu/libstdc++.so.6
#1  0x00007ffff7b479b6 in std::istream::operator>>(int&) () from /usr/lib/x86_64-linux-gnu/libstdc++.so.6
#2  0x0000555555555a94 in std::istream_iterator<int, char, std::char_traits<char>, long>::_M_read (this=0x7fffffffdac0) at /usr/include/c++/7/bits/stream_iterator.h:121
#3  0x0000555555555dc0 in std::istream_iterator<int, char, std::char_traits<char>, long>::operator++ (this=0x7fffffffdac0) at /usr/include/c++/7/bits/stream_iterator.h:95
#4  0x0000555555555d01 in std::vector<int, std::allocator<int> >::_M_range_initialize<std::istream_iterator<int, char, std::char_traits<char>, long> > (this=0x7fffffffdc10, __first=..., __last=...) at /usr/include/c++/7/bits/stl_vector.h:1308
#5  0x0000555555555bd4 in std::vector<int, std::allocator<int> >::_M_initialize_dispatch<std::istream_iterator<int, char, std::char_traits<char>, long> > (this=0x7fffffffdc10, __first=..., __last=...) at /usr/include/c++/7/bits/stl_vector.h:1299
#6  0x0000555555555949 in std::vector<int, std::allocator<int> >::vector<std::istream_iterator<int, char, std::char_traits<char>, long>, void> (this=0x7fffffffdc10, __first=..., __last=..., __a=...) at /usr/include/c++/7/bits/stl_vector.h:414
#7  0x000055555555558c in main (argc=3, argv=0x7fffffffdf38) at main.cpp:32

2284	in rtld.c

Backtrace END
Fliping a bit of the value pointed by a pointer
Fliping value of field: _M_value
Memory content before bitflip:0x4a0x440x000x00
Fault Model: LSB bit-flip
base address to flip value: 0x7fffffffdac8
address max offset: 4
Memory content after  bitflip:0x4a0x440x000x08
frame name: std::istream_iterator<int, char, std::char_traits<char>, long>::_M_read
symbol name: this
symbol filename: main.cpp
symbol line: 0
value: 0x7fffffffdac0
value address: 0x7fffffffda28
Type: The type is a pointer.
Type sizeof: 8

[INFO -- 2018-10-16 20:37:08]
Fault Injection Successful after 0.29196858406066895s
[INFO -- 2018-10-16 20:37:08]
event type: exit
[INFO -- 2018-10-16 20:37:08]
exit code: 0
