[INFO -- 2018-12-01 05:53:43]
Starting flip_value script
version: 1.1
[INFO -- 2018-12-01 05:53:43]
Initialization strings:
[INFO -- 2018-12-01 05:53:43]
(1) file /tmp/splay/main
[INFO -- 2018-12-01 05:53:43]
(2) set args /tmp/splay/input_100000 /tmp/splay/output_100000
[INFO -- 2018-12-01 05:53:43]
initSignal:0
[INFO -- 2018-12-01 05:53:43]
endSignal:5
[INFO -- 2018-12-01 05:53:43]
faultModel:0
[INFO -- 2018-12-01 05:53:44]
Backtrace BEGIN:
#0  Splay (key=4960672, root=0x555555613910) at splay.cpp:79
#1  0x0000555555557916 in Insert (key=4960672, root=0x555555838cb0) at splay.cpp:145
#2  0x00005555555564bb in main (argc=3, argv=0x7fffffffdfb8) at main.cpp:31

74				RightTreeMin->lchild = root;
75				RightTreeMin = RightTreeMin->lchild;
76				root = root->lchild;
77				RightTreeMin->lchild = NULL;
78			}
79			else if(key > root->key)
80			{
81				if(!root->rchild)
82					break;
83				if(key > root->rchild->key)

Backtrace END
Memory content before bitflip:0xa00xb10x4b0x00
Fault Model: Single bit-flip
base address to flip value: 0x7fffffffdc1c
address max offset: 4
Memory content after  bitflip:0x800xb10x4b0x00
frame name: Insert
symbol name: key
symbol filename: splay.cpp
symbol line: 132
value: 4960640
value address: 0x7fffffffdc1c
Type: The type is an integer type.
Type sizeof: 4

[INFO -- 2018-12-01 05:53:44]
Fault Injection Successful after 1.019312858581543s
[INFO -- 2018-12-01 05:53:44]
event type: exit
[INFO -- 2018-12-01 05:53:44]
exit code: 0
