[INFO -- 2018-11-30 18:56:22]
Starting flip_value script
version: 1.1
[INFO -- 2018-11-30 18:56:22]
Initialization strings:
[INFO -- 2018-11-30 18:56:22]
(1) file /tmp/splay/main
[INFO -- 2018-11-30 18:56:22]
(2) set args /tmp/splay/input_100000 /tmp/splay/output_100000
[INFO -- 2018-11-30 18:56:22]
initSignal:0
[INFO -- 2018-11-30 18:56:22]
endSignal:5
[INFO -- 2018-11-30 18:56:22]
faultModel:1
[EXCEPTION -- 2018-11-30 18:56:23]
pythonException: Unable to exit loop in struct fields; Exiting wihtout making a bit flip
[EXCEPTION -- 2018-11-30 18:56:23]
pythonException: Unable to exit loop in struct fields; Exiting wihtout making a bit flip
[INFO -- 2018-11-30 18:56:23]
event type: exit
[INFO -- 2018-11-30 18:56:23]
exit code: 0
