[INFO -- 2018-11-26 00:56:46]
Starting flip_value script
version: 1.1
[INFO -- 2018-11-26 00:56:46]
Initialization strings:
[INFO -- 2018-11-26 00:56:46]
(1) file /tmp/BTree-dup/main
[INFO -- 2018-11-26 00:56:46]
(2)  set args /tmp/BTree-dup/input_100000 /tmp/BTree-dup/output_100000 /tmp/BTree-dup-detection.log /tmp/BTree-dup/output2_100000
[INFO -- 2018-11-26 00:56:46]
initSignal:0
[INFO -- 2018-11-26 00:56:46]
endSignal:2
[INFO -- 2018-11-26 00:56:46]
faultModel:0
[INFO -- 2018-11-26 00:56:48]
Backtrace BEGIN:
#0  0x00005555555576b7 in std::bitset<16ul>::_M_copy_to_string<char, std::char_traits<char>, std::allocator<char> > (this=0x7fffffffdac0, __s="0100010110000000", __zero=48 '0', __one=49 '1') at /usr/include/c++/7/bitset:1408
#1  0x00005555555573d7 in std::operator<< <char, std::char_traits<char>, 16ul> (__os=..., __x=std::bitset = {...}) at /usr/include/c++/7/bitset:1538
#2  0x0000555555556912 in BTreeNode::traverse (this=0x555555987f60) at BTree_dup.cpp:594
#3  0x00005555555568d7 in BTreeNode::traverse (this=0x5555558c21a0) at BTree_dup.cpp:593
#4  0x00005555555568d7 in BTreeNode::traverse (this=0x555555a23480) at BTree_dup.cpp:593
#5  0x000055555555695f in BTreeNode::traverse (this=0x5555558735a0) at BTree_dup.cpp:599
#6  0x000055555555695f in BTreeNode::traverse (this=0x55555581e7c0) at BTree_dup.cpp:599
#7  0x000055555555695f in BTreeNode::traverse (this=0x555555940110) at BTree_dup.cpp:599
#8  0x00005555555568d7 in BTreeNode::traverse (this=0x5555559d1310) at BTree_dup.cpp:593
#9  0x000055555555695f in BTreeNode::traverse (this=0x555555a2abc0) at BTree_dup.cpp:599
#10 0x000055555555695f in BTreeNode::traverse (this=0x555555a2ab30) at BTree_dup.cpp:599
#11 0x00005555555572bb in BTree::traverse (this=0x7fffffffdd40) at BTree_dup.cpp:139
#12 0x0000555555556fbd in main (argc=5, argv=0x7fffffffde68) at BTree_dup.cpp:718

1403	      bitset<_Nb>::
1404	      _M_copy_to_string(std::basic_string<_CharT, _Traits, _Alloc>& __s,
1405				_CharT __zero, _CharT __one) const
1406	      {
1407		__s.assign(_Nb, __zero);
1408		for (size_t __i = _Nb; __i > 0; --__i)
1409		  if (_Unchecked_test(__i - 1))
1410		    _Traits::assign(__s[_Nb - __i], __one);
1411	      }
1412	

Backtrace END
Memory content before bitflip:0x020x000x000x00
Fault Model: Single bit-flip
base address to flip value: 0x7fffffffdbfc
address max offset: 4
Memory content after  bitflip:0x420x000x000x00
frame name: BTreeNode::traverse
symbol name: i
symbol filename: BTree_dup.cpp
symbol line: 587
value: 66
value address: 0x7fffffffdbfc
Type: The type is an integer type.
Type sizeof: 4

[INFO -- 2018-11-26 00:56:48]
Fault Injection Successful after 2.2447938919067383s
[INFO -- 2018-11-26 00:56:48]
event type: exit
[INFO -- 2018-11-26 00:56:48]
exit code: 0
