[INFO -- 2018-12-09 15:53:47]
sending 5 signals using command: 'killall -2 main' after 3.22340530592s
[INFO -- 2018-12-09 15:53:49]
sending 5 signals using command: 'killall -2 main' after 4.56296712025s
[INFO -- 2018-12-09 15:53:49]
sending 5 signals using command: 'killall -2 main' after 4.680785392s
[INFO -- 2018-12-09 15:53:49]
Starting GDB script
[INFO -- 2018-12-09 15:53:49]
initSignal:0.0
[INFO -- 2018-12-09 15:53:49]
endSignal:5.0
[INFO -- 2018-12-09 15:53:49]
sending 5 signals using command: 'killall -2 main' after 0.0516571438558s
[INFO -- 2018-12-09 15:53:49]
sending 5 signals using command: 'killall -2 main' after 0.0736115660626s
[INFO -- 2018-12-09 15:53:49]
sending 5 signals using command: 'killall -2 main' after 0.35518727625s
[INFO -- 2018-12-09 15:53:52]
Execution finished before waitTime
