[INFO -- 2018-10-12 09:00:30]
Starting flip_value script
version: 1.1
[INFO -- 2018-10-12 09:00:30]
Initialization strings:
[INFO -- 2018-10-12 09:00:30]
(1) file /tmp/BTree/main
[INFO -- 2018-10-12 09:00:30]
(2)  set args /tmp/BTree/input_100000 /tmp/BTree/output_100000
[INFO -- 2018-10-12 09:00:30]
initSignal:0
[INFO -- 2018-10-12 09:00:30]
endSignal:2
[INFO -- 2018-10-12 09:00:30]
faultModel:1
[EXCEPTION -- 2018-10-12 09:00:30]
gdbException: Tentativo de desreferenciar um ponteiro genérico.
[INFO -- 2018-10-12 09:00:30]
event type: exit
[INFO -- 2018-10-12 09:00:30]
exit code: 0
