[INFO -- 2018-12-01 03:29:35]
Starting flip_value script
version: 1.1
[INFO -- 2018-12-01 03:29:35]
Initialization strings:
[INFO -- 2018-12-01 03:29:35]
(1) file /tmp/splay/main
[INFO -- 2018-12-01 03:29:35]
(2) set args /tmp/splay/input_100000 /tmp/splay/output_100000
[INFO -- 2018-12-01 03:29:35]
initSignal:0
[INFO -- 2018-12-01 03:29:35]
endSignal:5
[INFO -- 2018-12-01 03:29:35]
faultModel:3
[INFO -- 2018-12-01 03:29:36]
Backtrace BEGIN:
#0  __memmove_avx_unaligned_erms () at ../sysdeps/x86_64/multiarch/memmove-vec-unaligned-erms.S:300
#1  0x00007ffff7cb6952 in _IO_new_file_xsputn (f=0x7ffff7e10760 <_IO_2_1_stdout_>, data=0x5555555700f0, n=16) at fileops.c:1243
#2  0x00007ffff7cab1d8 in __GI__IO_fwrite (buf=0x5555555700f0, size=1, count=16, fp=0x7ffff7e10760 <_IO_2_1_stdout_>) at libioP.h:839
#3  0x00007ffff7f42f54 in std::basic_ostream<char, std::char_traits<char> >& std::__ostream_insert<char, std::char_traits<char> >(std::basic_ostream<char, std::char_traits<char> >&, char const*, long) () from /usr/lib/x86_64-linux-gnu/libstdc++.so.6
#4  0x0000555555557e00 in std::operator<< <char, std::char_traits<char>, 16ul> (__os=..., __x=std::bitset = {...}) at /usr/include/c++/8/bitset:1543
#5  0x0000555555557ae8 in InOrder (root=0x555555837870) at splay.cpp:253
#6  0x0000555555557b0d in InOrder (root=0x5555555b4c70) at splay.cpp:254
#7  0x0000555555557abd in InOrder (root=0x555555574590) at splay.cpp:252
#8  0x0000555555557b0d in InOrder (root=0x555555853410) at splay.cpp:254
#9  0x0000555555557b0d in InOrder (root=0x555555756090) at splay.cpp:254
#10 0x0000555555557b0d in InOrder (root=0x55555576b2f0) at splay.cpp:254
#11 0x0000555555557b0d in InOrder (root=0x555555859e50) at splay.cpp:254
#12 0x0000555555557b0d in InOrder (root=0x555555858af0) at splay.cpp:254
#13 0x0000555555557abd in InOrder (root=0x55555585af10) at splay.cpp:252
#14 0x0000555555557abd in InOrder (root=0x5555556e2130) at splay.cpp:252
#15 0x0000555555557abd in InOrder (root=0x555555871ab0) at splay.cpp:252
#16 0x0000555555557abd in InOrder (root=0x555555873e30) at splay.cpp:252
#17 0x0000555555557b0d in InOrder (root=0x555555832af0) at splay.cpp:254
#18 0x0000555555557abd in InOrder (root=0x5555555e48d0) at splay.cpp:252
#19 0x0000555555557b0d in InOrder (root=0x5555557cf3d0) at splay.cpp:254
#20 0x0000555555557abd in InOrder (root=0x55555587aa30) at splay.cpp:252
#21 0x0000555555557abd in InOrder (root=0x5555556a0cd0) at splay.cpp:252
#22 0x0000555555557b0d in InOrder (root=0x55555587c250) at splay.cpp:254
#23 0x0000555555557b0d in InOrder (root=0x5555557c9250) at splay.cpp:254
#24 0x0000555555557b0d in InOrder (root=0x55555587ccb0) at splay.cpp:254
#25 0x0000555555557abd in InOrder (root=0x55555587d1f0) at splay.cpp:252
#26 0x0000555555557abd in InOrder (root=0x55555587d350) at splay.cpp:252
#27 0x0000555555557b0d in InOrder (root=0x5555555eff30) at splay.cpp:254
#28 0x0000555555557abd in InOrder (root=0x555555602730) at splay.cpp:252
#29 0x0000555555557abd in InOrder (root=0x55555587daf0) at splay.cpp:252
#30 0x0000555555557abd in InOrder (root=0x55555587db70) at splay.cpp:252
#31 0x0000555555557abd in InOrder (root=0x555555602350) at splay.cpp:252
#32 0x0000555555557abd in InOrder (root=0x55555574fdf0) at splay.cpp:252
#33 0x0000555555557abd in InOrder (root=0x555555683210) at splay.cpp:252
#34 0x0000555555557abd in InOrder (root=0x55555587dc90) at splay.cpp:252
#35 0x0000555555557abd in InOrder (root=0x555555696ef0) at splay.cpp:252
#36 0x0000555555557abd in InOrder (root=0x55555587dcd0) at splay.cpp:252
#37 0x00005555555564fe in main (argc=3, argv=0x7fffffffdfb8) at main.cpp:35

295	in ../sysdeps/x86_64/multiarch/memmove-vec-unaligned-erms.S

Backtrace END
Fliping a bit of the pointer
Memory content before bitflip:0x500x920x7c0x550x550x550x000x00
Fault Model: Zero bit-flip
base address to flip value: 0x7fffffffd998
address max offset: 8
Memory content after  bitflip:0x000x000x000x000x000x000x000x00
frame name: InOrder
symbol name: root
symbol filename: splay.cpp
symbol line: 248
value: 0x5555557c9250
value address: 0x7fffffffd998
Type: The type is a pointer.
Type sizeof: 8

[INFO -- 2018-12-01 03:29:36]
Fault Injection Successful after 1.1912522315979004s
[INFO -- 2018-12-01 03:29:36]
event type: exit
[INFO -- 2018-12-01 03:29:36]
exit code: 0
