[INFO -- 2018-12-09 01:52:30]
Starting flip_value script
version: 1.1
[INFO -- 2018-12-09 01:52:30]
Initialization strings:
[INFO -- 2018-12-09 01:52:30]
(1) file /tmp/Tree234/main
[INFO -- 2018-12-09 01:52:30]
(2) set args /tmp/Tree234/input_50000 /tmp/Tree234/output_50000
[INFO -- 2018-12-09 01:52:30]
initSignal:0
[INFO -- 2018-12-09 01:52:30]
endSignal:2
[INFO -- 2018-12-09 01:52:30]
faultModel:3
[EXCEPTION -- 2018-12-09 01:52:31]
pythonException: 'bool' object is not iterable
[INFO -- 2018-12-09 01:52:31]
Backtrace BEGIN:
#0  0x00007ffff72d7eab in _int_free (av=<optimized out>, p=<optimized out>, have_lock=0) at malloc.c:4105
#1  0x00007ffff72dc53c in __GI___libc_free (mem=<optimized out>) at malloc.c:2968
#2  0x0000000000402954 in std::basic_ostream<char, std::char_traits<char> >& std::operator<< <char, std::char_traits<char>, 16ul>(std::basic_ostream<char, std::char_traits<char> >&, std::bitset<16ul> const&) ()
#3  0x00000000004022d3 in Arvore234::imprime(no*) ()
#4  0x0000000000402340 in Arvore234::imprime(no*) ()
#5  0x0000000000402340 in Arvore234::imprime(no*) ()
#6  0x0000000000402340 in Arvore234::imprime(no*) ()
#7  0x0000000000402340 in Arvore234::imprime(no*) ()
#8  0x0000000000402340 in Arvore234::imprime(no*) ()
#9  0x0000000000402340 in Arvore234::imprime(no*) ()
#10 0x0000000000402340 in Arvore234::imprime(no*) ()
#11 0x0000000000402340 in Arvore234::imprime(no*) ()
#12 0x0000000000402340 in Arvore234::imprime(no*) ()
#13 0x0000000000402340 in Arvore234::imprime(no*) ()
#14 0x0000000000402380 in Arvore234::imprime() ()
#15 0x0000000000402594 in main ()

4100	in malloc.c

Backtrace END
Memory content before bitflip:0x800x000x000x000x000x000x000x00
Fault Model: Zero bit-flip
base address to flip value: 0x7ffff761e7f8 
address max offset: 8
Memory content after  bitflip:0x000x000x000x000x000x000x000x00
frame name: _int_free
symbol name: global_max_fast
symbol filename: malloc.c
symbol line: 1786
value: 0
value address: 0x7ffff761e7f8 <global_max_fast>
Type: The type is an integer type.
Type sizeof: 8

[INFO -- 2018-12-09 01:52:31]
Fault Injection Successful after 1.4212079048156738s
[INFO -- 2018-12-09 01:52:31]
event type: exit
[INFO -- 2018-12-09 01:52:31]
exit code: 0
