[INFO -- 2018-11-25 23:21:38]
Starting flip_value script
version: 1.1
[INFO -- 2018-11-25 23:21:38]
Initialization strings:
[INFO -- 2018-11-25 23:21:38]
(1) file /tmp/BTree-dup/main
[INFO -- 2018-11-25 23:21:38]
(2)  set args /tmp/BTree-dup/input_100000 /tmp/BTree-dup/output_100000 /tmp/BTree-dup-detection.log /tmp/BTree-dup/output2_100000
[INFO -- 2018-11-25 23:21:38]
initSignal:0
[INFO -- 2018-11-25 23:21:38]
endSignal:2
[INFO -- 2018-11-25 23:21:38]
faultModel:3
[EXCEPTION -- 2018-11-25 23:21:39]
gdbException: Tentativo de desreferenciar um ponteiro genérico.
[INFO -- 2018-11-25 23:21:39]
Backtrace BEGIN:
#0  malloc (n=14) at dl-minimal.c:50
#1  <function called from gdb>
#2  malloc (n=14) at dl-minimal.c:50
#3  <function called from gdb>
#4  malloc (n=14) at dl-minimal.c:50
#5  <function called from gdb>
#6  0x00007ffff72b843a in _int_malloc (av=av@entry=0x7ffff760fc40 <main_arena>, bytes=bytes@entry=20) at malloc.c:4131
#7  0x00007ffff72bb0fc in __GI___libc_malloc (bytes=20) at malloc.c:3057
#8  0x00007ffff7adf1a8 in operator new(unsigned long) () from /usr/lib/x86_64-linux-gnu/libstdc++.so.6
#9  0x000055555555588c in BTreeNode::BTreeNode (this=0x555555fe51a0, t1=3, leaf1=true) at BTree_dup.cpp:164
#10 0x000055555555667b in BTreeNode::splitChild (this=0x555555da1180, i=2, y=0x555555e17c80) at BTree_dup.cpp:545
#11 0x00005555555565ed in BTreeNode::insertNonFull (this=0x555555da1180, k=2069640) at BTree_dup.cpp:527
#12 0x0000555555556639 in BTreeNode::insertNonFull (this=0x555555f4bf60, k=2069640) at BTree_dup.cpp:535
#13 0x0000555555556639 in BTreeNode::insertNonFull (this=0x555555bbfc50, k=2069640) at BTree_dup.cpp:535
#14 0x0000555555556639 in BTreeNode::insertNonFull (this=0x555555bca6c0, k=2069640) at BTree_dup.cpp:535
#15 0x0000555555556639 in BTreeNode::insertNonFull (this=0x555555dbe3d0, k=2069640) at BTree_dup.cpp:535
#16 0x0000555555556639 in BTreeNode::insertNonFull (this=0x555555f9c1e0, k=2069640) at BTree_dup.cpp:535
#17 0x0000555555556639 in BTreeNode::insertNonFull (this=0x555555ce1f30, k=2069640) at BTree_dup.cpp:535
#18 0x0000555555556639 in BTreeNode::insertNonFull (this=0x555555ef6e20, k=2069640) at BTree_dup.cpp:535
#19 0x0000555555556478 in BTree::insert (this=0x7fffffffda50, k=2069640) at BTree_dup.cpp:489
#20 0x0000555555556c25 in runner (input=0x7fffffffe22a "/tmp/BTree-dup/input_100000") at BTree_dup.cpp:664
#21 0x0000555555556f7a in main (argc=5, argv=0x7fffffffde68) at BTree_dup.cpp:712

45	in dl-minimal.c

Backtrace END
Memory content before bitflip:0x880x940x1f0x00
Fault Model: Zero bit-flip
base address to flip value: 0x7fffffffd934
address max offset: 4
Memory content after  bitflip:0x000x000x000x00
frame name: BTreeNode::insertNonFull
symbol name: k
symbol filename: BTree_dup.cpp
symbol line: 496
value: 0
value address: 0x7fffffffd934
Type: The type is an integer type.
Type sizeof: 4

[INFO -- 2018-11-25 23:21:39]
Fault Injection Successful after 1.754164218902588s
[INFO -- 2018-11-25 23:21:40]
event type: exit
[INFO -- 2018-11-25 23:21:40]
exit code: 0
