[INFO -- 2018-11-25 22:03:31]
Starting flip_value script
version: 1.1
[INFO -- 2018-11-25 22:03:31]
Initialization strings:
[INFO -- 2018-11-25 22:03:31]
(1) file /tmp/BTree-dup/main
[INFO -- 2018-11-25 22:03:31]
(2)  set args /tmp/BTree-dup/input_100000 /tmp/BTree-dup/output_100000 /tmp/BTree-dup-detection.log /tmp/BTree-dup/output2_100000
[INFO -- 2018-11-25 22:03:31]
initSignal:0
[INFO -- 2018-11-25 22:03:31]
endSignal:2
[INFO -- 2018-11-25 22:03:31]
faultModel:3
[INFO -- 2018-11-25 22:03:32]
Backtrace BEGIN:
#0  0x00007ffff7b70f60 in std::__cxx11::basic_string<char, std::char_traits<char>, std::allocator<char> >::~basic_string() () from /usr/lib/x86_64-linux-gnu/libstdc++.so.6
#1  0x00005555555573f9 in std::operator<< <char, std::char_traits<char>, 16ul> (__os=..., __x=std::bitset = {...}) at /usr/include/c++/7/bitset:1533
#2  0x0000555555556912 in BTreeNode::traverse (this=0x555555d9d820) at BTree_dup.cpp:594
#3  0x00005555555568d7 in BTreeNode::traverse (this=0x555555bf1de0) at BTree_dup.cpp:593
#4  0x00005555555568d7 in BTreeNode::traverse (this=0x555555d39860) at BTree_dup.cpp:593
#5  0x00005555555568d7 in BTreeNode::traverse (this=0x555555e0ae10) at BTree_dup.cpp:593
#6  0x000055555555695f in BTreeNode::traverse (this=0x555555d84e60) at BTree_dup.cpp:599
#7  0x00005555555568d7 in BTreeNode::traverse (this=0x555555cde930) at BTree_dup.cpp:593
#8  0x00005555555568d7 in BTreeNode::traverse (this=0x555555ce1fc0) at BTree_dup.cpp:593
#9  0x000055555555695f in BTreeNode::traverse (this=0x555555ce1f30) at BTree_dup.cpp:599
#10 0x00005555555568d7 in BTreeNode::traverse (this=0x555555ef6e20) at BTree_dup.cpp:593
#11 0x00005555555572bb in BTree::traverse (this=0x7fffffffdd50) at BTree_dup.cpp:139
#12 0x0000555555556ff9 in main (argc=5, argv=0x7fffffffde68) at BTree_dup.cpp:725

687	        }
688	    }
689	}
690	
691	int main(int argc, char * argv[]) {
692	
693	    if (argc != 5){
694	        cerr << "Uso correto: ./main [input file] [output file] [log file] [output2 file]" << endl;
695	        return 0;
696	    }

Backtrace END
Memory content before bitflip:0x000x000x000x00
Fault Model: Zero bit-flip
base address to flip value: 0x7fffffffdb7c
address max offset: 4
Memory content after  bitflip:0x000x000x000x00
frame name: BTreeNode::traverse
symbol name: i
symbol filename: BTree_dup.cpp
symbol line: 587
value: 0
value address: 0x7fffffffdb7c
Type: The type is an integer type.
Type sizeof: 4

[INFO -- 2018-11-25 22:03:32]
Fault Injection Successful after 1.7879838943481445s
[INFO -- 2018-11-25 22:03:33]
event type: exit
[INFO -- 2018-11-25 22:03:33]
exit code: 0
