[INFO -- 2018-11-30 21:53:48]
Starting flip_value script
version: 1.1
[INFO -- 2018-11-30 21:53:48]
Initialization strings:
[INFO -- 2018-11-30 21:53:48]
(1) file /tmp/splay/main
[INFO -- 2018-11-30 21:53:48]
(2) set args /tmp/splay/input_100000 /tmp/splay/output_100000
[INFO -- 2018-11-30 21:53:48]
initSignal:0
[INFO -- 2018-11-30 21:53:48]
endSignal:5
[INFO -- 2018-11-30 21:53:48]
faultModel:0
[EXCEPTION -- 2018-11-30 21:53:48]
gdbException: Attempt to dereference a generic pointer.
[INFO -- 2018-11-30 21:53:48]
Backtrace BEGIN:
#0  dl_main (phdr=<optimized out>, phnum=<optimized out>, user_entry=<optimized out>, auxv=<optimized out>) at rtld.c:2298
#1  0x00007ffff7fed5b0 in _dl_sysdep_start (start_argptr=start_argptr@entry=0x7fffffffdfb0, dl_main=dl_main@entry=0x7ffff7fd5810 <dl_main>) at ../elf/dl-sysdep.c:253
#2  0x00007ffff7fd52b8 in _dl_start_final (arg=0x7fffffffdfb0) at rtld.c:415
#3  _dl_start (arg=0x7fffffffdfb0) at rtld.c:522
#4  0x00007ffff7fd4098 in _start () from /lib64/ld-linux-x86-64.so.2
#5  0x0000000000000003 in ?? ()
#6  0x00007fffffffe306 in ?? ()
#7  0x00007fffffffe316 in ?? ()
#8  0x00007fffffffe32e in ?? ()
#9  0x0000000000000000 in ?? ()

2293	in rtld.c

Backtrace END
Memory content before bitflip:0x2c0x6f0x460x1c0x9c0x370x000x00
Fault Model: Single bit-flip
base address to flip value: 0x7ffff7ffc6e0 
address max offset: 8
Memory content after  bitflip:0x2c0x4f0x460x1c0x9c0x370x000x00
frame name: _dl_start_final
symbol name: start_time
symbol filename: rtld.c
symbol line: 309
value: 61143628795692
value address: 0x7ffff7ffc6e0 <start_time>
Type: The type is an integer type.
Type sizeof: 8

[INFO -- 2018-11-30 21:53:48]
Fault Injection Successful after 0.7055280208587646s
[INFO -- 2018-11-30 21:53:48]
event type: exit
[INFO -- 2018-11-30 21:53:48]
exit code: 0
