[INFO -- 2018-12-09 15:25:56]
Starting flip_value script
version: 1.1
[INFO -- 2018-12-09 15:25:56]
Initialization strings:
[INFO -- 2018-12-09 15:25:56]
(1) file /tmp/RBTree-dup/main_dup
[INFO -- 2018-12-09 15:25:56]
(2)  set args /tmp/RBTree-dup/input_100000 /tmp/RBTree-dup/output_100000 /tmp/RBTree-dup/RBTree-dup-detection.log tmp/RBTree-dup/output2_100000
[INFO -- 2018-12-09 15:25:56]
initSignal:0
[INFO -- 2018-12-09 15:25:56]
endSignal:2
[INFO -- 2018-12-09 15:25:56]
faultModel:4
[INFO -- 2018-12-09 15:25:57]
Backtrace BEGIN:
#0  0x00007ffff7334947 in __GI___close_nocancel (fd=4) at ../sysdeps/unix/sysv/linux/close.c:37
#1  0x00007ffff72b01f8 in _IO_new_file_close_it (fp=fp@entry=0x55555576e0d0) at fileops.c:143
#2  0x00007ffff72a2387 in _IO_new_fclose (fp=0x55555576e0d0) at iofclose.c:53
#3  0x0000555555555a61 in compare_output(char*, char*, char*) ()
#4  0x0000555555555c1f in main ()

32	../sysdeps/unix/sysv/linux/close.c: Arquivo ou diretório inexistente.

Backtrace END
Fliping value of field: __overflow
Fliping a bit of the value pointed by a pointer
Memory content before bitflip:0x8b
Fault Model: LSB bit-flip
base address to flip value: 0x7ffff72b1300 
address max offset: 1
Memory content after  bitflip:0x0b
frame name: _IO_new_file_close_it
symbol name: _IO_file_jumps_maybe_mmap
symbol filename: fileops.c
symbol line: 1504
value: {__dummy = 0, __dummy2 = 0, __finish = 0x7ffff72b0330 <_IO_new_file_finish>, __overflow = 0x7ffff72b1300 <_IO_new_file_overflow>, __underflow = 0x7ffff72afc60 <_IO_file_underflow_maybe_mmap>, __uflow = 0x7ffff72b23c0 <__GI__IO_default_uflow>, __pbackfail = 0x7ffff72b3c50 <__GI__IO_default_pbackfail>, __xsputn = 0x7ffff72af930 <_IO_new_file_xsputn>, __xsgetn = 0x7ffff72ae980 <_IO_file_xsgetn_maybe_mmap>, __seekoff = 0x7ffff72ae7c0 <_IO_file_seekoff_maybe_mmap>, __seekpos = 0x7ffff72b2990 <_IO_default_seekpos>, __setbuf = 0x7ffff72ae880 <_IO_file_setbuf_mmap>, __sync = 0x7ffff72ae6d0 <_IO_new_file_sync>, __doallocate = 0x7ffff72a2100 <__GI__IO_file_doallocate>, __read = 0x7ffff72af910 <__GI__IO_file_read>, __write = 0x7ffff72af190 <_IO_new_file_write>, __seek = 0x7ffff72ae910 <__GI__IO_file_seek>, __close = 0x7ffff72ae840 <__GI__IO_file_close>, __stat = 0x7ffff72af180 <__GI__IO_file_stat>, __showmanyc = 0x7ffff72b3dd0 <_IO_default_showmanyc>, __imbue = 0x7ffff72b3de0 <_IO_default_imbue>}
value address: 0x7ffff760c120 <_IO_file_jumps_maybe_mmap>
Type: The type is a structure.
Type sizeof: 168
Field name: __dummy
Field Type: The type is an integer type.
Field Type sizeof: 8
Field name: __dummy2
Field Type: The type is an integer type.
Field Type sizeof: 8
Field name: __finish
Field Type: The type is a pointer.
Field Type sizeof: 8
Field name: __overflow
Field Type: The type is a pointer.
Field Type sizeof: 8
Field name: __underflow
Field Type: The type is a pointer.
Field Type sizeof: 8
Field name: __uflow
Field Type: The type is a pointer.
Field Type sizeof: 8
Field name: __pbackfail
Field Type: The type is a pointer.
Field Type sizeof: 8
Field name: __xsputn
Field Type: The type is a pointer.
Field Type sizeof: 8
Field name: __xsgetn
Field Type: The type is a pointer.
Field Type sizeof: 8
Field name: __seekoff
Field Type: The type is a pointer.
Field Type sizeof: 8
Field name: __seekpos
Field Type: The type is a pointer.
Field Type sizeof: 8
Field name: __setbuf
Field Type: The type is a pointer.
Field Type sizeof: 8
Field name: __sync
Field Type: The type is a pointer.
Field Type sizeof: 8
Field name: __doallocate
Field Type: The type is a pointer.
Field Type sizeof: 8
Field name: __read
Field Type: The type is a pointer.
Field Type sizeof: 8
Field name: __write
Field Type: The type is a pointer.
Field Type sizeof: 8
Field name: __seek
Field Type: The type is a pointer.
Field Type sizeof: 8
Field name: __close
Field Type: The type is a pointer.
Field Type sizeof: 8
Field name: __stat
Field Type: The type is a pointer.
Field Type sizeof: 8
Field name: __showmanyc
Field Type: The type is a pointer.
Field Type sizeof: 8
Field name: __imbue
Field Type: The type is a pointer.
Field Type sizeof: 8

[INFO -- 2018-12-09 15:25:57]
Fault Injection Successful after 1.336700201034546s
[INFO -- 2018-12-09 15:25:57]
event type: exit
[INFO -- 2018-12-09 15:25:57]
exit code: 0
