[INFO -- 2018-11-30 23:59:29]
sending 5 signals using command: 'killall -2 main' after 1.86690157318s
[INFO -- 2018-11-30 23:59:30]
sending 5 signals using command: 'killall -2 main' after 2.3488315195s
[INFO -- 2018-11-30 23:59:31]
sending 5 signals using command: 'killall -2 main' after 3.12146233334s
[INFO -- 2018-11-30 23:59:31]
Starting GDB script
[INFO -- 2018-11-30 23:59:31]
initSignal:0.0
[INFO -- 2018-11-30 23:59:31]
endSignal:5.0
[INFO -- 2018-11-30 23:59:31]
sending 5 signals using command: 'killall -2 main' after 0.803435345307s
[INFO -- 2018-11-30 23:59:32]
sending 5 signals using command: 'killall -2 main' after 1.26144892087s
[INFO -- 2018-11-30 23:59:32]
sending 5 signals using command: 'killall -2 main' after 1.32541758061s
[INFO -- 2018-11-30 23:59:32]
Execution finished before waitTime
