[INFO -- 2018-10-18 00:41:04]
Starting flip_value script
version: 1.1
[INFO -- 2018-10-18 00:41:04]
Initialization strings:
[INFO -- 2018-10-18 00:41:04]
(1) file /tmp/Tree234/main
[INFO -- 2018-10-18 00:41:04]
(2) set args /tmp/Tree234/input_50000 /tmp/Tree234/output_50000
[INFO -- 2018-10-18 00:41:04]
initSignal:0
[INFO -- 2018-10-18 00:41:04]
endSignal:2
[INFO -- 2018-10-18 00:41:04]
faultModel:0
[INFO -- 2018-10-18 00:41:04]
Backtrace BEGIN:
#0  0x00007ffff7df247a in __mmap (addr=addr@entry=0x0, len=len@entry=4096, prot=prot@entry=3, flags=flags@entry=34, fd=fd@entry=-1, offset=offset@entry=0) at ../sysdeps/unix/sysv/linux/wordsize-64/mmap.c:34
#1  0x00007ffff7df0e7e in __libc_memalign (align=align@entry=8, n=1056) at dl-minimal.c:78
#2  0x00007ffff7df0f0d in malloc (n=<optimized out>) at dl-minimal.c:95
#3  0x00007ffff7df0f3e in calloc (nmemb=nmemb@entry=1056, size=size@entry=1) at dl-minimal.c:114
#4  0x00007ffff7dd7af1 in init_tls () at rtld.c:605
#5  0x00007ffff7ddac14 in dl_main (phdr=<optimized out>, phnum=<optimized out>, user_entry=<optimized out>, auxv=<optimized out>) at rtld.c:1722
#6  0x00007ffff7df0632 in _dl_sysdep_start (start_argptr=start_argptr@entry=0x7fffffffde70, dl_main=dl_main@entry=0x7ffff7dd91e0 <dl_main>) at ../elf/dl-sysdep.c:249
#7  0x00007ffff7dd8c2a in _dl_start_final (arg=0x7fffffffde70) at rtld.c:323
#8  _dl_start (arg=0x7fffffffde70) at rtld.c:429
#9  0x00007ffff7dd7c38 in _start () from /lib64/ld-linux-x86-64.so.2
#10 0x0000000000000003 in ?? ()
#11 0x00007fffffffe20c in ?? ()
#12 0x00007fffffffe21e in ?? ()
#13 0x00007fffffffe237 in ?? ()
#14 0x0000000000000000 in ?? ()

29	in ../sysdeps/unix/sysv/linux/wordsize-64/mmap.c

Backtrace END
Fliping array at pos: 14
Memory content before bitflip:0x65
Fault Model: Single bit-flip
base address to flip value: 0x7ffff7df652e  
address max offset: 1
Memory content after  bitflip:0x25
frame name: malloc
symbol name: _itoa_lower_digits
symbol filename: dl-minimal.c
symbol line: 342
value: "0123456789abcd%f"
value address: 0x7ffff7df6520 <_itoa_lower_digits>
Type: The type is an array.
Type sizeof: 16
Field name: None
Field Type: A range type, that is, an integer type with bounds.
Field Type sizeof: 8
Field Type range: (0, 15)

[INFO -- 2018-10-18 00:41:04]
Fault Injection Successful after 0.30316948890686035s
[INFO -- 2018-10-18 00:41:04]
event type: exit
[INFO -- 2018-10-18 00:41:04]
exit code: 0
