[INFO -- 2018-12-01 11:45:02]
Starting flip_value script
version: 1.1
[INFO -- 2018-12-01 11:45:02]
Initialization strings:
[INFO -- 2018-12-01 11:45:02]
(1) file /tmp/splay/main
[INFO -- 2018-12-01 11:45:02]
(2) set args /tmp/splay/input_100000 /tmp/splay/output_100000
[INFO -- 2018-12-01 11:45:02]
initSignal:0
[INFO -- 2018-12-01 11:45:02]
endSignal:5
[INFO -- 2018-12-01 11:45:02]
faultModel:2
[INFO -- 2018-12-01 11:45:02]
Backtrace BEGIN:
#0  Splay (key=1620523, root=0x5555555db6f0) at splay.cpp:60
#1  0x0000555555557916 in Insert (key=1620523, root=0x555555636050) at splay.cpp:145
#2  0x00005555555564bb in main (argc=3, argv=0x7fffffffdfb8) at main.cpp:31

55		 The zig/zag mode would only happen when cannot find key and will reach
56		 null on one side after RR or LL Rotation.
57		 */
58		while(1)
59		{
60			if(key < root->key)
61			{
62				if(!root->lchild)
63					break;
64				if(key < root->lchild->key)

Backtrace END
Fliping value of field: _M_ok
Memory content before bitflip:0x00
Fault Model: Random bit-flip
base address to flip value: 0x7fffffffdc6c
address max offset: 1
Memory content after  bitflip:0x9c
frame name: main
symbol name: end
symbol filename: main.cpp
symbol line: 26
value: {<std::iterator<std::input_iterator_tag, int, long, int const*, int const&>> = {<No data fields>}, _M_stream = 0x0, _M_value = 0, _M_ok = 156}
value address: 0x7fffffffdc60
Type: The type is a structure.
Type sizeof: 16
Field name: std::iterator<std::input_iterator_tag, int, long, int const*, int const&>
Field Type: The type is a structure.
Field Type sizeof: 1
Field name: _M_stream
Field Type: The type is a pointer.
Field Type sizeof: 8
Field name: _M_value
Field Type: The type is an integer type.
Field Type sizeof: 4
Field name: _M_ok
Field Type: A boolean type.
Field Type sizeof: 1

[INFO -- 2018-12-01 11:45:02]
Fault Injection Successful after 0.8632936477661133s
[INFO -- 2018-12-01 11:45:03]
event type: exit
[INFO -- 2018-12-01 11:45:03]
exit code: 0
