[INFO -- 2018-11-25 21:38:52]
Starting flip_value script
version: 1.1
[INFO -- 2018-11-25 21:38:52]
Initialization strings:
[INFO -- 2018-11-25 21:38:52]
(1) file /tmp/BTree-dup/main
[INFO -- 2018-11-25 21:38:52]
(2)  set args /tmp/BTree-dup/input_100000 /tmp/BTree-dup/output_100000 /tmp/BTree-dup-detection.log /tmp/BTree-dup/output2_100000
[INFO -- 2018-11-25 21:38:52]
initSignal:0
[INFO -- 2018-11-25 21:38:52]
endSignal:2
[INFO -- 2018-11-25 21:38:52]
faultModel:2
[EXCEPTION -- 2018-11-25 21:38:53]
pythonException: Unable to exit loop in struct fields; Exiting wihtout making a bit flip
[INFO -- 2018-11-25 21:38:54]
Backtrace BEGIN:
#0  0x00005555555565ad in BTreeNode::insertNonFull (this=0x5555558f20e0, k=2246795) at BTree_dup.cpp:524
#1  0x0000555555556639 in BTreeNode::insertNonFull (this=0x555555acfef0, k=2246795) at BTree_dup.cpp:535
#2  0x0000555555556639 in BTreeNode::insertNonFull (this=0x555555815c40, k=2246795) at BTree_dup.cpp:535
#3  0x0000555555556639 in BTreeNode::insertNonFull (this=0x555555a2ab30, k=2246795) at BTree_dup.cpp:535
#4  0x0000555555556478 in BTree::insert (this=0x7fffffffda50, k=2246795) at BTree_dup.cpp:489
#5  0x0000555555556c25 in runner (input=0x7fffffffe22a "/tmp/BTree-dup/input_100000") at BTree_dup.cpp:664
#6  0x0000555555556f51 in main (argc=5, argv=0x7fffffffde68) at BTree_dup.cpp:711

519			// Find the child which is going to have the new key
520			while (i >= 0 && keys[i] > k)
521				i--;
522	
523			// See if the found child is full
524			if (C[i+1]->n == 2*t-1)
525			{
526				// If the child is full, then split it
527				splitChild(i+1, C[i+1]);
528	

Backtrace END
Fliping value of field: root
Fliping a bit of the pointer
Memory content before bitflip:0x000x000x000x000x000x000x000x00
Fault Model: Random bit-flip
base address to flip value: 0x7fffffffdd40
address max offset: 8
Memory content after  bitflip:0x620x210x690xc30x0c0xc60x5d0xd4
frame name: main
symbol name: bTree1
symbol filename: BTree_dup.cpp
symbol line: 704
value: {root = 0xd45dc60cc3692162, t = 3}
value address: 0x7fffffffdd40
Type: The type is a structure.
Type sizeof: 16
Field name: root
Field Type: The type is a pointer.
Field Type sizeof: 8
Field name: t
Field Type: The type is an integer type.
Field Type sizeof: 4

[INFO -- 2018-11-25 21:38:54]
Fault Injection Successful after 2.112786293029785s
[INFO -- 2018-11-25 21:38:55]
event type: exit
[INFO -- 2018-11-25 21:38:55]
exit code: 0
