[INFO -- 2018-11-30 21:20:21]
Starting flip_value script
version: 1.1
[INFO -- 2018-11-30 21:20:21]
Initialization strings:
[INFO -- 2018-11-30 21:20:21]
(1) file /tmp/splay/main
[INFO -- 2018-11-30 21:20:21]
(2) set args /tmp/splay/input_100000 /tmp/splay/output_100000
[INFO -- 2018-11-30 21:20:21]
initSignal:0
[INFO -- 2018-11-30 21:20:21]
endSignal:5
[INFO -- 2018-11-30 21:20:21]
faultModel:0
[EXCEPTION -- 2018-11-30 21:20:21]
gdbException: Attempt to dereference a generic pointer.
[INFO -- 2018-11-30 21:20:22]
event type: exit
[INFO -- 2018-11-30 21:20:22]
exit code: 0
