[INFO -- 2018-11-25 22:59:33]
Starting flip_value script
version: 1.1
[INFO -- 2018-11-25 22:59:33]
Initialization strings:
[INFO -- 2018-11-25 22:59:33]
(1) file /tmp/BTree-dup/main
[INFO -- 2018-11-25 22:59:33]
(2)  set args /tmp/BTree-dup/input_100000 /tmp/BTree-dup/output_100000 /tmp/BTree-dup-detection.log /tmp/BTree-dup/output2_100000
[INFO -- 2018-11-25 22:59:33]
initSignal:0
[INFO -- 2018-11-25 22:59:33]
endSignal:2
[INFO -- 2018-11-25 22:59:33]
faultModel:0
[EXCEPTION -- 2018-11-25 22:59:34]
pythonException: Unable to exit loop in struct fields; Exiting wihtout making a bit flip
[INFO -- 2018-11-25 22:59:34]
Backtrace BEGIN:
#0  0x00005555555565ad in BTreeNode::insertNonFull (this=0x555555b923e0, k=2039831) at BTree_dup.cpp:524
#1  0x0000555555556639 in BTreeNode::insertNonFull (this=0x5555558869e0, k=2039831) at BTree_dup.cpp:535
#2  0x0000555555556639 in BTreeNode::insertNonFull (this=0x555555924030, k=2039831) at BTree_dup.cpp:535
#3  0x0000555555556639 in BTreeNode::insertNonFull (this=0x555555a9a520, k=2039831) at BTree_dup.cpp:535
#4  0x0000555555556639 in BTreeNode::insertNonFull (this=0x555555951b70, k=2039831) at BTree_dup.cpp:535
#5  0x0000555555556639 in BTreeNode::insertNonFull (this=0x555555acfef0, k=2039831) at BTree_dup.cpp:535
#6  0x0000555555556639 in BTreeNode::insertNonFull (this=0x555555815c40, k=2039831) at BTree_dup.cpp:535
#7  0x0000555555556639 in BTreeNode::insertNonFull (this=0x555555a2ab30, k=2039831) at BTree_dup.cpp:535
#8  0x0000555555556478 in BTree::insert (this=0x7fffffffda50, k=2039831) at BTree_dup.cpp:489
#9  0x0000555555556c25 in runner (input=0x7fffffffe22a "/tmp/BTree-dup/input_100000") at BTree_dup.cpp:664
#10 0x0000555555556f51 in main (argc=5, argv=0x7fffffffde68) at BTree_dup.cpp:711

519			// Find the child which is going to have the new key
520			while (i >= 0 && keys[i] > k)
521				i--;
522	
523			// See if the found child is full
524			if (C[i+1]->n == 2*t-1)
525			{
526				// If the child is full, then split it
527				splitChild(i+1, C[i+1]);
528	

Backtrace END
Fliping a bit of the pointer
Memory content before bitflip:0x300x400x920x550x550x550x000x00
Fault Model: Single bit-flip
base address to flip value: 0x7fffffffd8d8
address max offset: 8
Memory content after  bitflip:0x300x400x920x550x550x550x000x01
frame name: BTreeNode::insertNonFull
symbol name: this
symbol filename: BTree_dup.cpp
symbol line: 0
value: 0x555555924030
value address: 0x7fffffffd8d8
Type: The type is a pointer.
Type sizeof: 8

[INFO -- 2018-11-25 22:59:34]
Fault Injection Successful after 1.887603759765625s
[INFO -- 2018-11-25 22:59:35]
event type: exit
[INFO -- 2018-11-25 22:59:35]
exit code: 0
