[INFO -- 2018-10-12 06:16:47]
sending 5 signals using command: 'killall -2 main' after 1.87553174361s
[INFO -- 2018-10-12 06:16:47]
sending 5 signals using command: 'killall -2 main' after 1.9201264382s
[INFO -- 2018-10-12 06:16:47]
sending 5 signals using command: 'killall -2 main' after 1.97765123225s
[INFO -- 2018-10-12 06:16:47]
Starting GDB script
[INFO -- 2018-10-12 06:16:47]
initSignal:0.0
[INFO -- 2018-10-12 06:16:47]
endSignal:2.0
[INFO -- 2018-10-12 06:16:48]
sending 5 signals using command: 'killall -2 main' after 0.902911055995s
[INFO -- 2018-10-12 06:16:48]
sending 5 signals using command: 'killall -2 main' after 1.135375823s
[INFO -- 2018-10-12 06:16:49]
sending 5 signals using command: 'killall -2 main' after 1.56619743427s
[INFO -- 2018-10-12 06:16:49]
Execution finished before waitTime
