[INFO -- 2018-10-16 16:34:27]
Starting flip_value script
version: 1.1
[INFO -- 2018-10-16 16:34:27]
Initialization strings:
[INFO -- 2018-10-16 16:34:27]
(1) file /tmp/RBTree/main
[INFO -- 2018-10-16 16:34:27]
(2) set args  /tmp/RBTree/input_ /tmp/RBTree/output_
[INFO -- 2018-10-16 16:34:27]
initSignal:0
[INFO -- 2018-10-16 16:34:27]
endSignal:2
[INFO -- 2018-10-16 16:34:27]
faultModel:4
[INFO -- 2018-10-16 16:34:27]
Backtrace BEGIN:
#0  _dl_setup_hash (map=map@entry=0x7ffff7fd73d0) at dl-lookup.c:947
#1  0x00007ffff7ddc366 in _dl_map_object_from_fd (name=name@entry=0x7ffff7ab6029 "libm.so.6", origname=origname@entry=0x0, fd=-1, fbp=fbp@entry=0x7fffffffd450, realname=<optimized out>, loader=loader@entry=0x7ffff7fd6000, l_type=<optimized out>, mode=<optimized out>, stack_endp=<optimized out>, nsid=<optimized out>) at dl-load.c:1271
#2  0x00007ffff7dddffc in _dl_map_object (loader=0x7ffff7fd6000, name=0x7ffff7ab6029 "libm.so.6", type=1, trace_mode=0, mode=<optimized out>, nsid=<optimized out>) at dl-load.c:2389
#3  0x00007ffff7de3312 in openaux (a=a@entry=0x7fffffffdbc0) at dl-deps.c:63
#4  0x00007ffff7df0c6b in _dl_catch_exception (exception=exception@entry=0x7fffffffdba0, operate=operate@entry=0x7ffff7de32e0 <openaux>, args=args@entry=0x7fffffffdbc0) at dl-error-skeleton.c:196
#5  0x00007ffff7de3618 in _dl_map_object_deps (map=map@entry=0x7ffff7ffe170, preloads=<optimized out>, npreloads=npreloads@entry=0, trace_mode=trace_mode@entry=0, open_mode=open_mode@entry=0) at dl-deps.c:249
#6  0x00007ffff7dd8ea6 in dl_main (phdr=<optimized out>, phnum=<optimized out>, user_entry=<optimized out>, auxv=<optimized out>) at rtld.c:1726
#7  0x00007ffff7defdd0 in _dl_sysdep_start (start_argptr=start_argptr@entry=0x7fffffffdf30, dl_main=dl_main@entry=0x7ffff7dd7660 <dl_main>) at ../elf/dl-sysdep.c:253
#8  0x00007ffff7dd7128 in _dl_start_final (arg=0x7fffffffdf30) at rtld.c:414
#9  _dl_start (arg=0x7fffffffdf30) at rtld.c:521
#10 0x00007ffff7dd6098 in _start () from /lib64/ld-linux-x86-64.so.2
#11 0x0000000000000003 in ?? ()
#12 0x00007fffffffe2a4 in ?? ()
#13 0x00007fffffffe2b5 in ?? ()
#14 0x00007fffffffe2c8 in ?? ()
#15 0x0000000000000000 in ?? ()

942	dl-lookup.c: Arquivo ou diretório inexistente.

Backtrace END
Fliping array at pos: 45
Memory content before bitflip:0x67
Fault Model: LSB bit-flip
base address to flip value: 0x7ffff7df508d  
address max offset: 1
Memory content after  bitflip:0x63
frame name: _dl_map_object
symbol name: system_dirs
symbol filename: dl-load.c
symbol line: 112
value: "/lib/x86_64-linux-gnu/\000/usr/lib/x86_64-linux-cnu/\000/lib/\000/usr/lib/"
value address: 0x7ffff7df5060 <system_dirs>
Type: The type is an array.
Type sizeof: 66
Field name: None
Field Type: A range type, that is, an integer type with bounds.
Field Type sizeof: 8
Field Type range: (0, 65)

[INFO -- 2018-10-16 16:34:27]
Fault Injection Successful after 0.4448537826538086s
[INFO -- 2018-10-16 16:34:27]
event type: exit
[INFO -- 2018-10-16 16:34:27]
exit code: 0
