[INFO -- 2018-11-25 23:48:05]
Starting flip_value script
version: 1.1
[INFO -- 2018-11-25 23:48:05]
Initialization strings:
[INFO -- 2018-11-25 23:48:05]
(1) file /tmp/BTree-dup/main
[INFO -- 2018-11-25 23:48:05]
(2)  set args /tmp/BTree-dup/input_100000 /tmp/BTree-dup/output_100000 /tmp/BTree-dup-detection.log /tmp/BTree-dup/output2_100000
[INFO -- 2018-11-25 23:48:05]
initSignal:0
[INFO -- 2018-11-25 23:48:05]
endSignal:2
[INFO -- 2018-11-25 23:48:05]
faultModel:2
[EXCEPTION -- 2018-11-25 23:48:07]
pythonException: Unable to exit loop in struct fields; Exiting wihtout making a bit flip
[INFO -- 2018-11-25 23:48:07]
Backtrace BEGIN:
#0  0x00007ffff7b712d3 in std::__cxx11::basic_string<char, std::char_traits<char>, std::allocator<char> >::operator[](unsigned long) () from /usr/lib/x86_64-linux-gnu/libstdc++.so.6
#1  0x00005555555576a0 in std::bitset<16ul>::_M_copy_to_string<char, std::char_traits<char>, std::allocator<char> > (this=0x7fffffffdb00, __s="00001", '0' <repete 11 vezes>, __zero=48 '0', __one=49 '1') at /usr/include/c++/7/bitset:1410
#2  0x00005555555573d7 in std::operator<< <char, std::char_traits<char>, 16ul> (__os=..., __x=std::bitset = {...}) at /usr/include/c++/7/bitset:1538
#3  0x0000555555556912 in BTreeNode::traverse (this=0x555555db73e0) at BTree_dup.cpp:594
#4  0x00005555555568d7 in BTreeNode::traverse (this=0x555555f718b0) at BTree_dup.cpp:593
#5  0x00005555555568d7 in BTreeNode::traverse (this=0x555555f26fa0) at BTree_dup.cpp:593
#6  0x000055555555695f in BTreeNode::traverse (this=0x555555d7b8c0) at BTree_dup.cpp:599
#7  0x000055555555695f in BTreeNode::traverse (this=0x555555bee510) at BTree_dup.cpp:599
#8  0x00005555555568d7 in BTreeNode::traverse (this=0x555555ef6d90) at BTree_dup.cpp:593
#9  0x00005555555568d7 in BTreeNode::traverse (this=0x555555ef6eb0) at BTree_dup.cpp:593
#10 0x000055555555695f in BTreeNode::traverse (this=0x555555ef6e20) at BTree_dup.cpp:599
#11 0x00005555555572bb in BTree::traverse (this=0x7fffffffdd50) at BTree_dup.cpp:139
#12 0x0000555555556ff9 in main (argc=5, argv=0x7fffffffde68) at BTree_dup.cpp:725

687	        }
688	    }
689	}
690	
691	int main(int argc, char * argv[]) {
692	
693	    if (argc != 5){
694	        cerr << "Uso correto: ./main [input file] [output file] [log file] [output2 file]" << endl;
695	        return 0;
696	    }

Backtrace END
Fliping a bit of the value pointed by a pointer
Fliping value of field: root
Fliping a bit of the value pointed by a pointer
Fliping value of field: keys
Fliping a bit of the value pointed by a pointer
Memory content before bitflip:0xe40x8e0x2c0x00
Fault Model: Random bit-flip
base address to flip value: 0x555555ef6e50
address max offset: 4
Memory content after  bitflip:0x7e0xcc0x830xcf
frame name: BTree::traverse
symbol name: this
symbol filename: BTree_dup.cpp
symbol line: 0
value: 0x7fffffffdd50
value address: 0x7fffffffdce8
Type: The type is a pointer.
Type sizeof: 8

[INFO -- 2018-11-25 23:48:07]
Fault Injection Successful after 2.3982725143432617s
[INFO -- 2018-11-25 23:48:07]
event type: exit
[INFO -- 2018-11-25 23:48:07]
exit code: 0
