[INFO -- 2018-12-01 08:17:59]
Starting flip_value script
version: 1.1
[INFO -- 2018-12-01 08:17:59]
Initialization strings:
[INFO -- 2018-12-01 08:17:59]
(1) file /tmp/splay/main
[INFO -- 2018-12-01 08:17:59]
(2) set args /tmp/splay/input_100000 /tmp/splay/output_100000
[INFO -- 2018-12-01 08:17:59]
initSignal:0
[INFO -- 2018-12-01 08:17:59]
endSignal:5
[INFO -- 2018-12-01 08:17:59]
faultModel:0
[EXCEPTION -- 2018-12-01 08:17:59]
pythonException: Unable to exit loop in struct fields; Exiting wihtout making a bit flip
[INFO -- 2018-12-01 08:18:00]
Backtrace BEGIN:
#0  0x0000555555557a8c in InOrder (root=0x55555555b040 <std::cout@@GLIBCXX_3.4>) at splay.cpp:249
#1  0x0000555555557b0d in InOrder (root=0x555555687bb0) at splay.cpp:254
#2  0x0000555555557abd in InOrder (root=0x55555577bab0) at splay.cpp:252
#3  0x0000555555557b0d in InOrder (root=0x55555574cdf0) at splay.cpp:254
#4  0x0000555555557b0d in InOrder (root=0x5555555d9530) at splay.cpp:254
#5  0x0000555555557abd in InOrder (root=0x555555747b50) at splay.cpp:252
#6  0x0000555555557b0d in InOrder (root=0x5555557fb390) at splay.cpp:254
#7  0x0000555555557b0d in InOrder (root=0x55555583ad50) at splay.cpp:254
#8  0x0000555555557b0d in InOrder (root=0x555555724390) at splay.cpp:254
#9  0x0000555555557b0d in InOrder (root=0x555555863410) at splay.cpp:254
#10 0x0000555555557b0d in InOrder (root=0x5555557758b0) at splay.cpp:254
#11 0x0000555555557b0d in InOrder (root=0x555555869d10) at splay.cpp:254
#12 0x0000555555557abd in InOrder (root=0x555555797630) at splay.cpp:252
#13 0x0000555555557b0d in InOrder (root=0x5555555d9d10) at splay.cpp:254
#14 0x0000555555557abd in InOrder (root=0x55555586a750) at splay.cpp:252
#15 0x0000555555557b0d in InOrder (root=0x555555875ed0) at splay.cpp:254
#16 0x0000555555557abd in InOrder (root=0x555555879610) at splay.cpp:252
#17 0x0000555555557abd in InOrder (root=0x555555717c70) at splay.cpp:252
#18 0x0000555555557b0d in InOrder (root=0x5555558798b0) at splay.cpp:254
#19 0x0000555555557b0d in InOrder (root=0x55555587c390) at splay.cpp:254
#20 0x0000555555557abd in InOrder (root=0x55555587c230) at splay.cpp:252
#21 0x0000555555557abd in InOrder (root=0x5555556d8e70) at splay.cpp:252
#22 0x0000555555557abd in InOrder (root=0x5555557d0290) at splay.cpp:252
#23 0x0000555555557abd in InOrder (root=0x55555587cbd0) at splay.cpp:252
#24 0x0000555555557abd in InOrder (root=0x55555587cf30) at splay.cpp:252
#25 0x0000555555557abd in InOrder (root=0x55555563a2f0) at splay.cpp:252
#26 0x0000555555557b0d in InOrder (root=0x555555581df0) at splay.cpp:254
#27 0x0000555555557b0d in InOrder (root=0x55555560ac10) at splay.cpp:254
#28 0x0000555555557b0d in InOrder (root=0x55555587d9b0) at splay.cpp:254
#29 0x0000555555557b0d in InOrder (root=0x555555794190) at splay.cpp:254
#30 0x0000555555557b0d in InOrder (root=0x555555771bf0) at splay.cpp:254
#31 0x0000555555557b0d in InOrder (root=0x55555587dad0) at splay.cpp:254
#32 0x0000555555557abd in InOrder (root=0x55555587d8d0) at splay.cpp:252
#33 0x0000555555557b0d in InOrder (root=0x5555557cfed0) at splay.cpp:254
#34 0x0000555555557b0d in InOrder (root=0x555555774190) at splay.cpp:254
#35 0x0000555555557b0d in InOrder (root=0x555555774870) at splay.cpp:254
#36 0x0000555555557abd in InOrder (root=0x55555587dcb0) at splay.cpp:252
#37 0x0000555555557b0d in InOrder (root=0x555555693810) at splay.cpp:254
#38 0x0000555555557b0d in InOrder (root=0x555555634c10) at splay.cpp:254
#39 0x0000555555557b0d in InOrder (root=0x55555587dcd0) at splay.cpp:254
#40 0x00005555555564fe in main (argc=3, argv=0x7fffffffdfb8) at main.cpp:35

244	{
245		return Splay(key, root);
246	}
247	
248	void InOrder(splay* root)
249	{
250		if(root)
251		{
252			InOrder(root->lchild);
253			std::cout<<std::bitset<16>(root->key)<<std::endl;

Backtrace END
Fliping a bit of the value pointed by a pointer
Fliping value of field: rchild
Fliping a bit of the value pointed by a pointer
Fliping value of field: key
Memory content before bitflip:0x290x7c0x2b0x00
Fault Model: Single bit-flip
base address to flip value: 0x555555774190
address max offset: 4
Memory content after  bitflip:0x290x7c0x2b0x20
frame name: InOrder
symbol name: root
symbol filename: splay.cpp
symbol line: 248
value: 0x555555774870
value address: 0x7fffffffdb48
Type: The type is a pointer.
Type sizeof: 8

[INFO -- 2018-12-01 08:18:00]
Fault Injection Successful after 1.0422351360321045s
[INFO -- 2018-12-01 08:18:00]
event type: exit
[INFO -- 2018-12-01 08:18:00]
exit code: 0
