[INFO -- 2018-12-01 07:39:25]
Starting flip_value script
version: 1.1
[INFO -- 2018-12-01 07:39:25]
Initialization strings:
[INFO -- 2018-12-01 07:39:25]
(1) file /tmp/splay/main
[INFO -- 2018-12-01 07:39:25]
(2) set args /tmp/splay/input_100000 /tmp/splay/output_100000
[INFO -- 2018-12-01 07:39:25]
initSignal:0
[INFO -- 2018-12-01 07:39:25]
endSignal:5
[INFO -- 2018-12-01 07:39:25]
faultModel:0
[INFO -- 2018-12-01 07:39:26]
Backtrace BEGIN:
#0  Splay (key=1422784, root=0x5555556609f0) at splay.cpp:60
#1  0x0000555555557916 in Insert (key=1422784, root=0x555555737d30) at splay.cpp:145
#2  0x00005555555564bb in main (argc=3, argv=0x7fffffffdfb8) at main.cpp:31

55		 The zig/zag mode would only happen when cannot find key and will reach
56		 null on one side after RR or LL Rotation.
57		 */
58		while(1)
59		{
60			if(key < root->key)
61			{
62				if(!root->lchild)
63					break;
64				if(key < root->lchild->key)

Backtrace END
Memory content before bitflip:0xc00xb50x150x00
Fault Model: Single bit-flip
base address to flip value: 0x7fffffffdc1c
address max offset: 4
Memory content after  bitflip:0xc80xb50x150x00
frame name: Insert
symbol name: key
symbol filename: splay.cpp
symbol line: 132
value: 1422792
value address: 0x7fffffffdc1c
Type: The type is an integer type.
Type sizeof: 4

[INFO -- 2018-12-01 07:39:26]
Fault Injection Successful after 1.2247395515441895s
[INFO -- 2018-12-01 07:39:26]
event type: exit
[INFO -- 2018-12-01 07:39:26]
exit code: 0
