[INFO -- 2018-10-16 21:26:48]
Starting flip_value script
version: 1.1
[INFO -- 2018-10-16 21:26:48]
Initialization strings:
[INFO -- 2018-10-16 21:26:48]
(1) file /tmp/RBTree/main
[INFO -- 2018-10-16 21:26:48]
(2) set args  /tmp/RBTree/input_ /tmp/RBTree/output_
[INFO -- 2018-10-16 21:26:48]
initSignal:0
[INFO -- 2018-10-16 21:26:48]
endSignal:2
[INFO -- 2018-10-16 21:26:48]
faultModel:4
[EXCEPTION -- 2018-10-16 21:26:49]
pythonException: Unable to exit loop in struct fields; Exiting wihtout making a bit flip
[EXCEPTION -- 2018-10-16 21:26:49]
pythonException: Unable to exit loop in struct fields; Exiting wihtout making a bit flip
[INFO -- 2018-10-16 21:26:49]
event type: exit
[INFO -- 2018-10-16 21:26:49]
exit code: 0
