[INFO -- 2018-11-25 23:49:34]
Starting flip_value script
version: 1.1
[INFO -- 2018-11-25 23:49:34]
Initialization strings:
[INFO -- 2018-11-25 23:49:34]
(1) file /tmp/BTree-dup/main
[INFO -- 2018-11-25 23:49:34]
(2)  set args /tmp/BTree-dup/input_100000 /tmp/BTree-dup/output_100000 /tmp/BTree-dup-detection.log /tmp/BTree-dup/output2_100000
[INFO -- 2018-11-25 23:49:34]
initSignal:0
[INFO -- 2018-11-25 23:49:34]
endSignal:2
[INFO -- 2018-11-25 23:49:34]
faultModel:4
[INFO -- 2018-11-25 23:49:35]
Backtrace BEGIN:
#0  0x00005555555565ad in BTreeNode::insertNonFull (this=0x555555acd8b0, k=1424220) at BTree_dup.cpp:524
#1  0x0000555555556639 in BTreeNode::insertNonFull (this=0x555555842df0, k=1424220) at BTree_dup.cpp:535
#2  0x0000555555556639 in BTreeNode::insertNonFull (this=0x55555596a260, k=1424220) at BTree_dup.cpp:535
#3  0x0000555555556639 in BTreeNode::insertNonFull (this=0x5555558f2290, k=1424220) at BTree_dup.cpp:535
#4  0x0000555555556639 in BTreeNode::insertNonFull (this=0x555555815c40, k=1424220) at BTree_dup.cpp:535
#5  0x0000555555556639 in BTreeNode::insertNonFull (this=0x555555a2ab30, k=1424220) at BTree_dup.cpp:535
#6  0x0000555555556478 in BTree::insert (this=0x7fffffffda50, k=1424220) at BTree_dup.cpp:489
#7  0x0000555555556c25 in runner (input=0x7fffffffe22a "/tmp/BTree-dup/input_100000") at BTree_dup.cpp:664
#8  0x0000555555556f51 in main (argc=5, argv=0x7fffffffde68) at BTree_dup.cpp:711

519			// Find the child which is going to have the new key
520			while (i >= 0 && keys[i] > k)
521				i--;
522	
523			// See if the found child is full
524			if (C[i+1]->n == 2*t-1)
525			{
526				// If the child is full, then split it
527				splitChild(i+1, C[i+1]);
528	

Backtrace END
Memory content before bitflip:0x010x000x000x00
Fault Model: LSB bit-flip
base address to flip value: 0x7fffffffd94c
address max offset: 4
Memory content after  bitflip:0x010x000x000x10
frame name: BTreeNode::insertNonFull
symbol name: i
symbol filename: BTree_dup.cpp
symbol line: 499
value: 268435457
value address: 0x7fffffffd94c
Type: The type is an integer type.
Type sizeof: 4

[INFO -- 2018-11-25 23:49:35]
Fault Injection Successful after 1.0455496311187744s
[INFO -- 2018-11-25 23:49:36]
event type: exit
[INFO -- 2018-11-25 23:49:36]
exit code: 0
