[INFO -- 2018-12-01 01:47:39]
Starting flip_value script
version: 1.1
[INFO -- 2018-12-01 01:47:39]
Initialization strings:
[INFO -- 2018-12-01 01:47:39]
(1) file /tmp/splay/main
[INFO -- 2018-12-01 01:47:39]
(2) set args /tmp/splay/input_100000 /tmp/splay/output_100000
[INFO -- 2018-12-01 01:47:39]
initSignal:0
[INFO -- 2018-12-01 01:47:39]
endSignal:5
[INFO -- 2018-12-01 01:47:39]
faultModel:4
[EXCEPTION -- 2018-12-01 01:47:39]
pythonException: Unable to exit loop in struct fields; Exiting wihtout making a bit flip
[INFO -- 2018-12-01 01:47:39]
Backtrace BEGIN:
#0  0x0000555555557ab5 in InOrder (root=0x5555556af0b0) at splay.cpp:252
#1  0x0000555555557abd in InOrder (root=0x555555801bf0) at splay.cpp:252
#2  0x0000555555557abd in InOrder (root=0x55555563f910) at splay.cpp:252
#3  0x0000555555557b0d in InOrder (root=0x5555556874b0) at splay.cpp:254
#4  0x0000555555557b0d in InOrder (root=0x5555556d33b0) at splay.cpp:254
#5  0x0000555555557b0d in InOrder (root=0x555555794570) at splay.cpp:254
#6  0x0000555555557abd in InOrder (root=0x5555555e96f0) at splay.cpp:252
#7  0x0000555555557b0d in InOrder (root=0x5555555960b0) at splay.cpp:254
#8  0x0000555555557b0d in InOrder (root=0x5555556dbc90) at splay.cpp:254
#9  0x0000555555557b0d in InOrder (root=0x5555558788d0) at splay.cpp:254
#10 0x0000555555557b0d in InOrder (root=0x55555587c830) at splay.cpp:254
#11 0x0000555555557abd in InOrder (root=0x55555571a7f0) at splay.cpp:252
#12 0x0000555555557b0d in InOrder (root=0x55555571f9b0) at splay.cpp:254
#13 0x0000555555557b0d in InOrder (root=0x55555587d890) at splay.cpp:254
#14 0x0000555555557abd in InOrder (root=0x55555587dbd0) at splay.cpp:252
#15 0x0000555555557b0d in InOrder (root=0x55555568bd90) at splay.cpp:254
#16 0x0000555555557b0d in InOrder (root=0x55555587dcb0) at splay.cpp:254
#17 0x0000555555557b0d in InOrder (root=0x555555693810) at splay.cpp:254
#18 0x0000555555557b0d in InOrder (root=0x555555634c10) at splay.cpp:254
#19 0x0000555555557b0d in InOrder (root=0x55555587dcd0) at splay.cpp:254
#20 0x00005555555564fe in main (argc=3, argv=0x7fffffffdfb8) at main.cpp:35

247	
248	void InOrder(splay* root)
249	{
250		if(root)
251		{
252			InOrder(root->lchild);
253			std::cout<<std::bitset<16>(root->key)<<std::endl;
254			InOrder(root->rchild);
255		}
256	}

Backtrace END
Fliping a bit of the value pointed by a pointer
Fliping value of field: rchild
Fliping a bit of the pointer
Memory content before bitflip:0x900xbc0x6d0x550x550x550x000x00
Fault Model: LSB bit-flip
base address to flip value: 0x5555558788e0
address max offset: 8
Memory content after  bitflip:0x900xbc0x6d0x550x550x550x000x04
frame name: InOrder
symbol name: root
symbol filename: splay.cpp
symbol line: 248
value: 0x5555558788d0
value address: 0x7fffffffda28
Type: The type is a pointer.
Type sizeof: 8

[INFO -- 2018-12-01 01:47:39]
Fault Injection Successful after 0.9422357082366943s
[INFO -- 2018-12-01 01:47:39]
event type: exit
[INFO -- 2018-12-01 01:47:39]
exit code: 0
