[INFO -- 2018-12-01 03:17:41]
Starting flip_value script
version: 1.1
[INFO -- 2018-12-01 03:17:41]
Initialization strings:
[INFO -- 2018-12-01 03:17:41]
(1) file /tmp/splay/main
[INFO -- 2018-12-01 03:17:41]
(2) set args /tmp/splay/input_100000 /tmp/splay/output_100000
[INFO -- 2018-12-01 03:17:41]
initSignal:0
[INFO -- 2018-12-01 03:17:41]
endSignal:5
[INFO -- 2018-12-01 03:17:41]
faultModel:0
[INFO -- 2018-12-01 03:17:41]
Backtrace BEGIN:
#0  0x00007ffff7d34fd4 in __GI___libc_write (fd=1, buf=0x55555587dcf0, nbytes=17) at ../sysdeps/unix/sysv/linux/write.c:26
#1  0x00007ffff7cb633d in _IO_new_file_write (f=0x7ffff7e10760 <_IO_2_1_stdout_>, data=0x55555587dcf0, n=17) at fileops.c:1183
#2  0x00007ffff7cb7a71 in new_do_write (to_do=17, data=0x55555587dcf0 "1011101111100110\n", fp=0x7ffff7e10760 <_IO_2_1_stdout_>) at libioP.h:839
#3  _IO_new_do_write (fp=0x7ffff7e10760 <_IO_2_1_stdout_>, data=0x55555587dcf0 "1011101111100110\n", to_do=17) at fileops.c:433
#4  0x00007ffff7cb56f8 in _IO_new_file_sync (fp=0x7ffff7e10760 <_IO_2_1_stdout_>) at fileops.c:819
#5  0x00007ffff7caa32d in __GI__IO_fflush (fp=0x7ffff7e10760 <_IO_2_1_stdout_>) at libioP.h:839
#6  0x00007ffff7f4201e in std::ostream::flush() () from /usr/lib/x86_64-linux-gnu/libstdc++.so.6
#7  0x0000555555557afd in InOrder (root=0x555555688d90) at splay.cpp:253
#8  0x0000555555557b0d in InOrder (root=0x555555692ff0) at splay.cpp:254
#9  0x0000555555557abd in InOrder (root=0x5555555bb2d0) at splay.cpp:252
#10 0x0000555555557abd in InOrder (root=0x55555574c6b0) at splay.cpp:252
#11 0x0000555555557b0d in InOrder (root=0x5555557eb4d0) at splay.cpp:254
#12 0x0000555555557abd in InOrder (root=0x555555712390) at splay.cpp:252
#13 0x0000555555557abd in InOrder (root=0x555555818410) at splay.cpp:252
#14 0x0000555555557b0d in InOrder (root=0x55555565d050) at splay.cpp:254
#15 0x0000555555557b0d in InOrder (root=0x555555852c50) at splay.cpp:254
#16 0x0000555555557b0d in InOrder (root=0x55555583ec50) at splay.cpp:254
#17 0x0000555555557abd in InOrder (root=0x5555557de7b0) at splay.cpp:252
#18 0x0000555555557abd in InOrder (root=0x555555858c10) at splay.cpp:252
#19 0x0000555555557b0d in InOrder (root=0x5555558003f0) at splay.cpp:254
#20 0x0000555555557b0d in InOrder (root=0x555555870110) at splay.cpp:254
#21 0x0000555555557b0d in InOrder (root=0x5555558796b0) at splay.cpp:254
#22 0x0000555555557b0d in InOrder (root=0x5555556d7f30) at splay.cpp:254
#23 0x0000555555557b0d in InOrder (root=0x55555569cd70) at splay.cpp:254
#24 0x0000555555557b0d in InOrder (root=0x555555651630) at splay.cpp:254
#25 0x0000555555557b0d in InOrder (root=0x55555587d470) at splay.cpp:254
#26 0x0000555555557abd in InOrder (root=0x55555587d530) at splay.cpp:252
#27 0x0000555555557b0d in InOrder (root=0x5555555cec10) at splay.cpp:254
#28 0x0000555555557abd in InOrder (root=0x5555556f88b0) at splay.cpp:252
#29 0x0000555555557b0d in InOrder (root=0x55555574fdf0) at splay.cpp:254
#30 0x0000555555557abd in InOrder (root=0x555555683210) at splay.cpp:252
#31 0x0000555555557abd in InOrder (root=0x55555587dc90) at splay.cpp:252
#32 0x0000555555557abd in InOrder (root=0x555555696ef0) at splay.cpp:252
#33 0x0000555555557abd in InOrder (root=0x55555587dcd0) at splay.cpp:252
#34 0x00005555555564fe in main (argc=3, argv=0x7fffffffdfb8) at main.cpp:35

21	in ../sysdeps/unix/sysv/linux/write.c

Backtrace END
Fliping a bit of the value pointed by a pointer
Fliping value of field: rchild
Fliping a bit of the pointer
Memory content before bitflip:0xf00xdb0x870x550x550x550x000x00
Fault Model: Single bit-flip
base address to flip value: 0x55555587dca0
address max offset: 8
Memory content after  bitflip:0x700xdb0x870x550x550x550x000x00
frame name: InOrder
symbol name: root
symbol filename: splay.cpp
symbol line: 248
value: 0x55555587dc90
value address: 0x7fffffffdba8
Type: The type is a pointer.
Type sizeof: 8

[INFO -- 2018-12-01 03:17:41]
Fault Injection Successful after 0.9740660190582275s
[INFO -- 2018-12-01 03:17:42]
event type: exit
[INFO -- 2018-12-01 03:17:42]
exit code: 0
