[INFO -- 2018-11-30 23:21:50]
Starting flip_value script
version: 1.1
[INFO -- 2018-11-30 23:21:50]
Initialization strings:
[INFO -- 2018-11-30 23:21:50]
(1) file /tmp/splay/main
[INFO -- 2018-11-30 23:21:50]
(2) set args /tmp/splay/input_100000 /tmp/splay/output_100000
[INFO -- 2018-11-30 23:21:50]
initSignal:0
[INFO -- 2018-11-30 23:21:50]
endSignal:5
[INFO -- 2018-11-30 23:21:50]
faultModel:0
[INFO -- 2018-11-30 23:21:50]
Backtrace BEGIN:
#0  _int_malloc (av=av@entry=0x7ffff7e0fc40 <main_arena>, bytes=bytes@entry=24) at malloc.c:3537
#1  0x00007ffff7cc0c23 in __GI___libc_malloc (bytes=24) at malloc.c:3041
#2  0x00007ffff7ec2248 in operator new(unsigned long) () from /usr/lib/x86_64-linux-gnu/libstdc++.so.6
#3  0x0000555555557845 in New_Node (key=121425) at splay.cpp:112
#4  0x00005555555578ca in Insert (key=121425, root=0x5555557a3090) at splay.cpp:136
#5  0x00005555555564bb in main (argc=3, argv=0x7fffffffdfb8) at main.cpp:31

3532	in malloc.c

Backtrace END
Fliping a bit of the value pointed by a pointer
Fliping a bit of the pointer
Memory content before bitflip:0x060xe30xff0xff0xff0x7f0x000x00
Fault Model: Single bit-flip
base address to flip value: 0x7fffffffdfb8
address max offset: 8
Memory content after  bitflip:0x060xe30xfd0xff0xff0x7f0x000x00
frame name: main
symbol name: argv
symbol filename: main.cpp
symbol line: 14
value: 0x7fffffffdfb8
value address: 0x7fffffffdc30
Type: The type is a pointer.
Type sizeof: 8

[INFO -- 2018-11-30 23:21:50]
Fault Injection Successful after 0.4002552032470703s
[INFO -- 2018-11-30 23:21:50]
event type: exit
[INFO -- 2018-11-30 23:21:50]
exit code: 0
