[INFO -- 2018-11-30 20:32:33]
Starting flip_value script
version: 1.1
[INFO -- 2018-11-30 20:32:33]
Initialization strings:
[INFO -- 2018-11-30 20:32:33]
(1) file /tmp/splay/main
[INFO -- 2018-11-30 20:32:33]
(2) set args /tmp/splay/input_100000 /tmp/splay/output_100000
[INFO -- 2018-11-30 20:32:33]
initSignal:0
[INFO -- 2018-11-30 20:32:33]
endSignal:5
[INFO -- 2018-11-30 20:32:33]
faultModel:1
[EXCEPTION -- 2018-11-30 20:32:33]
gdbException: Attempt to dereference a generic pointer.
[EXCEPTION -- 2018-11-30 20:32:34]
pythonException: Unable to exit loop in struct fields; Exiting wihtout making a bit flip
[INFO -- 2018-11-30 20:32:34]
Backtrace BEGIN:
#0  0x00007ffff7d34fd4 in __GI___libc_write (fd=1, buf=0x55555587dcf0, nbytes=17) at ../sysdeps/unix/sysv/linux/write.c:26
#1  0x00007ffff7cb633d in _IO_new_file_write (f=0x7ffff7e10760 <_IO_2_1_stdout_>, data=0x55555587dcf0, n=17) at fileops.c:1183
#2  0x00007ffff7cb7a71 in new_do_write (to_do=17, data=0x55555587dcf0 "0111010000111101\n", fp=0x7ffff7e10760 <_IO_2_1_stdout_>) at libioP.h:839
#3  _IO_new_do_write (fp=0x7ffff7e10760 <_IO_2_1_stdout_>, data=0x55555587dcf0 "0111010000111101\n", to_do=17) at fileops.c:433
#4  0x00007ffff7cb56f8 in _IO_new_file_sync (fp=0x7ffff7e10760 <_IO_2_1_stdout_>) at fileops.c:819
#5  0x00007ffff7caa32d in __GI__IO_fflush (fp=0x7ffff7e10760 <_IO_2_1_stdout_>) at libioP.h:839
#6  0x00007ffff7f4201e in std::ostream::flush() () from /usr/lib/x86_64-linux-gnu/libstdc++.so.6
#7  0x0000555555557afd in InOrder (root=0x555555757a50) at splay.cpp:253
#8  0x0000555555557abd in InOrder (root=0x55555578b230) at splay.cpp:252
#9  0x0000555555557abd in InOrder (root=0x55555583be30) at splay.cpp:252
#10 0x0000555555557b0d in InOrder (root=0x5555557f5010) at splay.cpp:254
#11 0x0000555555557abd in InOrder (root=0x5555555ec770) at splay.cpp:252
#12 0x0000555555557b0d in InOrder (root=0x55555586bc70) at splay.cpp:254
#13 0x0000555555557b0d in InOrder (root=0x5555555f00b0) at splay.cpp:254
#14 0x0000555555557b0d in InOrder (root=0x555555876b90) at splay.cpp:254
#15 0x0000555555557abd in InOrder (root=0x555555580e50) at splay.cpp:252
#16 0x0000555555557b0d in InOrder (root=0x5555556265f0) at splay.cpp:254
#17 0x0000555555557b0d in InOrder (root=0x55555587c1d0) at splay.cpp:254
#18 0x0000555555557abd in InOrder (root=0x55555587a330) at splay.cpp:252
#19 0x0000555555557b0d in InOrder (root=0x55555587c4f0) at splay.cpp:254
#20 0x0000555555557b0d in InOrder (root=0x5555556a9d30) at splay.cpp:254
#21 0x0000555555557b0d in InOrder (root=0x55555587d870) at splay.cpp:254
#22 0x0000555555557b0d in InOrder (root=0x555555720870) at splay.cpp:254
#23 0x0000555555557b0d in InOrder (root=0x55555578fdf0) at splay.cpp:254
#24 0x0000555555557b0d in InOrder (root=0x55555587da90) at splay.cpp:254
#25 0x0000555555557b0d in InOrder (root=0x5555557d8790) at splay.cpp:254
#26 0x0000555555557abd in InOrder (root=0x55555585f590) at splay.cpp:252
#27 0x0000555555557b0d in InOrder (root=0x55555587db50) at splay.cpp:254
#28 0x0000555555557abd in InOrder (root=0x555555774190) at splay.cpp:252
#29 0x0000555555557b0d in InOrder (root=0x555555774870) at splay.cpp:254
#30 0x0000555555557abd in InOrder (root=0x55555587dcb0) at splay.cpp:252
#31 0x0000555555557b0d in InOrder (root=0x555555693810) at splay.cpp:254
#32 0x0000555555557b0d in InOrder (root=0x555555634c10) at splay.cpp:254
#33 0x0000555555557b0d in InOrder (root=0x55555587dcd0) at splay.cpp:254
#34 0x00005555555564fe in main (argc=3, argv=0x7fffffffdfb8) at main.cpp:35

21	in ../sysdeps/unix/sysv/linux/write.c

Backtrace END
Fliping a bit of the pointer
Memory content before bitflip:0x300x9d0x6a0x550x550x550x000x00
Fault Model: Double bit-flip
base address to flip value: 0x7fffffffd998
address max offset: 8
Memory content after  bitflip:0x300x9d0x6a0x550x550x550x410x00
frame name: InOrder
symbol name: root
symbol filename: splay.cpp
symbol line: 248
value: 0x5555556a9d30
value address: 0x7fffffffd998
Type: The type is a pointer.
Type sizeof: 8

[INFO -- 2018-11-30 20:32:34]
Fault Injection Successful after 1.3331501483917236s
[INFO -- 2018-11-30 20:32:34]
event type: exit
[INFO -- 2018-11-30 20:32:34]
exit code: 0
