[INFO -- 2018-12-01 02:01:26]
Starting flip_value script
version: 1.1
[INFO -- 2018-12-01 02:01:26]
Initialization strings:
[INFO -- 2018-12-01 02:01:26]
(1) file /tmp/splay/main
[INFO -- 2018-12-01 02:01:26]
(2) set args /tmp/splay/input_100000 /tmp/splay/output_100000
[INFO -- 2018-12-01 02:01:26]
initSignal:0
[INFO -- 2018-12-01 02:01:26]
endSignal:5
[INFO -- 2018-12-01 02:01:26]
faultModel:0
[EXCEPTION -- 2018-12-01 02:01:26]
pythonException: Unable to exit loop in struct fields; Exiting wihtout making a bit flip
[INFO -- 2018-12-01 02:01:26]
Backtrace BEGIN:
#0  0x00005555555564aa in main (argc=3, argv=0x7fffffffdfb8) at main.cpp:31

26	    std::istream_iterator<KEY_TYPE> start(is), end;
27	    std::vector<KEY_TYPE> v_nodes(start, end);
28	
29	    //insere na arvore
30	    for(int i = 0; i < v_nodes.size(); i++)
31	        root = Insert(v_nodes[i], root);
32	
33	    //salva print da saida em arquivo output
34	    freopen(argv[2],"w",stdout);
35	    InOrder(root);

Backtrace END
Fliping value of field: _M_stream
Fliping a bit of the pointer
Memory content before bitflip:0x000x000x000x000x000x000x000x00
Fault Model: Single bit-flip
base address to flip value: 0x7fffffffdc60
address max offset: 8
Memory content after  bitflip:0x000x400x000x000x000x000x000x00
frame name: main
symbol name: end
symbol filename: main.cpp
symbol line: 26
value: {<std::iterator<std::input_iterator_tag, int, long, int const*, int const&>> = {<No data fields>}, _M_stream = 0x4000, _M_value = 0, _M_ok = false}
value address: 0x7fffffffdc60
Type: The type is a structure.
Type sizeof: 16
Field name: std::iterator<std::input_iterator_tag, int, long, int const*, int const&>
Field Type: The type is a structure.
Field Type sizeof: 1
Field name: _M_stream
Field Type: The type is a pointer.
Field Type sizeof: 8
Field name: _M_value
Field Type: The type is an integer type.
Field Type sizeof: 4
Field name: _M_ok
Field Type: A boolean type.
Field Type sizeof: 1

[INFO -- 2018-12-01 02:01:26]
Fault Injection Successful after 0.5492832660675049s
[INFO -- 2018-12-01 02:01:26]
event type: exit
[INFO -- 2018-12-01 02:01:26]
exit code: 0
