[INFO -- 2018-12-01 07:20:50]
Starting flip_value script
version: 1.1
[INFO -- 2018-12-01 07:20:50]
Initialization strings:
[INFO -- 2018-12-01 07:20:50]
(1) file /tmp/splay/main
[INFO -- 2018-12-01 07:20:50]
(2) set args /tmp/splay/input_100000 /tmp/splay/output_100000
[INFO -- 2018-12-01 07:20:50]
initSignal:0
[INFO -- 2018-12-01 07:20:50]
endSignal:5
[INFO -- 2018-12-01 07:20:50]
faultModel:0
[INFO -- 2018-12-01 07:20:50]
Backtrace BEGIN:
#0  0x000055555555772a in Splay (key=2121596, root=0x555555635e70) at splay.cpp:74
#1  0x0000555555557916 in Insert (key=2121596, root=0x555555636230) at splay.cpp:145
#2  0x00005555555564bb in main (argc=3, argv=0x7fffffffdfb8) at main.cpp:31

69											   just linking it to R Tree */
70					if(!root->lchild)
71						break;
72				}
73				/* Link to R Tree */
74				RightTreeMin->lchild = root;
75				RightTreeMin = RightTreeMin->lchild;
76				root = root->lchild;
77				RightTreeMin->lchild = NULL;
78			}

Backtrace END
Fliping a bit of the value pointed by a pointer
Fliping value of field: key
Memory content before bitflip:0xf10x6e0x250x00
Fault Model: Single bit-flip
base address to flip value: 0x5555555a6050
address max offset: 4
Memory content after  bitflip:0xf10x6e0xa50x00
frame name: Splay
symbol name: RightTreeMin
symbol filename: splay.cpp
symbol line: 51
value: 0x5555555a6050
value address: 0x7fffffffdbd8
Type: The type is a pointer.
Type sizeof: 8

[INFO -- 2018-12-01 07:20:50]
Fault Injection Successful after 0.614983081817627s
[INFO -- 2018-12-01 07:20:50]
event type: exit
[INFO -- 2018-12-01 07:20:50]
exit code: 0
