[INFO -- 2018-12-01 04:18:14]
Starting flip_value script
version: 1.1
[INFO -- 2018-12-01 04:18:14]
Initialization strings:
[INFO -- 2018-12-01 04:18:14]
(1) file /tmp/splay/main
[INFO -- 2018-12-01 04:18:14]
(2) set args /tmp/splay/input_100000 /tmp/splay/output_100000
[INFO -- 2018-12-01 04:18:14]
initSignal:0
[INFO -- 2018-12-01 04:18:14]
endSignal:5
[INFO -- 2018-12-01 04:18:14]
faultModel:1
[EXCEPTION -- 2018-12-01 04:18:15]
gdbException: Attempt to dereference a generic pointer.
[INFO -- 2018-12-01 04:18:15]
event type: exit
[INFO -- 2018-12-01 04:18:15]
exit code: 0
