[INFO -- 2018-12-01 10:34:48]
sending 5 signals using command: 'killall -2 main' after 1.56678154556s
[INFO -- 2018-12-01 10:34:49]
sending 5 signals using command: 'killall -2 main' after 2.14228803292s
[INFO -- 2018-12-01 10:34:50]
sending 5 signals using command: 'killall -2 main' after 3.04690506949s
[INFO -- 2018-12-01 10:34:50]
Starting GDB script
[INFO -- 2018-12-01 10:34:50]
initSignal:0.0
[INFO -- 2018-12-01 10:34:50]
endSignal:5.0
[INFO -- 2018-12-01 10:34:50]
sending 5 signals using command: 'killall -2 main' after 0.37533556519s
[INFO -- 2018-12-01 10:34:50]
sending 5 signals using command: 'killall -2 main' after 0.441779182211s
[INFO -- 2018-12-01 10:34:51]
sending 5 signals using command: 'killall -2 main' after 1.30590374326s
[INFO -- 2018-12-01 10:34:51]
Execution finished before waitTime
