[INFO -- 2018-10-16 20:12:58]
Starting flip_value script
version: 1.1
[INFO -- 2018-10-16 20:12:58]
Initialization strings:
[INFO -- 2018-10-16 20:12:58]
(1) file /tmp/RBTree/main
[INFO -- 2018-10-16 20:12:58]
(2) set args  /tmp/RBTree/input_ /tmp/RBTree/output_
[INFO -- 2018-10-16 20:12:58]
initSignal:0
[INFO -- 2018-10-16 20:12:58]
endSignal:2
[INFO -- 2018-10-16 20:12:58]
faultModel:4
[EXCEPTION -- 2018-10-16 20:12:59]
gdbException: Tentativo de desreferenciar um ponteiro genérico.
[INFO -- 2018-10-16 20:12:59]
event type: exit
[INFO -- 2018-10-16 20:12:59]
exit code: 0
