[INFO -- 2018-12-09 15:31:24]
Starting flip_value script
version: 1.1
[INFO -- 2018-12-09 15:31:24]
Initialization strings:
[INFO -- 2018-12-09 15:31:24]
(1) file /tmp/RBTree-dup/main_dup
[INFO -- 2018-12-09 15:31:24]
(2)  set args /tmp/RBTree-dup/input_100000 /tmp/RBTree-dup/output_100000 /tmp/RBTree-dup/RBTree-dup-detection.log tmp/RBTree-dup/output2_100000
[INFO -- 2018-12-09 15:31:24]
initSignal:0
[INFO -- 2018-12-09 15:31:24]
endSignal:2
[INFO -- 2018-12-09 15:31:24]
faultModel:4
[INFO -- 2018-12-09 15:31:24]
Backtrace BEGIN:
#0  dl_main (phdr=<optimized out>, phnum=<optimized out>, user_entry=<optimized out>, auxv=<optimized out>) at rtld.c:2289
#1  0x00007ffff7defdd0 in _dl_sysdep_start (start_argptr=start_argptr@entry=0x7fffffffde90, dl_main=dl_main@entry=0x7ffff7dd7660 <dl_main>) at ../elf/dl-sysdep.c:253
#2  0x00007ffff7dd7128 in _dl_start_final (arg=0x7fffffffde90) at rtld.c:414
#3  _dl_start (arg=0x7fffffffde90) at rtld.c:521
#4  0x00007ffff7dd6098 in _start () from /lib64/ld-linux-x86-64.so.2
#5  0x0000000000000005 in ?? ()
#6  0x00007fffffffe213 in ?? ()
#7  0x00007fffffffe22c in ?? ()
#8  0x00007fffffffe249 in ?? ()
#9  0x00007fffffffe267 in ?? ()
#10 0x00007fffffffe290 in ?? ()
#11 0x0000000000000000 in ?? ()

2284	rtld.c: Arquivo ou diretório inexistente.

Backtrace END
Fliping value of field: name
Fliping a bit of the pointer
Memory content before bitflip:0x000x000x000x000x000x000x000x00
Fault Model: LSB bit-flip
base address to flip value: 0x7ffff7ffe010 
address max offset: 8
Memory content after  bitflip:0x000x000x000x000x000x000x000x80
frame name: _dl_start
symbol name: _dl_rtld_libname2
symbol filename: rtld.c
symbol line: 302
value: {name = 0x8000000000000000 <error: Não é possível acessar a memória no endereço 0x8000000000000000>, next = 0x0, dont_free = 0}
value address: 0x7ffff7ffe010 <_dl_rtld_libname2>
Type: The type is a structure.
Type sizeof: 24
Field name: name
Field Type: The type is a pointer.
Field Type sizeof: 8
Field name: next
Field Type: The type is a pointer.
Field Type sizeof: 8
Field name: dont_free
Field Type: The type is an integer type.
Field Type sizeof: 4

[INFO -- 2018-12-09 15:31:24]
Fault Injection Successful after 0.22634387016296387s
[INFO -- 2018-12-09 15:31:24]
event type: exit
[INFO -- 2018-12-09 15:31:24]
exit code: 0
