[INFO -- 2018-10-12 07:39:54]
Starting flip_value script
version: 1.1
[INFO -- 2018-10-12 07:39:54]
Initialization strings:
[INFO -- 2018-10-12 07:39:54]
(1) file /tmp/BTree/main
[INFO -- 2018-10-12 07:39:54]
(2)  set args /tmp/BTree/input_100000 /tmp/BTree/output_100000
[INFO -- 2018-10-12 07:39:54]
initSignal:0
[INFO -- 2018-10-12 07:39:54]
endSignal:2
[INFO -- 2018-10-12 07:39:54]
faultModel:2
[EXCEPTION -- 2018-10-12 07:39:54]
pythonException: Unable to exit loop in struct fields; Exiting wihtout making a bit flip
[INFO -- 2018-10-12 07:39:54]
Backtrace BEGIN:
#0  0x00007ffff7af0183 in std::locale::locale(std::locale const&) () from /usr/lib/x86_64-linux-gnu/libstdc++.so.6
#1  0x000055555555673c in std::ios_base::getloc (this=0x555555758048 <std::cout@@GLIBCXX_3.4+8>) at /usr/include/c++/7/bits/ios_base.h:764
#2  0x00005555555568ed in std::operator<< <char, std::char_traits<char>, 16ul> (__os=..., __x=std::bitset) at /usr/include/c++/7/bitset:1537
#3  0x00005555555563b2 in BTreeNode::traverse (this=0x5555557bab00) at BTree.cpp:592
#4  0x00005555555563ff in BTreeNode::traverse (this=0x5555557bac20) at BTree.cpp:597
#5  0x0000555555556377 in BTreeNode::traverse (this=0x5555557bab90) at BTree.cpp:591
#6  0x0000555555556377 in BTreeNode::traverse (this=0x5555558584b0) at BTree.cpp:591
#7  0x0000555555556851 in BTree::traverse (this=0x7fffffffddc0) at BTree.cpp:137
#8  0x0000555555556630 in main (argc=3, argv=0x7fffffffded8) at BTree.cpp:668

647	int myrandom (int i) { return std::rand()%i;}
648	
649	// Driver program to test above functions
650	int main(int argc, char * argv[])
651	{
652	/*********************************/
653	  BTree t(3);
654	  FILE *file = fopen (argv[1], "r");
655	
656	

Backtrace END
Fliping a bit of the pointer
Memory content before bitflip:0xc00xdd0xff0xff0xff0x7f0x000x00
Fault Model: Random bit-flip
base address to flip value: 0x7fffffffdd88
address max offset: 8
Memory content after  bitflip:0x620xe90x700x120x5c0x130x6e0xeb
frame name: BTree::traverse
symbol name: this
symbol filename: BTree.cpp
symbol line: 0
value: 0x7fffffffddc0
value address: 0x7fffffffdd88
Type: The type is a pointer.
Type sizeof: 8

[INFO -- 2018-10-12 07:39:54]
Fault Injection Successful after 0.8698933124542236s
[INFO -- 2018-10-12 07:39:54]
event type: exit
[INFO -- 2018-10-12 07:39:54]
exit code: 0
