[INFO -- 2018-12-01 09:30:56]
sending 5 signals using command: 'killall -2 main' after 2.50490435683s
[INFO -- 2018-12-01 09:30:56]
sending 5 signals using command: 'killall -2 main' after 3.26456186182s
[INFO -- 2018-12-01 09:30:57]
sending 5 signals using command: 'killall -2 main' after 3.80287058955s
[INFO -- 2018-12-01 09:30:57]
Starting GDB script
[INFO -- 2018-12-01 09:30:57]
initSignal:0.0
[INFO -- 2018-12-01 09:30:57]
endSignal:5.0
[INFO -- 2018-12-01 09:30:57]
sending 5 signals using command: 'killall -2 main' after 0.277222962193s
[INFO -- 2018-12-01 09:30:58]
sending 5 signals using command: 'killall -2 main' after 0.735019626209s
[INFO -- 2018-12-01 09:30:58]
sending 5 signals using command: 'killall -2 main' after 1.45894107992s
[INFO -- 2018-12-01 09:30:58]
Execution finished before waitTime
