[INFO -- 2018-12-09 16:49:14]
sending 5 signals using command: 'killall -2 main' after 3.60543578017s
[INFO -- 2018-12-09 16:49:14]
sending 5 signals using command: 'killall -2 main' after 4.24041532572s
[INFO -- 2018-12-09 16:49:14]
sending 5 signals using command: 'killall -2 main' after 4.37369263394s
[INFO -- 2018-12-09 16:49:14]
Starting GDB script
[INFO -- 2018-12-09 16:49:14]
initSignal:0.0
[INFO -- 2018-12-09 16:49:14]
endSignal:5.0
[INFO -- 2018-12-09 16:49:15]
sending 5 signals using command: 'killall -2 main' after 0.0594102585497s
[INFO -- 2018-12-09 16:49:15]
sending 5 signals using command: 'killall -2 main' after 0.87731818091s
[INFO -- 2018-12-09 16:49:16]
sending 5 signals using command: 'killall -2 main' after 1.30888435085s
[INFO -- 2018-12-09 16:49:18]
Execution finished before waitTime
