[INFO -- 2018-11-30 18:02:04]
sending 5 signals using command: 'killall -2 main' after 2.1444158486s
[INFO -- 2018-11-30 18:02:06]
sending 5 signals using command: 'killall -2 main' after 4.69781183884s
[INFO -- 2018-11-30 18:02:06]
sending 5 signals using command: 'killall -2 main' after 4.75553285488s
[INFO -- 2018-11-30 18:02:06]
Starting GDB script
[INFO -- 2018-11-30 18:02:06]
initSignal:0.0
[INFO -- 2018-11-30 18:02:06]
endSignal:5.0
[INFO -- 2018-11-30 18:02:06]
sending 5 signals using command: 'killall -2 main' after 0.152853331962s
[INFO -- 2018-11-30 18:02:07]
sending 5 signals using command: 'killall -2 main' after 0.514752253741s
[INFO -- 2018-11-30 18:02:07]
sending 5 signals using command: 'killall -2 main' after 1.03201415681s
[INFO -- 2018-11-30 18:02:08]
Execution finished before waitTime
