[INFO -- 2018-12-01 01:24:56]
Starting flip_value script
version: 1.1
[INFO -- 2018-12-01 01:24:56]
Initialization strings:
[INFO -- 2018-12-01 01:24:56]
(1) file /tmp/splay/main
[INFO -- 2018-12-01 01:24:56]
(2) set args /tmp/splay/input_100000 /tmp/splay/output_100000
[INFO -- 2018-12-01 01:24:56]
initSignal:0
[INFO -- 2018-12-01 01:24:56]
endSignal:5
[INFO -- 2018-12-01 01:24:56]
faultModel:1
[INFO -- 2018-12-01 01:24:57]
Backtrace BEGIN:
#0  Splay (key=3672965, root=0x5555556512f0) at splay.cpp:64
#1  0x0000555555557916 in Insert (key=3672965, root=0x555555727470) at splay.cpp:145
#2  0x00005555555564bb in main (argc=3, argv=0x7fffffffdfb8) at main.cpp:31

59		{
60			if(key < root->key)
61			{
62				if(!root->lchild)
63					break;
64				if(key < root->lchild->key)
65				{
66					root = RR_Rotate(root); /* only zig-zig mode need to rotate once,
67											   because zig-zag mode is handled as zig
68											   mode, which doesn't require rotate, 

Backtrace END
Fliping a bit of the value pointed by a pointer
Fliping value of field: key
Memory content before bitflip:0x2b0x020x380x00
Fault Model: Double bit-flip
base address to flip value: 0x5555556f5170
address max offset: 4
Memory content after  bitflip:0x0f0x020x380x00
frame name: Splay
symbol name: LeftTreeMax
symbol filename: splay.cpp
symbol line: 50
value: 0x5555556f5170
value address: 0x7fffffffdbd0
Type: The type is a pointer.
Type sizeof: 8

[INFO -- 2018-12-01 01:24:57]
Fault Injection Successful after 1.0910265445709229s
[INFO -- 2018-12-01 01:24:57]
event type: exit
[INFO -- 2018-12-01 01:24:57]
exit code: 0
