[INFO -- 2018-10-16 22:05:46]
sending 5 signals using command: 'killall -2 main' after 1.13249619891s
[INFO -- 2018-10-16 22:05:46]
sending 5 signals using command: 'killall -2 main' after 1.13996666588s
[INFO -- 2018-10-16 22:05:46]
sending 5 signals using command: 'killall -2 main' after 1.22764321348s
[INFO -- 2018-10-16 22:05:46]
Starting GDB script
[INFO -- 2018-10-16 22:05:46]
initSignal:0.0
[INFO -- 2018-10-16 22:05:46]
endSignal:2.0
[INFO -- 2018-10-16 22:05:47]
sending 5 signals using command: 'killall -2 main' after 0.791216514007s
[INFO -- 2018-10-16 22:05:47]
sending 5 signals using command: 'killall -2 main' after 0.820186799452s
[INFO -- 2018-10-16 22:05:47]
sending 5 signals using command: 'killall -2 main' after 0.833850691864s
[INFO -- 2018-10-16 22:05:48]
Execution finished before waitTime
