[INFO -- 2018-11-25 21:47:41]
Starting flip_value script
version: 1.1
[INFO -- 2018-11-25 21:47:41]
Initialization strings:
[INFO -- 2018-11-25 21:47:41]
(1) file /tmp/BTree-dup/main
[INFO -- 2018-11-25 21:47:41]
(2)  set args /tmp/BTree-dup/input_100000 /tmp/BTree-dup/output_100000 /tmp/BTree-dup-detection.log /tmp/BTree-dup/output2_100000
[INFO -- 2018-11-25 21:47:41]
initSignal:0
[INFO -- 2018-11-25 21:47:41]
endSignal:2
[INFO -- 2018-11-25 21:47:41]
faultModel:1
[EXCEPTION -- 2018-11-25 21:47:43]
pythonException: Unable to exit loop in struct fields; Exiting wihtout making a bit flip
[INFO -- 2018-11-25 21:47:44]
Backtrace BEGIN:
#0  0x000055555555791b in std::bitset<16ul>::_Unchecked_test (this=0x7fffffffdb00, __pos=3) at /usr/include/c++/7/bitset:1059
#1  0x0000555555557681 in std::bitset<16ul>::_M_copy_to_string<char, std::char_traits<char>, std::allocator<char> > (this=0x7fffffffdb00, __s="1011001010010000", __zero=48 '0', __one=49 '1') at /usr/include/c++/7/bitset:1409
#2  0x00005555555573d7 in std::operator<< <char, std::char_traits<char>, 16ul> (__os=..., __x=std::bitset = {...}) at /usr/include/c++/7/bitset:1538
#3  0x0000555555556912 in BTreeNode::traverse (this=0x5555559ed870) at BTree_dup.cpp:594
#4  0x00005555555568d7 in BTreeNode::traverse (this=0x5555559ef370) at BTree_dup.cpp:593
#5  0x000055555555695f in BTreeNode::traverse (this=0x555555b632b0) at BTree_dup.cpp:599
#6  0x000055555555695f in BTreeNode::traverse (this=0x555555b65230) at BTree_dup.cpp:599
#7  0x00005555555568d7 in BTreeNode::traverse (this=0x555555860280) at BTree_dup.cpp:593
#8  0x00005555555568d7 in BTreeNode::traverse (this=0x5555559d1310) at BTree_dup.cpp:593
#9  0x000055555555695f in BTreeNode::traverse (this=0x555555a2abc0) at BTree_dup.cpp:599
#10 0x000055555555695f in BTreeNode::traverse (this=0x555555a2ab30) at BTree_dup.cpp:599
#11 0x00005555555572bb in BTree::traverse (this=0x7fffffffdd40) at BTree_dup.cpp:139
#12 0x0000555555556fbd in main (argc=5, argv=0x7fffffffde68) at BTree_dup.cpp:718

1054	      }
1055	
1056	      _GLIBCXX_CONSTEXPR bool
1057	      _Unchecked_test(size_t __pos) const _GLIBCXX_NOEXCEPT
1058	      { return ((this->_M_getword(__pos) & _Base::_S_maskbit(__pos))
1059			!= static_cast<_WordT>(0)); }
1060	      //@}
1061	
1062	      // Set, reset, and flip.
1063	      /**

Backtrace END
Fliping a bit of the value pointed by a reference
Fliping value of field: std::_Base_bitset<1>
Fliping value of field: _M_w
Memory content before bitflip:0x9e0xb20x000x000x000x000x000x00
Fault Model: Double bit-flip
base address to flip value: 0x7fffffffdb00
address max offset: 8
Memory content after  bitflip:0x9e0xb20x000x000xc00x000x000x00
frame name: std::operator<< <char, std::char_traits<char>, 16ul>
symbol name: __x
symbol filename: /usr/include/c++/7/bitset
symbol line: 1531
value: std::bitset = {[1] = 1, [2] = 1, [3] = 1, [4] = 1, [7] = 1, [9] = 1, [12] = 1, [13] = 1, [15] = 1, [38] = 1, [39] = 1}
value address: 0x7fffffffdb00
Type: A reference type.
Type sizeof: 8

[INFO -- 2018-11-25 21:47:44]
Fault Injection Successful after 3.6992878913879395s
[INFO -- 2018-11-25 21:47:45]
event type: exit
[INFO -- 2018-11-25 21:47:45]
exit code: 0
