[INFO -- 2018-11-25 21:42:53]
Starting flip_value script
version: 1.1
[INFO -- 2018-11-25 21:42:53]
Initialization strings:
[INFO -- 2018-11-25 21:42:53]
(1) file /tmp/BTree-dup/main
[INFO -- 2018-11-25 21:42:53]
(2)  set args /tmp/BTree-dup/input_100000 /tmp/BTree-dup/output_100000 /tmp/BTree-dup-detection.log /tmp/BTree-dup/output2_100000
[INFO -- 2018-11-25 21:42:53]
initSignal:0
[INFO -- 2018-11-25 21:42:53]
endSignal:2
[INFO -- 2018-11-25 21:42:53]
faultModel:1
[INFO -- 2018-11-25 21:42:54]
Backtrace BEGIN:
#0  BTreeNode::insertNonFull (this=0x555555d28b80, k=2795695) at BTree_dup.cpp:537
#1  0x0000555555556639 in BTreeNode::insertNonFull (this=0x555555d8d0e0, k=2795695) at BTree_dup.cpp:535
#2  0x0000555555556639 in BTreeNode::insertNonFull (this=0x555555ce1fc0, k=2795695) at BTree_dup.cpp:535
#3  0x0000555555556639 in BTreeNode::insertNonFull (this=0x555555ce1f30, k=2795695) at BTree_dup.cpp:535
#4  0x0000555555556478 in BTree::insert (this=0x7fffffffda50, k=2795695) at BTree_dup.cpp:489
#5  0x0000555555556c25 in runner (input=0x7fffffffe22a "/tmp/BTree-dup/input_100000") at BTree_dup.cpp:664
#6  0x0000555555556f7a in main (argc=5, argv=0x7fffffffde68) at BTree_dup.cpp:712

532				if (keys[i+1] < k)
533					i++;
534			}
535			C[i+1]->insertNonFull(k);
536		}
537	}
538	
539	// A utility function to split the child y of this node
540	// Note that y must be full when this function is called
541	void BTreeNode::splitChild(int i, BTreeNode *y)

Backtrace END
Fliping a bit of the pointer
Memory content before bitflip:0xc00x1f0xce0x550x550x550x000x00
Fault Model: Double bit-flip
base address to flip value: 0x7fffffffd998
address max offset: 8
Memory content after  bitflip:0xc00x1f0xce0x550x7d0x550x000x00
frame name: BTreeNode::insertNonFull
symbol name: this
symbol filename: BTree_dup.cpp
symbol line: 0
value: 0x555555ce1fc0
value address: 0x7fffffffd998
Type: The type is a pointer.
Type sizeof: 8

[INFO -- 2018-11-25 21:42:54]
Fault Injection Successful after 1.4205787181854248s
[INFO -- 2018-11-25 21:42:55]
event type: exit
[INFO -- 2018-11-25 21:42:55]
exit code: 0
