[INFO -- 2018-12-09 14:56:21]
Starting flip_value script
version: 1.1
[INFO -- 2018-12-09 14:56:21]
Initialization strings:
[INFO -- 2018-12-09 14:56:21]
(1) file /tmp/Tree234/main
[INFO -- 2018-12-09 14:56:21]
(2) set args /tmp/Tree234/input_100000 /tmp/Tree234/output_100000 /tmp/Tree234/detectionLog_100000.log /tmp/Tree234/output2_100000
[INFO -- 2018-12-09 14:56:21]
initSignal:0
[INFO -- 2018-12-09 14:56:21]
endSignal:5
[INFO -- 2018-12-09 14:56:21]
faultModel:3
[EXCEPTION -- 2018-12-09 14:56:22]
gdbException: Attempt to dereference a generic pointer.
[INFO -- 2018-12-09 14:56:22]
Backtrace BEGIN:
#0  malloc (n=10) at dl-minimal.c:94
#1  <function called from gdb>
#2  0x00007ffff72d7e4e in _int_free (av=0x7ffff761cb20 <main_arena>, p=0x618c90, have_lock=0) at malloc.c:3947
#3  0x00007ffff72dc53c in __GI___libc_free (mem=<optimized out>) at malloc.c:2968
#4  0x0000000000402e90 in std::basic_ostream<char, std::char_traits<char> >& std::operator<< <char, std::char_traits<char>, 16ul>(std::basic_ostream<char, std::char_traits<char> >&, std::bitset<16ul> const&) ()
#5  0x0000000000402563 in Arvore234::imprime(no*) ()
#6  0x00000000004025d0 in Arvore234::imprime(no*) ()
#7  0x00000000004025d0 in Arvore234::imprime(no*) ()
#8  0x00000000004025d0 in Arvore234::imprime(no*) ()
#9  0x00000000004025d0 in Arvore234::imprime(no*) ()
#10 0x00000000004025d0 in Arvore234::imprime(no*) ()
#11 0x00000000004025d0 in Arvore234::imprime(no*) ()
#12 0x00000000004025d0 in Arvore234::imprime(no*) ()
#13 0x00000000004025d0 in Arvore234::imprime(no*) ()
#14 0x00000000004025d0 in Arvore234::imprime(no*) ()
#15 0x00000000004025d0 in Arvore234::imprime(no*) ()
#16 0x00000000004025d0 in Arvore234::imprime(no*) ()
#17 0x00000000004025d0 in Arvore234::imprime(no*) ()
#18 0x0000000000402610 in Arvore234::imprime() ()
#19 0x0000000000402adc in main ()

89	in dl-minimal.c

Backtrace END
Memory content before bitflip:0x000x000x000x00
Fault Model: Zero bit-flip
base address to flip value: 0x7ffff761e7cc 
address max offset: 4
Memory content after  bitflip:0x000x000x000x00
frame name: _int_free
symbol name: using_malloc_checking
symbol filename: hooks.c
symbol line: 53
value: 0
value address: 0x7ffff761e7cc <using_malloc_checking>
Type: The type is an integer type.
Type sizeof: 4

[INFO -- 2018-12-09 14:56:22]
Fault Injection Successful after 1.4084372520446777s
[INFO -- 2018-12-09 14:56:23]
event type: exit
[INFO -- 2018-12-09 14:56:23]
exit code: 0
