[INFO -- 2018-12-01 10:26:07]
Starting flip_value script
version: 1.1
[INFO -- 2018-12-01 10:26:07]
Initialization strings:
[INFO -- 2018-12-01 10:26:07]
(1) file /tmp/splay/main
[INFO -- 2018-12-01 10:26:07]
(2) set args /tmp/splay/input_100000 /tmp/splay/output_100000
[INFO -- 2018-12-01 10:26:07]
initSignal:0
[INFO -- 2018-12-01 10:26:07]
endSignal:5
[INFO -- 2018-12-01 10:26:07]
faultModel:0
[INFO -- 2018-12-01 10:26:07]
Backtrace BEGIN:
#0  Splay (key=1208805, root=0x555555615e70) at splay.cpp:60
#1  0x0000555555557916 in Insert (key=1208805, root=0x55555564b7d0) at splay.cpp:145
#2  0x00005555555564bb in main (argc=3, argv=0x7fffffffdfb8) at main.cpp:31

55		 The zig/zag mode would only happen when cannot find key and will reach
56		 null on one side after RR or LL Rotation.
57		 */
58		while(1)
59		{
60			if(key < root->key)
61			{
62				if(!root->lchild)
63					break;
64				if(key < root->lchild->key)

Backtrace END
Fliping value of field: lchild
Fliping a bit of the value pointed by a pointer
Fliping value of field: key
Memory content before bitflip:0x330x040x130x00
Fault Model: Single bit-flip
base address to flip value: 0x55555564b7b0
address max offset: 4
Memory content after  bitflip:0x230x040x130x00
frame name: Splay
symbol name: header
symbol filename: splay.cpp
symbol line: 47
value: {key = -9040, lchild = 0x55555564b7b0, rchild = 0x555555599ed0}
value address: 0x7fffffffdbe0
Type: The type is a structure.
Type sizeof: 24
Field name: key
Field Type: The type is an integer type.
Field Type sizeof: 4
Field name: lchild
Field Type: The type is a pointer.
Field Type sizeof: 8
Field name: rchild
Field Type: The type is a pointer.
Field Type sizeof: 8

[INFO -- 2018-12-01 10:26:07]
Fault Injection Successful after 0.7271912097930908s
[INFO -- 2018-12-01 10:26:07]
event type: exit
[INFO -- 2018-12-01 10:26:07]
exit code: 0
