[INFO -- 2018-10-12 09:54:53]
Starting flip_value script
version: 1.1
[INFO -- 2018-10-12 09:54:53]
Initialization strings:
[INFO -- 2018-10-12 09:54:53]
(1) file /tmp/BTree/main
[INFO -- 2018-10-12 09:54:53]
(2)  set args /tmp/BTree/input_100000 /tmp/BTree/output_100000
[INFO -- 2018-10-12 09:54:53]
initSignal:0
[INFO -- 2018-10-12 09:54:53]
endSignal:2
[INFO -- 2018-10-12 09:54:53]
faultModel:3
[EXCEPTION -- 2018-10-12 09:54:53]
pythonException: Unable to exit loop in struct fields; Exiting wihtout making a bit flip
[EXCEPTION -- 2018-10-12 09:54:53]
pythonException: Unable to exit loop in struct fields; Exiting wihtout making a bit flip
[EXCEPTION -- 2018-10-12 09:54:53]
pythonException: Unable to exit loop in struct fields; Exiting wihtout making a bit flip
[INFO -- 2018-10-12 09:54:53]
event type: exit
[INFO -- 2018-10-12 09:54:53]
exit code: 0
