[INFO -- 2018-11-25 16:42:28]
Starting flip_value script
version: 1.1
[INFO -- 2018-11-25 16:42:28]
Initialization strings:
[INFO -- 2018-11-25 16:42:28]
(1) file /tmp/BTree-dup/main
[INFO -- 2018-11-25 16:42:28]
(2)  set args /tmp/BTree-dup/input_100000 /tmp/BTree-dup/output_100000 /tmp/BTree-dup-detection.log /tmp/BTree-dup/output2_100000
[INFO -- 2018-11-25 16:42:28]
initSignal:0
[INFO -- 2018-11-25 16:42:28]
endSignal:2
[INFO -- 2018-11-25 16:42:28]
faultModel:1
[INFO -- 2018-11-25 16:42:29]
Backtrace BEGIN:
#0  0x0000555555556592 in BTreeNode::insertNonFull (this=0x5555558f2290, k=1994490) at BTree_dup.cpp:524
#1  0x0000555555556639 in BTreeNode::insertNonFull (this=0x555555815c40, k=1994490) at BTree_dup.cpp:535
#2  0x0000555555556478 in BTree::insert (this=0x7fffffffda50, k=1994490) at BTree_dup.cpp:489
#3  0x0000555555556c25 in runner (input=0x7fffffffe22a "/tmp/BTree-dup/input_100000") at BTree_dup.cpp:664
#4  0x0000555555556f51 in main (argc=5, argv=0x7fffffffde68) at BTree_dup.cpp:711

519			// Find the child which is going to have the new key
520			while (i >= 0 && keys[i] > k)
521				i--;
522	
523			// See if the found child is full
524			if (C[i+1]->n == 2*t-1)
525			{
526				// If the child is full, then split it
527				splitChild(i+1, C[i+1]);
528	

Backtrace END
Memory content before bitflip:0xfa0x6e0x1e0x00
Fault Model: Double bit-flip
base address to flip value: 0x7fffffffd9c4
address max offset: 4
Memory content after  bitflip:0xee0x6e0x1e0x00
frame name: BTreeNode::insertNonFull
symbol name: k
symbol filename: BTree_dup.cpp
symbol line: 496
value: 1994478
value address: 0x7fffffffd9c4
Type: The type is an integer type.
Type sizeof: 4

[INFO -- 2018-11-25 16:42:29]
Fault Injection Successful after 1.8186070919036865s
[INFO -- 2018-11-25 16:42:30]
event type: exit
[INFO -- 2018-11-25 16:42:30]
exit code: 0
