[INFO -- 2018-12-03 20:54:13]
sending 5 signals using command: 'killall -2 main' after 2.12585937195s
[INFO -- 2018-12-03 20:54:14]
sending 5 signals using command: 'killall -2 main' after 2.63422236895s
[INFO -- 2018-12-03 20:54:16]
sending 5 signals using command: 'killall -2 main' after 4.19897702517s
[INFO -- 2018-12-03 20:54:16]
Starting GDB script
[INFO -- 2018-12-03 20:54:16]
initSignal:0.0
[INFO -- 2018-12-03 20:54:16]
endSignal:5.0
[INFO -- 2018-12-03 20:54:16]
sending 5 signals using command: 'killall -2 main' after 0.315821633009s
[INFO -- 2018-12-03 20:54:16]
sending 5 signals using command: 'killall -2 main' after 0.425390999756s
[INFO -- 2018-12-03 20:54:17]
sending 5 signals using command: 'killall -2 main' after 1.03670352113s
[INFO -- 2018-12-03 20:54:17]
Execution finished before waitTime
