[INFO -- 2018-11-30 23:21:45]
Starting flip_value script
version: 1.1
[INFO -- 2018-11-30 23:21:45]
Initialization strings:
[INFO -- 2018-11-30 23:21:45]
(1) file /tmp/splay/main
[INFO -- 2018-11-30 23:21:45]
(2) set args /tmp/splay/input_100000 /tmp/splay/output_100000
[INFO -- 2018-11-30 23:21:45]
initSignal:0
[INFO -- 2018-11-30 23:21:45]
endSignal:5
[INFO -- 2018-11-30 23:21:45]
faultModel:4
[INFO -- 2018-11-30 23:21:46]
Backtrace BEGIN:
#0  0x00007ffff7ec0434 in __dynamic_cast () from /usr/lib/x86_64-linux-gnu/libstdc++.so.6
#1  0x00007ffff7f333fb in std::ctype<char> const& std::use_facet<std::ctype<char> >(std::locale const&) () from /usr/lib/x86_64-linux-gnu/libstdc++.so.6
#2  0x0000555555557da3 in std::operator<< <char, std::char_traits<char>, 16ul> (__os=..., __x=std::bitset = {...}) at /usr/include/c++/8/bitset:1541
#3  0x0000555555557ae8 in InOrder (root=0x555555709430) at splay.cpp:253
#4  0x0000555555557abd in InOrder (root=0x5555555edfb0) at splay.cpp:252
#5  0x0000555555557b0d in InOrder (root=0x5555556d0bd0) at splay.cpp:254
#6  0x0000555555557b0d in InOrder (root=0x5555557616d0) at splay.cpp:254
#7  0x0000555555557abd in InOrder (root=0x5555555f06f0) at splay.cpp:252
#8  0x0000555555557b0d in InOrder (root=0x555555581450) at splay.cpp:254
#9  0x0000555555557abd in InOrder (root=0x5555557c0a50) at splay.cpp:252
#10 0x0000555555557abd in InOrder (root=0x555555747fd0) at splay.cpp:252
#11 0x0000555555557abd in InOrder (root=0x5555557ce630) at splay.cpp:252
#12 0x0000555555557abd in InOrder (root=0x5555555d3bb0) at splay.cpp:252
#13 0x0000555555557b0d in InOrder (root=0x55555562fa90) at splay.cpp:254
#14 0x0000555555557b0d in InOrder (root=0x5555555a8730) at splay.cpp:254
#15 0x0000555555557b0d in InOrder (root=0x5555557e7490) at splay.cpp:254
#16 0x0000555555557b0d in InOrder (root=0x5555557c3990) at splay.cpp:254
#17 0x0000555555557abd in InOrder (root=0x5555557ecb50) at splay.cpp:252
#18 0x0000555555557abd in InOrder (root=0x5555555b9030) at splay.cpp:252
#19 0x0000555555557abd in InOrder (root=0x5555558370d0) at splay.cpp:252
#20 0x0000555555557abd in InOrder (root=0x5555555acb70) at splay.cpp:252
#21 0x0000555555557abd in InOrder (root=0x55555586cdf0) at splay.cpp:252
#22 0x0000555555557abd in InOrder (root=0x555555585a30) at splay.cpp:252
#23 0x0000555555557abd in InOrder (root=0x55555587d5b0) at splay.cpp:252
#24 0x0000555555557abd in InOrder (root=0x5555556732d0) at splay.cpp:252
#25 0x0000555555557abd in InOrder (root=0x555555693810) at splay.cpp:252
#26 0x0000555555557b0d in InOrder (root=0x555555634c10) at splay.cpp:254
#27 0x0000555555557b0d in InOrder (root=0x55555587dcd0) at splay.cpp:254
#28 0x00005555555564fe in main (argc=3, argv=0x7fffffffdfb8) at main.cpp:35

1	#include "splay.h"
2	#include <iostream>
3	
4	#include <algorithm>    // std::random_shuffle
5	#include <vector>       // std::vector
6	#include <cstdlib>      // std::rand, std::srand
7	#include <cstdio>
8	
9	#include <iterator>
10	#include <fstream>

Backtrace END
Fliping a bit of the value pointed by a pointer
Fliping value of field: key
Memory content before bitflip:0x250x730x1b0x00
Fault Model: LSB bit-flip
base address to flip value: 0x5555557c3990
address max offset: 4
Memory content after  bitflip:0x250x730x1b0x10
frame name: InOrder
symbol name: root
symbol filename: splay.cpp
symbol line: 248
value: 0x5555557c3990
value address: 0x7fffffffd9f8
Type: The type is a pointer.
Type sizeof: 8

[INFO -- 2018-11-30 23:21:46]
Fault Injection Successful after 1.3371901512145996s
[INFO -- 2018-11-30 23:21:46]
event type: exit
[INFO -- 2018-11-30 23:21:46]
exit code: 0
