[INFO -- 2018-11-25 16:18:28]
Starting flip_value script
version: 1.1
[INFO -- 2018-11-25 16:18:28]
Initialization strings:
[INFO -- 2018-11-25 16:18:28]
(1) file /tmp/BTree-dup/main
[INFO -- 2018-11-25 16:18:28]
(2)  set args /tmp/BTree-dup/input_100000 /tmp/BTree-dup/output_100000 /tmp/BTree-dup-detection.log /tmp/BTree-dup/output2_100000
[INFO -- 2018-11-25 16:18:28]
initSignal:0
[INFO -- 2018-11-25 16:18:28]
endSignal:2
[INFO -- 2018-11-25 16:18:28]
faultModel:3
[INFO -- 2018-11-25 16:18:29]
Backtrace BEGIN:
#0  _IO_new_file_write (f=0x7ffff7610760 <_IO_2_1_stdout_>, data=0x55555576d0d0, n=17) at fileops.c:1196
#1  0x00007ffff72b0f51 in new_do_write (to_do=17, data=0x55555576d0d0 "0000100101001011\n\320vUUU", fp=0x7ffff7610760 <_IO_2_1_stdout_>) at fileops.c:457
#2  _IO_new_do_write (fp=0x7ffff7610760 <_IO_2_1_stdout_>, data=0x55555576d0d0 "0000100101001011\n\320vUUU", to_do=17) at fileops.c:433
#3  0x00007ffff72ae788 in _IO_new_file_sync (fp=0x7ffff7610760 <_IO_2_1_stdout_>) at fileops.c:813
#4  0x00007ffff72a287d in __GI__IO_fflush (fp=0x7ffff7610760 <_IO_2_1_stdout_>) at iofflush.c:40
#5  0x00007ffff7b5ef5e in std::ostream::flush() () from /usr/lib/x86_64-linux-gnu/libstdc++.so.6
#6  0x0000555555556927 in BTreeNode::traverse (this=0x555556050d20) at BTree_dup.cpp:594
#7  0x00005555555568d7 in BTreeNode::traverse (this=0x5555560513e0) at BTree_dup.cpp:593
#8  0x00005555555568d7 in BTreeNode::traverse (this=0x555555efa390) at BTree_dup.cpp:593
#9  0x00005555555568d7 in BTreeNode::traverse (this=0x555555f31620) at BTree_dup.cpp:593
#10 0x00005555555568d7 in BTreeNode::traverse (this=0x555555e2dee0) at BTree_dup.cpp:593
#11 0x00005555555568d7 in BTreeNode::traverse (this=0x555556081e60) at BTree_dup.cpp:593
#12 0x000055555555695f in BTreeNode::traverse (this=0x555555ef6d90) at BTree_dup.cpp:599
#13 0x00005555555568d7 in BTreeNode::traverse (this=0x555555ef6eb0) at BTree_dup.cpp:593
#14 0x000055555555695f in BTreeNode::traverse (this=0x555555ef6e20) at BTree_dup.cpp:599
#15 0x00005555555572bb in BTree::traverse (this=0x7fffffffdd50) at BTree_dup.cpp:139
#16 0x0000555555556ff9 in main (argc=5, argv=0x7fffffffde68) at BTree_dup.cpp:725

1191	fileops.c: Arquivo ou diretório inexistente.

Backtrace END
Fliping value of field: __pbackfail
Fliping a bit of the pointer
Memory content before bitflip:0x500x3c0x2b0xf70xff0x7f0x000x00
Fault Model: Zero bit-flip
base address to flip value: 0x7ffff760c210 
address max offset: 8
Memory content after  bitflip:0x000x000x000x000x000x000x000x00
frame name: _IO_new_file_sync
symbol name: _IO_file_jumps_mmap
symbol filename: fileops.c
symbol line: 1480
value: {__dummy = 0, __dummy2 = 0, __finish = 0x7ffff72b0330 <_IO_new_file_finish>, __overflow = 0x7ffff72b1300 <_IO_new_file_overflow>, __underflow = 0x7ffff72afe60 <_IO_file_underflow_mmap>, __uflow = 0x7ffff72b23c0 <__GI__IO_default_uflow>, __pbackfail = 0x0, __xsputn = 0x7ffff72af930 <_IO_new_file_xsputn>, __xsgetn = 0x7ffff72af240 <_IO_file_xsgetn_mmap>, __seekoff = 0x7ffff72af7f0 <_IO_file_seekoff_mmap>, __seekpos = 0x7ffff72b2990 <_IO_default_seekpos>, __setbuf = 0x7ffff72ae880 <_IO_file_setbuf_mmap>, __sync = 0x7ffff72ae920 <_IO_file_sync_mmap>, __doallocate = 0x7ffff72a2100 <__GI__IO_file_doallocate>, __read = 0x7ffff72af910 <__GI__IO_file_read>, __write = 0x7ffff72af190 <_IO_new_file_write>, __seek = 0x7ffff72ae910 <__GI__IO_file_seek>, __close = 0x7ffff72ae8e0 <_IO_file_close_mmap>, __stat = 0x7ffff72af180 <__GI__IO_file_stat>, __showmanyc = 0x7ffff72b3dd0 <_IO_default_showmanyc>, __imbue = 0x7ffff72b3de0 <_IO_default_imbue>}
value address: 0x7ffff760c1e0 <_IO_file_jumps_mmap>
Type: The type is a structure.
Type sizeof: 168
Field name: __dummy
Field Type: The type is an integer type.
Field Type sizeof: 8
Field name: __dummy2
Field Type: The type is an integer type.
Field Type sizeof: 8
Field name: __finish
Field Type: The type is a pointer.
Field Type sizeof: 8
Field name: __overflow
Field Type: The type is a pointer.
Field Type sizeof: 8
Field name: __underflow
Field Type: The type is a pointer.
Field Type sizeof: 8
Field name: __uflow
Field Type: The type is a pointer.
Field Type sizeof: 8
Field name: __pbackfail
Field Type: The type is a pointer.
Field Type sizeof: 8
Field name: __xsputn
Field Type: The type is a pointer.
Field Type sizeof: 8
Field name: __xsgetn
Field Type: The type is a pointer.
Field Type sizeof: 8
Field name: __seekoff
Field Type: The type is a pointer.
Field Type sizeof: 8
Field name: __seekpos
Field Type: The type is a pointer.
Field Type sizeof: 8
Field name: __setbuf
Field Type: The type is a pointer.
Field Type sizeof: 8
Field name: __sync
Field Type: The type is a pointer.
Field Type sizeof: 8
Field name: __doallocate
Field Type: The type is a pointer.
Field Type sizeof: 8
Field name: __read
Field Type: The type is a pointer.
Field Type sizeof: 8
Field name: __write
Field Type: The type is a pointer.
Field Type sizeof: 8
Field name: __seek
Field Type: The type is a pointer.
Field Type sizeof: 8
Field name: __close
Field Type: The type is a pointer.
Field Type sizeof: 8
Field name: __stat
Field Type: The type is a pointer.
Field Type sizeof: 8
Field name: __showmanyc
Field Type: The type is a pointer.
Field Type sizeof: 8
Field name: __imbue
Field Type: The type is a pointer.
Field Type sizeof: 8

[INFO -- 2018-11-25 16:18:29]
Fault Injection Successful after 1.78080153465271s
[INFO -- 2018-11-25 16:18:29]
event type: exit
[INFO -- 2018-11-25 16:18:29]
exit code: 0
