[INFO -- 2018-11-30 17:11:44]
sending 5 signals using command: 'killall -2 main' after 1.76794443909s
[INFO -- 2018-11-30 17:11:44]
sending 5 signals using command: 'killall -2 main' after 1.87820097341s
[INFO -- 2018-11-30 17:11:47]
sending 5 signals using command: 'killall -2 main' after 4.13646051146s
[INFO -- 2018-11-30 17:11:47]
Starting GDB script
[INFO -- 2018-11-30 17:11:47]
initSignal:0.0
[INFO -- 2018-11-30 17:11:47]
endSignal:5.0
[INFO -- 2018-11-30 17:11:47]
sending 5 signals using command: 'killall -2 main' after 0.228630277583s
[INFO -- 2018-11-30 17:11:47]
sending 5 signals using command: 'killall -2 main' after 0.381161229666s
[INFO -- 2018-11-30 17:11:48]
sending 5 signals using command: 'killall -2 main' after 0.998944209256s
[INFO -- 2018-11-30 17:11:48]
Execution finished before waitTime
