[INFO -- 2018-11-25 22:40:51]
Starting flip_value script
version: 1.1
[INFO -- 2018-11-25 22:40:51]
Initialization strings:
[INFO -- 2018-11-25 22:40:51]
(1) file /tmp/BTree-dup/main
[INFO -- 2018-11-25 22:40:51]
(2)  set args /tmp/BTree-dup/input_100000 /tmp/BTree-dup/output_100000 /tmp/BTree-dup-detection.log /tmp/BTree-dup/output2_100000
[INFO -- 2018-11-25 22:40:51]
initSignal:0
[INFO -- 2018-11-25 22:40:51]
endSignal:2
[INFO -- 2018-11-25 22:40:51]
faultModel:2
[EXCEPTION -- 2018-11-25 22:40:52]
gdbException: Tentativo de desreferenciar um ponteiro genérico.
[INFO -- 2018-11-25 22:40:52]
Backtrace BEGIN:
#0  0x00007ffff7b2a58b in ?? () from /usr/lib/x86_64-linux-gnu/libstdc++.so.6
#1  0x00007ffff7b58b32 in std::istreambuf_iterator<char, std::char_traits<char> > std::num_get<char, std::istreambuf_iterator<char, std::char_traits<char> > >::_M_extract_int<long>(std::istreambuf_iterator<char, std::char_traits<char> >, std::istreambuf_iterator<char, std::char_traits<char> >, std::ios_base&, std::_Ios_Iostate&, long&) const () from /usr/lib/x86_64-linux-gnu/libstdc++.so.6
#2  0x00007ffff7b479b6 in std::istream::operator>>(int&) () from /usr/lib/x86_64-linux-gnu/libstdc++.so.6
#3  0x0000555555557742 in std::istream_iterator<int, char, std::char_traits<char>, long>::_M_read (this=0x7fffffffd960) at /usr/include/c++/7/bits/stream_iterator.h:121
#4  0x0000555555557ab2 in std::istream_iterator<int, char, std::char_traits<char>, long>::operator++ (this=0x7fffffffd960) at /usr/include/c++/7/bits/stream_iterator.h:95
#5  0x00005555555579f3 in std::vector<int, std::allocator<int> >::_M_range_initialize<std::istream_iterator<int, char, std::char_traits<char>, long> > (this=0x7fffffffdaa0, __first=..., __last=...) at /usr/include/c++/7/bits/stl_vector.h:1308
#6  0x0000555555557882 in std::vector<int, std::allocator<int> >::_M_initialize_dispatch<std::istream_iterator<int, char, std::char_traits<char>, long> > (this=0x7fffffffdaa0, __first=..., __last=...) at /usr/include/c++/7/bits/stl_vector.h:1299
#7  0x0000555555557569 in std::vector<int, std::allocator<int> >::vector<std::istream_iterator<int, char, std::char_traits<char>, long>, void> (this=0x7fffffffdaa0, __first=..., __last=..., __a=...) at /usr/include/c++/7/bits/stl_vector.h:414
#8  0x0000555555556bbc in runner (input=0x7fffffffe22a "/tmp/BTree-dup/input_100000") at BTree_dup.cpp:660
#9  0x0000555555556f51 in main (argc=5, argv=0x7fffffffde68) at BTree_dup.cpp:711

2284	in rtld.c

Backtrace END
Fliping a bit of the value pointed by a pointer
Memory content before bitflip:0x2f
Fault Model: Random bit-flip
base address to flip value: 0x7fffffffe22a 
address max offset: 1
Memory content after  bitflip:0x44
frame name: runner
symbol name: input
symbol filename: BTree_dup.cpp
symbol line: 653
value: 0x7fffffffe22a "Dtmp/BTree-dup/input_100000"
value address: 0x7fffffffda38
Type: The type is a pointer.
Type sizeof: 8

[INFO -- 2018-11-25 22:40:52]
Fault Injection Successful after 1.4977037906646729s
[INFO -- 2018-11-25 22:40:55]
event type: exit
[INFO -- 2018-11-25 22:40:55]
exit code: 0
