[INFO -- 2018-11-30 17:52:20]
Starting flip_value script
version: 1.1
[INFO -- 2018-11-30 17:52:20]
Initialization strings:
[INFO -- 2018-11-30 17:52:20]
(1) file /tmp/splay/main
[INFO -- 2018-11-30 17:52:20]
(2) set args /tmp/splay/input_100000 /tmp/splay/output_100000
[INFO -- 2018-11-30 17:52:20]
initSignal:0
[INFO -- 2018-11-30 17:52:20]
endSignal:5
[INFO -- 2018-11-30 17:52:20]
faultModel:3
[EXCEPTION -- 2018-11-30 17:52:20]
pythonException: Unable to exit loop in struct fields; Exiting wihtout making a bit flip
[EXCEPTION -- 2018-11-30 17:52:20]
pythonException: Unable to exit loop in struct fields; Exiting wihtout making a bit flip
[INFO -- 2018-11-30 17:52:20]
event type: exit
[INFO -- 2018-11-30 17:52:20]
exit code: 0
