[INFO -- 2018-10-12 09:50:07]
Starting flip_value script
version: 1.1
[INFO -- 2018-10-12 09:50:07]
Initialization strings:
[INFO -- 2018-10-12 09:50:07]
(1) file /tmp/BTree/main
[INFO -- 2018-10-12 09:50:07]
(2)  set args /tmp/BTree/input_100000 /tmp/BTree/output_100000
[INFO -- 2018-10-12 09:50:07]
initSignal:0
[INFO -- 2018-10-12 09:50:07]
endSignal:2
[INFO -- 2018-10-12 09:50:07]
faultModel:0
[EXCEPTION -- 2018-10-12 09:50:08]
pythonException: Unable to exit loop in struct fields; Exiting wihtout making a bit flip
[EXCEPTION -- 2018-10-12 09:50:08]
pythonException: Unable to exit loop in struct fields; Exiting wihtout making a bit flip
[INFO -- 2018-10-12 09:50:08]
event type: exit
[INFO -- 2018-10-12 09:50:08]
exit code: 0
