[INFO -- 2018-12-09 11:50:40]
Starting flip_value script
version: 1.1
[INFO -- 2018-12-09 11:50:40]
Initialization strings:
[INFO -- 2018-12-09 11:50:40]
(1) file /tmp/Tree234/main
[INFO -- 2018-12-09 11:50:40]
(2) set args /tmp/Tree234/input_100000 /tmp/Tree234/output_100000 /tmp/Tree234/detectionLog_100000.log /tmp/Tree234/output2_100000
[INFO -- 2018-12-09 11:50:40]
initSignal:0
[INFO -- 2018-12-09 11:50:40]
endSignal:5
[INFO -- 2018-12-09 11:50:40]
faultModel:0
[INFO -- 2018-12-09 11:50:42]
Backtrace BEGIN:
#0  _fini () at ../sysdeps/x86_64/crti.S:80
#1  0x00007ffff7de7e05 in _dl_fini () at dl-fini.c:240
#2  0x00007ffff7291ff8 in __run_exit_handlers (status=0, listp=0x7ffff761c5f8 <__exit_funcs>, run_list_atexit=run_list_atexit@entry=true) at exit.c:82
#3  0x00007ffff7292045 in __GI_exit (status=<optimized out>) at exit.c:104
#4  0x00007ffff7278837 in __libc_start_main (main=0x402a24 <main>, argc=5, argv=0x7fffffffde98, init=<optimized out>, fini=<optimized out>, rtld_fini=<optimized out>, stack_end=0x7fffffffde88) at ../csu/libc-start.c:325
#5  0x00000000004015b9 in _start ()

75	in ../sysdeps/x86_64/crti.S

Backtrace END
Memory content before bitflip:0x000x000x000x00
Fault Model: Single bit-flip
base address to flip value: 0x7fffffffdd20
address max offset: 4
Memory content after  bitflip:0x000x800x000x00
frame name: _dl_fini
symbol name: do_audit
symbol filename: dl-fini.c
symbol line: 147
value: 32768
value address: 0x7fffffffdd20
Type: The type is an integer type.
Type sizeof: 4

[INFO -- 2018-12-09 11:50:42]
Fault Injection Successful after 2.003129720687866s
[INFO -- 2018-12-09 11:50:42]
event type: exit
[INFO -- 2018-12-09 11:50:42]
exit code: 0
