[INFO -- 2018-12-01 09:54:21]
Starting flip_value script
version: 1.1
[INFO -- 2018-12-01 09:54:21]
Initialization strings:
[INFO -- 2018-12-01 09:54:21]
(1) file /tmp/splay/main
[INFO -- 2018-12-01 09:54:21]
(2) set args /tmp/splay/input_100000 /tmp/splay/output_100000
[INFO -- 2018-12-01 09:54:21]
initSignal:0
[INFO -- 2018-12-01 09:54:21]
endSignal:5
[INFO -- 2018-12-01 09:54:21]
faultModel:0
[EXCEPTION -- 2018-12-01 09:54:22]
pythonException: empty range for randrange() (0,0, 0)
[INFO -- 2018-12-01 09:54:22]
Backtrace BEGIN:
#0  0x0000555555557911 in Insert (key=2259900, root=0x555555767250) at splay.cpp:145
#1  0x00005555555564bb in main (argc=3, argv=0x7fffffffdfb8) at main.cpp:31

140		{
141			root = p_node;
142			p_node = NULL;
143			return root;
144		}
145		root = Splay(key, root);
146		/* This is BST that, all keys <= root->key is in root->lchild, all keys > 
147		   root->key is in root->rchild. (This BST doesn't allow duplicate keys.) */
148		if(key < root->key)
149		{

Backtrace END
Memory content before bitflip:0xbc0x7b0x220x00
Fault Model: Single bit-flip
base address to flip value: 0x7fffffffdc1c
address max offset: 4
Memory content after  bitflip:0x9c0x7b0x220x00
frame name: Insert
symbol name: key
symbol filename: splay.cpp
symbol line: 132
value: 2259868
value address: 0x7fffffffdc1c
Type: The type is an integer type.
Type sizeof: 4

[INFO -- 2018-12-01 09:54:22]
Fault Injection Successful after 1.2114732265472412s
[INFO -- 2018-12-01 09:54:22]
event type: exit
[INFO -- 2018-12-01 09:54:22]
exit code: 0
