[INFO -- 2018-11-28 20:12:21]
sending 5 signals using command: 'killall -2 main' after 3.55807433024s
[INFO -- 2018-11-28 20:12:21]
sending 5 signals using command: 'killall -2 main' after 4.08059430382s
[INFO -- 2018-11-28 20:12:22]
sending 5 signals using command: 'killall -2 main' after 4.70652533804s
[INFO -- 2018-11-28 20:12:22]
Starting GDB script
[INFO -- 2018-11-28 20:12:22]
initSignal:0.0
[INFO -- 2018-11-28 20:12:22]
endSignal:5.0
[INFO -- 2018-11-28 20:12:22]
sending 5 signals using command: 'killall -2 main' after 0.0885686404518s
[INFO -- 2018-11-28 20:12:22]
sending 5 signals using command: 'killall -2 main' after 0.121796381589s
[INFO -- 2018-11-28 20:12:23]
sending 5 signals using command: 'killall -2 main' after 0.869444213863s
[INFO -- 2018-11-28 20:12:24]
Execution finished before waitTime
