[INFO -- 2018-10-12 05:21:12]
sending 5 signals using command: 'killall -2 main' after 1.71498370746s
[INFO -- 2018-10-12 05:21:12]
sending 5 signals using command: 'killall -2 main' after 1.79459429766s
[INFO -- 2018-10-12 05:21:12]
sending 5 signals using command: 'killall -2 main' after 1.93392093315s
[INFO -- 2018-10-12 05:21:12]
Starting GDB script
[INFO -- 2018-10-12 05:21:12]
initSignal:0.0
[INFO -- 2018-10-12 05:21:12]
endSignal:2.0
[INFO -- 2018-10-12 05:21:14]
sending 5 signals using command: 'killall -2 main' after 1.10565080879s
[INFO -- 2018-10-12 05:21:14]
sending 5 signals using command: 'killall -2 main' after 1.2306327954s
[INFO -- 2018-10-12 05:21:14]
sending 5 signals using command: 'killall -2 main' after 1.51835296967s
[INFO -- 2018-10-12 05:21:14]
Execution finished before waitTime
