[INFO -- 2018-12-09 01:25:21]
Starting flip_value script
version: 1.1
[INFO -- 2018-12-09 01:25:21]
Initialization strings:
[INFO -- 2018-12-09 01:25:21]
(1) file /tmp/Tree234/main
[INFO -- 2018-12-09 01:25:21]
(2) set args /tmp/Tree234/input_50000 /tmp/Tree234/output_50000
[INFO -- 2018-12-09 01:25:21]
initSignal:0
[INFO -- 2018-12-09 01:25:21]
endSignal:2
[INFO -- 2018-12-09 01:25:21]
faultModel:4
[EXCEPTION -- 2018-12-09 01:25:21]
gdbException: Attempt to dereference a generic pointer.
[INFO -- 2018-12-09 01:25:21]
event type: exit
[INFO -- 2018-12-09 01:25:21]
exit code: 0
