[INFO -- 2018-10-12 04:28:35]
Starting flip_value script
version: 1.1
[INFO -- 2018-10-12 04:28:35]
Initialization strings:
[INFO -- 2018-10-12 04:28:35]
(1) file /tmp/BTree/main
[INFO -- 2018-10-12 04:28:35]
(2)  set args /tmp/BTree/input_100000 /tmp/BTree/output_100000
[INFO -- 2018-10-12 04:28:35]
initSignal:0
[INFO -- 2018-10-12 04:28:35]
endSignal:2
[INFO -- 2018-10-12 04:28:35]
faultModel:1
[EXCEPTION -- 2018-10-12 04:28:36]
pythonException: Unable to exit loop in struct fields; Exiting wihtout making a bit flip
[INFO -- 2018-10-12 04:28:36]
Backtrace BEGIN:
#0  0x00005555555560bb in BTreeNode::insertNonFull (this=0x5555557bab90, k=0) at BTree.cpp:533
#1  0x0000555555555f18 in BTree::insert (this=0x7fffffffddc0, k=0) at BTree.cpp:487
#2  0x0000555555556601 in main (argc=3, argv=0x7fffffffded8) at BTree.cpp:665

528				// C[i] is splitted into two. See which of the two
529				// is going to have the new key
530				if (keys[i+1] < k)
531					i++;
532			}
533			C[i+1]->insertNonFull(k);
534		}
535	}
536	
537	// A utility function to split the child y of this node

Backtrace END
Fliping value of field: t
Memory content before bitflip:0x030x000x000x00
Fault Model: Double bit-flip
base address to flip value: 0x7fffffffddc8
address max offset: 4
Memory content after  bitflip:0x030x300x000x00
frame name: main
symbol name: t
symbol filename: BTree.cpp
symbol line: 653
value: {root = 0x5555557bab90, t = 12291}
value address: 0x7fffffffddc0
Type: The type is a structure.
Type sizeof: 16
Field name: root
Field Type: The type is a pointer.
Field Type sizeof: 8
Field name: t
Field Type: The type is an integer type.
Field Type sizeof: 4

[INFO -- 2018-10-12 04:28:36]
Fault Injection Successful after 1.1471278667449951s
[INFO -- 2018-10-12 04:28:36]
event type: exit
[INFO -- 2018-10-12 04:28:36]
exit code: 0
