[INFO -- 2018-10-17 00:08:01]
Starting flip_value script
version: 1.1
[INFO -- 2018-10-17 00:08:01]
Initialization strings:
[INFO -- 2018-10-17 00:08:01]
(1) file /tmp/Tree234/main
[INFO -- 2018-10-17 00:08:01]
(2) set args /tmp/Tree234/input_50000 /tmp/Tree234/output_50000
[INFO -- 2018-10-17 00:08:01]
initSignal:0
[INFO -- 2018-10-17 00:08:01]
endSignal:2
[INFO -- 2018-10-17 00:08:01]
faultModel:0
[INFO -- 2018-10-17 00:08:01]
Backtrace BEGIN:
#0  0x00007ffff7df247a in __mmap (addr=addr@entry=0x0, len=len@entry=8192, prot=prot@entry=3, flags=flags@entry=34, fd=fd@entry=-1, offset=offset@entry=0) at ../sysdeps/unix/sysv/linux/wordsize-64/mmap.c:34
#1  0x00007ffff7df0e7e in __libc_memalign (align=align@entry=8, n=n@entry=5280) at dl-minimal.c:78
#2  0x00007ffff7df0f0d in malloc (n=n@entry=5280) at dl-minimal.c:95
#3  0x00007ffff7ddf553 in _dl_init_paths (llp=0x0) at dl-load.c:692
#4  0x00007ffff7dda7f6 in dl_main (phdr=<optimized out>, phnum=9, user_entry=<optimized out>, auxv=<optimized out>) at rtld.c:1248
#5  0x00007ffff7df0632 in _dl_sysdep_start (start_argptr=start_argptr@entry=0x7fffffffde70, dl_main=dl_main@entry=0x7ffff7dd91e0 <dl_main>) at ../elf/dl-sysdep.c:249
#6  0x00007ffff7dd8c2a in _dl_start_final (arg=0x7fffffffde70) at rtld.c:323
#7  _dl_start (arg=0x7fffffffde70) at rtld.c:429
#8  0x00007ffff7dd7c38 in _start () from /lib64/ld-linux-x86-64.so.2
#9  0x0000000000000003 in ?? ()
#10 0x00007fffffffe20c in ?? ()
#11 0x00007fffffffe21e in ?? ()
#12 0x00007fffffffe237 in ?? ()
#13 0x0000000000000000 in ?? ()

29	in ../sysdeps/unix/sysv/linux/wordsize-64/mmap.c

Backtrace END
Fliping a bit of the value pointed by a pointer
Fliping a bit of the value pointed by a pointer
Memory content before bitflip:0x2f
Fault Model: Single bit-flip
base address to flip value: 0x7fffffffe20c 
address max offset: 1
Memory content after  bitflip:0x27
frame name: _dl_start_final
symbol name: __GI__dl_argv
symbol filename: rtld.c
symbol line: 83
value: 0x7fffffffde78
value address: 0x7ffff7ffcc80 <_dl_argv>
Type: The type is a pointer.
Type sizeof: 8

[INFO -- 2018-10-17 00:08:01]
Fault Injection Successful after 0.3025166988372803s
[INFO -- 2018-10-17 00:08:01]
event type: exit
[INFO -- 2018-10-17 00:08:01]
exit code: 0
