[INFO -- 2018-11-25 20:51:36]
Starting flip_value script
version: 1.1
[INFO -- 2018-11-25 20:51:36]
Initialization strings:
[INFO -- 2018-11-25 20:51:36]
(1) file /tmp/BTree-dup/main
[INFO -- 2018-11-25 20:51:36]
(2)  set args /tmp/BTree-dup/input_100000 /tmp/BTree-dup/output_100000 /tmp/BTree-dup-detection.log /tmp/BTree-dup/output2_100000
[INFO -- 2018-11-25 20:51:36]
initSignal:0
[INFO -- 2018-11-25 20:51:36]
endSignal:2
[INFO -- 2018-11-25 20:51:36]
faultModel:0
[EXCEPTION -- 2018-11-25 20:51:38]
pythonException: Unable to exit loop in struct fields; Exiting wihtout making a bit flip
[INFO -- 2018-11-25 20:51:38]
Backtrace BEGIN:
#0  0x00007ffff7b39c90 in __gnu_cxx::stdio_sync_filebuf<char, std::char_traits<char> >::xsputn(char const*, long) () from /usr/lib/x86_64-linux-gnu/libstdc++.so.6
#1  0x00007ffff7b5fe94 in std::basic_ostream<char, std::char_traits<char> >& std::__ostream_insert<char, std::char_traits<char> >(std::basic_ostream<char, std::char_traits<char> >&, char const*, long) () from /usr/lib/x86_64-linux-gnu/libstdc++.so.6
#2  0x00005555555573ea in std::operator<< <char, std::char_traits<char>, 16ul> (__os=..., __x=std::bitset = {...}) at /usr/include/c++/7/bitset:1539
#3  0x0000555555556912 in BTreeNode::traverse (this=0x5555558e9200) at BTree_dup.cpp:594
#4  0x000055555555695f in BTreeNode::traverse (this=0x555555b5b420) at BTree_dup.cpp:599
#5  0x00005555555568d7 in BTreeNode::traverse (this=0x5555557bb340) at BTree_dup.cpp:593
#6  0x00005555555568d7 in BTreeNode::traverse (this=0x555555895980) at BTree_dup.cpp:593
#7  0x00005555555568d7 in BTreeNode::traverse (this=0x555555a51560) at BTree_dup.cpp:593
#8  0x00005555555568d7 in BTreeNode::traverse (this=0x5555559d1280) at BTree_dup.cpp:593
#9  0x00005555555568d7 in BTreeNode::traverse (this=0x5555559d1310) at BTree_dup.cpp:593
#10 0x000055555555695f in BTreeNode::traverse (this=0x555555a2abc0) at BTree_dup.cpp:599
#11 0x000055555555695f in BTreeNode::traverse (this=0x555555a2ab30) at BTree_dup.cpp:599
#12 0x00005555555572bb in BTree::traverse (this=0x7fffffffdd40) at BTree_dup.cpp:139
#13 0x0000555555556fbd in main (argc=5, argv=0x7fffffffde68) at BTree_dup.cpp:718

687	        }
688	    }
689	}
690	
691	int main(int argc, char * argv[]) {
692	
693	    if (argc != 5){
694	        cerr << "Uso correto: ./main [input file] [output file] [log file] [output2 file]" << endl;
695	        return 0;
696	    }

Backtrace END
Memory content before bitflip:0x030x000x000x00
Fault Model: Single bit-flip
base address to flip value: 0x7fffffffdabc
address max offset: 4
Memory content after  bitflip:0x830x000x000x00
frame name: BTreeNode::traverse
symbol name: i
symbol filename: BTree_dup.cpp
symbol line: 587
value: 131
value address: 0x7fffffffdabc
Type: The type is an integer type.
Type sizeof: 4

[INFO -- 2018-11-25 20:51:38]
Fault Injection Successful after 2.378145456314087s
[INFO -- 2018-11-25 20:51:39]
event type: exit
[INFO -- 2018-11-25 20:51:39]
exit code: 0
