[INFO -- 2018-10-12 01:26:21]
Starting flip_value script
version: 1.1
[INFO -- 2018-10-12 01:26:21]
Initialization strings:
[INFO -- 2018-10-12 01:26:21]
(1) file /tmp/BTree/main
[INFO -- 2018-10-12 01:26:21]
(2)  set args /tmp/BTree/input_100000 /tmp/BTree/output_100000
[INFO -- 2018-10-12 01:26:21]
initSignal:0
[INFO -- 2018-10-12 01:26:21]
endSignal:2
[INFO -- 2018-10-12 01:26:21]
faultModel:3
[EXCEPTION -- 2018-10-12 01:26:22]
pythonException: Unable to exit loop in struct fields; Exiting wihtout making a bit flip
[EXCEPTION -- 2018-10-12 01:26:22]
pythonException: Unable to exit loop in struct fields; Exiting wihtout making a bit flip
[INFO -- 2018-10-12 01:26:22]
Backtrace BEGIN:
#0  BTreeNode::insertNonFull (this=0x555555812430, k=3943114) at BTree.cpp:522
#1  0x0000555555555f18 in BTree::insert (this=0x7fffffffddc0, k=3943114) at BTree.cpp:487
#2  0x0000555555556601 in main (argc=3, argv=0x7fffffffded8) at BTree.cpp:665

517			// Find the child which is going to have the new key
518			while (i >= 0 && keys[i] > k)
519				i--;
520	
521			// See if the found child is full
522			if (C[i+1]->n == 2*t-1)
523			{
524				// If the child is full, then split it
525				splitChild(i+1, C[i+1]);
526	

Backtrace END
Fliping a bit of the value pointed by a pointer
Fliping a bit of the value pointed by a pointer
Memory content before bitflip:0x2f
Fault Model: Zero bit-flip
base address to flip value: 0x7fffffffe279 
address max offset: 1
Memory content after  bitflip:0x00
frame name: main
symbol name: argv
symbol filename: BTree.cpp
symbol line: 650
value: 0x7fffffffded8
value address: 0x7fffffffdda0
Type: The type is a pointer.
Type sizeof: 8

[INFO -- 2018-10-12 01:26:22]
Fault Injection Successful after 1.2725276947021484s
[INFO -- 2018-10-12 01:26:22]
event type: exit
[INFO -- 2018-10-12 01:26:22]
exit code: 0
