[INFO -- 2018-11-25 21:00:11]
Starting flip_value script
version: 1.1
[INFO -- 2018-11-25 21:00:11]
Initialization strings:
[INFO -- 2018-11-25 21:00:11]
(1) file /tmp/BTree-dup/main
[INFO -- 2018-11-25 21:00:11]
(2)  set args /tmp/BTree-dup/input_100000 /tmp/BTree-dup/output_100000 /tmp/BTree-dup-detection.log /tmp/BTree-dup/output2_100000
[INFO -- 2018-11-25 21:00:11]
initSignal:0
[INFO -- 2018-11-25 21:00:11]
endSignal:2
[INFO -- 2018-11-25 21:00:11]
faultModel:2
[EXCEPTION -- 2018-11-25 21:00:13]
pythonException: Unable to exit loop in struct fields; Exiting wihtout making a bit flip
[INFO -- 2018-11-25 21:00:13]
Backtrace BEGIN:
#0  __mempcpy_avx_unaligned () at ../sysdeps/x86_64/multiarch/memmove-vec-unaligned-erms.S:118
#1  0x00007ffff72af994 in _IO_new_file_xsputn (f=0x7ffff7610760 <_IO_2_1_stdout_>, data=<optimized out>, n=16) at fileops.c:1258
#2  0x00007ffff72a3977 in __GI__IO_fwrite (buf=0x55555576d0a0, size=1, count=16, fp=0x7ffff7610760 <_IO_2_1_stdout_>) at iofwrite.c:39
#3  0x00007ffff7b5fe94 in std::basic_ostream<char, std::char_traits<char> >& std::__ostream_insert<char, std::char_traits<char> >(std::basic_ostream<char, std::char_traits<char> >&, char const*, long) () from /usr/lib/x86_64-linux-gnu/libstdc++.so.6
#4  0x00005555555573ea in std::operator<< <char, std::char_traits<char>, 16ul> (__os=..., __x=std::bitset = {...}) at /usr/include/c++/7/bitset:1539
#5  0x0000555555556912 in BTreeNode::traverse (this=0x555555cf4830) at BTree_dup.cpp:594
#6  0x000055555555695f in BTreeNode::traverse (this=0x555555cdc9b0) at BTree_dup.cpp:599
#7  0x00005555555568d7 in BTreeNode::traverse (this=0x555555d65930) at BTree_dup.cpp:593
#8  0x00005555555568d7 in BTreeNode::traverse (this=0x555555db07e0) at BTree_dup.cpp:593
#9  0x00005555555568d7 in BTreeNode::traverse (this=0x555555fc56d0) at BTree_dup.cpp:593
#10 0x00005555555568d7 in BTreeNode::traverse (this=0x5555560316d0) at BTree_dup.cpp:593
#11 0x00005555555568d7 in BTreeNode::traverse (this=0x555555e9d600) at BTree_dup.cpp:593
#12 0x000055555555695f in BTreeNode::traverse (this=0x555555ef6eb0) at BTree_dup.cpp:599
#13 0x000055555555695f in BTreeNode::traverse (this=0x555555ef6e20) at BTree_dup.cpp:599
#14 0x00005555555572bb in BTree::traverse (this=0x7fffffffdd50) at BTree_dup.cpp:139
#15 0x0000555555556ff9 in main (argc=5, argv=0x7fffffffde68) at BTree_dup.cpp:725

113	in ../sysdeps/x86_64/multiarch/memmove-vec-unaligned-erms.S

Backtrace END
Memory content before bitflip:0x010x000x000x00
Fault Model: Random bit-flip
base address to flip value: 0x7fffffffdabc
address max offset: 4
Memory content after  bitflip:0x060x4f0x760x1a
frame name: BTreeNode::traverse
symbol name: i
symbol filename: BTree_dup.cpp
symbol line: 587
value: 443961094
value address: 0x7fffffffdabc
Type: The type is an integer type.
Type sizeof: 4

[INFO -- 2018-11-25 21:00:13]
Fault Injection Successful after 2.8873114585876465s
[INFO -- 2018-11-25 21:00:13]
event type: exit
[INFO -- 2018-11-25 21:00:13]
exit code: 0
