[INFO -- 2018-12-01 03:44:06]
Starting flip_value script
version: 1.1
[INFO -- 2018-12-01 03:44:06]
Initialization strings:
[INFO -- 2018-12-01 03:44:06]
(1) file /tmp/splay/main
[INFO -- 2018-12-01 03:44:06]
(2) set args /tmp/splay/input_100000 /tmp/splay/output_100000
[INFO -- 2018-12-01 03:44:06]
initSignal:0
[INFO -- 2018-12-01 03:44:06]
endSignal:5
[INFO -- 2018-12-01 03:44:06]
faultModel:3
[INFO -- 2018-12-01 03:44:06]
Backtrace BEGIN:
#0  Splay (key=2475036, root=0x55555577f250) at splay.cpp:83
#1  0x0000555555557916 in Insert (key=2475036, root=0x5555557d4270) at splay.cpp:145
#2  0x00005555555564bb in main (argc=3, argv=0x7fffffffdfb8) at main.cpp:31

78			}
79			else if(key > root->key)
80			{
81				if(!root->rchild)
82					break;
83				if(key > root->rchild->key)
84				{
85					root = LL_Rotate(root);/* only zag-zag mode need to rotate once,
86											  because zag-zig mode is handled as zag
87											  mode, which doesn't require rotate, 

Backtrace END
Memory content before bitflip:0x030x000x000x00
Fault Model: Zero bit-flip
base address to flip value: 0x7fffffffdc3c
address max offset: 4
Memory content after  bitflip:0x000x000x000x00
frame name: main
symbol name: argc
symbol filename: main.cpp
symbol line: 14
value: 0
value address: 0x7fffffffdc3c
Type: The type is an integer type.
Type sizeof: 4

[INFO -- 2018-12-01 03:44:06]
Fault Injection Successful after 0.6411755084991455s
[INFO -- 2018-12-01 03:44:06]
event type: exit
[INFO -- 2018-12-01 03:44:06]
exit code: 0
