[INFO -- 2018-10-17 20:12:47]
Starting flip_value script
version: 1.1
[INFO -- 2018-10-17 20:12:47]
Initialization strings:
[INFO -- 2018-10-17 20:12:47]
(1) file /tmp/Tree234/main
[INFO -- 2018-10-17 20:12:47]
(2) set args /tmp/Tree234/input_50000 /tmp/Tree234/output_50000
[INFO -- 2018-10-17 20:12:47]
initSignal:0
[INFO -- 2018-10-17 20:12:47]
endSignal:2
[INFO -- 2018-10-17 20:12:47]
faultModel:0
[INFO -- 2018-10-17 20:12:48]
Backtrace BEGIN:
#0  dl_main (phdr=<optimized out>, phnum=<optimized out>, user_entry=<optimized out>, auxv=<optimized out>) at rtld.c:2206
#1  0x00007ffff7df0632 in _dl_sysdep_start (start_argptr=start_argptr@entry=0x7fffffffde70, dl_main=dl_main@entry=0x7ffff7dd91e0 <dl_main>) at ../elf/dl-sysdep.c:249
#2  0x00007ffff7dd8c2a in _dl_start_final (arg=0x7fffffffde70) at rtld.c:323
#3  _dl_start (arg=0x7fffffffde70) at rtld.c:429
#4  0x00007ffff7dd7c38 in _start () from /lib64/ld-linux-x86-64.so.2
#5  0x0000000000000003 in ?? ()
#6  0x00007fffffffe20c in ?? ()
#7  0x00007fffffffe21e in ?? ()
#8  0x00007fffffffe237 in ?? ()
#9  0x0000000000000000 in ?? ()

2201	in rtld.c

Backtrace END
Fliping array at pos: 13
Memory content before bitflip:0x65
Fault Model: Single bit-flip
base address to flip value: 0x7ffff7df954d  
address max offset: 1
Memory content after  bitflip:0x25
frame name: dl_main
symbol name: preload_file
symbol filename: rtld.c
symbol line: 1551
value: "/etc/ld.so.pr%load"
value address: 0x7ffff7df9540 <preload_file>
Type: The type is an array.
Type sizeof: 19
Field name: None
Field Type: A range type, that is, an integer type with bounds.
Field Type sizeof: 8
Field Type range: (0, 18)

[INFO -- 2018-10-17 20:12:48]
Fault Injection Successful after 1.1311993598937988s
[INFO -- 2018-10-17 20:12:48]
event type: exit
[INFO -- 2018-10-17 20:12:48]
exit code: 0
