[INFO -- 2018-11-26 00:53:27]
Starting flip_value script
version: 1.1
[INFO -- 2018-11-26 00:53:27]
Initialization strings:
[INFO -- 2018-11-26 00:53:27]
(1) file /tmp/BTree-dup/main
[INFO -- 2018-11-26 00:53:27]
(2)  set args /tmp/BTree-dup/input_100000 /tmp/BTree-dup/output_100000 /tmp/BTree-dup-detection.log /tmp/BTree-dup/output2_100000
[INFO -- 2018-11-26 00:53:27]
initSignal:0
[INFO -- 2018-11-26 00:53:27]
endSignal:2
[INFO -- 2018-11-26 00:53:27]
faultModel:0
[INFO -- 2018-11-26 00:53:28]
Backtrace BEGIN:
#0  0x00007ffff7add2e0 in operator delete(void*) () from /usr/lib/x86_64-linux-gnu/libstdc++.so.6
#1  0x00005555555573f9 in std::operator<< <char, std::char_traits<char>, 16ul> (__os=..., __x=std::bitset = {...}) at /usr/include/c++/7/bitset:1533
#2  0x0000555555556912 in BTreeNode::traverse (this=0x555556037b80) at BTree_dup.cpp:594
#3  0x00005555555568d7 in BTreeNode::traverse (this=0x555555bed280) at BTree_dup.cpp:593
#4  0x00005555555568d7 in BTreeNode::traverse (this=0x555555cefa90) at BTree_dup.cpp:593
#5  0x00005555555568d7 in BTreeNode::traverse (this=0x555555ea36c0) at BTree_dup.cpp:593
#6  0x00005555555568d7 in BTreeNode::traverse (this=0x555555fa30b0) at BTree_dup.cpp:593
#7  0x00005555555568d7 in BTreeNode::traverse (this=0x555555dbe3d0) at BTree_dup.cpp:593
#8  0x00005555555568d7 in BTreeNode::traverse (this=0x555555f9c1e0) at BTree_dup.cpp:593
#9  0x00005555555568d7 in BTreeNode::traverse (this=0x555555ce1f30) at BTree_dup.cpp:593
#10 0x00005555555568d7 in BTreeNode::traverse (this=0x555555ef6e20) at BTree_dup.cpp:593
#11 0x00005555555572bb in BTree::traverse (this=0x7fffffffdd50) at BTree_dup.cpp:139
#12 0x0000555555556ff9 in main (argc=5, argv=0x7fffffffde68) at BTree_dup.cpp:725

677	    {
678	        file1.getline(string1,256);
679	        file2.getline(string2,256);
680	        j++;
681	        if(strcmp(string1,string2) != 0)
682	        {
683	            if (fp = fopen(detectLog, "a")) {
684	                fprintf(fp, "[%d]: %s %s\n",j,string1,string2);
685	                fclose(fp);
686	            }

Backtrace END
Memory content before bitflip:0x000x000x000x00
Fault Model: Single bit-flip
base address to flip value: 0x7fffffffdabc
address max offset: 4
Memory content after  bitflip:0x010x000x000x00
frame name: BTreeNode::traverse
symbol name: i
symbol filename: BTree_dup.cpp
symbol line: 587
value: 1
value address: 0x7fffffffdabc
Type: The type is an integer type.
Type sizeof: 4

[INFO -- 2018-11-26 00:53:28]
Fault Injection Successful after 1.8462822437286377s
[INFO -- 2018-11-26 00:53:30]
event type: exit
[INFO -- 2018-11-26 00:53:30]
exit code: 0
