[INFO -- 2018-11-25 22:58:07]
Starting flip_value script
version: 1.1
[INFO -- 2018-11-25 22:58:07]
Initialization strings:
[INFO -- 2018-11-25 22:58:07]
(1) file /tmp/BTree-dup/main
[INFO -- 2018-11-25 22:58:07]
(2)  set args /tmp/BTree-dup/input_100000 /tmp/BTree-dup/output_100000 /tmp/BTree-dup-detection.log /tmp/BTree-dup/output2_100000
[INFO -- 2018-11-25 22:58:07]
initSignal:0
[INFO -- 2018-11-25 22:58:07]
endSignal:2
[INFO -- 2018-11-25 22:58:07]
faultModel:2
[EXCEPTION -- 2018-11-25 22:58:09]
pythonException: Unable to exit loop in struct fields; Exiting wihtout making a bit flip
[INFO -- 2018-11-25 22:58:10]
Backtrace BEGIN:
#0  std::bitset<16ul>::_M_copy_to_string<char, std::char_traits<char>, std::allocator<char> > (this=0x7fffffffdac0, __s="1000100101111000", __zero=48 '0', __one=49 '1') at /usr/include/c++/7/bitset:1408
#1  0x00005555555573d7 in std::operator<< <char, std::char_traits<char>, 16ul> (__os=..., __x=std::bitset = {...}) at /usr/include/c++/7/bitset:1538
#2  0x0000555555556912 in BTreeNode::traverse (this=0x5555559e1930) at BTree_dup.cpp:594
#3  0x000055555555695f in BTreeNode::traverse (this=0x555555a6b900) at BTree_dup.cpp:599
#4  0x00005555555568d7 in BTreeNode::traverse (this=0x555555778200) at BTree_dup.cpp:593
#5  0x00005555555568d7 in BTreeNode::traverse (this=0x555555795210) at BTree_dup.cpp:593
#6  0x000055555555695f in BTreeNode::traverse (this=0x5555559ea9c0) at BTree_dup.cpp:599
#7  0x00005555555568d7 in BTreeNode::traverse (this=0x555555acfdd0) at BTree_dup.cpp:593
#8  0x00005555555568d7 in BTreeNode::traverse (this=0x555555acfef0) at BTree_dup.cpp:593
#9  0x00005555555568d7 in BTreeNode::traverse (this=0x555555815c40) at BTree_dup.cpp:593
#10 0x00005555555568d7 in BTreeNode::traverse (this=0x555555a2ab30) at BTree_dup.cpp:593
#11 0x00005555555572bb in BTree::traverse (this=0x7fffffffdd40) at BTree_dup.cpp:139
#12 0x0000555555556fbd in main (argc=5, argv=0x7fffffffde68) at BTree_dup.cpp:718

1403	      bitset<_Nb>::
1404	      _M_copy_to_string(std::basic_string<_CharT, _Traits, _Alloc>& __s,
1405				_CharT __zero, _CharT __one) const
1406	      {
1407		__s.assign(_Nb, __zero);
1408		for (size_t __i = _Nb; __i > 0; --__i)
1409		  if (_Unchecked_test(__i - 1))
1410		    _Traits::assign(__s[_Nb - __i], __one);
1411	      }
1412	

Backtrace END
Fliping a bit of the value pointed by a reference
Fliping value of field: std::_Base_bitset<1>
Fliping value of field: _M_w
Memory content before bitflip:0x790x890x000x000x000x000x000x00
Fault Model: Random bit-flip
base address to flip value: 0x7fffffffdac0
address max offset: 8
Memory content after  bitflip:0x800x960xcf0xa40x0d0x700x2a0xb0
frame name: std::operator<< <char, std::char_traits<char>, 16ul>
symbol name: __x
symbol filename: /usr/include/c++/7/bitset
symbol line: 1531
value: std::bitset = {[7] = 1, [9] = 1, [10] = 1, [12] = 1, [15] = 1, [16] = 1, [17] = 1, [18] = 1, [19] = 1, [22] = 1, [23] = 1, [26] = 1, [29] = 1, [31] = 1, [32] = 1, [34] = 1, [35] = 1, [44] = 1, [45] = 1, [46] = 1, [49] = 1, [51] = 1, [53] = 1, [60] = 1, [61] = 1, [63] = 1}
value address: 0x7fffffffdac0
Type: A reference type.
Type sizeof: 8

[INFO -- 2018-11-25 22:58:10]
Fault Injection Successful after 3.218874454498291s
[INFO -- 2018-11-25 22:58:10]
event type: exit
[INFO -- 2018-11-25 22:58:10]
exit code: 0
