[INFO -- 2018-10-17 20:10:25]
sending 5 signals using command: 'killall -2 main' after 1.06303894044s
[INFO -- 2018-10-17 20:10:25]
sending 5 signals using command: 'killall -2 main' after 1.11189400118s
[INFO -- 2018-10-17 20:10:25]
sending 5 signals using command: 'killall -2 main' after 1.74833522455s
[INFO -- 2018-10-17 20:10:25]
Starting GDB script
[INFO -- 2018-10-17 20:10:25]
initSignal:0.0
[INFO -- 2018-10-17 20:10:25]
endSignal:2.0
[INFO -- 2018-10-17 20:10:25]
sending 5 signals using command: 'killall -2 main' after 0.0282830903991s
[INFO -- 2018-10-17 20:10:26]
sending 5 signals using command: 'killall -2 main' after 0.550649196743s
[INFO -- 2018-10-17 20:10:26]
sending 5 signals using command: 'killall -2 main' after 0.756625329471s
[INFO -- 2018-10-17 20:10:26]
Execution finished before waitTime
