[69568]: 0100011111011100 0100101010010100
[69569]: 0100100001010110 0100011111011100
[69570]: 0100100011010000 0100100001010110
[69571]: 0100100011111000 0100100011010000
[69572]: 0100100100110011 0100100011111000
[69573]: 0100100101110010 0100100100110011
[69574]: 0100100110011111 0100100101110010
[69575]: 0100100110100110 0100100110011111
[69576]: 0100100110110001 0100100110100110
[69577]: 0100100111100101 0100100110110001
[69578]: 0100101000010000 0100100111100101
[69579]: 0100101001001000 0100101000010000
[69580]: 0100101001001001 0100101001001000
[69581]: 0100101001001100 0100101001001001
[69582]: 0100101001011010 0100101001001100
[69583]: 0100101010011010 0100101001011010
[69584]: 0100101010100011 0100101010011010
[69585]: 0100101011001111 0100101010100011
[69586]: 0100101011101000 0100101011001111
[69587]: 0100101101001011 0100101011101000
[69588]: 0100101101001110 0100101101001011
[69589]: 0100101110010010 0100101101001110
[69590]: 0100101110100111 0100101110010010
[69591]: 0100101110110101 0100101110100111
[69592]: 0100101111010111 0100101110110101
[69593]: 0100101111100001 0100101111010111
[69594]: 0100110001010010 0100101111100001
[69595]: 0100110101001010 0100110001010010
[69596]: 0100110110010000 0100110101001010
[69597]: 0100110110011010 0100110110010000
[69598]: 0100110110101000 0100110110011010
[69599]: 0100110110110111 0100110110101000
[69600]: 0100110110111011 0100110110110111
[69601]: 0100110111111100 0100110110111011
[69602]: 0100111000110000 0100110111111100
[69603]: 0100111001000111 0100111000110000
[69604]: 0100111001110000 0100111001000111
[69605]: 0100111010010000 0100111001110000
[69606]: 0100111010010100 0100111010010000
[69607]: 0100111010110010 0100111010010100
[69608]: 0100111011000001 0100111010110010
[69609]: 0100111110011000 0100111011000001
[69610]: 0100111111000001 0100111110011000
[69611]: 0101000001100011 0100111111000001
[69612]: 0101000001110100 0101000001100011
[69613]: 0101000010011111 0101000001110100
[69614]: 0101000010100010 0101000010011111
[69615]: 0101000010111101 0101000010100010
[69616]: 0101000101001000 0101000010111101
[69617]: 0101000111000110 0101000101001000
[69618]: 0101001001001111 0101000111000110
[69619]: 0101001101001000 0101001001001111
[69620]: 0101001101110011 0101001101001000
[69621]: 0101001111001001 0101001101110011
[69622]: 0101010000011010 0101001111001001
[69623]: 0101010000110011 0101010000011010
[69624]: 0101010001011100 0101010000110011
[69625]: 0101010011011100 0101010001011100
[69626]: 0101010100000000 0101010011011100
[69627]: 0101010101111001 0101010100000000
[69628]: 0101010110111011 0101010101111001
[69629]: 0101010111010110 0101010110111011
[69630]: 0101010111111000 0101010111010110
[69631]: 0101011000010110 0101010111111000
[69632]: 0101011001001010 0101011000010110
[69633]: 0101011001011110 0101011001001010
[69634]: 0101011001100010 0101011001011110
[69635]: 0101011001110110 0101011001100010
[69636]: 0101011011110000 0101011001110110
[69637]: 0101011100001110 0101011011110000
[69638]: 0101011101100011 0101011100001110
[69639]: 0101011110000100 0101011101100011
[69640]: 0101011110010000 0101011110000100
[69641]: 0101011110101001 0101011110010000
[69642]: 0101011111001000 0101011110101001
[69643]: 0101011111001011 0101011111001000
[69644]: 0101100001010110 0101011111001011
[69645]: 0101100001010111 0101100001010110
[69646]: 0101100001100111 0101100001010111
[69647]: 0101100001110011 0101100001100111
[69648]: 0101100001110100 0101100001110011
[69649]: 0101100010100000 0101100001110100
[69650]: 0101100100110100 0101100010100000
[69651]: 0101100101001111 0101100100110100
[69652]: 0101100101101001 0101100101001111
[69653]: 0101100110010101 0101100101101001
[69654]: 0101100110010110 0101100110010101
[69655]: 0101100111001110 0101100110010110
[69656]: 0101101000010110 0101100111001110
[69657]: 0101101000011110 0101101000010110
[69658]: 0101101001110001 0101101000011110
[69659]: 0101101001111001 0101101001110001
[69660]: 0101101001111100 0101101001111001
[69661]: 0101101010000100 0101101001111100
[69662]: 0101101011111111 0101101010000100
[69663]: 0101101101100001 0101101011111111
[69664]: 0101101110100110 0101101101100001
[69665]: 0101101111111101 0101101110100110
[69666]: 0101110000001000 0101101111111101
[69667]: 0101110001001110 0101110000001000
[69668]: 0101110001010010 0101110001001110
[69669]: 0101110011000101 0101110001010010
[69670]: 0101110011001000 0101110011000101
[69671]: 0101110011011000 0101110011001000
[69672]: 0101110011011001 0101110011011000
[69673]: 0101110011011011 0101110011011001
[69674]: 0101110100110111 0101110011011011
[69675]: 0101110101001000 0101110100110111
[69676]: 0101110101001111 0101110101001000
[69677]: 0101110101101110 0101110101001111
[69678]: 0101110111011010 0101110101101110
[69679]: 0101111010011011 0101110111011010
[69680]: 0101111011001101 0101111010011011
[69681]: 0101111100100001 0101111011001101
[69682]: 0101111100101110 0101111100100001
[69683]: 0101111100110000 0101111100101110
[69684]: 0101111100110110 0101111100110000
[69685]: 0101111110000000 0101111100110110
[69686]: 0101111110101010 0101111110000000
[69687]: 0101111110111010 0101111110101010
[69688]: 0110000010101111 0101111110111010
[69689]: 0110000011010111 0110000010101111
[69690]: 0110000100000110 0110000011010111
[69691]: 0110000101000010 0110000100000110
[69692]: 0110000101100110 0110000101000010
[69693]: 0110000101110010 0110000101100110
[69694]: 0110000110001111 0110000101110010
[69695]: 0110000110011000 0110000110001111
[69696]: 0110000111000011 0110000110011000
[69697]: 0110000111010100 0110000111000011
[69698]: 0110000111010110 0110000111010100
[69699]: 0110000111011101 0110000111010110
[69700]: 0110000111101010 0110000111011101
[69701]: 0110001000010001 0110000111101010
[69702]: 0110001000100101 0110001000010001
[69703]: 0110001010101011 0110001000100101
[69704]: 0110001011100110 0110001010101011
[69705]: 0110001011111101 0110001011100110
[69706]: 0110001101010001 0110001011111101
[69707]: 0110001101111000 0110001101010001
[69708]: 0110001110101001 0110001101111000
[69709]: 0110001111010111 0110001110101001
[69710]: 0110010000011111 0110001111010111
[69711]: 0110010000111100 0110010000011111
[69712]: 0110010010010110 0110010000111100
[69713]: 0110010100111001 0110010010010110
[69714]: 0110010101001111 0110010100111001
[69715]: 0110010101110101 0110010101001111
[69716]: 0110011000010100 0110010101110101
[69717]: 0110011000010101 0110011000010100
[69718]: 0110011000110101 0110011000010101
[69719]: 0110011010101101 0110011000110101
[69720]: 0110011011110101 0110011010101101
[69721]: 0110011101010011 0110011011110101
[69722]: 0110011110010100 0110011101010011
[69723]: 0110011110100011 0110011110010100
[69724]: 0110011110101100 0110011110100011
[69725]: 0110011111101001 0110011110101100
[69726]: 0110011111111110 0110011111101001
[69727]: 0110100001101100 0110011111111110
[69728]: 0110100010100011 0110100001101100
[69729]: 0110100100100110 0110100010100011
[69730]: 0110100110000101 0110100100100110
[69731]: 0110100110100101 0110100110000101
[69732]: 0110100110101001 0110100110100101
[69733]: 0110100111001100 0110100110101001
[69734]: 0110101000000001 0110100111001100
[69735]: 0110101010100100 0110101000000001
[69736]: 0110101011101010 0110101010100100
[69737]: 0110101011110100 0110101011101010
[69738]: 0110101011110101 0110101011110100
[69739]: 0110101100001101 0110101011110101
[69740]: 0110101101100100 0110101100001101
[69741]: 0110101110011011 0110101101100100
[69742]: 0110101110111111 0110101110011011
[69743]: 0110101111101110 0110101110111111
[69744]: 0110110000100100 0110101111101110
[69745]: 0110110000110100 0110110000100100
[69746]: 0110110010000100 0110110000110100
[69747]: 0110110010010000 0110110010000100
[69748]: 0110110010011000 0110110010010000
[69749]: 0110110010110011 0110110010011000
[69750]: 0110110010110111 0110110010110011
[69751]: 0110110101111011 0110110010110111
[69752]: 0110110110000101 0110110101111011
[69753]: 0110110110101011 0110110110000101
[69754]: 0110110111000000 0110110110101011
[69755]: 0110110111111100 0110110111000000
