[INFO -- 2018-11-25 16:37:59]
Starting flip_value script
version: 1.1
[INFO -- 2018-11-25 16:37:59]
Initialization strings:
[INFO -- 2018-11-25 16:37:59]
(1) file /tmp/BTree-dup/main
[INFO -- 2018-11-25 16:37:59]
(2)  set args /tmp/BTree-dup/input_100000 /tmp/BTree-dup/output_100000 /tmp/BTree-dup-detection.log /tmp/BTree-dup/output2_100000
[INFO -- 2018-11-25 16:37:59]
initSignal:0
[INFO -- 2018-11-25 16:37:59]
endSignal:2
[INFO -- 2018-11-25 16:37:59]
faultModel:0
[INFO -- 2018-11-25 16:38:00]
Backtrace BEGIN:
#0  0x00005555555564b4 in BTreeNode::insertNonFull (this=0x555555bbcb60, k=2840848) at BTree_dup.cpp:497
#1  0x0000555555556639 in BTreeNode::insertNonFull (this=0x555555bbcad0, k=2479877) at BTree_dup.cpp:535
#2  0x0000555555556478 in BTree::insert (this=0x7fffffffda50, k=2479877) at BTree_dup.cpp:489
#3  0x0000555555556c25 in runner (input=0x7fffffffe22a "/tmp/BTree-dup/input_100000") at BTree_dup.cpp:664
#4  0x0000555555556f7a in main (argc=5, argv=0x7fffffffde68) at BTree_dup.cpp:712

492	
493	// A utility function to insert a new key in this node
494	// The assumption is, the node must be non-full when this
495	// function is called
496	void BTreeNode::insertNonFull(int k)
497	{
498		// Initialize index as index of rightmost element
499		int i = n-1;
500	
501		// If this is a leaf node

Backtrace END
Memory content before bitflip:0x100x590x2b0x00
Fault Model: Single bit-flip
base address to flip value: 0x7fffffffd994
address max offset: 4
Memory content after  bitflip:0x100xd90x2b0x00
frame name: BTreeNode::insertNonFull
symbol name: k
symbol filename: BTree_dup.cpp
symbol line: 496
value: 2873616
value address: 0x7fffffffd994
Type: The type is an integer type.
Type sizeof: 4

[INFO -- 2018-11-25 16:38:00]
Fault Injection Successful after 1.8150322437286377s
[INFO -- 2018-11-25 16:38:01]
event type: exit
[INFO -- 2018-11-25 16:38:01]
exit code: 0
