[INFO -- 2018-12-01 09:15:36]
Starting flip_value script
version: 1.1
[INFO -- 2018-12-01 09:15:36]
Initialization strings:
[INFO -- 2018-12-01 09:15:36]
(1) file /tmp/splay/main
[INFO -- 2018-12-01 09:15:36]
(2) set args /tmp/splay/input_100000 /tmp/splay/output_100000
[INFO -- 2018-12-01 09:15:36]
initSignal:0
[INFO -- 2018-12-01 09:15:36]
endSignal:5
[INFO -- 2018-12-01 09:15:36]
faultModel:1
[EXCEPTION -- 2018-12-01 09:15:37]
pythonException: Unable to exit loop in struct fields; Exiting wihtout making a bit flip
[EXCEPTION -- 2018-12-01 09:15:37]
pythonException: Unable to exit loop in struct fields; Exiting wihtout making a bit flip
[INFO -- 2018-12-01 09:15:37]
event type: exit
[INFO -- 2018-12-01 09:15:37]
exit code: 0
