[INFO -- 2018-12-01 05:29:07]
Starting flip_value script
version: 1.1
[INFO -- 2018-12-01 05:29:07]
Initialization strings:
[INFO -- 2018-12-01 05:29:07]
(1) file /tmp/splay/main
[INFO -- 2018-12-01 05:29:07]
(2) set args /tmp/splay/input_100000 /tmp/splay/output_100000
[INFO -- 2018-12-01 05:29:07]
initSignal:0
[INFO -- 2018-12-01 05:29:07]
endSignal:5
[INFO -- 2018-12-01 05:29:07]
faultModel:0
[EXCEPTION -- 2018-12-01 05:29:08]
gdbException: Attempt to dereference a generic pointer.
[INFO -- 2018-12-01 05:29:08]
event type: exit
[INFO -- 2018-12-01 05:29:08]
exit code: 0
