[INFO -- 2018-11-25 23:56:08]
Starting flip_value script
version: 1.1
[INFO -- 2018-11-25 23:56:08]
Initialization strings:
[INFO -- 2018-11-25 23:56:08]
(1) file /tmp/BTree-dup/main
[INFO -- 2018-11-25 23:56:08]
(2)  set args /tmp/BTree-dup/input_100000 /tmp/BTree-dup/output_100000 /tmp/BTree-dup-detection.log /tmp/BTree-dup/output2_100000
[INFO -- 2018-11-25 23:56:08]
initSignal:0
[INFO -- 2018-11-25 23:56:08]
endSignal:2
[INFO -- 2018-11-25 23:56:08]
faultModel:0
[EXCEPTION -- 2018-11-25 23:56:09]
gdbException: Tentativo de desreferenciar um ponteiro genérico.
[INFO -- 2018-11-25 23:56:10]
event type: exit
[INFO -- 2018-11-25 23:56:10]
exit code: 0
