[INFO -- 2018-11-25 16:33:15]
Starting flip_value script
version: 1.1
[INFO -- 2018-11-25 16:33:15]
Initialization strings:
[INFO -- 2018-11-25 16:33:15]
(1) file /tmp/BTree-dup/main
[INFO -- 2018-11-25 16:33:15]
(2)  set args /tmp/BTree-dup/input_100000 /tmp/BTree-dup/output_100000 /tmp/BTree-dup-detection.log /tmp/BTree-dup/output2_100000
[INFO -- 2018-11-25 16:33:15]
initSignal:0
[INFO -- 2018-11-25 16:33:15]
endSignal:2
[INFO -- 2018-11-25 16:33:15]
faultModel:4
[INFO -- 2018-11-25 16:33:16]
Backtrace BEGIN:
#0  0x00007ffff7b71794 in std::__cxx11::basic_string<char, std::char_traits<char>, std::allocator<char> >::assign(unsigned long, char) () from /usr/lib/x86_64-linux-gnu/libstdc++.so.6
#1  0x000055555555765b in std::bitset<16ul>::_M_copy_to_string<char, std::char_traits<char>, std::allocator<char> > (this=0x7fffffffdb00, __s="", __zero=48 '0', __one=49 '1') at /usr/include/c++/7/bitset:1407
#2  0x00005555555573d7 in std::operator<< <char, std::char_traits<char>, 16ul> (__os=..., __x=std::bitset = {...}) at /usr/include/c++/7/bitset:1538
#3  0x0000555555556912 in BTreeNode::traverse (this=0x5555559e3af0) at BTree_dup.cpp:594
#4  0x000055555555695f in BTreeNode::traverse (this=0x5555558222d0) at BTree_dup.cpp:599
#5  0x000055555555695f in BTreeNode::traverse (this=0x555555b3b440) at BTree_dup.cpp:599
#6  0x000055555555695f in BTreeNode::traverse (this=0x555555b3b5f0) at BTree_dup.cpp:599
#7  0x00005555555568d7 in BTreeNode::traverse (this=0x555555951b70) at BTree_dup.cpp:593
#8  0x00005555555568d7 in BTreeNode::traverse (this=0x555555acfef0) at BTree_dup.cpp:593
#9  0x00005555555568d7 in BTreeNode::traverse (this=0x555555815c40) at BTree_dup.cpp:593
#10 0x00005555555568d7 in BTreeNode::traverse (this=0x555555a2ab30) at BTree_dup.cpp:593
#11 0x00005555555572bb in BTree::traverse (this=0x7fffffffdd40) at BTree_dup.cpp:139
#12 0x0000555555556fbd in main (argc=5, argv=0x7fffffffde68) at BTree_dup.cpp:718

677	    {
678	        file1.getline(string1,256);
679	        file2.getline(string2,256);
680	        j++;
681	        if(strcmp(string1,string2) != 0)
682	        {
683	            if (fp = fopen(detectLog, "a")) {
684	                fprintf(fp, "[%d]: %s %s\n",j,string1,string2);
685	                fclose(fp);
686	            }

Backtrace END
Fliping a bit of the pointer
Memory content before bitflip:0xd00x220x820x550x550x550x000x00
Fault Model: LSB bit-flip
base address to flip value: 0x7fffffffdb28
address max offset: 8
Memory content after  bitflip:0xd00x220x820x550x550x550x000x40
frame name: BTreeNode::traverse
symbol name: this
symbol filename: BTree_dup.cpp
symbol line: 0
value: 0x5555558222d0
value address: 0x7fffffffdb28
Type: The type is a pointer.
Type sizeof: 8

[INFO -- 2018-11-25 16:33:16]
Fault Injection Successful after 1.6275534629821777s
[INFO -- 2018-11-25 16:33:17]
event type: exit
[INFO -- 2018-11-25 16:33:17]
exit code: 0
