[INFO -- 2018-12-09 15:30:38]
Starting flip_value script
version: 1.1
[INFO -- 2018-12-09 15:30:38]
Initialization strings:
[INFO -- 2018-12-09 15:30:38]
(1) file /tmp/Tree234/main
[INFO -- 2018-12-09 15:30:38]
(2) set args /tmp/Tree234/input_100000 /tmp/Tree234/output_100000 /tmp/Tree234/detectionLog_100000.log /tmp/Tree234/output2_100000
[INFO -- 2018-12-09 15:30:38]
initSignal:0
[INFO -- 2018-12-09 15:30:38]
endSignal:5
[INFO -- 2018-12-09 15:30:38]
faultModel:2
[INFO -- 2018-12-09 15:30:38]
Backtrace BEGIN:
#0  dl_main (phdr=<optimized out>, phnum=<optimized out>, user_entry=<optimized out>, auxv=<optimized out>) at rtld.c:2206
#1  0x00007ffff7df0632 in _dl_sysdep_start (start_argptr=start_argptr@entry=0x7fffffffde90, dl_main=dl_main@entry=0x7ffff7dd91e0 <dl_main>) at ../elf/dl-sysdep.c:249
#2  0x00007ffff7dd8c2a in _dl_start_final (arg=0x7fffffffde90) at rtld.c:323
#3  _dl_start (arg=0x7fffffffde90) at rtld.c:429
#4  0x00007ffff7dd7c38 in _start () from /lib64/ld-linux-x86-64.so.2
#5  0x0000000000000005 in ?? ()
#6  0x00007fffffffe21c in ?? ()
#7  0x00007fffffffe22e in ?? ()
#8  0x00007fffffffe248 in ?? ()
#9  0x00007fffffffe263 in ?? ()
#10 0x00007fffffffe288 in ?? ()
#11 0x0000000000000000 in ?? ()

2201	in rtld.c

Backtrace END
Fliping value of field: dont_free
Memory content before bitflip:0x000x000x000x00
Fault Model: Random bit-flip
base address to flip value: 0x7ffff7ffe030 
address max offset: 4
Memory content after  bitflip:0x5d0x4f0x050x24
frame name: dl_main
symbol name: _dl_rtld_libname
symbol filename: rtld.c
symbol line: 210
value: {name = 0x400238 "/lib64/ld-linux-x86-64.so.2", next = 0x7ffff7ffdfd0 <newname>, dont_free = 604327773}
value address: 0x7ffff7ffe020 <_dl_rtld_libname>
Type: The type is a structure.
Type sizeof: 24
Field name: name
Field Type: The type is a pointer.
Field Type sizeof: 8
Field name: next
Field Type: The type is a pointer.
Field Type sizeof: 8
Field name: dont_free
Field Type: The type is an integer type.
Field Type sizeof: 4

[INFO -- 2018-12-09 15:30:38]
Fault Injection Successful after 0.5701727867126465s
[INFO -- 2018-12-09 15:30:39]
event type: exit
[INFO -- 2018-12-09 15:30:39]
exit code: 0
