[INFO -- 2018-11-25 15:39:39]
Starting flip_value script
version: 1.1
[INFO -- 2018-11-25 15:39:39]
Initialization strings:
[INFO -- 2018-11-25 15:39:39]
(1) file /tmp/BTree-dup/main
[INFO -- 2018-11-25 15:39:39]
(2)  set args /tmp/BTree-dup/input_100000 /tmp/BTree-dup/output_100000 /tmp/BTree-dup-detection.log /tmp/BTree-dup/output2_100000
[INFO -- 2018-11-25 15:39:39]
initSignal:0
[INFO -- 2018-11-25 15:39:39]
endSignal:2
[INFO -- 2018-11-25 15:39:39]
faultModel:4
[EXCEPTION -- 2018-11-25 15:39:40]
pythonException: Unable to exit loop in struct fields; Exiting wihtout making a bit flip
[EXCEPTION -- 2018-11-25 15:39:40]
pythonException: Unable to exit loop in struct fields; Exiting wihtout making a bit flip
[INFO -- 2018-11-25 15:39:41]
Backtrace BEGIN:
#0  0x00005555555564f8 in BTreeNode::insertNonFull (this=0x5555558944b0, k=645743) at BTree_dup.cpp:507
#1  0x0000555555556639 in BTreeNode::insertNonFull (this=0x555555848010, k=645743) at BTree_dup.cpp:535
#2  0x0000555555556639 in BTreeNode::insertNonFull (this=0x5555557b3c00, k=645743) at BTree_dup.cpp:535
#3  0x0000555555556639 in BTreeNode::insertNonFull (this=0x5555557bba90, k=645743) at BTree_dup.cpp:535
#4  0x0000555555556639 in BTreeNode::insertNonFull (this=0x555555815850, k=645743) at BTree_dup.cpp:535
#5  0x0000555555556639 in BTreeNode::insertNonFull (this=0x55555577e350, k=645743) at BTree_dup.cpp:535
#6  0x0000555555556639 in BTreeNode::insertNonFull (this=0x5555557a21a0, k=645743) at BTree_dup.cpp:535
#7  0x0000555555556639 in BTreeNode::insertNonFull (this=0x555555815c40, k=645743) at BTree_dup.cpp:535
#8  0x0000555555556478 in BTree::insert (this=0x7fffffffda50, k=645743) at BTree_dup.cpp:489
#9  0x0000555555556c25 in runner (input=0x7fffffffe22a "/tmp/BTree-dup/input_100000") at BTree_dup.cpp:664
#10 0x0000555555556f51 in main (argc=5, argv=0x7fffffffde68) at BTree_dup.cpp:711

502		if (leaf == true)
503		{
504			// The following loop does two things
505			// a) Finds the location of new key to be inserted
506			// b) Moves all greater keys to one place ahead
507			while (i >= 0 && keys[i] > k)
508			{
509				keys[i+1] = keys[i];
510				i--;
511			}

Backtrace END
Fliping a bit of the value pointed by a pointer
Fliping value of field: t
Memory content before bitflip:0x030x000x000x00
Fault Model: LSB bit-flip
base address to flip value: 0x7fffffffda58
address max offset: 4
Memory content after  bitflip:0x030x000x000x08
frame name: BTree::insert
symbol name: this
symbol filename: BTree_dup.cpp
symbol line: 0
value: 0x7fffffffda50
value address: 0x7fffffffd9f8
Type: The type is a pointer.
Type sizeof: 8

[INFO -- 2018-11-25 15:39:41]
Fault Injection Successful after 2.2809650897979736s
[INFO -- 2018-11-25 15:39:42]
event type: exit
[INFO -- 2018-11-25 15:39:42]
exit code: 0
