[INFO -- 2018-10-16 19:29:21]
Starting flip_value script
version: 1.1
[INFO -- 2018-10-16 19:29:21]
Initialization strings:
[INFO -- 2018-10-16 19:29:21]
(1) file /tmp/RBTree/main
[INFO -- 2018-10-16 19:29:21]
(2) set args  /tmp/RBTree/input_ /tmp/RBTree/output_
[INFO -- 2018-10-16 19:29:21]
initSignal:0
[INFO -- 2018-10-16 19:29:21]
endSignal:2
[INFO -- 2018-10-16 19:29:21]
faultModel:4
[EXCEPTION -- 2018-10-16 19:29:21]
pythonException: Unable to exit loop in struct fields; Exiting wihtout making a bit flip
[INFO -- 2018-10-16 19:29:21]
Backtrace BEGIN:
#0  0x00007ffff7334154 in __GI___libc_write (fd=1, buf=0x5555559b9860, nbytes=21) at ../sysdeps/unix/sysv/linux/write.c:27
#1  0x00007ffff72af1bd in _IO_new_file_write (f=0x7ffff7610760 <_IO_2_1_stdout_>, data=0x5555559b9860, n=21) at fileops.c:1203
#2  0x00007ffff72b0f51 in new_do_write (to_do=21, data=0x5555559b9860 "1101000111101010 001\n", fp=0x7ffff7610760 <_IO_2_1_stdout_>) at fileops.c:457
#3  _IO_new_do_write (fp=0x7ffff7610760 <_IO_2_1_stdout_>, data=0x5555559b9860 "1101000111101010 001\n", to_do=21) at fileops.c:433
#4  0x00007ffff72ae788 in _IO_new_file_sync (fp=0x7ffff7610760 <_IO_2_1_stdout_>) at fileops.c:813
#5  0x00007ffff72a287d in __GI__IO_fflush (fp=0x7ffff7610760 <_IO_2_1_stdout_>) at iofflush.c:40
#6  0x00007ffff7b5ef5e in std::ostream::flush() () from /usr/lib/x86_64-linux-gnu/libstdc++.so.6
#7  0x00005555555577ea in RBTree::inorderBST (this=0x7fffffffdc00, ptr=@0x55555579d5a0: 0x555555807be0) at RBTree.cpp:276
#8  0x0000555555557804 in RBTree::inorderBST (this=0x7fffffffdc00, ptr=@0x555555774498: 0x55555579d590) at RBTree.cpp:279
#9  0x000055555555776a in RBTree::inorderBST (this=0x7fffffffdc00, ptr=@0x55555577a588: 0x555555774490) at RBTree.cpp:271
#10 0x000055555555776a in RBTree::inorderBST (this=0x7fffffffdc00, ptr=@0x5555557702d0: 0x55555577a580) at RBTree.cpp:271
#11 0x0000555555557804 in RBTree::inorderBST (this=0x7fffffffdc00, ptr=@0x55555577c7d8: 0x5555557702c0) at RBTree.cpp:279
#12 0x000055555555776a in RBTree::inorderBST (this=0x7fffffffdc00, ptr=@0x555555775550: 0x55555577c7d0) at RBTree.cpp:271
#13 0x0000555555557804 in RBTree::inorderBST (this=0x7fffffffdc00, ptr=@0x555555770120: 0x555555775540) at RBTree.cpp:279
#14 0x0000555555557804 in RBTree::inorderBST (this=0x7fffffffdc00, ptr=@0x555555770870: 0x555555770110) at RBTree.cpp:279
#15 0x0000555555557804 in RBTree::inorderBST (this=0x7fffffffdc00, ptr=@0x555555772250: 0x555555770860) at RBTree.cpp:279
#16 0x0000555555557804 in RBTree::inorderBST (this=0x7fffffffdc00, ptr=@0x55555576fc40: 0x555555772240) at RBTree.cpp:279
#17 0x0000555555557804 in RBTree::inorderBST (this=0x7fffffffdc00, ptr=@0x555555770178: 0x55555576fc30) at RBTree.cpp:279
#18 0x000055555555776a in RBTree::inorderBST (this=0x7fffffffdc00, ptr=@0x55555576fa58: 0x555555770170) at RBTree.cpp:271
#19 0x000055555555776a in RBTree::inorderBST (this=0x7fffffffdc00, ptr=@0x7fffffffdc00: 0x55555576fa50) at RBTree.cpp:271
#20 0x0000555555557841 in RBTree::inorder (this=0x7fffffffdc00) at RBTree.cpp:283
#21 0x000055555555564c in main (argc=3, argv=0x7fffffffdf38) at main.cpp:58

22	in ../sysdeps/unix/sysv/linux/write.c

Backtrace END
Memory content before bitflip:0x030x000x000x00
Fault Model: LSB bit-flip
base address to flip value: 0x7fffffffdbac
address max offset: 4
Memory content after  bitflip:0x030x000x000x40
frame name: main
symbol name: argc
symbol filename: main.cpp
symbol line: 23
value: 1073741827
value address: 0x7fffffffdbac
Type: The type is an integer type.
Type sizeof: 4

[INFO -- 2018-10-16 19:29:21]
Fault Injection Successful after 0.9436306953430176s
[INFO -- 2018-10-16 19:29:21]
event type: exit
[INFO -- 2018-10-16 19:29:21]
exit code: 0
