[INFO -- 2018-12-01 03:07:38]
sending 5 signals using command: 'killall -2 main' after 2.19762121129s
[INFO -- 2018-12-01 03:07:40]
sending 5 signals using command: 'killall -2 main' after 3.84436268327s
[INFO -- 2018-12-01 03:07:41]
sending 5 signals using command: 'killall -2 main' after 4.80983881723s
[INFO -- 2018-12-01 03:07:41]
Starting GDB script
[INFO -- 2018-12-01 03:07:41]
initSignal:0.0
[INFO -- 2018-12-01 03:07:41]
endSignal:5.0
[INFO -- 2018-12-01 03:07:41]
sending 5 signals using command: 'killall -2 main' after 0.490422529551s
[INFO -- 2018-12-01 03:07:42]
sending 5 signals using command: 'killall -2 main' after 0.774380281106s
[INFO -- 2018-12-01 03:07:42]
sending 5 signals using command: 'killall -2 main' after 1.32010501733s
[INFO -- 2018-12-01 03:07:43]
Execution finished before waitTime
