[INFO -- 2018-12-09 15:35:54]
sending 5 signals using command: 'killall -2 main' after 3.50736693346s
[INFO -- 2018-12-09 15:35:54]
sending 5 signals using command: 'killall -2 main' after 3.76484243704s
[INFO -- 2018-12-09 15:35:55]
sending 5 signals using command: 'killall -2 main' after 4.706630166s
[INFO -- 2018-12-09 15:35:55]
Starting GDB script
[INFO -- 2018-12-09 15:35:55]
initSignal:0.0
[INFO -- 2018-12-09 15:35:55]
endSignal:5.0
[INFO -- 2018-12-09 15:35:56]
sending 5 signals using command: 'killall -2 main' after 0.803892317989s
[INFO -- 2018-12-09 15:35:58]
sending 5 signals using command: 'killall -2 main' after 2.51597626134s
[INFO -- 2018-12-09 15:35:58]
sending 5 signals using command: 'killall -2 main' after 2.51865180871s
[INFO -- 2018-12-09 15:35:58]
Execution finished before waitTime
