[INFO -- 2018-12-01 10:21:06]
Starting flip_value script
version: 1.1
[INFO -- 2018-12-01 10:21:06]
Initialization strings:
[INFO -- 2018-12-01 10:21:06]
(1) file /tmp/splay/main
[INFO -- 2018-12-01 10:21:06]
(2) set args /tmp/splay/input_100000 /tmp/splay/output_100000
[INFO -- 2018-12-01 10:21:06]
initSignal:0
[INFO -- 2018-12-01 10:21:06]
endSignal:5
[INFO -- 2018-12-01 10:21:06]
faultModel:1
[INFO -- 2018-12-01 10:21:06]
Backtrace BEGIN:
#0  0x0000555555557d3d in std::bitset<16ul>::bitset (this=0x7fffffffd700, __val=142520) at /usr/include/c++/8/bitset:871
#1  0x0000555555557ad5 in InOrder (root=0x5555557a1710) at splay.cpp:253
#2  0x0000555555557b0d in InOrder (root=0x555555661c10) at splay.cpp:254
#3  0x0000555555557b0d in InOrder (root=0x5555556117b0) at splay.cpp:254
#4  0x0000555555557b0d in InOrder (root=0x55555585a6b0) at splay.cpp:254
#5  0x0000555555557b0d in InOrder (root=0x5555555a4730) at splay.cpp:254
#6  0x0000555555557abd in InOrder (root=0x5555556baff0) at splay.cpp:252
#7  0x0000555555557abd in InOrder (root=0x55555586f350) at splay.cpp:252
#8  0x0000555555557b0d in InOrder (root=0x555555876930) at splay.cpp:254
#9  0x0000555555557abd in InOrder (root=0x555555877b30) at splay.cpp:252
#10 0x0000555555557b0d in InOrder (root=0x5555557206b0) at splay.cpp:254
#11 0x0000555555557abd in InOrder (root=0x555555878510) at splay.cpp:252
#12 0x0000555555557abd in InOrder (root=0x55555587b0b0) at splay.cpp:252
#13 0x0000555555557abd in InOrder (root=0x5555555bd690) at splay.cpp:252
#14 0x0000555555557abd in InOrder (root=0x5555557cfd90) at splay.cpp:252
#15 0x0000555555557abd in InOrder (root=0x55555587c7f0) at splay.cpp:252
#16 0x0000555555557b0d in InOrder (root=0x55555564ccd0) at splay.cpp:254
#17 0x0000555555557b0d in InOrder (root=0x55555587d990) at splay.cpp:254
#18 0x0000555555557abd in InOrder (root=0x55555587da70) at splay.cpp:252
#19 0x0000555555557abd in InOrder (root=0x5555555eff30) at splay.cpp:252
#20 0x0000555555557abd in InOrder (root=0x555555602730) at splay.cpp:252
#21 0x0000555555557abd in InOrder (root=0x55555587daf0) at splay.cpp:252
#22 0x0000555555557abd in InOrder (root=0x55555587db70) at splay.cpp:252
#23 0x0000555555557abd in InOrder (root=0x555555602350) at splay.cpp:252
#24 0x0000555555557abd in InOrder (root=0x55555574fdf0) at splay.cpp:252
#25 0x0000555555557abd in InOrder (root=0x555555683210) at splay.cpp:252
#26 0x0000555555557abd in InOrder (root=0x55555587dc90) at splay.cpp:252
#27 0x0000555555557abd in InOrder (root=0x555555696ef0) at splay.cpp:252
#28 0x0000555555557abd in InOrder (root=0x55555587dcd0) at splay.cpp:252
#29 0x00005555555564fe in main (argc=3, argv=0x7fffffffdfb8) at main.cpp:35

866	      { }
867	
868	      /// Initial bits bitwise-copied from a single word (others set to zero).
869	#if __cplusplus >= 201103L
870	      constexpr bitset(unsigned long long __val) noexcept
871	      : _Base(_Sanitize_val<_Nb>::_S_do_sanitize_val(__val)) { }
872	#else
873	      bitset(unsigned long __val)
874	      : _Base(__val)
875	      { _M_do_sanitize(); }

Backtrace END
Fliping a bit of the pointer
Memory content before bitflip:0xb00xa60x850x550x550x550x000x00
Fault Model: Double bit-flip
base address to flip value: 0x7fffffffd788
address max offset: 8
Memory content after  bitflip:0xb00xa60x850x550x550x550x000x0c
frame name: InOrder
symbol name: root
symbol filename: splay.cpp
symbol line: 248
value: 0x55555585a6b0
value address: 0x7fffffffd788
Type: The type is a pointer.
Type sizeof: 8

[INFO -- 2018-12-01 10:21:06]
Fault Injection Successful after 0.9841206073760986s
[INFO -- 2018-12-01 10:21:07]
event type: exit
[INFO -- 2018-12-01 10:21:07]
exit code: 0
