[INFO -- 2018-11-30 22:58:30]
Starting flip_value script
version: 1.1
[INFO -- 2018-11-30 22:58:30]
Initialization strings:
[INFO -- 2018-11-30 22:58:30]
(1) file /tmp/splay/main
[INFO -- 2018-11-30 22:58:30]
(2) set args /tmp/splay/input_100000 /tmp/splay/output_100000
[INFO -- 2018-11-30 22:58:30]
initSignal:0
[INFO -- 2018-11-30 22:58:30]
endSignal:5
[INFO -- 2018-11-30 22:58:30]
faultModel:2
[EXCEPTION -- 2018-11-30 22:58:30]
pythonException: Unable to exit loop in struct fields; Exiting wihtout making a bit flip
[INFO -- 2018-11-30 22:58:30]
Backtrace BEGIN:
#0  0x00005555555577a0 in Splay (key=682557, root=0x5555555abad0) at splay.cpp:93
#1  0x0000555555557916 in Insert (key=682557, root=0x5555556ebf30) at splay.cpp:145
#2  0x00005555555564bb in main (argc=3, argv=0x7fffffffdfb8) at main.cpp:31

88											  just linking it to L Tree */
89					if(!root->rchild)
90						break;
91				}
92				/* Link to L Tree */
93				LeftTreeMax->rchild = root;
94				LeftTreeMax = LeftTreeMax->rchild;
95				root = root->rchild;
96				LeftTreeMax->rchild = NULL;
97			}

Backtrace END
Fliping a bit of the value pointed by a pointer
Fliping a bit of the value pointed by a pointer
Memory content before bitflip:0x2f
Fault Model: Random bit-flip
base address to flip value: 0x7fffffffe306 
address max offset: 1
Memory content after  bitflip:0x86
frame name: main
symbol name: argv
symbol filename: main.cpp
symbol line: 14
value: 0x7fffffffdfb8
value address: 0x7fffffffdc30
Type: The type is a pointer.
Type sizeof: 8

[INFO -- 2018-11-30 22:58:30]
Fault Injection Successful after 0.6546480655670166s
[INFO -- 2018-11-30 22:58:30]
event type: exit
[INFO -- 2018-11-30 22:58:30]
exit code: 0
