[INFO -- 2018-10-12 01:09:38]
Starting flip_value script
version: 1.1
[INFO -- 2018-10-12 01:09:38]
Initialization strings:
[INFO -- 2018-10-12 01:09:38]
(1) file /tmp/BTree/main
[INFO -- 2018-10-12 01:09:38]
(2)  set args /tmp/BTree/input_100000 /tmp/BTree/output_100000
[INFO -- 2018-10-12 01:09:38]
initSignal:0
[INFO -- 2018-10-12 01:09:38]
endSignal:2
[INFO -- 2018-10-12 01:09:38]
faultModel:4
[INFO -- 2018-10-12 01:09:39]
Backtrace BEGIN:
#0  0x00007ffff7334154 in __GI___libc_write (fd=1, buf=0x555555bb83c0, nbytes=17) at ../sysdeps/unix/sysv/linux/write.c:27
#1  0x00007ffff72af1bd in _IO_new_file_write (f=0x7ffff7610760 <_IO_2_1_stdout_>, data=0x555555bb83c0, n=17) at fileops.c:1203
#2  0x00007ffff72b0f51 in new_do_write (to_do=17, data=0x555555bb83c0 "0110111100010110\n", fp=0x7ffff7610760 <_IO_2_1_stdout_>) at fileops.c:457
#3  _IO_new_do_write (fp=0x7ffff7610760 <_IO_2_1_stdout_>, data=0x555555bb83c0 "0110111100010110\n", to_do=17) at fileops.c:433
#4  0x00007ffff72ae788 in _IO_new_file_sync (fp=0x7ffff7610760 <_IO_2_1_stdout_>) at fileops.c:813
#5  0x00007ffff72a287d in __GI__IO_fflush (fp=0x7ffff7610760 <_IO_2_1_stdout_>) at iofflush.c:40
#6  0x00007ffff7b5ef5e in std::ostream::flush() () from /usr/lib/x86_64-linux-gnu/libstdc++.so.6
#7  0x00005555555563c7 in BTreeNode::traverse (this=0x555555780ff0) at BTree.cpp:592
#8  0x0000555555556377 in BTreeNode::traverse (this=0x555555b31f60) at BTree.cpp:591
#9  0x0000555555556377 in BTreeNode::traverse (this=0x55555591d7c0) at BTree.cpp:591
#10 0x0000555555556377 in BTreeNode::traverse (this=0x555555acad90) at BTree.cpp:591
#11 0x0000555555556377 in BTreeNode::traverse (this=0x5555559e71b0) at BTree.cpp:591
#12 0x0000555555556377 in BTreeNode::traverse (this=0x555555acc5c0) at BTree.cpp:591
#13 0x0000555555556377 in BTreeNode::traverse (this=0x555555acc6e0) at BTree.cpp:591
#14 0x0000555555556377 in BTreeNode::traverse (this=0x555555812430) at BTree.cpp:591
#15 0x0000555555556377 in BTreeNode::traverse (this=0x555555a27320) at BTree.cpp:591
#16 0x0000555555556851 in BTree::traverse (this=0x7fffffffddc0) at BTree.cpp:137
#17 0x0000555555556630 in main (argc=3, argv=0x7fffffffded8) at BTree.cpp:668

22	../sysdeps/unix/sysv/linux/write.c: Arquivo ou diretório inexistente.

Backtrace END
Fliping a bit of the value pointed by a pointer
Fliping a bit of the pointer
Memory content before bitflip:0x790xe20xff0xff0xff0x7f0x000x00
Fault Model: LSB bit-flip
base address to flip value: 0x7fffffffded8
address max offset: 8
Memory content after  bitflip:0x790xe20xff0xff0xff0x7f0x000x02
frame name: main
symbol name: argv
symbol filename: BTree.cpp
symbol line: 650
value: 0x7fffffffded8
value address: 0x7fffffffdda0
Type: The type is a pointer.
Type sizeof: 8

[INFO -- 2018-10-12 01:09:39]
Fault Injection Successful after 1.4803166389465332s
[INFO -- 2018-10-12 01:09:39]
event type: exit
[INFO -- 2018-10-12 01:09:39]
exit code: 0
