[INFO -- 2018-12-01 09:46:58]
sending 5 signals using command: 'killall -2 main' after 2.29670354107s
[INFO -- 2018-12-01 09:46:58]
sending 5 signals using command: 'killall -2 main' after 2.38131073779s
[INFO -- 2018-12-01 09:47:00]
sending 5 signals using command: 'killall -2 main' after 4.88075335526s
[INFO -- 2018-12-01 09:47:01]
Starting GDB script
[INFO -- 2018-12-01 09:47:01]
initSignal:0.0
[INFO -- 2018-12-01 09:47:01]
endSignal:5.0
[INFO -- 2018-12-01 09:47:01]
sending 5 signals using command: 'killall -2 main' after 0.360788343145s
[INFO -- 2018-12-01 09:47:02]
sending 5 signals using command: 'killall -2 main' after 1.20609355278s
[INFO -- 2018-12-01 09:47:02]
sending 5 signals using command: 'killall -2 main' after 1.403810243s
[INFO -- 2018-12-01 09:47:02]
Execution finished before waitTime
