[INFO -- 2018-12-01 09:47:01]
Starting flip_value script
version: 1.1
[INFO -- 2018-12-01 09:47:01]
Initialization strings:
[INFO -- 2018-12-01 09:47:01]
(1) file /tmp/splay/main
[INFO -- 2018-12-01 09:47:01]
(2) set args /tmp/splay/input_100000 /tmp/splay/output_100000
[INFO -- 2018-12-01 09:47:01]
initSignal:0
[INFO -- 2018-12-01 09:47:01]
endSignal:5
[INFO -- 2018-12-01 09:47:01]
faultModel:0
[EXCEPTION -- 2018-12-01 09:47:01]
pythonException: Unable to exit loop in struct fields; Exiting wihtout making a bit flip
[INFO -- 2018-12-01 09:47:01]
Backtrace BEGIN:
#0  Splay (key=2445331, root=0x5555557469b0) at splay.cpp:83
#1  0x0000555555557916 in Insert (key=2445331, root=0x555555751c70) at splay.cpp:145
#2  0x00005555555564bb in main (argc=3, argv=0x7fffffffdfb8) at main.cpp:31

78			}
79			else if(key > root->key)
80			{
81				if(!root->rchild)
82					break;
83				if(key > root->rchild->key)
84				{
85					root = LL_Rotate(root);/* only zag-zag mode need to rotate once,
86											  because zag-zig mode is handled as zag
87											  mode, which doesn't require rotate, 

Backtrace END
Fliping value of field: _M_ok
Memory content before bitflip:0x00
Fault Model: Single bit-flip
base address to flip value: 0x7fffffffdc6c
address max offset: 1
Memory content after  bitflip:0x40
frame name: main
symbol name: end
symbol filename: main.cpp
symbol line: 26
value: {<std::iterator<std::input_iterator_tag, int, long, int const*, int const&>> = {<No data fields>}, _M_stream = 0x0, _M_value = 0, _M_ok = 64}
value address: 0x7fffffffdc60
Type: The type is a structure.
Type sizeof: 16
Field name: std::iterator<std::input_iterator_tag, int, long, int const*, int const&>
Field Type: The type is a structure.
Field Type sizeof: 1
Field name: _M_stream
Field Type: The type is a pointer.
Field Type sizeof: 8
Field name: _M_value
Field Type: The type is an integer type.
Field Type sizeof: 4
Field name: _M_ok
Field Type: A boolean type.
Field Type sizeof: 1

[INFO -- 2018-12-01 09:47:01]
Fault Injection Successful after 0.52461838722229s
[INFO -- 2018-12-01 09:47:01]
event type: exit
[INFO -- 2018-12-01 09:47:01]
exit code: 0
