[INFO -- 2018-12-01 07:29:05]
sending 5 signals using command: 'killall -2 main' after 3.93321184582s
[INFO -- 2018-12-01 07:29:06]
sending 5 signals using command: 'killall -2 main' after 4.47225437538s
[INFO -- 2018-12-01 07:29:06]
sending 5 signals using command: 'killall -2 main' after 4.98635657545s
[INFO -- 2018-12-01 07:29:06]
Starting GDB script
[INFO -- 2018-12-01 07:29:06]
initSignal:0.0
[INFO -- 2018-12-01 07:29:06]
endSignal:5.0
[INFO -- 2018-12-01 07:29:07]
sending 5 signals using command: 'killall -2 main' after 0.652745511135s
[INFO -- 2018-12-01 07:29:07]
sending 5 signals using command: 'killall -2 main' after 0.738944351832s
[INFO -- 2018-12-01 07:29:08]
sending 5 signals using command: 'killall -2 main' after 1.47904732722s
[INFO -- 2018-12-01 07:29:08]
Execution finished before waitTime
