[INFO -- 2018-10-12 02:13:57]
sending 5 signals using command: 'killall -2 main' after 1.64062210823s
[INFO -- 2018-10-12 02:13:57]
sending 5 signals using command: 'killall -2 main' after 1.65585960272s
[INFO -- 2018-10-12 02:13:57]
sending 5 signals using command: 'killall -2 main' after 1.98600234607s
[INFO -- 2018-10-12 02:13:57]
Starting GDB script
[INFO -- 2018-10-12 02:13:57]
initSignal:0.0
[INFO -- 2018-10-12 02:13:57]
endSignal:2.0
[INFO -- 2018-10-12 02:13:57]
sending 5 signals using command: 'killall -2 main' after 0.0782699159224s
[INFO -- 2018-10-12 02:13:58]
sending 5 signals using command: 'killall -2 main' after 0.249076838334s
[INFO -- 2018-10-12 02:13:58]
sending 5 signals using command: 'killall -2 main' after 0.297993513044s
[INFO -- 2018-10-12 02:13:59]
Execution finished before waitTime
