[INFO -- 2018-10-17 00:53:07]
sending 5 signals using command: 'killall -2 main' after 1.39977489695s
[INFO -- 2018-10-17 00:53:07]
sending 5 signals using command: 'killall -2 main' after 1.54738483999s
[INFO -- 2018-10-17 00:53:07]
sending 5 signals using command: 'killall -2 main' after 1.90262226521s
[INFO -- 2018-10-17 00:53:08]
Starting GDB script
[INFO -- 2018-10-17 00:53:08]
initSignal:0.0
[INFO -- 2018-10-17 00:53:08]
endSignal:2.0
[INFO -- 2018-10-17 00:53:08]
sending 5 signals using command: 'killall -2 main' after 0.133683097719s
[INFO -- 2018-10-17 00:53:08]
sending 5 signals using command: 'killall -2 main' after 0.165279755147s
[INFO -- 2018-10-17 00:53:08]
sending 5 signals using command: 'killall -2 main' after 0.644827623299s
[INFO -- 2018-10-17 00:53:09]
Execution finished before waitTime
