[INFO -- 2018-11-25 23:09:25]
Starting flip_value script
version: 1.1
[INFO -- 2018-11-25 23:09:25]
Initialization strings:
[INFO -- 2018-11-25 23:09:25]
(1) file /tmp/BTree-dup/main
[INFO -- 2018-11-25 23:09:25]
(2)  set args /tmp/BTree-dup/input_100000 /tmp/BTree-dup/output_100000 /tmp/BTree-dup-detection.log /tmp/BTree-dup/output2_100000
[INFO -- 2018-11-25 23:09:25]
initSignal:0
[INFO -- 2018-11-25 23:09:25]
endSignal:2
[INFO -- 2018-11-25 23:09:25]
faultModel:1
[EXCEPTION -- 2018-11-25 23:09:26]
gdbException: Tentativo de desreferenciar um ponteiro genérico.
[EXCEPTION -- 2018-11-25 23:09:27]
pythonException: Unable to exit loop in struct fields; Exiting wihtout making a bit flip
[INFO -- 2018-11-25 23:09:27]
Backtrace BEGIN:
#0  0x00007ffff7b5fd52 in std::basic_ostream<char, std::char_traits<char> >& std::__ostream_insert<char, std::char_traits<char> >(std::basic_ostream<char, std::char_traits<char> >&, char const*, long) () from /usr/lib/x86_64-linux-gnu/libstdc++.so.6
#1  0x00005555555573ea in std::operator<< <char, std::char_traits<char>, 16ul> (__os=..., __x=std::bitset = {...}) at /usr/include/c++/7/bitset:1539
#2  0x0000555555556912 in BTreeNode::traverse (this=0x555555796d10) at BTree_dup.cpp:594
#3  0x00005555555568d7 in BTreeNode::traverse (this=0x555555837570) at BTree_dup.cpp:593
#4  0x00005555555568d7 in BTreeNode::traverse (this=0x555555ac3110) at BTree_dup.cpp:593
#5  0x000055555555695f in BTreeNode::traverse (this=0x555555a368c0) at BTree_dup.cpp:599
#6  0x00005555555568d7 in BTreeNode::traverse (this=0x5555558550c0) at BTree_dup.cpp:593
#7  0x00005555555568d7 in BTreeNode::traverse (this=0x555555951b70) at BTree_dup.cpp:593
#8  0x00005555555568d7 in BTreeNode::traverse (this=0x555555acfef0) at BTree_dup.cpp:593
#9  0x00005555555568d7 in BTreeNode::traverse (this=0x555555815c40) at BTree_dup.cpp:593
#10 0x00005555555568d7 in BTreeNode::traverse (this=0x555555a2ab30) at BTree_dup.cpp:593
#11 0x00005555555572bb in BTree::traverse (this=0x7fffffffdd40) at BTree_dup.cpp:139
#12 0x0000555555556fbd in main (argc=5, argv=0x7fffffffde68) at BTree_dup.cpp:718

2284	in rtld.c

Backtrace END
Fliping value of field: root
Fliping a bit of the value pointed by a pointer
Fliping value of field: keys
Fliping a bit of the value pointed by a pointer
Memory content before bitflip:0xe40x8e0x2c0x00
Fault Model: Double bit-flip
base address to flip value: 0x555555ef6e50
address max offset: 4
Memory content after  bitflip:0xe40x8e0x8c0x00
frame name: main
symbol name: bTree2
symbol filename: BTree_dup.cpp
symbol line: 705
value: {root = 0x555555ef6e20, t = 3}
value address: 0x7fffffffdd50
Type: The type is a structure.
Type sizeof: 16
Field name: root
Field Type: The type is a pointer.
Field Type sizeof: 8
Field name: t
Field Type: The type is an integer type.
Field Type sizeof: 4

[INFO -- 2018-11-25 23:09:27]
Fault Injection Successful after 2.2808923721313477s
[INFO -- 2018-11-25 23:09:28]
event type: exit
[INFO -- 2018-11-25 23:09:28]
exit code: 0
