[INFO -- 2018-12-09 17:19:31]
Starting flip_value script
version: 1.1
[INFO -- 2018-12-09 17:19:31]
Initialization strings:
[INFO -- 2018-12-09 17:19:31]
(1) file /tmp/Tree234/main
[INFO -- 2018-12-09 17:19:31]
(2) set args /tmp/Tree234/input_100000 /tmp/Tree234/output_100000 /tmp/Tree234/detectionLog_100000.log /tmp/Tree234/output2_100000
[INFO -- 2018-12-09 17:19:31]
initSignal:0
[INFO -- 2018-12-09 17:19:31]
endSignal:5
[INFO -- 2018-12-09 17:19:31]
faultModel:0
[INFO -- 2018-12-09 17:19:33]
Backtrace BEGIN:
#0  malloc (n=10) at dl-minimal.c:94
#1  <function called from gdb>
#2  0x00007ffff72d7ea9 in _int_free (av=<optimized out>, p=<optimized out>, have_lock=0) at malloc.c:4105
#3  0x00007ffff72dc53c in __GI___libc_free (mem=<optimized out>) at malloc.c:2968
#4  0x0000000000402e90 in std::basic_ostream<char, std::char_traits<char> >& std::operator<< <char, std::char_traits<char>, 16ul>(std::basic_ostream<char, std::char_traits<char> >&, std::bitset<16ul> const&) ()
#5  0x0000000000402563 in Arvore234::imprime(no*) ()
#6  0x00000000004025d0 in Arvore234::imprime(no*) ()
#7  0x00000000004025d0 in Arvore234::imprime(no*) ()
#8  0x00000000004025d0 in Arvore234::imprime(no*) ()
#9  0x00000000004025d0 in Arvore234::imprime(no*) ()
#10 0x00000000004025d0 in Arvore234::imprime(no*) ()
#11 0x00000000004025d0 in Arvore234::imprime(no*) ()
#12 0x00000000004025d0 in Arvore234::imprime(no*) ()
#13 0x00000000004025d0 in Arvore234::imprime(no*) ()
#14 0x00000000004025d0 in Arvore234::imprime(no*) ()
#15 0x00000000004025d0 in Arvore234::imprime(no*) ()
#16 0x0000000000402610 in Arvore234::imprime() ()
#17 0x0000000000402b16 in main ()

89	in dl-minimal.c

Backtrace END
Fliping a bit of the value pointed by a pointer
Memory content before bitflip:0x41
Fault Model: Single bit-flip
base address to flip value: 0x7ffff72dda00 
address max offset: 1
Memory content after  bitflip:0x51
frame name: _int_free
symbol name: __realloc_hook
symbol filename: malloc.c
symbol line: 1854
value: 0x7ffff72dda00 <realloc_hook_ini>
value address: 0x7ffff761cb08 <__realloc_hook>
Type: The type is a pointer.
Type sizeof: 8

[INFO -- 2018-12-09 17:19:33]
Fault Injection Successful after 2.1366710662841797s
[INFO -- 2018-12-09 17:19:33]
event type: exit
[INFO -- 2018-12-09 17:19:33]
exit code: 0
