[INFO -- 2018-10-12 01:58:27]
Starting flip_value script
version: 1.1
[INFO -- 2018-10-12 01:58:27]
Initialization strings:
[INFO -- 2018-10-12 01:58:27]
(1) file /tmp/BTree/main
[INFO -- 2018-10-12 01:58:27]
(2)  set args /tmp/BTree/input_100000 /tmp/BTree/output_100000
[INFO -- 2018-10-12 01:58:27]
initSignal:0
[INFO -- 2018-10-12 01:58:27]
endSignal:2
[INFO -- 2018-10-12 01:58:27]
faultModel:3
[INFO -- 2018-10-12 01:58:28]
Backtrace BEGIN:
#0  0x000055555555600b in BTreeNode::insertNonFull (this=0x5555559cdb00, k=4259692) at BTree.cpp:518
#1  0x00005555555560d9 in BTreeNode::insertNonFull (this=0x555555a273b0, k=4259692) at BTree.cpp:533
#2  0x00005555555560d9 in BTreeNode::insertNonFull (this=0x555555a27320, k=4259692) at BTree.cpp:533
#3  0x0000555555555f18 in BTree::insert (this=0x7fffffffddc0, k=4259692) at BTree.cpp:487
#4  0x0000555555556601 in main (argc=3, argv=0x7fffffffded8) at BTree.cpp:665

513			n = n+1;
514		}
515		else // If this node is not leaf
516		{
517			// Find the child which is going to have the new key
518			while (i >= 0 && keys[i] > k)
519				i--;
520	
521			// See if the found child is full
522			if (C[i+1]->n == 2*t-1)

Backtrace END
Memory content before bitflip:0x6c0xff0x400x00
Fault Model: Zero bit-flip
base address to flip value: 0x7fffffffdd34
address max offset: 4
Memory content after  bitflip:0x000x000x000x00
frame name: BTreeNode::insertNonFull
symbol name: k
symbol filename: BTree.cpp
symbol line: 494
value: 0
value address: 0x7fffffffdd34
Type: The type is an integer type.
Type sizeof: 4

[INFO -- 2018-10-12 01:58:28]
Fault Injection Successful after 1.235840082168579s
[INFO -- 2018-10-12 01:58:28]
event type: exit
[INFO -- 2018-10-12 01:58:28]
exit code: 0
