[INFO -- 2018-10-11 23:26:35]
Starting flip_value script
version: 1.1
[INFO -- 2018-10-11 23:26:35]
Initialization strings:
[INFO -- 2018-10-11 23:26:35]
(1) file /tmp/BTree/main
[INFO -- 2018-10-11 23:26:35]
(2)  set args /tmp/BTree/input_100000 /tmp/BTree/output_100000
[INFO -- 2018-10-11 23:26:35]
initSignal:0
[INFO -- 2018-10-11 23:26:35]
endSignal:2
[INFO -- 2018-10-11 23:26:35]
faultModel:4
[INFO -- 2018-10-11 23:26:35]
Backtrace BEGIN:
#0  0x00007ffff73b2ef4 in __memset_avx2_unaligned () at ../sysdeps/x86_64/multiarch/memset-vec-unaligned-erms.S:109
#1  0x00007ffff7b716a6 in std::__cxx11::basic_string<char, std::char_traits<char>, std::allocator<char> >::_M_replace_aux(unsigned long, unsigned long, unsigned long, char) () from /usr/lib/x86_64-linux-gnu/libstdc++.so.6
#2  0x00005555555569dd in std::bitset<16ul>::_M_copy_to_string<char, std::char_traits<char>, std::allocator<char> > (this=0x7fffffffdb60, __s="", __zero=48 '0', __one=49 '1') at /usr/include/c++/7/bitset:1407
#3  0x0000555555556943 in std::operator<< <char, std::char_traits<char>, 16ul> (__os=..., __x=std::bitset = {...}) at /usr/include/c++/7/bitset:1538
#4  0x00005555555563b2 in BTreeNode::traverse (this=0x555555b33b80) at BTree.cpp:592
#5  0x0000555555556377 in BTreeNode::traverse (this=0x5555558a67b0) at BTree.cpp:591
#6  0x0000555555556377 in BTreeNode::traverse (this=0x5555558c6a60) at BTree.cpp:591
#7  0x0000555555556377 in BTreeNode::traverse (this=0x555555a819e0) at BTree.cpp:591
#8  0x0000555555556377 in BTreeNode::traverse (this=0x555555931b30) at BTree.cpp:591
#9  0x0000555555556377 in BTreeNode::traverse (this=0x55555594e360) at BTree.cpp:591
#10 0x0000555555556377 in BTreeNode::traverse (this=0x555555acc6e0) at BTree.cpp:591
#11 0x0000555555556377 in BTreeNode::traverse (this=0x555555812430) at BTree.cpp:591
#12 0x0000555555556377 in BTreeNode::traverse (this=0x555555a27320) at BTree.cpp:591
#13 0x0000555555556851 in BTree::traverse (this=0x7fffffffddc0) at BTree.cpp:137
#14 0x0000555555556630 in main (argc=3, argv=0x7fffffffded8) at BTree.cpp:668

104	../sysdeps/x86_64/multiarch/memset-vec-unaligned-erms.S: Arquivo ou diretório inexistente.

Backtrace END
Fliping value of field: root
Fliping a bit of the pointer
Memory content before bitflip:0x200x730xa20x550x550x550x000x00
Fault Model: LSB bit-flip
base address to flip value: 0x7fffffffddc0
address max offset: 8
Memory content after  bitflip:0x200x730xa20x550x550x550x000x01
frame name: main
symbol name: t
symbol filename: BTree.cpp
symbol line: 653
value: {root = 0x100555555a27320, t = 3}
value address: 0x7fffffffddc0
Type: The type is a structure.
Type sizeof: 16
Field name: root
Field Type: The type is a pointer.
Field Type sizeof: 8
Field name: t
Field Type: The type is an integer type.
Field Type sizeof: 4

[INFO -- 2018-10-11 23:26:35]
Fault Injection Successful after 0.8522322177886963s
[INFO -- 2018-10-11 23:26:36]
event type: exit
[INFO -- 2018-10-11 23:26:36]
exit code: 0
