[INFO -- 2018-12-01 10:32:53]
Starting flip_value script
version: 1.1
[INFO -- 2018-12-01 10:32:53]
Initialization strings:
[INFO -- 2018-12-01 10:32:53]
(1) file /tmp/splay/main
[INFO -- 2018-12-01 10:32:53]
(2) set args /tmp/splay/input_100000 /tmp/splay/output_100000
[INFO -- 2018-12-01 10:32:53]
initSignal:0
[INFO -- 2018-12-01 10:32:53]
endSignal:5
[INFO -- 2018-12-01 10:32:53]
faultModel:2
[EXCEPTION -- 2018-12-01 10:32:54]
gdbException: Attempt to dereference a generic pointer.
[EXCEPTION -- 2018-12-01 10:32:54]
gdbException: Attempt to dereference a generic pointer.
[EXCEPTION -- 2018-12-01 10:32:54]
pythonException: empty range for randrange() (0,0, 0)
[INFO -- 2018-12-01 10:32:54]
Backtrace BEGIN:
#0  0x00007ffff7f2aa70 in std::istream::operator>>(int&) () from /usr/lib/x86_64-linux-gnu/libstdc++.so.6
#1  0x000055555555686e in std::istream_iterator<int, char, std::char_traits<char>, long>::_M_read (this=0x7fffffffdb80) at /usr/include/c++/8/bits/stream_iterator.h:121
#2  0x0000555555556bbc in std::istream_iterator<int, char, std::char_traits<char>, long>::operator++ (this=0x7fffffffdb80) at /usr/include/c++/8/bits/stream_iterator.h:95
#3  0x0000555555556acc in std::vector<int, std::allocator<int> >::_M_range_initialize<std::istream_iterator<int, char, std::char_traits<char>, long> > (this=0x7fffffffdc90, __first=..., __last=...) at /usr/include/c++/8/bits/stl_vector.h:1447
#4  0x00005555555569a6 in std::vector<int, std::allocator<int> >::_M_initialize_dispatch<std::istream_iterator<int, char, std::char_traits<char>, long> > (this=0x7fffffffdc90, __first=..., __last=...) at /usr/include/c++/8/bits/stl_vector.h:1437
#5  0x0000555555556728 in std::vector<int, std::allocator<int> >::vector<std::istream_iterator<int, char, std::char_traits<char>, long>, void> (this=0x7fffffffdc90, __first=..., __last=..., __a=...) at /usr/include/c++/8/bits/stl_vector.h:546
#6  0x0000555555556452 in main (argc=3, argv=0x7fffffffdfb8) at main.cpp:27

2293	in rtld.c

Backtrace END
Fliping a bit of the value pointed by a pointer
Fliping value of field: _M_value
Memory content before bitflip:0x730x1e0x370x00
Fault Model: Random bit-flip
base address to flip value: 0x7fffffffdb88
address max offset: 4
Memory content after  bitflip:0x4d0xc60x4c0xfc
frame name: std::istream_iterator<int, char, std::char_traits<char>, long>::operator++
symbol name: this
symbol filename: main.cpp
symbol line: 0
value: 0x7fffffffdb80
value address: 0x7fffffffdb08
Type: The type is a pointer.
Type sizeof: 8

[INFO -- 2018-12-01 10:32:54]
Fault Injection Successful after 1.406029224395752s
[INFO -- 2018-12-01 10:32:54]
event type: exit
[INFO -- 2018-12-01 10:32:54]
exit code: 0
