[INFO -- 2018-12-01 12:48:54]
Starting flip_value script
version: 1.1
[INFO -- 2018-12-01 12:48:54]
Initialization strings:
[INFO -- 2018-12-01 12:48:54]
(1) file /tmp/splay/main
[INFO -- 2018-12-01 12:48:54]
(2) set args /tmp/splay/input_100000 /tmp/splay/output_100000
[INFO -- 2018-12-01 12:48:54]
initSignal:0
[INFO -- 2018-12-01 12:48:54]
endSignal:5
[INFO -- 2018-12-01 12:48:54]
faultModel:3
[INFO -- 2018-12-01 12:48:55]
Backtrace BEGIN:
#0  dl_main (phdr=<optimized out>, phnum=<optimized out>, user_entry=<optimized out>, auxv=<optimized out>) at rtld.c:2298
#1  0x00007ffff7fed5b0 in _dl_sysdep_start (start_argptr=start_argptr@entry=0x7fffffffdfb0, dl_main=dl_main@entry=0x7ffff7fd5810 <dl_main>) at ../elf/dl-sysdep.c:253
#2  0x00007ffff7fd52b8 in _dl_start_final (arg=0x7fffffffdfb0) at rtld.c:415
#3  _dl_start (arg=0x7fffffffdfb0) at rtld.c:522
#4  0x00007ffff7fd4098 in _start () from /lib64/ld-linux-x86-64.so.2
#5  0x0000000000000003 in ?? ()
#6  0x00007fffffffe306 in ?? ()
#7  0x00007fffffffe316 in ?? ()
#8  0x00007fffffffe32e in ?? ()
#9  0x0000000000000000 in ?? ()

2293	in rtld.c

Backtrace END
Fliping array at pos: 8
Memory content before bitflip:0x73
Fault Model: Zero bit-flip
base address to flip value: 0x7ffff7ff8328  
address max offset: 1
Memory content after  bitflip:0x00
frame name: dl_main
symbol name: preload_file
symbol filename: rtld.c
symbol line: 1637
value: "/etc/ld.\000o.preload"
value address: 0x7ffff7ff8320 <preload_file>
Type: The type is an array.
Type sizeof: 19
Field name: None
Field Type: A range type, that is, an integer type with bounds.
Field Type sizeof: 8
Field Type range: (0, 18)

[INFO -- 2018-12-01 12:48:55]
Fault Injection Successful after 1.1209173202514648s
[INFO -- 2018-12-01 12:48:55]
event type: exit
[INFO -- 2018-12-01 12:48:55]
exit code: 0
