[INFO -- 2018-10-11 23:15:49]
Starting flip_value script
version: 1.1
[INFO -- 2018-10-11 23:15:49]
Initialization strings:
[INFO -- 2018-10-11 23:15:49]
(1) file /tmp/BTree/main
[INFO -- 2018-10-11 23:15:49]
(2)  set args /tmp/BTree/input_100000 /tmp/BTree/output_100000
[INFO -- 2018-10-11 23:15:49]
initSignal:0
[INFO -- 2018-10-11 23:15:49]
endSignal:2
[INFO -- 2018-10-11 23:15:49]
faultModel:2
[INFO -- 2018-10-11 23:15:49]
Backtrace BEGIN:
#0  0x0000555555555f74 in BTreeNode::insertNonFull (this=0x555555866be0, k=1255038) at BTree.cpp:500
#1  0x00005555555560d9 in BTreeNode::insertNonFull (this=0x5555558eea80, k=1255038) at BTree.cpp:533
#2  0x00005555555560d9 in BTreeNode::insertNonFull (this=0x555555812430, k=1255038) at BTree.cpp:533
#3  0x0000555555555f18 in BTree::insert (this=0x7fffffffddc0, k=1255038) at BTree.cpp:487
#4  0x0000555555556601 in main (argc=3, argv=0x7fffffffded8) at BTree.cpp:665

495	{
496		// Initialize index as index of rightmost element
497		int i = n-1;
498	
499		// If this is a leaf node
500		if (leaf == true)
501		{
502			// The following loop does two things
503			// a) Finds the location of new key to be inserted
504			// b) Moves all greater keys to one place ahead

Backtrace END
Memory content before bitflip:0x000x000x000x00
Fault Model: Random bit-flip
base address to flip value: 0x7fffffffdd4c
address max offset: 4
Memory content after  bitflip:0x7e0x2c0x870x67
frame name: BTreeNode::insertNonFull
symbol name: i
symbol filename: BTree.cpp
symbol line: 497
value: 1736911998
value address: 0x7fffffffdd4c
Type: The type is an integer type.
Type sizeof: 4

[INFO -- 2018-10-11 23:15:49]
Fault Injection Successful after 0.8089718818664551s
[INFO -- 2018-10-11 23:15:50]
event type: exit
[INFO -- 2018-10-11 23:15:50]
exit code: 0
