[INFO -- 2018-11-26 00:42:56]
Starting flip_value script
version: 1.1
[INFO -- 2018-11-26 00:42:56]
Initialization strings:
[INFO -- 2018-11-26 00:42:56]
(1) file /tmp/BTree-dup/main
[INFO -- 2018-11-26 00:42:56]
(2)  set args /tmp/BTree-dup/input_100000 /tmp/BTree-dup/output_100000 /tmp/BTree-dup-detection.log /tmp/BTree-dup/output2_100000
[INFO -- 2018-11-26 00:42:56]
initSignal:0
[INFO -- 2018-11-26 00:42:56]
endSignal:2
[INFO -- 2018-11-26 00:42:56]
faultModel:2
[INFO -- 2018-11-26 00:42:56]
Backtrace BEGIN:
#0  dl_main (phdr=<optimized out>, phnum=<optimized out>, user_entry=<optimized out>, auxv=<optimized out>) at rtld.c:2289
#1  0x00007ffff7defdd0 in _dl_sysdep_start (start_argptr=start_argptr@entry=0x7fffffffde60, dl_main=dl_main@entry=0x7ffff7dd7660 <dl_main>) at ../elf/dl-sysdep.c:253
#2  0x00007ffff7dd7128 in _dl_start_final (arg=0x7fffffffde60) at rtld.c:414
#3  _dl_start (arg=0x7fffffffde60) at rtld.c:521
#4  0x00007ffff7dd6098 in _start () from /lib64/ld-linux-x86-64.so.2
#5  0x0000000000000005 in ?? ()
#6  0x00007fffffffe216 in ?? ()
#7  0x00007fffffffe22a in ?? ()
#8  0x00007fffffffe246 in ?? ()
#9  0x00007fffffffe263 in ?? ()
#10 0x00007fffffffe280 in ?? ()
#11 0x0000000000000000 in ?? ()

2284	rtld.c: Arquivo ou diretório inexistente.

Backtrace END
Memory content before bitflip:0x080x610x6c0xd00x3a0x980x410x56
Fault Model: Random bit-flip
base address to flip value: 0x7ffff7ffc730 
address max offset: 8
Memory content after  bitflip:0x2b0x700x8e0x2c0x9a0x3e0xc80x48
frame name: _dl_start_final
symbol name: __pointer_chk_guard_local
symbol filename: rtld.c
symbol line: 96
value: 5244510597966360619
value address: 0x7ffff7ffc730 <__pointer_chk_guard_local>
Type: The type is an integer type.
Type sizeof: 8

[INFO -- 2018-11-26 00:42:56]
Fault Injection Successful after 0.8008992671966553s
[INFO -- 2018-11-26 00:42:57]
event type: exit
[INFO -- 2018-11-26 00:42:57]
exit code: 0
