[INFO -- 2018-11-26 01:25:02]
Starting flip_value script
version: 1.1
[INFO -- 2018-11-26 01:25:02]
Initialization strings:
[INFO -- 2018-11-26 01:25:02]
(1) file /tmp/BTree-dup/main
[INFO -- 2018-11-26 01:25:02]
(2)  set args /tmp/BTree-dup/input_100000 /tmp/BTree-dup/output_100000 /tmp/BTree-dup-detection.log /tmp/BTree-dup/output2_100000
[INFO -- 2018-11-26 01:25:02]
initSignal:0
[INFO -- 2018-11-26 01:25:02]
endSignal:2
[INFO -- 2018-11-26 01:25:02]
faultModel:4
[INFO -- 2018-11-26 01:25:03]
Backtrace BEGIN:
#0  std::vector<int, std::allocator<int> >::emplace_back<int const&> (this=0x7fffffffdaa0, __args#0=@0x7fffffffd968: 7871) at /usr/include/c++/7/bits/vector.tcc:98
#1  0x00005555555579e7 in std::vector<int, std::allocator<int> >::_M_range_initialize<std::istream_iterator<int, char, std::char_traits<char>, long> > (this=0x7fffffffdaa0, __first=..., __last=...) at /usr/include/c++/7/bits/stl_vector.h:1310
#2  0x0000555555557882 in std::vector<int, std::allocator<int> >::_M_initialize_dispatch<std::istream_iterator<int, char, std::char_traits<char>, long> > (this=0x7fffffffdaa0, __first=..., __last=...) at /usr/include/c++/7/bits/stl_vector.h:1299
#3  0x0000555555557569 in std::vector<int, std::allocator<int> >::vector<std::istream_iterator<int, char, std::char_traits<char>, long>, void> (this=0x7fffffffdaa0, __first=..., __last=..., __a=...) at /usr/include/c++/7/bits/stl_vector.h:414
#4  0x0000555555556bbc in runner (input=0x7fffffffe22a "/tmp/BTree-dup/input_100000") at BTree_dup.cpp:660
#5  0x0000555555556f7a in main (argc=5, argv=0x7fffffffde68) at BTree_dup.cpp:712

93	      void
94	#endif
95	      vector<_Tp, _Alloc>::
96	      emplace_back(_Args&&... __args)
97	      {
98		if (this->_M_impl._M_finish != this->_M_impl._M_end_of_storage)
99		  {
100		    _Alloc_traits::construct(this->_M_impl, this->_M_impl._M_finish,
101					     std::forward<_Args>(__args)...);
102		    ++this->_M_impl._M_finish;

Backtrace END
Fliping a bit of the reference
Memory content before bitflip:0xbf0x1e0x000x000x010x7f0x000x00
Fault Model: LSB bit-flip
base address to flip value: 0x7fffffffd968
address max offset: 8
Memory content after  bitflip:0xbf0x1e0x000x000x010x7f0x000x08
frame name: std::vector<int, std::allocator<int> >::emplace_back<int const&>
symbol name: __args#0
symbol filename: /usr/include/c++/7/bits/vector.tcc
symbol line: 96
value: @0x7fffffffd968
value address: 0x7fffffffd968
Type: A reference type.
Type sizeof: 8

[INFO -- 2018-11-26 01:25:03]
Fault Injection Successful after 1.3831186294555664s
[INFO -- 2018-11-26 01:25:04]
event type: exit
[INFO -- 2018-11-26 01:25:04]
exit code: 0
