[INFO -- 2018-10-12 05:42:39]
Starting flip_value script
version: 1.1
[INFO -- 2018-10-12 05:42:39]
Initialization strings:
[INFO -- 2018-10-12 05:42:39]
(1) file /tmp/BTree/main
[INFO -- 2018-10-12 05:42:39]
(2)  set args /tmp/BTree/input_100000 /tmp/BTree/output_100000
[INFO -- 2018-10-12 05:42:39]
initSignal:0
[INFO -- 2018-10-12 05:42:39]
endSignal:2
[INFO -- 2018-10-12 05:42:39]
faultModel:3
[EXCEPTION -- 2018-10-12 05:42:40]
pythonException: Unable to exit loop in struct fields; Exiting wihtout making a bit flip
[INFO -- 2018-10-12 05:42:40]
Backtrace BEGIN:
#0  0x00007ffff7ae0150 in __cxxabiv1::__vmi_class_type_info::__do_dyncast(long, __cxxabiv1::__class_type_info::__sub_kind, __cxxabiv1::__class_type_info const*, void const*, __cxxabiv1::__class_type_info const*, void const*, __cxxabiv1::__class_type_info::__dyncast_result&) const () from /usr/lib/x86_64-linux-gnu/libstdc++.so.6
#1  0x00007ffff7add3b6 in __dynamic_cast () from /usr/lib/x86_64-linux-gnu/libstdc++.so.6
#2  0x00007ffff7b5033b in std::ctype<char> const& std::use_facet<std::ctype<char> >(std::locale const&) () from /usr/lib/x86_64-linux-gnu/libstdc++.so.6
#3  0x00005555555568f9 in std::operator<< <char, std::char_traits<char>, 16ul> (__os=..., __x=std::bitset) at /usr/include/c++/7/bitset:1537
#4  0x00005555555563b2 in BTreeNode::traverse (this=0x5555557b7980) at BTree.cpp:592
#5  0x0000555555556377 in BTreeNode::traverse (this=0x5555557b7a10) at BTree.cpp:591
#6  0x00005555555563ff in BTreeNode::traverse (this=0x5555557b7aa0) at BTree.cpp:597
#7  0x00005555555563ff in BTreeNode::traverse (this=0x5555557b7b30) at BTree.cpp:597
#8  0x0000555555556377 in BTreeNode::traverse (this=0x5555557baa70) at BTree.cpp:591
#9  0x00005555555563ff in BTreeNode::traverse (this=0x5555557bab00) at BTree.cpp:597
#10 0x00005555555563ff in BTreeNode::traverse (this=0x5555557bac20) at BTree.cpp:597
#11 0x0000555555556377 in BTreeNode::traverse (this=0x5555557bab90) at BTree.cpp:591
#12 0x0000555555556377 in BTreeNode::traverse (this=0x5555558584b0) at BTree.cpp:591
#13 0x0000555555556851 in BTree::traverse (this=0x7fffffffddc0) at BTree.cpp:137
#14 0x0000555555556630 in main (argc=3, argv=0x7fffffffded8) at BTree.cpp:668

647	int myrandom (int i) { return std::rand()%i;}
648	
649	// Driver program to test above functions
650	int main(int argc, char * argv[])
651	{
652	/*********************************/
653	  BTree t(3);
654	  FILE *file = fopen (argv[1], "r");
655	
656	

Backtrace END
Fliping a bit of the pointer
Memory content before bitflip:0x000xab0x7b0x550x550x550x000x00
Fault Model: Zero bit-flip
base address to flip value: 0x7fffffffdc88
address max offset: 8
Memory content after  bitflip:0x000x000x000x000x000x000x000x00
frame name: BTreeNode::traverse
symbol name: this
symbol filename: BTree.cpp
symbol line: 0
value: 0x5555557bab00
value address: 0x7fffffffdc88
Type: The type is a pointer.
Type sizeof: 8

[INFO -- 2018-10-12 05:42:40]
Fault Injection Successful after 1.2441151142120361s
[INFO -- 2018-10-12 05:42:40]
event type: exit
[INFO -- 2018-10-12 05:42:40]
exit code: 0
