[INFO -- 2018-12-01 12:30:02]
Starting flip_value script
version: 1.1
[INFO -- 2018-12-01 12:30:02]
Initialization strings:
[INFO -- 2018-12-01 12:30:02]
(1) file /tmp/splay/main
[INFO -- 2018-12-01 12:30:02]
(2) set args /tmp/splay/input_100000 /tmp/splay/output_100000
[INFO -- 2018-12-01 12:30:02]
initSignal:0
[INFO -- 2018-12-01 12:30:02]
endSignal:5
[INFO -- 2018-12-01 12:30:02]
faultModel:3
[INFO -- 2018-12-01 12:30:03]
Backtrace BEGIN:
#0  0x00007ffff7f1cd50 in __gnu_cxx::stdio_sync_filebuf<char, std::char_traits<char> >::xsputn(char const*, long) () from /usr/lib/x86_64-linux-gnu/libstdc++.so.6
#1  0x00007ffff7f42f54 in std::basic_ostream<char, std::char_traits<char> >& std::__ostream_insert<char, std::char_traits<char> >(std::basic_ostream<char, std::char_traits<char> >&, char const*, long) () from /usr/lib/x86_64-linux-gnu/libstdc++.so.6
#2  0x0000555555557e00 in std::operator<< <char, std::char_traits<char>, 16ul> (__os=..., __x=std::bitset = {...}) at /usr/include/c++/8/bitset:1543
#3  0x0000555555557ae8 in InOrder (root=0x555555610bd0) at splay.cpp:253
#4  0x0000555555557b0d in InOrder (root=0x555555572410) at splay.cpp:254
#5  0x0000555555557abd in InOrder (root=0x5555557ce730) at splay.cpp:252
#6  0x0000555555557abd in InOrder (root=0x5555555870f0) at splay.cpp:252
#7  0x0000555555557b0d in InOrder (root=0x5555557c2d50) at splay.cpp:254
#8  0x0000555555557b0d in InOrder (root=0x555555827b50) at splay.cpp:254
#9  0x0000555555557b0d in InOrder (root=0x555555849730) at splay.cpp:254
#10 0x0000555555557b0d in InOrder (root=0x55555562d7d0) at splay.cpp:254
#11 0x0000555555557b0d in InOrder (root=0x555555864e90) at splay.cpp:254
#12 0x0000555555557b0d in InOrder (root=0x555555815c30) at splay.cpp:254
#13 0x0000555555557abd in InOrder (root=0x5555555fbed0) at splay.cpp:252
#14 0x0000555555557abd in InOrder (root=0x555555747970) at splay.cpp:252
#15 0x0000555555557abd in InOrder (root=0x5555558631d0) at splay.cpp:252
#16 0x0000555555557b0d in InOrder (root=0x555555649310) at splay.cpp:254
#17 0x0000555555557b0d in InOrder (root=0x5555558713b0) at splay.cpp:254
#18 0x0000555555557abd in InOrder (root=0x5555558753b0) at splay.cpp:252
#19 0x0000555555557b0d in InOrder (root=0x555555879010) at splay.cpp:254
#20 0x0000555555557b0d in InOrder (root=0x55555570a130) at splay.cpp:254
#21 0x0000555555557abd in InOrder (root=0x55555562f530) at splay.cpp:252
#22 0x0000555555557b0d in InOrder (root=0x555555879e90) at splay.cpp:254
#23 0x0000555555557b0d in InOrder (root=0x555555879750) at splay.cpp:254
#24 0x0000555555557abd in InOrder (root=0x55555587cad0) at splay.cpp:252
#25 0x0000555555557b0d in InOrder (root=0x55555587ce50) at splay.cpp:254
#26 0x0000555555557abd in InOrder (root=0x555555676df0) at splay.cpp:252
#27 0x0000555555557b0d in InOrder (root=0x5555557ad850) at splay.cpp:254
#28 0x0000555555557b0d in InOrder (root=0x555555790b50) at splay.cpp:254
#29 0x0000555555557b0d in InOrder (root=0x55555587d6d0) at splay.cpp:254
#30 0x0000555555557abd in InOrder (root=0x55555587d770) at splay.cpp:252
#31 0x0000555555557abd in InOrder (root=0x55555572ac10) at splay.cpp:252
#32 0x0000555555557b0d in InOrder (root=0x555555748390) at splay.cpp:254
#33 0x0000555555557b0d in InOrder (root=0x55555587dbf0) at splay.cpp:254
#34 0x0000555555557b0d in InOrder (root=0x55555587dc90) at splay.cpp:254
#35 0x0000555555557abd in InOrder (root=0x555555696ef0) at splay.cpp:252
#36 0x0000555555557abd in InOrder (root=0x55555587dcd0) at splay.cpp:252
#37 0x00005555555564fe in main (argc=3, argv=0x7fffffffdfb8) at main.cpp:35

1	#include "splay.h"
2	#include <iostream>
3	
4	#include <algorithm>    // std::random_shuffle
5	#include <vector>       // std::vector
6	#include <cstdlib>      // std::rand, std::srand
7	#include <cstdio>
8	
9	#include <iterator>
10	#include <fstream>

Backtrace END
Fliping a bit of the value pointed by a pointer
Fliping value of field: key
Memory content before bitflip:0xc30x2f0x130x00
Fault Model: Zero bit-flip
base address to flip value: 0x555555748390
address max offset: 4
Memory content after  bitflip:0x000x000x000x00
frame name: InOrder
symbol name: root
symbol filename: splay.cpp
symbol line: 248
value: 0x555555748390
value address: 0x7fffffffdb48
Type: The type is a pointer.
Type sizeof: 8

[INFO -- 2018-12-01 12:30:03]
Fault Injection Successful after 1.0433297157287598s
[INFO -- 2018-12-01 12:30:03]
event type: exit
[INFO -- 2018-12-01 12:30:03]
exit code: 0
