[INFO -- 2018-10-12 01:15:20]
Starting flip_value script
version: 1.1
[INFO -- 2018-10-12 01:15:20]
Initialization strings:
[INFO -- 2018-10-12 01:15:20]
(1) file /tmp/BTree/main
[INFO -- 2018-10-12 01:15:20]
(2)  set args /tmp/BTree/input_100000 /tmp/BTree/output_100000
[INFO -- 2018-10-12 01:15:20]
initSignal:0
[INFO -- 2018-10-12 01:15:20]
endSignal:2
[INFO -- 2018-10-12 01:15:20]
faultModel:1
[EXCEPTION -- 2018-10-12 01:15:21]
pythonException: Unable to exit loop in struct fields; Exiting wihtout making a bit flip
[INFO -- 2018-10-12 01:15:21]
Backtrace BEGIN:
#0  0x00005555555567ef in std::_Base_bitset<1ul>::_S_maskbit (__pos=1) at /usr/include/c++/7/bitset:403
#1  0x0000555555556a71 in std::bitset<16ul>::_Unchecked_test (this=0x7fffffffdba0, __pos=1) at /usr/include/c++/7/bitset:1058
#2  0x0000555555556a03 in std::bitset<16ul>::_M_copy_to_string<char, std::char_traits<char>, std::allocator<char> > (this=0x7fffffffdba0, __s="1001001010110100", __zero=48 '0', __one=49 '1') at /usr/include/c++/7/bitset:1409
#3  0x0000555555556943 in std::operator<< <char, std::char_traits<char>, 16ul> (__os=..., __x=std::bitset = {...}) at /usr/include/c++/7/bitset:1538
#4  0x00005555555563b2 in BTreeNode::traverse (this=0x55555582ee10) at BTree.cpp:592
#5  0x0000555555556377 in BTreeNode::traverse (this=0x55555585fbf0) at BTree.cpp:591
#6  0x0000555555556377 in BTreeNode::traverse (this=0x55555595dff0) at BTree.cpp:591
#7  0x0000555555556377 in BTreeNode::traverse (this=0x55555598a420) at BTree.cpp:591
#8  0x0000555555556377 in BTreeNode::traverse (this=0x555555a27200) at BTree.cpp:591
#9  0x0000555555556377 in BTreeNode::traverse (this=0x555555a27290) at BTree.cpp:591
#10 0x0000555555556377 in BTreeNode::traverse (this=0x555555a273b0) at BTree.cpp:591
#11 0x00005555555563ff in BTreeNode::traverse (this=0x555555a27320) at BTree.cpp:597
#12 0x0000555555556851 in BTree::traverse (this=0x7fffffffddc0) at BTree.cpp:137
#13 0x0000555555556630 in main (argc=3, argv=0x7fffffffded8) at BTree.cpp:668

398	      _S_whichbit(size_t __pos) _GLIBCXX_NOEXCEPT
399	      {  return __pos % _GLIBCXX_BITSET_BITS_PER_WORD; }
400	
401	      static _GLIBCXX_CONSTEXPR _WordT
402	      _S_maskbit(size_t __pos) _GLIBCXX_NOEXCEPT
403	      { return (static_cast<_WordT>(1)) << _S_whichbit(__pos); }
404	
405	      _WordT&
406	      _M_getword(size_t) _GLIBCXX_NOEXCEPT
407	      { return _M_w; }

Backtrace END
Fliping a bit of the value pointed by a pointer
Fliping value of field: t
Memory content before bitflip:0x030x000x000x00
Fault Model: Double bit-flip
base address to flip value: 0x55555595dff8
address max offset: 4
Memory content after  bitflip:0x870x000x000x00
frame name: BTreeNode::traverse
symbol name: this
symbol filename: BTree.cpp
symbol line: 0
value: 0x55555595dff0
value address: 0x7fffffffdc08
Type: The type is a pointer.
Type sizeof: 8

[INFO -- 2018-10-12 01:15:21]
Fault Injection Successful after 1.2541046142578125s
[INFO -- 2018-10-12 01:15:21]
event type: exit
[INFO -- 2018-10-12 01:15:21]
exit code: 0
