[INFO -- 2018-11-25 23:06:42]
Starting flip_value script
version: 1.1
[INFO -- 2018-11-25 23:06:42]
Initialization strings:
[INFO -- 2018-11-25 23:06:42]
(1) file /tmp/BTree-dup/main
[INFO -- 2018-11-25 23:06:42]
(2)  set args /tmp/BTree-dup/input_100000 /tmp/BTree-dup/output_100000 /tmp/BTree-dup-detection.log /tmp/BTree-dup/output2_100000
[INFO -- 2018-11-25 23:06:42]
initSignal:0
[INFO -- 2018-11-25 23:06:42]
endSignal:2
[INFO -- 2018-11-25 23:06:42]
faultModel:0
[EXCEPTION -- 2018-11-25 23:06:43]
gdbException: Tentativo de desreferenciar um ponteiro genérico.
[INFO -- 2018-11-25 23:06:44]
Backtrace BEGIN:
#0  0x00007ffff7add3bd in __dynamic_cast () from /usr/lib/x86_64-linux-gnu/libstdc++.so.6
#1  0x00007ffff7b5033b in std::ctype<char> const& std::use_facet<std::ctype<char> >(std::locale const&) () from /usr/lib/x86_64-linux-gnu/libstdc++.so.6
#2  0x000055555555738d in std::operator<< <char, std::char_traits<char>, 16ul> (__os=..., __x=std::bitset = {...}) at /usr/include/c++/7/bitset:1537
#3  0x0000555555556912 in BTreeNode::traverse (this=0x5555557f05c0) at BTree_dup.cpp:594
#4  0x00005555555568d7 in BTreeNode::traverse (this=0x55555579c7a0) at BTree_dup.cpp:593
#5  0x000055555555695f in BTreeNode::traverse (this=0x5555557e5880) at BTree_dup.cpp:599
#6  0x000055555555695f in BTreeNode::traverse (this=0x5555558d9de0) at BTree_dup.cpp:599
#7  0x00005555555568d7 in BTreeNode::traverse (this=0x555555ae5cd0) at BTree_dup.cpp:593
#8  0x000055555555695f in BTreeNode::traverse (this=0x5555559d1280) at BTree_dup.cpp:599
#9  0x00005555555568d7 in BTreeNode::traverse (this=0x5555559d1310) at BTree_dup.cpp:593
#10 0x000055555555695f in BTreeNode::traverse (this=0x555555a2abc0) at BTree_dup.cpp:599
#11 0x000055555555695f in BTreeNode::traverse (this=0x555555a2ab30) at BTree_dup.cpp:599
#12 0x00005555555572bb in BTree::traverse (this=0x7fffffffdd40) at BTree_dup.cpp:139
#13 0x0000555555556fbd in main (argc=5, argv=0x7fffffffde68) at BTree_dup.cpp:718

2284	in rtld.c

Backtrace END
Fliping value of field: t
Memory content before bitflip:0x030x000x000x00
Fault Model: Single bit-flip
base address to flip value: 0x7fffffffdd48
address max offset: 4
Memory content after  bitflip:0x010x000x000x00
frame name: main
symbol name: bTree1
symbol filename: BTree_dup.cpp
symbol line: 704
value: {root = 0x555555a2ab30, t = 1}
value address: 0x7fffffffdd40
Type: The type is a structure.
Type sizeof: 16
Field name: root
Field Type: The type is a pointer.
Field Type sizeof: 8
Field name: t
Field Type: The type is an integer type.
Field Type sizeof: 4

[INFO -- 2018-11-25 23:06:44]
Fault Injection Successful after 2.4499387741088867s
[INFO -- 2018-11-25 23:06:44]
event type: exit
[INFO -- 2018-11-25 23:06:44]
exit code: 0
