[INFO -- 2018-10-11 23:47:48]
sending 5 signals using command: 'killall -2 main' after 1.79432037173s
[INFO -- 2018-10-11 23:47:48]
sending 5 signals using command: 'killall -2 main' after 1.86232896514s
[INFO -- 2018-10-11 23:47:48]
sending 5 signals using command: 'killall -2 main' after 1.95494709244s
[INFO -- 2018-10-11 23:47:48]
Starting GDB script
[INFO -- 2018-10-11 23:47:48]
initSignal:0.0
[INFO -- 2018-10-11 23:47:48]
endSignal:2.0
[INFO -- 2018-10-11 23:47:48]
sending 5 signals using command: 'killall -2 main' after 0.0353798473554s
[INFO -- 2018-10-11 23:47:48]
sending 5 signals using command: 'killall -2 main' after 0.365608076254s
[INFO -- 2018-10-11 23:47:49]
sending 5 signals using command: 'killall -2 main' after 1.24604595729s
[INFO -- 2018-10-11 23:47:50]
Execution finished before waitTime
