[INFO -- 2018-12-01 11:10:13]
Starting flip_value script
version: 1.1
[INFO -- 2018-12-01 11:10:13]
Initialization strings:
[INFO -- 2018-12-01 11:10:13]
(1) file /tmp/splay/main
[INFO -- 2018-12-01 11:10:13]
(2) set args /tmp/splay/input_100000 /tmp/splay/output_100000
[INFO -- 2018-12-01 11:10:13]
initSignal:0
[INFO -- 2018-12-01 11:10:13]
endSignal:5
[INFO -- 2018-12-01 11:10:13]
faultModel:4
[INFO -- 2018-12-01 11:10:14]
Backtrace BEGIN:
#0  Splay (key=3298115, root=0x5555555f0a30) at splay.cpp:60
#1  0x0000555555557916 in Insert (key=3298115, root=0x555555780eb0) at splay.cpp:145
#2  0x00005555555564bb in main (argc=3, argv=0x7fffffffdfb8) at main.cpp:31

55		 The zig/zag mode would only happen when cannot find key and will reach
56		 null on one side after RR or LL Rotation.
57		 */
58		while(1)
59		{
60			if(key < root->key)
61			{
62				if(!root->lchild)
63					break;
64				if(key < root->lchild->key)

Backtrace END
Fliping a bit of the pointer
Memory content before bitflip:0xb00x0e0x780x550x550x550x000x00
Fault Model: LSB bit-flip
base address to flip value: 0x7fffffffdc10
address max offset: 8
Memory content after  bitflip:0xb00x0e0x780x550x550x550x000x01
frame name: Insert
symbol name: root
symbol filename: splay.cpp
symbol line: 132
value: 0x555555780eb0
value address: 0x7fffffffdc10
Type: The type is a pointer.
Type sizeof: 8

[INFO -- 2018-12-01 11:10:14]
Fault Injection Successful after 1.2677533626556396s
[INFO -- 2018-12-01 11:10:14]
event type: exit
[INFO -- 2018-12-01 11:10:14]
exit code: 0
