[INFO -- 2018-11-30 22:51:02]
Starting flip_value script
version: 1.1
[INFO -- 2018-11-30 22:51:02]
Initialization strings:
[INFO -- 2018-11-30 22:51:02]
(1) file /tmp/splay/main
[INFO -- 2018-11-30 22:51:02]
(2) set args /tmp/splay/input_100000 /tmp/splay/output_100000
[INFO -- 2018-11-30 22:51:02]
initSignal:0
[INFO -- 2018-11-30 22:51:02]
endSignal:5
[INFO -- 2018-11-30 22:51:02]
faultModel:4
[EXCEPTION -- 2018-11-30 22:51:02]
gdbException: Attempt to dereference a generic pointer.
[INFO -- 2018-11-30 22:51:03]
event type: exit
[INFO -- 2018-11-30 22:51:03]
exit code: 0
