[INFO -- 2018-12-09 16:30:47]
sending 5 signals using command: 'killall -2 main' after 4.30680745889s
[INFO -- 2018-12-09 16:30:48]
sending 5 signals using command: 'killall -2 main' after 4.84595315238s
[INFO -- 2018-12-09 16:30:48]
sending 5 signals using command: 'killall -2 main' after 4.96992734695s
[INFO -- 2018-12-09 16:30:48]
Starting GDB script
[INFO -- 2018-12-09 16:30:48]
initSignal:0.0
[INFO -- 2018-12-09 16:30:48]
endSignal:5.0
[INFO -- 2018-12-09 16:30:49]
sending 5 signals using command: 'killall -2 main' after 1.28755345138s
[INFO -- 2018-12-09 16:30:50]
sending 5 signals using command: 'killall -2 main' after 1.8085334803s
[INFO -- 2018-12-09 16:30:50]
sending 5 signals using command: 'killall -2 main' after 2.38229186933s
[INFO -- 2018-12-09 16:30:51]
Execution finished before waitTime
