[INFO -- 2018-10-12 04:04:27]
Starting flip_value script
version: 1.1
[INFO -- 2018-10-12 04:04:27]
Initialization strings:
[INFO -- 2018-10-12 04:04:27]
(1) file /tmp/BTree/main
[INFO -- 2018-10-12 04:04:27]
(2)  set args /tmp/BTree/input_100000 /tmp/BTree/output_100000
[INFO -- 2018-10-12 04:04:27]
initSignal:0
[INFO -- 2018-10-12 04:04:27]
endSignal:2
[INFO -- 2018-10-12 04:04:27]
faultModel:4
[INFO -- 2018-10-12 04:04:28]
Backtrace BEGIN:
#0  0x0000555555555f82 in BTreeNode::insertNonFull (this=0x5555558365e0, k=0) at BTree.cpp:505
#1  0x00005555555560d9 in BTreeNode::insertNonFull (this=0x5555558364c0, k=0) at BTree.cpp:533
#2  0x00005555555560d9 in BTreeNode::insertNonFull (this=0x555555836280, k=0) at BTree.cpp:533
#3  0x00005555555560d9 in BTreeNode::insertNonFull (this=0x5555558352c0, k=0) at BTree.cpp:533
#4  0x00005555555560d9 in BTreeNode::insertNonFull (this=0x5555558353e0, k=0) at BTree.cpp:533
#5  0x00005555555560d9 in BTreeNode::insertNonFull (this=0x555555830d90, k=0) at BTree.cpp:533
#6  0x00005555555560d9 in BTreeNode::insertNonFull (this=0x555555830e20, k=0) at BTree.cpp:533
#7  0x00005555555560d9 in BTreeNode::insertNonFull (this=0x5555557bab90, k=0) at BTree.cpp:533
#8  0x0000555555555f18 in BTree::insert (this=0x7fffffffddc0, k=0) at BTree.cpp:487
#9  0x0000555555556601 in main (argc=3, argv=0x7fffffffded8) at BTree.cpp:665

500		if (leaf == true)
501		{
502			// The following loop does two things
503			// a) Finds the location of new key to be inserted
504			// b) Moves all greater keys to one place ahead
505			while (i >= 0 && keys[i] > k)
506			{
507				keys[i+1] = keys[i];
508				i--;
509			}

Backtrace END
Memory content before bitflip:0x000x000x000x00
Fault Model: LSB bit-flip
base address to flip value: 0x7fffffffdbe4
address max offset: 4
Memory content after  bitflip:0x000x000x000x01
frame name: BTreeNode::insertNonFull
symbol name: k
symbol filename: BTree.cpp
symbol line: 494
value: 16777216
value address: 0x7fffffffdbe4
Type: The type is an integer type.
Type sizeof: 4

[INFO -- 2018-10-12 04:04:28]
Fault Injection Successful after 1.0103557109832764s
[INFO -- 2018-10-12 04:04:28]
event type: exit
[INFO -- 2018-10-12 04:04:28]
exit code: 0
