[INFO -- 2018-12-01 03:00:43]
Starting flip_value script
version: 1.1
[INFO -- 2018-12-01 03:00:43]
Initialization strings:
[INFO -- 2018-12-01 03:00:43]
(1) file /tmp/splay/main
[INFO -- 2018-12-01 03:00:43]
(2) set args /tmp/splay/input_100000 /tmp/splay/output_100000
[INFO -- 2018-12-01 03:00:43]
initSignal:0
[INFO -- 2018-12-01 03:00:43]
endSignal:5
[INFO -- 2018-12-01 03:00:43]
faultModel:2
[INFO -- 2018-12-01 03:00:43]
Backtrace BEGIN:
#0  0x0000555555557709 in Splay (key=2532359, root=0x555555571bd0) at splay.cpp:66
#1  0x0000555555557916 in Insert (key=2532359, root=0x555555575fb0) at splay.cpp:145
#2  0x00005555555564bb in main (argc=3, argv=0x7fffffffdfb8) at main.cpp:31

61			{
62				if(!root->lchild)
63					break;
64				if(key < root->lchild->key)
65				{
66					root = RR_Rotate(root); /* only zig-zig mode need to rotate once,
67											   because zig-zag mode is handled as zig
68											   mode, which doesn't require rotate, 
69											   just linking it to R Tree */
70					if(!root->lchild)

Backtrace END
Fliping a bit of the pointer
Memory content before bitflip:0xb00x5f0x570x550x550x550x000x00
Fault Model: Random bit-flip
base address to flip value: 0x7fffffffdc48
address max offset: 8
Memory content after  bitflip:0x850xf20x580x210x160x7c0x680x24
frame name: main
symbol name: root
symbol filename: main.cpp
symbol line: 22
value: 0x555555575fb0
value address: 0x7fffffffdc48
Type: The type is a pointer.
Type sizeof: 8

[INFO -- 2018-12-01 03:00:43]
Fault Injection Successful after 0.5117638111114502s
[INFO -- 2018-12-01 03:00:43]
event type: exit
[INFO -- 2018-12-01 03:00:43]
exit code: 0
