[INFO -- 2018-12-01 05:34:54]
Starting flip_value script
version: 1.1
[INFO -- 2018-12-01 05:34:54]
Initialization strings:
[INFO -- 2018-12-01 05:34:54]
(1) file /tmp/splay/main
[INFO -- 2018-12-01 05:34:54]
(2) set args /tmp/splay/input_100000 /tmp/splay/output_100000
[INFO -- 2018-12-01 05:34:54]
initSignal:0
[INFO -- 2018-12-01 05:34:54]
endSignal:5
[INFO -- 2018-12-01 05:34:54]
faultModel:0
[INFO -- 2018-12-01 05:34:55]
Backtrace BEGIN:
#0  0x00007ffff7d34fd4 in __GI___libc_write (fd=1, buf=0x55555587dcf0, nbytes=17) at ../sysdeps/unix/sysv/linux/write.c:26
#1  0x00007ffff7cb633d in _IO_new_file_write (f=0x7ffff7e10760 <_IO_2_1_stdout_>, data=0x55555587dcf0, n=17) at fileops.c:1183
#2  0x00007ffff7cb7a71 in new_do_write (to_do=17, data=0x55555587dcf0 "0001101101000001\n", fp=0x7ffff7e10760 <_IO_2_1_stdout_>) at libioP.h:839
#3  _IO_new_do_write (fp=0x7ffff7e10760 <_IO_2_1_stdout_>, data=0x55555587dcf0 "0001101101000001\n", to_do=17) at fileops.c:433
#4  0x00007ffff7cb56f8 in _IO_new_file_sync (fp=0x7ffff7e10760 <_IO_2_1_stdout_>) at fileops.c:819
#5  0x00007ffff7caa32d in __GI__IO_fflush (fp=0x7ffff7e10760 <_IO_2_1_stdout_>) at libioP.h:839
#6  0x00007ffff7f4201e in std::ostream::flush() () from /usr/lib/x86_64-linux-gnu/libstdc++.so.6
#7  0x0000555555557afd in InOrder (root=0x555555605490) at splay.cpp:253
#8  0x0000555555557abd in InOrder (root=0x5555555aa570) at splay.cpp:252
#9  0x0000555555557abd in InOrder (root=0x55555559ddd0) at splay.cpp:252
#10 0x0000555555557b0d in InOrder (root=0x555555865cb0) at splay.cpp:254
#11 0x0000555555557b0d in InOrder (root=0x5555555a4c70) at splay.cpp:254
#12 0x0000555555557abd in InOrder (root=0x555555869a50) at splay.cpp:252
#13 0x0000555555557b0d in InOrder (root=0x555555590730) at splay.cpp:254
#14 0x0000555555557abd in InOrder (root=0x5555556e3630) at splay.cpp:252
#15 0x0000555555557b0d in InOrder (root=0x555555871150) at splay.cpp:254
#16 0x0000555555557abd in InOrder (root=0x5555558746d0) at splay.cpp:252
#17 0x0000555555557b0d in InOrder (root=0x5555557b9d30) at splay.cpp:254
#18 0x0000555555557b0d in InOrder (root=0x5555558740b0) at splay.cpp:254
#19 0x0000555555557abd in InOrder (root=0x555555623bf0) at splay.cpp:252
#20 0x0000555555557abd in InOrder (root=0x55555587ba70) at splay.cpp:252
#21 0x0000555555557b0d in InOrder (root=0x5555557ae5d0) at splay.cpp:254
#22 0x0000555555557abd in InOrder (root=0x55555587dab0) at splay.cpp:252
#23 0x0000555555557abd in InOrder (root=0x5555557882f0) at splay.cpp:252
#24 0x0000555555557b0d in InOrder (root=0x55555587da30) at splay.cpp:254
#25 0x0000555555557abd in InOrder (root=0x55555587dbb0) at splay.cpp:252
#26 0x0000555555557abd in InOrder (root=0x5555557cfed0) at splay.cpp:252
#27 0x0000555555557b0d in InOrder (root=0x555555774190) at splay.cpp:254
#28 0x0000555555557b0d in InOrder (root=0x555555774870) at splay.cpp:254
#29 0x0000555555557abd in InOrder (root=0x55555587dcb0) at splay.cpp:252
#30 0x0000555555557b0d in InOrder (root=0x555555693810) at splay.cpp:254
#31 0x0000555555557b0d in InOrder (root=0x555555634c10) at splay.cpp:254
#32 0x0000555555557b0d in InOrder (root=0x55555587dcd0) at splay.cpp:254
#33 0x00005555555564fe in main (argc=3, argv=0x7fffffffdfb8) at main.cpp:35

21	in ../sysdeps/unix/sysv/linux/write.c

Backtrace END
Fliping value of field: __underflow
Fliping a bit of the pointer
Memory content before bitflip:0x400x680xcb0xf70xff0x7f0x000x00
Fault Model: Single bit-flip
base address to flip value: 0x7ffff7e0c200 
address max offset: 8
Memory content after  bitflip:0x400x680xcb0xf70xff0x6f0x000x00
frame name: _IO_new_file_write
symbol name: _IO_file_jumps_mmap
symbol filename: fileops.c
symbol line: 1465
value: {__dummy = 0, __dummy2 = 0, __finish = 0x7ffff7cb6e30 <_IO_new_file_finish>, __overflow = 0x7ffff7cb7e00 <_IO_new_file_overflow>, __underflow = 0x6ffff7cb6840, __uflow = 0x7ffff7cb8f60 <__GI__IO_default_uflow>, __pbackfail = 0x7ffff7cba5c0 <__GI__IO_default_pbackfail>, __xsputn = 0x7ffff7cb68f0 <_IO_new_file_xsputn>, __xsgetn = 0x7ffff7cb63b0 <_IO_file_xsgetn_mmap>, __seekoff = 0x7ffff7cb6700 <_IO_file_seekoff_mmap>, __seekpos = 0x7ffff7cb9610 <_IO_default_seekpos>, __setbuf = 0x7ffff7cb5770 <_IO_file_setbuf_mmap>, __sync = 0x7ffff7cb5a70 <_IO_file_sync_mmap>, __doallocate = 0x7ffff7ca9c10 <__GI__IO_file_doallocate>, __read = 0x7ffff7cb68d0 <__GI__IO_file_read>, __write = 0x7ffff7cb6310 <_IO_new_file_write>, __seek = 0x7ffff7cb5a60 <__GI__IO_file_seek>, __close = 0x7ffff7cb57d0 <_IO_file_close_mmap>, __stat = 0x7ffff7cb6300 <__GI__IO_file_stat>, __showmanyc = 0x7ffff7cba740 <_IO_default_showmanyc>, __imbue = 0x7ffff7cba750 <_IO_default_imbue>}
value address: 0x7ffff7e0c1e0 <_IO_file_jumps_mmap>
Type: The type is a structure.
Type sizeof: 168
Field name: __dummy
Field Type: The type is an integer type.
Field Type sizeof: 8
Field name: __dummy2
Field Type: The type is an integer type.
Field Type sizeof: 8
Field name: __finish
Field Type: The type is a pointer.
Field Type sizeof: 8
Field name: __overflow
Field Type: The type is a pointer.
Field Type sizeof: 8
Field name: __underflow
Field Type: The type is a pointer.
Field Type sizeof: 8
Field name: __uflow
Field Type: The type is a pointer.
Field Type sizeof: 8
Field name: __pbackfail
Field Type: The type is a pointer.
Field Type sizeof: 8
Field name: __xsputn
Field Type: The type is a pointer.
Field Type sizeof: 8
Field name: __xsgetn
Field Type: The type is a pointer.
Field Type sizeof: 8
Field name: __seekoff
Field Type: The type is a pointer.
Field Type sizeof: 8
Field name: __seekpos
Field Type: The type is a pointer.
Field Type sizeof: 8
Field name: __setbuf
Field Type: The type is a pointer.
Field Type sizeof: 8
Field name: __sync
Field Type: The type is a pointer.
Field Type sizeof: 8
Field name: __doallocate
Field Type: The type is a pointer.
Field Type sizeof: 8
Field name: __read
Field Type: The type is a pointer.
Field Type sizeof: 8
Field name: __write
Field Type: The type is a pointer.
Field Type sizeof: 8
Field name: __seek
Field Type: The type is a pointer.
Field Type sizeof: 8
Field name: __close
Field Type: The type is a pointer.
Field Type sizeof: 8
Field name: __stat
Field Type: The type is a pointer.
Field Type sizeof: 8
Field name: __showmanyc
Field Type: The type is a pointer.
Field Type sizeof: 8
Field name: __imbue
Field Type: The type is a pointer.
Field Type sizeof: 8

[INFO -- 2018-12-01 05:34:55]
Fault Injection Successful after 1.3170008659362793s
[INFO -- 2018-12-01 05:34:55]
event type: exit
[INFO -- 2018-12-01 05:34:55]
exit code: 0
