[INFO -- 2018-11-30 17:22:39]
Starting flip_value script
version: 1.1
[INFO -- 2018-11-30 17:22:39]
Initialization strings:
[INFO -- 2018-11-30 17:22:39]
(1) file /tmp/splay/main
[INFO -- 2018-11-30 17:22:39]
(2) set args /tmp/splay/input_100000 /tmp/splay/output_100000
[INFO -- 2018-11-30 17:22:39]
initSignal:0
[INFO -- 2018-11-30 17:22:39]
endSignal:5
[INFO -- 2018-11-30 17:22:39]
faultModel:4
[EXCEPTION -- 2018-11-30 17:22:40]
gdbException: Attempt to dereference a generic pointer.
[INFO -- 2018-11-30 17:22:40]
Backtrace BEGIN:
#0  0x00007ffff7d34fd4 in __GI___libc_write (fd=1, buf=0x55555587dcf0, nbytes=17) at ../sysdeps/unix/sysv/linux/write.c:26
#1  0x00007ffff7cb633d in _IO_new_file_write (f=0x7ffff7e10760 <_IO_2_1_stdout_>, data=0x55555587dcf0, n=17) at fileops.c:1183
#2  0x00007ffff7cb7a71 in new_do_write (to_do=17, data=0x55555587dcf0 "1011100001000000\n", fp=0x7ffff7e10760 <_IO_2_1_stdout_>) at libioP.h:839
#3  _IO_new_do_write (fp=0x7ffff7e10760 <_IO_2_1_stdout_>, data=0x55555587dcf0 "1011100001000000\n", to_do=17) at fileops.c:433
#4  0x00007ffff7cb56f8 in _IO_new_file_sync (fp=0x7ffff7e10760 <_IO_2_1_stdout_>) at fileops.c:819
#5  0x00007ffff7caa32d in __GI__IO_fflush (fp=0x7ffff7e10760 <_IO_2_1_stdout_>) at libioP.h:839
#6  0x00007ffff7f4201e in std::ostream::flush() () from /usr/lib/x86_64-linux-gnu/libstdc++.so.6
#7  0x0000555555557afd in InOrder (root=0x5555557c15b0) at splay.cpp:253
#8  0x0000555555557abd in InOrder (root=0x5555556db830) at splay.cpp:252
#9  0x0000555555557abd in InOrder (root=0x5555557ecc90) at splay.cpp:252
#10 0x0000555555557abd in InOrder (root=0x555555805cb0) at splay.cpp:252
#11 0x0000555555557b0d in InOrder (root=0x555555786410) at splay.cpp:254
#12 0x0000555555557abd in InOrder (root=0x555555718030) at splay.cpp:252
#13 0x0000555555557b0d in InOrder (root=0x555555848790) at splay.cpp:254
#14 0x0000555555557abd in InOrder (root=0x5555557ee770) at splay.cpp:252
#15 0x0000555555557abd in InOrder (root=0x555555861eb0) at splay.cpp:252
#16 0x0000555555557b0d in InOrder (root=0x5555558643d0) at splay.cpp:254
#17 0x0000555555557abd in InOrder (root=0x555555873030) at splay.cpp:252
#18 0x0000555555557abd in InOrder (root=0x5555555f70b0) at splay.cpp:252
#19 0x0000555555557b0d in InOrder (root=0x555555874bf0) at splay.cpp:254
#20 0x0000555555557b0d in InOrder (root=0x5555558778f0) at splay.cpp:254
#21 0x0000555555557b0d in InOrder (root=0x5555556dd1f0) at splay.cpp:254
#22 0x0000555555557abd in InOrder (root=0x5555556b9890) at splay.cpp:252
#23 0x0000555555557abd in InOrder (root=0x5555555ac370) at splay.cpp:252
#24 0x0000555555557abd in InOrder (root=0x55555587c5b0) at splay.cpp:252
#25 0x0000555555557abd in InOrder (root=0x555555645730) at splay.cpp:252
#26 0x0000555555557abd in InOrder (root=0x5555557992b0) at splay.cpp:252
#27 0x0000555555557b0d in InOrder (root=0x55555587db30) at splay.cpp:254
#28 0x0000555555557abd in InOrder (root=0x55555587da30) at splay.cpp:252
#29 0x0000555555557abd in InOrder (root=0x55555587dbb0) at splay.cpp:252
#30 0x0000555555557abd in InOrder (root=0x5555557cfed0) at splay.cpp:252
#31 0x0000555555557b0d in InOrder (root=0x555555774190) at splay.cpp:254
#32 0x0000555555557b0d in InOrder (root=0x555555774870) at splay.cpp:254
#33 0x0000555555557abd in InOrder (root=0x55555587dcb0) at splay.cpp:252
#34 0x0000555555557b0d in InOrder (root=0x555555693810) at splay.cpp:254
#35 0x0000555555557b0d in InOrder (root=0x555555634c10) at splay.cpp:254
#36 0x0000555555557b0d in InOrder (root=0x55555587dcd0) at splay.cpp:254
#37 0x00005555555564fe in main (argc=3, argv=0x7fffffffdfb8) at main.cpp:35

21	in ../sysdeps/unix/sysv/linux/write.c

Backtrace END
Fliping value of field: _M_stream
Fliping a bit of the pointer
Memory content before bitflip:0xb00xdc0xff0xff0xff0x7f0x000x00
Fault Model: LSB bit-flip
base address to flip value: 0x7fffffffdc50
address max offset: 8
Memory content after  bitflip:0xb00xdc0xff0xff0xff0x7f0x000x20
frame name: main
symbol name: start
symbol filename: main.cpp
symbol line: 26
value: {<std::iterator<std::input_iterator_tag, int, long, int const*, int const&>> = {<No data fields>}, _M_stream = 0x20007fffffffdcb0, _M_value = 1101642, _M_ok = true}
value address: 0x7fffffffdc50
Type: The type is a structure.
Type sizeof: 16
Field name: std::iterator<std::input_iterator_tag, int, long, int const*, int const&>
Field Type: The type is a structure.
Field Type sizeof: 1
Field name: _M_stream
Field Type: The type is a pointer.
Field Type sizeof: 8
Field name: _M_value
Field Type: The type is an integer type.
Field Type sizeof: 4
Field name: _M_ok
Field Type: A boolean type.
Field Type sizeof: 1

[INFO -- 2018-11-30 17:22:40]
Fault Injection Successful after 1.316884994506836s
[INFO -- 2018-11-30 17:22:40]
event type: exit
[INFO -- 2018-11-30 17:22:40]
exit code: 0
