[INFO -- 2018-10-12 00:44:51]
Starting flip_value script
version: 1.1
[INFO -- 2018-10-12 00:44:51]
Initialization strings:
[INFO -- 2018-10-12 00:44:51]
(1) file /tmp/BTree/main
[INFO -- 2018-10-12 00:44:51]
(2)  set args /tmp/BTree/input_100000 /tmp/BTree/output_100000
[INFO -- 2018-10-12 00:44:51]
initSignal:0
[INFO -- 2018-10-12 00:44:51]
endSignal:2
[INFO -- 2018-10-12 00:44:51]
faultModel:2
[EXCEPTION -- 2018-10-12 00:44:51]
pythonException: Unable to exit loop in struct fields; Exiting wihtout making a bit flip
[INFO -- 2018-10-12 00:44:51]
Backtrace BEGIN:
#0  0x0000555555556023 in BTreeNode::insertNonFull (this=0x555555830250, k=2240643) at BTree.cpp:518
#1  0x00005555555560d9 in BTreeNode::insertNonFull (this=0x5555557d0cd0, k=2240643) at BTree.cpp:533
#2  0x00005555555560d9 in BTreeNode::insertNonFull (this=0x55555579e990, k=2240643) at BTree.cpp:533
#3  0x00005555555560d9 in BTreeNode::insertNonFull (this=0x555555812430, k=2240643) at BTree.cpp:533
#4  0x0000555555555f18 in BTree::insert (this=0x7fffffffddc0, k=2240643) at BTree.cpp:487
#5  0x0000555555556601 in main (argc=3, argv=0x7fffffffded8) at BTree.cpp:665

513			n = n+1;
514		}
515		else // If this node is not leaf
516		{
517			// Find the child which is going to have the new key
518			while (i >= 0 && keys[i] > k)
519				i--;
520	
521			// See if the found child is full
522			if (C[i+1]->n == 2*t-1)

Backtrace END
Memory content before bitflip:0x830x300x220x00
Fault Model: Random bit-flip
base address to flip value: 0x7fffffffdca4
address max offset: 4
Memory content after  bitflip:0x8e0xbb0xe60xe3
frame name: BTreeNode::insertNonFull
symbol name: k
symbol filename: BTree.cpp
symbol line: 494
value: -471417970
value address: 0x7fffffffdca4
Type: The type is an integer type.
Type sizeof: 4

[INFO -- 2018-10-12 00:44:51]
Fault Injection Successful after 0.9508717060089111s
[INFO -- 2018-10-12 00:44:52]
event type: exit
[INFO -- 2018-10-12 00:44:52]
exit code: 0
