[INFO -- 2018-11-26 01:05:12]
Starting flip_value script
version: 1.1
[INFO -- 2018-11-26 01:05:12]
Initialization strings:
[INFO -- 2018-11-26 01:05:12]
(1) file /tmp/BTree-dup/main
[INFO -- 2018-11-26 01:05:12]
(2)  set args /tmp/BTree-dup/input_100000 /tmp/BTree-dup/output_100000 /tmp/BTree-dup-detection.log /tmp/BTree-dup/output2_100000
[INFO -- 2018-11-26 01:05:12]
initSignal:0
[INFO -- 2018-11-26 01:05:12]
endSignal:2
[INFO -- 2018-11-26 01:05:12]
faultModel:0
[EXCEPTION -- 2018-11-26 01:05:12]
gdbException: Tentativo de desreferenciar um ponteiro genérico.
[INFO -- 2018-11-26 01:05:13]
Backtrace BEGIN:
#0  0x0000555555556707 in BTreeNode::splitChild (this=0x5555558fc490, i=1, y=0x5555559dc320) at BTree_dup.cpp:556
#1  0x00005555555565ed in BTreeNode::insertNonFull (this=0x5555558fc490, k=3357063) at BTree_dup.cpp:527
#2  0x0000555555556639 in BTreeNode::insertNonFull (this=0x5555557776c0, k=3357063) at BTree_dup.cpp:535
#3  0x0000555555556639 in BTreeNode::insertNonFull (this=0x555555817620, k=3357063) at BTree_dup.cpp:535
#4  0x0000555555556639 in BTreeNode::insertNonFull (this=0x5555557a2230, k=3357063) at BTree_dup.cpp:535
#5  0x0000555555556639 in BTreeNode::insertNonFull (this=0x555555a2aaa0, k=3357063) at BTree_dup.cpp:535
#6  0x0000555555556639 in BTreeNode::insertNonFull (this=0x555555a2abc0, k=3357063) at BTree_dup.cpp:535
#7  0x0000555555556639 in BTreeNode::insertNonFull (this=0x555555a2ab30, k=3357063) at BTree_dup.cpp:535
#8  0x0000555555556478 in BTree::insert (this=0x7fffffffda50, k=3357063) at BTree_dup.cpp:489
#9  0x0000555555556c25 in runner (input=0x7fffffffe22a "/tmp/BTree-dup/input_100000") at BTree_dup.cpp:664
#10 0x0000555555556f51 in main (argc=5, argv=0x7fffffffde68) at BTree_dup.cpp:711

551	
552		// Copy the last t children of y to z
553		if (y->leaf == false)
554		{
555			for (int j = 0; j < t; j++)
556				z->C[j] = y->C[j+t];
557		}
558	
559		// Reduce the number of keys in y
560		y->n = t - 1;

Backtrace END
Memory content before bitflip:0x000x000x000x00
Fault Model: Single bit-flip
base address to flip value: 0x7fffffffd9dc
address max offset: 4
Memory content after  bitflip:0x000x000x400x00
frame name: BTreeNode::insertNonFull
symbol name: i
symbol filename: BTree_dup.cpp
symbol line: 499
value: 4194304
value address: 0x7fffffffd9dc
Type: The type is an integer type.
Type sizeof: 4

[INFO -- 2018-11-26 01:05:13]
Fault Injection Successful after 1.3226397037506104s
[INFO -- 2018-11-26 01:05:14]
event type: exit
[INFO -- 2018-11-26 01:05:14]
exit code: 0
