[INFO -- 2018-12-01 00:45:54]
Starting flip_value script
version: 1.1
[INFO -- 2018-12-01 00:45:54]
Initialization strings:
[INFO -- 2018-12-01 00:45:54]
(1) file /tmp/splay/main
[INFO -- 2018-12-01 00:45:54]
(2) set args /tmp/splay/input_100000 /tmp/splay/output_100000
[INFO -- 2018-12-01 00:45:54]
initSignal:0
[INFO -- 2018-12-01 00:45:54]
endSignal:5
[INFO -- 2018-12-01 00:45:54]
faultModel:4
[EXCEPTION -- 2018-12-01 00:45:54]
pythonException: Unable to exit loop in struct fields; Exiting wihtout making a bit flip
[EXCEPTION -- 2018-12-01 00:45:54]
pythonException: Unable to exit loop in struct fields; Exiting wihtout making a bit flip
[EXCEPTION -- 2018-12-01 00:45:54]
pythonException: empty range for randrange() (0,0, 0)
[INFO -- 2018-12-01 00:45:54]
event type: exit
[INFO -- 2018-12-01 00:45:54]
exit code: 0
