[INFO -- 2018-12-01 00:53:50]
Starting flip_value script
version: 1.1
[INFO -- 2018-12-01 00:53:50]
Initialization strings:
[INFO -- 2018-12-01 00:53:50]
(1) file /tmp/splay/main
[INFO -- 2018-12-01 00:53:50]
(2) set args /tmp/splay/input_100000 /tmp/splay/output_100000
[INFO -- 2018-12-01 00:53:50]
initSignal:0
[INFO -- 2018-12-01 00:53:50]
endSignal:5
[INFO -- 2018-12-01 00:53:50]
faultModel:4
[INFO -- 2018-12-01 00:53:51]
Backtrace BEGIN:
#0  0x00005555555576e9 in Splay (key=745566, root=0x55555571b3b0) at splay.cpp:62
#1  0x0000555555557916 in Insert (key=745566, root=0x55555573d430) at splay.cpp:145
#2  0x00005555555564bb in main (argc=3, argv=0x7fffffffdfb8) at main.cpp:31

57		 */
58		while(1)
59		{
60			if(key < root->key)
61			{
62				if(!root->lchild)
63					break;
64				if(key < root->lchild->key)
65				{
66					root = RR_Rotate(root); /* only zig-zig mode need to rotate once,

Backtrace END
Memory content before bitflip:0x5e0x600x0b0x00
Fault Model: LSB bit-flip
base address to flip value: 0x7fffffffdc1c
address max offset: 4
Memory content after  bitflip:0x5e0x600x0b0x02
frame name: Insert
symbol name: key
symbol filename: splay.cpp
symbol line: 132
value: 34299998
value address: 0x7fffffffdc1c
Type: The type is an integer type.
Type sizeof: 4

[INFO -- 2018-12-01 00:53:51]
Fault Injection Successful after 1.0522193908691406s
[INFO -- 2018-12-01 00:53:51]
event type: exit
[INFO -- 2018-12-01 00:53:51]
exit code: 0
