[INFO -- 2018-12-09 01:18:23]
Starting flip_value script
version: 1.1
[INFO -- 2018-12-09 01:18:23]
Initialization strings:
[INFO -- 2018-12-09 01:18:23]
(1) file /tmp/Tree234/main
[INFO -- 2018-12-09 01:18:23]
(2) set args /tmp/Tree234/input_50000 /tmp/Tree234/output_50000
[INFO -- 2018-12-09 01:18:23]
initSignal:0
[INFO -- 2018-12-09 01:18:23]
endSignal:2
[INFO -- 2018-12-09 01:18:23]
faultModel:0
[INFO -- 2018-12-09 01:18:24]
Backtrace BEGIN:
#0  malloc (n=10) at dl-minimal.c:94
#1  <function called from gdb>
#2  0x00007ffff72d7ea9 in _int_free (av=<optimized out>, p=<optimized out>, have_lock=0) at malloc.c:4105
#3  0x00007ffff72dc53c in __GI___libc_free (mem=<optimized out>) at malloc.c:2968
#4  0x0000000000402954 in std::basic_ostream<char, std::char_traits<char> >& std::operator<< <char, std::char_traits<char>, 16ul>(std::basic_ostream<char, std::char_traits<char> >&, std::bitset<16ul> const&) ()
#5  0x00000000004022d3 in Arvore234::imprime(no*) ()
#6  0x0000000000402340 in Arvore234::imprime(no*) ()
#7  0x0000000000402340 in Arvore234::imprime(no*) ()
#8  0x0000000000402340 in Arvore234::imprime(no*) ()
#9  0x0000000000402340 in Arvore234::imprime(no*) ()
#10 0x0000000000402340 in Arvore234::imprime(no*) ()
#11 0x0000000000402340 in Arvore234::imprime(no*) ()
#12 0x0000000000402340 in Arvore234::imprime(no*) ()
#13 0x0000000000402340 in Arvore234::imprime(no*) ()
#14 0x0000000000402340 in Arvore234::imprime(no*) ()
#15 0x0000000000402380 in Arvore234::imprime() ()
#16 0x0000000000402594 in main ()

89	in dl-minimal.c

Backtrace END
Memory content before bitflip:0x000x000x000x00
Fault Model: Single bit-flip
base address to flip value: 0x7ffff761e7cc 
address max offset: 4
Memory content after  bitflip:0x020x000x000x00
frame name: __GI___libc_free
symbol name: using_malloc_checking
symbol filename: hooks.c
symbol line: 53
value: 2
value address: 0x7ffff761e7cc <using_malloc_checking>
Type: The type is an integer type.
Type sizeof: 4

[INFO -- 2018-12-09 01:18:24]
Fault Injection Successful after 1.3941192626953125s
[INFO -- 2018-12-09 01:18:24]
event type: exit
[INFO -- 2018-12-09 01:18:24]
exit code: 0
