[INFO -- 2018-11-30 17:16:18]
sending 5 signals using command: 'killall -2 main' after 1.79424077058s
[INFO -- 2018-11-30 17:16:20]
sending 5 signals using command: 'killall -2 main' after 3.6715926303s
[INFO -- 2018-11-30 17:16:21]
sending 5 signals using command: 'killall -2 main' after 4.84451118013s
[INFO -- 2018-11-30 17:16:21]
Starting GDB script
[INFO -- 2018-11-30 17:16:21]
initSignal:0.0
[INFO -- 2018-11-30 17:16:21]
endSignal:5.0
[INFO -- 2018-11-30 17:16:21]
sending 5 signals using command: 'killall -2 main' after 0.475389996448s
[INFO -- 2018-11-30 17:16:21]
sending 5 signals using command: 'killall -2 main' after 0.50575590823s
[INFO -- 2018-11-30 17:16:22]
sending 5 signals using command: 'killall -2 main' after 0.655087538893s
[INFO -- 2018-11-30 17:16:22]
Execution finished before waitTime
