[INFO -- 2018-11-25 15:36:50]
Starting flip_value script
version: 1.1
[INFO -- 2018-11-25 15:36:50]
Initialization strings:
[INFO -- 2018-11-25 15:36:50]
(1) file /tmp/BTree-dup/main
[INFO -- 2018-11-25 15:36:50]
(2)  set args /tmp/BTree-dup/input_100000 /tmp/BTree-dup/output_100000 /tmp/BTree-dup-detection.log /tmp/BTree-dup/output2_100000
[INFO -- 2018-11-25 15:36:50]
initSignal:0
[INFO -- 2018-11-25 15:36:50]
endSignal:2
[INFO -- 2018-11-25 15:36:50]
faultModel:2
[EXCEPTION -- 2018-11-25 15:36:52]
pythonException: Unable to exit loop in struct fields; Exiting wihtout making a bit flip
[EXCEPTION -- 2018-11-25 15:36:52]
pythonException: Unable to exit loop in struct fields; Exiting wihtout making a bit flip
[INFO -- 2018-11-25 15:36:53]
event type: exit
[INFO -- 2018-11-25 15:36:53]
exit code: 0
