[INFO -- 2018-12-01 01:44:11]
Starting flip_value script
version: 1.1
[INFO -- 2018-12-01 01:44:11]
Initialization strings:
[INFO -- 2018-12-01 01:44:11]
(1) file /tmp/splay/main
[INFO -- 2018-12-01 01:44:11]
(2) set args /tmp/splay/input_100000 /tmp/splay/output_100000
[INFO -- 2018-12-01 01:44:11]
initSignal:0
[INFO -- 2018-12-01 01:44:11]
endSignal:5
[INFO -- 2018-12-01 01:44:11]
faultModel:3
[INFO -- 2018-12-01 01:44:11]
Backtrace BEGIN:
#0  0x0000555555557ab5 in InOrder (root=0x5555556ad070) at splay.cpp:252
#1  0x0000555555557b0d in InOrder (root=0x555555789210) at splay.cpp:254
#2  0x0000555555557abd in InOrder (root=0x5555557a0270) at splay.cpp:252
#3  0x0000555555557abd in InOrder (root=0x55555576fe90) at splay.cpp:252
#4  0x0000555555557b0d in InOrder (root=0x5555557c2c10) at splay.cpp:254
#5  0x0000555555557abd in InOrder (root=0x5555557786f0) at splay.cpp:252
#6  0x0000555555557abd in InOrder (root=0x555555578dd0) at splay.cpp:252
#7  0x0000555555557abd in InOrder (root=0x5555558453b0) at splay.cpp:252
#8  0x0000555555557abd in InOrder (root=0x555555861310) at splay.cpp:252
#9  0x0000555555557b0d in InOrder (root=0x5555555e3e90) at splay.cpp:254
#10 0x0000555555557b0d in InOrder (root=0x55555586c570) at splay.cpp:254
#11 0x0000555555557abd in InOrder (root=0x55555586d9b0) at splay.cpp:252
#12 0x0000555555557abd in InOrder (root=0x55555586db10) at splay.cpp:252
#13 0x0000555555557b0d in InOrder (root=0x555555832a50) at splay.cpp:254
#14 0x0000555555557b0d in InOrder (root=0x5555557414d0) at splay.cpp:254
#15 0x0000555555557b0d in InOrder (root=0x555555702010) at splay.cpp:254
#16 0x0000555555557abd in InOrder (root=0x5555558751f0) at splay.cpp:252
#17 0x0000555555557abd in InOrder (root=0x5555556ac8d0) at splay.cpp:252
#18 0x0000555555557b0d in InOrder (root=0x555555879eb0) at splay.cpp:254
#19 0x0000555555557b0d in InOrder (root=0x5555556facf0) at splay.cpp:254
#20 0x0000555555557abd in InOrder (root=0x55555587ae30) at splay.cpp:252
#21 0x0000555555557b0d in InOrder (root=0x55555587a470) at splay.cpp:254
#22 0x0000555555557abd in InOrder (root=0x555555647990) at splay.cpp:252
#23 0x0000555555557b0d in InOrder (root=0x55555587c270) at splay.cpp:254
#24 0x0000555555557b0d in InOrder (root=0x555555756b30) at splay.cpp:254
#25 0x0000555555557abd in InOrder (root=0x55555582ba50) at splay.cpp:252
#26 0x0000555555557abd in InOrder (root=0x55555587c770) at splay.cpp:252
#27 0x0000555555557abd in InOrder (root=0x55555587d150) at splay.cpp:252
#28 0x0000555555557b0d in InOrder (root=0x55555561f0d0) at splay.cpp:254
#29 0x0000555555557abd in InOrder (root=0x55555566cc10) at splay.cpp:252
#30 0x0000555555557b0d in InOrder (root=0x5555555c3930) at splay.cpp:254
#31 0x0000555555557b0d in InOrder (root=0x55555570e5f0) at splay.cpp:254
#32 0x0000555555557b0d in InOrder (root=0x55555572ac10) at splay.cpp:254
#33 0x0000555555557b0d in InOrder (root=0x555555748390) at splay.cpp:254
#34 0x0000555555557b0d in InOrder (root=0x55555587dbf0) at splay.cpp:254
#35 0x0000555555557b0d in InOrder (root=0x55555587dc90) at splay.cpp:254
#36 0x0000555555557abd in InOrder (root=0x555555696ef0) at splay.cpp:252
#37 0x0000555555557abd in InOrder (root=0x55555587dcd0) at splay.cpp:252
#38 0x00005555555564fe in main (argc=3, argv=0x7fffffffdfb8) at main.cpp:35

247	
248	void InOrder(splay* root)
249	{
250		if(root)
251		{
252			InOrder(root->lchild);
253			std::cout<<std::bitset<16>(root->key)<<std::endl;
254			InOrder(root->rchild);
255		}
256	}

Backtrace END
Fliping a bit of the value pointed by a pointer
Fliping value of field: key
Memory content before bitflip:0x390x1b0x190x00
Fault Model: Zero bit-flip
base address to flip value: 0x55555582ba50
address max offset: 4
Memory content after  bitflip:0x000x000x000x00
frame name: InOrder
symbol name: root
symbol filename: splay.cpp
symbol line: 248
value: 0x55555582ba50
value address: 0x7fffffffd9c8
Type: The type is a pointer.
Type sizeof: 8

[INFO -- 2018-12-01 01:44:11]
Fault Injection Successful after 0.9959356784820557s
[INFO -- 2018-12-01 01:44:12]
event type: exit
[INFO -- 2018-12-01 01:44:12]
exit code: 0
