[INFO -- 2018-10-11 23:28:25]
Starting flip_value script
version: 1.1
[INFO -- 2018-10-11 23:28:25]
Initialization strings:
[INFO -- 2018-10-11 23:28:25]
(1) file /tmp/BTree/main
[INFO -- 2018-10-11 23:28:25]
(2)  set args /tmp/BTree/input_100000 /tmp/BTree/output_100000
[INFO -- 2018-10-11 23:28:25]
initSignal:0
[INFO -- 2018-10-11 23:28:25]
endSignal:2
[INFO -- 2018-10-11 23:28:25]
faultModel:2
[INFO -- 2018-10-11 23:28:25]
Backtrace BEGIN:
#0  0x0000555555556032 in BTreeNode::insertNonFull (this=0x555555a27320, k=3714182) at BTree.cpp:522
#1  0x0000555555555f18 in BTree::insert (this=0x7fffffffddc0, k=3714182) at BTree.cpp:487
#2  0x0000555555556601 in main (argc=3, argv=0x7fffffffded8) at BTree.cpp:665

517			// Find the child which is going to have the new key
518			while (i >= 0 && keys[i] > k)
519				i--;
520	
521			// See if the found child is full
522			if (C[i+1]->n == 2*t-1)
523			{
524				// If the child is full, then split it
525				splitChild(i+1, C[i+1]);
526	

Backtrace END
Memory content before bitflip:0x030x000x000x00
Fault Model: Random bit-flip
base address to flip value: 0x7fffffffddac
address max offset: 4
Memory content after  bitflip:0xa50x910x5e0xd8
frame name: main
symbol name: argc
symbol filename: BTree.cpp
symbol line: 650
value: -664890971
value address: 0x7fffffffddac
Type: The type is an integer type.
Type sizeof: 4

[INFO -- 2018-10-11 23:28:25]
Fault Injection Successful after 0.5945887565612793s
[INFO -- 2018-10-11 23:28:25]
event type: exit
[INFO -- 2018-10-11 23:28:25]
exit code: 0
