[INFO -- 2018-12-01 01:24:50]
Starting flip_value script
version: 1.1
[INFO -- 2018-12-01 01:24:50]
Initialization strings:
[INFO -- 2018-12-01 01:24:50]
(1) file /tmp/splay/main
[INFO -- 2018-12-01 01:24:50]
(2) set args /tmp/splay/input_100000 /tmp/splay/output_100000
[INFO -- 2018-12-01 01:24:50]
initSignal:0
[INFO -- 2018-12-01 01:24:50]
endSignal:5
[INFO -- 2018-12-01 01:24:50]
faultModel:2
[EXCEPTION -- 2018-12-01 01:24:50]
pythonException: Unable to exit loop in struct fields; Exiting wihtout making a bit flip
[EXCEPTION -- 2018-12-01 01:24:50]
pythonException: Unable to exit loop in struct fields; Exiting wihtout making a bit flip
[INFO -- 2018-12-01 01:24:51]
event type: exit
[INFO -- 2018-12-01 01:24:51]
exit code: 0
