[INFO -- 2018-10-11 23:58:20]
sending 5 signals using command: 'killall -2 main' after 1.81413963634s
[INFO -- 2018-10-11 23:58:20]
sending 5 signals using command: 'killall -2 main' after 1.85067023433s
[INFO -- 2018-10-11 23:58:20]
sending 5 signals using command: 'killall -2 main' after 1.95395929976s
[INFO -- 2018-10-11 23:58:20]
Starting GDB script
[INFO -- 2018-10-11 23:58:20]
initSignal:0.0
[INFO -- 2018-10-11 23:58:20]
endSignal:2.0
[INFO -- 2018-10-11 23:58:21]
sending 5 signals using command: 'killall -2 main' after 0.794279318499s
[INFO -- 2018-10-11 23:58:21]
sending 5 signals using command: 'killall -2 main' after 1.12231327487s
[INFO -- 2018-10-11 23:58:21]
sending 5 signals using command: 'killall -2 main' after 1.32644940659s
[INFO -- 2018-10-11 23:58:21]
Execution finished before waitTime
