[INFO -- 2018-12-01 05:05:37]
sending 5 signals using command: 'killall -2 main' after 3.09646557881s
[INFO -- 2018-12-01 05:05:38]
sending 5 signals using command: 'killall -2 main' after 4.11283602268s
[INFO -- 2018-12-01 05:05:39]
sending 5 signals using command: 'killall -2 main' after 4.63696392616s
[INFO -- 2018-12-01 05:05:39]
Starting GDB script
[INFO -- 2018-12-01 05:05:39]
initSignal:0.0
[INFO -- 2018-12-01 05:05:39]
endSignal:5.0
[INFO -- 2018-12-01 05:05:39]
sending 5 signals using command: 'killall -2 main' after 0.10703140442s
[INFO -- 2018-12-01 05:05:40]
sending 5 signals using command: 'killall -2 main' after 0.656514331702s
[INFO -- 2018-12-01 05:05:40]
sending 5 signals using command: 'killall -2 main' after 1.14109136585s
[INFO -- 2018-12-01 05:05:41]
Execution finished before waitTime
