[INFO -- 2018-11-26 00:33:35]
Starting flip_value script
version: 1.1
[INFO -- 2018-11-26 00:33:35]
Initialization strings:
[INFO -- 2018-11-26 00:33:35]
(1) file /tmp/BTree-dup/main
[INFO -- 2018-11-26 00:33:35]
(2)  set args /tmp/BTree-dup/input_100000 /tmp/BTree-dup/output_100000 /tmp/BTree-dup-detection.log /tmp/BTree-dup/output2_100000
[INFO -- 2018-11-26 00:33:35]
initSignal:0
[INFO -- 2018-11-26 00:33:35]
endSignal:2
[INFO -- 2018-11-26 00:33:35]
faultModel:3
[INFO -- 2018-11-26 00:33:36]
Backtrace BEGIN:
#0  0x0000555555556bfd in runner (input=0x7fffffffe22a "/tmp/BTree-dup/input_100000") at BTree_dup.cpp:664
#1  0x0000555555556f7a in main (argc=5, argv=0x7fffffffde68) at BTree_dup.cpp:712

659	    istream_iterator<int> start(is), end;
660	    vector<int> v_nodes(start, end);
661	
662	    //insere na arvore
663	    for(int i = 0; i < v_nodes.size(); i++)
664	        bTree.insert(v_nodes[i]);
665	
666	    return bTree;
667	}
668	

Backtrace END
Memory content before bitflip:0x050x000x000x00
Fault Model: Zero bit-flip
base address to flip value: 0x7fffffffdd1c
address max offset: 4
Memory content after  bitflip:0x000x000x000x00
frame name: main
symbol name: argc
symbol filename: BTree_dup.cpp
symbol line: 691
value: 0
value address: 0x7fffffffdd1c
Type: The type is an integer type.
Type sizeof: 4

[INFO -- 2018-11-26 00:33:36]
Fault Injection Successful after 1.6710331439971924s
[INFO -- 2018-11-26 00:33:37]
event type: exit
[INFO -- 2018-11-26 00:33:37]
exit code: 0
