[INFO -- 2018-11-25 16:37:41]
Starting flip_value script
version: 1.1
[INFO -- 2018-11-25 16:37:41]
Initialization strings:
[INFO -- 2018-11-25 16:37:41]
(1) file /tmp/BTree-dup/main
[INFO -- 2018-11-25 16:37:41]
(2)  set args /tmp/BTree-dup/input_100000 /tmp/BTree-dup/output_100000 /tmp/BTree-dup-detection.log /tmp/BTree-dup/output2_100000
[INFO -- 2018-11-25 16:37:41]
initSignal:0
[INFO -- 2018-11-25 16:37:41]
endSignal:2
[INFO -- 2018-11-25 16:37:41]
faultModel:2
[INFO -- 2018-11-25 16:37:42]
Backtrace BEGIN:
#0  0x000055555555656b in BTreeNode::insertNonFull (this=0x5555557a21a0, k=329423) at BTree_dup.cpp:520
#1  0x0000555555556639 in BTreeNode::insertNonFull (this=0x555555815c40, k=329423) at BTree_dup.cpp:535
#2  0x0000555555556478 in BTree::insert (this=0x7fffffffda50, k=329423) at BTree_dup.cpp:489
#3  0x0000555555556c25 in runner (input=0x7fffffffe22a "/tmp/BTree-dup/input_100000") at BTree_dup.cpp:664
#4  0x0000555555556f51 in main (argc=5, argv=0x7fffffffde68) at BTree_dup.cpp:711

515			n = n+1;
516		}
517		else // If this node is not leaf
518		{
519			// Find the child which is going to have the new key
520			while (i >= 0 && keys[i] > k)
521				i--;
522	
523			// See if the found child is full
524			if (C[i+1]->n == 2*t-1)

Backtrace END
Memory content before bitflip:0x050x000x000x00
Fault Model: Random bit-flip
base address to flip value: 0x7fffffffdd1c
address max offset: 4
Memory content after  bitflip:0x450x270x480xd5
frame name: main
symbol name: argc
symbol filename: BTree_dup.cpp
symbol line: 691
value: -716691643
value address: 0x7fffffffdd1c
Type: The type is an integer type.
Type sizeof: 4

[INFO -- 2018-11-25 16:37:42]
Fault Injection Successful after 1.3047075271606445s
[INFO -- 2018-11-25 16:37:43]
event type: exit
[INFO -- 2018-11-25 16:37:43]
exit code: 0
