[INFO -- 2018-10-18 00:34:39]
Starting flip_value script
version: 1.1
[INFO -- 2018-10-18 00:34:39]
Initialization strings:
[INFO -- 2018-10-18 00:34:39]
(1) file /tmp/Tree234/main
[INFO -- 2018-10-18 00:34:39]
(2) set args /tmp/Tree234/input_50000 /tmp/Tree234/output_50000
[INFO -- 2018-10-18 00:34:39]
initSignal:0
[INFO -- 2018-10-18 00:34:39]
endSignal:2
[INFO -- 2018-10-18 00:34:39]
faultModel:0
[INFO -- 2018-10-18 00:34:39]
Backtrace BEGIN:
#0  0x00007ffff7de36b6 in elf_machine_rela (skip_ifunc=<optimized out>, reloc_addr_arg=0x7ffff7dc9af8, version=0x7ffff7fd81c8, sym=0x7ffff7a66378, reloc=0x7ffff7ac9be0, map=0x7ffff7ff74d0) at ../sysdeps/x86_64/dl-machine.h:301
#1  elf_dynamic_do_Rela (skip_ifunc=<optimized out>, lazy=<optimized out>, nrelative=<optimized out>, relsize=<optimized out>, reladdr=<optimized out>, map=0x7ffff7ff74d0) at do-rel.h:137
#2  _dl_relocate_object (scope=<optimized out>, reloc_mode=<optimized out>, consider_profiling=<optimized out>, consider_profiling@entry=0) at dl-reloc.c:258
#3  0x00007ffff7ddb0db in dl_main (phdr=<optimized out>, phnum=<optimized out>, user_entry=<optimized out>, auxv=<optimized out>) at rtld.c:2109
#4  0x00007ffff7df0632 in _dl_sysdep_start (start_argptr=start_argptr@entry=0x7fffffffde70, dl_main=dl_main@entry=0x7ffff7dd91e0 <dl_main>) at ../elf/dl-sysdep.c:249
#5  0x00007ffff7dd8c2a in _dl_start_final (arg=0x7fffffffde70) at rtld.c:323
#6  _dl_start (arg=0x7fffffffde70) at rtld.c:429
#7  0x00007ffff7dd7c38 in _start () from /lib64/ld-linux-x86-64.so.2
#8  0x0000000000000003 in ?? ()
#9  0x00007fffffffe20c in ?? ()
#10 0x00007fffffffe21e in ?? ()
#11 0x00007fffffffe237 in ?? ()
#12 0x0000000000000000 in ?? ()

296	in ../sysdeps/x86_64/dl-machine.h

Backtrace END
Fliping array at pos: 3
Memory content before bitflip:0x6d
Fault Model: Single bit-flip
base address to flip value: 0x7ffff7df8133  
address max offset: 1
Memory content after  bitflip:0x6f
frame name: dl_main
symbol name: __PRETTY_FUNCTION__
symbol filename: rtld.c
symbol line: 0
value: "dl_oain"
value address: 0x7ffff7df8130 <__PRETTY_FUNCTION__.10256>
Type: The type is an array.
Type sizeof: 8
Field name: None
Field Type: A range type, that is, an integer type with bounds.
Field Type sizeof: 8
Field Type range: (0, 7)

[INFO -- 2018-10-18 00:34:39]
Fault Injection Successful after 0.44860100746154785s
[INFO -- 2018-10-18 00:34:39]
event type: exit
[INFO -- 2018-10-18 00:34:39]
exit code: 0
