[INFO -- 2018-12-09 16:26:22]
sending 5 signals using command: 'killall -2 main' after 4.17898135043s
[INFO -- 2018-12-09 16:26:22]
sending 5 signals using command: 'killall -2 main' after 4.50462133073s
[INFO -- 2018-12-09 16:26:23]
sending 5 signals using command: 'killall -2 main' after 4.74700916969s
[INFO -- 2018-12-09 16:26:23]
Starting GDB script
[INFO -- 2018-12-09 16:26:23]
initSignal:0.0
[INFO -- 2018-12-09 16:26:23]
endSignal:5.0
[INFO -- 2018-12-09 16:26:24]
sending 5 signals using command: 'killall -2 main' after 1.77257822849s
[INFO -- 2018-12-09 16:26:25]
sending 5 signals using command: 'killall -2 main' after 2.12642592434s
[INFO -- 2018-12-09 16:26:25]
sending 5 signals using command: 'killall -2 main' after 2.13988742268s
[INFO -- 2018-12-09 16:26:26]
Execution finished before waitTime
