[INFO -- 2018-12-01 04:40:08]
Starting flip_value script
version: 1.1
[INFO -- 2018-12-01 04:40:08]
Initialization strings:
[INFO -- 2018-12-01 04:40:08]
(1) file /tmp/splay/main
[INFO -- 2018-12-01 04:40:08]
(2) set args /tmp/splay/input_100000 /tmp/splay/output_100000
[INFO -- 2018-12-01 04:40:08]
initSignal:0
[INFO -- 2018-12-01 04:40:08]
endSignal:5
[INFO -- 2018-12-01 04:40:08]
faultModel:1
[INFO -- 2018-12-01 04:40:08]
Backtrace BEGIN:
#0  0x00007ffff7d34fd4 in __GI___libc_write (fd=1, buf=0x55555587dcf0, nbytes=17) at ../sysdeps/unix/sysv/linux/write.c:26
#1  0x00007ffff7cb633d in _IO_new_file_write (f=0x7ffff7e10760 <_IO_2_1_stdout_>, data=0x55555587dcf0, n=17) at fileops.c:1183
#2  0x00007ffff7cb7a71 in new_do_write (to_do=17, data=0x55555587dcf0 "0101011100101110\n", fp=0x7ffff7e10760 <_IO_2_1_stdout_>) at libioP.h:839
#3  _IO_new_do_write (fp=0x7ffff7e10760 <_IO_2_1_stdout_>, data=0x55555587dcf0 "0101011100101110\n", to_do=17) at fileops.c:433
#4  0x00007ffff7cb56f8 in _IO_new_file_sync (fp=0x7ffff7e10760 <_IO_2_1_stdout_>) at fileops.c:819
#5  0x00007ffff7caa32d in __GI__IO_fflush (fp=0x7ffff7e10760 <_IO_2_1_stdout_>) at libioP.h:839
#6  0x00007ffff7f4201e in std::ostream::flush() () from /usr/lib/x86_64-linux-gnu/libstdc++.so.6
#7  0x0000555555557afd in InOrder (root=0x5555557fff30) at splay.cpp:253
#8  0x0000555555557abd in InOrder (root=0x55555564abd0) at splay.cpp:252
#9  0x0000555555557abd in InOrder (root=0x555555850570) at splay.cpp:252
#10 0x0000555555557b0d in InOrder (root=0x555555798b10) at splay.cpp:254
#11 0x0000555555557b0d in InOrder (root=0x55555584cff0) at splay.cpp:254
#12 0x0000555555557abd in InOrder (root=0x555555652e50) at splay.cpp:252
#13 0x0000555555557abd in InOrder (root=0x55555567a990) at splay.cpp:252
#14 0x0000555555557abd in InOrder (root=0x555555872190) at splay.cpp:252
#15 0x0000555555557abd in InOrder (root=0x555555689730) at splay.cpp:252
#16 0x0000555555557abd in InOrder (root=0x555555879a10) at splay.cpp:252
#17 0x0000555555557abd in InOrder (root=0x55555572a310) at splay.cpp:252
#18 0x0000555555557abd in InOrder (root=0x5555557beaf0) at splay.cpp:252
#19 0x0000555555557b0d in InOrder (root=0x5555557bcf90) at splay.cpp:254
#20 0x0000555555557abd in InOrder (root=0x555555855290) at splay.cpp:252
#21 0x0000555555557abd in InOrder (root=0x55555587c7d0) at splay.cpp:252
#22 0x0000555555557abd in InOrder (root=0x55555587ca90) at splay.cpp:252
#23 0x0000555555557b0d in InOrder (root=0x5555555fc470) at splay.cpp:254
#24 0x0000555555557abd in InOrder (root=0x55555587d050) at splay.cpp:252
#25 0x0000555555557abd in InOrder (root=0x55555564ccd0) at splay.cpp:252
#26 0x0000555555557b0d in InOrder (root=0x55555587d990) at splay.cpp:254
#27 0x0000555555557abd in InOrder (root=0x55555587da70) at splay.cpp:252
#28 0x0000555555557abd in InOrder (root=0x5555555eff30) at splay.cpp:252
#29 0x0000555555557abd in InOrder (root=0x555555602730) at splay.cpp:252
#30 0x0000555555557abd in InOrder (root=0x55555587daf0) at splay.cpp:252
#31 0x0000555555557abd in InOrder (root=0x55555587db70) at splay.cpp:252
#32 0x0000555555557abd in InOrder (root=0x555555602350) at splay.cpp:252
#33 0x0000555555557abd in InOrder (root=0x55555574fdf0) at splay.cpp:252
#34 0x0000555555557abd in InOrder (root=0x555555683210) at splay.cpp:252
#35 0x0000555555557abd in InOrder (root=0x55555587dc90) at splay.cpp:252
#36 0x0000555555557abd in InOrder (root=0x555555696ef0) at splay.cpp:252
#37 0x0000555555557abd in InOrder (root=0x55555587dcd0) at splay.cpp:252
#38 0x00005555555564fe in main (argc=3, argv=0x7fffffffdfb8) at main.cpp:35

21	in ../sysdeps/unix/sysv/linux/write.c

Backtrace END
Fliping value of field: _M_value
Memory content before bitflip:0x000x000x000x00
Fault Model: Double bit-flip
base address to flip value: 0x7fffffffdc68
address max offset: 4
Memory content after  bitflip:0x120x000x000x00
frame name: main
symbol name: end
symbol filename: main.cpp
symbol line: 26
value: {<std::iterator<std::input_iterator_tag, int, long, int const*, int const&>> = {<No data fields>}, _M_stream = 0x0, _M_value = 18, _M_ok = false}
value address: 0x7fffffffdc60
Type: The type is a structure.
Type sizeof: 16
Field name: std::iterator<std::input_iterator_tag, int, long, int const*, int const&>
Field Type: The type is a structure.
Field Type sizeof: 1
Field name: _M_stream
Field Type: The type is a pointer.
Field Type sizeof: 8
Field name: _M_value
Field Type: The type is an integer type.
Field Type sizeof: 4
Field name: _M_ok
Field Type: A boolean type.
Field Type sizeof: 1

[INFO -- 2018-12-01 04:40:08]
Fault Injection Successful after 0.6171658039093018s
[INFO -- 2018-12-01 04:40:08]
event type: exit
[INFO -- 2018-12-01 04:40:08]
exit code: 0
