[INFO -- 2018-11-30 17:41:59]
Starting flip_value script
version: 1.1
[INFO -- 2018-11-30 17:41:59]
Initialization strings:
[INFO -- 2018-11-30 17:41:59]
(1) file /tmp/splay/main
[INFO -- 2018-11-30 17:41:59]
(2) set args /tmp/splay/input_100000 /tmp/splay/output_100000
[INFO -- 2018-11-30 17:41:59]
initSignal:0
[INFO -- 2018-11-30 17:41:59]
endSignal:5
[INFO -- 2018-11-30 17:41:59]
faultModel:3
[EXCEPTION -- 2018-11-30 17:41:59]
pythonException: Unable to exit loop in struct fields; Exiting wihtout making a bit flip
[EXCEPTION -- 2018-11-30 17:42:00]
pythonException: Unable to exit loop in struct fields; Exiting wihtout making a bit flip
[INFO -- 2018-11-30 17:42:00]
event type: exit
[INFO -- 2018-11-30 17:42:00]
exit code: 0
