[INFO -- 2018-10-12 01:56:58]
Starting flip_value script
version: 1.1
[INFO -- 2018-10-12 01:56:58]
Initialization strings:
[INFO -- 2018-10-12 01:56:58]
(1) file /tmp/BTree/main
[INFO -- 2018-10-12 01:56:58]
(2)  set args /tmp/BTree/input_100000 /tmp/BTree/output_100000
[INFO -- 2018-10-12 01:56:58]
initSignal:0
[INFO -- 2018-10-12 01:56:58]
endSignal:2
[INFO -- 2018-10-12 01:56:58]
faultModel:0
[INFO -- 2018-10-12 01:56:58]
Backtrace BEGIN:
#0  0x00005555555550b0 in std::ostream::operator<<(std::ostream& (*)(std::ostream&))@plt ()
#1  0x00005555555563c7 in BTreeNode::traverse (this=0x5555558e0350) at BTree.cpp:592
#2  0x00005555555563ff in BTreeNode::traverse (this=0x5555558f1270) at BTree.cpp:597
#3  0x00005555555563ff in BTreeNode::traverse (this=0x5555558f3af0) at BTree.cpp:597
#4  0x00005555555563ff in BTreeNode::traverse (this=0x555555863d30) at BTree.cpp:597
#5  0x00005555555563ff in BTreeNode::traverse (this=0x5555557e0f00) at BTree.cpp:597
#6  0x00005555555563ff in BTreeNode::traverse (this=0x55555595e470) at BTree.cpp:597
#7  0x0000555555556377 in BTreeNode::traverse (this=0x555555a27290) at BTree.cpp:591
#8  0x0000555555556377 in BTreeNode::traverse (this=0x555555a273b0) at BTree.cpp:591
#9  0x00005555555563ff in BTreeNode::traverse (this=0x555555a27320) at BTree.cpp:597
#10 0x0000555555556851 in BTree::traverse (this=0x7fffffffddc0) at BTree.cpp:137
#11 0x0000555555556630 in main (argc=3, argv=0x7fffffffded8) at BTree.cpp:668

637				root = NULL;
638			else
639				root = root->C[0];
640	
641			// Free the old root
642			delete tmp;
643		}
644		return;
645	}
646	

Backtrace END
Memory content before bitflip:0x020x000x000x00
Fault Model: Single bit-flip
base address to flip value: 0x7fffffffdc5c
address max offset: 4
Memory content after  bitflip:0x020x000x800x00
frame name: BTreeNode::traverse
symbol name: i
symbol filename: BTree.cpp
symbol line: 585
value: 8388610
value address: 0x7fffffffdc5c
Type: The type is an integer type.
Type sizeof: 4

[INFO -- 2018-10-12 01:56:58]
Fault Injection Successful after 0.6975321769714355s
[INFO -- 2018-10-12 01:56:58]
event type: exit
[INFO -- 2018-10-12 01:56:58]
exit code: 0
