[INFO -- 2018-12-01 00:34:21]
Starting flip_value script
version: 1.1
[INFO -- 2018-12-01 00:34:21]
Initialization strings:
[INFO -- 2018-12-01 00:34:22]
(1) file /tmp/splay/main
[INFO -- 2018-12-01 00:34:22]
(2) set args /tmp/splay/input_100000 /tmp/splay/output_100000
[INFO -- 2018-12-01 00:34:22]
initSignal:0
[INFO -- 2018-12-01 00:34:22]
endSignal:5
[INFO -- 2018-12-01 00:34:22]
faultModel:0
[EXCEPTION -- 2018-12-01 00:34:22]
gdbException: Attempt to dereference a generic pointer.
[INFO -- 2018-12-01 00:34:22]
event type: exit
[INFO -- 2018-12-01 00:34:22]
exit code: 0
