[INFO -- 2018-12-01 07:34:41]
sending 5 signals using command: 'killall -2 main' after 1.82937845123s
[INFO -- 2018-12-01 07:34:43]
sending 5 signals using command: 'killall -2 main' after 3.46902606392s
[INFO -- 2018-12-01 07:34:44]
sending 5 signals using command: 'killall -2 main' after 4.22119126275s
[INFO -- 2018-12-01 07:34:44]
Starting GDB script
[INFO -- 2018-12-01 07:34:44]
initSignal:0.0
[INFO -- 2018-12-01 07:34:44]
endSignal:5.0
[INFO -- 2018-12-01 07:34:44]
sending 5 signals using command: 'killall -2 main' after 0.166235656246s
[INFO -- 2018-12-01 07:34:45]
sending 5 signals using command: 'killall -2 main' after 1.01194328822s
[INFO -- 2018-12-01 07:34:45]
sending 5 signals using command: 'killall -2 main' after 1.31689837637s
[INFO -- 2018-12-01 07:34:45]
Execution finished before waitTime
