[INFO -- 2018-12-01 00:18:07]
Starting flip_value script
version: 1.1
[INFO -- 2018-12-01 00:18:07]
Initialization strings:
[INFO -- 2018-12-01 00:18:07]
(1) file /tmp/splay/main
[INFO -- 2018-12-01 00:18:07]
(2) set args /tmp/splay/input_100000 /tmp/splay/output_100000
[INFO -- 2018-12-01 00:18:07]
initSignal:0
[INFO -- 2018-12-01 00:18:07]
endSignal:5
[INFO -- 2018-12-01 00:18:07]
faultModel:3
[EXCEPTION -- 2018-12-01 00:18:08]
pythonException: Unable to exit loop in struct fields; Exiting wihtout making a bit flip
[EXCEPTION -- 2018-12-01 00:18:08]
pythonException: Unable to exit loop in struct fields; Exiting wihtout making a bit flip
[EXCEPTION -- 2018-12-01 00:18:08]
pythonException: Unable to exit loop in struct fields; Exiting wihtout making a bit flip
[INFO -- 2018-12-01 00:18:08]
Backtrace BEGIN:
#0  0x0000555555557f03 in std::bitset<16ul>::_Unchecked_test (this=0x7fffffffd850, __pos=15) at /usr/include/c++/8/bitset:1062
#1  0x0000555555557eb3 in std::bitset<16ul>::_M_copy_to_string<char, std::char_traits<char>, std::allocator<char> > (this=0x7fffffffd850, __s='0' <repeats 16 times>, __zero=48 '0', __one=49 '1') at /usr/include/c++/8/bitset:1413
#2  0x0000555555557ded in std::operator<< <char, std::char_traits<char>, 16ul> (__os=..., __x=std::bitset = {...}) at /usr/include/c++/8/bitset:1542
#3  0x0000555555557ae8 in InOrder (root=0x555555805d30) at splay.cpp:253
#4  0x0000555555557b0d in InOrder (root=0x5555557f7790) at splay.cpp:254
#5  0x0000555555557abd in InOrder (root=0x5555555f6ed0) at splay.cpp:252
#6  0x0000555555557abd in InOrder (root=0x55555585ebb0) at splay.cpp:252
#7  0x0000555555557b0d in InOrder (root=0x55555586b090) at splay.cpp:254
#8  0x0000555555557b0d in InOrder (root=0x5555556f2ff0) at splay.cpp:254
#9  0x0000555555557b0d in InOrder (root=0x55555587a1f0) at splay.cpp:254
#10 0x0000555555557abd in InOrder (root=0x555555699630) at splay.cpp:252
#11 0x0000555555557b0d in InOrder (root=0x555555724690) at splay.cpp:254
#12 0x0000555555557abd in InOrder (root=0x55555587aeb0) at splay.cpp:252
#13 0x0000555555557b0d in InOrder (root=0x55555587bdf0) at splay.cpp:254
#14 0x0000555555557abd in InOrder (root=0x55555587aff0) at splay.cpp:252
#15 0x0000555555557abd in InOrder (root=0x55555587d690) at splay.cpp:252
#16 0x0000555555557b0d in InOrder (root=0x555555802850) at splay.cpp:254
#17 0x0000555555557abd in InOrder (root=0x55555587d890) at splay.cpp:252
#18 0x0000555555557abd in InOrder (root=0x55555587dbd0) at splay.cpp:252
#19 0x0000555555557b0d in InOrder (root=0x55555568bd90) at splay.cpp:254
#20 0x0000555555557b0d in InOrder (root=0x55555587dcb0) at splay.cpp:254
#21 0x0000555555557b0d in InOrder (root=0x555555693810) at splay.cpp:254
#22 0x0000555555557b0d in InOrder (root=0x555555634c10) at splay.cpp:254
#23 0x0000555555557b0d in InOrder (root=0x55555587dcd0) at splay.cpp:254
#24 0x00005555555564fe in main (argc=3, argv=0x7fffffffdfb8) at main.cpp:35

1057		return *this;
1058	      }
1059	
1060	      _GLIBCXX_CONSTEXPR bool
1061	      _Unchecked_test(size_t __pos) const _GLIBCXX_NOEXCEPT
1062	      { return ((this->_M_getword(__pos) & _Base::_S_maskbit(__pos))
1063			!= static_cast<_WordT>(0)); }
1064	      //@}
1065	
1066	      // Set, reset, and flip.

Backtrace END
Fliping a bit of the value pointed by a pointer
Fliping value of field: lchild
Fliping a bit of the pointer
Memory content before bitflip:0x000x000x000x000x000x000x000x00
Fault Model: Zero bit-flip
base address to flip value: 0x55555587a1f8
address max offset: 8
Memory content after  bitflip:0x000x000x000x000x000x000x000x00
frame name: InOrder
symbol name: root
symbol filename: splay.cpp
symbol line: 248
value: 0x55555587a1f0
value address: 0x7fffffffd968
Type: The type is a pointer.
Type sizeof: 8

[INFO -- 2018-12-01 00:18:08]
Fault Injection Successful after 1.7550270557403564s
[INFO -- 2018-12-01 00:18:08]
event type: exit
[INFO -- 2018-12-01 00:18:08]
exit code: 0
