[INFO -- 2018-12-01 02:15:52]
Starting flip_value script
version: 1.1
[INFO -- 2018-12-01 02:15:52]
Initialization strings:
[INFO -- 2018-12-01 02:15:52]
(1) file /tmp/splay/main
[INFO -- 2018-12-01 02:15:52]
(2) set args /tmp/splay/input_100000 /tmp/splay/output_100000
[INFO -- 2018-12-01 02:15:52]
initSignal:0
[INFO -- 2018-12-01 02:15:52]
endSignal:5
[INFO -- 2018-12-01 02:15:52]
faultModel:0
[INFO -- 2018-12-01 02:15:53]
Backtrace BEGIN:
#0  0x00007ffff7f429d9 in std::ostream::put(char) () from /usr/lib/x86_64-linux-gnu/libstdc++.so.6
#1  0x00007ffff7f42c5f in std::basic_ostream<char, std::char_traits<char> >& std::endl<char, std::char_traits<char> >(std::basic_ostream<char, std::char_traits<char> >&) () from /usr/lib/x86_64-linux-gnu/libstdc++.so.6
#2  0x0000555555557afd in InOrder (root=0x555555873850) at splay.cpp:253
#3  0x0000555555557abd in InOrder (root=0x5555557bf9d0) at splay.cpp:252
#4  0x0000555555557b0d in InOrder (root=0x5555556118b0) at splay.cpp:254
#5  0x0000555555557abd in InOrder (root=0x555555874d70) at splay.cpp:252
#6  0x0000555555557abd in InOrder (root=0x555555710650) at splay.cpp:252
#7  0x0000555555557b0d in InOrder (root=0x5555558767b0) at splay.cpp:254
#8  0x0000555555557b0d in InOrder (root=0x555555872850) at splay.cpp:254
#9  0x0000555555557abd in InOrder (root=0x5555558349b0) at splay.cpp:252
#10 0x0000555555557abd in InOrder (root=0x55555587dc10) at splay.cpp:252
#11 0x0000555555557abd in InOrder (root=0x55555561e0f0) at splay.cpp:252
#12 0x0000555555557b0d in InOrder (root=0x5555557b0cd0) at splay.cpp:254
#13 0x0000555555557abd in InOrder (root=0x55555587dc70) at splay.cpp:252
#14 0x0000555555557abd in InOrder (root=0x555555774870) at splay.cpp:252
#15 0x0000555555557abd in InOrder (root=0x55555587dcb0) at splay.cpp:252
#16 0x0000555555557b0d in InOrder (root=0x555555693810) at splay.cpp:254
#17 0x0000555555557b0d in InOrder (root=0x555555634c10) at splay.cpp:254
#18 0x0000555555557b0d in InOrder (root=0x55555587dcd0) at splay.cpp:254
#19 0x00005555555564fe in main (argc=3, argv=0x7fffffffdfb8) at main.cpp:35

1	#include "splay.h"
2	#include <iostream>
3	
4	#include <algorithm>    // std::random_shuffle
5	#include <vector>       // std::vector
6	#include <cstdlib>      // std::rand, std::srand
7	#include <cstdio>
8	
9	#include <iterator>
10	#include <fstream>

Backtrace END
Fliping a bit of the pointer
Memory content before bitflip:0xb00x670x870x550x550x550x000x00
Fault Model: Single bit-flip
base address to flip value: 0x7fffffffd9f8
address max offset: 8
Memory content after  bitflip:0xb00x670x870x750x550x550x000x00
frame name: InOrder
symbol name: root
symbol filename: splay.cpp
symbol line: 248
value: 0x5555558767b0
value address: 0x7fffffffd9f8
Type: The type is a pointer.
Type sizeof: 8

[INFO -- 2018-12-01 02:15:53]
Fault Injection Successful after 1.001643419265747s
[INFO -- 2018-12-01 02:15:53]
event type: exit
[INFO -- 2018-12-01 02:15:53]
exit code: 0
