[INFO -- 2018-10-12 00:04:39]
Starting flip_value script
version: 1.1
[INFO -- 2018-10-12 00:04:39]
Initialization strings:
[INFO -- 2018-10-12 00:04:39]
(1) file /tmp/BTree/main
[INFO -- 2018-10-12 00:04:39]
(2)  set args /tmp/BTree/input_100000 /tmp/BTree/output_100000
[INFO -- 2018-10-12 00:04:39]
initSignal:0
[INFO -- 2018-10-12 00:04:39]
endSignal:2
[INFO -- 2018-10-12 00:04:39]
faultModel:4
[INFO -- 2018-10-12 00:04:39]
Backtrace BEGIN:
#0  0x00007ffff7af0194 in std::locale::locale(std::locale const&) () from /usr/lib/x86_64-linux-gnu/libstdc++.so.6
#1  0x000055555555673c in std::ios_base::getloc (this=0x555555758048 <std::cout@@GLIBCXX_3.4+8>) at /usr/include/c++/7/bits/ios_base.h:764
#2  0x00005555555568ed in std::operator<< <char, std::char_traits<char>, 16ul> (__os=..., __x=std::bitset = {...}) at /usr/include/c++/7/bitset:1537
#3  0x00005555555563b2 in BTreeNode::traverse (this=0x5555558ecb90) at BTree.cpp:592
#4  0x0000555555556377 in BTreeNode::traverse (this=0x5555558ed880) at BTree.cpp:591
#5  0x0000555555556377 in BTreeNode::traverse (this=0x5555559416a0) at BTree.cpp:591
#6  0x0000555555556377 in BTreeNode::traverse (this=0x555555b57310) at BTree.cpp:591
#7  0x00005555555563ff in BTreeNode::traverse (this=0x555555b6a900) at BTree.cpp:597
#8  0x0000555555556377 in BTreeNode::traverse (this=0x5555559e1060) at BTree.cpp:591
#9  0x0000555555556377 in BTreeNode::traverse (this=0x5555558124c0) at BTree.cpp:591
#10 0x00005555555563ff in BTreeNode::traverse (this=0x555555812430) at BTree.cpp:597
#11 0x0000555555556377 in BTreeNode::traverse (this=0x555555a27320) at BTree.cpp:591
#12 0x0000555555556851 in BTree::traverse (this=0x7fffffffddc0) at BTree.cpp:137
#13 0x0000555555556630 in main (argc=3, argv=0x7fffffffded8) at BTree.cpp:668

637				root = NULL;
638			else
639				root = root->C[0];
640	
641			// Free the old root
642			delete tmp;
643		}
644		return;
645	}
646	

Backtrace END
Fliping a bit of the value pointed by a pointer
Fliping value of field: keys
Fliping a bit of the value pointed by a pointer
Memory content before bitflip:0xe40x8e0x2c0x00
Fault Model: LSB bit-flip
base address to flip value: 0x555555a27350
address max offset: 4
Memory content after  bitflip:0xe40x8e0x2c0x40
frame name: BTreeNode::traverse
symbol name: this
symbol filename: BTree.cpp
symbol line: 0
value: 0x555555a27320
value address: 0x7fffffffdd48
Type: The type is a pointer.
Type sizeof: 8

[INFO -- 2018-10-12 00:04:39]
Fault Injection Successful after 0.9583792686462402s
[INFO -- 2018-10-12 00:04:40]
event type: exit
[INFO -- 2018-10-12 00:04:40]
exit code: 0
