[INFO -- 2018-10-12 06:24:41]
Starting flip_value script
version: 1.1
[INFO -- 2018-10-12 06:24:41]
Initialization strings:
[INFO -- 2018-10-12 06:24:41]
(1) file /tmp/BTree/main
[INFO -- 2018-10-12 06:24:41]
(2)  set args /tmp/BTree/input_100000 /tmp/BTree/output_100000
[INFO -- 2018-10-12 06:24:41]
initSignal:0
[INFO -- 2018-10-12 06:24:41]
endSignal:2
[INFO -- 2018-10-12 06:24:41]
faultModel:2
[EXCEPTION -- 2018-10-12 06:24:43]
gdbException: Tentativo de desreferenciar um ponteiro genérico.
[INFO -- 2018-10-12 06:24:43]
event type: exit
[INFO -- 2018-10-12 06:24:43]
exit code: 0
