[INFO -- 2018-10-12 01:10:56]
Starting flip_value script
version: 1.1
[INFO -- 2018-10-12 01:10:56]
Initialization strings:
[INFO -- 2018-10-12 01:10:56]
(1) file /tmp/BTree/main
[INFO -- 2018-10-12 01:10:56]
(2)  set args /tmp/BTree/input_100000 /tmp/BTree/output_100000
[INFO -- 2018-10-12 01:10:56]
initSignal:0
[INFO -- 2018-10-12 01:10:56]
endSignal:2
[INFO -- 2018-10-12 01:10:56]
faultModel:3
[EXCEPTION -- 2018-10-12 01:10:57]
pythonException: Unable to exit loop in struct fields; Exiting wihtout making a bit flip
[EXCEPTION -- 2018-10-12 01:10:57]
pythonException: Unable to exit loop in struct fields; Exiting wihtout making a bit flip
[INFO -- 2018-10-12 01:10:57]
event type: exit
[INFO -- 2018-10-12 01:10:57]
exit code: 0
