[INFO -- 2018-10-11 23:42:06]
Starting flip_value script
version: 1.1
[INFO -- 2018-10-11 23:42:06]
Initialization strings:
[INFO -- 2018-10-11 23:42:06]
(1) file /tmp/BTree/main
[INFO -- 2018-10-11 23:42:06]
(2)  set args /tmp/BTree/input_100000 /tmp/BTree/output_100000
[INFO -- 2018-10-11 23:42:06]
initSignal:0
[INFO -- 2018-10-11 23:42:06]
endSignal:2
[INFO -- 2018-10-11 23:42:06]
faultModel:0
[INFO -- 2018-10-11 23:42:06]
Backtrace BEGIN:
#0  0x00007ffff72b8530 in _int_malloc (av=av@entry=0x7ffff760fc40 <main_arena>, bytes=bytes@entry=20) at malloc.c:3720
#1  0x00007ffff72bb0fc in __GI___libc_malloc (bytes=20) at malloc.c:3057
#2  0x00007ffff7adf1a8 in operator new(unsigned long) () from /usr/lib/x86_64-linux-gnu/libstdc++.so.6
#3  0x000055555555532c in BTreeNode::BTreeNode (this=0x5555558e8e40, t1=3, leaf1=true) at BTree.cpp:162
#4  0x000055555555611b in BTreeNode::splitChild (this=0x555555813120, i=0, y=0x555555774a80) at BTree.cpp:543
#5  0x000055555555608d in BTreeNode::insertNonFull (this=0x555555813120, k=791815) at BTree.cpp:525
#6  0x00005555555560d9 in BTreeNode::insertNonFull (this=0x55555587e5e0, k=791815) at BTree.cpp:533
#7  0x00005555555560d9 in BTreeNode::insertNonFull (this=0x55555584dc80, k=791815) at BTree.cpp:533
#8  0x00005555555560d9 in BTreeNode::insertNonFull (this=0x5555557a8050, k=791815) at BTree.cpp:533
#9  0x00005555555560d9 in BTreeNode::insertNonFull (this=0x555555812310, k=791815) at BTree.cpp:533
#10 0x00005555555560d9 in BTreeNode::insertNonFull (this=0x55555579e990, k=791815) at BTree.cpp:533
#11 0x00005555555560d9 in BTreeNode::insertNonFull (this=0x555555812430, k=791815) at BTree.cpp:533
#12 0x0000555555555f18 in BTree::insert (this=0x7fffffffddc0, k=791815) at BTree.cpp:487
#13 0x0000555555556601 in main (argc=3, argv=0x7fffffffded8) at BTree.cpp:665

3715	malloc.c: Arquivo ou diretório inexistente.

Backtrace END
Fliping a bit of the value pointed by a pointer
Memory content before bitflip:0x41
Fault Model: Single bit-flip
base address to flip value: 0x7ffff72bb410 
address max offset: 1
Memory content after  bitflip:0x45
frame name: __GI___libc_malloc
symbol name: __memalign_hook
symbol filename: malloc.c
symbol line: 1871
value: 0x7ffff72bb410 <memalign_hook_ini>
value address: 0x7ffff760fc20 <__memalign_hook>
Type: The type is a pointer.
Type sizeof: 8

[INFO -- 2018-10-11 23:42:06]
Fault Injection Successful after 0.5154752731323242s
[INFO -- 2018-10-11 23:42:06]
event type: exit
[INFO -- 2018-10-11 23:42:06]
exit code: 0
