[INFO -- 2018-12-01 03:28:33]
Starting flip_value script
version: 1.1
[INFO -- 2018-12-01 03:28:33]
Initialization strings:
[INFO -- 2018-12-01 03:28:33]
(1) file /tmp/splay/main
[INFO -- 2018-12-01 03:28:33]
(2) set args /tmp/splay/input_100000 /tmp/splay/output_100000
[INFO -- 2018-12-01 03:28:33]
initSignal:0
[INFO -- 2018-12-01 03:28:33]
endSignal:5
[INFO -- 2018-12-01 03:28:33]
faultModel:3
[INFO -- 2018-12-01 03:28:34]
Backtrace BEGIN:
#0  0x00007ffff7ec0404 in __dynamic_cast () from /usr/lib/x86_64-linux-gnu/libstdc++.so.6
#1  0x00007ffff7f333fb in std::ctype<char> const& std::use_facet<std::ctype<char> >(std::locale const&) () from /usr/lib/x86_64-linux-gnu/libstdc++.so.6
#2  0x0000555555557da3 in std::operator<< <char, std::char_traits<char>, 16ul> (__os=..., __x=std::bitset = {...}) at /usr/include/c++/8/bitset:1541
#3  0x0000555555557ae8 in InOrder (root=0x55555571d810) at splay.cpp:253
#4  0x0000555555557b0d in InOrder (root=0x55555564f670) at splay.cpp:254
#5  0x0000555555557abd in InOrder (root=0x55555557f490) at splay.cpp:252
#6  0x0000555555557b0d in InOrder (root=0x5555557e3b70) at splay.cpp:254
#7  0x0000555555557b0d in InOrder (root=0x5555555fcfd0) at splay.cpp:254
#8  0x0000555555557b0d in InOrder (root=0x5555557c0e30) at splay.cpp:254
#9  0x0000555555557b0d in InOrder (root=0x555555583030) at splay.cpp:254
#10 0x0000555555557b0d in InOrder (root=0x555555878d70) at splay.cpp:254
#11 0x0000555555557abd in InOrder (root=0x55555560cb70) at splay.cpp:252
#12 0x0000555555557abd in InOrder (root=0x55555587b710) at splay.cpp:252
#13 0x0000555555557abd in InOrder (root=0x5555557dcd10) at splay.cpp:252
#14 0x0000555555557abd in InOrder (root=0x55555587c790) at splay.cpp:252
#15 0x0000555555557abd in InOrder (root=0x55555587cd90) at splay.cpp:252
#16 0x0000555555557b0d in InOrder (root=0x55555587bc70) at splay.cpp:254
#17 0x0000555555557abd in InOrder (root=0x555555770750) at splay.cpp:252
#18 0x0000555555557b0d in InOrder (root=0x55555587daf0) at splay.cpp:254
#19 0x0000555555557abd in InOrder (root=0x55555587db70) at splay.cpp:252
#20 0x0000555555557abd in InOrder (root=0x555555602350) at splay.cpp:252
#21 0x0000555555557abd in InOrder (root=0x55555574fdf0) at splay.cpp:252
#22 0x0000555555557abd in InOrder (root=0x555555683210) at splay.cpp:252
#23 0x0000555555557abd in InOrder (root=0x55555587dc90) at splay.cpp:252
#24 0x0000555555557abd in InOrder (root=0x555555696ef0) at splay.cpp:252
#25 0x0000555555557abd in InOrder (root=0x55555587dcd0) at splay.cpp:252
#26 0x00005555555564fe in main (argc=3, argv=0x7fffffffdfb8) at main.cpp:35

1	#include "splay.h"
2	#include <iostream>
3	
4	#include <algorithm>    // std::random_shuffle
5	#include <vector>       // std::vector
6	#include <cstdlib>      // std::rand, std::srand
7	#include <cstdio>
8	
9	#include <iterator>
10	#include <fstream>

Backtrace END
Fliping a bit of the value pointed by a pointer
Fliping value of field: key
Memory content before bitflip:0x930x270x120x00
Fault Model: Zero bit-flip
base address to flip value: 0x55555587dc90
address max offset: 4
Memory content after  bitflip:0x000x000x000x00
frame name: InOrder
symbol name: root
symbol filename: splay.cpp
symbol line: 248
value: 0x55555587dc90
value address: 0x7fffffffdba8
Type: The type is a pointer.
Type sizeof: 8

[INFO -- 2018-12-01 03:28:34]
Fault Injection Successful after 1.3512139320373535s
[INFO -- 2018-12-01 03:28:34]
event type: exit
[INFO -- 2018-12-01 03:28:34]
exit code: 0
