[INFO -- 2018-11-30 17:48:13]
Starting flip_value script
version: 1.1
[INFO -- 2018-11-30 17:48:13]
Initialization strings:
[INFO -- 2018-11-30 17:48:13]
(1) file /tmp/splay/main
[INFO -- 2018-11-30 17:48:13]
(2) set args /tmp/splay/input_100000 /tmp/splay/output_100000
[INFO -- 2018-11-30 17:48:13]
initSignal:0
[INFO -- 2018-11-30 17:48:13]
endSignal:5
[INFO -- 2018-11-30 17:48:13]
faultModel:3
[INFO -- 2018-11-30 17:48:13]
Backtrace BEGIN:
#0  0x0000555555557f27 in std::bitset<16ul>::_Unchecked_test (this=0x7fffffffd5e0, __pos=12) at /usr/include/c++/8/bitset:1063
#1  0x0000555555557eb3 in std::bitset<16ul>::_M_copy_to_string<char, std::char_traits<char>, std::allocator<char> > (this=0x7fffffffd5e0, __s="011", '0' <repeats 13 times>, __zero=48 '0', __one=49 '1') at /usr/include/c++/8/bitset:1413
#2  0x0000555555557ded in std::operator<< <char, std::char_traits<char>, 16ul> (__os=..., __x=std::bitset = {...}) at /usr/include/c++/8/bitset:1542
#3  0x0000555555557ae8 in InOrder (root=0x5555556b34d0) at splay.cpp:253
#4  0x0000555555557abd in InOrder (root=0x5555556dc0f0) at splay.cpp:252
#5  0x0000555555557b0d in InOrder (root=0x555555759830) at splay.cpp:254
#6  0x0000555555557b0d in InOrder (root=0x55555564ba30) at splay.cpp:254
#7  0x0000555555557abd in InOrder (root=0x55555565b310) at splay.cpp:252
#8  0x0000555555557b0d in InOrder (root=0x555555813cf0) at splay.cpp:254
#9  0x0000555555557abd in InOrder (root=0x5555557fac70) at splay.cpp:252
#10 0x0000555555557abd in InOrder (root=0x555555745070) at splay.cpp:252
#11 0x0000555555557b0d in InOrder (root=0x555555650270) at splay.cpp:254
#12 0x0000555555557b0d in InOrder (root=0x5555555f2690) at splay.cpp:254
#13 0x0000555555557abd in InOrder (root=0x5555556a0210) at splay.cpp:252
#14 0x0000555555557abd in InOrder (root=0x55555585e050) at splay.cpp:252
#15 0x0000555555557abd in InOrder (root=0x5555556c8130) at splay.cpp:252
#16 0x0000555555557b0d in InOrder (root=0x55555561ac30) at splay.cpp:254
#17 0x0000555555557b0d in InOrder (root=0x555555866bd0) at splay.cpp:254
#18 0x0000555555557b0d in InOrder (root=0x555555843630) at splay.cpp:254
#19 0x0000555555557b0d in InOrder (root=0x555555868ef0) at splay.cpp:254
#20 0x0000555555557abd in InOrder (root=0x5555557fcd50) at splay.cpp:252
#21 0x0000555555557abd in InOrder (root=0x555555875e30) at splay.cpp:252
#22 0x0000555555557abd in InOrder (root=0x55555568ab30) at splay.cpp:252
#23 0x0000555555557b0d in InOrder (root=0x555555757b30) at splay.cpp:254
#24 0x0000555555557b0d in InOrder (root=0x555555876ab0) at splay.cpp:254
#25 0x0000555555557abd in InOrder (root=0x555555878d50) at splay.cpp:252
#26 0x0000555555557abd in InOrder (root=0x55555566f7f0) at splay.cpp:252
#27 0x0000555555557abd in InOrder (root=0x55555587ad50) at splay.cpp:252
#28 0x0000555555557abd in InOrder (root=0x55555587ce70) at splay.cpp:252
#29 0x0000555555557abd in InOrder (root=0x55555587d5f0) at splay.cpp:252
#30 0x0000555555557abd in InOrder (root=0x55555570e5f0) at splay.cpp:252
#31 0x0000555555557b0d in InOrder (root=0x55555572ac10) at splay.cpp:254
#32 0x0000555555557b0d in InOrder (root=0x555555748390) at splay.cpp:254
#33 0x0000555555557b0d in InOrder (root=0x55555587dbf0) at splay.cpp:254
#34 0x0000555555557b0d in InOrder (root=0x55555587dc90) at splay.cpp:254
#35 0x0000555555557abd in InOrder (root=0x555555696ef0) at splay.cpp:252
#36 0x0000555555557abd in InOrder (root=0x55555587dcd0) at splay.cpp:252
#37 0x00005555555564fe in main (argc=3, argv=0x7fffffffdfb8) at main.cpp:35

1058	      }
1059	
1060	      _GLIBCXX_CONSTEXPR bool
1061	      _Unchecked_test(size_t __pos) const _GLIBCXX_NOEXCEPT
1062	      { return ((this->_M_getword(__pos) & _Base::_S_maskbit(__pos))
1063			!= static_cast<_WordT>(0)); }
1064	      //@}
1065	
1066	      // Set, reset, and flip.
1067	      /**

Backtrace END
Fliping a bit of the value pointed by a pointer
Fliping value of field: rchild
Fliping a bit of the pointer
Memory content before bitflip:0xf00xc00x6d0x550x550x550x000x00
Fault Model: Zero bit-flip
base address to flip value: 0x555555759840
address max offset: 8
Memory content after  bitflip:0x000x000x000x000x000x000x000x00
frame name: InOrder
symbol name: root
symbol filename: splay.cpp
symbol line: 248
value: 0x555555759830
value address: 0x7fffffffd638
Type: The type is a pointer.
Type sizeof: 8

[INFO -- 2018-11-30 17:48:13]
Fault Injection Successful after 0.9123890399932861s
[INFO -- 2018-11-30 17:48:14]
event type: exit
[INFO -- 2018-11-30 17:48:14]
exit code: 0
