[INFO -- 2018-12-09 16:52:15]
sending 5 signals using command: 'killall -2 main' after 3.07385997505s
[INFO -- 2018-12-09 16:52:16]
sending 5 signals using command: 'killall -2 main' after 3.6837808009s
[INFO -- 2018-12-09 16:52:16]
sending 5 signals using command: 'killall -2 main' after 3.77490512008s
[INFO -- 2018-12-09 16:52:16]
Starting GDB script
[INFO -- 2018-12-09 16:52:16]
initSignal:0.0
[INFO -- 2018-12-09 16:52:16]
endSignal:5.0
[INFO -- 2018-12-09 16:52:16]
sending 5 signals using command: 'killall -2 main' after 0.00136232319408s
[INFO -- 2018-12-09 16:52:16]
sending 5 signals using command: 'killall -2 main' after 0.615212247575s
[INFO -- 2018-12-09 16:52:18]
sending 5 signals using command: 'killall -2 main' after 2.60700522984s
[INFO -- 2018-12-09 16:52:19]
Execution finished before waitTime
