[INFO -- 2018-11-30 17:03:28]
Starting flip_value script
version: 1.1
[INFO -- 2018-11-30 17:03:28]
Initialization strings:
[INFO -- 2018-11-30 17:03:28]
(1) file /tmp/splay/main
[INFO -- 2018-11-30 17:03:28]
(2) set args /tmp/splay/input_100000 /tmp/splay/output_100000
[INFO -- 2018-11-30 17:03:28]
initSignal:0
[INFO -- 2018-11-30 17:03:28]
endSignal:5
[INFO -- 2018-11-30 17:03:28]
faultModel:0
[EXCEPTION -- 2018-11-30 17:03:28]
gdbException: Attempt to dereference a generic pointer.
[INFO -- 2018-11-30 17:03:29]
event type: exit
[INFO -- 2018-11-30 17:03:29]
exit code: 0
