[INFO -- 2018-11-25 18:52:21]
Starting flip_value script
version: 1.1
[INFO -- 2018-11-25 18:52:21]
Initialization strings:
[INFO -- 2018-11-25 18:52:21]
(1) file /tmp/BTree-dup/main
[INFO -- 2018-11-25 18:52:21]
(2)  set args /tmp/BTree-dup/input_100000 /tmp/BTree-dup/output_100000 /tmp/BTree-dup-detection.log /tmp/BTree-dup/output2_100000
[INFO -- 2018-11-25 18:52:21]
initSignal:0
[INFO -- 2018-11-25 18:52:21]
endSignal:2
[INFO -- 2018-11-25 18:52:21]
faultModel:3
[EXCEPTION -- 2018-11-25 18:52:23]
gdbException: Tentativo de desreferenciar um ponteiro genérico.
[INFO -- 2018-11-25 18:52:23]
event type: exit
[INFO -- 2018-11-25 18:52:23]
exit code: 0
