[INFO -- 2018-11-25 22:31:37]
Starting flip_value script
version: 1.1
[INFO -- 2018-11-25 22:31:37]
Initialization strings:
[INFO -- 2018-11-25 22:31:37]
(1) file /tmp/BTree-dup/main
[INFO -- 2018-11-25 22:31:37]
(2)  set args /tmp/BTree-dup/input_100000 /tmp/BTree-dup/output_100000 /tmp/BTree-dup-detection.log /tmp/BTree-dup/output2_100000
[INFO -- 2018-11-25 22:31:37]
initSignal:0
[INFO -- 2018-11-25 22:31:37]
endSignal:2
[INFO -- 2018-11-25 22:31:37]
faultModel:3
[INFO -- 2018-11-25 22:31:39]
Backtrace BEGIN:
#0  0x00007ffff7b735e4 in std::basic_ostream<char, std::char_traits<char> >& std::operator<< <char, std::char_traits<char>, std::allocator<char> >(std::basic_ostream<char, std::char_traits<char> >&, std::__cxx11::basic_string<char, std::char_traits<char>, std::allocator<char> > const&) () from /usr/lib/x86_64-linux-gnu/libstdc++.so.6
#1  0x00005555555573ea in std::operator<< <char, std::char_traits<char>, 16ul> (__os=..., __x=std::bitset = {...}) at /usr/include/c++/7/bitset:1539
#2  0x0000555555556912 in BTreeNode::traverse (this=0x555555d39500) at BTree_dup.cpp:594
#3  0x00005555555568d7 in BTreeNode::traverse (this=0x555555e43e70) at BTree_dup.cpp:593
#4  0x000055555555695f in BTreeNode::traverse (this=0x555555f72630) at BTree_dup.cpp:599
#5  0x00005555555568d7 in BTreeNode::traverse (this=0x555556004760) at BTree_dup.cpp:593
#6  0x00005555555568d7 in BTreeNode::traverse (this=0x555555c1e060) at BTree_dup.cpp:593
#7  0x00005555555568d7 in BTreeNode::traverse (this=0x555555c30ba0) at BTree_dup.cpp:593
#8  0x00005555555568d7 in BTreeNode::traverse (this=0x555555d8d170) at BTree_dup.cpp:593
#9  0x00005555555568d7 in BTreeNode::traverse (this=0x555555ef6eb0) at BTree_dup.cpp:593
#10 0x000055555555695f in BTreeNode::traverse (this=0x555555ef6e20) at BTree_dup.cpp:599
#11 0x00005555555572bb in BTree::traverse (this=0x7fffffffdd50) at BTree_dup.cpp:139
#12 0x0000555555556ff9 in main (argc=5, argv=0x7fffffffde68) at BTree_dup.cpp:725

677	    {
678	        file1.getline(string1,256);
679	        file2.getline(string2,256);
680	        j++;
681	        if(strcmp(string1,string2) != 0)
682	        {
683	            if (fp = fopen(detectLog, "a")) {
684	                fprintf(fp, "[%d]: %s %s\n",j,string1,string2);
685	                fclose(fp);
686	            }

Backtrace END
Memory content before bitflip:0xfc0x100x000x000x000x000x000x00
Fault Model: Zero bit-flip
base address to flip value: 0x7fffffffdd28
address max offset: 8
Memory content after  bitflip:0x000x000x000x000x000x000x000x00
frame name: main
symbol name: start_time
symbol filename: BTree_dup.cpp
symbol line: 698
value: 0
value address: 0x7fffffffdd28
Type: The type is an integer type.
Type sizeof: 8

[INFO -- 2018-11-25 22:31:39]
Fault Injection Successful after 2.4643170833587646s
[INFO -- 2018-11-25 22:31:39]
event type: exit
[INFO -- 2018-11-25 22:31:39]
exit code: 0
