[INFO -- 2018-11-25 23:41:50]
Starting flip_value script
version: 1.1
[INFO -- 2018-11-25 23:41:50]
Initialization strings:
[INFO -- 2018-11-25 23:41:50]
(1) file /tmp/BTree-dup/main
[INFO -- 2018-11-25 23:41:50]
(2)  set args /tmp/BTree-dup/input_100000 /tmp/BTree-dup/output_100000 /tmp/BTree-dup-detection.log /tmp/BTree-dup/output2_100000
[INFO -- 2018-11-25 23:41:50]
initSignal:0
[INFO -- 2018-11-25 23:41:50]
endSignal:2
[INFO -- 2018-11-25 23:41:50]
faultModel:1
[INFO -- 2018-11-25 23:41:51]
Backtrace BEGIN:
#0  0x0000555555556344 in BTree::insert (this=0x7fffffffda50, k=991760) at BTree_dup.cpp:455
#1  0x0000555555556c25 in runner (input=0x7fffffffe22a "/tmp/BTree-dup/input_100000") at BTree_dup.cpp:664
#2  0x0000555555556f51 in main (argc=5, argv=0x7fffffffde68) at BTree_dup.cpp:711

450		return;
451	}
452	
453	// The main function that inserts a new key in this B-Tree
454	void BTree::insert(int k)
455	{
456		// If tree is empty
457		if (root == NULL)
458		{
459			// Allocate memory for root

Backtrace END
Memory content before bitflip:0x100x220x0f0x00
Fault Model: Double bit-flip
base address to flip value: 0x7fffffffd9f4
address max offset: 4
Memory content after  bitflip:0x100xa00x0f0x00
frame name: BTree::insert
symbol name: k
symbol filename: BTree_dup.cpp
symbol line: 454
value: 1024016
value address: 0x7fffffffd9f4
Type: The type is an integer type.
Type sizeof: 4

[INFO -- 2018-11-25 23:41:51]
Fault Injection Successful after 1.6890122890472412s
[INFO -- 2018-11-25 23:41:52]
event type: exit
[INFO -- 2018-11-25 23:41:52]
exit code: 0
