[INFO -- 2018-10-17 20:04:44]
sending 5 signals using command: 'killall -2 main' after 1.33789083497s
[INFO -- 2018-10-17 20:04:44]
sending 5 signals using command: 'killall -2 main' after 1.45385818318s
[INFO -- 2018-10-17 20:04:45]
sending 5 signals using command: 'killall -2 main' after 1.82500848594s
[INFO -- 2018-10-17 20:04:45]
Starting GDB script
[INFO -- 2018-10-17 20:04:45]
initSignal:0.0
[INFO -- 2018-10-17 20:04:45]
endSignal:2.0
[INFO -- 2018-10-17 20:04:45]
sending 5 signals using command: 'killall -2 main' after 0.0351991006974s
[INFO -- 2018-10-17 20:04:45]
sending 5 signals using command: 'killall -2 main' after 0.112330366091s
[INFO -- 2018-10-17 20:04:45]
sending 5 signals using command: 'killall -2 main' after 0.282779819227s
[INFO -- 2018-10-17 20:04:46]
Execution finished before waitTime
