[INFO -- 2018-10-12 01:56:07]
Starting flip_value script
version: 1.1
[INFO -- 2018-10-12 01:56:07]
Initialization strings:
[INFO -- 2018-10-12 01:56:07]
(1) file /tmp/BTree/main
[INFO -- 2018-10-12 01:56:07]
(2)  set args /tmp/BTree/input_100000 /tmp/BTree/output_100000
[INFO -- 2018-10-12 01:56:07]
initSignal:0
[INFO -- 2018-10-12 01:56:07]
endSignal:2
[INFO -- 2018-10-12 01:56:07]
faultModel:3
[INFO -- 2018-10-12 01:56:08]
Backtrace BEGIN:
#0  0x00005555555560db in BTreeNode::insertNonFull (this=0x555555812430, k=2666779) at BTree.cpp:535
#1  0x0000555555555f18 in BTree::insert (this=0x7fffffffddc0, k=2666779) at BTree.cpp:487
#2  0x0000555555556601 in main (argc=3, argv=0x7fffffffded8) at BTree.cpp:665

530				if (keys[i+1] < k)
531					i++;
532			}
533			C[i+1]->insertNonFull(k);
534		}
535	}
536	
537	// A utility function to split the child y of this node
538	// Note that y must be full when this function is called
539	void BTreeNode::splitChild(int i, BTreeNode *y)

Backtrace END
Memory content before bitflip:0x1b0xb10x280x00
Fault Model: Zero bit-flip
base address to flip value: 0x7fffffffddb4
address max offset: 4
Memory content after  bitflip:0x000x000x000x00
frame name: main
symbol name: number
symbol filename: BTree.cpp
symbol line: 663
value: 0
value address: 0x7fffffffddb4
Type: The type is an integer type.
Type sizeof: 4

[INFO -- 2018-10-12 01:56:08]
Fault Injection Successful after 1.3868448734283447s
[INFO -- 2018-10-12 01:56:08]
event type: exit
[INFO -- 2018-10-12 01:56:08]
exit code: 0
