[INFO -- 2018-10-16 20:56:08]
Starting flip_value script
version: 1.1
[INFO -- 2018-10-16 20:56:08]
Initialization strings:
[INFO -- 2018-10-16 20:56:08]
(1) file /tmp/RBTree/main
[INFO -- 2018-10-16 20:56:08]
(2) set args  /tmp/RBTree/input_ /tmp/RBTree/output_
[INFO -- 2018-10-16 20:56:08]
initSignal:0
[INFO -- 2018-10-16 20:56:08]
endSignal:2
[INFO -- 2018-10-16 20:56:08]
faultModel:4
[EXCEPTION -- 2018-10-16 20:56:08]
gdbException: Tentativo de desreferenciar um ponteiro genérico.
[INFO -- 2018-10-16 20:56:08]
event type: exit
[INFO -- 2018-10-16 20:56:08]
exit code: 0
