[INFO -- 2018-10-12 07:16:08]
Starting flip_value script
version: 1.1
[INFO -- 2018-10-12 07:16:08]
Initialization strings:
[INFO -- 2018-10-12 07:16:08]
(1) file /tmp/BTree/main
[INFO -- 2018-10-12 07:16:08]
(2)  set args /tmp/BTree/input_100000 /tmp/BTree/output_100000
[INFO -- 2018-10-12 07:16:08]
initSignal:0
[INFO -- 2018-10-12 07:16:08]
endSignal:2
[INFO -- 2018-10-12 07:16:08]
faultModel:0
[EXCEPTION -- 2018-10-12 07:16:08]
gdbException: Tentativo de desreferenciar um ponteiro genérico.
[INFO -- 2018-10-12 07:16:08]
event type: exit
[INFO -- 2018-10-12 07:16:08]
exit code: 0
