[INFO -- 2018-12-01 01:14:16]
Starting flip_value script
version: 1.1
[INFO -- 2018-12-01 01:14:16]
Initialization strings:
[INFO -- 2018-12-01 01:14:16]
(1) file /tmp/splay/main
[INFO -- 2018-12-01 01:14:16]
(2) set args /tmp/splay/input_100000 /tmp/splay/output_100000
[INFO -- 2018-12-01 01:14:16]
initSignal:0
[INFO -- 2018-12-01 01:14:16]
endSignal:5
[INFO -- 2018-12-01 01:14:16]
faultModel:1
[EXCEPTION -- 2018-12-01 01:14:17]
pythonException: Unable to exit loop in struct fields; Exiting wihtout making a bit flip
[EXCEPTION -- 2018-12-01 01:14:17]
pythonException: Unable to exit loop in struct fields; Exiting wihtout making a bit flip
[INFO -- 2018-12-01 01:14:17]
event type: exit
[INFO -- 2018-12-01 01:14:17]
exit code: 0
