[INFO -- 2018-10-16 23:31:40]
sending 5 signals using command: 'killall -2 main' after 1.2217079201s
[INFO -- 2018-10-16 23:31:40]
sending 5 signals using command: 'killall -2 main' after 1.57445170589s
[INFO -- 2018-10-16 23:31:40]
sending 5 signals using command: 'killall -2 main' after 1.77893263817s
[INFO -- 2018-10-16 23:31:40]
Starting GDB script
[INFO -- 2018-10-16 23:31:40]
initSignal:0.0
[INFO -- 2018-10-16 23:31:40]
endSignal:2.0
[INFO -- 2018-10-16 23:31:40]
sending 5 signals using command: 'killall -2 main' after 0.00650029475437s
[INFO -- 2018-10-16 23:31:41]
sending 5 signals using command: 'killall -2 main' after 0.587660778142s
[INFO -- 2018-10-16 23:31:41]
sending 5 signals using command: 'killall -2 main' after 1.0124903656s
[INFO -- 2018-10-16 23:31:41]
Execution finished before waitTime
