[INFO -- 2018-11-28 21:04:26]
Starting flip_value script
version: 1.1
[INFO -- 2018-11-28 21:04:26]
Initialization strings:
[INFO -- 2018-11-28 21:04:26]
(1) file /tmp/Tree234/main
[INFO -- 2018-11-28 21:04:26]
(2) set args /tmp/Tree234/input_50000 /tmp/Tree234/output_50000 /tmp/Tree234/detectionLog_50000.log /tmp/Tree234/output2_50000
[INFO -- 2018-11-28 21:04:26]
initSignal:0
[INFO -- 2018-11-28 21:04:26]
endSignal:5
[INFO -- 2018-11-28 21:04:26]
faultModel:2
[INFO -- 2018-11-28 21:04:26]
Backtrace BEGIN:
#0  elf_machine_rela (skip_ifunc=<optimized out>, reloc_addr_arg=0x7ffff7dc8598, version=0x7ffff7fd8030, sym=0x7ffff7a6b220, reloc=0x7ffff7ac59e0, map=0x7ffff7fda000) at ../sysdeps/x86_64/dl-machine.h:301
#1  elf_dynamic_do_Rela (skip_ifunc=<optimized out>, lazy=<optimized out>, nrelative=<optimized out>, relsize=<optimized out>, reladdr=<optimized out>, map=0x7ffff7fda000) at do-rel.h:137
#2  _dl_relocate_object (scope=<optimized out>, reloc_mode=<optimized out>, consider_profiling=<optimized out>, consider_profiling@entry=0) at dl-reloc.c:258
#3  0x00007ffff7ddb0db in dl_main (phdr=<optimized out>, phnum=<optimized out>, user_entry=<optimized out>, auxv=<optimized out>) at rtld.c:2109
#4  0x00007ffff7df0632 in _dl_sysdep_start (start_argptr=start_argptr@entry=0x7fffffffdea0, dl_main=dl_main@entry=0x7ffff7dd91e0 <dl_main>) at ../elf/dl-sysdep.c:249
#5  0x00007ffff7dd8c2a in _dl_start_final (arg=0x7fffffffdea0) at rtld.c:323
#6  _dl_start (arg=0x7fffffffdea0) at rtld.c:429
#7  0x00007ffff7dd7c38 in _start () from /lib64/ld-linux-x86-64.so.2
#8  0x0000000000000005 in ?? ()
#9  0x00007fffffffe220 in ?? ()
#10 0x00007fffffffe232 in ?? ()
#11 0x00007fffffffe24b in ?? ()
#12 0x00007fffffffe265 in ?? ()
#13 0x00007fffffffe289 in ?? ()
#14 0x0000000000000000 in ?? ()

296	in ../sysdeps/x86_64/dl-machine.h

Backtrace END
Fliping array at pos: 1
Fliping value of field: nrelative
Memory content before bitflip:0x000x000x000x000x000x000x000x00
Fault Model: Random bit-flip
base address to flip value: 0x7fffffffdc70
address max offset: 8
Memory content after  bitflip:0x260x510x7f0x0e0xf50xb10x920xe5
frame name: _dl_relocate_object
symbol name: ranges
symbol filename: dl-reloc.c
symbol line: 258
value: {{start = 140737348634056, size = 92400, nrelative = 742, lazy = 0}, {start = 140737348726456, size = 19272, nrelative = 16542480047353581862, lazy = 1}}
value address: 0x7fffffffdc40
Type: The type is an array.
Type sizeof: 64
Field name: None
Field Type: A range type, that is, an integer type with bounds.
Field Type sizeof: 8
Field Type range: (0, 1)

[INFO -- 2018-11-28 21:04:26]
Fault Injection Successful after 0.5825181007385254s
[INFO -- 2018-11-28 21:04:27]
event type: exit
[INFO -- 2018-11-28 21:04:27]
exit code: 0
