[INFO -- 2018-11-25 16:14:20]
Starting flip_value script
version: 1.1
[INFO -- 2018-11-25 16:14:20]
Initialization strings:
[INFO -- 2018-11-25 16:14:20]
(1) file /tmp/BTree-dup/main
[INFO -- 2018-11-25 16:14:20]
(2)  set args /tmp/BTree-dup/input_100000 /tmp/BTree-dup/output_100000 /tmp/BTree-dup-detection.log /tmp/BTree-dup/output2_100000
[INFO -- 2018-11-25 16:14:20]
initSignal:0
[INFO -- 2018-11-25 16:14:20]
endSignal:2
[INFO -- 2018-11-25 16:14:20]
faultModel:2
[INFO -- 2018-11-25 16:14:21]
Backtrace BEGIN:
#0  0x00007ffff7b47570 in std::istream::sentry::sentry(std::istream&, bool) () from /usr/lib/x86_64-linux-gnu/libstdc++.so.6
#1  0x00007ffff7b4796e in std::istream::operator>>(int&) () from /usr/lib/x86_64-linux-gnu/libstdc++.so.6
#2  0x0000555555557742 in std::istream_iterator<int, char, std::char_traits<char>, long>::_M_read (this=0x7fffffffd960) at /usr/include/c++/7/bits/stream_iterator.h:121
#3  0x0000555555557ab2 in std::istream_iterator<int, char, std::char_traits<char>, long>::operator++ (this=0x7fffffffd960) at /usr/include/c++/7/bits/stream_iterator.h:95
#4  0x00005555555579f3 in std::vector<int, std::allocator<int> >::_M_range_initialize<std::istream_iterator<int, char, std::char_traits<char>, long> > (this=0x7fffffffdaa0, __first=..., __last=...) at /usr/include/c++/7/bits/stl_vector.h:1308
#5  0x0000555555557882 in std::vector<int, std::allocator<int> >::_M_initialize_dispatch<std::istream_iterator<int, char, std::char_traits<char>, long> > (this=0x7fffffffdaa0, __first=..., __last=...) at /usr/include/c++/7/bits/stl_vector.h:1299
#6  0x0000555555557569 in std::vector<int, std::allocator<int> >::vector<std::istream_iterator<int, char, std::char_traits<char>, long>, void> (this=0x7fffffffdaa0, __first=..., __last=..., __a=...) at /usr/include/c++/7/bits/stl_vector.h:414
#7  0x0000555555556bbc in runner (input=0x7fffffffe22a "/tmp/BTree-dup/input_100000") at BTree_dup.cpp:660
#8  0x0000555555556f51 in main (argc=5, argv=0x7fffffffde68) at BTree_dup.cpp:711

677	    {
678	        file1.getline(string1,256);
679	        file2.getline(string2,256);
680	        j++;
681	        if(strcmp(string1,string2) != 0)
682	        {
683	            if (fp = fopen(detectLog, "a")) {
684	                fprintf(fp, "[%d]: %s %s\n",j,string1,string2);
685	                fclose(fp);
686	            }

Backtrace END
Fliping a bit of the value pointed by a pointer
Fliping value of field: _M_value
Memory content before bitflip:0x390x910x320x00
Fault Model: Random bit-flip
base address to flip value: 0x7fffffffd968
address max offset: 4
Memory content after  bitflip:0x2b0x9c0x7a0xec
frame name: std::istream_iterator<int, char, std::char_traits<char>, long>::operator++
symbol name: this
symbol filename: BTree_dup.cpp
symbol line: 0
value: 0x7fffffffd960
value address: 0x7fffffffd8e8
Type: The type is a pointer.
Type sizeof: 8

[INFO -- 2018-11-25 16:14:21]
Fault Injection Successful after 1.4503347873687744s
[INFO -- 2018-11-25 16:14:22]
event type: exit
[INFO -- 2018-11-25 16:14:22]
exit code: 0
