[INFO -- 2018-10-12 02:48:36]
Starting flip_value script
version: 1.1
[INFO -- 2018-10-12 02:48:36]
Initialization strings:
[INFO -- 2018-10-12 02:48:36]
(1) file /tmp/BTree/main
[INFO -- 2018-10-12 02:48:36]
(2)  set args /tmp/BTree/input_100000 /tmp/BTree/output_100000
[INFO -- 2018-10-12 02:48:36]
initSignal:0
[INFO -- 2018-10-12 02:48:36]
endSignal:2
[INFO -- 2018-10-12 02:48:36]
faultModel:2
[INFO -- 2018-10-12 02:48:37]
Backtrace BEGIN:
#0  malloc (n=11) at dl-minimal.c:50
#1  <function called from gdb>
#2  malloc (n=11) at dl-minimal.c:50
#3  <function called from gdb>
#4  0x00007ffff72bbe45 in tcache_put (tc_idx=1, chunk=0x55555588abd0) at malloc.c:2930
#5  _int_free (have_lock=0, p=0x55555588abd0, av=0x7ffff760fc40 <main_arena>) at malloc.c:4173
#6  __GI___libc_free (mem=0x55555588abe0) at malloc.c:3124
#7  0x0000555555556965 in std::operator<< <char, std::char_traits<char>, 16ul> (__os=..., __x=std::bitset) at /usr/include/c++/7/bitset:1533
#8  0x00005555555563b2 in BTreeNode::traverse (this=0x555555786c30) at BTree.cpp:592
#9  0x0000555555556377 in BTreeNode::traverse (this=0x555555786d50) at BTree.cpp:591
#10 0x0000555555556377 in BTreeNode::traverse (this=0x555555787260) at BTree.cpp:591
#11 0x0000555555556377 in BTreeNode::traverse (this=0x555555787a40) at BTree.cpp:591
#12 0x0000555555556377 in BTreeNode::traverse (this=0x55555578a980) at BTree.cpp:591
#13 0x0000555555556377 in BTreeNode::traverse (this=0x555555793590) at BTree.cpp:591
#14 0x00005555555563ff in BTreeNode::traverse (this=0x555555786330) at BTree.cpp:597
#15 0x0000555555556377 in BTreeNode::traverse (this=0x5555557bab90) at BTree.cpp:591
#16 0x0000555555556377 in BTreeNode::traverse (this=0x5555558584b0) at BTree.cpp:591
#17 0x0000555555556851 in BTree::traverse (this=0x7fffffffddc0) at BTree.cpp:137
#18 0x0000555555556630 in main (argc=3, argv=0x7fffffffded8) at BTree.cpp:668

45	in dl-minimal.c

Backtrace END
Memory content before bitflip:0x030x000x000x00
Fault Model: Random bit-flip
base address to flip value: 0x7fffffffddac
address max offset: 4
Memory content after  bitflip:0x430x670xd70xba
frame name: main
symbol name: argc
symbol filename: BTree.cpp
symbol line: 650
value: -1160288445
value address: 0x7fffffffddac
Type: The type is an integer type.
Type sizeof: 4

[INFO -- 2018-10-12 02:48:37]
Fault Injection Successful after 1.1175432205200195s
[INFO -- 2018-10-12 02:48:37]
event type: exit
[INFO -- 2018-10-12 02:48:37]
exit code: 0
