[INFO -- 2018-12-03 21:31:36]
Starting flip_value script
version: 1.1
[INFO -- 2018-12-03 21:31:36]
Initialization strings:
[INFO -- 2018-12-03 21:31:36]
(1) file /tmp/Tree234/main
[INFO -- 2018-12-03 21:31:36]
(2) set args /tmp/Tree234/input_50000 /tmp/Tree234/output_50000 /tmp/Tree234/detectionLog_50000.log /tmp/Tree234/output2_50000
[INFO -- 2018-12-03 21:31:36]
initSignal:0
[INFO -- 2018-12-03 21:31:36]
endSignal:5
[INFO -- 2018-12-03 21:31:36]
faultModel:0
[EXCEPTION -- 2018-12-03 21:31:37]
gdbException: Attempt to dereference a generic pointer.
[INFO -- 2018-12-03 21:31:37]
event type: exit
[INFO -- 2018-12-03 21:31:37]
exit code: 0
