[INFO -- 2018-12-03 21:21:19]
sending 5 signals using command: 'killall -2 main' after 3.13261728548s
[INFO -- 2018-12-03 21:21:20]
sending 5 signals using command: 'killall -2 main' after 3.72794781092s
[INFO -- 2018-12-03 21:21:21]
sending 5 signals using command: 'killall -2 main' after 4.92456557664s
[INFO -- 2018-12-03 21:21:21]
Starting GDB script
[INFO -- 2018-12-03 21:21:21]
initSignal:0.0
[INFO -- 2018-12-03 21:21:21]
endSignal:5.0
[INFO -- 2018-12-03 21:21:22]
sending 5 signals using command: 'killall -2 main' after 0.587396994503s
[INFO -- 2018-12-03 21:21:22]
sending 5 signals using command: 'killall -2 main' after 1.22604418376s
[INFO -- 2018-12-03 21:21:25]
sending 5 signals using command: 'killall -2 main' after 4.22579054048s
[INFO -- 2018-12-03 21:21:52]
Execution did not finish before waitTime
