[INFO -- 2018-10-17 00:40:58]
sending 5 signals using command: 'killall -2 main' after 1.07423459169s
[INFO -- 2018-10-17 00:40:58]
sending 5 signals using command: 'killall -2 main' after 1.3446767112s
[INFO -- 2018-10-17 00:40:59]
sending 5 signals using command: 'killall -2 main' after 1.88921767097s
[INFO -- 2018-10-17 00:40:59]
Starting GDB script
[INFO -- 2018-10-17 00:40:59]
initSignal:0.0
[INFO -- 2018-10-17 00:40:59]
endSignal:2.0
[INFO -- 2018-10-17 00:41:00]
sending 5 signals using command: 'killall -2 main' after 0.751124795281s
[INFO -- 2018-10-17 00:41:00]
sending 5 signals using command: 'killall -2 main' after 0.756092499205s
[INFO -- 2018-10-17 00:41:00]
sending 5 signals using command: 'killall -2 main' after 0.858223990815s
[INFO -- 2018-10-17 00:41:00]
Execution finished before waitTime
