[INFO -- 2018-11-30 22:11:47]
sending 5 signals using command: 'killall -2 main' after 2.78549640369s
[INFO -- 2018-11-30 22:11:47]
sending 5 signals using command: 'killall -2 main' after 3.36789384655s
[INFO -- 2018-11-30 22:11:48]
sending 5 signals using command: 'killall -2 main' after 4.29258159768s
[INFO -- 2018-11-30 22:11:48]
Starting GDB script
[INFO -- 2018-11-30 22:11:48]
initSignal:0.0
[INFO -- 2018-11-30 22:11:48]
endSignal:5.0
[INFO -- 2018-11-30 22:11:49]
sending 5 signals using command: 'killall -2 main' after 0.640569301855s
[INFO -- 2018-11-30 22:11:49]
sending 5 signals using command: 'killall -2 main' after 0.958043811495s
[INFO -- 2018-11-30 22:11:49]
sending 5 signals using command: 'killall -2 main' after 1.0647264205s
[INFO -- 2018-11-30 22:11:50]
Execution finished before waitTime
