[INFO -- 2018-12-09 01:01:01]
Starting flip_value script
version: 1.1
[INFO -- 2018-12-09 01:01:01]
Initialization strings:
[INFO -- 2018-12-09 01:01:01]
(1) file /tmp/Tree234/main
[INFO -- 2018-12-09 01:01:01]
(2) set args /tmp/Tree234/input_50000 /tmp/Tree234/output_50000
[INFO -- 2018-12-09 01:01:01]
initSignal:0
[INFO -- 2018-12-09 01:01:01]
endSignal:2
[INFO -- 2018-12-09 01:01:01]
faultModel:1
[EXCEPTION -- 2018-12-09 01:01:01]
gdbException: Attempt to dereference a generic pointer.
[INFO -- 2018-12-09 01:01:02]
event type: exit
[INFO -- 2018-12-09 01:01:02]
exit code: 0
