[INFO -- 2018-11-30 20:45:59]
Starting flip_value script
version: 1.1
[INFO -- 2018-11-30 20:45:59]
Initialization strings:
[INFO -- 2018-11-30 20:45:59]
(1) file /tmp/splay/main
[INFO -- 2018-11-30 20:45:59]
(2) set args /tmp/splay/input_100000 /tmp/splay/output_100000
[INFO -- 2018-11-30 20:45:59]
initSignal:0
[INFO -- 2018-11-30 20:45:59]
endSignal:5
[INFO -- 2018-11-30 20:45:59]
faultModel:4
[INFO -- 2018-11-30 20:46:00]
Backtrace BEGIN:
#0  0x00007ffff7ec0425 in __dynamic_cast () from /usr/lib/x86_64-linux-gnu/libstdc++.so.6
#1  0x00007ffff7f333fb in std::ctype<char> const& std::use_facet<std::ctype<char> >(std::locale const&) () from /usr/lib/x86_64-linux-gnu/libstdc++.so.6
#2  0x0000555555557da3 in std::operator<< <char, std::char_traits<char>, 16ul> (__os=..., __x=std::bitset = {...}) at /usr/include/c++/8/bitset:1541
#3  0x0000555555557ae8 in InOrder (root=0x55555582ddf0) at splay.cpp:253
#4  0x0000555555557b0d in InOrder (root=0x555555825cb0) at splay.cpp:254
#5  0x0000555555557abd in InOrder (root=0x55555560c9f0) at splay.cpp:252
#6  0x0000555555557abd in InOrder (root=0x55555585edb0) at splay.cpp:252
#7  0x0000555555557abd in InOrder (root=0x5555555fd710) at splay.cpp:252
#8  0x0000555555557abd in InOrder (root=0x555555879ff0) at splay.cpp:252
#9  0x0000555555557b0d in InOrder (root=0x5555555fd3d0) at splay.cpp:254
#10 0x0000555555557abd in InOrder (root=0x55555587ced0) at splay.cpp:252
#11 0x0000555555557b0d in InOrder (root=0x55555587c0b0) at splay.cpp:254
#12 0x0000555555557abd in InOrder (root=0x55555557ee10) at splay.cpp:252
#13 0x0000555555557abd in InOrder (root=0x55555587d650) at splay.cpp:252
#14 0x0000555555557b0d in InOrder (root=0x5555557882f0) at splay.cpp:254
#15 0x0000555555557b0d in InOrder (root=0x55555587da30) at splay.cpp:254
#16 0x0000555555557abd in InOrder (root=0x55555587dbb0) at splay.cpp:252
#17 0x0000555555557abd in InOrder (root=0x5555557cfed0) at splay.cpp:252
#18 0x0000555555557b0d in InOrder (root=0x555555774190) at splay.cpp:254
#19 0x0000555555557b0d in InOrder (root=0x555555774870) at splay.cpp:254
#20 0x0000555555557abd in InOrder (root=0x55555587dcb0) at splay.cpp:252
#21 0x0000555555557b0d in InOrder (root=0x555555693810) at splay.cpp:254
#22 0x0000555555557b0d in InOrder (root=0x555555634c10) at splay.cpp:254
#23 0x0000555555557b0d in InOrder (root=0x55555587dcd0) at splay.cpp:254
#24 0x00005555555564fe in main (argc=3, argv=0x7fffffffdfb8) at main.cpp:35

1	#include "splay.h"
2	#include <iostream>
3	
4	#include <algorithm>    // std::random_shuffle
5	#include <vector>       // std::vector
6	#include <cstdlib>      // std::rand, std::srand
7	#include <cstdio>
8	
9	#include <iterator>
10	#include <fstream>

Backtrace END
Fliping a bit of the pointer
Memory content before bitflip:0xf00x820x780x550x550x550x000x00
Fault Model: LSB bit-flip
base address to flip value: 0x7fffffffda58
address max offset: 8
Memory content after  bitflip:0xf00x820x780x550x550x550x000x20
frame name: InOrder
symbol name: root
symbol filename: splay.cpp
symbol line: 248
value: 0x5555557882f0
value address: 0x7fffffffda58
Type: The type is a pointer.
Type sizeof: 8

[INFO -- 2018-11-30 20:46:00]
Fault Injection Successful after 1.5732293128967285s
[INFO -- 2018-11-30 20:46:00]
event type: exit
[INFO -- 2018-11-30 20:46:00]
exit code: 0
