[INFO -- 2018-10-12 00:17:29]
Starting flip_value script
version: 1.1
[INFO -- 2018-10-12 00:17:29]
Initialization strings:
[INFO -- 2018-10-12 00:17:29]
(1) file /tmp/BTree/main
[INFO -- 2018-10-12 00:17:29]
(2)  set args /tmp/BTree/input_100000 /tmp/BTree/output_100000
[INFO -- 2018-10-12 00:17:29]
initSignal:0
[INFO -- 2018-10-12 00:17:29]
endSignal:2
[INFO -- 2018-10-12 00:17:29]
faultModel:2
[EXCEPTION -- 2018-10-12 00:17:29]
pythonException: Unable to exit loop in struct fields; Exiting wihtout making a bit flip
[INFO -- 2018-10-12 00:17:29]
Backtrace BEGIN:
#0  0x00007ffff72a28b5 in _IO_acquire_lock_fct (p=<synthetic pointer>) at libioP.h:797
#1  __GI__IO_fflush (fp=0x7ffff7610760 <_IO_2_1_stdout_>) at iofflush.c:39
#2  0x00007ffff7b5ef5e in std::ostream::flush() () from /usr/lib/x86_64-linux-gnu/libstdc++.so.6
#3  0x00005555555563c7 in BTreeNode::traverse (this=0x555555b10bd0) at BTree.cpp:592
#4  0x00005555555563ff in BTreeNode::traverse (this=0x5555558a4f80) at BTree.cpp:597
#5  0x00005555555563ff in BTreeNode::traverse (this=0x5555557b25b0) at BTree.cpp:597
#6  0x00005555555563ff in BTreeNode::traverse (this=0x555555990690) at BTree.cpp:597
#7  0x0000555555556377 in BTreeNode::traverse (this=0x5555559bb5f0) at BTree.cpp:591
#8  0x00005555555563ff in BTreeNode::traverse (this=0x5555559bb950) at BTree.cpp:597
#9  0x00005555555563ff in BTreeNode::traverse (this=0x55555579e990) at BTree.cpp:597
#10 0x0000555555556377 in BTreeNode::traverse (this=0x555555812430) at BTree.cpp:591
#11 0x0000555555556377 in BTreeNode::traverse (this=0x555555a27320) at BTree.cpp:591
#12 0x0000555555556851 in BTree::traverse (this=0x7fffffffddc0) at BTree.cpp:137
#13 0x0000555555556630 in main (argc=3, argv=0x7fffffffded8) at BTree.cpp:668

792	in libioP.h

Backtrace END
Memory content before bitflip:0x030x000x000x00
Fault Model: Random bit-flip
base address to flip value: 0x7fffffffddac
address max offset: 4
Memory content after  bitflip:0x2c0x9d0x9e0xcd
frame name: main
symbol name: argc
symbol filename: BTree.cpp
symbol line: 650
value: -845243092
value address: 0x7fffffffddac
Type: The type is an integer type.
Type sizeof: 4

[INFO -- 2018-10-12 00:17:29]
Fault Injection Successful after 0.6682829856872559s
[INFO -- 2018-10-12 00:17:29]
event type: exit
[INFO -- 2018-10-12 00:17:29]
exit code: 0
