[INFO -- 2018-11-30 17:30:09]
Starting flip_value script
version: 1.1
[INFO -- 2018-11-30 17:30:09]
Initialization strings:
[INFO -- 2018-11-30 17:30:09]
(1) file /tmp/splay/main
[INFO -- 2018-11-30 17:30:09]
(2) set args /tmp/splay/input_100000 /tmp/splay/output_100000
[INFO -- 2018-11-30 17:30:09]
initSignal:0
[INFO -- 2018-11-30 17:30:09]
endSignal:5
[INFO -- 2018-11-30 17:30:09]
faultModel:1
[INFO -- 2018-11-30 17:30:10]
Backtrace BEGIN:
#0  Splay (key=1674542, root=0x5555555eb5d0) at splay.cpp:83
#1  0x0000555555557916 in Insert (key=1674542, root=0x555555669dd0) at splay.cpp:145
#2  0x00005555555564bb in main (argc=3, argv=0x7fffffffdfb8) at main.cpp:31

78			}
79			else if(key > root->key)
80			{
81				if(!root->rchild)
82					break;
83				if(key > root->rchild->key)
84				{
85					root = LL_Rotate(root);/* only zag-zag mode need to rotate once,
86											  because zag-zig mode is handled as zag
87											  mode, which doesn't require rotate, 

Backtrace END
Fliping value of field: _M_stream
Fliping a bit of the pointer
Memory content before bitflip:0x000x000x000x000x000x000x000x00
Fault Model: Double bit-flip
base address to flip value: 0x7fffffffdc60
address max offset: 8
Memory content after  bitflip:0x000x000x000x000x300x000x000x00
frame name: main
symbol name: end
symbol filename: main.cpp
symbol line: 26
value: {<std::iterator<std::input_iterator_tag, int, long, int const*, int const&>> = {<No data fields>}, _M_stream = 0x3000000000, _M_value = 0, _M_ok = false}
value address: 0x7fffffffdc60
Type: The type is a structure.
Type sizeof: 16
Field name: std::iterator<std::input_iterator_tag, int, long, int const*, int const&>
Field Type: The type is a structure.
Field Type sizeof: 1
Field name: _M_stream
Field Type: The type is a pointer.
Field Type sizeof: 8
Field name: _M_value
Field Type: The type is an integer type.
Field Type sizeof: 4
Field name: _M_ok
Field Type: A boolean type.
Field Type sizeof: 1

[INFO -- 2018-11-30 17:30:10]
Fault Injection Successful after 1.2010598182678223s
[INFO -- 2018-11-30 17:30:10]
event type: exit
[INFO -- 2018-11-30 17:30:10]
exit code: 0
