[INFO -- 2018-11-30 18:37:30]
Starting flip_value script
version: 1.1
[INFO -- 2018-11-30 18:37:30]
Initialization strings:
[INFO -- 2018-11-30 18:37:30]
(1) file /tmp/splay/main
[INFO -- 2018-11-30 18:37:30]
(2) set args /tmp/splay/input_100000 /tmp/splay/output_100000
[INFO -- 2018-11-30 18:37:30]
initSignal:0
[INFO -- 2018-11-30 18:37:30]
endSignal:5
[INFO -- 2018-11-30 18:37:30]
faultModel:3
[EXCEPTION -- 2018-11-30 18:37:31]
pythonException: Unable to exit loop in struct fields; Exiting wihtout making a bit flip
[EXCEPTION -- 2018-11-30 18:37:31]
pythonException: Unable to exit loop in struct fields; Exiting wihtout making a bit flip
[INFO -- 2018-11-30 18:37:31]
event type: exit
[INFO -- 2018-11-30 18:37:31]
exit code: 0
