[INFO -- 2018-12-01 09:14:07]
Starting flip_value script
version: 1.1
[INFO -- 2018-12-01 09:14:07]
Initialization strings:
[INFO -- 2018-12-01 09:14:07]
(1) file /tmp/splay/main
[INFO -- 2018-12-01 09:14:07]
(2) set args /tmp/splay/input_100000 /tmp/splay/output_100000
[INFO -- 2018-12-01 09:14:07]
initSignal:0
[INFO -- 2018-12-01 09:14:07]
endSignal:5
[INFO -- 2018-12-01 09:14:07]
faultModel:1
[INFO -- 2018-12-01 09:14:08]
Backtrace BEGIN:
#0  Splay (key=4402897, root=0x5555555dc1d0) at splay.cpp:79
#1  0x0000555555557916 in Insert (key=4402897, root=0x5555555dc1d0) at splay.cpp:145
#2  0x00005555555564bb in main (argc=3, argv=0x7fffffffdfb8) at main.cpp:31

74				RightTreeMin->lchild = root;
75				RightTreeMin = RightTreeMin->lchild;
76				root = root->lchild;
77				RightTreeMin->lchild = NULL;
78			}
79			else if(key > root->key)
80			{
81				if(!root->rchild)
82					break;
83				if(key > root->rchild->key)

Backtrace END
Fliping a bit of the value pointed by a pointer
Fliping value of field: key
Memory content before bitflip:0x340xdc0x090x00
Fault Model: Double bit-flip
base address to flip value: 0x5555555dc1d0
address max offset: 4
Memory content after  bitflip:0x340xdc0x090x11
frame name: Splay
symbol name: root
symbol filename: splay.cpp
symbol line: 43
value: 0x5555555dc1d0
value address: 0x7fffffffdbc0
Type: The type is a pointer.
Type sizeof: 8

[INFO -- 2018-12-01 09:14:08]
Fault Injection Successful after 1.0390470027923584s
[INFO -- 2018-12-01 09:14:08]
event type: exit
[INFO -- 2018-12-01 09:14:08]
exit code: 0
