[INFO -- 2018-12-01 08:17:42]
Starting flip_value script
version: 1.1
[INFO -- 2018-12-01 08:17:42]
Initialization strings:
[INFO -- 2018-12-01 08:17:42]
(1) file /tmp/splay/main
[INFO -- 2018-12-01 08:17:42]
(2) set args /tmp/splay/input_100000 /tmp/splay/output_100000
[INFO -- 2018-12-01 08:17:42]
initSignal:0
[INFO -- 2018-12-01 08:17:42]
endSignal:5
[INFO -- 2018-12-01 08:17:42]
faultModel:0
[EXCEPTION -- 2018-12-01 08:17:43]
pythonException: Unable to exit loop in struct fields; Exiting wihtout making a bit flip
[INFO -- 2018-12-01 08:17:43]
Backtrace BEGIN:
#0  0x00007ffff7d34fd4 in __GI___libc_write (fd=1, buf=0x55555587dcf0, nbytes=17) at ../sysdeps/unix/sysv/linux/write.c:26
#1  0x00007ffff7cb633d in _IO_new_file_write (f=0x7ffff7e10760 <_IO_2_1_stdout_>, data=0x55555587dcf0, n=17) at fileops.c:1183
#2  0x00007ffff7cb7a71 in new_do_write (to_do=17, data=0x55555587dcf0 "0101100011000011\n", fp=0x7ffff7e10760 <_IO_2_1_stdout_>) at libioP.h:839
#3  _IO_new_do_write (fp=0x7ffff7e10760 <_IO_2_1_stdout_>, data=0x55555587dcf0 "0101100011000011\n", to_do=17) at fileops.c:433
#4  0x00007ffff7cb56f8 in _IO_new_file_sync (fp=0x7ffff7e10760 <_IO_2_1_stdout_>) at fileops.c:819
#5  0x00007ffff7caa32d in __GI__IO_fflush (fp=0x7ffff7e10760 <_IO_2_1_stdout_>) at libioP.h:839
#6  0x00007ffff7f4201e in std::ostream::flush() () from /usr/lib/x86_64-linux-gnu/libstdc++.so.6
#7  0x0000555555557afd in InOrder (root=0x555555728270) at splay.cpp:253
#8  0x0000555555557b0d in InOrder (root=0x5555556728f0) at splay.cpp:254
#9  0x0000555555557b0d in InOrder (root=0x555555813150) at splay.cpp:254
#10 0x0000555555557abd in InOrder (root=0x555555842470) at splay.cpp:252
#11 0x0000555555557abd in InOrder (root=0x55555571f110) at splay.cpp:252
#12 0x0000555555557b0d in InOrder (root=0x555555843450) at splay.cpp:254
#13 0x0000555555557b0d in InOrder (root=0x5555557a98b0) at splay.cpp:254
#14 0x0000555555557abd in InOrder (root=0x55555584f7f0) at splay.cpp:252
#15 0x0000555555557abd in InOrder (root=0x5555555a3110) at splay.cpp:252
#16 0x0000555555557abd in InOrder (root=0x555555595030) at splay.cpp:252
#17 0x0000555555557abd in InOrder (root=0x555555865fd0) at splay.cpp:252
#18 0x0000555555557b0d in InOrder (root=0x555555869e90) at splay.cpp:254
#19 0x0000555555557b0d in InOrder (root=0x555555635bd0) at splay.cpp:254
#20 0x0000555555557b0d in InOrder (root=0x5555555e6850) at splay.cpp:254
#21 0x0000555555557b0d in InOrder (root=0x5555558434f0) at splay.cpp:254
#22 0x0000555555557abd in InOrder (root=0x55555568a7b0) at splay.cpp:252
#23 0x0000555555557abd in InOrder (root=0x555555871630) at splay.cpp:252
#24 0x0000555555557abd in InOrder (root=0x5555557fff90) at splay.cpp:252
#25 0x0000555555557b0d in InOrder (root=0x5555556f4f90) at splay.cpp:254
#26 0x0000555555557b0d in InOrder (root=0x555555874690) at splay.cpp:254
#27 0x0000555555557abd in InOrder (root=0x555555874430) at splay.cpp:252
#28 0x0000555555557abd in InOrder (root=0x555555854a70) at splay.cpp:252
#29 0x0000555555557abd in InOrder (root=0x555555788550) at splay.cpp:252
#30 0x0000555555557abd in InOrder (root=0x5555558794f0) at splay.cpp:252
#31 0x0000555555557b0d in InOrder (root=0x5555557bc690) at splay.cpp:254
#32 0x0000555555557abd in InOrder (root=0x5555555d5e90) at splay.cpp:252
#33 0x0000555555557b0d in InOrder (root=0x55555587a530) at splay.cpp:254
#34 0x0000555555557abd in InOrder (root=0x5555556e96d0) at splay.cpp:252
#35 0x0000555555557abd in InOrder (root=0x55555587cab0) at splay.cpp:252
#36 0x0000555555557abd in InOrder (root=0x55555587d1b0) at splay.cpp:252
#37 0x0000555555557b0d in InOrder (root=0x5555555dc010) at splay.cpp:254
#38 0x0000555555557b0d in InOrder (root=0x5555558349b0) at splay.cpp:254
#39 0x0000555555557abd in InOrder (root=0x55555587dc10) at splay.cpp:252
#40 0x0000555555557abd in InOrder (root=0x55555561e0f0) at splay.cpp:252
#41 0x0000555555557b0d in InOrder (root=0x5555557b0cd0) at splay.cpp:254
#42 0x0000555555557abd in InOrder (root=0x55555587dc70) at splay.cpp:252
#43 0x0000555555557abd in InOrder (root=0x555555774870) at splay.cpp:252
#44 0x0000555555557abd in InOrder (root=0x55555587dcb0) at splay.cpp:252
#45 0x0000555555557b0d in InOrder (root=0x555555693810) at splay.cpp:254
#46 0x0000555555557b0d in InOrder (root=0x555555634c10) at splay.cpp:254
#47 0x0000555555557b0d in InOrder (root=0x55555587dcd0) at splay.cpp:254
#48 0x00005555555564fe in main (argc=3, argv=0x7fffffffdfb8) at main.cpp:35

21	in ../sysdeps/unix/sysv/linux/write.c

Backtrace END
Fliping a bit of the value pointed by a pointer
Fliping value of field: key
Memory content before bitflip:0x650x550x1f0x00
Fault Model: Single bit-flip
base address to flip value: 0x555555813150
address max offset: 4
Memory content after  bitflip:0x650x550x1d0x00
frame name: InOrder
symbol name: root
symbol filename: splay.cpp
symbol line: 248
value: 0x555555813150
value address: 0x7fffffffd4e8
Type: The type is a pointer.
Type sizeof: 8

[INFO -- 2018-12-01 08:17:43]
Fault Injection Successful after 1.1710708141326904s
[INFO -- 2018-12-01 08:17:43]
event type: exit
[INFO -- 2018-12-01 08:17:43]
exit code: 0
