[INFO -- 2018-12-01 02:19:49]
Starting flip_value script
version: 1.1
[INFO -- 2018-12-01 02:19:49]
Initialization strings:
[INFO -- 2018-12-01 02:19:49]
(1) file /tmp/splay/main
[INFO -- 2018-12-01 02:19:49]
(2) set args /tmp/splay/input_100000 /tmp/splay/output_100000
[INFO -- 2018-12-01 02:19:49]
initSignal:0
[INFO -- 2018-12-01 02:19:49]
endSignal:5
[INFO -- 2018-12-01 02:19:49]
faultModel:4
[EXCEPTION -- 2018-12-01 02:19:50]
pythonException: Unable to exit loop in struct fields; Exiting wihtout making a bit flip
[INFO -- 2018-12-01 02:19:50]
Backtrace BEGIN:
#0  0x0000555555557b83 in std::char_traits<char>::assign (__c1=<error reading variable>, __c2=@0x7fffffffd6a8: 49 '1') at /usr/include/c++/8/bits/char_traits.h:284
#1  0x0000555555557ee4 in std::bitset<16ul>::_M_copy_to_string<char, std::char_traits<char>, std::allocator<char> > (this=0x7fffffffd760, __s="1", '0' <repeats 15 times>, __zero=48 '0', __one=49 '1') at /usr/include/c++/8/bitset:1414
#2  0x0000555555557ded in std::operator<< <char, std::char_traits<char>, 16ul> (__os=..., __x=std::bitset = {...}) at /usr/include/c++/8/bitset:1542
#3  0x0000555555557ae8 in InOrder (root=0x5555556cd0d0) at splay.cpp:253
#4  0x0000555555557b0d in InOrder (root=0x5555556a1a50) at splay.cpp:254
#5  0x0000555555557b0d in InOrder (root=0x55555579bef0) at splay.cpp:254
#6  0x0000555555557abd in InOrder (root=0x55555566e9b0) at splay.cpp:252
#7  0x0000555555557abd in InOrder (root=0x55555575f790) at splay.cpp:252
#8  0x0000555555557b0d in InOrder (root=0x55555586d230) at splay.cpp:254
#9  0x0000555555557b0d in InOrder (root=0x55555586e5d0) at splay.cpp:254
#10 0x0000555555557b0d in InOrder (root=0x555555873970) at splay.cpp:254
#11 0x0000555555557b0d in InOrder (root=0x555555876e70) at splay.cpp:254
#12 0x0000555555557abd in InOrder (root=0x5555555eb2b0) at splay.cpp:252
#13 0x0000555555557b0d in InOrder (root=0x55555585c310) at splay.cpp:254
#14 0x0000555555557abd in InOrder (root=0x555555877cb0) at splay.cpp:252
#15 0x0000555555557abd in InOrder (root=0x5555558790b0) at splay.cpp:252
#16 0x0000555555557b0d in InOrder (root=0x55555587b790) at splay.cpp:254
#17 0x0000555555557b0d in InOrder (root=0x555555820850) at splay.cpp:254
#18 0x0000555555557abd in InOrder (root=0x5555557f0170) at splay.cpp:252
#19 0x0000555555557abd in InOrder (root=0x55555587bb30) at splay.cpp:252
#20 0x0000555555557abd in InOrder (root=0x55555587c850) at splay.cpp:252
#21 0x0000555555557b0d in InOrder (root=0x5555555d0d10) at splay.cpp:254
#22 0x0000555555557b0d in InOrder (root=0x55555587d430) at splay.cpp:254
#23 0x0000555555557b0d in InOrder (root=0x5555556f88b0) at splay.cpp:254
#24 0x0000555555557b0d in InOrder (root=0x55555574fdf0) at splay.cpp:254
#25 0x0000555555557abd in InOrder (root=0x555555683210) at splay.cpp:252
#26 0x0000555555557abd in InOrder (root=0x55555587dc90) at splay.cpp:252
#27 0x0000555555557abd in InOrder (root=0x555555696ef0) at splay.cpp:252
#28 0x0000555555557abd in InOrder (root=0x55555587dcd0) at splay.cpp:252
#29 0x00005555555564fe in main (argc=3, argv=0x7fffffffdfb8) at main.cpp:35

279	      typedef streampos         pos_type;
280	      typedef streamoff         off_type;
281	      typedef mbstate_t         state_type;
282	
283	      static _GLIBCXX17_CONSTEXPR void
284	      assign(char_type& __c1, const char_type& __c2) _GLIBCXX_NOEXCEPT
285	      { __c1 = __c2; }
286	
287	      static _GLIBCXX_CONSTEXPR bool
288	      eq(const char_type& __c1, const char_type& __c2) _GLIBCXX_NOEXCEPT

Backtrace END
Fliping a bit of the pointer
Memory content before bitflip:0x100xc30x850x550x550x550x000x00
Fault Model: LSB bit-flip
base address to flip value: 0x7fffffffd938
address max offset: 8
Memory content after  bitflip:0x100xc30x850x550x550x550x000x10
frame name: InOrder
symbol name: root
symbol filename: splay.cpp
symbol line: 248
value: 0x55555585c310
value address: 0x7fffffffd938
Type: The type is a pointer.
Type sizeof: 8

[INFO -- 2018-12-01 02:19:50]
Fault Injection Successful after 1.8336167335510254s
[INFO -- 2018-12-01 02:19:50]
event type: exit
[INFO -- 2018-12-01 02:19:50]
exit code: 0
