[INFO -- 2018-12-09 01:05:11]
Starting flip_value script
version: 1.1
[INFO -- 2018-12-09 01:05:11]
Initialization strings:
[INFO -- 2018-12-09 01:05:11]
(1) file /tmp/Tree234/main
[INFO -- 2018-12-09 01:05:11]
(2) set args /tmp/Tree234/input_50000 /tmp/Tree234/output_50000
[INFO -- 2018-12-09 01:05:11]
initSignal:0
[INFO -- 2018-12-09 01:05:11]
endSignal:2
[INFO -- 2018-12-09 01:05:11]
faultModel:4
[INFO -- 2018-12-09 01:05:12]
Backtrace BEGIN:
#0  dl_main (phdr=<optimized out>, phnum=<optimized out>, user_entry=<optimized out>, auxv=<optimized out>) at rtld.c:2206
#1  0x00007ffff7df0632 in _dl_sysdep_start (start_argptr=start_argptr@entry=0x7fffffffdee0, dl_main=dl_main@entry=0x7ffff7dd91e0 <dl_main>) at ../elf/dl-sysdep.c:249
#2  0x00007ffff7dd8c2a in _dl_start_final (arg=0x7fffffffdee0) at rtld.c:323
#3  _dl_start (arg=0x7fffffffdee0) at rtld.c:429
#4  0x00007ffff7dd7c38 in _start () from /lib64/ld-linux-x86-64.so.2
#5  0x0000000000000003 in ?? ()
#6  0x00007fffffffe25f in ?? ()
#7  0x00007fffffffe271 in ?? ()
#8  0x00007fffffffe28a in ?? ()
#9  0x0000000000000000 in ?? ()

2201	in rtld.c

Backtrace END
Fliping value of field: next
Fliping a bit of the pointer
Memory content before bitflip:0xd00xdf0xff0xf70xff0x7f0x000x00
Fault Model: LSB bit-flip
base address to flip value: 0x7ffff7ffe028 
address max offset: 8
Memory content after  bitflip:0xd00xdf0xff0xf70xff0x7f0x000x10
frame name: _dl_start
symbol name: _dl_rtld_libname
symbol filename: rtld.c
symbol line: 210
value: {name = 0x400238 "/lib64/ld-linux-x86-64.so.2", next = 0x10007ffff7ffdfd0, dont_free = 0}
value address: 0x7ffff7ffe020 <_dl_rtld_libname>
Type: The type is a structure.
Type sizeof: 24
Field name: name
Field Type: The type is a pointer.
Field Type sizeof: 8
Field name: next
Field Type: The type is a pointer.
Field Type sizeof: 8
Field name: dont_free
Field Type: The type is an integer type.
Field Type sizeof: 4

[INFO -- 2018-12-09 01:05:12]
Fault Injection Successful after 1.030860424041748s
[INFO -- 2018-12-09 01:05:12]
event type: exit
[INFO -- 2018-12-09 01:05:12]
exit code: 0
