[INFO -- 2018-12-01 12:27:49]
sending 5 signals using command: 'killall -2 main' after 1.95792941386s
[INFO -- 2018-12-01 12:27:50]
sending 5 signals using command: 'killall -2 main' after 2.79362790977s
[INFO -- 2018-12-01 12:27:50]
sending 5 signals using command: 'killall -2 main' after 3.63644449471s
[INFO -- 2018-12-01 12:27:50]
Starting GDB script
[INFO -- 2018-12-01 12:27:50]
initSignal:0.0
[INFO -- 2018-12-01 12:27:50]
endSignal:5.0
[INFO -- 2018-12-01 12:27:51]
sending 5 signals using command: 'killall -2 main' after 0.244616236353s
[INFO -- 2018-12-01 12:27:51]
sending 5 signals using command: 'killall -2 main' after 0.631209103333s
[INFO -- 2018-12-01 12:27:51]
sending 5 signals using command: 'killall -2 main' after 0.770775111431s
[INFO -- 2018-12-01 12:27:52]
Execution finished before waitTime
