[INFO -- 2018-11-30 17:45:06]
Starting flip_value script
version: 1.1
[INFO -- 2018-11-30 17:45:06]
Initialization strings:
[INFO -- 2018-11-30 17:45:06]
(1) file /tmp/splay/main
[INFO -- 2018-11-30 17:45:06]
(2) set args /tmp/splay/input_100000 /tmp/splay/output_100000
[INFO -- 2018-11-30 17:45:06]
initSignal:0
[INFO -- 2018-11-30 17:45:06]
endSignal:5
[INFO -- 2018-11-30 17:45:06]
faultModel:4
[EXCEPTION -- 2018-11-30 17:45:06]
pythonException: empty range for randrange() (0,0, 0)
[INFO -- 2018-11-30 17:45:06]
Backtrace BEGIN:
#0  Splay (key=3667710, root=0x555555624610) at splay.cpp:83
#1  0x0000555555557916 in Insert (key=3667710, root=0x55555568f550) at splay.cpp:145
#2  0x00005555555564bb in main (argc=3, argv=0x7fffffffdfb8) at main.cpp:31

78			}
79			else if(key > root->key)
80			{
81				if(!root->rchild)
82					break;
83				if(key > root->rchild->key)
84				{
85					root = LL_Rotate(root);/* only zag-zag mode need to rotate once,
86											  because zag-zig mode is handled as zag
87											  mode, which doesn't require rotate, 

Backtrace END
Fliping a bit of the pointer
Memory content before bitflip:0x500xf50x680x550x550x550x000x00
Fault Model: LSB bit-flip
base address to flip value: 0x7fffffffdc10
address max offset: 8
Memory content after  bitflip:0x500xf50x680x550x550x550x000x80
frame name: Insert
symbol name: root
symbol filename: splay.cpp
symbol line: 132
value: 0x55555568f550
value address: 0x7fffffffdc10
Type: The type is a pointer.
Type sizeof: 8

[INFO -- 2018-11-30 17:45:06]
Fault Injection Successful after 0.9074563980102539s
[INFO -- 2018-11-30 17:45:07]
event type: exit
[INFO -- 2018-11-30 17:45:07]
exit code: 0
