[INFO -- 2018-10-12 03:41:23]
Starting flip_value script
version: 1.1
[INFO -- 2018-10-12 03:41:23]
Initialization strings:
[INFO -- 2018-10-12 03:41:23]
(1) file /tmp/BTree/main
[INFO -- 2018-10-12 03:41:23]
(2)  set args /tmp/BTree/input_100000 /tmp/BTree/output_100000
[INFO -- 2018-10-12 03:41:23]
initSignal:0
[INFO -- 2018-10-12 03:41:23]
endSignal:2
[INFO -- 2018-10-12 03:41:23]
faultModel:4
[EXCEPTION -- 2018-10-12 03:41:23]
pythonException: Unable to exit loop in struct fields; Exiting wihtout making a bit flip
[EXCEPTION -- 2018-10-12 03:41:23]
pythonException: Unable to exit loop in struct fields; Exiting wihtout making a bit flip
[INFO -- 2018-10-12 03:41:23]
event type: exit
[INFO -- 2018-10-12 03:41:23]
exit code: 0
