[INFO -- 2018-10-12 03:19:35]
Starting flip_value script
version: 1.1
[INFO -- 2018-10-12 03:19:35]
Initialization strings:
[INFO -- 2018-10-12 03:19:35]
(1) file /tmp/BTree/main
[INFO -- 2018-10-12 03:19:35]
(2)  set args /tmp/BTree/input_100000 /tmp/BTree/output_100000
[INFO -- 2018-10-12 03:19:35]
initSignal:0
[INFO -- 2018-10-12 03:19:35]
endSignal:2
[INFO -- 2018-10-12 03:19:35]
faultModel:2
[EXCEPTION -- 2018-10-12 03:19:36]
gdbException: Tentativo de desreferenciar um ponteiro genérico.
[INFO -- 2018-10-12 03:19:36]
Backtrace BEGIN:
#0  0x0000555555556061 in BTreeNode::insertNonFull (this=0x555555886ce0, k=1101) at BTree.cpp:525
#1  0x00005555555560d9 in BTreeNode::insertNonFull (this=0x5555558863e0, k=1101) at BTree.cpp:533
#2  0x00005555555560d9 in BTreeNode::insertNonFull (this=0x5555558856f0, k=1101) at BTree.cpp:533
#3  0x00005555555560d9 in BTreeNode::insertNonFull (this=0x5555558855d0, k=1101) at BTree.cpp:533
#4  0x00005555555560d9 in BTreeNode::insertNonFull (this=0x55555587fea0, k=1101) at BTree.cpp:533
#5  0x00005555555560d9 in BTreeNode::insertNonFull (this=0x55555587ff30, k=1101) at BTree.cpp:533
#6  0x00005555555560d9 in BTreeNode::insertNonFull (this=0x555555858540, k=1101) at BTree.cpp:533
#7  0x00005555555560d9 in BTreeNode::insertNonFull (this=0x5555558584b0, k=1101) at BTree.cpp:533
#8  0x0000555555555f18 in BTree::insert (this=0x7fffffffddc0, k=1101) at BTree.cpp:487
#9  0x0000555555556601 in main (argc=3, argv=0x7fffffffded8) at BTree.cpp:665

520	
521			// See if the found child is full
522			if (C[i+1]->n == 2*t-1)
523			{
524				// If the child is full, then split it
525				splitChild(i+1, C[i+1]);
526	
527				// After split, the middle key of C[i] goes up and
528				// C[i] is splitted into two. See which of the two
529				// is going to have the new key

Backtrace END
Fliping a bit of the value pointed by a pointer
Fliping a bit of the pointer
Memory content before bitflip:0x790xe20xff0xff0xff0x7f0x000x00
Fault Model: Random bit-flip
base address to flip value: 0x7fffffffded8
address max offset: 8
Memory content after  bitflip:0x4e0xe10xe70xc10x6e0xd10x040x93
frame name: main
symbol name: argv
symbol filename: BTree.cpp
symbol line: 650
value: 0x7fffffffded8
value address: 0x7fffffffdda0
Type: The type is a pointer.
Type sizeof: 8

[INFO -- 2018-10-12 03:19:36]
Fault Injection Successful after 1.3661069869995117s
[INFO -- 2018-10-12 03:19:36]
event type: exit
[INFO -- 2018-10-12 03:19:36]
exit code: 0
