[INFO -- 2018-11-25 16:25:05]
Starting flip_value script
version: 1.1
[INFO -- 2018-11-25 16:25:05]
Initialization strings:
[INFO -- 2018-11-25 16:25:05]
(1) file /tmp/BTree-dup/main
[INFO -- 2018-11-25 16:25:05]
(2)  set args /tmp/BTree-dup/input_100000 /tmp/BTree-dup/output_100000 /tmp/BTree-dup-detection.log /tmp/BTree-dup/output2_100000
[INFO -- 2018-11-25 16:25:05]
initSignal:0
[INFO -- 2018-11-25 16:25:05]
endSignal:2
[INFO -- 2018-11-25 16:25:05]
faultModel:1
[INFO -- 2018-11-25 16:25:07]
Backtrace BEGIN:
#0  0x00007ffff7333c8e in __libc_open64 (file=file@entry=0x7fffffffe280 "/tmp/BTree-dup/output2_100000", oflag=577) at ../sysdeps/unix/sysv/linux/open64.c:47
#1  0x00007ffff72b058a in __GI__IO_file_open (is32not64=1, read_write=4, prot=438, posix_mode=<optimized out>, filename=0x7fffffffe280 "/tmp/BTree-dup/output2_100000", fp=0x7ffff7610760 <_IO_2_1_stdout_>) at fileops.c:189
#2  _IO_new_file_fopen (fp=fp@entry=0x7ffff7610760 <_IO_2_1_stdout_>, filename=filename@entry=0x7fffffffe280 "/tmp/BTree-dup/output2_100000", mode=<optimized out>, mode@entry=0x5555555586d1 "w", is32not64=is32not64@entry=1) at fileops.c:281
#3  0x00007ffff72abab5 in freopen (filename=0x7fffffffe280 "/tmp/BTree-dup/output2_100000", mode=0x5555555586d1 "w", fp=0x7ffff7610760 <_IO_2_1_stdout_>) at freopen.c:69
#4  0x0000555555556fed in main (argc=5, argv=0x7fffffffde68) at BTree_dup.cpp:724

42	../sysdeps/unix/sysv/linux/open64.c: Arquivo ou diretório inexistente.

Backtrace END
Fliping value of field: root
Fliping a bit of the value pointed by a pointer
Fliping value of field: leaf
Memory content before bitflip:0x00
Fault Model: Double bit-flip
base address to flip value: 0x555555a2ab4c
address max offset: 1
Memory content after  bitflip:0x88
frame name: main
symbol name: bTree1
symbol filename: BTree_dup.cpp
symbol line: 704
value: {root = 0x555555a2ab30, t = 3}
value address: 0x7fffffffdd40
Type: The type is a structure.
Type sizeof: 16
Field name: root
Field Type: The type is a pointer.
Field Type sizeof: 8
Field name: t
Field Type: The type is an integer type.
Field Type sizeof: 4

[INFO -- 2018-11-25 16:25:07]
Fault Injection Successful after 2.110257863998413s
[INFO -- 2018-11-25 16:25:07]
event type: exit
[INFO -- 2018-11-25 16:25:07]
exit code: 0
