[INFO -- 2018-12-01 05:58:31]
Starting flip_value script
version: 1.1
[INFO -- 2018-12-01 05:58:31]
Initialization strings:
[INFO -- 2018-12-01 05:58:31]
(1) file /tmp/splay/main
[INFO -- 2018-12-01 05:58:31]
(2) set args /tmp/splay/input_100000 /tmp/splay/output_100000
[INFO -- 2018-12-01 05:58:31]
initSignal:0
[INFO -- 2018-12-01 05:58:31]
endSignal:5
[INFO -- 2018-12-01 05:58:31]
faultModel:1
[INFO -- 2018-12-01 05:58:31]
Backtrace BEGIN:
#0  std::bitset<16ul>::_M_copy_to_string<char, std::char_traits<char>, std::allocator<char> > (this=0x7fffffffd610, __s="0111011101010110", __zero=48 '0', __one=49 '1') at /usr/include/c++/8/bitset:1412
#1  0x0000555555557ded in std::operator<< <char, std::char_traits<char>, 16ul> (__os=..., __x=std::bitset = {...}) at /usr/include/c++/8/bitset:1542
#2  0x0000555555557ae8 in InOrder (root=0x55555559f6b0) at splay.cpp:253
#3  0x0000555555557abd in InOrder (root=0x5555555d8270) at splay.cpp:252
#4  0x0000555555557b0d in InOrder (root=0x5555557b5db0) at splay.cpp:254
#5  0x0000555555557b0d in InOrder (root=0x55555574df10) at splay.cpp:254
#6  0x0000555555557b0d in InOrder (root=0x55555583ffd0) at splay.cpp:254
#7  0x0000555555557b0d in InOrder (root=0x55555566d030) at splay.cpp:254
#8  0x0000555555557b0d in InOrder (root=0x555555858e10) at splay.cpp:254
#9  0x0000555555557abd in InOrder (root=0x555555859e50) at splay.cpp:252
#10 0x0000555555557b0d in InOrder (root=0x555555858af0) at splay.cpp:254
#11 0x0000555555557abd in InOrder (root=0x55555585af10) at splay.cpp:252
#12 0x0000555555557abd in InOrder (root=0x5555556e2130) at splay.cpp:252
#13 0x0000555555557abd in InOrder (root=0x555555871ab0) at splay.cpp:252
#14 0x0000555555557abd in InOrder (root=0x555555873e30) at splay.cpp:252
#15 0x0000555555557b0d in InOrder (root=0x555555832af0) at splay.cpp:254
#16 0x0000555555557abd in InOrder (root=0x5555555e48d0) at splay.cpp:252
#17 0x0000555555557b0d in InOrder (root=0x5555557cf3d0) at splay.cpp:254
#18 0x0000555555557abd in InOrder (root=0x55555587aa30) at splay.cpp:252
#19 0x0000555555557abd in InOrder (root=0x5555556a0cd0) at splay.cpp:252
#20 0x0000555555557b0d in InOrder (root=0x55555587c250) at splay.cpp:254
#21 0x0000555555557b0d in InOrder (root=0x5555557c9250) at splay.cpp:254
#22 0x0000555555557b0d in InOrder (root=0x55555587ccb0) at splay.cpp:254
#23 0x0000555555557abd in InOrder (root=0x55555587d1f0) at splay.cpp:252
#24 0x0000555555557abd in InOrder (root=0x55555587d350) at splay.cpp:252
#25 0x0000555555557b0d in InOrder (root=0x5555555eff30) at splay.cpp:254
#26 0x0000555555557abd in InOrder (root=0x555555602730) at splay.cpp:252
#27 0x0000555555557abd in InOrder (root=0x55555587daf0) at splay.cpp:252
#28 0x0000555555557abd in InOrder (root=0x55555587db70) at splay.cpp:252
#29 0x0000555555557abd in InOrder (root=0x555555602350) at splay.cpp:252
#30 0x0000555555557abd in InOrder (root=0x55555574fdf0) at splay.cpp:252
#31 0x0000555555557abd in InOrder (root=0x555555683210) at splay.cpp:252
#32 0x0000555555557abd in InOrder (root=0x55555587dc90) at splay.cpp:252
#33 0x0000555555557abd in InOrder (root=0x555555696ef0) at splay.cpp:252
#34 0x0000555555557abd in InOrder (root=0x55555587dcd0) at splay.cpp:252
#35 0x00005555555564fe in main (argc=3, argv=0x7fffffffdfb8) at main.cpp:35

1407	      bitset<_Nb>::
1408	      _M_copy_to_string(std::basic_string<_CharT, _Traits, _Alloc>& __s,
1409				_CharT __zero, _CharT __one) const
1410	      {
1411		__s.assign(_Nb, __zero);
1412		for (size_t __i = _Nb; __i > 0; --__i)
1413		  if (_Unchecked_test(__i - 1))
1414		    _Traits::assign(__s[_Nb - __i], __one);
1415	      }
1416	

Backtrace END
Fliping a bit of the pointer
Memory content before bitflip:0x100xd60xff0xff0xff0x7f0x000x00
Fault Model: Double bit-flip
base address to flip value: 0x7fffffffd568
address max offset: 8
Memory content after  bitflip:0x100xd60x5f0xff0xff0x7f0x000x00
frame name: std::bitset<16ul>::_M_copy_to_string<char, std::char_traits<char>, std::allocator<char> >
symbol name: this
symbol filename: splay.cpp
symbol line: 0
value: 0x7fffffffd610
value address: 0x7fffffffd568
Type: The type is a pointer.
Type sizeof: 8

[INFO -- 2018-12-01 05:58:31]
Fault Injection Successful after 0.6306843757629395s
[INFO -- 2018-12-01 05:58:31]
event type: exit
[INFO -- 2018-12-01 05:58:31]
exit code: 0
