[INFO -- 2018-11-26 00:11:25]
Starting flip_value script
version: 1.1
[INFO -- 2018-11-26 00:11:25]
Initialization strings:
[INFO -- 2018-11-26 00:11:25]
(1) file /tmp/BTree-dup/main
[INFO -- 2018-11-26 00:11:25]
(2)  set args /tmp/BTree-dup/input_100000 /tmp/BTree-dup/output_100000 /tmp/BTree-dup-detection.log /tmp/BTree-dup/output2_100000
[INFO -- 2018-11-26 00:11:25]
initSignal:0
[INFO -- 2018-11-26 00:11:25]
endSignal:2
[INFO -- 2018-11-26 00:11:25]
faultModel:3
[INFO -- 2018-11-26 00:11:27]
Backtrace BEGIN:
#0  0x000055555555722e in std::_Base_bitset<1ul>::_S_whichbit (__pos=14) at /usr/include/c++/7/bitset:399
#1  0x000055555555724b in std::_Base_bitset<1ul>::_S_maskbit (__pos=14) at /usr/include/c++/7/bitset:403
#2  0x000055555555790d in std::bitset<16ul>::_Unchecked_test (this=0x7fffffffdac0, __pos=14) at /usr/include/c++/7/bitset:1058
#3  0x0000555555557681 in std::bitset<16ul>::_M_copy_to_string<char, std::char_traits<char>, std::allocator<char> > (this=0x7fffffffdac0, __s="1", '0' <repete 15 vezes>, __zero=48 '0', __one=49 '1') at /usr/include/c++/7/bitset:1409
#4  0x00005555555573d7 in std::operator<< <char, std::char_traits<char>, 16ul> (__os=..., __x=std::bitset = {...}) at /usr/include/c++/7/bitset:1538
#5  0x0000555555556912 in BTreeNode::traverse (this=0x555555f73f80) at BTree_dup.cpp:594
#6  0x000055555555695f in BTreeNode::traverse (this=0x555555d5c9c0) at BTree_dup.cpp:599
#7  0x00005555555568d7 in BTreeNode::traverse (this=0x555555fcc510) at BTree_dup.cpp:593
#8  0x000055555555695f in BTreeNode::traverse (this=0x55555602b070) at BTree_dup.cpp:599
#9  0x00005555555568d7 in BTreeNode::traverse (this=0x55555602e790) at BTree_dup.cpp:593
#10 0x000055555555695f in BTreeNode::traverse (this=0x555555c207c0) at BTree_dup.cpp:599
#11 0x000055555555695f in BTreeNode::traverse (this=0x555555dbe580) at BTree_dup.cpp:599
#12 0x00005555555568d7 in BTreeNode::traverse (this=0x555555ce1f30) at BTree_dup.cpp:593
#13 0x00005555555568d7 in BTreeNode::traverse (this=0x555555ef6e20) at BTree_dup.cpp:593
#14 0x00005555555572bb in BTree::traverse (this=0x7fffffffdd50) at BTree_dup.cpp:139
#15 0x0000555555556ff9 in main (argc=5, argv=0x7fffffffde68) at BTree_dup.cpp:725

394	      _S_whichbyte(size_t __pos) _GLIBCXX_NOEXCEPT
395	      { return (__pos % _GLIBCXX_BITSET_BITS_PER_WORD) / __CHAR_BIT__; }
396	
397	      static _GLIBCXX_CONSTEXPR size_t
398	      _S_whichbit(size_t __pos) _GLIBCXX_NOEXCEPT
399	      {  return __pos % _GLIBCXX_BITSET_BITS_PER_WORD; }
400	
401	      static _GLIBCXX_CONSTEXPR _WordT
402	      _S_maskbit(size_t __pos) _GLIBCXX_NOEXCEPT
403	      { return (static_cast<_WordT>(1)) << _S_whichbit(__pos); }

Backtrace END
Memory content before bitflip:0x030x000x000x00
Fault Model: Zero bit-flip
base address to flip value: 0x7fffffffdc3c
address max offset: 4
Memory content after  bitflip:0x000x000x000x00
frame name: BTreeNode::traverse
symbol name: i
symbol filename: BTree_dup.cpp
symbol line: 587
value: 0
value address: 0x7fffffffdc3c
Type: The type is an integer type.
Type sizeof: 4

[INFO -- 2018-11-26 00:11:27]
Fault Injection Successful after 2.772146224975586s
[INFO -- 2018-11-26 00:11:28]
event type: exit
[INFO -- 2018-11-26 00:11:28]
exit code: 0
