[INFO -- 2018-10-16 23:49:01]
Starting flip_value script
version: 1.1
[INFO -- 2018-10-16 23:49:01]
Initialization strings:
[INFO -- 2018-10-16 23:49:01]
(1) file /tmp/Tree234/main
[INFO -- 2018-10-16 23:49:01]
(2) set args /tmp/Tree234/input_50000 /tmp/Tree234/output_50000
[INFO -- 2018-10-16 23:49:01]
initSignal:0
[INFO -- 2018-10-16 23:49:01]
endSignal:2
[INFO -- 2018-10-16 23:49:01]
faultModel:0
[INFO -- 2018-10-16 23:49:02]
Backtrace BEGIN:
#0  dl_main (phdr=<optimized out>, phnum=<optimized out>, user_entry=<optimized out>, auxv=<optimized out>) at rtld.c:2206
#1  0x00007ffff7df0632 in _dl_sysdep_start (start_argptr=start_argptr@entry=0x7fffffffde70, dl_main=dl_main@entry=0x7ffff7dd91e0 <dl_main>) at ../elf/dl-sysdep.c:249
#2  0x00007ffff7dd8c2a in _dl_start_final (arg=0x7fffffffde70) at rtld.c:323
#3  _dl_start (arg=0x7fffffffde70) at rtld.c:429
#4  0x00007ffff7dd7c38 in _start () from /lib64/ld-linux-x86-64.so.2
#5  0x0000000000000003 in ?? ()
#6  0x00007fffffffe20c in ?? ()
#7  0x00007fffffffe21e in ?? ()
#8  0x00007fffffffe237 in ?? ()
#9  0x0000000000000000 in ?? ()

2201	in rtld.c

Backtrace END
Memory content before bitflip:0x270x410xaa0x9b0xbb0xa80x320x5f
Fault Model: Single bit-flip
base address to flip value: 0x7ffff7ffcc70 
address max offset: 8
Memory content after  bitflip:0x270xc10xaa0x9b0xbb0xa80x320x5f
frame name: dl_main
symbol name: __pointer_chk_guard_local
symbol filename: rtld.c
symbol line: 96
value: 6859730706162696487
value address: 0x7ffff7ffcc70 <__pointer_chk_guard_local>
Type: The type is an integer type.
Type sizeof: 8

[INFO -- 2018-10-16 23:49:02]
Fault Injection Successful after 1.2537810802459717s
[INFO -- 2018-10-16 23:49:02]
event type: exit
[INFO -- 2018-10-16 23:49:02]
exit code: 0
