[INFO -- 2018-10-12 06:56:54]
Starting flip_value script
version: 1.1
[INFO -- 2018-10-12 06:56:54]
Initialization strings:
[INFO -- 2018-10-12 06:56:54]
(1) file /tmp/BTree/main
[INFO -- 2018-10-12 06:56:54]
(2)  set args /tmp/BTree/input_100000 /tmp/BTree/output_100000
[INFO -- 2018-10-12 06:56:54]
initSignal:0
[INFO -- 2018-10-12 06:56:54]
endSignal:2
[INFO -- 2018-10-12 06:56:54]
faultModel:2
[EXCEPTION -- 2018-10-12 06:56:54]
gdbException: Tentativo de desreferenciar um ponteiro genérico.
[INFO -- 2018-10-12 06:56:55]
event type: exit
[INFO -- 2018-10-12 06:56:55]
exit code: 0
