[INFO -- 2018-12-01 10:20:40]
Starting flip_value script
version: 1.1
[INFO -- 2018-12-01 10:20:40]
Initialization strings:
[INFO -- 2018-12-01 10:20:40]
(1) file /tmp/splay/main
[INFO -- 2018-12-01 10:20:40]
(2) set args /tmp/splay/input_100000 /tmp/splay/output_100000
[INFO -- 2018-12-01 10:20:40]
initSignal:0
[INFO -- 2018-12-01 10:20:40]
endSignal:5
[INFO -- 2018-12-01 10:20:40]
faultModel:2
[INFO -- 2018-12-01 10:20:40]
Backtrace BEGIN:
#0  _IO_new_file_write (f=0x7ffff7e10760 <_IO_2_1_stdout_>, data=0x55555587dcf0, n=17) at fileops.c:1189
#1  0x00007ffff7cb7a71 in new_do_write (to_do=17, data=0x55555587dcf0 "0101011000111100\n", fp=0x7ffff7e10760 <_IO_2_1_stdout_>) at libioP.h:839
#2  _IO_new_do_write (fp=0x7ffff7e10760 <_IO_2_1_stdout_>, data=0x55555587dcf0 "0101011000111100\n", to_do=17) at fileops.c:433
#3  0x00007ffff7cb56f8 in _IO_new_file_sync (fp=0x7ffff7e10760 <_IO_2_1_stdout_>) at fileops.c:819
#4  0x00007ffff7caa32d in __GI__IO_fflush (fp=0x7ffff7e10760 <_IO_2_1_stdout_>) at libioP.h:839
#5  0x00007ffff7f4201e in std::ostream::flush() () from /usr/lib/x86_64-linux-gnu/libstdc++.so.6
#6  0x0000555555557afd in InOrder (root=0x5555557d0170) at splay.cpp:253
#7  0x0000555555557b0d in InOrder (root=0x55555584d470) at splay.cpp:254
#8  0x0000555555557abd in InOrder (root=0x5555558672d0) at splay.cpp:252
#9  0x0000555555557abd in InOrder (root=0x555555816d50) at splay.cpp:252
#10 0x0000555555557b0d in InOrder (root=0x55555586a190) at splay.cpp:254
#11 0x0000555555557b0d in InOrder (root=0x5555556acb90) at splay.cpp:254
#12 0x0000555555557b0d in InOrder (root=0x5555556fc5b0) at splay.cpp:254
#13 0x0000555555557abd in InOrder (root=0x55555586d750) at splay.cpp:252
#14 0x0000555555557abd in InOrder (root=0x5555555c0c30) at splay.cpp:252
#15 0x0000555555557abd in InOrder (root=0x5555558758d0) at splay.cpp:252
#16 0x0000555555557abd in InOrder (root=0x555555875f30) at splay.cpp:252
#17 0x0000555555557abd in InOrder (root=0x5555558731d0) at splay.cpp:252
#18 0x0000555555557b0d in InOrder (root=0x55555570afd0) at splay.cpp:254
#19 0x0000555555557b0d in InOrder (root=0x555555876410) at splay.cpp:254
#20 0x0000555555557abd in InOrder (root=0x55555587c370) at splay.cpp:252
#21 0x0000555555557abd in InOrder (root=0x55555586f0f0) at splay.cpp:252
#22 0x0000555555557b0d in InOrder (root=0x5555555bd830) at splay.cpp:254
#23 0x0000555555557b0d in InOrder (root=0x55555587c950) at splay.cpp:254
#24 0x0000555555557abd in InOrder (root=0x55555587ce30) at splay.cpp:252
#25 0x0000555555557abd in InOrder (root=0x55555587d3d0) at splay.cpp:252
#26 0x0000555555557abd in InOrder (root=0x555555752030) at splay.cpp:252
#27 0x0000555555557b0d in InOrder (root=0x55555587db90) at splay.cpp:254
#28 0x0000555555557b0d in InOrder (root=0x55555585f590) at splay.cpp:254
#29 0x0000555555557b0d in InOrder (root=0x55555587db50) at splay.cpp:254
#30 0x0000555555557abd in InOrder (root=0x555555774190) at splay.cpp:252
#31 0x0000555555557b0d in InOrder (root=0x555555774870) at splay.cpp:254
#32 0x0000555555557abd in InOrder (root=0x55555587dcb0) at splay.cpp:252
#33 0x0000555555557b0d in InOrder (root=0x555555693810) at splay.cpp:254
#34 0x0000555555557b0d in InOrder (root=0x555555634c10) at splay.cpp:254
#35 0x0000555555557b0d in InOrder (root=0x55555587dcd0) at splay.cpp:254
#36 0x00005555555564fe in main (argc=3, argv=0x7fffffffdfb8) at main.cpp:35

1184	in fileops.c

Backtrace END
Fliping value of field: __pbackfail
Fliping a bit of the pointer
Memory content before bitflip:0xc00xa50xcb0xf70xff0x7f0x000x00
Fault Model: Random bit-flip
base address to flip value: 0x7ffff7e0c150 
address max offset: 8
Memory content after  bitflip:0x580xbe0xce0x9e0x050x020x220x7e
frame name: new_do_write
symbol name: _IO_file_jumps_maybe_mmap
symbol filename: fileops.c
symbol line: 1489
value: {__dummy = 0, __dummy2 = 0, __finish = 0x7ffff7cb6e30 <_IO_new_file_finish>, __overflow = 0x7ffff7cb7e00 <_IO_new_file_overflow>, __underflow = 0x7ffff7cb5c70 <_IO_file_underflow_maybe_mmap>, __uflow = 0x7ffff7cb8f60 <__GI__IO_default_uflow>, __pbackfail = 0x7e2202059ecebe58, __xsputn = 0x7ffff7cb68f0 <_IO_new_file_xsputn>, __xsgetn = 0x7ffff7cb5cc0 <_IO_file_xsgetn_maybe_mmap>, __seekoff = 0x7ffff7cb55d0 <_IO_file_seekoff_maybe_mmap>, __seekpos = 0x7ffff7cb9610 <_IO_default_seekpos>, __setbuf = 0x7ffff7cb5770 <_IO_file_setbuf_mmap>, __sync = 0x7ffff7cb5640 <_IO_new_file_sync>, __doallocate = 0x7ffff7ca9c10 <__GI__IO_file_doallocate>, __read = 0x7ffff7cb68d0 <__GI__IO_file_read>, __write = 0x7ffff7cb6310 <_IO_new_file_write>, __seek = 0x7ffff7cb5a60 <__GI__IO_file_seek>, __close = 0x7ffff7cb5730 <__GI__IO_file_close>, __stat = 0x7ffff7cb6300 <__GI__IO_file_stat>, __showmanyc = 0x7ffff7cba740 <_IO_default_showmanyc>, __imbue = 0x7ffff7cba750 <_IO_default_imbue>}
value address: 0x7ffff7e0c120 <_IO_file_jumps_maybe_mmap>
Type: The type is a structure.
Type sizeof: 168
Field name: __dummy
Field Type: The type is an integer type.
Field Type sizeof: 8
Field name: __dummy2
Field Type: The type is an integer type.
Field Type sizeof: 8
Field name: __finish
Field Type: The type is a pointer.
Field Type sizeof: 8
Field name: __overflow
Field Type: The type is a pointer.
Field Type sizeof: 8
Field name: __underflow
Field Type: The type is a pointer.
Field Type sizeof: 8
Field name: __uflow
Field Type: The type is a pointer.
Field Type sizeof: 8
Field name: __pbackfail
Field Type: The type is a pointer.
Field Type sizeof: 8
Field name: __xsputn
Field Type: The type is a pointer.
Field Type sizeof: 8
Field name: __xsgetn
Field Type: The type is a pointer.
Field Type sizeof: 8
Field name: __seekoff
Field Type: The type is a pointer.
Field Type sizeof: 8
Field name: __seekpos
Field Type: The type is a pointer.
Field Type sizeof: 8
Field name: __setbuf
Field Type: The type is a pointer.
Field Type sizeof: 8
Field name: __sync
Field Type: The type is a pointer.
Field Type sizeof: 8
Field name: __doallocate
Field Type: The type is a pointer.
Field Type sizeof: 8
Field name: __read
Field Type: The type is a pointer.
Field Type sizeof: 8
Field name: __write
Field Type: The type is a pointer.
Field Type sizeof: 8
Field name: __seek
Field Type: The type is a pointer.
Field Type sizeof: 8
Field name: __close
Field Type: The type is a pointer.
Field Type sizeof: 8
Field name: __stat
Field Type: The type is a pointer.
Field Type sizeof: 8
Field name: __showmanyc
Field Type: The type is a pointer.
Field Type sizeof: 8
Field name: __imbue
Field Type: The type is a pointer.
Field Type sizeof: 8

[INFO -- 2018-12-01 10:20:40]
Fault Injection Successful after 0.7083022594451904s
[INFO -- 2018-12-01 10:20:40]
event type: exit
[INFO -- 2018-12-01 10:20:40]
exit code: 0
