[INFO -- 2018-11-30 23:07:21]
Starting flip_value script
version: 1.1
[INFO -- 2018-11-30 23:07:21]
Initialization strings:
[INFO -- 2018-11-30 23:07:21]
(1) file /tmp/splay/main
[INFO -- 2018-11-30 23:07:21]
(2) set args /tmp/splay/input_100000 /tmp/splay/output_100000
[INFO -- 2018-11-30 23:07:21]
initSignal:0
[INFO -- 2018-11-30 23:07:21]
endSignal:5
[INFO -- 2018-11-30 23:07:21]
faultModel:3
[EXCEPTION -- 2018-11-30 23:07:22]
pythonException: Unable to exit loop in struct fields; Exiting wihtout making a bit flip
[INFO -- 2018-11-30 23:07:22]
Backtrace BEGIN:
#0  0x0000555555557ab5 in InOrder (root=0x5555555f4eb0) at splay.cpp:252
#1  0x0000555555557b0d in InOrder (root=0x5555555bc070) at splay.cpp:254
#2  0x0000555555557b0d in InOrder (root=0x555555844b90) at splay.cpp:254
#3  0x0000555555557abd in InOrder (root=0x55555584da50) at splay.cpp:252
#4  0x0000555555557abd in InOrder (root=0x55555564af30) at splay.cpp:252
#5  0x0000555555557b0d in InOrder (root=0x555555853c30) at splay.cpp:254
#6  0x0000555555557b0d in InOrder (root=0x5555557bc670) at splay.cpp:254
#7  0x0000555555557abd in InOrder (root=0x55555585d730) at splay.cpp:252
#8  0x0000555555557b0d in InOrder (root=0x5555557df450) at splay.cpp:254
#9  0x0000555555557abd in InOrder (root=0x555555635b50) at splay.cpp:252
#10 0x0000555555557b0d in InOrder (root=0x555555860a30) at splay.cpp:254
#11 0x0000555555557b0d in InOrder (root=0x555555673990) at splay.cpp:254
#12 0x0000555555557b0d in InOrder (root=0x55555585a990) at splay.cpp:254
#13 0x0000555555557abd in InOrder (root=0x555555833c70) at splay.cpp:252
#14 0x0000555555557abd in InOrder (root=0x555555877670) at splay.cpp:252
#15 0x0000555555557b0d in InOrder (root=0x5555556f4150) at splay.cpp:254
#16 0x0000555555557b0d in InOrder (root=0x55555587a690) at splay.cpp:254
#17 0x0000555555557b0d in InOrder (root=0x55555587c970) at splay.cpp:254
#18 0x0000555555557abd in InOrder (root=0x555555671630) at splay.cpp:252
#19 0x0000555555557b0d in InOrder (root=0x55555587ca30) at splay.cpp:254
#20 0x0000555555557abd in InOrder (root=0x55555587cb90) at splay.cpp:252
#21 0x0000555555557abd in InOrder (root=0x55555569cd70) at splay.cpp:252
#22 0x0000555555557b0d in InOrder (root=0x555555651630) at splay.cpp:254
#23 0x0000555555557b0d in InOrder (root=0x55555587d470) at splay.cpp:254
#24 0x0000555555557abd in InOrder (root=0x55555587d530) at splay.cpp:252
#25 0x0000555555557b0d in InOrder (root=0x5555555cec10) at splay.cpp:254
#26 0x0000555555557abd in InOrder (root=0x5555556f88b0) at splay.cpp:252
#27 0x0000555555557b0d in InOrder (root=0x55555574fdf0) at splay.cpp:254
#28 0x0000555555557abd in InOrder (root=0x555555683210) at splay.cpp:252
#29 0x0000555555557abd in InOrder (root=0x55555587dc90) at splay.cpp:252
#30 0x0000555555557abd in InOrder (root=0x555555696ef0) at splay.cpp:252
#31 0x0000555555557abd in InOrder (root=0x55555587dcd0) at splay.cpp:252
#32 0x00005555555564fe in main (argc=3, argv=0x7fffffffdfb8) at main.cpp:35

247	
248	void InOrder(splay* root)
249	{
250		if(root)
251		{
252			InOrder(root->lchild);
253			std::cout<<std::bitset<16>(root->key)<<std::endl;
254			InOrder(root->rchild);
255		}
256	}

Backtrace END
Fliping a bit of the value pointed by a pointer
Fliping value of field: key
Memory content before bitflip:0xfa0x640x0e0x00
Fault Model: Zero bit-flip
base address to flip value: 0x555555844b90
address max offset: 4
Memory content after  bitflip:0x000x000x000x00
frame name: InOrder
symbol name: root
symbol filename: splay.cpp
symbol line: 248
value: 0x555555844b90
value address: 0x7fffffffd698
Type: The type is a pointer.
Type sizeof: 8

[INFO -- 2018-11-30 23:07:22]
Fault Injection Successful after 1.4704184532165527s
[INFO -- 2018-11-30 23:07:22]
event type: exit
[INFO -- 2018-11-30 23:07:22]
exit code: 0
