[INFO -- 2018-11-25 16:46:30]
Starting flip_value script
version: 1.1
[INFO -- 2018-11-25 16:46:30]
Initialization strings:
[INFO -- 2018-11-25 16:46:30]
(1) file /tmp/BTree-dup/main
[INFO -- 2018-11-25 16:46:30]
(2)  set args /tmp/BTree-dup/input_100000 /tmp/BTree-dup/output_100000 /tmp/BTree-dup-detection.log /tmp/BTree-dup/output2_100000
[INFO -- 2018-11-25 16:46:30]
initSignal:0
[INFO -- 2018-11-25 16:46:30]
endSignal:2
[INFO -- 2018-11-25 16:46:30]
faultModel:2
[INFO -- 2018-11-25 16:46:31]
Backtrace BEGIN:
#0  dl_main (phdr=<optimized out>, phnum=<optimized out>, user_entry=<optimized out>, auxv=<optimized out>) at rtld.c:2289
#1  0x00007ffff7defdd0 in _dl_sysdep_start (start_argptr=start_argptr@entry=0x7fffffffde60, dl_main=dl_main@entry=0x7ffff7dd7660 <dl_main>) at ../elf/dl-sysdep.c:253
#2  0x00007ffff7dd7128 in _dl_start_final (arg=0x7fffffffde60) at rtld.c:414
#3  _dl_start (arg=0x7fffffffde60) at rtld.c:521
#4  0x00007ffff7dd6098 in _start () from /lib64/ld-linux-x86-64.so.2
#5  0x0000000000000005 in ?? ()
#6  0x00007fffffffe216 in ?? ()
#7  0x00007fffffffe22a in ?? ()
#8  0x00007fffffffe246 in ?? ()
#9  0x00007fffffffe263 in ?? ()
#10 0x00007fffffffe280 in ?? ()
#11 0x0000000000000000 in ?? ()

2284	rtld.c: Arquivo ou diretório inexistente.

Backtrace END
Fliping value of field: next
Fliping a bit of the pointer
Memory content before bitflip:0x000x000x000x000x000x000x000x00
Fault Model: Random bit-flip
base address to flip value: 0x7ffff7ffe018 
address max offset: 8
Memory content after  bitflip:0xa50x050x840x390xe90x020xcc0x40
frame name: _dl_start_final
symbol name: _dl_rtld_libname2
symbol filename: rtld.c
symbol line: 302
value: {name = 0x0, next = 0x40cc02e9398405a5, dont_free = 0}
value address: 0x7ffff7ffe010 <_dl_rtld_libname2>
Type: The type is a structure.
Type sizeof: 24
Field name: name
Field Type: The type is a pointer.
Field Type sizeof: 8
Field name: next
Field Type: The type is a pointer.
Field Type sizeof: 8
Field name: dont_free
Field Type: The type is an integer type.
Field Type sizeof: 4

[INFO -- 2018-11-25 16:46:31]
Fault Injection Successful after 1.07578444480896s
[INFO -- 2018-11-25 16:46:32]
event type: exit
[INFO -- 2018-11-25 16:46:32]
exit code: 0
