[INFO -- 2018-11-30 16:22:50]
Starting flip_value script
version: 1.1
[INFO -- 2018-11-30 16:22:50]
Initialization strings:
[INFO -- 2018-11-30 16:22:50]
(1) file /tmp/splay/main
[INFO -- 2018-11-30 16:22:50]
(2) set args /tmp/splay/input_100000 /tmp/splay/output_100000
[INFO -- 2018-11-30 16:22:50]
initSignal:0
[INFO -- 2018-11-30 16:22:50]
endSignal:5
[INFO -- 2018-11-30 16:22:50]
faultModel:0
[INFO -- 2018-11-30 16:22:52]
Backtrace BEGIN:
#0  0x0000555555557f03 in std::bitset<16ul>::_Unchecked_test (this=0x7fffffffd820, __pos=1) at /usr/include/c++/8/bitset:1062
#1  0x0000555555557eb3 in std::bitset<16ul>::_M_copy_to_string<char, std::char_traits<char>, std::allocator<char> > (this=0x7fffffffd820, __s="0101110011001100", __zero=48 '0', __one=49 '1') at /usr/include/c++/8/bitset:1413
#2  0x0000555555557ded in std::operator<< <char, std::char_traits<char>, 16ul> (__os=..., __x=std::bitset = {...}) at /usr/include/c++/8/bitset:1542
#3  0x0000555555557ae8 in InOrder (root=0x55555586a650) at splay.cpp:253
#4  0x0000555555557abd in InOrder (root=0x555555656170) at splay.cpp:252
#5  0x0000555555557abd in InOrder (root=0x5555558710d0) at splay.cpp:252
#6  0x0000555555557abd in InOrder (root=0x55555560ae70) at splay.cpp:252
#7  0x0000555555557b0d in InOrder (root=0x5555555c1ed0) at splay.cpp:254
#8  0x0000555555557abd in InOrder (root=0x555555673470) at splay.cpp:252
#9  0x0000555555557abd in InOrder (root=0x5555556df1b0) at splay.cpp:252
#10 0x0000555555557abd in InOrder (root=0x555555878850) at splay.cpp:252
#11 0x0000555555557b0d in InOrder (root=0x5555555d1310) at splay.cpp:254
#12 0x0000555555557b0d in InOrder (root=0x555555879290) at splay.cpp:254
#13 0x0000555555557b0d in InOrder (root=0x55555565ca10) at splay.cpp:254
#14 0x0000555555557b0d in InOrder (root=0x55555587d850) at splay.cpp:254
#15 0x0000555555557b0d in InOrder (root=0x555555752030) at splay.cpp:254
#16 0x0000555555557b0d in InOrder (root=0x55555587db90) at splay.cpp:254
#17 0x0000555555557b0d in InOrder (root=0x55555585f590) at splay.cpp:254
#18 0x0000555555557b0d in InOrder (root=0x55555587db50) at splay.cpp:254
#19 0x0000555555557abd in InOrder (root=0x555555774190) at splay.cpp:252
#20 0x0000555555557b0d in InOrder (root=0x555555774870) at splay.cpp:254
#21 0x0000555555557abd in InOrder (root=0x55555587dcb0) at splay.cpp:252
#22 0x0000555555557b0d in InOrder (root=0x555555693810) at splay.cpp:254
#23 0x0000555555557b0d in InOrder (root=0x555555634c10) at splay.cpp:254
#24 0x0000555555557b0d in InOrder (root=0x55555587dcd0) at splay.cpp:254
#25 0x00005555555564fe in main (argc=3, argv=0x7fffffffdfb8) at main.cpp:35

1057		return *this;
1058	      }
1059	
1060	      _GLIBCXX_CONSTEXPR bool
1061	      _Unchecked_test(size_t __pos) const _GLIBCXX_NOEXCEPT
1062	      { return ((this->_M_getword(__pos) & _Base::_S_maskbit(__pos))
1063			!= static_cast<_WordT>(0)); }
1064	      //@}
1065	
1066	      // Set, reset, and flip.

Backtrace END
Fliping a bit of the pointer
Memory content before bitflip:0x900x920x870x550x550x550x000x00
Fault Model: Single bit-flip
base address to flip value: 0x7fffffffd9c8
address max offset: 8
Memory content after  bitflip:0x900x900x870x550x550x550x000x00
frame name: InOrder
symbol name: root
symbol filename: splay.cpp
symbol line: 248
value: 0x555555879290
value address: 0x7fffffffd9c8
Type: The type is a pointer.
Type sizeof: 8

[INFO -- 2018-11-30 16:22:52]
Fault Injection Successful after 2.464008331298828s
[INFO -- 2018-11-30 16:22:52]
event type: exit
[INFO -- 2018-11-30 16:22:52]
exit code: 0
