[INFO -- 2018-11-30 23:44:56]
Starting flip_value script
version: 1.1
[INFO -- 2018-11-30 23:44:56]
Initialization strings:
[INFO -- 2018-11-30 23:44:56]
(1) file /tmp/splay/main
[INFO -- 2018-11-30 23:44:56]
(2) set args /tmp/splay/input_100000 /tmp/splay/output_100000
[INFO -- 2018-11-30 23:44:56]
initSignal:0
[INFO -- 2018-11-30 23:44:56]
endSignal:5
[INFO -- 2018-11-30 23:44:56]
faultModel:1
[INFO -- 2018-11-30 23:44:56]
Backtrace BEGIN:
#0  LL_Rotate (k2=0x55555559ab50) at splay.cpp:34
#1  0x000055555555778b in Splay (key=1777298, root=0x55555559ab50) at splay.cpp:85
#2  0x0000555555557916 in Insert (key=1777298, root=0x5555555b0a30) at splay.cpp:145
#3  0x00005555555564bb in main (argc=3, argv=0x7fffffffdfb8) at main.cpp:31

29	         Y    Z              X    Y
30	 */
31	inline splay* LL_Rotate(splay* k2)
32	{
33		splay* k1 = k2->rchild;
34		k2->rchild = k1->lchild;
35		k1->lchild = k2;
36		return k1;
37	}
38	

Backtrace END
Fliping a bit of the pointer
Memory content before bitflip:0x300x0a0x5b0x550x550x550x000x00
Fault Model: Double bit-flip
base address to flip value: 0x7fffffffdc48
address max offset: 8
Memory content after  bitflip:0x300x3a0x5b0x550x550x550x000x00
frame name: main
symbol name: root
symbol filename: main.cpp
symbol line: 22
value: 0x5555555b0a30
value address: 0x7fffffffdc48
Type: The type is a pointer.
Type sizeof: 8

[INFO -- 2018-11-30 23:44:56]
Fault Injection Successful after 0.6270875930786133s
[INFO -- 2018-11-30 23:44:56]
event type: exit
[INFO -- 2018-11-30 23:44:56]
exit code: 0
