[INFO -- 2018-11-30 23:22:02]
Starting flip_value script
version: 1.1
[INFO -- 2018-11-30 23:22:02]
Initialization strings:
[INFO -- 2018-11-30 23:22:02]
(1) file /tmp/splay/main
[INFO -- 2018-11-30 23:22:02]
(2) set args /tmp/splay/input_100000 /tmp/splay/output_100000
[INFO -- 2018-11-30 23:22:02]
initSignal:0
[INFO -- 2018-11-30 23:22:02]
endSignal:5
[INFO -- 2018-11-30 23:22:02]
faultModel:4
[EXCEPTION -- 2018-11-30 23:22:02]
pythonException: Unable to exit loop in struct fields; Exiting wihtout making a bit flip
[EXCEPTION -- 2018-11-30 23:22:02]
pythonException: Unable to exit loop in struct fields; Exiting wihtout making a bit flip
[INFO -- 2018-11-30 23:22:02]
event type: exit
[INFO -- 2018-11-30 23:22:02]
exit code: 0
