[INFO -- 2018-11-25 15:33:19]
Starting flip_value script
version: 1.1
[INFO -- 2018-11-25 15:33:19]
Initialization strings:
[INFO -- 2018-11-25 15:33:19]
(1) file /tmp/BTree-dup/main
[INFO -- 2018-11-25 15:33:19]
(2)  set args /tmp/BTree-dup/input_100000 /tmp/BTree-dup/output_100000 /tmp/BTree-dup-detection.log /tmp/BTree-dup/output2_100000
[INFO -- 2018-11-25 15:33:19]
initSignal:0
[INFO -- 2018-11-25 15:33:19]
endSignal:2
[INFO -- 2018-11-25 15:33:19]
faultModel:2
[INFO -- 2018-11-25 15:33:20]
Backtrace BEGIN:
#0  0x0000555555557f43 in __gnu_cxx::new_allocator<int>::construct<int, int const&> (this=0x7fffffffdaa0, __p=0x7ffff7fbb000, __args#0=@0x7fffffffd968: 2065414) at /usr/include/c++/7/ext/new_allocator.h:136
#1  0x0000555555557c3c in std::allocator_traits<std::allocator<int> >::construct<int, int const&> (__a=..., __p=0x7ffff7fbb000, __args#0=@0x7fffffffd968: 2065414) at /usr/include/c++/7/bits/alloc_traits.h:475
#2  0x0000555555557b24 in std::vector<int, std::allocator<int> >::emplace_back<int const&> (this=0x7fffffffdaa0, __args#0=@0x7fffffffd968: 2065414) at /usr/include/c++/7/bits/vector.tcc:100
#3  0x00005555555579e7 in std::vector<int, std::allocator<int> >::_M_range_initialize<std::istream_iterator<int, char, std::char_traits<char>, long> > (this=0x7fffffffdaa0, __first=..., __last=...) at /usr/include/c++/7/bits/stl_vector.h:1310
#4  0x0000555555557882 in std::vector<int, std::allocator<int> >::_M_initialize_dispatch<std::istream_iterator<int, char, std::char_traits<char>, long> > (this=0x7fffffffdaa0, __first=..., __last=...) at /usr/include/c++/7/bits/stl_vector.h:1299
#5  0x0000555555557569 in std::vector<int, std::allocator<int> >::vector<std::istream_iterator<int, char, std::char_traits<char>, long>, void> (this=0x7fffffffdaa0, __first=..., __last=..., __a=...) at /usr/include/c++/7/bits/stl_vector.h:414
#6  0x0000555555556bbc in runner (input=0x7fffffffe22a "/tmp/BTree-dup/input_100000") at BTree_dup.cpp:660
#7  0x0000555555556f51 in main (argc=5, argv=0x7fffffffde68) at BTree_dup.cpp:711

131	
132	#if __cplusplus >= 201103L
133	      template<typename _Up, typename... _Args>
134		void
135		construct(_Up* __p, _Args&&... __args)
136		{ ::new((void *)__p) _Up(std::forward<_Args>(__args)...); }
137	
138	      template<typename _Up>
139		void
140		destroy(_Up* __p) { __p->~_Up(); }

Backtrace END
Fliping value of field: _M_value
Memory content before bitflip:0xa00xda0xff0xff
Fault Model: Random bit-flip
base address to flip value: 0x7fffffffd9d8
address max offset: 4
Memory content after  bitflip:0x790xc40x970x0e
frame name: std::vector<int, std::allocator<int> >::vector<std::istream_iterator<int, char, std::char_traits<char>, long>, void>
symbol name: __first
symbol filename: /usr/include/c++/7/bits/stl_vector.h
symbol line: 411
value: {<std::iterator<std::input_iterator_tag, int, long, int const*, int const&>> = {<No data fields>}, _M_stream = 0x7fffffffda80, _M_value = 244827257, _M_ok = 255}
value address: 0x7fffffffd9d0
Type: The type is a structure.
Type sizeof: 16
Field name: std::iterator<std::input_iterator_tag, int, long, int const*, int const&>
Field Type: The type is a structure.
Field Type sizeof: 1
Field name: _M_stream
Field Type: The type is a pointer.
Field Type sizeof: 8
Field name: _M_value
Field Type: The type is an integer type.
Field Type sizeof: 4
Field name: _M_ok
Field Type: A boolean type.
Field Type sizeof: 1

[INFO -- 2018-11-25 15:33:20]
Fault Injection Successful after 1.7993040084838867s
[INFO -- 2018-11-25 15:33:21]
event type: exit
[INFO -- 2018-11-25 15:33:21]
exit code: 0
