[INFO -- 2018-11-25 16:29:35]
Starting flip_value script
version: 1.1
[INFO -- 2018-11-25 16:29:35]
Initialization strings:
[INFO -- 2018-11-25 16:29:35]
(1) file /tmp/BTree-dup/main
[INFO -- 2018-11-25 16:29:35]
(2)  set args /tmp/BTree-dup/input_100000 /tmp/BTree-dup/output_100000 /tmp/BTree-dup-detection.log /tmp/BTree-dup/output2_100000
[INFO -- 2018-11-25 16:29:35]
initSignal:0
[INFO -- 2018-11-25 16:29:35]
endSignal:2
[INFO -- 2018-11-25 16:29:35]
faultModel:1
[EXCEPTION -- 2018-11-25 16:29:36]
pythonException: Unable to exit loop in struct fields; Exiting wihtout making a bit flip
[INFO -- 2018-11-25 16:29:36]
Backtrace BEGIN:
#0  0x00007ffff7334154 in __GI___libc_write (fd=1, buf=0x55555576d0d0, nbytes=17) at ../sysdeps/unix/sysv/linux/write.c:27
#1  0x00007ffff72af1bd in _IO_new_file_write (f=0x7ffff7610760 <_IO_2_1_stdout_>, data=0x55555576d0d0, n=17) at fileops.c:1203
#2  0x00007ffff72b0f51 in new_do_write (to_do=17, data=0x55555576d0d0 "0011001010100000\n\320vUUU", fp=0x7ffff7610760 <_IO_2_1_stdout_>) at fileops.c:457
#3  _IO_new_do_write (fp=0x7ffff7610760 <_IO_2_1_stdout_>, data=0x55555576d0d0 "0011001010100000\n\320vUUU", to_do=17) at fileops.c:433
#4  0x00007ffff72ae788 in _IO_new_file_sync (fp=0x7ffff7610760 <_IO_2_1_stdout_>) at fileops.c:813
#5  0x00007ffff72a287d in __GI__IO_fflush (fp=0x7ffff7610760 <_IO_2_1_stdout_>) at iofflush.c:40
#6  0x00007ffff7b5ef5e in std::ostream::flush() () from /usr/lib/x86_64-linux-gnu/libstdc++.so.6
#7  0x0000555555556927 in BTreeNode::traverse (this=0x555555785340) at BTree_dup.cpp:594
#8  0x000055555555695f in BTreeNode::traverse (this=0x555555a6a670) at BTree_dup.cpp:599
#9  0x000055555555695f in BTreeNode::traverse (this=0x555555acff80) at BTree_dup.cpp:599
#10 0x00005555555568d7 in BTreeNode::traverse (this=0x555555ad19f0) at BTree_dup.cpp:593
#11 0x00005555555568d7 in BTreeNode::traverse (this=0x555555a16e80) at BTree_dup.cpp:593
#12 0x00005555555568d7 in BTreeNode::traverse (this=0x555555af2000) at BTree_dup.cpp:593
#13 0x00005555555568d7 in BTreeNode::traverse (this=0x5555557a21a0) at BTree_dup.cpp:593
#14 0x00005555555568d7 in BTreeNode::traverse (this=0x555555815c40) at BTree_dup.cpp:593
#15 0x00005555555568d7 in BTreeNode::traverse (this=0x555555a2ab30) at BTree_dup.cpp:593
#16 0x00005555555572bb in BTree::traverse (this=0x7fffffffdd40) at BTree_dup.cpp:139
#17 0x0000555555556fbd in main (argc=5, argv=0x7fffffffde68) at BTree_dup.cpp:718

22	in ../sysdeps/unix/sysv/linux/write.c

Backtrace END
Fliping a bit of the pointer
Memory content before bitflip:0x400x530x780x550x550x550x000x00
Fault Model: Double bit-flip
base address to flip value: 0x7fffffffdaa8
address max offset: 8
Memory content after  bitflip:0x400x770x780x550x550x550x000x00
frame name: BTreeNode::traverse
symbol name: this
symbol filename: BTree_dup.cpp
symbol line: 0
value: 0x555555785340
value address: 0x7fffffffdaa8
Type: The type is a pointer.
Type sizeof: 8

[INFO -- 2018-11-25 16:29:36]
Fault Injection Successful after 1.363842248916626s
[INFO -- 2018-11-25 16:29:37]
event type: exit
[INFO -- 2018-11-25 16:29:37]
exit code: 0
