[INFO -- 2018-10-11 23:01:09]
Starting flip_value script
version: 1.1
[INFO -- 2018-10-11 23:01:09]
Initialization strings:
[INFO -- 2018-10-11 23:01:09]
(1) file /tmp/BTree/main
[INFO -- 2018-10-11 23:01:09]
(2)  set args /tmp/BTree/input_100000 /tmp/BTree/output_100000
[INFO -- 2018-10-11 23:01:09]
initSignal:0
[INFO -- 2018-10-11 23:01:09]
endSignal:2
[INFO -- 2018-10-11 23:01:09]
faultModel:4
[EXCEPTION -- 2018-10-11 23:01:10]
gdbException: Tentativo de desreferenciar um ponteiro genérico.
[INFO -- 2018-10-11 23:01:10]
event type: exit
[INFO -- 2018-10-11 23:01:10]
exit code: 0
