[INFO -- 2018-12-01 04:39:21]
Starting flip_value script
version: 1.1
[INFO -- 2018-12-01 04:39:21]
Initialization strings:
[INFO -- 2018-12-01 04:39:21]
(1) file /tmp/splay/main
[INFO -- 2018-12-01 04:39:21]
(2) set args /tmp/splay/input_100000 /tmp/splay/output_100000
[INFO -- 2018-12-01 04:39:21]
initSignal:0
[INFO -- 2018-12-01 04:39:21]
endSignal:5
[INFO -- 2018-12-01 04:39:21]
faultModel:2
[EXCEPTION -- 2018-12-01 04:39:22]
pythonException: Unable to exit loop in struct fields; Exiting wihtout making a bit flip
[INFO -- 2018-12-01 04:39:22]
Backtrace BEGIN:
#0  Splay (key=1070180, root=0x55555558d430) at splay.cpp:64
#1  0x0000555555557916 in Insert (key=1070180, root=0x55555578a570) at splay.cpp:145
#2  0x00005555555564bb in main (argc=3, argv=0x7fffffffdfb8) at main.cpp:31

59		{
60			if(key < root->key)
61			{
62				if(!root->lchild)
63					break;
64				if(key < root->lchild->key)
65				{
66					root = RR_Rotate(root); /* only zig-zig mode need to rotate once,
67											   because zig-zag mode is handled as zig
68											   mode, which doesn't require rotate, 

Backtrace END
Fliping a bit of the value pointed by a pointer
Fliping value of field: rchild
Fliping a bit of the pointer
Memory content before bitflip:0x000x000x000x000x000x000x000x00
Fault Model: Random bit-flip
base address to flip value: 0x55555578a5a0
address max offset: 8
Memory content after  bitflip:0xd00x180x510x0a0xef0x180x6f0x7a
frame name: Insert
symbol name: p_node
symbol filename: splay.cpp
symbol line: 134
value: 0x55555578a590
value address: 0x55555555b2a0 <Insert(int, splay*)::p_node>
Type: The type is a pointer.
Type sizeof: 8

[INFO -- 2018-12-01 04:39:22]
Fault Injection Successful after 1.2264165878295898s
[INFO -- 2018-12-01 04:39:22]
event type: exit
[INFO -- 2018-12-01 04:39:22]
exit code: 0
