[INFO -- 2018-12-01 10:07:01]
Starting flip_value script
version: 1.1
[INFO -- 2018-12-01 10:07:01]
Initialization strings:
[INFO -- 2018-12-01 10:07:01]
(1) file /tmp/splay/main
[INFO -- 2018-12-01 10:07:01]
(2) set args /tmp/splay/input_100000 /tmp/splay/output_100000
[INFO -- 2018-12-01 10:07:01]
initSignal:0
[INFO -- 2018-12-01 10:07:01]
endSignal:5
[INFO -- 2018-12-01 10:07:01]
faultModel:1
[INFO -- 2018-12-01 10:07:02]
Backtrace BEGIN:
#0  Splay (key=3338962, root=0x55555585f0f0) at splay.cpp:93
#1  0x0000555555557916 in Insert (key=3338962, root=0x55555585f9f0) at splay.cpp:145
#2  0x00005555555564bb in main (argc=3, argv=0x7fffffffdfb8) at main.cpp:31

88											  just linking it to L Tree */
89					if(!root->rchild)
90						break;
91				}
92				/* Link to L Tree */
93				LeftTreeMax->rchild = root;
94				LeftTreeMax = LeftTreeMax->rchild;
95				root = root->rchild;
96				LeftTreeMax->rchild = NULL;
97			}

Backtrace END
Fliping a bit of the pointer
Memory content before bitflip:0xf00xf90x850x550x550x550x000x00
Fault Model: Double bit-flip
base address to flip value: 0x7fffffffdc10
address max offset: 8
Memory content after  bitflip:0xf00x7d0x850x550x550x550x000x00
frame name: Insert
symbol name: root
symbol filename: splay.cpp
symbol line: 132
value: 0x55555585f9f0
value address: 0x7fffffffdc10
Type: The type is a pointer.
Type sizeof: 8

[INFO -- 2018-12-01 10:07:02]
Fault Injection Successful after 1.3156485557556152s
[INFO -- 2018-12-01 10:07:02]
event type: exit
[INFO -- 2018-12-01 10:07:02]
exit code: 0
