[INFO -- 2018-11-30 17:41:11]
Starting flip_value script
version: 1.1
[INFO -- 2018-11-30 17:41:11]
Initialization strings:
[INFO -- 2018-11-30 17:41:11]
(1) file /tmp/splay/main
[INFO -- 2018-11-30 17:41:11]
(2) set args /tmp/splay/input_100000 /tmp/splay/output_100000
[INFO -- 2018-11-30 17:41:11]
initSignal:0
[INFO -- 2018-11-30 17:41:11]
endSignal:5
[INFO -- 2018-11-30 17:41:11]
faultModel:2
[EXCEPTION -- 2018-11-30 17:41:11]
gdbException: Attempt to dereference a generic pointer.
[INFO -- 2018-11-30 17:41:11]
Backtrace BEGIN:
#0  0x00007ffff7f0d688 in ?? () from /usr/lib/x86_64-linux-gnu/libstdc++.so.6
#1  0x00007ffff7f3be9d in std::istreambuf_iterator<char, std::char_traits<char> > std::num_get<char, std::istreambuf_iterator<char, std::char_traits<char> > >::_M_extract_int<long>(std::istreambuf_iterator<char, std::char_traits<char> >, std::istreambuf_iterator<char, std::char_traits<char> >, std::ios_base&, std::_Ios_Iostate&, long&) const () from /usr/lib/x86_64-linux-gnu/libstdc++.so.6
#2  0x00007ffff7f2aa76 in std::istream::operator>>(int&) () from /usr/lib/x86_64-linux-gnu/libstdc++.so.6
#3  0x000055555555686e in std::istream_iterator<int, char, std::char_traits<char>, long>::_M_read (this=0x7fffffffdb80) at /usr/include/c++/8/bits/stream_iterator.h:121
#4  0x0000555555556bbc in std::istream_iterator<int, char, std::char_traits<char>, long>::operator++ (this=0x7fffffffdb80) at /usr/include/c++/8/bits/stream_iterator.h:95
#5  0x0000555555556acc in std::vector<int, std::allocator<int> >::_M_range_initialize<std::istream_iterator<int, char, std::char_traits<char>, long> > (this=0x7fffffffdc90, __first=..., __last=...) at /usr/include/c++/8/bits/stl_vector.h:1447
#6  0x00005555555569a6 in std::vector<int, std::allocator<int> >::_M_initialize_dispatch<std::istream_iterator<int, char, std::char_traits<char>, long> > (this=0x7fffffffdc90, __first=..., __last=...) at /usr/include/c++/8/bits/stl_vector.h:1437
#7  0x0000555555556728 in std::vector<int, std::allocator<int> >::vector<std::istream_iterator<int, char, std::char_traits<char>, long>, void> (this=0x7fffffffdc90, __first=..., __last=..., __a=...) at /usr/include/c++/8/bits/stl_vector.h:546
#8  0x0000555555556452 in main (argc=3, argv=0x7fffffffdfb8) at main.cpp:27

2293	in rtld.c

Backtrace END
Fliping value of field: _M_value
Memory content before bitflip:0x4a0xcf0x100x00
Fault Model: Random bit-flip
base address to flip value: 0x7fffffffdbe8
address max offset: 4
Memory content after  bitflip:0x850xf20x630x94
frame name: std::vector<int, std::allocator<int> >::_M_initialize_dispatch<std::istream_iterator<int, char, std::char_traits<char>, long> >
symbol name: __first
symbol filename: /usr/include/c++/8/bits/stl_vector.h
symbol line: 1432
value: {<std::iterator<std::input_iterator_tag, int, long, int const*, int const&>> = {<No data fields>}, _M_stream = 0x7fffffffdcb0, _M_value = -1805389179, _M_ok = true}
value address: 0x7fffffffdbe0
Type: The type is a structure.
Type sizeof: 16
Field name: std::iterator<std::input_iterator_tag, int, long, int const*, int const&>
Field Type: The type is a structure.
Field Type sizeof: 1
Field name: _M_stream
Field Type: The type is a pointer.
Field Type sizeof: 8
Field name: _M_value
Field Type: The type is an integer type.
Field Type sizeof: 4
Field name: _M_ok
Field Type: A boolean type.
Field Type sizeof: 1

[INFO -- 2018-11-30 17:41:11]
Fault Injection Successful after 0.9111204147338867s
[INFO -- 2018-11-30 17:41:12]
event type: exit
[INFO -- 2018-11-30 17:41:12]
exit code: 0
