[INFO -- 2018-10-12 03:06:58]
sending 5 signals using command: 'killall -2 main' after 1.72901360347s
[INFO -- 2018-10-12 03:06:58]
sending 5 signals using command: 'killall -2 main' after 1.77448695039s
[INFO -- 2018-10-12 03:06:58]
sending 5 signals using command: 'killall -2 main' after 1.91677447066s
[INFO -- 2018-10-12 03:06:58]
Starting GDB script
[INFO -- 2018-10-12 03:06:58]
initSignal:0.0
[INFO -- 2018-10-12 03:06:58]
endSignal:2.0
[INFO -- 2018-10-12 03:06:59]
sending 5 signals using command: 'killall -2 main' after 0.673672846614s
[INFO -- 2018-10-12 03:06:59]
sending 5 signals using command: 'killall -2 main' after 0.757986828508s
[INFO -- 2018-10-12 03:06:59]
sending 5 signals using command: 'killall -2 main' after 1.55957177374s
[INFO -- 2018-10-12 03:07:00]
Execution finished before waitTime
