[INFO -- 2018-11-26 01:11:01]
Starting flip_value script
version: 1.1
[INFO -- 2018-11-26 01:11:01]
Initialization strings:
[INFO -- 2018-11-26 01:11:01]
(1) file /tmp/BTree-dup/main
[INFO -- 2018-11-26 01:11:01]
(2)  set args /tmp/BTree-dup/input_100000 /tmp/BTree-dup/output_100000 /tmp/BTree-dup-detection.log /tmp/BTree-dup/output2_100000
[INFO -- 2018-11-26 01:11:01]
initSignal:0
[INFO -- 2018-11-26 01:11:01]
endSignal:2
[INFO -- 2018-11-26 01:11:01]
faultModel:2
[INFO -- 2018-11-26 01:11:02]
Backtrace BEGIN:
#0  0x00005555555564e0 in BTreeNode::insertNonFull (this=0x5555557e79b0, k=4599633) at BTree_dup.cpp:507
#1  0x0000555555556639 in BTreeNode::insertNonFull (this=0x5555557ffb90, k=4599633) at BTree_dup.cpp:535
#2  0x0000555555556639 in BTreeNode::insertNonFull (this=0x5555558e12e0, k=4599633) at BTree_dup.cpp:535
#3  0x0000555555556639 in BTreeNode::insertNonFull (this=0x55555585fe90, k=4599633) at BTree_dup.cpp:535
#4  0x0000555555556639 in BTreeNode::insertNonFull (this=0x55555593fed0, k=4599633) at BTree_dup.cpp:535
#5  0x0000555555556639 in BTreeNode::insertNonFull (this=0x555555860280, k=4599633) at BTree_dup.cpp:535
#6  0x0000555555556639 in BTreeNode::insertNonFull (this=0x5555558c0e80, k=4599633) at BTree_dup.cpp:535
#7  0x0000555555556639 in BTreeNode::insertNonFull (this=0x555555815c40, k=4599633) at BTree_dup.cpp:535
#8  0x0000555555556478 in BTree::insert (this=0x7fffffffda50, k=4599633) at BTree_dup.cpp:489
#9  0x0000555555556c25 in runner (input=0x7fffffffe22a "/tmp/BTree-dup/input_100000") at BTree_dup.cpp:664
#10 0x0000555555556f51 in main (argc=5, argv=0x7fffffffde68) at BTree_dup.cpp:711

502		if (leaf == true)
503		{
504			// The following loop does two things
505			// a) Finds the location of new key to be inserted
506			// b) Moves all greater keys to one place ahead
507			while (i >= 0 && keys[i] > k)
508			{
509				keys[i+1] = keys[i];
510				i--;
511			}

Backtrace END
Fliping a bit of the pointer
Memory content before bitflip:0x500xda0xff0xff0xff0x7f0x000x00
Fault Model: Random bit-flip
base address to flip value: 0x7fffffffd9f8
address max offset: 8
Memory content after  bitflip:0xfe0xee0x920x820xab0x2c0x2e0xde
frame name: BTree::insert
symbol name: this
symbol filename: BTree_dup.cpp
symbol line: 0
value: 0x7fffffffda50
value address: 0x7fffffffd9f8
Type: The type is a pointer.
Type sizeof: 8

[INFO -- 2018-11-26 01:11:02]
Fault Injection Successful after 1.5349113941192627s
[INFO -- 2018-11-26 01:11:03]
event type: exit
[INFO -- 2018-11-26 01:11:03]
exit code: 0
