[INFO -- 2018-10-16 21:09:16]
Starting flip_value script
version: 1.1
[INFO -- 2018-10-16 21:09:16]
Initialization strings:
[INFO -- 2018-10-16 21:09:16]
(1) file /tmp/RBTree/main
[INFO -- 2018-10-16 21:09:16]
(2) set args  /tmp/RBTree/input_ /tmp/RBTree/output_
[INFO -- 2018-10-16 21:09:16]
initSignal:0
[INFO -- 2018-10-16 21:09:16]
endSignal:2
[INFO -- 2018-10-16 21:09:16]
faultModel:4
[INFO -- 2018-10-16 21:09:16]
Backtrace BEGIN:
#0  0x0000555555556de3 in RBTree::fixInsertRBTree (this=0x7fffffffdc00, ptr=@0x7fffffffdb60: 0x5555557c02d0) at RBTree.cpp:125
#1  0x0000555555556a1b in RBTree::insertValue (this=0x7fffffffdc00, n=20651) at RBTree.cpp:57
#2  0x0000555555555610 in main (argc=3, argv=0x7fffffffdf38) at main.cpp:54

120	                swap(parent->color, grandparent->color);
121	                ptr = parent;
122	            }
123	        } else {
124	            Node *uncle = grandparent->left;
125	            if (getColor(uncle) == RED) {
126	                setColor(uncle, BLACK);
127	                setColor(parent, BLACK);
128	                setColor(grandparent, RED);
129	                ptr = grandparent;

Backtrace END
Fliping a bit of the reference
Memory content before bitflip:0xd00x020x7c0x550x550x550x000x00
Fault Model: LSB bit-flip
base address to flip value: 0x7fffffffdb60
address max offset: 8
Memory content after  bitflip:0xd00x020x7c0x550x550x550x000x80
frame name: RBTree::fixInsertRBTree
symbol name: ptr
symbol filename: RBTree.cpp
symbol line: 100
value: @0x7fffffffdb60
value address: 0x7fffffffdb60
Type: A reference type.
Type sizeof: 8

[INFO -- 2018-10-16 21:09:16]
Fault Injection Successful after 0.5431022644042969s
[INFO -- 2018-10-16 21:09:16]
event type: exit
[INFO -- 2018-10-16 21:09:16]
exit code: 0
