[INFO -- 2018-12-01 04:06:29]
Starting flip_value script
version: 1.1
[INFO -- 2018-12-01 04:06:29]
Initialization strings:
[INFO -- 2018-12-01 04:06:29]
(1) file /tmp/splay/main
[INFO -- 2018-12-01 04:06:29]
(2) set args /tmp/splay/input_100000 /tmp/splay/output_100000
[INFO -- 2018-12-01 04:06:29]
initSignal:0
[INFO -- 2018-12-01 04:06:29]
endSignal:5
[INFO -- 2018-12-01 04:06:29]
faultModel:0
[INFO -- 2018-12-01 04:06:30]
Backtrace BEGIN:
#0  __strcmp_avx2 () at ../sysdeps/x86_64/multiarch/strcmp-avx2.S:93
#1  0x00007ffff7ec3750 in __cxxabiv1::__vmi_class_type_info::__do_dyncast(long, __cxxabiv1::__class_type_info::__sub_kind, __cxxabiv1::__class_type_info const*, void const*, __cxxabiv1::__class_type_info const*, void const*, __cxxabiv1::__class_type_info::__dyncast_result&) const () from /usr/lib/x86_64-linux-gnu/libstdc++.so.6
#2  0x00007ffff7ec0456 in __dynamic_cast () from /usr/lib/x86_64-linux-gnu/libstdc++.so.6
#3  0x00007ffff7f333fb in std::ctype<char> const& std::use_facet<std::ctype<char> >(std::locale const&) () from /usr/lib/x86_64-linux-gnu/libstdc++.so.6
#4  0x0000555555557da3 in std::operator<< <char, std::char_traits<char>, 16ul> (__os=..., __x=std::bitset = {...}) at /usr/include/c++/8/bitset:1541
#5  0x0000555555557ae8 in InOrder (root=0x555555577ed0) at splay.cpp:253
#6  0x0000555555557b0d in InOrder (root=0x5555555faff0) at splay.cpp:254
#7  0x0000555555557abd in InOrder (root=0x5555557e45f0) at splay.cpp:252
#8  0x0000555555557abd in InOrder (root=0x555555800d50) at splay.cpp:252
#9  0x0000555555557b0d in InOrder (root=0x555555807fb0) at splay.cpp:254
#10 0x0000555555557abd in InOrder (root=0x5555556be5b0) at splay.cpp:252
#11 0x0000555555557b0d in InOrder (root=0x55555581af90) at splay.cpp:254
#12 0x0000555555557b0d in InOrder (root=0x5555556b9fd0) at splay.cpp:254
#13 0x0000555555557b0d in InOrder (root=0x5555558587b0) at splay.cpp:254
#14 0x0000555555557abd in InOrder (root=0x555555654270) at splay.cpp:252
#15 0x0000555555557abd in InOrder (root=0x555555878430) at splay.cpp:252
#16 0x0000555555557abd in InOrder (root=0x5555556f4890) at splay.cpp:252
#17 0x0000555555557b0d in InOrder (root=0x5555556d24b0) at splay.cpp:254
#18 0x0000555555557abd in InOrder (root=0x55555568b810) at splay.cpp:252
#19 0x0000555555557b0d in InOrder (root=0x555555879110) at splay.cpp:254
#20 0x0000555555557abd in InOrder (root=0x555555621170) at splay.cpp:252
#21 0x0000555555557abd in InOrder (root=0x555555879dd0) at splay.cpp:252
#22 0x0000555555557abd in InOrder (root=0x5555556cd050) at splay.cpp:252
#23 0x0000555555557b0d in InOrder (root=0x55555587bbb0) at splay.cpp:254
#24 0x0000555555557b0d in InOrder (root=0x555555785af0) at splay.cpp:254
#25 0x0000555555557b0d in InOrder (root=0x5555557d17d0) at splay.cpp:254
#26 0x0000555555557abd in InOrder (root=0x5555556ae9b0) at splay.cpp:252
#27 0x0000555555557b0d in InOrder (root=0x55555587cbd0) at splay.cpp:254
#28 0x0000555555557abd in InOrder (root=0x55555587cf30) at splay.cpp:252
#29 0x0000555555557abd in InOrder (root=0x55555563a2f0) at splay.cpp:252
#30 0x0000555555557b0d in InOrder (root=0x555555581df0) at splay.cpp:254
#31 0x0000555555557b0d in InOrder (root=0x55555560ac10) at splay.cpp:254
#32 0x0000555555557b0d in InOrder (root=0x55555587d9b0) at splay.cpp:254
#33 0x0000555555557b0d in InOrder (root=0x555555794190) at splay.cpp:254
#34 0x0000555555557b0d in InOrder (root=0x555555771bf0) at splay.cpp:254
#35 0x0000555555557b0d in InOrder (root=0x55555587dad0) at splay.cpp:254
#36 0x0000555555557abd in InOrder (root=0x55555587d8d0) at splay.cpp:252
#37 0x0000555555557b0d in InOrder (root=0x5555557cfed0) at splay.cpp:254
#38 0x0000555555557b0d in InOrder (root=0x555555774190) at splay.cpp:254
#39 0x0000555555557b0d in InOrder (root=0x555555774870) at splay.cpp:254
#40 0x0000555555557abd in InOrder (root=0x55555587dcb0) at splay.cpp:252
#41 0x0000555555557b0d in InOrder (root=0x555555693810) at splay.cpp:254
#42 0x0000555555557b0d in InOrder (root=0x555555634c10) at splay.cpp:254
#43 0x0000555555557b0d in InOrder (root=0x55555587dcd0) at splay.cpp:254
#44 0x00005555555564fe in main (argc=3, argv=0x7fffffffdfb8) at main.cpp:35

88	in ../sysdeps/x86_64/multiarch/strcmp-avx2.S

Backtrace END
Fliping a bit of the value pointed by a pointer
Fliping value of field: lchild
Fliping a bit of the pointer
Memory content before bitflip:0xd00x6c0x580x550x550x550x000x00
Fault Model: Single bit-flip
base address to flip value: 0x555555879118
address max offset: 8
Memory content after  bitflip:0xd00x6c0x580x550x550x550x080x00
frame name: InOrder
symbol name: root
symbol filename: splay.cpp
symbol line: 248
value: 0x555555879110
value address: 0x7fffffffd788
Type: The type is a pointer.
Type sizeof: 8

[INFO -- 2018-12-01 04:06:30]
Fault Injection Successful after 1.2655162811279297s
[INFO -- 2018-12-01 04:06:30]
event type: exit
[INFO -- 2018-12-01 04:06:30]
exit code: 0
