[INFO -- 2018-11-26 01:23:54]
Starting flip_value script
version: 1.1
[INFO -- 2018-11-26 01:23:54]
Initialization strings:
[INFO -- 2018-11-26 01:23:54]
(1) file /tmp/BTree-dup/main
[INFO -- 2018-11-26 01:23:54]
(2)  set args /tmp/BTree-dup/input_100000 /tmp/BTree-dup/output_100000 /tmp/BTree-dup-detection.log /tmp/BTree-dup/output2_100000
[INFO -- 2018-11-26 01:23:54]
initSignal:0
[INFO -- 2018-11-26 01:23:54]
endSignal:2
[INFO -- 2018-11-26 01:23:54]
faultModel:4
[EXCEPTION -- 2018-11-26 01:23:56]
pythonException: Unable to exit loop in struct fields; Exiting wihtout making a bit flip
[INFO -- 2018-11-26 01:23:57]
Backtrace BEGIN:
#0  0x00005555555578df in std::bitset<16ul>::_Unchecked_test (this=0x7fffffffdac0, __pos=1) at /usr/include/c++/7/bitset:1057
#1  0x0000555555557681 in std::bitset<16ul>::_M_copy_to_string<char, std::char_traits<char>, std::allocator<char> > (this=0x7fffffffdac0, __s="1101101001001100", __zero=48 '0', __one=49 '1') at /usr/include/c++/7/bitset:1409
#2  0x00005555555573d7 in std::operator<< <char, std::char_traits<char>, 16ul> (__os=..., __x=std::bitset = {...}) at /usr/include/c++/7/bitset:1538
#3  0x0000555555556912 in BTreeNode::traverse (this=0x555555d579e0) at BTree_dup.cpp:594
#4  0x00005555555568d7 in BTreeNode::traverse (this=0x555555f4cf20) at BTree_dup.cpp:593
#5  0x00005555555568d7 in BTreeNode::traverse (this=0x555555e38cb0) at BTree_dup.cpp:593
#6  0x00005555555568d7 in BTreeNode::traverse (this=0x555555e397f0) at BTree_dup.cpp:593
#7  0x00005555555568d7 in BTreeNode::traverse (this=0x555555eb0650) at BTree_dup.cpp:593
#8  0x00005555555568d7 in BTreeNode::traverse (this=0x555555cde930) at BTree_dup.cpp:593
#9  0x00005555555568d7 in BTreeNode::traverse (this=0x555555ce1fc0) at BTree_dup.cpp:593
#10 0x000055555555695f in BTreeNode::traverse (this=0x555555ce1f30) at BTree_dup.cpp:599
#11 0x00005555555568d7 in BTreeNode::traverse (this=0x555555ef6e20) at BTree_dup.cpp:593
#12 0x00005555555572bb in BTree::traverse (this=0x7fffffffdd50) at BTree_dup.cpp:139
#13 0x0000555555556ff9 in main (argc=5, argv=0x7fffffffde68) at BTree_dup.cpp:725

1052		this->_M_getword(__pos) ^= _Base::_S_maskbit(__pos);
1053		return *this;
1054	      }
1055	
1056	      _GLIBCXX_CONSTEXPR bool
1057	      _Unchecked_test(size_t __pos) const _GLIBCXX_NOEXCEPT
1058	      { return ((this->_M_getword(__pos) & _Base::_S_maskbit(__pos))
1059			!= static_cast<_WordT>(0)); }
1060	      //@}
1061	

Backtrace END
Fliping a bit of the value pointed by a pointer
Fliping value of field: C
Fliping a bit of the value pointed by a pointer
Fliping a bit of the pointer
Memory content before bitflip:0xe00x430xc30x550x550x550x000x00
Fault Model: LSB bit-flip
base address to flip value: 0x555555cde980
address max offset: 8
Memory content after  bitflip:0xe00x430xc30x550x550x550x000x02
frame name: BTreeNode::traverse
symbol name: this
symbol filename: BTree_dup.cpp
symbol line: 0
value: 0x555555cde930
value address: 0x7fffffffdbe8
Type: The type is a pointer.
Type sizeof: 8

[INFO -- 2018-11-26 01:23:57]
Fault Injection Successful after 3.6596317291259766s
[INFO -- 2018-11-26 01:23:57]
event type: exit
[INFO -- 2018-11-26 01:23:57]
exit code: 0
