[INFO -- 2018-12-09 15:50:08]
Starting flip_value script
version: 1.1
[INFO -- 2018-12-09 15:50:08]
Initialization strings:
[INFO -- 2018-12-09 15:50:08]
(1) file /tmp/RBTree-dup/main_dup
[INFO -- 2018-12-09 15:50:08]
(2)  set args /tmp/RBTree-dup/input_100000 /tmp/RBTree-dup/output_100000 /tmp/RBTree-dup/RBTree-dup-detection.log tmp/RBTree-dup/output2_100000
[INFO -- 2018-12-09 15:50:08]
initSignal:0
[INFO -- 2018-12-09 15:50:08]
endSignal:2
[INFO -- 2018-12-09 15:50:08]
faultModel:4
[INFO -- 2018-12-09 15:50:09]
Backtrace BEGIN:
#0  0x00007ffff73337c3 in __GI___fxstat (vers=<optimized out>, fd=4, buf=0x7fffffffcf30) at ../sysdeps/unix/sysv/linux/wordsize-64/fxstat.c:35
#1  0x00007ffff72a215f in __GI__IO_file_doallocate (fp=0x55555576e0d0) at filedoalloc.c:84
#2  0x00007ffff72b2379 in __GI__IO_doallocbuf (fp=fp@entry=0x55555576e0d0) at genops.c:365
#3  0x00007ffff72b1498 in _IO_new_file_overflow (f=0x55555576e0d0, ch=-1) at fileops.c:759
#4  0x00007ffff72af9ed in _IO_new_file_xsputn (f=0x55555576e0d0, data=<optimized out>, n=1) at fileops.c:1266
#5  0x00007ffff727f534 in _IO_vfprintf_internal (s=0x55555576e0d0, format=0x555555558ba2 "[%d]: %s %s\n", ap=ap@entry=0x7fffffffd600) at vfprintf.c:1328
#6  0x00007ffff7288e54 in __fprintf (stream=<optimized out>, format=<optimized out>) at fprintf.c:32
#7  0x0000555555555a52 in compare_output(char*, char*, char*) ()
#8  0x0000555555555c1f in main ()

30	../sysdeps/unix/sysv/linux/wordsize-64/fxstat.c: Arquivo ou diretório inexistente.

Backtrace END
Fliping value of field: st_rdev
Memory content before bitflip:0x000x000x000x000x000x000x000x00
Fault Model: LSB bit-flip
base address to flip value: 0x7fffffffcf58
address max offset: 8
Memory content after  bitflip:0x000x000x000x000x000x000x000x08
frame name: __GI__IO_file_doallocate
symbol name: st
symbol filename: filedoalloc.c
symbol line: 81
value: {st_dev = 2053, st_ino = 28272, st_nlink = 1, st_mode = 33188, st_uid = 1000, st_gid = 1000, __pad0 = 0, st_rdev = 576460752303423488, st_size = 2963561, st_blksize = 4096, st_blocks = 5792, st_atim = {tv_sec = 1544377809, tv_nsec = 366412677}, st_mtim = {tv_sec = 1544377809, tv_nsec = 646414225}, st_ctim = {tv_sec = 1544377809, tv_nsec = 646414225}, __glibc_reserved = {0, 0, 0}}
value address: 0x7fffffffcf30
Type: The type is a structure.
Type sizeof: 144
Field name: st_dev
Field Type: The type is an integer type.
Field Type sizeof: 8
Field name: st_ino
Field Type: The type is an integer type.
Field Type sizeof: 8
Field name: st_nlink
Field Type: The type is an integer type.
Field Type sizeof: 8
Field name: st_mode
Field Type: The type is an integer type.
Field Type sizeof: 4
Field name: st_uid
Field Type: The type is an integer type.
Field Type sizeof: 4
Field name: st_gid
Field Type: The type is an integer type.
Field Type sizeof: 4
Field name: __pad0
Field Type: The type is an integer type.
Field Type sizeof: 4
Field name: st_rdev
Field Type: The type is an integer type.
Field Type sizeof: 8
Field name: st_size
Field Type: The type is an integer type.
Field Type sizeof: 8
Field name: st_blksize
Field Type: The type is an integer type.
Field Type sizeof: 8
Field name: st_blocks
Field Type: The type is an integer type.
Field Type sizeof: 8
Field name: st_atim
Field Type: The type is a structure.
Field Type sizeof: 16
Field name: st_mtim
Field Type: The type is a structure.
Field Type sizeof: 16
Field name: st_ctim
Field Type: The type is a structure.
Field Type sizeof: 16
Field name: __glibc_reserved
Field Type: The type is an array.
Field Type sizeof: 24

[INFO -- 2018-12-09 15:50:09]
Fault Injection Successful after 1.6692533493041992s
[INFO -- 2018-12-09 15:50:09]
event type: exit
[INFO -- 2018-12-09 15:50:09]
exit code: 0
