[INFO -- 2018-12-01 01:35:14]
Starting flip_value script
version: 1.1
[INFO -- 2018-12-01 01:35:14]
Initialization strings:
[INFO -- 2018-12-01 01:35:14]
(1) file /tmp/splay/main
[INFO -- 2018-12-01 01:35:14]
(2) set args /tmp/splay/input_100000 /tmp/splay/output_100000
[INFO -- 2018-12-01 01:35:14]
initSignal:0
[INFO -- 2018-12-01 01:35:14]
endSignal:5
[INFO -- 2018-12-01 01:35:14]
faultModel:0
[INFO -- 2018-12-01 01:35:14]
Backtrace BEGIN:
#0  __GI___close_nocancel (fd=1) at ../sysdeps/unix/sysv/linux/close_nocancel.c:26
#1  0x00007ffff7cb6d38 in _IO_new_file_close_it (fp=fp@entry=0x7ffff7e10760 <_IO_2_1_stdout_>) at libioP.h:839
#2  0x00007ffff7ca9df3 in _IO_new_fclose (fp=0x7ffff7e10760 <_IO_2_1_stdout_>) at iofclose.c:53
#3  0x000055555555650d in main (argc=3, argv=0x7fffffffdfb8) at main.cpp:36

21	in ../sysdeps/unix/sysv/linux/close_nocancel.c

Backtrace END
Fliping value of field: _M_value
Memory content before bitflip:0x4a0xcf0x100x00
Fault Model: Single bit-flip
base address to flip value: 0x7fffffffdc58
address max offset: 4
Memory content after  bitflip:0x4a0xcf0x100x02
frame name: main
symbol name: start
symbol filename: main.cpp
symbol line: 26
value: {<std::iterator<std::input_iterator_tag, int, long, int const*, int const&>> = {<No data fields>}, _M_stream = 0x7fffffffdcb0, _M_value = 34656074, _M_ok = true}
value address: 0x7fffffffdc50
Type: The type is a structure.
Type sizeof: 16
Field name: std::iterator<std::input_iterator_tag, int, long, int const*, int const&>
Field Type: The type is a structure.
Field Type sizeof: 1
Field name: _M_stream
Field Type: The type is a pointer.
Field Type sizeof: 8
Field name: _M_value
Field Type: The type is an integer type.
Field Type sizeof: 4
Field name: _M_ok
Field Type: A boolean type.
Field Type sizeof: 1

[INFO -- 2018-12-01 01:35:14]
Fault Injection Successful after 0.8323607444763184s
[INFO -- 2018-12-01 01:35:14]
event type: exit
[INFO -- 2018-12-01 01:35:14]
exit code: 0
