[INFO -- 2018-11-30 19:17:04]
Starting flip_value script
version: 1.1
[INFO -- 2018-11-30 19:17:04]
Initialization strings:
[INFO -- 2018-11-30 19:17:04]
(1) file /tmp/splay/main
[INFO -- 2018-11-30 19:17:04]
(2) set args /tmp/splay/input_100000 /tmp/splay/output_100000
[INFO -- 2018-11-30 19:17:04]
initSignal:0
[INFO -- 2018-11-30 19:17:04]
endSignal:5
[INFO -- 2018-11-30 19:17:04]
faultModel:4
[INFO -- 2018-11-30 19:17:04]
Backtrace BEGIN:
#0  0x00007ffff7d34fd4 in __GI___libc_write (fd=1, buf=0x55555587dcf0, nbytes=17) at ../sysdeps/unix/sysv/linux/write.c:26
#1  0x00007ffff7cb633d in _IO_new_file_write (f=0x7ffff7e10760 <_IO_2_1_stdout_>, data=0x55555587dcf0, n=17) at fileops.c:1183
#2  0x00007ffff7cb7a71 in new_do_write (to_do=17, data=0x55555587dcf0 "1111001010111011\n", fp=0x7ffff7e10760 <_IO_2_1_stdout_>) at libioP.h:839
#3  _IO_new_do_write (fp=0x7ffff7e10760 <_IO_2_1_stdout_>, data=0x55555587dcf0 "1111001010111011\n", to_do=17) at fileops.c:433
#4  0x00007ffff7cb56f8 in _IO_new_file_sync (fp=0x7ffff7e10760 <_IO_2_1_stdout_>) at fileops.c:819
#5  0x00007ffff7caa32d in __GI__IO_fflush (fp=0x7ffff7e10760 <_IO_2_1_stdout_>) at libioP.h:839
#6  0x00007ffff7f4201e in std::ostream::flush() () from /usr/lib/x86_64-linux-gnu/libstdc++.so.6
#7  0x0000555555557afd in InOrder (root=0x5555555a2a70) at splay.cpp:253
#8  0x0000555555557b0d in InOrder (root=0x55555570bc90) at splay.cpp:254
#9  0x0000555555557abd in InOrder (root=0x5555557a2830) at splay.cpp:252
#10 0x0000555555557abd in InOrder (root=0x5555557ce0b0) at splay.cpp:252
#11 0x0000555555557abd in InOrder (root=0x5555557e1d30) at splay.cpp:252
#12 0x0000555555557abd in InOrder (root=0x555555593210) at splay.cpp:252
#13 0x0000555555557b0d in InOrder (root=0x5555558154b0) at splay.cpp:254
#14 0x0000555555557b0d in InOrder (root=0x5555556cec70) at splay.cpp:254
#15 0x0000555555557abd in InOrder (root=0x5555555a0470) at splay.cpp:252
#16 0x0000555555557abd in InOrder (root=0x555555833eb0) at splay.cpp:252
#17 0x0000555555557b0d in InOrder (root=0x5555555a3a30) at splay.cpp:254
#18 0x0000555555557b0d in InOrder (root=0x555555843970) at splay.cpp:254
#19 0x0000555555557abd in InOrder (root=0x55555567a5f0) at splay.cpp:252
#20 0x0000555555557abd in InOrder (root=0x555555873910) at splay.cpp:252
#21 0x0000555555557b0d in InOrder (root=0x555555876030) at splay.cpp:254
#22 0x0000555555557abd in InOrder (root=0x5555556b0c50) at splay.cpp:252
#23 0x0000555555557b0d in InOrder (root=0x5555556dafb0) at splay.cpp:254
#24 0x0000555555557b0d in InOrder (root=0x555555878bf0) at splay.cpp:254
#25 0x0000555555557b0d in InOrder (root=0x555555879230) at splay.cpp:254
#26 0x0000555555557b0d in InOrder (root=0x555555797c50) at splay.cpp:254
#27 0x0000555555557abd in InOrder (root=0x55555566be70) at splay.cpp:252
#28 0x0000555555557abd in InOrder (root=0x55555587aef0) at splay.cpp:252
#29 0x0000555555557abd in InOrder (root=0x55555557ecd0) at splay.cpp:252
#30 0x0000555555557abd in InOrder (root=0x555555833530) at splay.cpp:252
#31 0x0000555555557abd in InOrder (root=0x55555587c4f0) at splay.cpp:252
#32 0x0000555555557b0d in InOrder (root=0x5555556a9d30) at splay.cpp:254
#33 0x0000555555557b0d in InOrder (root=0x55555587d870) at splay.cpp:254
#34 0x0000555555557b0d in InOrder (root=0x555555720870) at splay.cpp:254
#35 0x0000555555557b0d in InOrder (root=0x55555578fdf0) at splay.cpp:254
#36 0x0000555555557b0d in InOrder (root=0x55555587da90) at splay.cpp:254
#37 0x0000555555557b0d in InOrder (root=0x5555557d8790) at splay.cpp:254
#38 0x0000555555557abd in InOrder (root=0x55555585f590) at splay.cpp:252
#39 0x0000555555557b0d in InOrder (root=0x55555587db50) at splay.cpp:254
#40 0x0000555555557abd in InOrder (root=0x555555774190) at splay.cpp:252
#41 0x0000555555557b0d in InOrder (root=0x555555774870) at splay.cpp:254
#42 0x0000555555557abd in InOrder (root=0x55555587dcb0) at splay.cpp:252
#43 0x0000555555557b0d in InOrder (root=0x555555693810) at splay.cpp:254
#44 0x0000555555557b0d in InOrder (root=0x555555634c10) at splay.cpp:254
#45 0x0000555555557b0d in InOrder (root=0x55555587dcd0) at splay.cpp:254
#46 0x00005555555564fe in main (argc=3, argv=0x7fffffffdfb8) at main.cpp:35

21	in ../sysdeps/unix/sysv/linux/write.c

Backtrace END
Fliping a bit of the value pointed by a pointer
Fliping value of field: key
Memory content before bitflip:0x190xf30x250x00
Fault Model: LSB bit-flip
base address to flip value: 0x5555557ce0b0
address max offset: 4
Memory content after  bitflip:0x190xf30x250x40
frame name: InOrder
symbol name: root
symbol filename: splay.cpp
symbol line: 248
value: 0x5555557ce0b0
value address: 0x7fffffffd578
Type: The type is a pointer.
Type sizeof: 8

[INFO -- 2018-11-30 19:17:04]
Fault Injection Successful after 0.7810416221618652s
[INFO -- 2018-11-30 19:17:04]
event type: exit
[INFO -- 2018-11-30 19:17:04]
exit code: 0
