[INFO -- 2018-12-01 13:27:44]
Starting flip_value script
version: 1.1
[INFO -- 2018-12-01 13:27:44]
Initialization strings:
[INFO -- 2018-12-01 13:27:44]
(1) file /tmp/splay/main
[INFO -- 2018-12-01 13:27:44]
(2) set args /tmp/splay/input_100000 /tmp/splay/output_100000
[INFO -- 2018-12-01 13:27:44]
initSignal:0
[INFO -- 2018-12-01 13:27:44]
endSignal:5
[INFO -- 2018-12-01 13:27:44]
faultModel:3
[INFO -- 2018-12-01 13:27:45]
Backtrace BEGIN:
#0  0x00005555555577a0 in Splay (key=690619, root=0x55555562efd0) at splay.cpp:93
#1  0x0000555555557916 in Insert (key=690619, root=0x555555853ad0) at splay.cpp:145
#2  0x00005555555564bb in main (argc=3, argv=0x7fffffffdfb8) at main.cpp:31

88											  just linking it to L Tree */
89					if(!root->rchild)
90						break;
91				}
92				/* Link to L Tree */
93				LeftTreeMax->rchild = root;
94				LeftTreeMax = LeftTreeMax->rchild;
95				root = root->rchild;
96				LeftTreeMax->rchild = NULL;
97			}

Backtrace END
Fliping value of field: lchild
Fliping a bit of the pointer
Memory content before bitflip:0x100x4f0x710x550x550x550x000x00
Fault Model: Zero bit-flip
base address to flip value: 0x7fffffffdbe8
address max offset: 8
Memory content after  bitflip:0x000x000x000x000x000x000x000x00
frame name: Splay
symbol name: header
symbol filename: splay.cpp
symbol line: 47
value: {key = -9040, lchild = 0x0, rchild = 0x555555853770}
value address: 0x7fffffffdbe0
Type: The type is a structure.
Type sizeof: 24
Field name: key
Field Type: The type is an integer type.
Field Type sizeof: 4
Field name: lchild
Field Type: The type is a pointer.
Field Type sizeof: 8
Field name: rchild
Field Type: The type is a pointer.
Field Type sizeof: 8

[INFO -- 2018-12-01 13:27:45]
Fault Injection Successful after 1.0163307189941406s
[INFO -- 2018-12-01 13:27:45]
event type: exit
[INFO -- 2018-12-01 13:27:45]
exit code: 0
