[INFO -- 2018-10-17 00:47:09]
Starting flip_value script
version: 1.1
[INFO -- 2018-10-17 00:47:09]
Initialization strings:
[INFO -- 2018-10-17 00:47:09]
(1) file /tmp/Tree234/main
[INFO -- 2018-10-17 00:47:09]
(2) set args /tmp/Tree234/input_50000 /tmp/Tree234/output_50000
[INFO -- 2018-10-17 00:47:09]
initSignal:0
[INFO -- 2018-10-17 00:47:09]
endSignal:2
[INFO -- 2018-10-17 00:47:09]
faultModel:0
[INFO -- 2018-10-17 00:47:09]
Backtrace BEGIN:
#0  0x00007ffff7df247a in __mmap (addr=addr@entry=0x0, len=len@entry=4096, prot=prot@entry=3, flags=flags@entry=34, fd=fd@entry=-1, offset=offset@entry=0) at ../sysdeps/unix/sysv/linux/wordsize-64/mmap.c:34
#1  0x00007ffff7df0e7e in __libc_memalign (align=align@entry=8, n=1184) at dl-minimal.c:78
#2  0x00007ffff7df0f0d in malloc (n=<optimized out>) at dl-minimal.c:95
#3  0x00007ffff7df0f3e in calloc (nmemb=nmemb@entry=1184, size=size@entry=1) at dl-minimal.c:114
#4  0x00007ffff7de2bf6 in _dl_new_object (realname=realname@entry=0x7ffff7ff7e90 "/lib/x86_64-linux-gnu/libpthread.so.0", libname=libname@entry=0x400c80 "libpthread.so.0", type=type@entry=1, loader=loader@entry=0x7ffff7ffe168, mode=mode@entry=0, nsid=nsid@entry=0) at dl-object.c:75
#5  0x00007ffff7ddd50d in _dl_map_object_from_fd (name=name@entry=0x400c80 "libpthread.so.0", origname=origname@entry=0x0, fd=4, fbp=fbp@entry=0x7fffffffd5e0, realname=0x7ffff7ff7e90 "/lib/x86_64-linux-gnu/libpthread.so.0", loader=loader@entry=0x7ffff7ffe168, l_type=1, mode=0, stack_endp=0x7fffffffd5d8, nsid=0) at dl-load.c:1006
#6  0x00007ffff7ddfc27 in _dl_map_object (loader=0x7ffff7ffe168, name=0x400c80 "libpthread.so.0", type=1, trace_mode=0, mode=<optimized out>, nsid=<optimized out>) at dl-load.c:2476
#7  0x00007ffff7de4ba2 in openaux (a=a@entry=0x7fffffffdc20) at dl-deps.c:63
#8  0x00007ffff7de7564 in _dl_catch_error (objname=objname@entry=0x7fffffffdc18, errstring=errstring@entry=0x7fffffffdc10, mallocedp=mallocedp@entry=0x7fffffffdc0f, operate=operate@entry=0x7ffff7de4b70 <openaux>, args=args@entry=0x7fffffffdc20) at dl-error.c:187
#9  0x00007ffff7de51e2 in _dl_map_object_deps (map=map@entry=0x7ffff7ffe168, preloads=<optimized out>, npreloads=npreloads@entry=0, trace_mode=trace_mode@entry=0, open_mode=open_mode@entry=0) at dl-deps.c:254
#10 0x00007ffff7ddaa29 in dl_main (phdr=<optimized out>, phnum=<optimized out>, user_entry=<optimized out>, auxv=<optimized out>) at rtld.c:1647
#11 0x00007ffff7df0632 in _dl_sysdep_start (start_argptr=start_argptr@entry=0x7fffffffde70, dl_main=dl_main@entry=0x7ffff7dd91e0 <dl_main>) at ../elf/dl-sysdep.c:249
#12 0x00007ffff7dd8c2a in _dl_start_final (arg=0x7fffffffde70) at rtld.c:323
#13 _dl_start (arg=0x7fffffffde70) at rtld.c:429
#14 0x00007ffff7dd7c38 in _start () from /lib64/ld-linux-x86-64.so.2
#15 0x0000000000000003 in ?? ()
#16 0x00007fffffffe20c in ?? ()
#17 0x00007fffffffe21e in ?? ()
#18 0x00007fffffffe237 in ?? ()
#19 0x0000000000000000 in ?? ()

29	in ../sysdeps/unix/sysv/linux/wordsize-64/mmap.c

Backtrace END
Memory content before bitflip:0x000x000x000x000x000x000x000x00
Fault Model: Single bit-flip
base address to flip value: 0x7fffffffdb90
address max offset: 8
Memory content after  bitflip:0x000x000x000x010x000x000x000x00
frame name: _dl_map_object_deps
symbol name: needed_space_bytes
symbol filename: dl-deps.c
symbol line: 189
value: 16777216
value address: 0x7fffffffdb90
Type: The type is an integer type.
Type sizeof: 8

[INFO -- 2018-10-17 00:47:09]
Fault Injection Successful after 0.23073053359985352s
[INFO -- 2018-10-17 00:47:09]
event type: exit
[INFO -- 2018-10-17 00:47:09]
exit code: 0
