[INFO -- 2018-10-16 23:23:18]
sending 5 signals using command: 'killall -2 main' after 1.28136972935s
[INFO -- 2018-10-16 23:23:18]
sending 5 signals using command: 'killall -2 main' after 1.40950984855s
[INFO -- 2018-10-16 23:23:18]
sending 5 signals using command: 'killall -2 main' after 1.74082908771s
[INFO -- 2018-10-16 23:23:18]
Starting GDB script
[INFO -- 2018-10-16 23:23:18]
initSignal:0.0
[INFO -- 2018-10-16 23:23:18]
endSignal:2.0
[INFO -- 2018-10-16 23:23:19]
sending 5 signals using command: 'killall -2 main' after 0.731361434798s
[INFO -- 2018-10-16 23:23:19]
sending 5 signals using command: 'killall -2 main' after 0.89329594776s
[INFO -- 2018-10-16 23:23:20]
sending 5 signals using command: 'killall -2 main' after 1.36764658349s
[INFO -- 2018-10-16 23:23:21]
Execution finished before waitTime
