[INFO -- 2018-12-03 22:57:28]
sending 5 signals using command: 'killall -2 main' after 3.27412745119s
[INFO -- 2018-12-03 22:57:28]
sending 5 signals using command: 'killall -2 main' after 3.31922820894s
[INFO -- 2018-12-03 22:57:29]
sending 5 signals using command: 'killall -2 main' after 4.96095785492s
[INFO -- 2018-12-03 22:57:29]
Starting GDB script
[INFO -- 2018-12-03 22:57:29]
initSignal:0.0
[INFO -- 2018-12-03 22:57:29]
endSignal:5.0
[INFO -- 2018-12-03 22:57:30]
sending 5 signals using command: 'killall -2 main' after 0.714209626874s
[INFO -- 2018-12-03 22:57:30]
sending 5 signals using command: 'killall -2 main' after 1.11979055964s
[INFO -- 2018-12-03 22:57:31]
sending 5 signals using command: 'killall -2 main' after 1.50897978419s
[INFO -- 2018-12-03 22:57:31]
Execution finished before waitTime
