[INFO -- 2018-12-01 05:42:11]
Starting flip_value script
version: 1.1
[INFO -- 2018-12-01 05:42:11]
Initialization strings:
[INFO -- 2018-12-01 05:42:11]
(1) file /tmp/splay/main
[INFO -- 2018-12-01 05:42:11]
(2) set args /tmp/splay/input_100000 /tmp/splay/output_100000
[INFO -- 2018-12-01 05:42:11]
initSignal:0
[INFO -- 2018-12-01 05:42:11]
endSignal:5
[INFO -- 2018-12-01 05:42:11]
faultModel:4
[INFO -- 2018-12-01 05:42:11]
Backtrace BEGIN:
#0  0x0000555555557ab5 in InOrder (root=0x555555677190) at splay.cpp:252
#1  0x0000555555557b0d in InOrder (root=0x5555556c6290) at splay.cpp:254
#2  0x0000555555557b0d in InOrder (root=0x5555555d49b0) at splay.cpp:254
#3  0x0000555555557abd in InOrder (root=0x555555637190) at splay.cpp:252
#4  0x0000555555557abd in InOrder (root=0x55555561f510) at splay.cpp:252
#5  0x0000555555557abd in InOrder (root=0x55555577fc50) at splay.cpp:252
#6  0x0000555555557b0d in InOrder (root=0x5555555f6130) at splay.cpp:254
#7  0x0000555555557abd in InOrder (root=0x55555580fab0) at splay.cpp:252
#8  0x0000555555557abd in InOrder (root=0x55555560bbb0) at splay.cpp:252
#9  0x0000555555557b0d in InOrder (root=0x5555555a2230) at splay.cpp:254
#10 0x0000555555557b0d in InOrder (root=0x555555870c70) at splay.cpp:254
#11 0x0000555555557b0d in InOrder (root=0x5555555b1090) at splay.cpp:254
#12 0x0000555555557b0d in InOrder (root=0x55555573eeb0) at splay.cpp:254
#13 0x0000555555557b0d in InOrder (root=0x55555587ae70) at splay.cpp:254
#14 0x0000555555557abd in InOrder (root=0x55555587b510) at splay.cpp:252
#15 0x0000555555557b0d in InOrder (root=0x55555587a8b0) at splay.cpp:254
#16 0x0000555555557abd in InOrder (root=0x55555587b9d0) at splay.cpp:252
#17 0x0000555555557abd in InOrder (root=0x55555578add0) at splay.cpp:252
#18 0x0000555555557abd in InOrder (root=0x5555556488d0) at splay.cpp:252
#19 0x0000555555557abd in InOrder (root=0x55555587d810) at splay.cpp:252
#20 0x0000555555557b0d in InOrder (root=0x5555556accf0) at splay.cpp:254
#21 0x0000555555557b0d in InOrder (root=0x55555587dbd0) at splay.cpp:254
#22 0x0000555555557b0d in InOrder (root=0x55555568bd90) at splay.cpp:254
#23 0x0000555555557b0d in InOrder (root=0x55555587dcb0) at splay.cpp:254
#24 0x0000555555557b0d in InOrder (root=0x555555693810) at splay.cpp:254
#25 0x0000555555557b0d in InOrder (root=0x555555634c10) at splay.cpp:254
#26 0x0000555555557b0d in InOrder (root=0x55555587dcd0) at splay.cpp:254
#27 0x00005555555564fe in main (argc=3, argv=0x7fffffffdfb8) at main.cpp:35

247	
248	void InOrder(splay* root)
249	{
250		if(root)
251		{
252			InOrder(root->lchild);
253			std::cout<<std::bitset<16>(root->key)<<std::endl;
254			InOrder(root->rchild);
255		}
256	}

Backtrace END
Fliping a bit of the pointer
Memory content before bitflip:0x100x380x690x550x550x550x000x00
Fault Model: LSB bit-flip
base address to flip value: 0x7fffffffdba8
address max offset: 8
Memory content after  bitflip:0x100x380x690x550x550x550x000x04
frame name: InOrder
symbol name: root
symbol filename: splay.cpp
symbol line: 248
value: 0x555555693810
value address: 0x7fffffffdba8
Type: The type is a pointer.
Type sizeof: 8

[INFO -- 2018-12-01 05:42:11]
Fault Injection Successful after 0.840665340423584s
[INFO -- 2018-12-01 05:42:11]
event type: exit
[INFO -- 2018-12-01 05:42:11]
exit code: 0
