[INFO -- 2018-12-01 07:41:09]
Starting flip_value script
version: 1.1
[INFO -- 2018-12-01 07:41:09]
Initialization strings:
[INFO -- 2018-12-01 07:41:09]
(1) file /tmp/splay/main
[INFO -- 2018-12-01 07:41:09]
(2) set args /tmp/splay/input_100000 /tmp/splay/output_100000
[INFO -- 2018-12-01 07:41:09]
initSignal:0
[INFO -- 2018-12-01 07:41:09]
endSignal:5
[INFO -- 2018-12-01 07:41:09]
faultModel:1
[EXCEPTION -- 2018-12-01 07:41:09]
pythonException: Unable to exit loop in struct fields; Exiting wihtout making a bit flip
[INFO -- 2018-12-01 07:41:09]
Backtrace BEGIN:
#0  0x0000555555557b05 in InOrder (root=0x555555815c70) at splay.cpp:254
#1  0x0000555555557b0d in InOrder (root=0x55555581a010) at splay.cpp:254
#2  0x0000555555557b0d in InOrder (root=0x55555566c230) at splay.cpp:254
#3  0x0000555555557b0d in InOrder (root=0x55555587aa90) at splay.cpp:254
#4  0x0000555555557b0d in InOrder (root=0x555555810510) at splay.cpp:254
#5  0x0000555555557abd in InOrder (root=0x55555587d970) at splay.cpp:252
#6  0x0000555555557abd in InOrder (root=0x55555578fdf0) at splay.cpp:252
#7  0x0000555555557b0d in InOrder (root=0x55555587da90) at splay.cpp:254
#8  0x0000555555557b0d in InOrder (root=0x5555557d8790) at splay.cpp:254
#9  0x0000555555557abd in InOrder (root=0x55555585f590) at splay.cpp:252
#10 0x0000555555557b0d in InOrder (root=0x55555587db50) at splay.cpp:254
#11 0x0000555555557abd in InOrder (root=0x555555774190) at splay.cpp:252
#12 0x0000555555557b0d in InOrder (root=0x555555774870) at splay.cpp:254
#13 0x0000555555557abd in InOrder (root=0x55555587dcb0) at splay.cpp:252
#14 0x0000555555557b0d in InOrder (root=0x555555693810) at splay.cpp:254
#15 0x0000555555557b0d in InOrder (root=0x555555634c10) at splay.cpp:254
#16 0x0000555555557b0d in InOrder (root=0x55555587dcd0) at splay.cpp:254
#17 0x00005555555564fe in main (argc=3, argv=0x7fffffffdfb8) at main.cpp:35

249	{
250		if(root)
251		{
252			InOrder(root->lchild);
253			std::cout<<std::bitset<16>(root->key)<<std::endl;
254			InOrder(root->rchild);
255		}
256	}
257	
258	/*

Backtrace END
Fliping a bit of the pointer
Memory content before bitflip:0xd00xdc0x870x550x550x550x000x00
Fault Model: Double bit-flip
base address to flip value: 0x7fffffffdc48
address max offset: 8
Memory content after  bitflip:0xd00xdc0x930x550x550x550x000x00
frame name: main
symbol name: root
symbol filename: main.cpp
symbol line: 22
value: 0x55555587dcd0
value address: 0x7fffffffdc48
Type: The type is a pointer.
Type sizeof: 8

[INFO -- 2018-12-01 07:41:09]
Fault Injection Successful after 0.7854824066162109s
[INFO -- 2018-12-01 07:41:09]
event type: exit
[INFO -- 2018-12-01 07:41:09]
exit code: 0
