[INFO -- 2018-11-26 00:04:07]
Starting flip_value script
version: 1.1
[INFO -- 2018-11-26 00:04:07]
Initialization strings:
[INFO -- 2018-11-26 00:04:07]
(1) file /tmp/BTree-dup/main
[INFO -- 2018-11-26 00:04:07]
(2)  set args /tmp/BTree-dup/input_100000 /tmp/BTree-dup/output_100000 /tmp/BTree-dup-detection.log /tmp/BTree-dup/output2_100000
[INFO -- 2018-11-26 00:04:07]
initSignal:0
[INFO -- 2018-11-26 00:04:07]
endSignal:2
[INFO -- 2018-11-26 00:04:07]
faultModel:2
[EXCEPTION -- 2018-11-26 00:04:08]
pythonException: Unable to exit loop in struct fields; Exiting wihtout making a bit flip
[EXCEPTION -- 2018-11-26 00:04:10]
pythonException: empty range for randrange() (0,0, 0)
[INFO -- 2018-11-26 00:04:10]
Backtrace BEGIN:
#0  std::vector<int, std::allocator<int> >::size (this=0x555555555730 <_start>) at /usr/include/c++/7/bits/stl_vector.h:670
#1  0x0000555555556bed in runner (input=0x7fffffffe22a "/tmp/BTree-dup/input_100000") at BTree_dup.cpp:663
#2  0x0000555555556f7a in main (argc=5, argv=0x7fffffffde68) at BTree_dup.cpp:712

665	#endif
666	
667	      // [23.2.4.2] capacity
668	      /**  Returns the number of elements in the %vector.  */
669	      size_type
670	      size() const _GLIBCXX_NOEXCEPT
671	      { return size_type(this->_M_impl._M_finish - this->_M_impl._M_start); }
672	
673	      /**  Returns the size() of the largest possible %vector.  */
674	      size_type

Backtrace END
Memory content before bitflip:0x5a0x120x000x000x000x000x000x00
Fault Model: Random bit-flip
base address to flip value: 0x7fffffffdd28
address max offset: 8
Memory content after  bitflip:0x1b0x390x430xac0x440x3e0xea0x4c
frame name: main
symbol name: start_time
symbol filename: BTree_dup.cpp
symbol line: 698
value: 5542310756101601563
value address: 0x7fffffffdd28
Type: The type is an integer type.
Type sizeof: 8

[INFO -- 2018-11-26 00:04:10]
Fault Injection Successful after 3.868875741958618s
[INFO -- 2018-11-26 00:04:11]
event type: exit
[INFO -- 2018-11-26 00:04:11]
exit code: 0
