[INFO -- 2018-11-25 21:46:00]
Starting flip_value script
version: 1.1
[INFO -- 2018-11-25 21:46:00]
Initialization strings:
[INFO -- 2018-11-25 21:46:00]
(1) file /tmp/BTree-dup/main
[INFO -- 2018-11-25 21:46:00]
(2)  set args /tmp/BTree-dup/input_100000 /tmp/BTree-dup/output_100000 /tmp/BTree-dup-detection.log /tmp/BTree-dup/output2_100000
[INFO -- 2018-11-25 21:46:00]
initSignal:0
[INFO -- 2018-11-25 21:46:00]
endSignal:2
[INFO -- 2018-11-25 21:46:00]
faultModel:0
[EXCEPTION -- 2018-11-25 21:46:01]
pythonException: Unable to exit loop in struct fields; Exiting wihtout making a bit flip
[EXCEPTION -- 2018-11-25 21:46:02]
pythonException: empty range for randrange() (0,0, 0)
[EXCEPTION -- 2018-11-25 21:46:02]
pythonException: Unable to exit loop in struct fields; Exiting wihtout making a bit flip
[INFO -- 2018-11-25 21:46:03]
event type: exit
[INFO -- 2018-11-25 21:46:03]
exit code: 0
