[INFO -- 2018-11-25 18:43:49]
Starting flip_value script
version: 1.1
[INFO -- 2018-11-25 18:43:49]
Initialization strings:
[INFO -- 2018-11-25 18:43:49]
(1) file /tmp/BTree-dup/main
[INFO -- 2018-11-25 18:43:49]
(2)  set args /tmp/BTree-dup/input_100000 /tmp/BTree-dup/output_100000 /tmp/BTree-dup-detection.log /tmp/BTree-dup/output2_100000
[INFO -- 2018-11-25 18:43:49]
initSignal:0
[INFO -- 2018-11-25 18:43:49]
endSignal:2
[INFO -- 2018-11-25 18:43:49]
faultModel:1
[EXCEPTION -- 2018-11-25 18:43:50]
gdbException: Tentativo de desreferenciar um ponteiro genérico.
[INFO -- 2018-11-25 18:43:50]
event type: exit
[INFO -- 2018-11-25 18:43:50]
exit code: 0
