[INFO -- 2018-10-12 01:37:32]
Starting flip_value script
version: 1.1
[INFO -- 2018-10-12 01:37:32]
Initialization strings:
[INFO -- 2018-10-12 01:37:32]
(1) file /tmp/BTree/main
[INFO -- 2018-10-12 01:37:32]
(2)  set args /tmp/BTree/input_100000 /tmp/BTree/output_100000
[INFO -- 2018-10-12 01:37:32]
initSignal:0
[INFO -- 2018-10-12 01:37:32]
endSignal:2
[INFO -- 2018-10-12 01:37:32]
faultModel:2
[EXCEPTION -- 2018-10-12 01:37:32]
gdbException: Tentativo de desreferenciar um ponteiro genérico.
[EXCEPTION -- 2018-10-12 01:37:33]
pythonException: Unable to exit loop in struct fields; Exiting wihtout making a bit flip
[INFO -- 2018-10-12 01:37:33]
Backtrace BEGIN:
#0  0x000055555555604d in BTreeNode::insertNonFull (this=0x5555557e35d0, k=3988618) at BTree.cpp:522
#1  0x00005555555560d9 in BTreeNode::insertNonFull (this=0x5555558098b0, k=3988618) at BTree.cpp:533
#2  0x00005555555560d9 in BTreeNode::insertNonFull (this=0x55555586ae40, k=3988618) at BTree.cpp:533
#3  0x00005555555560d9 in BTreeNode::insertNonFull (this=0x555555882180, k=3988618) at BTree.cpp:533
#4  0x00005555555560d9 in BTreeNode::insertNonFull (this=0x5555558bd670, k=3988618) at BTree.cpp:533
#5  0x00005555555560d9 in BTreeNode::insertNonFull (this=0x555555812430, k=3988618) at BTree.cpp:533
#6  0x0000555555555f18 in BTree::insert (this=0x7fffffffddc0, k=3988618) at BTree.cpp:487
#7  0x0000555555556601 in main (argc=3, argv=0x7fffffffded8) at BTree.cpp:665

517			// Find the child which is going to have the new key
518			while (i >= 0 && keys[i] > k)
519				i--;
520	
521			// See if the found child is full
522			if (C[i+1]->n == 2*t-1)
523			{
524				// If the child is full, then split it
525				splitChild(i+1, C[i+1]);
526	

Backtrace END
Fliping a bit of the pointer
Memory content before bitflip:0x300x240x810x550x550x550x000x00
Fault Model: Random bit-flip
base address to flip value: 0x7fffffffdd38
address max offset: 8
Memory content after  bitflip:0xd00xa90x000x820x5f0x400x300xad
frame name: BTreeNode::insertNonFull
symbol name: this
symbol filename: BTree.cpp
symbol line: 0
value: 0x555555812430
value address: 0x7fffffffdd38
Type: The type is a pointer.
Type sizeof: 8

[INFO -- 2018-10-12 01:37:33]
Fault Injection Successful after 1.0573904514312744s
[INFO -- 2018-10-12 01:37:33]
event type: exit
[INFO -- 2018-10-12 01:37:33]
exit code: 0
