[INFO -- 2018-10-12 02:12:18]
Starting flip_value script
version: 1.1
[INFO -- 2018-10-12 02:12:18]
Initialization strings:
[INFO -- 2018-10-12 02:12:18]
(1) file /tmp/BTree/main
[INFO -- 2018-10-12 02:12:18]
(2)  set args /tmp/BTree/input_100000 /tmp/BTree/output_100000
[INFO -- 2018-10-12 02:12:18]
initSignal:0
[INFO -- 2018-10-12 02:12:18]
endSignal:2
[INFO -- 2018-10-12 02:12:18]
faultModel:3
[EXCEPTION -- 2018-10-12 02:12:19]
gdbException: Tentativo de desreferenciar um ponteiro genérico.
[INFO -- 2018-10-12 02:12:19]
event type: exit
[INFO -- 2018-10-12 02:12:19]
exit code: 0
