[INFO -- 2018-12-03 22:32:37]
sending 5 signals using command: 'killall -2 main' after 3.28259319829s
[INFO -- 2018-12-03 22:32:37]
sending 5 signals using command: 'killall -2 main' after 3.54591615584s
[INFO -- 2018-12-03 22:32:38]
sending 5 signals using command: 'killall -2 main' after 4.40436130635s
[INFO -- 2018-12-03 22:32:38]
Starting GDB script
[INFO -- 2018-12-03 22:32:38]
initSignal:0.0
[INFO -- 2018-12-03 22:32:38]
endSignal:5.0
[INFO -- 2018-12-03 22:32:38]
sending 5 signals using command: 'killall -2 main' after 0.110591906173s
[INFO -- 2018-12-03 22:32:41]
sending 5 signals using command: 'killall -2 main' after 2.36077283877s
[INFO -- 2018-12-03 22:32:41]
sending 5 signals using command: 'killall -2 main' after 2.65591524732s
[INFO -- 2018-12-03 22:32:41]
Execution finished before waitTime
