[INFO -- 2018-10-16 22:04:22]
sending 5 signals using command: 'killall -2 main' after 1.25818117027s
[INFO -- 2018-10-16 22:04:22]
sending 5 signals using command: 'killall -2 main' after 1.45884535906s
[INFO -- 2018-10-16 22:04:23]
sending 5 signals using command: 'killall -2 main' after 1.71819482981s
[INFO -- 2018-10-16 22:04:23]
Starting GDB script
[INFO -- 2018-10-16 22:04:23]
initSignal:0.0
[INFO -- 2018-10-16 22:04:23]
endSignal:2.0
[INFO -- 2018-10-16 22:04:23]
sending 5 signals using command: 'killall -2 main' after 0.507851787701s
[INFO -- 2018-10-16 22:04:24]
sending 5 signals using command: 'killall -2 main' after 0.65804402809s
[INFO -- 2018-10-16 22:04:24]
sending 5 signals using command: 'killall -2 main' after 0.968153873352s
[INFO -- 2018-10-16 22:04:24]
Execution finished before waitTime
