[INFO -- 2018-11-30 22:21:34]
sending 5 signals using command: 'killall -2 main' after 1.9341350477s
[INFO -- 2018-11-30 22:21:35]
sending 5 signals using command: 'killall -2 main' after 3.4770685414s
[INFO -- 2018-11-30 22:21:37]
sending 5 signals using command: 'killall -2 main' after 4.7835220254s
[INFO -- 2018-11-30 22:21:37]
Starting GDB script
[INFO -- 2018-11-30 22:21:37]
initSignal:0.0
[INFO -- 2018-11-30 22:21:37]
endSignal:5.0
[INFO -- 2018-11-30 22:21:37]
sending 5 signals using command: 'killall -2 main' after 0.0685868693058s
[INFO -- 2018-11-30 22:21:37]
sending 5 signals using command: 'killall -2 main' after 0.240628682274s
[INFO -- 2018-11-30 22:21:38]
sending 5 signals using command: 'killall -2 main' after 1.44242894489s
[INFO -- 2018-11-30 22:21:38]
Execution finished before waitTime
