[INFO -- 2018-10-12 05:36:00]
sending 5 signals using command: 'killall -2 main' after 1.70383126177s
[INFO -- 2018-10-12 05:36:00]
sending 5 signals using command: 'killall -2 main' after 1.80441498175s
[INFO -- 2018-10-12 05:36:00]
sending 5 signals using command: 'killall -2 main' after 1.819006557s
[INFO -- 2018-10-12 05:36:01]
Starting GDB script
[INFO -- 2018-10-12 05:36:01]
initSignal:0.0
[INFO -- 2018-10-12 05:36:01]
endSignal:2.0
[INFO -- 2018-10-12 05:36:01]
sending 5 signals using command: 'killall -2 main' after 0.0940036969359s
[INFO -- 2018-10-12 05:36:01]
sending 5 signals using command: 'killall -2 main' after 0.322852337137s
[INFO -- 2018-10-12 05:36:01]
sending 5 signals using command: 'killall -2 main' after 0.48223310897s
[INFO -- 2018-10-12 05:36:02]
Execution finished before waitTime
