[INFO -- 2018-10-11 23:43:28]
Starting flip_value script
version: 1.1
[INFO -- 2018-10-11 23:43:28]
Initialization strings:
[INFO -- 2018-10-11 23:43:28]
(1) file /tmp/BTree/main
[INFO -- 2018-10-11 23:43:28]
(2)  set args /tmp/BTree/input_100000 /tmp/BTree/output_100000
[INFO -- 2018-10-11 23:43:28]
initSignal:0
[INFO -- 2018-10-11 23:43:28]
endSignal:2
[INFO -- 2018-10-11 23:43:28]
faultModel:3
[EXCEPTION -- 2018-10-11 23:43:29]
pythonException: Unable to exit loop in struct fields; Exiting wihtout making a bit flip
[INFO -- 2018-10-11 23:43:29]
Backtrace BEGIN:
#0  0x0000555555556a39 in std::bitset<16ul>::_M_copy_to_string<char, std::char_traits<char>, std::allocator<char> > (this=0x7fffffffdb60, __s="1111010101000000", __zero=48 '0', __one=49 '1') at /usr/include/c++/7/bitset:1408
#1  0x0000555555556943 in std::operator<< <char, std::char_traits<char>, 16ul> (__os=..., __x=std::bitset = {...}) at /usr/include/c++/7/bitset:1538
#2  0x00005555555563b2 in BTreeNode::traverse (this=0x5555558d8280) at BTree.cpp:592
#3  0x00005555555563ff in BTreeNode::traverse (this=0x5555557e7ef0) at BTree.cpp:597
#4  0x0000555555556377 in BTreeNode::traverse (this=0x5555558043c0) at BTree.cpp:591
#5  0x00005555555563ff in BTreeNode::traverse (this=0x5555558cb410) at BTree.cpp:597
#6  0x0000555555556377 in BTreeNode::traverse (this=0x55555583f5e0) at BTree.cpp:591
#7  0x00005555555563ff in BTreeNode::traverse (this=0x555555966a50) at BTree.cpp:597
#8  0x0000555555556377 in BTreeNode::traverse (this=0x5555558eea80) at BTree.cpp:591
#9  0x0000555555556377 in BTreeNode::traverse (this=0x555555812430) at BTree.cpp:591
#10 0x0000555555556377 in BTreeNode::traverse (this=0x555555a27320) at BTree.cpp:591
#11 0x0000555555556851 in BTree::traverse (this=0x7fffffffddc0) at BTree.cpp:137
#12 0x0000555555556630 in main (argc=3, argv=0x7fffffffded8) at BTree.cpp:668

1403	      bitset<_Nb>::
1404	      _M_copy_to_string(std::basic_string<_CharT, _Traits, _Alloc>& __s,
1405				_CharT __zero, _CharT __one) const
1406	      {
1407		__s.assign(_Nb, __zero);
1408		for (size_t __i = _Nb; __i > 0; --__i)
1409		  if (_Unchecked_test(__i - 1))
1410		    _Traits::assign(__s[_Nb - __i], __one);
1411	      }
1412	

Backtrace END
Fliping a bit of the pointer
Memory content before bitflip:0xf00x7e0x7e0x550x550x550x000x00
Fault Model: Zero bit-flip
base address to flip value: 0x7fffffffdb88
address max offset: 8
Memory content after  bitflip:0x000x000x000x000x000x000x000x00
frame name: BTreeNode::traverse
symbol name: this
symbol filename: BTree.cpp
symbol line: 0
value: 0x5555557e7ef0
value address: 0x7fffffffdb88
Type: The type is a pointer.
Type sizeof: 8

[INFO -- 2018-10-11 23:43:29]
Fault Injection Successful after 1.8583984375s
[INFO -- 2018-10-11 23:43:30]
event type: exit
[INFO -- 2018-10-11 23:43:30]
exit code: 0
