[INFO -- 2018-10-17 19:44:51]
sending 5 signals using command: 'killall -2 main' after 1.09457195473s
[INFO -- 2018-10-17 19:44:51]
sending 5 signals using command: 'killall -2 main' after 1.64264864386s
[INFO -- 2018-10-17 19:44:52]
sending 5 signals using command: 'killall -2 main' after 1.92801080171s
[INFO -- 2018-10-17 19:44:52]
Starting GDB script
[INFO -- 2018-10-17 19:44:52]
initSignal:0.0
[INFO -- 2018-10-17 19:44:52]
endSignal:2.0
[INFO -- 2018-10-17 19:44:52]
sending 5 signals using command: 'killall -2 main' after 0.263135209639s
[INFO -- 2018-10-17 19:44:53]
sending 5 signals using command: 'killall -2 main' after 0.640355514986s
[INFO -- 2018-10-17 19:44:53]
Execution finished before waitTime
[INFO -- 2018-10-17 19:44:53]
sending 5 signals using command: 'killall -2 main' after 1.03391882445s
