[INFO -- 2018-12-01 06:49:40]
sending 5 signals using command: 'killall -2 main' after 2.15339755401s
[INFO -- 2018-12-01 06:49:41]
sending 5 signals using command: 'killall -2 main' after 2.80314445693s
[INFO -- 2018-12-01 06:49:43]
sending 5 signals using command: 'killall -2 main' after 4.66358703711s
[INFO -- 2018-12-01 06:49:43]
Starting GDB script
[INFO -- 2018-12-01 06:49:43]
initSignal:0.0
[INFO -- 2018-12-01 06:49:43]
endSignal:5.0
[INFO -- 2018-12-01 06:49:43]
sending 5 signals using command: 'killall -2 main' after 0.628209200421s
[INFO -- 2018-12-01 06:49:44]
sending 5 signals using command: 'killall -2 main' after 1.22202665881s
[INFO -- 2018-12-01 06:49:44]
sending 5 signals using command: 'killall -2 main' after 1.2695624889s
[INFO -- 2018-12-01 06:49:44]
Execution finished before waitTime
