[INFO -- 2018-10-17 21:05:09]
Starting flip_value script
version: 1.1
[INFO -- 2018-10-17 21:05:09]
Initialization strings:
[INFO -- 2018-10-17 21:05:09]
(1) file /tmp/Tree234/main
[INFO -- 2018-10-17 21:05:09]
(2) set args /tmp/Tree234/input_50000 /tmp/Tree234/output_50000
[INFO -- 2018-10-17 21:05:09]
initSignal:0
[INFO -- 2018-10-17 21:05:09]
endSignal:2
[INFO -- 2018-10-17 21:05:09]
faultModel:0
[INFO -- 2018-10-17 21:05:09]
Backtrace BEGIN:
#0  0x00007ffff7de36b6 in elf_machine_rela (skip_ifunc=<optimized out>, reloc_addr_arg=0x7ffff7dca898, version=0x7ffff7fd81c8, sym=0x7ffff7a7c500, reloc=0x7ffff7acc388, map=0x7ffff7ff74d0) at ../sysdeps/x86_64/dl-machine.h:301
#1  elf_dynamic_do_Rela (skip_ifunc=<optimized out>, lazy=<optimized out>, nrelative=<optimized out>, relsize=<optimized out>, reladdr=<optimized out>, map=0x7ffff7ff74d0) at do-rel.h:137
#2  _dl_relocate_object (scope=<optimized out>, reloc_mode=<optimized out>, consider_profiling=<optimized out>, consider_profiling@entry=0) at dl-reloc.c:258
#3  0x00007ffff7ddb0db in dl_main (phdr=<optimized out>, phnum=<optimized out>, user_entry=<optimized out>, auxv=<optimized out>) at rtld.c:2109
#4  0x00007ffff7df0632 in _dl_sysdep_start (start_argptr=start_argptr@entry=0x7fffffffde70, dl_main=dl_main@entry=0x7ffff7dd91e0 <dl_main>) at ../elf/dl-sysdep.c:249
#5  0x00007ffff7dd8c2a in _dl_start_final (arg=0x7fffffffde70) at rtld.c:323
#6  _dl_start (arg=0x7fffffffde70) at rtld.c:429
#7  0x00007ffff7dd7c38 in _start () from /lib64/ld-linux-x86-64.so.2
#8  0x0000000000000003 in ?? ()
#9  0x00007fffffffe20c in ?? ()
#10 0x00007fffffffe21e in ?? ()
#11 0x00007fffffffe237 in ?? ()
#12 0x0000000000000000 in ?? ()

296	in ../sysdeps/x86_64/dl-machine.h

Backtrace END
Fliping value of field: dont_free
Memory content before bitflip:0x000x000x000x00
Fault Model: Single bit-flip
base address to flip value: 0x7ffff7ffe010 
address max offset: 4
Memory content after  bitflip:0x000x000x080x00
frame name: dl_main
symbol name: _dl_rtld_libname2
symbol filename: rtld.c
symbol line: 211
value: {name = 0x0, next = 0x0, dont_free = 524288}
value address: 0x7ffff7ffe000 <_dl_rtld_libname2>
Type: The type is a structure.
Type sizeof: 24
Field name: name
Field Type: The type is a pointer.
Field Type sizeof: 8
Field name: next
Field Type: The type is a pointer.
Field Type sizeof: 8
Field name: dont_free
Field Type: The type is an integer type.
Field Type sizeof: 4

[INFO -- 2018-10-17 21:05:09]
Fault Injection Successful after 0.7036216259002686s
[INFO -- 2018-10-17 21:05:09]
event type: exit
[INFO -- 2018-10-17 21:05:09]
exit code: 0
