[INFO -- 2018-12-01 09:25:20]
Starting flip_value script
version: 1.1
[INFO -- 2018-12-01 09:25:20]
Initialization strings:
[INFO -- 2018-12-01 09:25:20]
(1) file /tmp/splay/main
[INFO -- 2018-12-01 09:25:20]
(2) set args /tmp/splay/input_100000 /tmp/splay/output_100000
[INFO -- 2018-12-01 09:25:20]
initSignal:0
[INFO -- 2018-12-01 09:25:20]
endSignal:5
[INFO -- 2018-12-01 09:25:20]
faultModel:3
[INFO -- 2018-12-01 09:25:20]
Backtrace BEGIN:
#0  Splay (key=4788270, root=0x55555575a490) at splay.cpp:83
#1  0x0000555555557916 in Insert (key=4788270, root=0x555555761c10) at splay.cpp:145
#2  0x00005555555564bb in main (argc=3, argv=0x7fffffffdfb8) at main.cpp:31

78			}
79			else if(key > root->key)
80			{
81				if(!root->rchild)
82					break;
83				if(key > root->rchild->key)
84				{
85					root = LL_Rotate(root);/* only zag-zag mode need to rotate once,
86											  because zag-zig mode is handled as zag
87											  mode, which doesn't require rotate, 

Backtrace END
Memory content before bitflip:0x2e0x100x490x00
Fault Model: Zero bit-flip
base address to flip value: 0x7fffffffdbcc
address max offset: 4
Memory content after  bitflip:0x000x000x000x00
frame name: Splay
symbol name: key
symbol filename: splay.cpp
symbol line: 43
value: 0
value address: 0x7fffffffdbcc
Type: The type is an integer type.
Type sizeof: 4

[INFO -- 2018-12-01 09:25:20]
Fault Injection Successful after 0.9270055294036865s
[INFO -- 2018-12-01 09:25:21]
event type: exit
[INFO -- 2018-12-01 09:25:21]
exit code: 0
