[INFO -- 2018-12-01 00:34:44]
Starting flip_value script
version: 1.1
[INFO -- 2018-12-01 00:34:44]
Initialization strings:
[INFO -- 2018-12-01 00:34:44]
(1) file /tmp/splay/main
[INFO -- 2018-12-01 00:34:44]
(2) set args /tmp/splay/input_100000 /tmp/splay/output_100000
[INFO -- 2018-12-01 00:34:44]
initSignal:0
[INFO -- 2018-12-01 00:34:44]
endSignal:5
[INFO -- 2018-12-01 00:34:44]
faultModel:0
[INFO -- 2018-12-01 00:34:45]
Backtrace BEGIN:
#0  0x00007ffff7ed323b in std::locale::locale(std::locale const&) () from /usr/lib/x86_64-linux-gnu/libstdc++.so.6
#1  0x0000555555557bc8 in std::ios_base::getloc (this=0x55555555b048 <std::cout@@GLIBCXX_3.4+8>) at /usr/include/c++/8/bits/ios_base.h:766
#2  0x0000555555557d97 in std::operator<< <char, std::char_traits<char>, 16ul> (__os=..., __x=std::bitset = {...}) at /usr/include/c++/8/bitset:1541
#3  0x0000555555557ae8 in InOrder (root=0x55555561e230) at splay.cpp:253
#4  0x0000555555557abd in InOrder (root=0x5555556cb770) at splay.cpp:252
#5  0x0000555555557b0d in InOrder (root=0x5555555ac450) at splay.cpp:254
#6  0x0000555555557abd in InOrder (root=0x55555563d370) at splay.cpp:252
#7  0x0000555555557b0d in InOrder (root=0x55555572c770) at splay.cpp:254
#8  0x0000555555557b0d in InOrder (root=0x5555558084d0) at splay.cpp:254
#9  0x0000555555557b0d in InOrder (root=0x5555557f9bb0) at splay.cpp:254
#10 0x0000555555557b0d in InOrder (root=0x555555830bb0) at splay.cpp:254
#11 0x0000555555557b0d in InOrder (root=0x5555555b8b90) at splay.cpp:254
#12 0x0000555555557abd in InOrder (root=0x555555866ff0) at splay.cpp:252
#13 0x0000555555557abd in InOrder (root=0x5555555ed270) at splay.cpp:252
#14 0x0000555555557abd in InOrder (root=0x55555567b870) at splay.cpp:252
#15 0x0000555555557b0d in InOrder (root=0x5555558731d0) at splay.cpp:254
#16 0x0000555555557b0d in InOrder (root=0x55555570afd0) at splay.cpp:254
#17 0x0000555555557b0d in InOrder (root=0x555555876410) at splay.cpp:254
#18 0x0000555555557abd in InOrder (root=0x55555587c370) at splay.cpp:252
#19 0x0000555555557abd in InOrder (root=0x55555586f0f0) at splay.cpp:252
#20 0x0000555555557b0d in InOrder (root=0x5555555bd830) at splay.cpp:254
#21 0x0000555555557b0d in InOrder (root=0x55555587c950) at splay.cpp:254
#22 0x0000555555557abd in InOrder (root=0x55555587ce30) at splay.cpp:252
#23 0x0000555555557abd in InOrder (root=0x55555587d3d0) at splay.cpp:252
#24 0x0000555555557abd in InOrder (root=0x555555752030) at splay.cpp:252
#25 0x0000555555557b0d in InOrder (root=0x55555587db90) at splay.cpp:254
#26 0x0000555555557b0d in InOrder (root=0x55555585f590) at splay.cpp:254
#27 0x0000555555557b0d in InOrder (root=0x55555587db50) at splay.cpp:254
#28 0x0000555555557abd in InOrder (root=0x555555774190) at splay.cpp:252
#29 0x0000555555557b0d in InOrder (root=0x555555774870) at splay.cpp:254
#30 0x0000555555557abd in InOrder (root=0x55555587dcb0) at splay.cpp:252
#31 0x0000555555557b0d in InOrder (root=0x555555693810) at splay.cpp:254
#32 0x0000555555557b0d in InOrder (root=0x555555634c10) at splay.cpp:254
#33 0x0000555555557b0d in InOrder (root=0x55555587dcd0) at splay.cpp:254
#34 0x00005555555564fe in main (argc=3, argv=0x7fffffffdfb8) at main.cpp:35

1	#include "splay.h"
2	#include <iostream>
3	
4	#include <algorithm>    // std::random_shuffle
5	#include <vector>       // std::vector
6	#include <cstdlib>      // std::rand, std::srand
7	#include <cstdio>
8	
9	#include <iterator>
10	#include <fstream>

Backtrace END
Fliping a bit of the value pointed by a pointer
Fliping value of field: key
Memory content before bitflip:0xab0x440x290x00
Fault Model: Single bit-flip
base address to flip value: 0x555555876410
address max offset: 4
Memory content after  bitflip:0xab0x440x290x08
frame name: InOrder
symbol name: root
symbol filename: splay.cpp
symbol line: 248
value: 0x555555876410
value address: 0x7fffffffd908
Type: The type is a pointer.
Type sizeof: 8

[INFO -- 2018-12-01 00:34:45]
Fault Injection Successful after 1.0447182655334473s
[INFO -- 2018-12-01 00:34:45]
event type: exit
[INFO -- 2018-12-01 00:34:45]
exit code: 0
