[INFO -- 2018-10-18 00:01:00]
Starting flip_value script
version: 1.1
[INFO -- 2018-10-18 00:01:00]
Initialization strings:
[INFO -- 2018-10-18 00:01:00]
(1) file /tmp/Tree234/main
[INFO -- 2018-10-18 00:01:00]
(2) set args /tmp/Tree234/input_50000 /tmp/Tree234/output_50000
[INFO -- 2018-10-18 00:01:00]
initSignal:0
[INFO -- 2018-10-18 00:01:00]
endSignal:2
[INFO -- 2018-10-18 00:01:00]
faultModel:0
[INFO -- 2018-10-18 00:01:00]
Backtrace BEGIN:
#0  malloc (n=9) at dl-minimal.c:94
#1  <function called from gdb>
#2  0x00007ffff7df2327 in open64 () at ../sysdeps/unix/syscall-template.S:84
#3  0x00007ffff7ddc767 in open_verify (name=name@entry=0x7ffff7fd99a8 "/lib/x86_64-linux-gnu/libm.so.6", fbp=fbp@entry=0x7fffffffd460, loader=<optimized out>, whatcode=whatcode@entry=8, mode=mode@entry=0, found_other_class=found_other_class@entry=0x7fffffffd44f, free_name=false, fd=-1) at dl-load.c:1765
#4  0x00007ffff7de01b6 in _dl_map_object (loader=0x7ffff7ff74d0, name=0x7ffff7abd2df "libm.so.6", type=1, trace_mode=0, mode=<optimized out>, nsid=<optimized out>) at dl-load.c:2379
#5  0x00007ffff7de4ba2 in openaux (a=a@entry=0x7fffffffdc20) at dl-deps.c:63
#6  0x00007ffff7de7564 in _dl_catch_error (objname=objname@entry=0x7fffffffdc18, errstring=errstring@entry=0x7fffffffdc10, mallocedp=mallocedp@entry=0x7fffffffdc0f, operate=operate@entry=0x7ffff7de4b70 <openaux>, args=args@entry=0x7fffffffdc20) at dl-error.c:187
#7  0x00007ffff7de51e2 in _dl_map_object_deps (map=map@entry=0x7ffff7ffe168, preloads=<optimized out>, npreloads=npreloads@entry=0, trace_mode=trace_mode@entry=0, open_mode=open_mode@entry=0) at dl-deps.c:254
#8  0x00007ffff7ddaa29 in dl_main (phdr=<optimized out>, phnum=<optimized out>, user_entry=<optimized out>, auxv=<optimized out>) at rtld.c:1647
#9  0x00007ffff7df0632 in _dl_sysdep_start (start_argptr=start_argptr@entry=0x7fffffffde70, dl_main=dl_main@entry=0x7ffff7dd91e0 <dl_main>) at ../elf/dl-sysdep.c:249
#10 0x00007ffff7dd8c2a in _dl_start_final (arg=0x7fffffffde70) at rtld.c:323
#11 _dl_start (arg=0x7fffffffde70) at rtld.c:429
#12 0x00007ffff7dd7c38 in _start () from /lib64/ld-linux-x86-64.so.2
#13 0x0000000000000003 in ?? ()
#14 0x00007fffffffe20c in ?? ()
#15 0x00007fffffffe21e in ?? ()
#16 0x00007fffffffe237 in ?? ()
#17 0x0000000000000000 in ?? ()

89	in dl-minimal.c

Backtrace END
Fliping a bit of the value pointed by a pointer
Memory content before bitflip:0x00
Fault Model: Single bit-flip
base address to flip value: 0x7ffff7a7d2c8 
address max offset: 1
Memory content after  bitflip:0x01
frame name: _dl_map_object_deps
symbol name: strtab
symbol filename: dl-deps.c
symbol line: 231
value: 0x7ffff7a7d2c8 "\001__gmon_start__"
value address: 0x7fffffffdbf0
Type: The type is a pointer.
Type sizeof: 8

[INFO -- 2018-10-18 00:01:00]
Fault Injection Successful after 0.968813419342041s
[INFO -- 2018-10-18 00:01:01]
event type: exit
[INFO -- 2018-10-18 00:01:01]
exit code: 0
