[INFO -- 2018-11-30 19:14:37]
Starting flip_value script
version: 1.1
[INFO -- 2018-11-30 19:14:37]
Initialization strings:
[INFO -- 2018-11-30 19:14:37]
(1) file /tmp/splay/main
[INFO -- 2018-11-30 19:14:37]
(2) set args /tmp/splay/input_100000 /tmp/splay/output_100000
[INFO -- 2018-11-30 19:14:37]
initSignal:0
[INFO -- 2018-11-30 19:14:37]
endSignal:5
[INFO -- 2018-11-30 19:14:37]
faultModel:1
[INFO -- 2018-11-30 19:14:37]
Backtrace BEGIN:
#0  0x00007ffff7d34fd4 in __GI___libc_write (fd=1, buf=0x55555587dcf0, nbytes=17) at ../sysdeps/unix/sysv/linux/write.c:26
#1  0x00007ffff7cb633d in _IO_new_file_write (f=0x7ffff7e10760 <_IO_2_1_stdout_>, data=0x55555587dcf0, n=17) at fileops.c:1183
#2  0x00007ffff7cb7a71 in new_do_write (to_do=17, data=0x55555587dcf0 "0111010011010011\n", fp=0x7ffff7e10760 <_IO_2_1_stdout_>) at libioP.h:839
#3  _IO_new_do_write (fp=0x7ffff7e10760 <_IO_2_1_stdout_>, data=0x55555587dcf0 "0111010011010011\n", to_do=17) at fileops.c:433
#4  0x00007ffff7cb56f8 in _IO_new_file_sync (fp=0x7ffff7e10760 <_IO_2_1_stdout_>) at fileops.c:819
#5  0x00007ffff7caa32d in __GI__IO_fflush (fp=0x7ffff7e10760 <_IO_2_1_stdout_>) at libioP.h:839
#6  0x00007ffff7f4201e in std::ostream::flush() () from /usr/lib/x86_64-linux-gnu/libstdc++.so.6
#7  0x0000555555557afd in InOrder (root=0x555555697590) at splay.cpp:253
#8  0x0000555555557abd in InOrder (root=0x55555582f090) at splay.cpp:252
#9  0x0000555555557b0d in InOrder (root=0x555555634990) at splay.cpp:254
#10 0x0000555555557b0d in InOrder (root=0x555555841410) at splay.cpp:254
#11 0x0000555555557b0d in InOrder (root=0x555555679b10) at splay.cpp:254
#12 0x0000555555557b0d in InOrder (root=0x55555566a5b0) at splay.cpp:254
#13 0x0000555555557b0d in InOrder (root=0x5555558611d0) at splay.cpp:254
#14 0x0000555555557abd in InOrder (root=0x5555557a9a10) at splay.cpp:252
#15 0x0000555555557abd in InOrder (root=0x55555586f1f0) at splay.cpp:252
#16 0x0000555555557b0d in InOrder (root=0x5555556e2770) at splay.cpp:254
#17 0x0000555555557abd in InOrder (root=0x555555713ff0) at splay.cpp:252
#18 0x0000555555557abd in InOrder (root=0x55555571baf0) at splay.cpp:252
#19 0x0000555555557abd in InOrder (root=0x55555557ed90) at splay.cpp:252
#20 0x0000555555557abd in InOrder (root=0x55555587b430) at splay.cpp:252
#21 0x0000555555557abd in InOrder (root=0x5555555e2570) at splay.cpp:252
#22 0x0000555555557b0d in InOrder (root=0x55555582ef90) at splay.cpp:254
#23 0x0000555555557b0d in InOrder (root=0x55555587d170) at splay.cpp:254
#24 0x0000555555557b0d in InOrder (root=0x5555557efed0) at splay.cpp:254
#25 0x0000555555557abd in InOrder (root=0x5555556c5f50) at splay.cpp:252
#26 0x0000555555557abd in InOrder (root=0x55555587d430) at splay.cpp:252
#27 0x0000555555557b0d in InOrder (root=0x5555556f88b0) at splay.cpp:254
#28 0x0000555555557b0d in InOrder (root=0x55555574fdf0) at splay.cpp:254
#29 0x0000555555557abd in InOrder (root=0x555555683210) at splay.cpp:252
#30 0x0000555555557abd in InOrder (root=0x55555587dc90) at splay.cpp:252
#31 0x0000555555557abd in InOrder (root=0x555555696ef0) at splay.cpp:252
#32 0x0000555555557abd in InOrder (root=0x55555587dcd0) at splay.cpp:252
#33 0x00005555555564fe in main (argc=3, argv=0x7fffffffdfb8) at main.cpp:35

21	in ../sysdeps/unix/sysv/linux/write.c

Backtrace END
Fliping a bit of the pointer
Memory content before bitflip:0xd00xdc0x870x550x550x550x000x00
Fault Model: Double bit-flip
base address to flip value: 0x7fffffffdc48
address max offset: 8
Memory content after  bitflip:0xf10xdc0x870x550x550x550x000x00
frame name: main
symbol name: root
symbol filename: main.cpp
symbol line: 22
value: 0x55555587dcd0
value address: 0x7fffffffdc48
Type: The type is a pointer.
Type sizeof: 8

[INFO -- 2018-11-30 19:14:37]
Fault Injection Successful after 0.9220459461212158s
[INFO -- 2018-11-30 19:14:38]
event type: exit
[INFO -- 2018-11-30 19:14:38]
exit code: 0
