[INFO -- 2018-11-25 22:18:00]
Starting flip_value script
version: 1.1
[INFO -- 2018-11-25 22:18:00]
Initialization strings:
[INFO -- 2018-11-25 22:18:00]
(1) file /tmp/BTree-dup/main
[INFO -- 2018-11-25 22:18:00]
(2)  set args /tmp/BTree-dup/input_100000 /tmp/BTree-dup/output_100000 /tmp/BTree-dup-detection.log /tmp/BTree-dup/output2_100000
[INFO -- 2018-11-25 22:18:00]
initSignal:0
[INFO -- 2018-11-25 22:18:00]
endSignal:2
[INFO -- 2018-11-25 22:18:00]
faultModel:3
[EXCEPTION -- 2018-11-25 22:18:01]
gdbException: Tentativo de desreferenciar um ponteiro genérico.
[EXCEPTION -- 2018-11-25 22:18:01]
pythonException: Unable to exit loop in struct fields; Exiting wihtout making a bit flip
[INFO -- 2018-11-25 22:18:01]
Backtrace BEGIN:
#0  0x000055555555663b in BTreeNode::insertNonFull (this=0x5555557a21a0, k=296998) at BTree_dup.cpp:537
#1  0x0000555555556639 in BTreeNode::insertNonFull (this=0x555555815c40, k=296998) at BTree_dup.cpp:535
#2  0x0000555555556639 in BTreeNode::insertNonFull (this=0x555555a2ab30, k=296998) at BTree_dup.cpp:535
#3  0x0000555555556478 in BTree::insert (this=0x7fffffffda50, k=296998) at BTree_dup.cpp:489
#4  0x0000555555556c25 in runner (input=0x7fffffffe22a "/tmp/BTree-dup/input_100000") at BTree_dup.cpp:664
#5  0x0000555555556f51 in main (argc=5, argv=0x7fffffffde68) at BTree_dup.cpp:711

532				if (keys[i+1] < k)
533					i++;
534			}
535			C[i+1]->insertNonFull(k);
536		}
537	}
538	
539	// A utility function to split the child y of this node
540	// Note that y must be full when this function is called
541	void BTreeNode::splitChild(int i, BTreeNode *y)

Backtrace END
Fliping a bit of the pointer
Memory content before bitflip:0x500xda0xff0xff0xff0x7f0x000x00
Fault Model: Zero bit-flip
base address to flip value: 0x7fffffffd9f8
address max offset: 8
Memory content after  bitflip:0x000x000x000x000x000x000x000x00
frame name: BTree::insert
symbol name: this
symbol filename: BTree_dup.cpp
symbol line: 0
value: 0x7fffffffda50
value address: 0x7fffffffd9f8
Type: The type is a pointer.
Type sizeof: 8

[INFO -- 2018-11-25 22:18:01]
Fault Injection Successful after 1.7594482898712158s
[INFO -- 2018-11-25 22:18:02]
event type: exit
[INFO -- 2018-11-25 22:18:02]
exit code: 0
