[INFO -- 2018-10-16 19:56:06]
Starting flip_value script
version: 1.1
[INFO -- 2018-10-16 19:56:06]
Initialization strings:
[INFO -- 2018-10-16 19:56:06]
(1) file /tmp/RBTree/main
[INFO -- 2018-10-16 19:56:06]
(2) set args  /tmp/RBTree/input_ /tmp/RBTree/output_
[INFO -- 2018-10-16 19:56:06]
initSignal:0
[INFO -- 2018-10-16 19:56:06]
endSignal:2
[INFO -- 2018-10-16 19:56:06]
faultModel:4
[EXCEPTION -- 2018-10-16 19:56:06]
gdbException: Tentativo de desreferenciar um ponteiro genérico.
[INFO -- 2018-10-16 19:56:06]
event type: exit
[INFO -- 2018-10-16 19:56:06]
exit code: 0
