[INFO -- 2018-12-01 06:00:37]
Starting flip_value script
version: 1.1
[INFO -- 2018-12-01 06:00:37]
Initialization strings:
[INFO -- 2018-12-01 06:00:37]
(1) file /tmp/splay/main
[INFO -- 2018-12-01 06:00:37]
(2) set args /tmp/splay/input_100000 /tmp/splay/output_100000
[INFO -- 2018-12-01 06:00:37]
initSignal:0
[INFO -- 2018-12-01 06:00:37]
endSignal:5
[INFO -- 2018-12-01 06:00:37]
faultModel:4
[EXCEPTION -- 2018-12-01 06:00:38]
pythonException: Unable to exit loop in struct fields; Exiting wihtout making a bit flip
[EXCEPTION -- 2018-12-01 06:00:38]
pythonException: Unable to exit loop in struct fields; Exiting wihtout making a bit flip
[INFO -- 2018-12-01 06:00:38]
event type: exit
[INFO -- 2018-12-01 06:00:38]
exit code: 0
