[INFO -- 2018-12-01 02:24:26]
Starting flip_value script
version: 1.1
[INFO -- 2018-12-01 02:24:26]
Initialization strings:
[INFO -- 2018-12-01 02:24:26]
(1) file /tmp/splay/main
[INFO -- 2018-12-01 02:24:26]
(2) set args /tmp/splay/input_100000 /tmp/splay/output_100000
[INFO -- 2018-12-01 02:24:26]
initSignal:0
[INFO -- 2018-12-01 02:24:26]
endSignal:5
[INFO -- 2018-12-01 02:24:26]
faultModel:0
[EXCEPTION -- 2018-12-01 02:24:26]
gdbException: Attempt to dereference a generic pointer.
[INFO -- 2018-12-01 02:24:26]
Backtrace BEGIN:
#0  dl_main (phdr=<optimized out>, phnum=<optimized out>, user_entry=<optimized out>, auxv=<optimized out>) at rtld.c:2298
#1  0x00007ffff7fed5b0 in _dl_sysdep_start (start_argptr=start_argptr@entry=0x7fffffffdfb0, dl_main=dl_main@entry=0x7ffff7fd5810 <dl_main>) at ../elf/dl-sysdep.c:253
#2  0x00007ffff7fd52b8 in _dl_start_final (arg=0x7fffffffdfb0) at rtld.c:415
#3  _dl_start (arg=0x7fffffffdfb0) at rtld.c:522
#4  0x00007ffff7fd4098 in _start () from /lib64/ld-linux-x86-64.so.2
#5  0x0000000000000003 in ?? ()
#6  0x00007fffffffe306 in ?? ()
#7  0x00007fffffffe316 in ?? ()
#8  0x00007fffffffe32e in ?? ()
#9  0x0000000000000000 in ?? ()

2293	in rtld.c

Backtrace END
Fliping a bit of the pointer
Memory content before bitflip:0x000x000x000x000x000x000x000x00
Fault Model: Single bit-flip
base address to flip value: 0x7ffff7ffc650 
address max offset: 8
Memory content after  bitflip:0x000x000x000x000x100x000x000x00
frame name: dl_main
symbol name: library_path
symbol filename: rtld.c
symbol line: 824
value: 0x0
value address: 0x7ffff7ffc650 <library_path>
Type: The type is a pointer.
Type sizeof: 8

[INFO -- 2018-12-01 02:24:26]
Fault Injection Successful after 0.5914859771728516s
[INFO -- 2018-12-01 02:24:26]
event type: exit
[INFO -- 2018-12-01 02:24:26]
exit code: 0
