[INFO -- 2018-12-01 00:15:27]
Starting flip_value script
version: 1.1
[INFO -- 2018-12-01 00:15:27]
Initialization strings:
[INFO -- 2018-12-01 00:15:27]
(1) file /tmp/splay/main
[INFO -- 2018-12-01 00:15:27]
(2) set args /tmp/splay/input_100000 /tmp/splay/output_100000
[INFO -- 2018-12-01 00:15:27]
initSignal:0
[INFO -- 2018-12-01 00:15:27]
endSignal:5
[INFO -- 2018-12-01 00:15:27]
faultModel:1
[EXCEPTION -- 2018-12-01 00:15:28]
pythonException: Unable to exit loop in struct fields; Exiting wihtout making a bit flip
[INFO -- 2018-12-01 00:15:28]
Backtrace BEGIN:
#0  0x0000555555557ab5 in InOrder (root=0x5555556fabb0) at splay.cpp:252
#1  0x0000555555557b0d in InOrder (root=0x5555555d3010) at splay.cpp:254
#2  0x0000555555557abd in InOrder (root=0x55555560c470) at splay.cpp:252
#3  0x0000555555557b0d in InOrder (root=0x5555557584f0) at splay.cpp:254
#4  0x0000555555557b0d in InOrder (root=0x5555557e04b0) at splay.cpp:254
#5  0x0000555555557b0d in InOrder (root=0x55555557ba70) at splay.cpp:254
#6  0x0000555555557abd in InOrder (root=0x5555555ca9f0) at splay.cpp:252
#7  0x0000555555557abd in InOrder (root=0x5555558329b0) at splay.cpp:252
#8  0x0000555555557b0d in InOrder (root=0x55555562d810) at splay.cpp:254
#9  0x0000555555557b0d in InOrder (root=0x555555727290) at splay.cpp:254
#10 0x0000555555557b0d in InOrder (root=0x55555558b190) at splay.cpp:254
#11 0x0000555555557b0d in InOrder (root=0x5555555eecd0) at splay.cpp:254
#12 0x0000555555557b0d in InOrder (root=0x55555587b950) at splay.cpp:254
#13 0x0000555555557b0d in InOrder (root=0x555555613cd0) at splay.cpp:254
#14 0x0000555555557b0d in InOrder (root=0x55555566fcb0) at splay.cpp:254
#15 0x0000555555557abd in InOrder (root=0x55555587c010) at splay.cpp:252
#16 0x0000555555557b0d in InOrder (root=0x55555587cf70) at splay.cpp:254
#17 0x0000555555557b0d in InOrder (root=0x555555770750) at splay.cpp:254
#18 0x0000555555557b0d in InOrder (root=0x55555587daf0) at splay.cpp:254
#19 0x0000555555557abd in InOrder (root=0x55555587db70) at splay.cpp:252
#20 0x0000555555557abd in InOrder (root=0x555555602350) at splay.cpp:252
#21 0x0000555555557abd in InOrder (root=0x55555574fdf0) at splay.cpp:252
#22 0x0000555555557abd in InOrder (root=0x555555683210) at splay.cpp:252
#23 0x0000555555557abd in InOrder (root=0x55555587dc90) at splay.cpp:252
#24 0x0000555555557abd in InOrder (root=0x555555696ef0) at splay.cpp:252
#25 0x0000555555557abd in InOrder (root=0x55555587dcd0) at splay.cpp:252
#26 0x00005555555564fe in main (argc=3, argv=0x7fffffffdfb8) at main.cpp:35

247	
248	void InOrder(splay* root)
249	{
250		if(root)
251		{
252			InOrder(root->lchild);
253			std::cout<<std::bitset<16>(root->key)<<std::endl;
254			InOrder(root->rchild);
255		}
256	}

Backtrace END
Fliping a bit of the value pointed by a pointer
Fliping value of field: lchild
Fliping a bit of the pointer
Memory content before bitflip:0x000x000x000x000x000x000x000x00
Fault Model: Double bit-flip
base address to flip value: 0x5555557e04b8
address max offset: 8
Memory content after  bitflip:0x600x000x000x000x000x000x000x00
frame name: InOrder
symbol name: root
symbol filename: splay.cpp
symbol line: 248
value: 0x5555557e04b0
value address: 0x7fffffffd818
Type: The type is a pointer.
Type sizeof: 8

[INFO -- 2018-12-01 00:15:28]
Fault Injection Successful after 1.1944248676300049s
[INFO -- 2018-12-01 00:15:28]
event type: exit
[INFO -- 2018-12-01 00:15:28]
exit code: 0
