[INFO -- 2018-11-25 23:28:49]
Starting flip_value script
version: 1.1
[INFO -- 2018-11-25 23:28:49]
Initialization strings:
[INFO -- 2018-11-25 23:28:49]
(1) file /tmp/BTree-dup/main
[INFO -- 2018-11-25 23:28:49]
(2)  set args /tmp/BTree-dup/input_100000 /tmp/BTree-dup/output_100000 /tmp/BTree-dup-detection.log /tmp/BTree-dup/output2_100000
[INFO -- 2018-11-25 23:28:49]
initSignal:0
[INFO -- 2018-11-25 23:28:49]
endSignal:2
[INFO -- 2018-11-25 23:28:49]
faultModel:2
[INFO -- 2018-11-25 23:28:50]
Backtrace BEGIN:
#0  dl_main (phdr=<optimized out>, phnum=<optimized out>, user_entry=<optimized out>, auxv=<optimized out>) at rtld.c:2289
#1  0x00007ffff7defdd0 in _dl_sysdep_start (start_argptr=start_argptr@entry=0x7fffffffde60, dl_main=dl_main@entry=0x7ffff7dd7660 <dl_main>) at ../elf/dl-sysdep.c:253
#2  0x00007ffff7dd7128 in _dl_start_final (arg=0x7fffffffde60) at rtld.c:414
#3  _dl_start (arg=0x7fffffffde60) at rtld.c:521
#4  0x00007ffff7dd6098 in _start () from /lib64/ld-linux-x86-64.so.2
#5  0x0000000000000005 in ?? ()
#6  0x00007fffffffe216 in ?? ()
#7  0x00007fffffffe22a in ?? ()
#8  0x00007fffffffe246 in ?? ()
#9  0x00007fffffffe263 in ?? ()
#10 0x00007fffffffe280 in ?? ()
#11 0x0000000000000000 in ?? ()

2284	rtld.c: Arquivo ou diretório inexistente.

Backtrace END
Memory content before bitflip:0x050x000x000x00
Fault Model: Random bit-flip
base address to flip value: 0x7ffff7ffc748 
address max offset: 4
Memory content after  bitflip:0x940xe10xb10xac
frame name: _dl_start
symbol name: _dl_argc
symbol filename: rtld.c
symbol line: 82
value: -1397628524
value address: 0x7ffff7ffc748 <_dl_argc>
Type: The type is an integer type.
Type sizeof: 4

[INFO -- 2018-11-25 23:28:50]
Fault Injection Successful after 1.0600173473358154s
[INFO -- 2018-11-25 23:28:51]
event type: exit
[INFO -- 2018-11-25 23:28:51]
exit code: 0
