[INFO -- 2018-11-30 19:22:01]
Starting flip_value script
version: 1.1
[INFO -- 2018-11-30 19:22:01]
Initialization strings:
[INFO -- 2018-11-30 19:22:01]
(1) file /tmp/splay/main
[INFO -- 2018-11-30 19:22:01]
(2) set args /tmp/splay/input_100000 /tmp/splay/output_100000
[INFO -- 2018-11-30 19:22:01]
initSignal:0
[INFO -- 2018-11-30 19:22:01]
endSignal:5
[INFO -- 2018-11-30 19:22:01]
faultModel:2
[EXCEPTION -- 2018-11-30 19:22:02]
pythonException: Unable to exit loop in struct fields; Exiting wihtout making a bit flip
[INFO -- 2018-11-30 19:22:02]
Backtrace BEGIN:
#0  0x00007ffff7f42e67 in std::basic_ostream<char, std::char_traits<char> >& std::__ostream_insert<char, std::char_traits<char> >(std::basic_ostream<char, std::char_traits<char> >&, char const*, long) () from /usr/lib/x86_64-linux-gnu/libstdc++.so.6
#1  0x0000555555557e00 in std::operator<< <char, std::char_traits<char>, 16ul> (__os=..., __x=std::bitset = {...}) at /usr/include/c++/8/bitset:1543
#2  0x0000555555557ae8 in InOrder (root=0x5555556e1fd0) at splay.cpp:253
#3  0x0000555555557abd in InOrder (root=0x55555585def0) at splay.cpp:252
#4  0x0000555555557abd in InOrder (root=0x55555563e8f0) at splay.cpp:252
#5  0x0000555555557abd in InOrder (root=0x555555586190) at splay.cpp:252
#6  0x0000555555557b0d in InOrder (root=0x5555557dcd70) at splay.cpp:254
#7  0x0000555555557b0d in InOrder (root=0x55555586efd0) at splay.cpp:254
#8  0x0000555555557abd in InOrder (root=0x55555586d930) at splay.cpp:252
#9  0x0000555555557b0d in InOrder (root=0x555555876210) at splay.cpp:254
#10 0x0000555555557b0d in InOrder (root=0x5555556e6c70) at splay.cpp:254
#11 0x0000555555557abd in InOrder (root=0x5555555f9470) at splay.cpp:252
#12 0x0000555555557abd in InOrder (root=0x55555587a7f0) at splay.cpp:252
#13 0x0000555555557b0d in InOrder (root=0x55555587c670) at splay.cpp:254
#14 0x0000555555557abd in InOrder (root=0x555555838f70) at splay.cpp:252
#15 0x0000555555557b0d in InOrder (root=0x5555555ae930) at splay.cpp:254
#16 0x0000555555557abd in InOrder (root=0x55555587c830) at splay.cpp:252
#17 0x0000555555557abd in InOrder (root=0x55555571a7f0) at splay.cpp:252
#18 0x0000555555557b0d in InOrder (root=0x55555571f9b0) at splay.cpp:254
#19 0x0000555555557b0d in InOrder (root=0x55555587d890) at splay.cpp:254
#20 0x0000555555557abd in InOrder (root=0x55555587dbd0) at splay.cpp:252
#21 0x0000555555557b0d in InOrder (root=0x55555568bd90) at splay.cpp:254
#22 0x0000555555557b0d in InOrder (root=0x55555587dcb0) at splay.cpp:254
#23 0x0000555555557b0d in InOrder (root=0x555555693810) at splay.cpp:254
#24 0x0000555555557b0d in InOrder (root=0x555555634c10) at splay.cpp:254
#25 0x0000555555557b0d in InOrder (root=0x55555587dcd0) at splay.cpp:254
#26 0x00005555555564fe in main (argc=3, argv=0x7fffffffdfb8) at main.cpp:35

11	
12	using namespace std;
13	
14	int main(int argc, char* argv[])
15	{
16	    if (argc != 3){
17	        cerr << "Uso correto: ./main [input file] [output file] " << endl;
18	        return 0;
19	    }
20	

Backtrace END
Fliping a bit of the value pointed by a pointer
Fliping value of field: key
Memory content before bitflip:0x850x210x470x00
Fault Model: Random bit-flip
base address to flip value: 0x5555556e1fd0
address max offset: 4
Memory content after  bitflip:0x190x280xda0xc7
frame name: InOrder
symbol name: root
symbol filename: splay.cpp
symbol line: 248
value: 0x5555556e1fd0
value address: 0x7fffffffd7b8
Type: The type is a pointer.
Type sizeof: 8

[INFO -- 2018-11-30 19:22:02]
Fault Injection Successful after 1.5748605728149414s
[INFO -- 2018-11-30 19:22:02]
event type: exit
[INFO -- 2018-11-30 19:22:02]
exit code: 0
