[INFO -- 2018-11-25 22:51:41]
Starting flip_value script
version: 1.1
[INFO -- 2018-11-25 22:51:41]
Initialization strings:
[INFO -- 2018-11-25 22:51:41]
(1) file /tmp/BTree-dup/main
[INFO -- 2018-11-25 22:51:41]
(2)  set args /tmp/BTree-dup/input_100000 /tmp/BTree-dup/output_100000 /tmp/BTree-dup-detection.log /tmp/BTree-dup/output2_100000
[INFO -- 2018-11-25 22:51:41]
initSignal:0
[INFO -- 2018-11-25 22:51:41]
endSignal:2
[INFO -- 2018-11-25 22:51:41]
faultModel:4
[EXCEPTION -- 2018-11-25 22:51:42]
pythonException: Unable to exit loop in struct fields; Exiting wihtout making a bit flip
[INFO -- 2018-11-25 22:51:43]
Backtrace BEGIN:
#0  0x00005555555564e0 in BTreeNode::insertNonFull (this=0x555555cf2280, k=2198659) at BTree_dup.cpp:507
#1  0x0000555555556639 in BTreeNode::insertNonFull (this=0x555555c0bd90, k=2198659) at BTree_dup.cpp:535
#2  0x0000555555556639 in BTreeNode::insertNonFull (this=0x555555d10c70, k=2198659) at BTree_dup.cpp:535
#3  0x0000555555556639 in BTreeNode::insertNonFull (this=0x555555c20580, k=2198659) at BTree_dup.cpp:535
#4  0x0000555555556639 in BTreeNode::insertNonFull (this=0x555555bca6c0, k=2198659) at BTree_dup.cpp:535
#5  0x0000555555556639 in BTreeNode::insertNonFull (this=0x555555c207c0, k=2198659) at BTree_dup.cpp:535
#6  0x0000555555556639 in BTreeNode::insertNonFull (this=0x555555bee480, k=2198659) at BTree_dup.cpp:535
#7  0x0000555555556639 in BTreeNode::insertNonFull (this=0x555555ce1f30, k=2198659) at BTree_dup.cpp:535
#8  0x0000555555556478 in BTree::insert (this=0x7fffffffda50, k=2198659) at BTree_dup.cpp:489
#9  0x0000555555556c25 in runner (input=0x7fffffffe22a "/tmp/BTree-dup/input_100000") at BTree_dup.cpp:664
#10 0x0000555555556f7a in main (argc=5, argv=0x7fffffffde68) at BTree_dup.cpp:712

502		if (leaf == true)
503		{
504			// The following loop does two things
505			// a) Finds the location of new key to be inserted
506			// b) Moves all greater keys to one place ahead
507			while (i >= 0 && keys[i] > k)
508			{
509				keys[i+1] = keys[i];
510				i--;
511			}

Backtrace END
Memory content before bitflip:0x830x8c0x210x00
Fault Model: LSB bit-flip
base address to flip value: 0x7fffffffd8d4
address max offset: 4
Memory content after  bitflip:0x830x8c0x210x02
frame name: BTreeNode::insertNonFull
symbol name: k
symbol filename: BTree_dup.cpp
symbol line: 496
value: 35753091
value address: 0x7fffffffd8d4
Type: The type is an integer type.
Type sizeof: 4

[INFO -- 2018-11-25 22:51:43]
Fault Injection Successful after 2.3043267726898193s
[INFO -- 2018-11-25 22:51:44]
event type: exit
[INFO -- 2018-11-25 22:51:44]
exit code: 0
