[INFO -- 2018-10-16 23:46:24]
sending 5 signals using command: 'killall -2 main' after 1.51525853475s
[INFO -- 2018-10-16 23:46:24]
sending 5 signals using command: 'killall -2 main' after 1.52919713584s
[INFO -- 2018-10-16 23:46:24]
sending 5 signals using command: 'killall -2 main' after 1.6780293879s
[INFO -- 2018-10-16 23:46:24]
Starting GDB script
[INFO -- 2018-10-16 23:46:24]
initSignal:0.0
[INFO -- 2018-10-16 23:46:24]
endSignal:2.0
[INFO -- 2018-10-16 23:46:25]
sending 5 signals using command: 'killall -2 main' after 0.710185364602s
[INFO -- 2018-10-16 23:46:25]
sending 5 signals using command: 'killall -2 main' after 0.978062386861s
[INFO -- 2018-10-16 23:46:25]
sending 5 signals using command: 'killall -2 main' after 1.01481476181s
[INFO -- 2018-10-16 23:46:25]
Execution finished before waitTime
