[INFO -- 2018-11-30 19:53:26]
Starting flip_value script
version: 1.1
[INFO -- 2018-11-30 19:53:26]
Initialization strings:
[INFO -- 2018-11-30 19:53:26]
(1) file /tmp/splay/main
[INFO -- 2018-11-30 19:53:26]
(2) set args /tmp/splay/input_100000 /tmp/splay/output_100000
[INFO -- 2018-11-30 19:53:26]
initSignal:0
[INFO -- 2018-11-30 19:53:26]
endSignal:5
[INFO -- 2018-11-30 19:53:26]
faultModel:2
[EXCEPTION -- 2018-11-30 19:53:27]
pythonException: Unable to exit loop in struct fields; Exiting wihtout making a bit flip
[EXCEPTION -- 2018-11-30 19:53:27]
pythonException: Unable to exit loop in struct fields; Exiting wihtout making a bit flip
[INFO -- 2018-11-30 19:53:27]
event type: exit
[INFO -- 2018-11-30 19:53:27]
exit code: 0
