[INFO -- 2018-11-25 21:46:49]
Starting flip_value script
version: 1.1
[INFO -- 2018-11-25 21:46:49]
Initialization strings:
[INFO -- 2018-11-25 21:46:49]
(1) file /tmp/BTree-dup/main
[INFO -- 2018-11-25 21:46:49]
(2)  set args /tmp/BTree-dup/input_100000 /tmp/BTree-dup/output_100000 /tmp/BTree-dup-detection.log /tmp/BTree-dup/output2_100000
[INFO -- 2018-11-25 21:46:49]
initSignal:0
[INFO -- 2018-11-25 21:46:49]
endSignal:2
[INFO -- 2018-11-25 21:46:49]
faultModel:3
[EXCEPTION -- 2018-11-25 21:46:50]
pythonException: Unable to exit loop in struct fields; Exiting wihtout making a bit flip
[EXCEPTION -- 2018-11-25 21:46:51]
pythonException: Unable to exit loop in struct fields; Exiting wihtout making a bit flip
[INFO -- 2018-11-25 21:46:52]
event type: exit
[INFO -- 2018-11-25 21:46:52]
exit code: 0
