[INFO -- 2018-12-09 16:23:52]
sending 5 signals using command: 'killall -2 main' after 4.27741421949s
[INFO -- 2018-12-09 16:23:53]
sending 5 signals using command: 'killall -2 main' after 4.66039290377s
[INFO -- 2018-12-09 16:23:53]
sending 5 signals using command: 'killall -2 main' after 4.9005917005s
[INFO -- 2018-12-09 16:23:53]
Starting GDB script
[INFO -- 2018-12-09 16:23:53]
initSignal:0.0
[INFO -- 2018-12-09 16:23:53]
endSignal:5.0
[INFO -- 2018-12-09 16:23:53]
sending 5 signals using command: 'killall -2 main' after 0.527388620705s
[INFO -- 2018-12-09 16:23:55]
sending 5 signals using command: 'killall -2 main' after 2.60337313468s
[INFO -- 2018-12-09 16:23:57]
sending 5 signals using command: 'killall -2 main' after 3.91091402985s
[INFO -- 2018-12-09 16:24:53]
Execution did not finish before waitTime
