[INFO -- 2018-10-18 02:17:49]
Starting flip_value script
version: 1.1
[INFO -- 2018-10-18 02:17:49]
Initialization strings:
[INFO -- 2018-10-18 02:17:49]
(1) file /tmp/Tree234/main
[INFO -- 2018-10-18 02:17:49]
(2) set args /tmp/Tree234/input_50000 /tmp/Tree234/output_50000
[INFO -- 2018-10-18 02:17:49]
initSignal:0
[INFO -- 2018-10-18 02:17:49]
endSignal:2
[INFO -- 2018-10-18 02:17:49]
faultModel:0
[EXCEPTION -- 2018-10-18 02:17:49]
gdbException: Attempt to dereference a generic pointer.
[INFO -- 2018-10-18 02:17:49]
event type: exit
[INFO -- 2018-10-18 02:17:49]
exit code: 0
