[INFO -- 2018-10-11 23:32:07]
Starting flip_value script
version: 1.1
[INFO -- 2018-10-11 23:32:07]
Initialization strings:
[INFO -- 2018-10-11 23:32:07]
(1) file /tmp/BTree/main
[INFO -- 2018-10-11 23:32:07]
(2)  set args /tmp/BTree/input_100000 /tmp/BTree/output_100000
[INFO -- 2018-10-11 23:32:07]
initSignal:0
[INFO -- 2018-10-11 23:32:07]
endSignal:2
[INFO -- 2018-10-11 23:32:07]
faultModel:4
[EXCEPTION -- 2018-10-11 23:32:08]
pythonException: Unable to exit loop in struct fields; Exiting wihtout making a bit flip
[INFO -- 2018-10-11 23:32:08]
Backtrace BEGIN:
#0  BTreeNode::insertNonFull (this=0x5555558124c0, k=2467526) at BTree.cpp:519
#1  0x00005555555560d9 in BTreeNode::insertNonFull (this=0x555555812430, k=2467526) at BTree.cpp:533
#2  0x0000555555555f18 in BTree::insert (this=0x7fffffffddc0, k=2467526) at BTree.cpp:487
#3  0x0000555555556601 in main (argc=3, argv=0x7fffffffded8) at BTree.cpp:665

514		}
515		else // If this node is not leaf
516		{
517			// Find the child which is going to have the new key
518			while (i >= 0 && keys[i] > k)
519				i--;
520	
521			// See if the found child is full
522			if (C[i+1]->n == 2*t-1)
523			{

Backtrace END
Memory content before bitflip:0xc60xa60x250x00
Fault Model: LSB bit-flip
base address to flip value: 0x7fffffffdd64
address max offset: 4
Memory content after  bitflip:0xc60xa60x250x02
frame name: BTree::insert
symbol name: k
symbol filename: BTree.cpp
symbol line: 452
value: 36021958
value address: 0x7fffffffdd64
Type: The type is an integer type.
Type sizeof: 4

[INFO -- 2018-10-11 23:32:08]
Fault Injection Successful after 1.3518428802490234s
[INFO -- 2018-10-11 23:32:08]
event type: exit
[INFO -- 2018-10-11 23:32:08]
exit code: 0
