[INFO -- 2018-10-16 21:02:03]
Starting flip_value script
version: 1.1
[INFO -- 2018-10-16 21:02:03]
Initialization strings:
[INFO -- 2018-10-16 21:02:03]
(1) file /tmp/RBTree/main
[INFO -- 2018-10-16 21:02:03]
(2) set args  /tmp/RBTree/input_ /tmp/RBTree/output_
[INFO -- 2018-10-16 21:02:03]
initSignal:0
[INFO -- 2018-10-16 21:02:03]
endSignal:2
[INFO -- 2018-10-16 21:02:03]
faultModel:4
[EXCEPTION -- 2018-10-16 21:02:04]
gdbException: Tentativo de desreferenciar um ponteiro genérico.
[INFO -- 2018-10-16 21:02:04]
event type: exit
[INFO -- 2018-10-16 21:02:04]
exit code: 0
