[INFO -- 2018-11-25 15:45:44]
Starting flip_value script
version: 1.1
[INFO -- 2018-11-25 15:45:44]
Initialization strings:
[INFO -- 2018-11-25 15:45:44]
(1) file /tmp/BTree-dup/main
[INFO -- 2018-11-25 15:45:44]
(2)  set args /tmp/BTree-dup/input_100000 /tmp/BTree-dup/output_100000 /tmp/BTree-dup-detection.log /tmp/BTree-dup/output2_100000
[INFO -- 2018-11-25 15:45:44]
initSignal:0
[INFO -- 2018-11-25 15:45:44]
endSignal:2
[INFO -- 2018-11-25 15:45:44]
faultModel:1
[INFO -- 2018-11-25 15:45:45]
Backtrace BEGIN:
#0  malloc (n=14) at dl-minimal.c:50
#1  <function called from gdb>
#2  __GI___libc_malloc (bytes=48) at malloc.c:3028
#3  0x00007ffff7adf1a8 in operator new(unsigned long) () from /usr/lib/x86_64-linux-gnu/libstdc++.so.6
#4  0x00005555555558ca in BTreeNode::BTreeNode (this=0x555555d9e480, t1=3, leaf1=true) at BTree_dup.cpp:165
#5  0x000055555555667b in BTreeNode::splitChild (this=0x555555d9e3f0, i=0, y=0x555555bc15a0) at BTree_dup.cpp:545
#6  0x00005555555565ed in BTreeNode::insertNonFull (this=0x555555d9e3f0, k=1056060) at BTree_dup.cpp:527
#7  0x0000555555556639 in BTreeNode::insertNonFull (this=0x555555cd1130, k=1056060) at BTree_dup.cpp:535
#8  0x0000555555556639 in BTreeNode::insertNonFull (this=0x555555bc4e70, k=1056060) at BTree_dup.cpp:535
#9  0x0000555555556639 in BTreeNode::insertNonFull (this=0x555555c38ac0, k=1056060) at BTree_dup.cpp:535
#10 0x0000555555556639 in BTreeNode::insertNonFull (this=0x555555ce1e10, k=1056060) at BTree_dup.cpp:535
#11 0x0000555555556639 in BTreeNode::insertNonFull (this=0x555555bee480, k=1056060) at BTree_dup.cpp:535
#12 0x0000555555556639 in BTreeNode::insertNonFull (this=0x555555ce1f30, k=1056060) at BTree_dup.cpp:535
#13 0x0000555555556478 in BTree::insert (this=0x7fffffffda50, k=1056060) at BTree_dup.cpp:489
#14 0x0000555555556c25 in runner (input=0x7fffffffe22a "/tmp/BTree-dup/input_100000") at BTree_dup.cpp:664
#15 0x0000555555556f7a in main (argc=5, argv=0x7fffffffde68) at BTree_dup.cpp:712

45	dl-minimal.c: Arquivo ou diretório inexistente.

Backtrace END
Memory content before bitflip:0x000x000x000x00
Fault Model: Double bit-flip
base address to flip value: 0x7fffffffd8ec
address max offset: 4
Memory content after  bitflip:0x000x000x000x05
frame name: BTreeNode::insertNonFull
symbol name: i
symbol filename: BTree_dup.cpp
symbol line: 499
value: 83886080
value address: 0x7fffffffd8ec
Type: The type is an integer type.
Type sizeof: 4

[INFO -- 2018-11-25 15:45:45]
Fault Injection Successful after 1.3150019645690918s
[INFO -- 2018-11-25 15:45:46]
event type: exit
[INFO -- 2018-11-25 15:45:46]
exit code: 0
