[INFO -- 2018-10-12 00:04:05]
Starting flip_value script
version: 1.1
[INFO -- 2018-10-12 00:04:05]
Initialization strings:
[INFO -- 2018-10-12 00:04:05]
(1) file /tmp/BTree/main
[INFO -- 2018-10-12 00:04:05]
(2)  set args /tmp/BTree/input_100000 /tmp/BTree/output_100000
[INFO -- 2018-10-12 00:04:05]
initSignal:0
[INFO -- 2018-10-12 00:04:05]
endSignal:2
[INFO -- 2018-10-12 00:04:05]
faultModel:0
[INFO -- 2018-10-12 00:04:06]
Backtrace BEGIN:
#0  0x000055555555670f in std::char_traits<char>::assign (__c1=@0x555555bb8397: 49 '1', __c2=@0x7fffffffda98: 49 '1') at /usr/include/c++/7/bits/char_traits.h:285
#1  0x0000555555556a34 in std::bitset<16ul>::_M_copy_to_string<char, std::char_traits<char>, std::allocator<char> > (this=0x7fffffffdb60, __s="1111101100000000", __zero=48 '0', __one=49 '1') at /usr/include/c++/7/bitset:1410
#2  0x0000555555556943 in std::operator<< <char, std::char_traits<char>, 16ul> (__os=..., __x=std::bitset = {...}) at /usr/include/c++/7/bitset:1538
#3  0x00005555555563b2 in BTreeNode::traverse (this=0x555555af1f10) at BTree.cpp:592
#4  0x0000555555556377 in BTreeNode::traverse (this=0x5555558b9530) at BTree.cpp:591
#5  0x00005555555563ff in BTreeNode::traverse (this=0x555555acde80) at BTree.cpp:597
#6  0x00005555555563ff in BTreeNode::traverse (this=0x555555969cf0) at BTree.cpp:597
#7  0x0000555555556377 in BTreeNode::traverse (this=0x5555559e0b50) at BTree.cpp:591
#8  0x0000555555556377 in BTreeNode::traverse (this=0x55555580ee30) at BTree.cpp:591
#9  0x0000555555556377 in BTreeNode::traverse (this=0x5555558124c0) at BTree.cpp:591
#10 0x00005555555563ff in BTreeNode::traverse (this=0x555555812430) at BTree.cpp:597
#11 0x0000555555556377 in BTreeNode::traverse (this=0x555555a27320) at BTree.cpp:591
#12 0x0000555555556851 in BTree::traverse (this=0x7fffffffddc0) at BTree.cpp:137
#13 0x0000555555556630 in main (argc=3, argv=0x7fffffffded8) at BTree.cpp:668

280	      typedef streamoff         off_type;
281	      typedef mbstate_t         state_type;
282	
283	      static _GLIBCXX17_CONSTEXPR void
284	      assign(char_type& __c1, const char_type& __c2) _GLIBCXX_NOEXCEPT
285	      { __c1 = __c2; }
286	
287	      static _GLIBCXX_CONSTEXPR bool
288	      eq(const char_type& __c1, const char_type& __c2) _GLIBCXX_NOEXCEPT
289	      { return __c1 == __c2; }

Backtrace END
Fliping a bit of the value pointed by a pointer
Fliping value of field: keys
Fliping a bit of the value pointed by a pointer
Memory content before bitflip:0x910xfb0x240x00
Fault Model: Single bit-flip
base address to flip value: 0x555555af1f40
address max offset: 4
Memory content after  bitflip:0x910xfb0x040x00
frame name: BTreeNode::traverse
symbol name: this
symbol filename: BTree.cpp
symbol line: 0
value: 0x555555af1f10
value address: 0x7fffffffdb48
Type: The type is a pointer.
Type sizeof: 8

[INFO -- 2018-10-12 00:04:06]
Fault Injection Successful after 1.3623332977294922s
[INFO -- 2018-10-12 00:04:06]
event type: exit
[INFO -- 2018-10-12 00:04:06]
exit code: 0
