[INFO -- 2018-11-30 19:56:04]
Starting flip_value script
version: 1.1
[INFO -- 2018-11-30 19:56:04]
Initialization strings:
[INFO -- 2018-11-30 19:56:04]
(1) file /tmp/splay/main
[INFO -- 2018-11-30 19:56:04]
(2) set args /tmp/splay/input_100000 /tmp/splay/output_100000
[INFO -- 2018-11-30 19:56:04]
initSignal:0
[INFO -- 2018-11-30 19:56:04]
endSignal:5
[INFO -- 2018-11-30 19:56:04]
faultModel:0
[EXCEPTION -- 2018-11-30 19:56:04]
gdbException: Attempt to dereference a generic pointer.
[INFO -- 2018-11-30 19:56:04]
event type: exit
[INFO -- 2018-11-30 19:56:04]
exit code: 0
