[INFO -- 2018-11-25 21:58:12]
Starting flip_value script
version: 1.1
[INFO -- 2018-11-25 21:58:12]
Initialization strings:
[INFO -- 2018-11-25 21:58:12]
(1) file /tmp/BTree-dup/main
[INFO -- 2018-11-25 21:58:12]
(2)  set args /tmp/BTree-dup/input_100000 /tmp/BTree-dup/output_100000 /tmp/BTree-dup-detection.log /tmp/BTree-dup/output2_100000
[INFO -- 2018-11-25 21:58:12]
initSignal:0
[INFO -- 2018-11-25 21:58:12]
endSignal:2
[INFO -- 2018-11-25 21:58:12]
faultModel:1
[INFO -- 2018-11-25 21:58:14]
Backtrace BEGIN:
#0  malloc (n=14) at dl-minimal.c:50
#1  <function called from gdb>
#2  malloc (n=14) at dl-minimal.c:50
#3  <function called from gdb>
#4  malloc (n=14) at dl-minimal.c:50
#5  <function called from gdb>
#6  _int_malloc (av=av@entry=0x7ffff760fc40 <main_arena>, bytes=bytes@entry=32) at malloc.c:4100
#7  0x00007ffff72bb0fc in __GI___libc_malloc (bytes=32) at malloc.c:3057
#8  0x00007ffff7adf1a8 in operator new(unsigned long) () from /usr/lib/x86_64-linux-gnu/libstdc++.so.6
#9  0x000055555555665c in BTreeNode::splitChild (this=0x555555b65110, i=1, y=0x5555559ac980) at BTree_dup.cpp:545
#10 0x00005555555565ed in BTreeNode::insertNonFull (this=0x555555b65110, k=729379) at BTree_dup.cpp:527
#11 0x0000555555556639 in BTreeNode::insertNonFull (this=0x555555798780, k=729379) at BTree_dup.cpp:535
#12 0x0000555555556639 in BTreeNode::insertNonFull (this=0x5555557ab860, k=729379) at BTree_dup.cpp:535
#13 0x0000555555556639 in BTreeNode::insertNonFull (this=0x555555815b20, k=729379) at BTree_dup.cpp:535
#14 0x0000555555556639 in BTreeNode::insertNonFull (this=0x555555af22d0, k=729379) at BTree_dup.cpp:535
#15 0x0000555555556639 in BTreeNode::insertNonFull (this=0x555555815c40, k=729379) at BTree_dup.cpp:535
#16 0x0000555555556639 in BTreeNode::insertNonFull (this=0x555555a2ab30, k=729379) at BTree_dup.cpp:535
#17 0x0000555555556478 in BTree::insert (this=0x7fffffffda50, k=729379) at BTree_dup.cpp:489
#18 0x0000555555556c25 in runner (input=0x7fffffffe22a "/tmp/BTree-dup/input_100000") at BTree_dup.cpp:664
#19 0x0000555555556f51 in main (argc=5, argv=0x7fffffffde68) at BTree_dup.cpp:711

45	in dl-minimal.c

Backtrace END
Memory content before bitflip:0x8d0x710x010x00
Fault Model: Double bit-flip
base address to flip value: 0x7fffffffda4c
address max offset: 4
Memory content after  bitflip:0x8d0x710x010x21
frame name: runner
symbol name: i
symbol filename: BTree_dup.cpp
symbol line: 663
value: 553742733
value address: 0x7fffffffda4c
Type: The type is an integer type.
Type sizeof: 4

[INFO -- 2018-11-25 21:58:14]
Fault Injection Successful after 2.0200300216674805s
[INFO -- 2018-11-25 21:58:17]
event type: exit
[INFO -- 2018-11-25 21:58:17]
exit code: 0
