[INFO -- 2018-12-09 02:18:27]
Starting flip_value script
version: 1.1
[INFO -- 2018-12-09 02:18:27]
Initialization strings:
[INFO -- 2018-12-09 02:18:27]
(1) file /tmp/RBTree-dup/main_dup
[INFO -- 2018-12-09 02:18:27]
(2)  set args /tmp/RBTree-dup/input_100000 /tmp/RBTree-dup/output_100000 /tmp/RBTree-dup/RBTree-dup-detection.log /tmp/RBTree-dup/output2_100000
[INFO -- 2018-12-09 02:18:27]
initSignal:0
[INFO -- 2018-12-09 02:18:27]
endSignal:2
[INFO -- 2018-12-09 02:18:27]
faultModel:4
[INFO -- 2018-12-09 02:18:27]
Backtrace BEGIN:
#0  0x00007ffff7333c8e in __libc_open64 (file=file@entry=0x7fffffffe248 "/tmp/RBTree-dup/output_100000", oflag=577) at ../sysdeps/unix/sysv/linux/open64.c:47
#1  0x00007ffff72b058a in __GI__IO_file_open (is32not64=1, read_write=4, prot=438, posix_mode=<optimized out>, filename=0x7fffffffe248 "/tmp/RBTree-dup/output_100000", fp=0x7ffff7610760 <_IO_2_1_stdout_>) at fileops.c:189
#2  _IO_new_file_fopen (fp=fp@entry=0x7ffff7610760 <_IO_2_1_stdout_>, filename=filename@entry=0x7fffffffe248 "/tmp/RBTree-dup/output_100000", mode=<optimized out>, mode@entry=0x555555558bf9 "w", is32not64=is32not64@entry=1) at fileops.c:281
#3  0x00007ffff72abab5 in freopen (filename=0x7fffffffe248 "/tmp/RBTree-dup/output_100000", mode=0x555555558bf9 "w", fp=0x7ffff7610760 <_IO_2_1_stdout_>) at freopen.c:69
#4  0x0000555555555b9c in main ()

42	../sysdeps/unix/sysv/linux/open64.c: Arquivo ou diretório inexistente.

Backtrace END
Fliping array at pos: 5
Memory content before bitflip:0x65
Fault Model: LSB bit-flip
base address to flip value: 0x7ffff73df345  
address max offset: 1
Memory content after  bitflip:0xe5
frame name: __GI__IO_file_open
symbol name: __PRETTY_FUNCTION__
symbol filename: fileops.c
symbol line: 0
value: "_IO_n\345w_file_fopen"
value address: 0x7ffff73df340 <__PRETTY_FUNCTION__.12302>
Type: The type is an array.
Type sizeof: 19
Field name: None
Field Type: A range type, that is, an integer type with bounds.
Field Type sizeof: 8
Field Type range: (0, 18)

[INFO -- 2018-12-09 02:18:27]
Fault Injection Successful after 0.8715171813964844s
[INFO -- 2018-12-09 02:18:28]
event type: exit
[INFO -- 2018-12-09 02:18:28]
exit code: 0
