[INFO -- 2018-12-01 10:48:44]
sending 5 signals using command: 'killall -2 main' after 1.67689144139s
[INFO -- 2018-12-01 10:48:44]
sending 5 signals using command: 'killall -2 main' after 1.79678588065s
[INFO -- 2018-12-01 10:48:44]
sending 5 signals using command: 'killall -2 main' after 2.07413987634s
[INFO -- 2018-12-01 10:48:44]
Starting GDB script
[INFO -- 2018-12-01 10:48:44]
initSignal:0.0
[INFO -- 2018-12-01 10:48:44]
endSignal:5.0
[INFO -- 2018-12-01 10:48:45]
sending 5 signals using command: 'killall -2 main' after 0.163913864752s
[INFO -- 2018-12-01 10:48:45]
sending 5 signals using command: 'killall -2 main' after 0.694670533565s
[INFO -- 2018-12-01 10:48:46]
sending 5 signals using command: 'killall -2 main' after 1.03219957468s
[INFO -- 2018-12-01 10:48:46]
Execution finished before waitTime
