[INFO -- 2018-12-01 06:14:24]
Starting flip_value script
version: 1.1
[INFO -- 2018-12-01 06:14:24]
Initialization strings:
[INFO -- 2018-12-01 06:14:24]
(1) file /tmp/splay/main
[INFO -- 2018-12-01 06:14:24]
(2) set args /tmp/splay/input_100000 /tmp/splay/output_100000
[INFO -- 2018-12-01 06:14:24]
initSignal:0
[INFO -- 2018-12-01 06:14:24]
endSignal:5
[INFO -- 2018-12-01 06:14:24]
faultModel:0
[EXCEPTION -- 2018-12-01 06:14:25]
pythonException: Unable to exit loop in struct fields; Exiting wihtout making a bit flip
[INFO -- 2018-12-01 06:14:25]
Backtrace BEGIN:
#0  0x00007ffff7d34fd4 in __GI___libc_write (fd=1, buf=0x55555587dcf0, nbytes=17) at ../sysdeps/unix/sysv/linux/write.c:26
#1  0x00007ffff7cb633d in _IO_new_file_write (f=0x7ffff7e10760 <_IO_2_1_stdout_>, data=0x55555587dcf0, n=17) at fileops.c:1183
#2  0x00007ffff7cb7a71 in new_do_write (to_do=17, data=0x55555587dcf0 "0111010101110000\n", fp=0x7ffff7e10760 <_IO_2_1_stdout_>) at libioP.h:839
#3  _IO_new_do_write (fp=0x7ffff7e10760 <_IO_2_1_stdout_>, data=0x55555587dcf0 "0111010101110000\n", to_do=17) at fileops.c:433
#4  0x00007ffff7cb56f8 in _IO_new_file_sync (fp=0x7ffff7e10760 <_IO_2_1_stdout_>) at fileops.c:819
#5  0x00007ffff7caa32d in __GI__IO_fflush (fp=0x7ffff7e10760 <_IO_2_1_stdout_>) at libioP.h:839
#6  0x00007ffff7f4201e in std::ostream::flush() () from /usr/lib/x86_64-linux-gnu/libstdc++.so.6
#7  0x0000555555557afd in InOrder (root=0x5555557b33d0) at splay.cpp:253
#8  0x0000555555557abd in InOrder (root=0x555555690bd0) at splay.cpp:252
#9  0x0000555555557abd in InOrder (root=0x555555846770) at splay.cpp:252
#10 0x0000555555557abd in InOrder (root=0x555555815ed0) at splay.cpp:252
#11 0x0000555555557abd in InOrder (root=0x555555872710) at splay.cpp:252
#12 0x0000555555557abd in InOrder (root=0x5555556c9cf0) at splay.cpp:252
#13 0x0000555555557b0d in InOrder (root=0x5555558781b0) at splay.cpp:254
#14 0x0000555555557abd in InOrder (root=0x5555558750b0) at splay.cpp:252
#15 0x0000555555557b0d in InOrder (root=0x5555555fda50) at splay.cpp:254
#16 0x0000555555557b0d in InOrder (root=0x55555587a970) at splay.cpp:254
#17 0x0000555555557abd in InOrder (root=0x555555785af0) at splay.cpp:252
#18 0x0000555555557b0d in InOrder (root=0x5555557d17d0) at splay.cpp:254
#19 0x0000555555557abd in InOrder (root=0x5555556ae9b0) at splay.cpp:252
#20 0x0000555555557b0d in InOrder (root=0x55555587cbd0) at splay.cpp:254
#21 0x0000555555557abd in InOrder (root=0x55555587cf30) at splay.cpp:252
#22 0x0000555555557abd in InOrder (root=0x55555563a2f0) at splay.cpp:252
#23 0x0000555555557b0d in InOrder (root=0x555555581df0) at splay.cpp:254
#24 0x0000555555557b0d in InOrder (root=0x55555560ac10) at splay.cpp:254
#25 0x0000555555557b0d in InOrder (root=0x55555587d9b0) at splay.cpp:254
#26 0x0000555555557b0d in InOrder (root=0x555555794190) at splay.cpp:254
#27 0x0000555555557b0d in InOrder (root=0x555555771bf0) at splay.cpp:254
#28 0x0000555555557b0d in InOrder (root=0x55555587dad0) at splay.cpp:254
#29 0x0000555555557abd in InOrder (root=0x55555587d8d0) at splay.cpp:252
#30 0x0000555555557b0d in InOrder (root=0x5555557cfed0) at splay.cpp:254
#31 0x0000555555557b0d in InOrder (root=0x555555774190) at splay.cpp:254
#32 0x0000555555557b0d in InOrder (root=0x555555774870) at splay.cpp:254
#33 0x0000555555557abd in InOrder (root=0x55555587dcb0) at splay.cpp:252
#34 0x0000555555557b0d in InOrder (root=0x555555693810) at splay.cpp:254
#35 0x0000555555557b0d in InOrder (root=0x555555634c10) at splay.cpp:254
#36 0x0000555555557b0d in InOrder (root=0x55555587dcd0) at splay.cpp:254
#37 0x00005555555564fe in main (argc=3, argv=0x7fffffffdfb8) at main.cpp:35

21	in ../sysdeps/unix/sysv/linux/write.c

Backtrace END
Fliping a bit of the value pointed by a pointer
Fliping value of field: key
Memory content before bitflip:0x720xa70x340x00
Fault Model: Single bit-flip
base address to flip value: 0x555555794190
address max offset: 4
Memory content after  bitflip:0x720xa70x340x08
frame name: InOrder
symbol name: root
symbol filename: splay.cpp
symbol line: 248
value: 0x555555794190
value address: 0x7fffffffda28
Type: The type is a pointer.
Type sizeof: 8

[INFO -- 2018-12-01 06:14:25]
Fault Injection Successful after 1.6511938571929932s
[INFO -- 2018-12-01 06:14:25]
event type: exit
[INFO -- 2018-12-01 06:14:25]
exit code: 0
