[INFO -- 2018-12-08 23:59:22]
Starting flip_value script
version: 1.1
[INFO -- 2018-12-08 23:59:22]
Initialization strings:
[INFO -- 2018-12-08 23:59:22]
(1) file /tmp/Tree234/main
[INFO -- 2018-12-08 23:59:22]
(2) set args /tmp/Tree234/input_50000 /tmp/Tree234/output_50000
[INFO -- 2018-12-08 23:59:22]
initSignal:0
[INFO -- 2018-12-08 23:59:22]
endSignal:2
[INFO -- 2018-12-08 23:59:22]
faultModel:2
[INFO -- 2018-12-08 23:59:22]
Backtrace BEGIN:
#0  0x00007ffff7de1a2b in dl_new_hash (s=0x7ffff7a93cee "amIwSt11char_traitsIwESaIwEED1Ev") at dl-lookup.c:569
#1  _dl_lookup_symbol_x (undef_name=0x7ffff7a93cd6 "_ZNSt19basic_ostringstreamIwSt11char_traitsIwESaIwEED1Ev", undef_map=undef_map@entry=0x7ffff7fda000, ref=ref@entry=0x7fffffffdc70, symbol_scope=symbol_scope@entry=0x7ffff7fda358, version=0x7ffff7fd8030, type_class=0, flags=1, skip_map=0x0) at dl-lookup.c:807
#2  0x00007ffff7de377d in elf_machine_rela (skip_ifunc=<optimized out>, reloc_addr_arg=0x7ffff7dcc1e8, version=<optimized out>, sym=0x7ffff7a7a0e8, reloc=0x7ffff7ad0e10, map=0x7ffff7fda000) at ../sysdeps/x86_64/dl-machine.h:301
#3  elf_dynamic_do_Rela (skip_ifunc=<optimized out>, lazy=<optimized out>, nrelative=<optimized out>, relsize=<optimized out>, reladdr=<optimized out>, map=0x7ffff7fda000) at do-rel.h:137
#4  _dl_relocate_object (scope=<optimized out>, reloc_mode=<optimized out>, consider_profiling=<optimized out>, consider_profiling@entry=0) at dl-reloc.c:258
#5  0x00007ffff7ddb0db in dl_main (phdr=<optimized out>, phnum=<optimized out>, user_entry=<optimized out>, auxv=<optimized out>) at rtld.c:2109
#6  0x00007ffff7df0632 in _dl_sysdep_start (start_argptr=start_argptr@entry=0x7fffffffdee0, dl_main=dl_main@entry=0x7ffff7dd91e0 <dl_main>) at ../elf/dl-sysdep.c:249
#7  0x00007ffff7dd8c2a in _dl_start_final (arg=0x7fffffffdee0) at rtld.c:323
#8  _dl_start (arg=0x7fffffffdee0) at rtld.c:429
#9  0x00007ffff7dd7c38 in _start () from /lib64/ld-linux-x86-64.so.2
#10 0x0000000000000003 in ?? ()
#11 0x00007fffffffe25f in ?? ()
#12 0x00007fffffffe271 in ?? ()
#13 0x00007fffffffe28a in ?? ()
#14 0x0000000000000000 in ?? ()

564	in dl-lookup.c

Backtrace END
Fliping value of field: dont_free
Memory content before bitflip:0x000x000x000x00
Fault Model: Random bit-flip
base address to flip value: 0x7ffff7ffe010 
address max offset: 4
Memory content after  bitflip:0x580x270x1c0x31
frame name: _dl_start_final
symbol name: _dl_rtld_libname2
symbol filename: rtld.c
symbol line: 211
value: {name = 0x0, next = 0x0, dont_free = 823928664}
value address: 0x7ffff7ffe000 <_dl_rtld_libname2>
Type: The type is a structure.
Type sizeof: 24
Field name: name
Field Type: The type is a pointer.
Field Type sizeof: 8
Field name: next
Field Type: The type is a pointer.
Field Type sizeof: 8
Field name: dont_free
Field Type: The type is an integer type.
Field Type sizeof: 4

[INFO -- 2018-12-08 23:59:22]
Fault Injection Successful after 0.9235150814056396s
[INFO -- 2018-12-08 23:59:23]
event type: exit
[INFO -- 2018-12-08 23:59:23]
exit code: 0
