[INFO -- 2018-10-12 00:56:39]
Starting flip_value script
version: 1.1
[INFO -- 2018-10-12 00:56:39]
Initialization strings:
[INFO -- 2018-10-12 00:56:39]
(1) file /tmp/BTree/main
[INFO -- 2018-10-12 00:56:39]
(2)  set args /tmp/BTree/input_100000 /tmp/BTree/output_100000
[INFO -- 2018-10-12 00:56:39]
initSignal:0
[INFO -- 2018-10-12 00:56:39]
endSignal:2
[INFO -- 2018-10-12 00:56:39]
faultModel:3
[INFO -- 2018-10-12 00:56:39]
Backtrace BEGIN:
#0  malloc (n=14) at dl-minimal.c:50
#1  <function called from gdb>
#2  _int_malloc (av=av@entry=0x7ffff760fc40 <main_arena>, bytes=bytes@entry=32) at malloc.c:4100
#3  0x00007ffff72bb0fc in __GI___libc_malloc (bytes=32) at malloc.c:3057
#4  0x00007ffff7adf1a8 in operator new(unsigned long) () from /usr/lib/x86_64-linux-gnu/libstdc++.so.6
#5  0x00005555555560fc in BTreeNode::splitChild (this=0x55555585e210, i=1, y=0x5555557804b0) at BTree.cpp:543
#6  0x000055555555608d in BTreeNode::insertNonFull (this=0x55555585e210, k=4899884) at BTree.cpp:525
#7  0x00005555555560d9 in BTreeNode::insertNonFull (this=0x5555557b17a0, k=4899884) at BTree.cpp:533
#8  0x00005555555560d9 in BTreeNode::insertNonFull (this=0x55555581afb0, k=4899884) at BTree.cpp:533
#9  0x00005555555560d9 in BTreeNode::insertNonFull (this=0x55555585ca70, k=4899884) at BTree.cpp:533
#10 0x00005555555560d9 in BTreeNode::insertNonFull (this=0x5555558124c0, k=4899884) at BTree.cpp:533
#11 0x00005555555560d9 in BTreeNode::insertNonFull (this=0x555555812430, k=4899884) at BTree.cpp:533
#12 0x0000555555555f18 in BTree::insert (this=0x7fffffffddc0, k=4899884) at BTree.cpp:487
#13 0x0000555555556601 in main (argc=3, argv=0x7fffffffded8) at BTree.cpp:665

45	dl-minimal.c: Arquivo ou diretório inexistente.

Backtrace END
Fliping a bit of the pointer
Memory content before bitflip:0x000x000x000x000x000x000x000x00
Fault Model: Zero bit-flip
base address to flip value: 0x7ffff7611910 
address max offset: 8
Memory content after  bitflip:0x000x000x000x000x000x000x000x00
frame name: _int_malloc
symbol name: aligned_heap_area
symbol filename: arena.c
symbol line: 446
value: 0x0
value address: 0x7ffff7611910 <aligned_heap_area>
Type: The type is a pointer.
Type sizeof: 8

[INFO -- 2018-10-12 00:56:39]
Fault Injection Successful after 0.7039237022399902s
[INFO -- 2018-10-12 00:56:40]
event type: exit
[INFO -- 2018-10-12 00:56:40]
exit code: 0
