[INFO -- 2018-12-01 07:48:59]
Starting flip_value script
version: 1.1
[INFO -- 2018-12-01 07:48:59]
Initialization strings:
[INFO -- 2018-12-01 07:48:59]
(1) file /tmp/splay/main
[INFO -- 2018-12-01 07:48:59]
(2) set args /tmp/splay/input_100000 /tmp/splay/output_100000
[INFO -- 2018-12-01 07:48:59]
initSignal:0
[INFO -- 2018-12-01 07:48:59]
endSignal:5
[INFO -- 2018-12-01 07:48:59]
faultModel:0
[EXCEPTION -- 2018-12-01 07:49:00]
pythonException: empty range for randrange() (0,0, 0)
[EXCEPTION -- 2018-12-01 07:49:00]
pythonException: empty range for randrange() (0,0, 0)
[EXCEPTION -- 2018-12-01 07:49:00]
pythonException: Unable to exit loop in struct fields; Exiting wihtout making a bit flip
[INFO -- 2018-12-01 07:49:00]
event type: exit
[INFO -- 2018-12-01 07:49:00]
exit code: 0
