[INFO -- 2018-12-09 13:26:04]
sending 5 signals using command: 'killall -2 main' after 3.33240834149s
[INFO -- 2018-12-09 13:26:05]
sending 5 signals using command: 'killall -2 main' after 4.33301181496s
[INFO -- 2018-12-09 13:26:06]
sending 5 signals using command: 'killall -2 main' after 4.87642679296s
[INFO -- 2018-12-09 13:26:06]
Starting GDB script
[INFO -- 2018-12-09 13:26:06]
initSignal:0.0
[INFO -- 2018-12-09 13:26:06]
endSignal:5.0
[INFO -- 2018-12-09 13:26:06]
sending 5 signals using command: 'killall -2 main' after 0.534357976639s
[INFO -- 2018-12-09 13:26:09]
sending 5 signals using command: 'killall -2 main' after 3.38226088429s
[INFO -- 2018-12-09 13:26:09]
sending 5 signals using command: 'killall -2 main' after 3.66742113133s
[INFO -- 2018-12-09 13:27:06]
Execution did not finish before waitTime
