[INFO -- 2018-10-11 23:40:09]
Starting flip_value script
version: 1.1
[INFO -- 2018-10-11 23:40:09]
Initialization strings:
[INFO -- 2018-10-11 23:40:09]
(1) file /tmp/BTree/main
[INFO -- 2018-10-11 23:40:09]
(2)  set args /tmp/BTree/input_100000 /tmp/BTree/output_100000
[INFO -- 2018-10-11 23:40:09]
initSignal:0
[INFO -- 2018-10-11 23:40:09]
endSignal:2
[INFO -- 2018-10-11 23:40:09]
faultModel:2
[INFO -- 2018-10-11 23:40:09]
Backtrace BEGIN:
#0  0x000055555555604d in BTreeNode::insertNonFull (this=0x555555ac8ea0, k=110470) at BTree.cpp:522
#1  0x00005555555560d9 in BTreeNode::insertNonFull (this=0x5555557d4120, k=110470) at BTree.cpp:533
#2  0x00005555555560d9 in BTreeNode::insertNonFull (this=0x5555558e3830, k=110470) at BTree.cpp:533
#3  0x00005555555560d9 in BTreeNode::insertNonFull (this=0x55555577ab40, k=110470) at BTree.cpp:533
#4  0x00005555555560d9 in BTreeNode::insertNonFull (this=0x55555579e990, k=110470) at BTree.cpp:533
#5  0x00005555555560d9 in BTreeNode::insertNonFull (this=0x555555812430, k=110470) at BTree.cpp:533
#6  0x00005555555560d9 in BTreeNode::insertNonFull (this=0x555555a27320, k=110470) at BTree.cpp:533
#7  0x0000555555555f18 in BTree::insert (this=0x7fffffffddc0, k=110470) at BTree.cpp:487
#8  0x0000555555556601 in main (argc=3, argv=0x7fffffffded8) at BTree.cpp:665

517			// Find the child which is going to have the new key
518			while (i >= 0 && keys[i] > k)
519				i--;
520	
521			// See if the found child is full
522			if (C[i+1]->n == 2*t-1)
523			{
524				// If the child is full, then split it
525				splitChild(i+1, C[i+1]);
526	

Backtrace END
Memory content before bitflip:0xff0xff0xff0xff
Fault Model: Random bit-flip
base address to flip value: 0x7fffffffdd1c
address max offset: 4
Memory content after  bitflip:0x450x7d0xa60x7f
frame name: BTreeNode::insertNonFull
symbol name: i
symbol filename: BTree.cpp
symbol line: 497
value: 2141617477
value address: 0x7fffffffdd1c
Type: The type is an integer type.
Type sizeof: 4

[INFO -- 2018-10-11 23:40:09]
Fault Injection Successful after 0.9315125942230225s
[INFO -- 2018-10-11 23:40:10]
event type: exit
[INFO -- 2018-10-11 23:40:10]
exit code: 0
