[INFO -- 2018-10-12 01:40:24]
Starting flip_value script
version: 1.1
[INFO -- 2018-10-12 01:40:24]
Initialization strings:
[INFO -- 2018-10-12 01:40:24]
(1) file /tmp/BTree/main
[INFO -- 2018-10-12 01:40:24]
(2)  set args /tmp/BTree/input_100000 /tmp/BTree/output_100000
[INFO -- 2018-10-12 01:40:24]
initSignal:0
[INFO -- 2018-10-12 01:40:24]
endSignal:2
[INFO -- 2018-10-12 01:40:24]
faultModel:4
[INFO -- 2018-10-12 01:40:25]
Backtrace BEGIN:
#0  __GI_____strtol_l_internal (nptr=0x7fffffffddde "21513\n", endptr=endptr@entry=0x0, base=<optimized out>, base@entry=10, group=group@entry=0, loc=<optimized out>) at ../stdlib/strtol_l.c:432
#1  0x00007ffff7269122 in __strtol (nptr=<optimized out>, endptr=endptr@entry=0x0, base=base@entry=10) at ../stdlib/strtol.c:106
#2  0x00007ffff7264690 in atoi (nptr=<optimized out>) at atoi.c:27
#3  0x00005555555565ed in main (argc=3, argv=0x7fffffffded8) at BTree.cpp:663

427	../stdlib/strtol_l.c: Arquivo ou diretório inexistente.

Backtrace END
Memory content before bitflip:0x990x990x990x990x990x990x990x19
Fault Model: LSB bit-flip
base address to flip value: 0x7ffff73cda80 
address max offset: 8
Memory content after  bitflip:0x990x990x990x990x990x990x990x1d
frame name: __GI_____strtol_l_internal
symbol name: cutoff
symbol filename: ../stdlib/strtol_l.c
symbol line: 228
value: 2132904783522666905
value address: 0x7ffff73cda80 <__strtol_ul_max_tab+64>
Type: The type is an integer type.
Type sizeof: 8

[INFO -- 2018-10-12 01:40:25]
Fault Injection Successful after 1.1697540283203125s
[INFO -- 2018-10-12 01:40:25]
event type: exit
[INFO -- 2018-10-12 01:40:25]
exit code: 0
