[INFO -- 2018-11-30 19:23:02]
Starting flip_value script
version: 1.1
[INFO -- 2018-11-30 19:23:02]
Initialization strings:
[INFO -- 2018-11-30 19:23:02]
(1) file /tmp/splay/main
[INFO -- 2018-11-30 19:23:02]
(2) set args /tmp/splay/input_100000 /tmp/splay/output_100000
[INFO -- 2018-11-30 19:23:02]
initSignal:0
[INFO -- 2018-11-30 19:23:02]
endSignal:5
[INFO -- 2018-11-30 19:23:02]
faultModel:2
[INFO -- 2018-11-30 19:23:03]
Backtrace BEGIN:
#0  0x0000555555557b86 in std::char_traits<char>::assign (__c1=<error reading variable>, __c2=@0x7fffffffd5b8: 49 '1') at /usr/include/c++/8/bits/char_traits.h:284
#1  0x0000555555557ee4 in std::bitset<16ul>::_M_copy_to_string<char, std::char_traits<char>, std::allocator<char> > (this=0x7fffffffd670, __s="1010111000101010", __zero=48 '0', __one=49 '1') at /usr/include/c++/8/bitset:1414
#2  0x0000555555557ded in std::operator<< <char, std::char_traits<char>, 16ul> (__os=..., __x=std::bitset = {...}) at /usr/include/c++/8/bitset:1542
#3  0x0000555555557ae8 in InOrder (root=0x55555574d1f0) at splay.cpp:253
#4  0x0000555555557abd in InOrder (root=0x555555680c70) at splay.cpp:252
#5  0x0000555555557b0d in InOrder (root=0x555555751970) at splay.cpp:254
#6  0x0000555555557b0d in InOrder (root=0x555555759cd0) at splay.cpp:254
#7  0x0000555555557abd in InOrder (root=0x5555557953d0) at splay.cpp:252
#8  0x0000555555557abd in InOrder (root=0x55555570fdf0) at splay.cpp:252
#9  0x0000555555557b0d in InOrder (root=0x555555793510) at splay.cpp:254
#10 0x0000555555557abd in InOrder (root=0x55555586bb70) at splay.cpp:252
#11 0x0000555555557b0d in InOrder (root=0x555555857b10) at splay.cpp:254
#12 0x0000555555557abd in InOrder (root=0x55555586d810) at splay.cpp:252
#13 0x0000555555557abd in InOrder (root=0x5555555f1450) at splay.cpp:252
#14 0x0000555555557abd in InOrder (root=0x55555586ec50) at splay.cpp:252
#15 0x0000555555557abd in InOrder (root=0x555555877990) at splay.cpp:252
#16 0x0000555555557b0d in InOrder (root=0x555555722090) at splay.cpp:254
#17 0x0000555555557abd in InOrder (root=0x555555720b50) at splay.cpp:252
#18 0x0000555555557abd in InOrder (root=0x55555587bc90) at splay.cpp:252
#19 0x0000555555557abd in InOrder (root=0x5555557785b0) at splay.cpp:252
#20 0x0000555555557b0d in InOrder (root=0x55555587c550) at splay.cpp:254
#21 0x0000555555557b0d in InOrder (root=0x55555587d4f0) at splay.cpp:254
#22 0x0000555555557abd in InOrder (root=0x55555587d710) at splay.cpp:252
#23 0x0000555555557abd in InOrder (root=0x5555555dc010) at splay.cpp:252
#24 0x0000555555557b0d in InOrder (root=0x5555558349b0) at splay.cpp:254
#25 0x0000555555557abd in InOrder (root=0x55555587dc10) at splay.cpp:252
#26 0x0000555555557abd in InOrder (root=0x55555561e0f0) at splay.cpp:252
#27 0x0000555555557b0d in InOrder (root=0x5555557b0cd0) at splay.cpp:254
#28 0x0000555555557abd in InOrder (root=0x55555587dc70) at splay.cpp:252
#29 0x0000555555557abd in InOrder (root=0x555555774870) at splay.cpp:252
#30 0x0000555555557abd in InOrder (root=0x55555587dcb0) at splay.cpp:252
#31 0x0000555555557b0d in InOrder (root=0x555555693810) at splay.cpp:254
#32 0x0000555555557b0d in InOrder (root=0x555555634c10) at splay.cpp:254
#33 0x0000555555557b0d in InOrder (root=0x55555587dcd0) at splay.cpp:254
#34 0x00005555555564fe in main (argc=3, argv=0x7fffffffdfb8) at main.cpp:35

279	      typedef streampos         pos_type;
280	      typedef streamoff         off_type;
281	      typedef mbstate_t         state_type;
282	
283	      static _GLIBCXX17_CONSTEXPR void
284	      assign(char_type& __c1, const char_type& __c2) _GLIBCXX_NOEXCEPT
285	      { __c1 = __c2; }
286	
287	      static _GLIBCXX_CONSTEXPR bool
288	      eq(const char_type& __c1, const char_type& __c2) _GLIBCXX_NOEXCEPT

Backtrace END
Fliping a bit of the value pointed by a pointer
Fliping value of field: lchild
Fliping a bit of the pointer
Memory content before bitflip:0x500x140x5f0x550x550x550x000x00
Fault Model: Random bit-flip
base address to flip value: 0x55555586ec58
address max offset: 8
Memory content after  bitflip:0xd30xb90xcd0x000xd10x8c0xc50xe3
frame name: InOrder
symbol name: root
symbol filename: splay.cpp
symbol line: 248
value: 0x55555586ec50
value address: 0x7fffffffd878
Type: The type is a pointer.
Type sizeof: 8

[INFO -- 2018-11-30 19:23:03]
Fault Injection Successful after 1.0055162906646729s
[INFO -- 2018-11-30 19:23:03]
event type: exit
[INFO -- 2018-11-30 19:23:03]
exit code: 0
