[INFO -- 2018-10-16 21:04:09]
Starting flip_value script
version: 1.1
[INFO -- 2018-10-16 21:04:09]
Initialization strings:
[INFO -- 2018-10-16 21:04:09]
(1) file /tmp/RBTree/main
[INFO -- 2018-10-16 21:04:09]
(2) set args  /tmp/RBTree/input_ /tmp/RBTree/output_
[INFO -- 2018-10-16 21:04:09]
initSignal:0
[INFO -- 2018-10-16 21:04:09]
endSignal:2
[INFO -- 2018-10-16 21:04:09]
faultModel:4
[INFO -- 2018-10-16 21:04:10]
Backtrace BEGIN:
#0  0x00007ffff7334154 in __GI___libc_write (fd=1, buf=0x5555559b9860, nbytes=21) at ../sysdeps/unix/sysv/linux/write.c:27
#1  0x00007ffff72af1bd in _IO_new_file_write (f=0x7ffff7610760 <_IO_2_1_stdout_>, data=0x5555559b9860, n=21) at fileops.c:1203
#2  0x00007ffff72b0f51 in new_do_write (to_do=21, data=0x5555559b9860 "1010011100111011 000\n", fp=0x7ffff7610760 <_IO_2_1_stdout_>) at fileops.c:457
#3  _IO_new_do_write (fp=0x7ffff7610760 <_IO_2_1_stdout_>, data=0x5555559b9860 "1010011100111011 000\n", to_do=21) at fileops.c:433
#4  0x00007ffff72ae788 in _IO_new_file_sync (fp=0x7ffff7610760 <_IO_2_1_stdout_>) at fileops.c:813
#5  0x00007ffff72a287d in __GI__IO_fflush (fp=0x7ffff7610760 <_IO_2_1_stdout_>) at iofflush.c:40
#6  0x00007ffff7b5ef5e in std::ostream::flush() () from /usr/lib/x86_64-linux-gnu/libstdc++.so.6
#7  0x00005555555577ea in RBTree::inorderBST (this=0x7fffffffdc00, ptr=@0x55555585b410: 0x555555788e60) at RBTree.cpp:276
#8  0x0000555555557804 in RBTree::inorderBST (this=0x7fffffffdc00, ptr=@0x55555584f7c8: 0x55555585b400) at RBTree.cpp:279
#9  0x000055555555776a in RBTree::inorderBST (this=0x7fffffffdc00, ptr=@0x555555770b38: 0x55555584f7c0) at RBTree.cpp:271
#10 0x000055555555776a in RBTree::inorderBST (this=0x7fffffffdc00, ptr=@0x5555557b7100: 0x555555770b30) at RBTree.cpp:271
#11 0x0000555555557804 in RBTree::inorderBST (this=0x7fffffffdc00, ptr=@0x555555774af8: 0x5555557b70f0) at RBTree.cpp:279
#12 0x000055555555776a in RBTree::inorderBST (this=0x7fffffffdc00, ptr=@0x55555576ff40: 0x555555774af0) at RBTree.cpp:271
#13 0x0000555555557804 in RBTree::inorderBST (this=0x7fffffffdc00, ptr=@0x555555791f30: 0x55555576ff30) at RBTree.cpp:279
#14 0x0000555555557804 in RBTree::inorderBST (this=0x7fffffffdc00, ptr=@0x555555775b50: 0x555555791f20) at RBTree.cpp:279
#15 0x0000555555557804 in RBTree::inorderBST (this=0x7fffffffdc00, ptr=@0x55555576fd58: 0x555555775b40) at RBTree.cpp:279
#16 0x000055555555776a in RBTree::inorderBST (this=0x7fffffffdc00, ptr=@0x555555771588: 0x55555576fd50) at RBTree.cpp:271
#17 0x000055555555776a in RBTree::inorderBST (this=0x7fffffffdc00, ptr=@0x55555576f968: 0x555555771580) at RBTree.cpp:271
#18 0x000055555555776a in RBTree::inorderBST (this=0x7fffffffdc00, ptr=@0x55555576fdc0: 0x55555576f960) at RBTree.cpp:271
#19 0x0000555555557804 in RBTree::inorderBST (this=0x7fffffffdc00, ptr=@0x555555770538: 0x55555576fdb0) at RBTree.cpp:279
#20 0x000055555555776a in RBTree::inorderBST (this=0x7fffffffdc00, ptr=@0x55555576fc38: 0x555555770530) at RBTree.cpp:271
#21 0x000055555555776a in RBTree::inorderBST (this=0x7fffffffdc00, ptr=@0x555555770178: 0x55555576fc30) at RBTree.cpp:271
#22 0x000055555555776a in RBTree::inorderBST (this=0x7fffffffdc00, ptr=@0x55555576fa58: 0x555555770170) at RBTree.cpp:271
#23 0x000055555555776a in RBTree::inorderBST (this=0x7fffffffdc00, ptr=@0x7fffffffdc00: 0x55555576fa50) at RBTree.cpp:271
#24 0x0000555555557841 in RBTree::inorder (this=0x7fffffffdc00) at RBTree.cpp:283
#25 0x000055555555564c in main (argc=3, argv=0x7fffffffdf38) at main.cpp:58

22	../sysdeps/unix/sysv/linux/write.c: Arquivo ou diretório inexistente.

Backtrace END
Fliping a bit of the reference
Memory content before bitflip:0x400x5b0x770x550x550x550x000x00
Fault Model: LSB bit-flip
base address to flip value: 0x55555576fd58
address max offset: 8
Memory content after  bitflip:0x400x5b0x770x550x550x550x000x04
frame name: RBTree::inorderBST
symbol name: ptr
symbol filename: RBTree.cpp
symbol line: 267
value: @0x55555576fd58
value address: 0x55555576fd58
Type: A reference type.
Type sizeof: 8

[INFO -- 2018-10-16 21:04:10]
Fault Injection Successful after 1.1189625263214111s
[INFO -- 2018-10-16 21:04:10]
event type: exit
[INFO -- 2018-10-16 21:04:10]
exit code: 0
