[INFO -- 2018-10-16 21:43:26]
Starting flip_value script
version: 1.1
[INFO -- 2018-10-16 21:43:26]
Initialization strings:
[INFO -- 2018-10-16 21:43:26]
(1) file /tmp/RBTree/main
[INFO -- 2018-10-16 21:43:26]
(2) set args  /tmp/RBTree/input_ /tmp/RBTree/output_
[INFO -- 2018-10-16 21:43:26]
initSignal:0
[INFO -- 2018-10-16 21:43:26]
endSignal:2
[INFO -- 2018-10-16 21:43:26]
faultModel:4
[EXCEPTION -- 2018-10-16 21:43:27]
gdbException: Tentativo de desreferenciar um ponteiro genérico.
[INFO -- 2018-10-16 21:43:27]
Backtrace BEGIN:
#0  RBTree::insertBST (this=0x7fffffffdc00, root=@0x55555576fa58: 0x555555770170, ptr=@0x7fffffffdb60: 0x55555590c610) at RBTree.cpp:40
#1  0x000055555555692a in RBTree::insertBST (this=0x7fffffffdc00, root=@0x7fffffffdc00: 0x55555576fa50, ptr=@0x7fffffffdb60: 0x55555590c610) at RBTree.cpp:44
#2  0x00005555555569fe in RBTree::insertValue (this=0x7fffffffdc00, n=-15054) at RBTree.cpp:56
#3  0x0000555555555610 in main (argc=3, argv=0x7fffffffdf38) at main.cpp:54

35	
36	    node->color = color;
37	}
38	
39	Node* RBTree::insertBST(Node *&root, Node *&ptr) {
40	    if (root == NULL)
41	        return ptr;
42	
43	    if (ptr->data < root->data) {
44	        root->left = insertBST(root->left, ptr);

Backtrace END
Fliping a bit of the pointer
Memory content before bitflip:0x000xdc0xff0xff0xff0x7f0x000x00
Fault Model: LSB bit-flip
base address to flip value: 0x7fffffffdae8
address max offset: 8
Memory content after  bitflip:0x000xdc0xff0xff0xff0x7f0x000x04
frame name: RBTree::insertBST
symbol name: this
symbol filename: RBTree.cpp
symbol line: 0
value: 0x7fffffffdc00
value address: 0x7fffffffdae8
Type: The type is a pointer.
Type sizeof: 8

[INFO -- 2018-10-16 21:43:27]
Fault Injection Successful after 1.2286932468414307s
[INFO -- 2018-10-16 21:43:27]
event type: exit
[INFO -- 2018-10-16 21:43:27]
exit code: 0
