[INFO -- 2018-12-01 09:07:27]
Starting flip_value script
version: 1.1
[INFO -- 2018-12-01 09:07:27]
Initialization strings:
[INFO -- 2018-12-01 09:07:27]
(1) file /tmp/splay/main
[INFO -- 2018-12-01 09:07:27]
(2) set args /tmp/splay/input_100000 /tmp/splay/output_100000
[INFO -- 2018-12-01 09:07:27]
initSignal:0
[INFO -- 2018-12-01 09:07:27]
endSignal:5
[INFO -- 2018-12-01 09:07:27]
faultModel:2
[INFO -- 2018-12-01 09:07:28]
Backtrace BEGIN:
#0  0x00007ffff7cab1d8 in __GI__IO_fwrite (buf=0x5555555700f0, size=1, count=16, fp=0x7ffff7e10760 <_IO_2_1_stdout_>) at libioP.h:839
#1  0x00007ffff7f42f54 in std::basic_ostream<char, std::char_traits<char> >& std::__ostream_insert<char, std::char_traits<char> >(std::basic_ostream<char, std::char_traits<char> >&, char const*, long) () from /usr/lib/x86_64-linux-gnu/libstdc++.so.6
#2  0x0000555555557e00 in std::operator<< <char, std::char_traits<char>, 16ul> (__os=..., __x=std::bitset = {...}) at /usr/include/c++/8/bitset:1543
#3  0x0000555555557ae8 in InOrder (root=0x55555576c870) at splay.cpp:253
#4  0x0000555555557abd in InOrder (root=0x555555678a10) at splay.cpp:252
#5  0x0000555555557b0d in InOrder (root=0x555555787df0) at splay.cpp:254
#6  0x0000555555557b0d in InOrder (root=0x5555557c82f0) at splay.cpp:254
#7  0x0000555555557b0d in InOrder (root=0x555555738b50) at splay.cpp:254
#8  0x0000555555557b0d in InOrder (root=0x5555557d3d70) at splay.cpp:254
#9  0x0000555555557abd in InOrder (root=0x5555557d8910) at splay.cpp:252
#10 0x0000555555557abd in InOrder (root=0x555555646d10) at splay.cpp:252
#11 0x0000555555557b0d in InOrder (root=0x55555578c9b0) at splay.cpp:254
#12 0x0000555555557b0d in InOrder (root=0x55555585b330) at splay.cpp:254
#13 0x0000555555557abd in InOrder (root=0x55555579d910) at splay.cpp:252
#14 0x0000555555557b0d in InOrder (root=0x5555558759d0) at splay.cpp:254
#15 0x0000555555557abd in InOrder (root=0x55555586ba70) at splay.cpp:252
#16 0x0000555555557b0d in InOrder (root=0x555555878050) at splay.cpp:254
#17 0x0000555555557b0d in InOrder (root=0x555555879f10) at splay.cpp:254
#18 0x0000555555557b0d in InOrder (root=0x55555587d9f0) at splay.cpp:254
#19 0x0000555555557b0d in InOrder (root=0x5555556648d0) at splay.cpp:254
#20 0x0000555555557b0d in InOrder (root=0x55555587da50) at splay.cpp:254
#21 0x0000555555557abd in InOrder (root=0x5555555d7910) at splay.cpp:252
#22 0x0000555555557b0d in InOrder (root=0x55555587d8d0) at splay.cpp:254
#23 0x0000555555557b0d in InOrder (root=0x5555557cfed0) at splay.cpp:254
#24 0x0000555555557b0d in InOrder (root=0x555555774190) at splay.cpp:254
#25 0x0000555555557b0d in InOrder (root=0x555555774870) at splay.cpp:254
#26 0x0000555555557abd in InOrder (root=0x55555587dcb0) at splay.cpp:252
#27 0x0000555555557b0d in InOrder (root=0x555555693810) at splay.cpp:254
#28 0x0000555555557b0d in InOrder (root=0x555555634c10) at splay.cpp:254
#29 0x0000555555557b0d in InOrder (root=0x55555587dcd0) at splay.cpp:254
#30 0x00005555555564fe in main (argc=3, argv=0x7fffffffdfb8) at main.cpp:35

834	in libioP.h

Backtrace END
Fliping a bit of the value pointed by a pointer
Fliping value of field: rchild
Fliping a bit of the pointer
Memory content before bitflip:0x100xd90x790x550x550x550x000x00
Fault Model: Random bit-flip
base address to flip value: 0x5555558759e0
address max offset: 8
Memory content after  bitflip:0x490xc00xa50x280x280x5a0x120x4a
frame name: InOrder
symbol name: root
symbol filename: splay.cpp
symbol line: 248
value: 0x5555558759d0
value address: 0x7fffffffd938
Type: The type is a pointer.
Type sizeof: 8

[INFO -- 2018-12-01 09:07:28]
Fault Injection Successful after 1.2068870067596436s
[INFO -- 2018-12-01 09:07:28]
event type: exit
[INFO -- 2018-12-01 09:07:28]
exit code: 0
