[INFO -- 2018-11-25 16:50:01]
Starting flip_value script
version: 1.1
[INFO -- 2018-11-25 16:50:01]
Initialization strings:
[INFO -- 2018-11-25 16:50:01]
(1) file /tmp/BTree-dup/main
[INFO -- 2018-11-25 16:50:01]
(2)  set args /tmp/BTree-dup/input_100000 /tmp/BTree-dup/output_100000 /tmp/BTree-dup-detection.log /tmp/BTree-dup/output2_100000
[INFO -- 2018-11-25 16:50:01]
initSignal:0
[INFO -- 2018-11-25 16:50:01]
endSignal:2
[INFO -- 2018-11-25 16:50:01]
faultModel:0
[INFO -- 2018-11-25 16:50:02]
Backtrace BEGIN:
#0  0x0000555555556596 in BTreeNode::insertNonFull (this=0x555555bee480, k=3741795) at BTree_dup.cpp:524
#1  0x0000555555556478 in BTree::insert (this=0x7fffffffda50, k=3741795) at BTree_dup.cpp:489
#2  0x0000555555556c25 in runner (input=0x7fffffffe22a "/tmp/BTree-dup/input_100000") at BTree_dup.cpp:664
#3  0x0000555555556f7a in main (argc=5, argv=0x7fffffffde68) at BTree_dup.cpp:712

519			// Find the child which is going to have the new key
520			while (i >= 0 && keys[i] > k)
521				i--;
522	
523			// See if the found child is full
524			if (C[i+1]->n == 2*t-1)
525			{
526				// If the child is full, then split it
527				splitChild(i+1, C[i+1]);
528	

Backtrace END
Fliping a bit of the pointer
Memory content before bitflip:0x680xde0xff0xff0xff0x7f0x000x00
Fault Model: Single bit-flip
base address to flip value: 0x7fffffffdd10
address max offset: 8
Memory content after  bitflip:0x600xde0xff0xff0xff0x7f0x000x00
frame name: main
symbol name: argv
symbol filename: BTree_dup.cpp
symbol line: 691
value: 0x7fffffffde68
value address: 0x7fffffffdd10
Type: The type is a pointer.
Type sizeof: 8

[INFO -- 2018-11-25 16:50:02]
Fault Injection Successful after 1.5383810997009277s
[INFO -- 2018-11-25 16:50:03]
event type: exit
[INFO -- 2018-11-25 16:50:03]
exit code: 0
