[INFO -- 2018-10-17 19:30:03]
sending 5 signals using command: 'killall -2 main' after 1.10472277828s
[INFO -- 2018-10-17 19:30:04]
sending 5 signals using command: 'killall -2 main' after 1.53734439607s
[INFO -- 2018-10-17 19:30:04]
sending 5 signals using command: 'killall -2 main' after 1.69147009253s
[INFO -- 2018-10-17 19:30:04]
Starting GDB script
[INFO -- 2018-10-17 19:30:04]
initSignal:0.0
[INFO -- 2018-10-17 19:30:04]
endSignal:2.0
[INFO -- 2018-10-17 19:30:04]
sending 5 signals using command: 'killall -2 main' after 0.239398249396s
[INFO -- 2018-10-17 19:30:05]
sending 5 signals using command: 'killall -2 main' after 0.679360014005s
[INFO -- 2018-10-17 19:30:05]
sending 5 signals using command: 'killall -2 main' after 0.961540530754s
[INFO -- 2018-10-17 19:30:05]
Execution finished before waitTime
