[INFO -- 2018-12-01 10:17:14]
Starting flip_value script
version: 1.1
[INFO -- 2018-12-01 10:17:14]
Initialization strings:
[INFO -- 2018-12-01 10:17:14]
(1) file /tmp/splay/main
[INFO -- 2018-12-01 10:17:14]
(2) set args /tmp/splay/input_100000 /tmp/splay/output_100000
[INFO -- 2018-12-01 10:17:14]
initSignal:0
[INFO -- 2018-12-01 10:17:14]
endSignal:5
[INFO -- 2018-12-01 10:17:14]
faultModel:0
[INFO -- 2018-12-01 10:17:14]
Backtrace BEGIN:
#0  0x00007ffff7f1ca90 in __gnu_cxx::stdio_sync_filebuf<char, std::char_traits<char> >::overflow(int) () from /usr/lib/x86_64-linux-gnu/libstdc++.so.6
#1  0x00007ffff7f42a5a in std::ostream::put(char) () from /usr/lib/x86_64-linux-gnu/libstdc++.so.6
#2  0x00007ffff7f42c5f in std::basic_ostream<char, std::char_traits<char> >& std::endl<char, std::char_traits<char> >(std::basic_ostream<char, std::char_traits<char> >&) () from /usr/lib/x86_64-linux-gnu/libstdc++.so.6
#3  0x0000555555557afd in InOrder (root=0x555555631e90) at splay.cpp:253
#4  0x0000555555557b0d in InOrder (root=0x5555556cbc70) at splay.cpp:254
#5  0x0000555555557abd in InOrder (root=0x5555557c8770) at splay.cpp:252
#6  0x0000555555557abd in InOrder (root=0x55555559a9b0) at splay.cpp:252
#7  0x0000555555557b0d in InOrder (root=0x5555557d1e30) at splay.cpp:254
#8  0x0000555555557abd in InOrder (root=0x5555556d8ef0) at splay.cpp:252
#9  0x0000555555557abd in InOrder (root=0x5555558504d0) at splay.cpp:252
#10 0x0000555555557abd in InOrder (root=0x55555559cbf0) at splay.cpp:252
#11 0x0000555555557b0d in InOrder (root=0x555555661410) at splay.cpp:254
#12 0x0000555555557abd in InOrder (root=0x55555585f670) at splay.cpp:252
#13 0x0000555555557b0d in InOrder (root=0x5555557d2ed0) at splay.cpp:254
#14 0x0000555555557b0d in InOrder (root=0x555555814510) at splay.cpp:254
#15 0x0000555555557b0d in InOrder (root=0x555555855410) at splay.cpp:254
#16 0x0000555555557abd in InOrder (root=0x55555557c2d0) at splay.cpp:252
#17 0x0000555555557abd in InOrder (root=0x55555586c0d0) at splay.cpp:252
#18 0x0000555555557b0d in InOrder (root=0x555555872b50) at splay.cpp:254
#19 0x0000555555557abd in InOrder (root=0x55555577f3d0) at splay.cpp:252
#20 0x0000555555557abd in InOrder (root=0x555555872170) at splay.cpp:252
#21 0x0000555555557b0d in InOrder (root=0x5555556b7290) at splay.cpp:254
#22 0x0000555555557b0d in InOrder (root=0x55555586b230) at splay.cpp:254
#23 0x0000555555557abd in InOrder (root=0x55555587bd50) at splay.cpp:252
#24 0x0000555555557abd in InOrder (root=0x55555580d5d0) at splay.cpp:252
#25 0x0000555555557b0d in InOrder (root=0x55555563a2f0) at splay.cpp:254
#26 0x0000555555557b0d in InOrder (root=0x555555581df0) at splay.cpp:254
#27 0x0000555555557b0d in InOrder (root=0x55555560ac10) at splay.cpp:254
#28 0x0000555555557b0d in InOrder (root=0x55555587d9b0) at splay.cpp:254
#29 0x0000555555557b0d in InOrder (root=0x555555794190) at splay.cpp:254
#30 0x0000555555557b0d in InOrder (root=0x555555771bf0) at splay.cpp:254
#31 0x0000555555557b0d in InOrder (root=0x55555587dad0) at splay.cpp:254
#32 0x0000555555557abd in InOrder (root=0x55555587d8d0) at splay.cpp:252
#33 0x0000555555557b0d in InOrder (root=0x5555557cfed0) at splay.cpp:254
#34 0x0000555555557b0d in InOrder (root=0x555555774190) at splay.cpp:254
#35 0x0000555555557b0d in InOrder (root=0x555555774870) at splay.cpp:254
#36 0x0000555555557abd in InOrder (root=0x55555587dcb0) at splay.cpp:252
#37 0x0000555555557b0d in InOrder (root=0x555555693810) at splay.cpp:254
#38 0x0000555555557b0d in InOrder (root=0x555555634c10) at splay.cpp:254
#39 0x0000555555557b0d in InOrder (root=0x55555587dcd0) at splay.cpp:254
#40 0x00005555555564fe in main (argc=3, argv=0x7fffffffdfb8) at main.cpp:35

1	#include "splay.h"
2	#include <iostream>
3	
4	#include <algorithm>    // std::random_shuffle
5	#include <vector>       // std::vector
6	#include <cstdlib>      // std::rand, std::srand
7	#include <cstdio>
8	
9	#include <iterator>
10	#include <fstream>

Backtrace END
Fliping a bit of the pointer
Memory content before bitflip:0x100x450x810x550x550x550x000x00
Fault Model: Single bit-flip
base address to flip value: 0x7fffffffd758
address max offset: 8
Memory content after  bitflip:0x100x650x810x550x550x550x000x00
frame name: InOrder
symbol name: root
symbol filename: splay.cpp
symbol line: 248
value: 0x555555814510
value address: 0x7fffffffd758
Type: The type is a pointer.
Type sizeof: 8

[INFO -- 2018-12-01 10:17:14]
Fault Injection Successful after 0.6996243000030518s
[INFO -- 2018-12-01 10:17:14]
event type: exit
[INFO -- 2018-12-01 10:17:14]
exit code: 0
