[INFO -- 2018-12-03 20:37:12]
Starting flip_value script
version: 1.1
[INFO -- 2018-12-03 20:37:12]
Initialization strings:
[INFO -- 2018-12-03 20:37:12]
(1) file /tmp/Tree234/main
[INFO -- 2018-12-03 20:37:12]
(2) set args /tmp/Tree234/input_50000 /tmp/Tree234/output_50000 /tmp/Tree234/detectionLog_50000.log /tmp/Tree234/output2_50000
[INFO -- 2018-12-03 20:37:12]
initSignal:0
[INFO -- 2018-12-03 20:37:12]
endSignal:5
[INFO -- 2018-12-03 20:37:12]
faultModel:0
[INFO -- 2018-12-03 20:37:13]
Backtrace BEGIN:
#0  malloc (n=10) at dl-minimal.c:94
#1  <function called from gdb>
#2  _int_free (av=0x7ffff761cb20 <main_arena>, p=0x618c90, have_lock=0) at malloc.c:3861
#3  0x00007ffff72dc53c in __GI___libc_free (mem=<optimized out>) at malloc.c:2968
#4  0x0000000000402e90 in std::basic_ostream<char, std::char_traits<char> >& std::operator<< <char, std::char_traits<char>, 16ul>(std::basic_ostream<char, std::char_traits<char> >&, std::bitset<16ul> const&) ()
#5  0x0000000000402563 in Arvore234::imprime(no*) ()
#6  0x00000000004025d0 in Arvore234::imprime(no*) ()
#7  0x00000000004025d0 in Arvore234::imprime(no*) ()
#8  0x00000000004025d0 in Arvore234::imprime(no*) ()
#9  0x00000000004025d0 in Arvore234::imprime(no*) ()
#10 0x00000000004025d0 in Arvore234::imprime(no*) ()
#11 0x00000000004025d0 in Arvore234::imprime(no*) ()
#12 0x00000000004025d0 in Arvore234::imprime(no*) ()
#13 0x00000000004025d0 in Arvore234::imprime(no*) ()
#14 0x00000000004025d0 in Arvore234::imprime(no*) ()
#15 0x00000000004025d0 in Arvore234::imprime(no*) ()
#16 0x00000000004025d0 in Arvore234::imprime(no*) ()
#17 0x0000000000402610 in Arvore234::imprime() ()
#18 0x0000000000402b16 in main ()

89	in dl-minimal.c

Backtrace END
Fliping array at pos: 8
Memory content before bitflip:0x38
Fault Model: Single bit-flip
base address to flip value: 0x7ffff7df6568  
address max offset: 1
Memory content after  bitflip:0xb8
frame name: malloc
symbol name: __GI__itoa_lower_digits
symbol filename: dl-minimal.c
symbol line: 341
value: "01234567\270\071abcdef"
value address: 0x7ffff7df6560 <_itoa_lower_digits>
Type: The type is an array.
Type sizeof: 16
Field name: None
Field Type: A range type, that is, an integer type with bounds.
Field Type sizeof: 8
Field Type range: (0, 15)

[INFO -- 2018-12-03 20:37:13]
Fault Injection Successful after 1.1668317317962646s
[INFO -- 2018-12-03 20:37:13]
event type: exit
[INFO -- 2018-12-03 20:37:13]
exit code: 0
