[INFO -- 2018-11-26 00:32:09]
Starting flip_value script
version: 1.1
[INFO -- 2018-11-26 00:32:09]
Initialization strings:
[INFO -- 2018-11-26 00:32:09]
(1) file /tmp/BTree-dup/main
[INFO -- 2018-11-26 00:32:09]
(2)  set args /tmp/BTree-dup/input_100000 /tmp/BTree-dup/output_100000 /tmp/BTree-dup-detection.log /tmp/BTree-dup/output2_100000
[INFO -- 2018-11-26 00:32:09]
initSignal:0
[INFO -- 2018-11-26 00:32:09]
endSignal:2
[INFO -- 2018-11-26 00:32:09]
faultModel:0
[INFO -- 2018-11-26 00:32:10]
Backtrace BEGIN:
#0  __GI__IO_fflush (fp=0x7ffff7610760 <_IO_2_1_stdout_>) at iofflush.c:33
#1  0x00007ffff7b5ef5e in std::ostream::flush() () from /usr/lib/x86_64-linux-gnu/libstdc++.so.6
#2  0x0000555555556927 in BTreeNode::traverse (this=0x5555558afc90) at BTree_dup.cpp:594
#3  0x00005555555568d7 in BTreeNode::traverse (this=0x5555558cedd0) at BTree_dup.cpp:593
#4  0x000055555555695f in BTreeNode::traverse (this=0x555555869940) at BTree_dup.cpp:599
#5  0x00005555555568d7 in BTreeNode::traverse (this=0x555555b92620) at BTree_dup.cpp:593
#6  0x00005555555568d7 in BTreeNode::traverse (this=0x555555b94630) at BTree_dup.cpp:593
#7  0x00005555555568d7 in BTreeNode::traverse (this=0x555555815b20) at BTree_dup.cpp:593
#8  0x00005555555568d7 in BTreeNode::traverse (this=0x555555af22d0) at BTree_dup.cpp:593
#9  0x00005555555568d7 in BTreeNode::traverse (this=0x555555815c40) at BTree_dup.cpp:593
#10 0x00005555555568d7 in BTreeNode::traverse (this=0x555555a2ab30) at BTree_dup.cpp:593
#11 0x00005555555572bb in BTree::traverse (this=0x7fffffffdd40) at BTree_dup.cpp:139
#12 0x0000555555556fbd in main (argc=5, argv=0x7fffffffde68) at BTree_dup.cpp:718

28	iofflush.c: Arquivo ou diretório inexistente.

Backtrace END
Memory content before bitflip:0x030x000x000x00
Fault Model: Single bit-flip
base address to flip value: 0x7fffffffdb3c
address max offset: 4
Memory content after  bitflip:0x130x000x000x00
frame name: BTreeNode::traverse
symbol name: i
symbol filename: BTree_dup.cpp
symbol line: 587
value: 19
value address: 0x7fffffffdb3c
Type: The type is an integer type.
Type sizeof: 4

[INFO -- 2018-11-26 00:32:10]
Fault Injection Successful after 1.7214550971984863s
[INFO -- 2018-11-26 00:32:11]
event type: exit
[INFO -- 2018-11-26 00:32:11]
exit code: 0
