[INFO -- 2018-12-01 08:33:16]
Starting flip_value script
version: 1.1
[INFO -- 2018-12-01 08:33:16]
Initialization strings:
[INFO -- 2018-12-01 08:33:16]
(1) file /tmp/splay/main
[INFO -- 2018-12-01 08:33:16]
(2) set args /tmp/splay/input_100000 /tmp/splay/output_100000
[INFO -- 2018-12-01 08:33:16]
initSignal:0
[INFO -- 2018-12-01 08:33:16]
endSignal:5
[INFO -- 2018-12-01 08:33:16]
faultModel:3
[INFO -- 2018-12-01 08:33:16]
Backtrace BEGIN:
#0  Splay (key=3664326, root=0x5555555e7590) at splay.cpp:74
#1  0x0000555555557916 in Insert (key=3664326, root=0x5555557c5a10) at splay.cpp:145
#2  0x00005555555564bb in main (argc=3, argv=0x7fffffffdfb8) at main.cpp:31

69											   just linking it to R Tree */
70					if(!root->lchild)
71						break;
72				}
73				/* Link to R Tree */
74				RightTreeMin->lchild = root;
75				RightTreeMin = RightTreeMin->lchild;
76				root = root->lchild;
77				RightTreeMin->lchild = NULL;
78			}

Backtrace END
Fliping a bit of the value pointed by a pointer
Fliping a bit of the value pointed by a pointer
Memory content before bitflip:0x2f
Fault Model: Zero bit-flip
base address to flip value: 0x7fffffffe306 
address max offset: 1
Memory content after  bitflip:0x00
frame name: main
symbol name: argv
symbol filename: main.cpp
symbol line: 14
value: 0x7fffffffdfb8
value address: 0x7fffffffdc30
Type: The type is a pointer.
Type sizeof: 8

[INFO -- 2018-12-01 08:33:16]
Fault Injection Successful after 0.6437134742736816s
[INFO -- 2018-12-01 08:33:16]
event type: exit
[INFO -- 2018-12-01 08:33:16]
exit code: 0
