[INFO -- 2018-10-17 19:35:44]
sending 5 signals using command: 'killall -2 main' after 1.1506149683s
[INFO -- 2018-10-17 19:35:45]
sending 5 signals using command: 'killall -2 main' after 1.36759696015s
[INFO -- 2018-10-17 19:35:45]
sending 5 signals using command: 'killall -2 main' after 1.65360721855s
[INFO -- 2018-10-17 19:35:45]
Starting GDB script
[INFO -- 2018-10-17 19:35:45]
initSignal:0.0
[INFO -- 2018-10-17 19:35:45]
endSignal:2.0
[INFO -- 2018-10-17 19:35:45]
sending 5 signals using command: 'killall -2 main' after 0.319196241918s
[INFO -- 2018-10-17 19:35:45]
sending 5 signals using command: 'killall -2 main' after 0.397592080251s
[INFO -- 2018-10-17 19:35:45]
sending 5 signals using command: 'killall -2 main' after 0.493767542778s
[INFO -- 2018-10-17 19:35:46]
Execution finished before waitTime
