[INFO -- 2018-10-12 00:30:56]
Starting flip_value script
version: 1.1
[INFO -- 2018-10-12 00:30:56]
Initialization strings:
[INFO -- 2018-10-12 00:30:56]
(1) file /tmp/BTree/main
[INFO -- 2018-10-12 00:30:56]
(2)  set args /tmp/BTree/input_100000 /tmp/BTree/output_100000
[INFO -- 2018-10-12 00:30:56]
initSignal:0
[INFO -- 2018-10-12 00:30:56]
endSignal:2
[INFO -- 2018-10-12 00:30:56]
faultModel:4
[INFO -- 2018-10-12 00:30:57]
Backtrace BEGIN:
#0  0x000055555555601a in BTreeNode::insertNonFull (this=0x555555a273b0, k=4161015) at BTree.cpp:518
#1  0x00005555555560d9 in BTreeNode::insertNonFull (this=0x555555a27320, k=4161015) at BTree.cpp:533
#2  0x0000555555555f18 in BTree::insert (this=0x7fffffffddc0, k=4161015) at BTree.cpp:487
#3  0x0000555555556601 in main (argc=3, argv=0x7fffffffded8) at BTree.cpp:665

513			n = n+1;
514		}
515		else // If this node is not leaf
516		{
517			// Find the child which is going to have the new key
518			while (i >= 0 && keys[i] > k)
519				i--;
520	
521			// See if the found child is full
522			if (C[i+1]->n == 2*t-1)

Backtrace END
Memory content before bitflip:0xf70x7d0x3f0x00
Fault Model: LSB bit-flip
base address to flip value: 0x7fffffffdd64
address max offset: 4
Memory content after  bitflip:0xf70x7d0x3f0x01
frame name: BTree::insert
symbol name: k
symbol filename: BTree.cpp
symbol line: 452
value: 20938231
value address: 0x7fffffffdd64
Type: The type is an integer type.
Type sizeof: 4

[INFO -- 2018-10-12 00:30:57]
Fault Injection Successful after 1.3871185779571533s
[INFO -- 2018-10-12 00:30:57]
event type: exit
[INFO -- 2018-10-12 00:30:57]
exit code: 0
