[INFO -- 2018-10-18 00:21:30]
Starting flip_value script
version: 1.1
[INFO -- 2018-10-18 00:21:30]
Initialization strings:
[INFO -- 2018-10-18 00:21:30]
(1) file /tmp/Tree234/main
[INFO -- 2018-10-18 00:21:30]
(2) set args /tmp/Tree234/input_50000 /tmp/Tree234/output_50000
[INFO -- 2018-10-18 00:21:30]
initSignal:0
[INFO -- 2018-10-18 00:21:30]
endSignal:2
[INFO -- 2018-10-18 00:21:30]
faultModel:0
[INFO -- 2018-10-18 00:21:30]
Backtrace BEGIN:
#0  elf_dynamic_do_Rela (skip_ifunc=<optimized out>, lazy=0, nrelative=<optimized out>, relsize=92400, reladdr=<optimized out>, map=0x7ffff7ff74d0) at do-rel.h:112
#1  _dl_relocate_object (scope=<optimized out>, reloc_mode=<optimized out>, consider_profiling=<optimized out>, consider_profiling@entry=0) at dl-reloc.c:258
#2  0x00007ffff7ddb0db in dl_main (phdr=<optimized out>, phnum=<optimized out>, user_entry=<optimized out>, auxv=<optimized out>) at rtld.c:2109
#3  0x00007ffff7df0632 in _dl_sysdep_start (start_argptr=start_argptr@entry=0x7fffffffde70, dl_main=dl_main@entry=0x7ffff7dd91e0 <dl_main>) at ../elf/dl-sysdep.c:249
#4  0x00007ffff7dd8c2a in _dl_start_final (arg=0x7fffffffde70) at rtld.c:323
#5  _dl_start (arg=0x7fffffffde70) at rtld.c:429
#6  0x00007ffff7dd7c38 in _start () from /lib64/ld-linux-x86-64.so.2
#7  0x0000000000000003 in ?? ()
#8  0x00007fffffffe20c in ?? ()
#9  0x00007fffffffe21e in ?? ()
#10 0x00007fffffffe237 in ?? ()
#11 0x0000000000000000 in ?? ()

107	in do-rel.h

Backtrace END
Fliping array at pos: 0
Fliping value of field: size
Memory content before bitflip:0xf00x680x010x000x000x000x000x00
Fault Model: Single bit-flip
base address to flip value: 0x7fffffffdc18
address max offset: 8
Memory content after  bitflip:0xf00x680x010x000x000x800x000x00
frame name: _dl_relocate_object
symbol name: ranges
symbol filename: dl-reloc.c
symbol line: 258
value: {{start = 140737348634056, size = 140737488447728, nrelative = 742, lazy = 0}, {start = 140737348726456, size = 19272, nrelative = 0, lazy = 1}}
value address: 0x7fffffffdc10
Type: The type is an array.
Type sizeof: 64
Field name: None
Field Type: A range type, that is, an integer type with bounds.
Field Type sizeof: 8
Field Type range: (0, 1)

[INFO -- 2018-10-18 00:21:30]
Fault Injection Successful after 0.8929309844970703s
[INFO -- 2018-10-18 00:21:31]
event type: exit
[INFO -- 2018-10-18 00:21:31]
exit code: 0
