[INFO -- 2018-11-30 17:24:12]
sending 5 signals using command: 'killall -2 main' after 2.43154493972s
[INFO -- 2018-11-30 17:24:14]
sending 5 signals using command: 'killall -2 main' after 4.1998775299s
[INFO -- 2018-11-30 17:24:14]
sending 5 signals using command: 'killall -2 main' after 4.27593019751s
[INFO -- 2018-11-30 17:24:14]
Starting GDB script
[INFO -- 2018-11-30 17:24:14]
initSignal:0.0
[INFO -- 2018-11-30 17:24:14]
endSignal:5.0
[INFO -- 2018-11-30 17:24:14]
sending 5 signals using command: 'killall -2 main' after 0.706048145718s
[INFO -- 2018-11-30 17:24:15]
sending 5 signals using command: 'killall -2 main' after 1.15506860629s
[INFO -- 2018-11-30 17:24:15]
sending 5 signals using command: 'killall -2 main' after 1.36325106271s
[INFO -- 2018-11-30 17:24:15]
Execution finished before waitTime
