[INFO -- 2018-12-01 08:10:53]
Starting flip_value script
version: 1.1
[INFO -- 2018-12-01 08:10:53]
Initialization strings:
[INFO -- 2018-12-01 08:10:53]
(1) file /tmp/splay/main
[INFO -- 2018-12-01 08:10:53]
(2) set args /tmp/splay/input_100000 /tmp/splay/output_100000
[INFO -- 2018-12-01 08:10:53]
initSignal:0
[INFO -- 2018-12-01 08:10:53]
endSignal:5
[INFO -- 2018-12-01 08:10:53]
faultModel:1
[EXCEPTION -- 2018-12-01 08:10:53]
pythonException: Unable to exit loop in struct fields; Exiting wihtout making a bit flip
[EXCEPTION -- 2018-12-01 08:10:54]
pythonException: Unable to exit loop in struct fields; Exiting wihtout making a bit flip
[INFO -- 2018-12-01 08:10:54]
event type: exit
[INFO -- 2018-12-01 08:10:54]
exit code: 0
