[INFO -- 2018-10-16 23:17:14]
sending 5 signals using command: 'killall -2 main' after 1.52009970304s
[INFO -- 2018-10-16 23:17:15]
sending 5 signals using command: 'killall -2 main' after 1.75368918569s
[INFO -- 2018-10-16 23:17:15]
sending 5 signals using command: 'killall -2 main' after 1.80355238469s
[INFO -- 2018-10-16 23:17:15]
Starting GDB script
[INFO -- 2018-10-16 23:17:15]
initSignal:0.0
[INFO -- 2018-10-16 23:17:15]
endSignal:2.0
[INFO -- 2018-10-16 23:17:15]
sending 5 signals using command: 'killall -2 main' after 0.0554043517938s
[INFO -- 2018-10-16 23:17:15]
sending 5 signals using command: 'killall -2 main' after 0.441727980837s
[INFO -- 2018-10-16 23:17:15]
sending 5 signals using command: 'killall -2 main' after 0.524684439998s
[INFO -- 2018-10-16 23:17:16]
Execution finished before waitTime
