[INFO -- 2018-11-25 21:07:08]
Starting flip_value script
version: 1.1
[INFO -- 2018-11-25 21:07:08]
Initialization strings:
[INFO -- 2018-11-25 21:07:08]
(1) file /tmp/BTree-dup/main
[INFO -- 2018-11-25 21:07:08]
(2)  set args /tmp/BTree-dup/input_100000 /tmp/BTree-dup/output_100000 /tmp/BTree-dup-detection.log /tmp/BTree-dup/output2_100000
[INFO -- 2018-11-25 21:07:08]
initSignal:0
[INFO -- 2018-11-25 21:07:08]
endSignal:2
[INFO -- 2018-11-25 21:07:08]
faultModel:3
[EXCEPTION -- 2018-11-25 21:07:09]
gdbException: Tentativo de desreferenciar um ponteiro genérico.
[EXCEPTION -- 2018-11-25 21:07:09]
pythonException: empty range for randrange() (0,0, 0)
[INFO -- 2018-11-25 21:07:09]
Backtrace BEGIN:
#0  0x00007ffff7b47573 in std::istream::sentry::sentry(std::istream&, bool) () from /usr/lib/x86_64-linux-gnu/libstdc++.so.6
#1  0x00007ffff7b4796e in std::istream::operator>>(int&) () from /usr/lib/x86_64-linux-gnu/libstdc++.so.6
#2  0x0000555555557742 in std::istream_iterator<int, char, std::char_traits<char>, long>::_M_read (this=0x7fffffffd960) at /usr/include/c++/7/bits/stream_iterator.h:121
#3  0x0000555555557ab2 in std::istream_iterator<int, char, std::char_traits<char>, long>::operator++ (this=0x7fffffffd960) at /usr/include/c++/7/bits/stream_iterator.h:95
#4  0x00005555555579f3 in std::vector<int, std::allocator<int> >::_M_range_initialize<std::istream_iterator<int, char, std::char_traits<char>, long> > (this=0x7fffffffdaa0, __first=..., __last=...) at /usr/include/c++/7/bits/stl_vector.h:1308
#5  0x0000555555557882 in std::vector<int, std::allocator<int> >::_M_initialize_dispatch<std::istream_iterator<int, char, std::char_traits<char>, long> > (this=0x7fffffffdaa0, __first=..., __last=...) at /usr/include/c++/7/bits/stl_vector.h:1299
#6  0x0000555555557569 in std::vector<int, std::allocator<int> >::vector<std::istream_iterator<int, char, std::char_traits<char>, long>, void> (this=0x7fffffffdaa0, __first=..., __last=..., __a=...) at /usr/include/c++/7/bits/stl_vector.h:414
#7  0x0000555555556bbc in runner (input=0x7fffffffe22a "/tmp/BTree-dup/input_100000") at BTree_dup.cpp:660
#8  0x0000555555556f7a in main (argc=5, argv=0x7fffffffde68) at BTree_dup.cpp:712

2284	in rtld.c

Backtrace END
Fliping a bit of the value pointed by a pointer
Memory content before bitflip:0x2f
Fault Model: Zero bit-flip
base address to flip value: 0x7fffffffe22a 
address max offset: 1
Memory content after  bitflip:0x00
frame name: runner
symbol name: input
symbol filename: BTree_dup.cpp
symbol line: 653
value: 0x7fffffffe22a ""
value address: 0x7fffffffda38
Type: The type is a pointer.
Type sizeof: 8

[INFO -- 2018-11-25 21:07:09]
Fault Injection Successful after 1.6033024787902832s
[INFO -- 2018-11-25 21:07:10]
event type: exit
[INFO -- 2018-11-25 21:07:10]
exit code: 0
