[INFO -- 2018-11-30 18:40:04]
Starting flip_value script
version: 1.1
[INFO -- 2018-11-30 18:40:04]
Initialization strings:
[INFO -- 2018-11-30 18:40:04]
(1) file /tmp/splay/main
[INFO -- 2018-11-30 18:40:04]
(2) set args /tmp/splay/input_100000 /tmp/splay/output_100000
[INFO -- 2018-11-30 18:40:04]
initSignal:0
[INFO -- 2018-11-30 18:40:04]
endSignal:5
[INFO -- 2018-11-30 18:40:04]
faultModel:4
[INFO -- 2018-11-30 18:40:05]
Backtrace BEGIN:
#0  __strcmp_avx2 () at ../sysdeps/x86_64/multiarch/strcmp-avx2.S:93
#1  0x00007ffff7ec3750 in __cxxabiv1::__vmi_class_type_info::__do_dyncast(long, __cxxabiv1::__class_type_info::__sub_kind, __cxxabiv1::__class_type_info const*, void const*, __cxxabiv1::__class_type_info const*, void const*, __cxxabiv1::__class_type_info::__dyncast_result&) const () from /usr/lib/x86_64-linux-gnu/libstdc++.so.6
#2  0x00007ffff7ec0456 in __dynamic_cast () from /usr/lib/x86_64-linux-gnu/libstdc++.so.6
#3  0x00007ffff7f333fb in std::ctype<char> const& std::use_facet<std::ctype<char> >(std::locale const&) () from /usr/lib/x86_64-linux-gnu/libstdc++.so.6
#4  0x0000555555557da3 in std::operator<< <char, std::char_traits<char>, 16ul> (__os=..., __x=std::bitset = {...}) at /usr/include/c++/8/bitset:1541
#5  0x0000555555557ae8 in InOrder (root=0x555555741370) at splay.cpp:253
#6  0x0000555555557b0d in InOrder (root=0x55555584c830) at splay.cpp:254
#7  0x0000555555557b0d in InOrder (root=0x5555555b4130) at splay.cpp:254
#8  0x0000555555557b0d in InOrder (root=0x555555716550) at splay.cpp:254
#9  0x0000555555557abd in InOrder (root=0x55555564bbd0) at splay.cpp:252
#10 0x0000555555557abd in InOrder (root=0x55555585a110) at splay.cpp:252
#11 0x0000555555557b0d in InOrder (root=0x555555573210) at splay.cpp:254
#12 0x0000555555557b0d in InOrder (root=0x555555877b90) at splay.cpp:254
#13 0x0000555555557b0d in InOrder (root=0x5555556db110) at splay.cpp:254
#14 0x0000555555557abd in InOrder (root=0x5555556c9df0) at splay.cpp:252
#15 0x0000555555557abd in InOrder (root=0x555555878790) at splay.cpp:252
#16 0x0000555555557abd in InOrder (root=0x555555693c10) at splay.cpp:252
#17 0x0000555555557b0d in InOrder (root=0x55555587c590) at splay.cpp:254
#18 0x0000555555557abd in InOrder (root=0x55555587c970) at splay.cpp:252
#19 0x0000555555557abd in InOrder (root=0x555555671630) at splay.cpp:252
#20 0x0000555555557b0d in InOrder (root=0x55555587ca30) at splay.cpp:254
#21 0x0000555555557abd in InOrder (root=0x55555587cb90) at splay.cpp:252
#22 0x0000555555557abd in InOrder (root=0x55555569cd70) at splay.cpp:252
#23 0x0000555555557b0d in InOrder (root=0x555555651630) at splay.cpp:254
#24 0x0000555555557b0d in InOrder (root=0x55555587d470) at splay.cpp:254
#25 0x0000555555557abd in InOrder (root=0x55555587d530) at splay.cpp:252
#26 0x0000555555557b0d in InOrder (root=0x5555555cec10) at splay.cpp:254
#27 0x0000555555557abd in InOrder (root=0x5555556f88b0) at splay.cpp:252
#28 0x0000555555557b0d in InOrder (root=0x55555574fdf0) at splay.cpp:254
#29 0x0000555555557abd in InOrder (root=0x555555683210) at splay.cpp:252
#30 0x0000555555557abd in InOrder (root=0x55555587dc90) at splay.cpp:252
#31 0x0000555555557abd in InOrder (root=0x555555696ef0) at splay.cpp:252
#32 0x0000555555557abd in InOrder (root=0x55555587dcd0) at splay.cpp:252
#33 0x00005555555564fe in main (argc=3, argv=0x7fffffffdfb8) at main.cpp:35

88	in ../sysdeps/x86_64/multiarch/strcmp-avx2.S

Backtrace END
Fliping a bit of the value pointed by a pointer
Fliping value of field: key
Memory content before bitflip:0x8e0x270x120x00
Fault Model: LSB bit-flip
base address to flip value: 0x555555683210
address max offset: 4
Memory content after  bitflip:0x8e0x270x120x10
frame name: InOrder
symbol name: root
symbol filename: splay.cpp
symbol line: 248
value: 0x555555683210
value address: 0x7fffffffdb78
Type: The type is a pointer.
Type sizeof: 8

[INFO -- 2018-11-30 18:40:05]
Fault Injection Successful after 1.0719592571258545s
[INFO -- 2018-11-30 18:40:05]
event type: exit
[INFO -- 2018-11-30 18:40:05]
exit code: 0
