[INFO -- 2018-10-12 01:07:08]
Starting flip_value script
version: 1.1
[INFO -- 2018-10-12 01:07:08]
Initialization strings:
[INFO -- 2018-10-12 01:07:08]
(1) file /tmp/BTree/main
[INFO -- 2018-10-12 01:07:08]
(2)  set args /tmp/BTree/input_100000 /tmp/BTree/output_100000
[INFO -- 2018-10-12 01:07:08]
initSignal:0
[INFO -- 2018-10-12 01:07:08]
endSignal:2
[INFO -- 2018-10-12 01:07:08]
faultModel:2
[INFO -- 2018-10-12 01:07:08]
Backtrace BEGIN:
#0  __GI__IO_fwrite (buf=0x555555bb8390, size=1, count=16, fp=0x7ffff7610760 <_IO_2_1_stdout_>) at iofwrite.c:37
#1  0x00007ffff7b5fe94 in std::basic_ostream<char, std::char_traits<char> >& std::__ostream_insert<char, std::char_traits<char> >(std::basic_ostream<char, std::char_traits<char> >&, char const*, long) () from /usr/lib/x86_64-linux-gnu/libstdc++.so.6
#2  0x0000555555556956 in std::operator<< <char, std::char_traits<char>, 16ul> (__os=..., __x=std::bitset = {...}) at /usr/include/c++/7/bitset:1539
#3  0x00005555555563b2 in BTreeNode::traverse (this=0x555555809160) at BTree.cpp:592
#4  0x0000555555556377 in BTreeNode::traverse (this=0x55555582da60) at BTree.cpp:591
#5  0x0000555555556377 in BTreeNode::traverse (this=0x555555a08030) at BTree.cpp:591
#6  0x00005555555563ff in BTreeNode::traverse (this=0x555555ba1dd0) at BTree.cpp:597
#7  0x00005555555563ff in BTreeNode::traverse (this=0x5555559fdf50) at BTree.cpp:597
#8  0x00005555555563ff in BTreeNode::traverse (this=0x555555b2c830) at BTree.cpp:597
#9  0x0000555555556377 in BTreeNode::traverse (this=0x5555558eea80) at BTree.cpp:591
#10 0x0000555555556377 in BTreeNode::traverse (this=0x555555812430) at BTree.cpp:591
#11 0x0000555555556377 in BTreeNode::traverse (this=0x555555a27320) at BTree.cpp:591
#12 0x0000555555556851 in BTree::traverse (this=0x7fffffffddc0) at BTree.cpp:137
#13 0x0000555555556630 in main (argc=3, argv=0x7fffffffded8) at BTree.cpp:668

32	iofwrite.c: Arquivo ou diretório inexistente.

Backtrace END
Memory content before bitflip:0x020x000x000x00
Fault Model: Random bit-flip
base address to flip value: 0x7fffffffdc1c
address max offset: 4
Memory content after  bitflip:0x170xac0x170x0c
frame name: BTreeNode::traverse
symbol name: i
symbol filename: BTree.cpp
symbol line: 585
value: 202877975
value address: 0x7fffffffdc1c
Type: The type is an integer type.
Type sizeof: 4

[INFO -- 2018-10-12 01:07:08]
Fault Injection Successful after 0.6868011951446533s
[INFO -- 2018-10-12 01:07:08]
event type: exit
[INFO -- 2018-10-12 01:07:08]
exit code: 0
