[INFO -- 2018-12-01 10:45:56]
Starting flip_value script
version: 1.1
[INFO -- 2018-12-01 10:45:56]
Initialization strings:
[INFO -- 2018-12-01 10:45:56]
(1) file /tmp/splay/main
[INFO -- 2018-12-01 10:45:56]
(2) set args /tmp/splay/input_100000 /tmp/splay/output_100000
[INFO -- 2018-12-01 10:45:56]
initSignal:0
[INFO -- 2018-12-01 10:45:56]
endSignal:5
[INFO -- 2018-12-01 10:45:56]
faultModel:2
[EXCEPTION -- 2018-12-01 10:45:57]
pythonException: Unable to exit loop in struct fields; Exiting wihtout making a bit flip
[EXCEPTION -- 2018-12-01 10:45:57]
pythonException: Unable to exit loop in struct fields; Exiting wihtout making a bit flip
[INFO -- 2018-12-01 10:45:57]
event type: exit
[INFO -- 2018-12-01 10:45:57]
exit code: 0
