[INFO -- 2018-11-30 17:40:57]
Starting flip_value script
version: 1.1
[INFO -- 2018-11-30 17:40:57]
Initialization strings:
[INFO -- 2018-11-30 17:40:57]
(1) file /tmp/splay/main
[INFO -- 2018-11-30 17:40:57]
(2) set args /tmp/splay/input_100000 /tmp/splay/output_100000
[INFO -- 2018-11-30 17:40:57]
initSignal:0
[INFO -- 2018-11-30 17:40:57]
endSignal:5
[INFO -- 2018-11-30 17:40:57]
faultModel:0
[EXCEPTION -- 2018-11-30 17:40:57]
gdbException: Attempt to dereference a generic pointer.
[INFO -- 2018-11-30 17:40:58]
event type: exit
[INFO -- 2018-11-30 17:40:58]
exit code: 0
