[INFO -- 2018-12-01 09:02:37]
sending 5 signals using command: 'killall -2 main' after 3.56848032784s
[INFO -- 2018-12-01 09:02:37]
sending 5 signals using command: 'killall -2 main' after 3.74548405918s
[INFO -- 2018-12-01 09:02:38]
sending 5 signals using command: 'killall -2 main' after 4.2717626975s
[INFO -- 2018-12-01 09:02:38]
Starting GDB script
[INFO -- 2018-12-01 09:02:38]
initSignal:0.0
[INFO -- 2018-12-01 09:02:38]
endSignal:5.0
[INFO -- 2018-12-01 09:02:38]
sending 5 signals using command: 'killall -2 main' after 0.254236191295s
[INFO -- 2018-12-01 09:02:39]
sending 5 signals using command: 'killall -2 main' after 1.13529052768s
[INFO -- 2018-12-01 09:02:39]
sending 5 signals using command: 'killall -2 main' after 1.28321070859s
[INFO -- 2018-12-01 09:02:39]
Execution finished before waitTime
