[INFO -- 2018-10-12 06:25:42]
sending 5 signals using command: 'killall -2 main' after 1.84331355305s
[INFO -- 2018-10-12 06:25:42]
sending 5 signals using command: 'killall -2 main' after 1.86241516773s
[INFO -- 2018-10-12 06:25:43]
sending 5 signals using command: 'killall -2 main' after 1.8800052601s
[INFO -- 2018-10-12 06:25:43]
Starting GDB script
[INFO -- 2018-10-12 06:25:43]
initSignal:0.0
[INFO -- 2018-10-12 06:25:43]
endSignal:2.0
[INFO -- 2018-10-12 06:25:44]
sending 5 signals using command: 'killall -2 main' after 1.28694551506s
[INFO -- 2018-10-12 06:25:44]
sending 5 signals using command: 'killall -2 main' after 1.43878244719s
[INFO -- 2018-10-12 06:25:44]
sending 5 signals using command: 'killall -2 main' after 1.47708085872s
[INFO -- 2018-10-12 06:25:44]
Execution finished before waitTime
