[INFO -- 2018-11-26 00:42:40]
Starting flip_value script
version: 1.1
[INFO -- 2018-11-26 00:42:40]
Initialization strings:
[INFO -- 2018-11-26 00:42:40]
(1) file /tmp/BTree-dup/main
[INFO -- 2018-11-26 00:42:40]
(2)  set args /tmp/BTree-dup/input_100000 /tmp/BTree-dup/output_100000 /tmp/BTree-dup-detection.log /tmp/BTree-dup/output2_100000
[INFO -- 2018-11-26 00:42:40]
initSignal:0
[INFO -- 2018-11-26 00:42:40]
endSignal:2
[INFO -- 2018-11-26 00:42:40]
faultModel:2
[INFO -- 2018-11-26 00:42:42]
Backtrace BEGIN:
#0  0x00007ffff7334154 in __GI___libc_write (fd=1, buf=0x55555576d0d0, nbytes=17) at ../sysdeps/unix/sysv/linux/write.c:27
#1  0x00007ffff72af1bd in _IO_new_file_write (f=0x7ffff7610760 <_IO_2_1_stdout_>, data=0x55555576d0d0, n=17) at fileops.c:1203
#2  0x00007ffff72b0f51 in new_do_write (to_do=17, data=0x55555576d0d0 "1100101100001000\n\320vUUU", fp=0x7ffff7610760 <_IO_2_1_stdout_>) at fileops.c:457
#3  _IO_new_do_write (fp=0x7ffff7610760 <_IO_2_1_stdout_>, data=0x55555576d0d0 "1100101100001000\n\320vUUU", to_do=17) at fileops.c:433
#4  0x00007ffff72ae788 in _IO_new_file_sync (fp=0x7ffff7610760 <_IO_2_1_stdout_>) at fileops.c:813
#5  0x00007ffff72a287d in __GI__IO_fflush (fp=0x7ffff7610760 <_IO_2_1_stdout_>) at iofflush.c:40
#6  0x00007ffff7b5ef5e in std::ostream::flush() () from /usr/lib/x86_64-linux-gnu/libstdc++.so.6
#7  0x0000555555556927 in BTreeNode::traverse (this=0x555555bca3f0) at BTree_dup.cpp:594
#8  0x00005555555568d7 in BTreeNode::traverse (this=0x555555bcfdf0) at BTree_dup.cpp:593
#9  0x00005555555568d7 in BTreeNode::traverse (this=0x555555e05650) at BTree_dup.cpp:593
#10 0x000055555555695f in BTreeNode::traverse (this=0x555555e574f0) at BTree_dup.cpp:599
#11 0x00005555555568d7 in BTreeNode::traverse (this=0x555555eb5fc0) at BTree_dup.cpp:593
#12 0x000055555555695f in BTreeNode::traverse (this=0x555555c30ba0) at BTree_dup.cpp:599
#13 0x00005555555568d7 in BTreeNode::traverse (this=0x555555d8d170) at BTree_dup.cpp:593
#14 0x00005555555568d7 in BTreeNode::traverse (this=0x555555ef6eb0) at BTree_dup.cpp:593
#15 0x000055555555695f in BTreeNode::traverse (this=0x555555ef6e20) at BTree_dup.cpp:599
#16 0x00005555555572bb in BTree::traverse (this=0x7fffffffdd50) at BTree_dup.cpp:139
#17 0x0000555555556ff9 in main (argc=5, argv=0x7fffffffde68) at BTree_dup.cpp:725

22	../sysdeps/unix/sysv/linux/write.c: Arquivo ou diretório inexistente.

Backtrace END
Memory content before bitflip:0x390x710x550x550x550x550x000x00
Fault Model: Random bit-flip
base address to flip value: 0x7fffffffdd38
address max offset: 8
Memory content after  bitflip:0xff0x9b0xc30x840x6e0x940xb20xfc
frame name: main
symbol name: diff_time
symbol filename: BTree_dup.cpp
symbol line: 699
value: -4.6352920620078683e+292
value address: 0x7fffffffdd38
Type: A floating point type.
Type sizeof: 8

[INFO -- 2018-11-26 00:42:42]
Fault Injection Successful after 2.554222822189331s
[INFO -- 2018-11-26 00:42:42]
event type: exit
[INFO -- 2018-11-26 00:42:42]
exit code: 0
