[INFO -- 2018-11-25 15:46:45]
Starting flip_value script
version: 1.1
[INFO -- 2018-11-25 15:46:45]
Initialization strings:
[INFO -- 2018-11-25 15:46:45]
(1) file /tmp/BTree-dup/main
[INFO -- 2018-11-25 15:46:45]
(2)  set args /tmp/BTree-dup/input_100000 /tmp/BTree-dup/output_100000 /tmp/BTree-dup-detection.log /tmp/BTree-dup/output2_100000
[INFO -- 2018-11-25 15:46:45]
initSignal:0
[INFO -- 2018-11-25 15:46:45]
endSignal:2
[INFO -- 2018-11-25 15:46:45]
faultModel:2
[INFO -- 2018-11-25 15:46:47]
Backtrace BEGIN:
#0  0x00005555555564e6 in BTreeNode::insertNonFull (this=0x5555558118c0, k=3340781) at BTree_dup.cpp:507
#1  0x0000555555556639 in BTreeNode::insertNonFull (this=0x55555596b220, k=3340781) at BTree_dup.cpp:535
#2  0x0000555555556639 in BTreeNode::insertNonFull (this=0x55555596d110, k=3340781) at BTree_dup.cpp:535
#3  0x0000555555556639 in BTreeNode::insertNonFull (this=0x5555559800d0, k=3340781) at BTree_dup.cpp:535
#4  0x0000555555556639 in BTreeNode::insertNonFull (this=0x555555817620, k=3340781) at BTree_dup.cpp:535
#5  0x0000555555556639 in BTreeNode::insertNonFull (this=0x5555557a2230, k=3340781) at BTree_dup.cpp:535
#6  0x0000555555556639 in BTreeNode::insertNonFull (this=0x555555815cd0, k=3340781) at BTree_dup.cpp:535
#7  0x0000555555556639 in BTreeNode::insertNonFull (this=0x555555815c40, k=3340781) at BTree_dup.cpp:535
#8  0x0000555555556478 in BTree::insert (this=0x7fffffffda50, k=3340781) at BTree_dup.cpp:489
#9  0x0000555555556c25 in runner (input=0x7fffffffe22a "/tmp/BTree-dup/input_100000") at BTree_dup.cpp:664
#10 0x0000555555556f51 in main (argc=5, argv=0x7fffffffde68) at BTree_dup.cpp:711

502		if (leaf == true)
503		{
504			// The following loop does two things
505			// a) Finds the location of new key to be inserted
506			// b) Moves all greater keys to one place ahead
507			while (i >= 0 && keys[i] > k)
508			{
509				keys[i+1] = keys[i];
510				i--;
511			}

Backtrace END
Memory content before bitflip:0x010x000x000x00
Fault Model: Random bit-flip
base address to flip value: 0x7fffffffd9ac
address max offset: 4
Memory content after  bitflip:0x9b0x9d0xe00x40
frame name: BTreeNode::insertNonFull
symbol name: i
symbol filename: BTree_dup.cpp
symbol line: 499
value: 1088462235
value address: 0x7fffffffd9ac
Type: The type is an integer type.
Type sizeof: 4

[INFO -- 2018-11-25 15:46:47]
Fault Injection Successful after 2.568737030029297s
[INFO -- 2018-11-25 15:46:49]
event type: exit
[INFO -- 2018-11-25 15:46:49]
exit code: 0
