[INFO -- 2018-12-01 07:53:43]
Starting flip_value script
version: 1.1
[INFO -- 2018-12-01 07:53:43]
Initialization strings:
[INFO -- 2018-12-01 07:53:43]
(1) file /tmp/splay/main
[INFO -- 2018-12-01 07:53:43]
(2) set args /tmp/splay/input_100000 /tmp/splay/output_100000
[INFO -- 2018-12-01 07:53:43]
initSignal:0
[INFO -- 2018-12-01 07:53:43]
endSignal:5
[INFO -- 2018-12-01 07:53:43]
faultModel:2
[INFO -- 2018-12-01 07:53:44]
Backtrace BEGIN:
#0  0x0000555555557ab5 in InOrder (root=0x5555556d48b0) at splay.cpp:252
#1  0x0000555555557b0d in InOrder (root=0x55555578f650) at splay.cpp:254
#2  0x0000555555557abd in InOrder (root=0x55555567b2b0) at splay.cpp:252
#3  0x0000555555557abd in InOrder (root=0x555555818df0) at splay.cpp:252
#4  0x0000555555557abd in InOrder (root=0x55555583df50) at splay.cpp:252
#5  0x0000555555557abd in InOrder (root=0x55555583d9f0) at splay.cpp:252
#6  0x0000555555557b0d in InOrder (root=0x555555850590) at splay.cpp:254
#7  0x0000555555557abd in InOrder (root=0x55555585f6f0) at splay.cpp:252
#8  0x0000555555557b0d in InOrder (root=0x5555558206d0) at splay.cpp:254
#9  0x0000555555557abd in InOrder (root=0x55555573b8b0) at splay.cpp:252
#10 0x0000555555557b0d in InOrder (root=0x5555557ef4b0) at splay.cpp:254
#11 0x0000555555557abd in InOrder (root=0x555555611450) at splay.cpp:252
#12 0x0000555555557b0d in InOrder (root=0x555555863110) at splay.cpp:254
#13 0x0000555555557abd in InOrder (root=0x555555869fb0) at splay.cpp:252
#14 0x0000555555557abd in InOrder (root=0x55555586cbd0) at splay.cpp:252
#15 0x0000555555557abd in InOrder (root=0x55555570f8b0) at splay.cpp:252
#16 0x0000555555557b0d in InOrder (root=0x55555566a270) at splay.cpp:254
#17 0x0000555555557b0d in InOrder (root=0x555555700790) at splay.cpp:254
#18 0x0000555555557abd in InOrder (root=0x55555587a5b0) at splay.cpp:252
#19 0x0000555555557abd in InOrder (root=0x555555677cd0) at splay.cpp:252
#20 0x0000555555557abd in InOrder (root=0x55555587ad90) at splay.cpp:252
#21 0x0000555555557b0d in InOrder (root=0x5555557a4af0) at splay.cpp:254
#22 0x0000555555557b0d in InOrder (root=0x55555587cfb0) at splay.cpp:254
#23 0x0000555555557b0d in InOrder (root=0x55555587d2f0) at splay.cpp:254
#24 0x0000555555557b0d in InOrder (root=0x55555571f9f0) at splay.cpp:254
#25 0x0000555555557b0d in InOrder (root=0x55555570b550) at splay.cpp:254
#26 0x0000555555557abd in InOrder (root=0x555555774070) at splay.cpp:252
#27 0x0000555555557abd in InOrder (root=0x55555587da50) at splay.cpp:252
#28 0x0000555555557abd in InOrder (root=0x5555555d7910) at splay.cpp:252
#29 0x0000555555557b0d in InOrder (root=0x55555587d8d0) at splay.cpp:254
#30 0x0000555555557b0d in InOrder (root=0x5555557cfed0) at splay.cpp:254
#31 0x0000555555557b0d in InOrder (root=0x555555774190) at splay.cpp:254
#32 0x0000555555557b0d in InOrder (root=0x555555774870) at splay.cpp:254
#33 0x0000555555557abd in InOrder (root=0x55555587dcb0) at splay.cpp:252
#34 0x0000555555557b0d in InOrder (root=0x555555693810) at splay.cpp:254
#35 0x0000555555557b0d in InOrder (root=0x555555634c10) at splay.cpp:254
#36 0x0000555555557b0d in InOrder (root=0x55555587dcd0) at splay.cpp:254
#37 0x00005555555564fe in main (argc=3, argv=0x7fffffffdfb8) at main.cpp:35

247	
248	void InOrder(splay* root)
249	{
250		if(root)
251		{
252			InOrder(root->lchild);
253			std::cout<<std::bitset<16>(root->key)<<std::endl;
254			InOrder(root->rchild);
255		}
256	}

Backtrace END
Fliping a bit of the value pointed by a pointer
Fliping value of field: lchild
Fliping a bit of the value pointed by a pointer
Fliping value of field: key
Memory content before bitflip:0xc80xb90x3b0x00
Fault Model: Random bit-flip
base address to flip value: 0x55555578f650
address max offset: 4
Memory content after  bitflip:0x050x0c0x920xf2
frame name: InOrder
symbol name: root
symbol filename: splay.cpp
symbol line: 248
value: 0x55555567b2b0
value address: 0x7fffffffd5a8
Type: The type is a pointer.
Type sizeof: 8

[INFO -- 2018-12-01 07:53:44]
Fault Injection Successful after 1.272660732269287s
[INFO -- 2018-12-01 07:53:44]
event type: exit
[INFO -- 2018-12-01 07:53:44]
exit code: 0
