[INFO -- 2018-12-01 04:14:57]
Starting flip_value script
version: 1.1
[INFO -- 2018-12-01 04:14:57]
Initialization strings:
[INFO -- 2018-12-01 04:14:57]
(1) file /tmp/splay/main
[INFO -- 2018-12-01 04:14:57]
(2) set args /tmp/splay/input_100000 /tmp/splay/output_100000
[INFO -- 2018-12-01 04:14:57]
initSignal:0
[INFO -- 2018-12-01 04:14:57]
endSignal:5
[INFO -- 2018-12-01 04:14:57]
faultModel:0
[EXCEPTION -- 2018-12-01 04:14:58]
pythonException: Unable to exit loop in struct fields; Exiting wihtout making a bit flip
[EXCEPTION -- 2018-12-01 04:14:58]
pythonException: Unable to exit loop in struct fields; Exiting wihtout making a bit flip
[INFO -- 2018-12-01 04:14:58]
event type: exit
[INFO -- 2018-12-01 04:14:58]
exit code: 0
