[INFO -- 2018-12-01 13:32:05]
Starting flip_value script
version: 1.1
[INFO -- 2018-12-01 13:32:05]
Initialization strings:
[INFO -- 2018-12-01 13:32:05]
(1) file /tmp/splay/main
[INFO -- 2018-12-01 13:32:05]
(2) set args /tmp/splay/input_100000 /tmp/splay/output_100000
[INFO -- 2018-12-01 13:32:05]
initSignal:0
[INFO -- 2018-12-01 13:32:05]
endSignal:5
[INFO -- 2018-12-01 13:32:05]
faultModel:2
[INFO -- 2018-12-01 13:32:06]
Backtrace BEGIN:
#0  0x00007ffff7d34fd4 in __GI___libc_write (fd=1, buf=0x55555587dcf0, nbytes=17) at ../sysdeps/unix/sysv/linux/write.c:26
#1  0x00007ffff7cb633d in _IO_new_file_write (f=0x7ffff7e10760 <_IO_2_1_stdout_>, data=0x55555587dcf0, n=17) at fileops.c:1183
#2  0x00007ffff7cb7a71 in new_do_write (to_do=17, data=0x55555587dcf0 "0111000000110110\n", fp=0x7ffff7e10760 <_IO_2_1_stdout_>) at libioP.h:839
#3  _IO_new_do_write (fp=0x7ffff7e10760 <_IO_2_1_stdout_>, data=0x55555587dcf0 "0111000000110110\n", to_do=17) at fileops.c:433
#4  0x00007ffff7cb56f8 in _IO_new_file_sync (fp=0x7ffff7e10760 <_IO_2_1_stdout_>) at fileops.c:819
#5  0x00007ffff7caa32d in __GI__IO_fflush (fp=0x7ffff7e10760 <_IO_2_1_stdout_>) at libioP.h:839
#6  0x00007ffff7f4201e in std::ostream::flush() () from /usr/lib/x86_64-linux-gnu/libstdc++.so.6
#7  0x0000555555557afd in InOrder (root=0x5555555b8750) at splay.cpp:253
#8  0x0000555555557abd in InOrder (root=0x5555557c4a10) at splay.cpp:252
#9  0x0000555555557abd in InOrder (root=0x5555557fcd90) at splay.cpp:252
#10 0x0000555555557abd in InOrder (root=0x555555814a30) at splay.cpp:252
#11 0x0000555555557abd in InOrder (root=0x5555556c46b0) at splay.cpp:252
#12 0x0000555555557b0d in InOrder (root=0x5555557b6950) at splay.cpp:254
#13 0x0000555555557abd in InOrder (root=0x555555841630) at splay.cpp:252
#14 0x0000555555557b0d in InOrder (root=0x55555583d790) at splay.cpp:254
#15 0x0000555555557b0d in InOrder (root=0x555555846d50) at splay.cpp:254
#16 0x0000555555557abd in InOrder (root=0x55555568eef0) at splay.cpp:252
#17 0x0000555555557b0d in InOrder (root=0x55555569c1b0) at splay.cpp:254
#18 0x0000555555557b0d in InOrder (root=0x555555861130) at splay.cpp:254
#19 0x0000555555557b0d in InOrder (root=0x555555716250) at splay.cpp:254
#20 0x0000555555557abd in InOrder (root=0x5555555bb130) at splay.cpp:252
#21 0x0000555555557abd in InOrder (root=0x55555586b970) at splay.cpp:252
#22 0x0000555555557b0d in InOrder (root=0x55555586c9f0) at splay.cpp:254
#23 0x0000555555557b0d in InOrder (root=0x55555586f8b0) at splay.cpp:254
#24 0x0000555555557abd in InOrder (root=0x55555563e1d0) at splay.cpp:252
#25 0x0000555555557abd in InOrder (root=0x555555873b10) at splay.cpp:252
#26 0x0000555555557abd in InOrder (root=0x555555735af0) at splay.cpp:252
#27 0x0000555555557b0d in InOrder (root=0x555555623bf0) at splay.cpp:254
#28 0x0000555555557abd in InOrder (root=0x55555587ba70) at splay.cpp:252
#29 0x0000555555557b0d in InOrder (root=0x5555557ae5d0) at splay.cpp:254
#30 0x0000555555557abd in InOrder (root=0x55555587dab0) at splay.cpp:252
#31 0x0000555555557abd in InOrder (root=0x5555557882f0) at splay.cpp:252
#32 0x0000555555557b0d in InOrder (root=0x55555587da30) at splay.cpp:254
#33 0x0000555555557abd in InOrder (root=0x55555587dbb0) at splay.cpp:252
#34 0x0000555555557abd in InOrder (root=0x5555557cfed0) at splay.cpp:252
#35 0x0000555555557b0d in InOrder (root=0x555555774190) at splay.cpp:254
#36 0x0000555555557b0d in InOrder (root=0x555555774870) at splay.cpp:254
#37 0x0000555555557abd in InOrder (root=0x55555587dcb0) at splay.cpp:252
#38 0x0000555555557b0d in InOrder (root=0x555555693810) at splay.cpp:254
#39 0x0000555555557b0d in InOrder (root=0x555555634c10) at splay.cpp:254
#40 0x0000555555557b0d in InOrder (root=0x55555587dcd0) at splay.cpp:254
#41 0x00005555555564fe in main (argc=3, argv=0x7fffffffdfb8) at main.cpp:35

21	in ../sysdeps/unix/sysv/linux/write.c

Backtrace END
Fliping a bit of the value pointed by a pointer
Fliping value of field: rchild
Fliping a bit of the pointer
Memory content before bitflip:0x300x160x840x550x550x550x000x00
Fault Model: Random bit-flip
base address to flip value: 0x55555583d7a0
address max offset: 8
Memory content after  bitflip:0xf70xde0x770xbc0xab0x730x9c0x63
frame name: InOrder
symbol name: root
symbol filename: splay.cpp
symbol line: 248
value: 0x55555583d790
value address: 0x7fffffffd728
Type: The type is a pointer.
Type sizeof: 8

[INFO -- 2018-12-01 13:32:06]
Fault Injection Successful after 1.2851765155792236s
[INFO -- 2018-12-01 13:32:06]
event type: exit
[INFO -- 2018-12-01 13:32:06]
exit code: 0
