[INFO -- 2018-10-12 02:09:18]
Starting flip_value script
version: 1.1
[INFO -- 2018-10-12 02:09:18]
Initialization strings:
[INFO -- 2018-10-12 02:09:18]
(1) file /tmp/BTree/main
[INFO -- 2018-10-12 02:09:18]
(2)  set args /tmp/BTree/input_100000 /tmp/BTree/output_100000
[INFO -- 2018-10-12 02:09:18]
initSignal:0
[INFO -- 2018-10-12 02:09:18]
endSignal:2
[INFO -- 2018-10-12 02:09:18]
faultModel:0
[INFO -- 2018-10-12 02:09:18]
Backtrace BEGIN:
#0  0x0000555555556044 in BTreeNode::insertNonFull (this=0x555555898aa0, k=4271645) at BTree.cpp:522
#1  0x00005555555560d9 in BTreeNode::insertNonFull (this=0x5555558a0c90, k=4271645) at BTree.cpp:533
#2  0x00005555555560d9 in BTreeNode::insertNonFull (this=0x5555559cda70, k=4271645) at BTree.cpp:533
#3  0x00005555555560d9 in BTreeNode::insertNonFull (this=0x5555559cdb00, k=4271645) at BTree.cpp:533
#4  0x00005555555560d9 in BTreeNode::insertNonFull (this=0x555555812430, k=4271645) at BTree.cpp:533
#5  0x0000555555555f18 in BTree::insert (this=0x7fffffffddc0, k=4271645) at BTree.cpp:487
#6  0x0000555555556601 in main (argc=3, argv=0x7fffffffded8) at BTree.cpp:665

517			// Find the child which is going to have the new key
518			while (i >= 0 && keys[i] > k)
519				i--;
520	
521			// See if the found child is full
522			if (C[i+1]->n == 2*t-1)
523			{
524				// If the child is full, then split it
525				splitChild(i+1, C[i+1]);
526	

Backtrace END
Memory content before bitflip:0xff0xff0xff0xff
Fault Model: Single bit-flip
base address to flip value: 0x7fffffffdcbc
address max offset: 4
Memory content after  bitflip:0xbf0xff0xff0xff
frame name: BTreeNode::insertNonFull
symbol name: i
symbol filename: BTree.cpp
symbol line: 497
value: -65
value address: 0x7fffffffdcbc
Type: The type is an integer type.
Type sizeof: 4

[INFO -- 2018-10-12 02:09:18]
Fault Injection Successful after 0.623831033706665s
[INFO -- 2018-10-12 02:09:18]
event type: exit
[INFO -- 2018-10-12 02:09:18]
exit code: 0
