[INFO -- 2018-10-17 20:58:25]
sending 5 signals using command: 'killall -2 main' after 1.55611707489s
[INFO -- 2018-10-17 20:58:25]
sending 5 signals using command: 'killall -2 main' after 1.61661761967s
[INFO -- 2018-10-17 20:58:26]
sending 5 signals using command: 'killall -2 main' after 1.92687992337s
[INFO -- 2018-10-17 20:58:26]
Starting GDB script
[INFO -- 2018-10-17 20:58:26]
initSignal:0.0
[INFO -- 2018-10-17 20:58:26]
endSignal:2.0
[INFO -- 2018-10-17 20:58:26]
sending 5 signals using command: 'killall -2 main' after 0.510107500681s
[INFO -- 2018-10-17 20:58:26]
sending 5 signals using command: 'killall -2 main' after 0.661349227168s
[INFO -- 2018-10-17 20:58:27]
sending 5 signals using command: 'killall -2 main' after 0.956082693272s
[INFO -- 2018-10-17 20:58:27]
Execution finished before waitTime
