[INFO -- 2018-10-12 06:37:26]
sending 5 signals using command: 'killall -2 main' after 1.67805066287s
[INFO -- 2018-10-12 06:37:26]
sending 5 signals using command: 'killall -2 main' after 1.87483477747s
[INFO -- 2018-10-12 06:37:26]
sending 5 signals using command: 'killall -2 main' after 1.93649433236s
[INFO -- 2018-10-12 06:37:27]
Starting GDB script
[INFO -- 2018-10-12 06:37:27]
initSignal:0.0
[INFO -- 2018-10-12 06:37:27]
endSignal:2.0
[INFO -- 2018-10-12 06:37:27]
sending 5 signals using command: 'killall -2 main' after 0.190435067618s
[INFO -- 2018-10-12 06:37:27]
sending 5 signals using command: 'killall -2 main' after 0.494485398s
[INFO -- 2018-10-12 06:37:28]
sending 5 signals using command: 'killall -2 main' after 1.59042063693s
[INFO -- 2018-10-12 06:37:28]
Execution finished before waitTime
