[INFO -- 2018-10-17 19:16:57]
sending 5 signals using command: 'killall -2 main' after 1.04003446611s
[INFO -- 2018-10-17 19:16:58]
sending 5 signals using command: 'killall -2 main' after 1.44395351689s
[INFO -- 2018-10-17 19:16:58]
sending 5 signals using command: 'killall -2 main' after 1.63270479534s
[INFO -- 2018-10-17 19:16:58]
Starting GDB script
[INFO -- 2018-10-17 19:16:58]
initSignal:0.0
[INFO -- 2018-10-17 19:16:58]
endSignal:2.0
[INFO -- 2018-10-17 19:16:58]
sending 5 signals using command: 'killall -2 main' after 0.0905301571764s
[INFO -- 2018-10-17 19:16:59]
sending 5 signals using command: 'killall -2 main' after 0.809328944657s
[INFO -- 2018-10-17 19:16:59]
sending 5 signals using command: 'killall -2 main' after 0.965586907121s
[INFO -- 2018-10-17 19:16:59]
Execution finished before waitTime
