[INFO -- 2018-10-12 03:54:54]
Starting flip_value script
version: 1.1
[INFO -- 2018-10-12 03:54:54]
Initialization strings:
[INFO -- 2018-10-12 03:54:54]
(1) file /tmp/BTree/main
[INFO -- 2018-10-12 03:54:54]
(2)  set args /tmp/BTree/input_100000 /tmp/BTree/output_100000
[INFO -- 2018-10-12 03:54:54]
initSignal:0
[INFO -- 2018-10-12 03:54:54]
endSignal:2
[INFO -- 2018-10-12 03:54:54]
faultModel:0
[EXCEPTION -- 2018-10-12 03:54:55]
pythonException: Unable to exit loop in struct fields; Exiting wihtout making a bit flip
[INFO -- 2018-10-12 03:54:55]
Backtrace BEGIN:
#0  0x00007ffff7b70ca4 in std::__cxx11::basic_string<char, std::char_traits<char>, std::allocator<char> >::_M_mutate(unsigned long, unsigned long, char const*, unsigned long) () from /usr/lib/x86_64-linux-gnu/libstdc++.so.6
#1  0x00007ffff7b716d0 in std::__cxx11::basic_string<char, std::char_traits<char>, std::allocator<char> >::_M_replace_aux(unsigned long, unsigned long, unsigned long, char) () from /usr/lib/x86_64-linux-gnu/libstdc++.so.6
#2  0x00005555555569dd in std::bitset<16ul>::_M_copy_to_string<char, std::char_traits<char>, std::allocator<char> > (this=0x7fffffffdb60, __s="", __zero=48 '0', __one=49 '1') at /usr/include/c++/7/bitset:1407
#3  0x0000555555556943 in std::operator<< <char, std::char_traits<char>, 16ul> (__os=..., __x=std::bitset) at /usr/include/c++/7/bitset:1538
#4  0x00005555555563b2 in BTreeNode::traverse (this=0x5555558042a0) at BTree.cpp:592
#5  0x00005555555563ff in BTreeNode::traverse (this=0x555555804330) at BTree.cpp:597
#6  0x0000555555556377 in BTreeNode::traverse (this=0x555555804840) at BTree.cpp:591
#7  0x0000555555556377 in BTreeNode::traverse (this=0x555555805020) at BTree.cpp:591
#8  0x00005555555563ff in BTreeNode::traverse (this=0x555555805140) at BTree.cpp:597
#9  0x0000555555556377 in BTreeNode::traverse (this=0x555555809790) at BTree.cpp:591
#10 0x00005555555563ff in BTreeNode::traverse (this=0x555555809820) at BTree.cpp:597
#11 0x0000555555556377 in BTreeNode::traverse (this=0x555555858540) at BTree.cpp:591
#12 0x00005555555563ff in BTreeNode::traverse (this=0x5555558584b0) at BTree.cpp:597
#13 0x0000555555556851 in BTree::traverse (this=0x7fffffffddc0) at BTree.cpp:137
#14 0x0000555555556630 in main (argc=3, argv=0x7fffffffded8) at BTree.cpp:668

647	int myrandom (int i) { return std::rand()%i;}
648	
649	// Driver program to test above functions
650	int main(int argc, char * argv[])
651	{
652	/*********************************/
653	  BTree t(3);
654	  FILE *file = fopen (argv[1], "r");
655	
656	

Backtrace END
Fliping a bit of the pointer
Memory content before bitflip:0xb00x840x850x550x550x550x000x00
Fault Model: Single bit-flip
base address to flip value: 0x7fffffffdd48
address max offset: 8
Memory content after  bitflip:0xb00x840x850x550x550x550x000x02
frame name: BTreeNode::traverse
symbol name: this
symbol filename: BTree.cpp
symbol line: 0
value: 0x5555558584b0
value address: 0x7fffffffdd48
Type: The type is a pointer.
Type sizeof: 8

[INFO -- 2018-10-12 03:54:55]
Fault Injection Successful after 1.1449944972991943s
[INFO -- 2018-10-12 03:54:55]
event type: exit
[INFO -- 2018-10-12 03:54:55]
exit code: 0
