[INFO -- 2018-10-16 22:17:15]
sending 5 signals using command: 'killall -2 main' after 1.10447442947s
[INFO -- 2018-10-16 22:17:15]
sending 5 signals using command: 'killall -2 main' after 1.11338531974s
[INFO -- 2018-10-16 22:17:15]
sending 5 signals using command: 'killall -2 main' after 1.96766747491s
[INFO -- 2018-10-16 22:17:16]
Starting GDB script
[INFO -- 2018-10-16 22:17:16]
initSignal:0.0
[INFO -- 2018-10-16 22:17:16]
endSignal:2.0
[INFO -- 2018-10-16 22:17:16]
sending 5 signals using command: 'killall -2 main' after 0.475446937665s
[INFO -- 2018-10-16 22:17:17]
sending 5 signals using command: 'killall -2 main' after 1.00454692258s
[INFO -- 2018-10-16 22:17:17]
sending 5 signals using command: 'killall -2 main' after 1.00724198411s
[INFO -- 2018-10-16 22:17:17]
Execution finished before waitTime
