[INFO -- 2018-10-12 07:18:20]
Starting flip_value script
version: 1.1
[INFO -- 2018-10-12 07:18:20]
Initialization strings:
[INFO -- 2018-10-12 07:18:20]
(1) file /tmp/BTree/main
[INFO -- 2018-10-12 07:18:20]
(2)  set args /tmp/BTree/input_100000 /tmp/BTree/output_100000
[INFO -- 2018-10-12 07:18:20]
initSignal:0
[INFO -- 2018-10-12 07:18:20]
endSignal:2
[INFO -- 2018-10-12 07:18:20]
faultModel:2
[INFO -- 2018-10-12 07:18:21]
Backtrace BEGIN:
#0  malloc (n=14) at dl-minimal.c:50
#1  <function called from gdb>
#2  0x00007ffff72b90e1 in _int_malloc (av=av@entry=0x7ffff760fc40 <main_arena>, bytes=bytes@entry=32) at malloc.c:4100
#3  0x00007ffff72bb0fc in __GI___libc_malloc (bytes=32) at malloc.c:3057
#4  0x00007ffff7adf1a8 in operator new(unsigned long) () from /usr/lib/x86_64-linux-gnu/libstdc++.so.6
#5  0x00005555555560fc in BTreeNode::splitChild (this=0x55555587ae30, i=4, y=0x55555587af50) at BTree.cpp:543
#6  0x000055555555608d in BTreeNode::insertNonFull (this=0x55555587ae30, k=0) at BTree.cpp:525
#7  0x00005555555560d9 in BTreeNode::insertNonFull (this=0x55555587abf0, k=0) at BTree.cpp:533
#8  0x00005555555560d9 in BTreeNode::insertNonFull (this=0x555555879cc0, k=0) at BTree.cpp:533
#9  0x00005555555560d9 in BTreeNode::insertNonFull (this=0x555555876f30, k=0) at BTree.cpp:533
#10 0x00005555555560d9 in BTreeNode::insertNonFull (this=0x555555872970, k=0) at BTree.cpp:533
#11 0x00005555555560d9 in BTreeNode::insertNonFull (this=0x555555858420, k=0) at BTree.cpp:533
#12 0x00005555555560d9 in BTreeNode::insertNonFull (this=0x555555858540, k=0) at BTree.cpp:533
#13 0x00005555555560d9 in BTreeNode::insertNonFull (this=0x5555558584b0, k=0) at BTree.cpp:533
#14 0x0000555555555f18 in BTree::insert (this=0x7fffffffddc0, k=0) at BTree.cpp:487
#15 0x0000555555556601 in main (argc=3, argv=0x7fffffffded8) at BTree.cpp:665

45	dl-minimal.c: Arquivo ou diretório inexistente.

Backtrace END
Fliping array at pos: 4
Memory content before bitflip:0x30
Fault Model: Random bit-flip
base address to flip value: 0x7fffffffdde2 
address max offset: 1
Memory content after  bitflip:0x6d
frame name: main
symbol name: line
symbol filename: BTree.cpp
symbol line: 659
value: "0000m00\n\000"
value address: 0x7fffffffddde
Type: The type is an array.
Type sizeof: 10
Field name: None
Field Type: A range type, that is, an integer type with bounds.
Field Type sizeof: 8
Field Type range: (0, 9)

[INFO -- 2018-10-12 07:18:21]
Fault Injection Successful after 1.359163761138916s
[INFO -- 2018-10-12 07:18:21]
event type: exit
[INFO -- 2018-10-12 07:18:21]
exit code: 0
