[INFO -- 2018-11-25 22:04:26]
Starting flip_value script
version: 1.1
[INFO -- 2018-11-25 22:04:26]
Initialization strings:
[INFO -- 2018-11-25 22:04:26]
(1) file /tmp/BTree-dup/main
[INFO -- 2018-11-25 22:04:26]
(2)  set args /tmp/BTree-dup/input_100000 /tmp/BTree-dup/output_100000 /tmp/BTree-dup-detection.log /tmp/BTree-dup/output2_100000
[INFO -- 2018-11-25 22:04:26]
initSignal:0
[INFO -- 2018-11-25 22:04:26]
endSignal:2
[INFO -- 2018-11-25 22:04:26]
faultModel:0
[EXCEPTION -- 2018-11-25 22:04:27]
pythonException: Unable to exit loop in struct fields; Exiting wihtout making a bit flip
[EXCEPTION -- 2018-11-25 22:04:27]
pythonException: empty range for randrange() (0,0, 0)
[EXCEPTION -- 2018-11-25 22:04:28]
pythonException: empty range for randrange() (0,0, 0)
[INFO -- 2018-11-25 22:04:28]
Backtrace BEGIN:
#0  0x00005555555565aa in BTreeNode::insertNonFull (this=0x555555ef6e20, k=4812530) at BTree_dup.cpp:524
#1  0x0000555555556478 in BTree::insert (this=0x7fffffffda50, k=4812530) at BTree_dup.cpp:489
#2  0x0000555555556c25 in runner (input=0x7fffffffe22a "/tmp/BTree-dup/input_100000") at BTree_dup.cpp:664
#3  0x0000555555556f7a in main (argc=5, argv=0x7fffffffde68) at BTree_dup.cpp:712

519			// Find the child which is going to have the new key
520			while (i >= 0 && keys[i] > k)
521				i--;
522	
523			// See if the found child is full
524			if (C[i+1]->n == 2*t-1)
525			{
526				// If the child is full, then split it
527				splitChild(i+1, C[i+1]);
528	

Backtrace END
Fliping value of field: t
Memory content before bitflip:0x030x000x000x00
Fault Model: Single bit-flip
base address to flip value: 0x7fffffffdd58
address max offset: 4
Memory content after  bitflip:0x030x040x000x00
frame name: main
symbol name: bTree2
symbol filename: BTree_dup.cpp
symbol line: 705
value: {root = 0x0, t = 1027}
value address: 0x7fffffffdd50
Type: The type is a structure.
Type sizeof: 16
Field name: root
Field Type: The type is a pointer.
Field Type sizeof: 8
Field name: t
Field Type: The type is an integer type.
Field Type sizeof: 4

[INFO -- 2018-11-25 22:04:28]
Fault Injection Successful after 2.5865819454193115s
[INFO -- 2018-11-25 22:04:29]
event type: exit
[INFO -- 2018-11-25 22:04:29]
exit code: 0
