[INFO -- 2018-10-12 02:37:04]
Starting flip_value script
version: 1.1
[INFO -- 2018-10-12 02:37:04]
Initialization strings:
[INFO -- 2018-10-12 02:37:04]
(1) file /tmp/BTree/main
[INFO -- 2018-10-12 02:37:04]
(2)  set args /tmp/BTree/input_100000 /tmp/BTree/output_100000
[INFO -- 2018-10-12 02:37:04]
initSignal:0
[INFO -- 2018-10-12 02:37:04]
endSignal:2
[INFO -- 2018-10-12 02:37:04]
faultModel:4
[INFO -- 2018-10-12 02:37:04]
Backtrace BEGIN:
#0  0x000055555555604d in BTreeNode::insertNonFull (this=0x555555930a50, k=4227814) at BTree.cpp:522
#1  0x00005555555560d9 in BTreeNode::insertNonFull (this=0x5555558c0e20, k=4227814) at BTree.cpp:533
#2  0x00005555555560d9 in BTreeNode::insertNonFull (this=0x5555557b7fb0, k=4227814) at BTree.cpp:533
#3  0x00005555555560d9 in BTreeNode::insertNonFull (this=0x555555846930, k=4227814) at BTree.cpp:533
#4  0x00005555555560d9 in BTreeNode::insertNonFull (this=0x5555557e10b0, k=4227814) at BTree.cpp:533
#5  0x00005555555560d9 in BTreeNode::insertNonFull (this=0x5555558bd670, k=4227814) at BTree.cpp:533
#6  0x00005555555560d9 in BTreeNode::insertNonFull (this=0x555555812430, k=4227814) at BTree.cpp:533
#7  0x0000555555555f18 in BTree::insert (this=0x7fffffffddc0, k=4227814) at BTree.cpp:487
#8  0x0000555555556601 in main (argc=3, argv=0x7fffffffded8) at BTree.cpp:665

517			// Find the child which is going to have the new key
518			while (i >= 0 && keys[i] > k)
519				i--;
520	
521			// See if the found child is full
522			if (C[i+1]->n == 2*t-1)
523			{
524				// If the child is full, then split it
525				splitChild(i+1, C[i+1]);
526	

Backtrace END
Memory content before bitflip:0xe60x820x400x00
Fault Model: LSB bit-flip
base address to flip value: 0x7fffffffdc14
address max offset: 4
Memory content after  bitflip:0xe60x820x400x80
frame name: BTreeNode::insertNonFull
symbol name: k
symbol filename: BTree.cpp
symbol line: 494
value: -2143255834
value address: 0x7fffffffdc14
Type: The type is an integer type.
Type sizeof: 4

[INFO -- 2018-10-12 02:37:04]
Fault Injection Successful after 0.669550895690918s
[INFO -- 2018-10-12 02:37:04]
event type: exit
[INFO -- 2018-10-12 02:37:04]
exit code: 0
