[INFO -- 2018-12-09 03:05:11]
Starting flip_value script
version: 1.1
[INFO -- 2018-12-09 03:05:11]
Initialization strings:
[INFO -- 2018-12-09 03:05:11]
(1) file /tmp/Tree234/main
[INFO -- 2018-12-09 03:05:11]
(2) set args /tmp/Tree234/input_50000 /tmp/Tree234/output_50000
[INFO -- 2018-12-09 03:05:11]
initSignal:0
[INFO -- 2018-12-09 03:05:11]
endSignal:2
[INFO -- 2018-12-09 03:05:11]
faultModel:4
[INFO -- 2018-12-09 03:05:11]
Backtrace BEGIN:
#0  do_lookup_x (undef_name=undef_name@entry=0x7ffff7269dd8 "argp_err_exit_status", new_hash=new_hash@entry=2704508499, old_hash=old_hash@entry=0x7fffffffdb10, ref=0x7ffff72636b8, result=result@entry=0x7fffffffdb20, scope=<optimized out>, i=4, version=0x7ffff7fd87e0, flags=1, skip=0x0, type_class=4, undef_map=0x7ffff7fd9000) at dl-lookup.c:415
#1  0x00007ffff7de1b1f in _dl_lookup_symbol_x (undef_name=0x7ffff7269dd8 "argp_err_exit_status", undef_map=undef_map@entry=0x7ffff7fd9000, ref=ref@entry=0x7fffffffdc70, symbol_scope=symbol_scope@entry=0x7ffff7fd9358, version=0x7ffff7fd87e0, type_class=4, flags=1, skip_map=0x0) at dl-lookup.c:829
#2  0x00007ffff7de377d in elf_machine_rela (skip_ifunc=<optimized out>, reloc_addr_arg=0x7ffff761be10, version=<optimized out>, sym=0x7ffff72636b8, reloc=0x7ffff72770e0, map=0x7ffff7fd9000) at ../sysdeps/x86_64/dl-machine.h:301
#3  elf_dynamic_do_Rela (skip_ifunc=<optimized out>, lazy=<optimized out>, nrelative=<optimized out>, relsize=<optimized out>, reladdr=<optimized out>, map=0x7ffff7fd9000) at do-rel.h:137
#4  _dl_relocate_object (scope=<optimized out>, reloc_mode=<optimized out>, consider_profiling=<optimized out>, consider_profiling@entry=0) at dl-reloc.c:258
#5  0x00007ffff7ddb0db in dl_main (phdr=<optimized out>, phnum=<optimized out>, user_entry=<optimized out>, auxv=<optimized out>) at rtld.c:2109
#6  0x00007ffff7df0632 in _dl_sysdep_start (start_argptr=start_argptr@entry=0x7fffffffdee0, dl_main=dl_main@entry=0x7ffff7dd91e0 <dl_main>) at ../elf/dl-sysdep.c:249
#7  0x00007ffff7dd8c2a in _dl_start_final (arg=0x7fffffffdee0) at rtld.c:323
#8  _dl_start (arg=0x7fffffffdee0) at rtld.c:429
#9  0x00007ffff7dd7c38 in _start () from /lib64/ld-linux-x86-64.so.2
#10 0x0000000000000003 in ?? ()
#11 0x00007fffffffe25f in ?? ()
#12 0x00007fffffffe271 in ?? ()
#13 0x00007fffffffe28a in ?? ()
#14 0x0000000000000000 in ?? ()

410	in dl-lookup.c

Backtrace END
Fliping array at pos: 0
Fliping value of field: size
Memory content before bitflip:0x700x770x000x000x000x000x000x00
Fault Model: LSB bit-flip
base address to flip value: 0x7fffffffdc88
address max offset: 8
Memory content after  bitflip:0x700x770x000x000x000x000x000x80
frame name: _dl_relocate_object
symbol name: ranges
symbol filename: dl-reloc.c
symbol line: 258
value: {{start = 140737339916048, size = 9223372036854806384, nrelative = 1189, lazy = 0}, {start = 140737339946624, size = 312, nrelative = 0, lazy = 1}}
value address: 0x7fffffffdc80
Type: The type is an array.
Type sizeof: 64
Field name: None
Field Type: A range type, that is, an integer type with bounds.
Field Type sizeof: 8
Field Type range: (0, 1)

[INFO -- 2018-12-09 03:05:11]
Fault Injection Successful after 0.4316525459289551s
[INFO -- 2018-12-09 03:05:12]
event type: exit
[INFO -- 2018-12-09 03:05:12]
exit code: 0
