[INFO -- 2018-12-01 03:57:06]
Starting flip_value script
version: 1.1
[INFO -- 2018-12-01 03:57:06]
Initialization strings:
[INFO -- 2018-12-01 03:57:06]
(1) file /tmp/splay/main
[INFO -- 2018-12-01 03:57:06]
(2) set args /tmp/splay/input_100000 /tmp/splay/output_100000
[INFO -- 2018-12-01 03:57:06]
initSignal:0
[INFO -- 2018-12-01 03:57:06]
endSignal:5
[INFO -- 2018-12-01 03:57:06]
faultModel:3
[EXCEPTION -- 2018-12-01 03:57:07]
pythonException: Unable to exit loop in struct fields; Exiting wihtout making a bit flip
[EXCEPTION -- 2018-12-01 03:57:07]
pythonException: Unable to exit loop in struct fields; Exiting wihtout making a bit flip
[INFO -- 2018-12-01 03:57:07]
Backtrace BEGIN:
#0  std::_Base_bitset<1ul>::_S_maskbit (__pos=6) at /usr/include/c++/8/bitset:407
#1  0x0000555555557f21 in std::bitset<16ul>::_Unchecked_test (this=0x7fffffffd6a0, __pos=6) at /usr/include/c++/8/bitset:1062
#2  0x0000555555557eb3 in std::bitset<16ul>::_M_copy_to_string<char, std::char_traits<char>, std::allocator<char> > (this=0x7fffffffd6a0, __s="0000110000000000", __zero=48 '0', __one=49 '1') at /usr/include/c++/8/bitset:1413
#3  0x0000555555557ded in std::operator<< <char, std::char_traits<char>, 16ul> (__os=..., __x=std::bitset = {...}) at /usr/include/c++/8/bitset:1542
#4  0x0000555555557ae8 in InOrder (root=0x5555556e3610) at splay.cpp:253
#5  0x0000555555557b0d in InOrder (root=0x5555557a0a50) at splay.cpp:254
#6  0x0000555555557b0d in InOrder (root=0x5555555bc830) at splay.cpp:254
#7  0x0000555555557b0d in InOrder (root=0x55555575a9b0) at splay.cpp:254
#8  0x0000555555557abd in InOrder (root=0x5555555bd490) at splay.cpp:252
#9  0x0000555555557abd in InOrder (root=0x5555557cdb50) at splay.cpp:252
#10 0x0000555555557b0d in InOrder (root=0x55555560cd70) at splay.cpp:254
#11 0x0000555555557abd in InOrder (root=0x5555556a5b30) at splay.cpp:252
#12 0x0000555555557b0d in InOrder (root=0x555555834910) at splay.cpp:254
#13 0x0000555555557b0d in InOrder (root=0x5555557f9d50) at splay.cpp:254
#14 0x0000555555557b0d in InOrder (root=0x555555659c50) at splay.cpp:254
#15 0x0000555555557abd in InOrder (root=0x55555585f3f0) at splay.cpp:252
#16 0x0000555555557abd in InOrder (root=0x55555586ac10) at splay.cpp:252
#17 0x0000555555557abd in InOrder (root=0x5555555d3050) at splay.cpp:252
#18 0x0000555555557abd in InOrder (root=0x555555868fb0) at splay.cpp:252
#19 0x0000555555557abd in InOrder (root=0x555555879c90) at splay.cpp:252
#20 0x0000555555557abd in InOrder (root=0x55555587a250) at splay.cpp:252
#21 0x0000555555557b0d in InOrder (root=0x55555587a5f0) at splay.cpp:254
#22 0x0000555555557abd in InOrder (root=0x555555666e70) at splay.cpp:252
#23 0x0000555555557b0d in InOrder (root=0x55555587acb0) at splay.cpp:254
#24 0x0000555555557abd in InOrder (root=0x5555555e1a70) at splay.cpp:252
#25 0x0000555555557abd in InOrder (root=0x5555555c09f0) at splay.cpp:252
#26 0x0000555555557abd in InOrder (root=0x55555587d3f0) at splay.cpp:252
#27 0x0000555555557b0d in InOrder (root=0x555555652510) at splay.cpp:254
#28 0x0000555555557abd in InOrder (root=0x55555587d5d0) at splay.cpp:252
#29 0x0000555555557b0d in InOrder (root=0x55555587d5b0) at splay.cpp:254
#30 0x0000555555557abd in InOrder (root=0x5555556732d0) at splay.cpp:252
#31 0x0000555555557abd in InOrder (root=0x555555693810) at splay.cpp:252
#32 0x0000555555557b0d in InOrder (root=0x555555634c10) at splay.cpp:254
#33 0x0000555555557b0d in InOrder (root=0x55555587dcd0) at splay.cpp:254
#34 0x00005555555564fe in main (argc=3, argv=0x7fffffffdfb8) at main.cpp:35

402	      _S_whichbit(size_t __pos) _GLIBCXX_NOEXCEPT
403	      {  return __pos % _GLIBCXX_BITSET_BITS_PER_WORD; }
404	
405	      static _GLIBCXX_CONSTEXPR _WordT
406	      _S_maskbit(size_t __pos) _GLIBCXX_NOEXCEPT
407	      { return (static_cast<_WordT>(1)) << _S_whichbit(__pos); }
408	
409	      _WordT&
410	      _M_getword(size_t) _GLIBCXX_NOEXCEPT
411	      { return _M_w; }

Backtrace END
Fliping a bit of the value pointed by a pointer
Fliping value of field: lchild
Fliping a bit of the value pointed by a pointer
Fliping value of field: rchild
Fliping a bit of the value pointed by a pointer
Fliping value of field: key
Memory content before bitflip:0x3b0x330x1c0x00
Fault Model: Zero bit-flip
base address to flip value: 0x555555666e70
address max offset: 4
Memory content after  bitflip:0x000x000x000x00
frame name: InOrder
symbol name: root
symbol filename: splay.cpp
symbol line: 248
value: 0x5555555e1a70
value address: 0x7fffffffda58
Type: The type is a pointer.
Type sizeof: 8

[INFO -- 2018-12-01 03:57:07]
Fault Injection Successful after 1.9401679039001465s
[INFO -- 2018-12-01 03:57:08]
event type: exit
[INFO -- 2018-12-01 03:57:08]
exit code: 0
