[INFO -- 2018-11-26 00:05:45]
Starting flip_value script
version: 1.1
[INFO -- 2018-11-26 00:05:45]
Initialization strings:
[INFO -- 2018-11-26 00:05:45]
(1) file /tmp/BTree-dup/main
[INFO -- 2018-11-26 00:05:45]
(2)  set args /tmp/BTree-dup/input_100000 /tmp/BTree-dup/output_100000 /tmp/BTree-dup-detection.log /tmp/BTree-dup/output2_100000
[INFO -- 2018-11-26 00:05:45]
initSignal:0
[INFO -- 2018-11-26 00:05:45]
endSignal:2
[INFO -- 2018-11-26 00:05:45]
faultModel:3
[EXCEPTION -- 2018-11-26 00:05:46]
gdbException: Tentativo de desreferenciar um ponteiro genérico.
[EXCEPTION -- 2018-11-26 00:05:47]
pythonException: Unable to exit loop in struct fields; Exiting wihtout making a bit flip
[INFO -- 2018-11-26 00:05:48]
Backtrace BEGIN:
#0  0x0000555555557668 in std::bitset<16ul>::_M_copy_to_string<char, std::char_traits<char>, std::allocator<char> > (this=0x7fffffffdac0, __s="1", '0' <repete 15 vezes>, __zero=48 '0', __one=49 '1') at /usr/include/c++/7/bitset:1408
#1  0x00005555555573d7 in std::operator<< <char, std::char_traits<char>, 16ul> (__os=..., __x=std::bitset = {...}) at /usr/include/c++/7/bitset:1538
#2  0x0000555555556912 in BTreeNode::traverse (this=0x555555e4b490) at BTree_dup.cpp:594
#3  0x00005555555568d7 in BTreeNode::traverse (this=0x555555fd52d0) at BTree_dup.cpp:593
#4  0x000055555555695f in BTreeNode::traverse (this=0x555555df6bc0) at BTree_dup.cpp:599
#5  0x00005555555568d7 in BTreeNode::traverse (this=0x555555e00820) at BTree_dup.cpp:593
#6  0x000055555555695f in BTreeNode::traverse (this=0x555555d36380) at BTree_dup.cpp:599
#7  0x00005555555568d7 in BTreeNode::traverse (this=0x555555ce1e10) at BTree_dup.cpp:593
#8  0x00005555555568d7 in BTreeNode::traverse (this=0x555555fbe5c0) at BTree_dup.cpp:593
#9  0x00005555555568d7 in BTreeNode::traverse (this=0x555555ce1f30) at BTree_dup.cpp:593
#10 0x00005555555568d7 in BTreeNode::traverse (this=0x555555ef6e20) at BTree_dup.cpp:593
#11 0x00005555555572bb in BTree::traverse (this=0x7fffffffdd50) at BTree_dup.cpp:139
#12 0x0000555555556ff9 in main (argc=5, argv=0x7fffffffde68) at BTree_dup.cpp:725

1403	      bitset<_Nb>::
1404	      _M_copy_to_string(std::basic_string<_CharT, _Traits, _Alloc>& __s,
1405				_CharT __zero, _CharT __one) const
1406	      {
1407		__s.assign(_Nb, __zero);
1408		for (size_t __i = _Nb; __i > 0; --__i)
1409		  if (_Unchecked_test(__i - 1))
1410		    _Traits::assign(__s[_Nb - __i], __one);
1411	      }
1412	

Backtrace END
Memory content before bitflip:0x010x000x000x00
Fault Model: Zero bit-flip
base address to flip value: 0x7fffffffdc7c
address max offset: 4
Memory content after  bitflip:0x000x000x000x00
frame name: BTreeNode::traverse
symbol name: i
symbol filename: BTree_dup.cpp
symbol line: 587
value: 0
value address: 0x7fffffffdc7c
Type: The type is an integer type.
Type sizeof: 4

[INFO -- 2018-11-26 00:05:48]
Fault Injection Successful after 3.739218235015869s
[INFO -- 2018-11-26 00:05:51]
event type: exit
[INFO -- 2018-11-26 00:05:51]
exit code: 0
