[INFO -- 2018-10-12 03:11:27]
Starting flip_value script
version: 1.1
[INFO -- 2018-10-12 03:11:27]
Initialization strings:
[INFO -- 2018-10-12 03:11:27]
(1) file /tmp/BTree/main
[INFO -- 2018-10-12 03:11:27]
(2)  set args /tmp/BTree/input_100000 /tmp/BTree/output_100000
[INFO -- 2018-10-12 03:11:27]
initSignal:0
[INFO -- 2018-10-12 03:11:27]
endSignal:2
[INFO -- 2018-10-12 03:11:27]
faultModel:0
[EXCEPTION -- 2018-10-12 03:11:28]
gdbException: Tentativo de desreferenciar um ponteiro genérico.
[INFO -- 2018-10-12 03:11:28]
event type: exit
[INFO -- 2018-10-12 03:11:28]
exit code: 0
