[INFO -- 2018-10-16 19:55:35]
Starting flip_value script
version: 1.1
[INFO -- 2018-10-16 19:55:35]
Initialization strings:
[INFO -- 2018-10-16 19:55:35]
(1) file /tmp/RBTree/main
[INFO -- 2018-10-16 19:55:35]
(2) set args  /tmp/RBTree/input_ /tmp/RBTree/output_
[INFO -- 2018-10-16 19:55:35]
initSignal:0
[INFO -- 2018-10-16 19:55:35]
endSignal:2
[INFO -- 2018-10-16 19:55:35]
faultModel:4
[INFO -- 2018-10-16 19:55:36]
Backtrace BEGIN:
#0  0x00007ffff7334154 in __GI___libc_write (fd=1, buf=0x5555559b9860, nbytes=21) at ../sysdeps/unix/sysv/linux/write.c:27
#1  0x00007ffff72af1bd in _IO_new_file_write (f=0x7ffff7610760 <_IO_2_1_stdout_>, data=0x5555559b9860, n=21) at fileops.c:1203
#2  0x00007ffff72b0f51 in new_do_write (to_do=21, data=0x5555559b9860 "1111000100011100 000\n", fp=0x7ffff7610760 <_IO_2_1_stdout_>) at fileops.c:457
#3  _IO_new_do_write (fp=0x7ffff7610760 <_IO_2_1_stdout_>, data=0x5555559b9860 "1111000100011100 000\n", to_do=21) at fileops.c:433
#4  0x00007ffff72ae788 in _IO_new_file_sync (fp=0x7ffff7610760 <_IO_2_1_stdout_>) at fileops.c:813
#5  0x00007ffff72a287d in __GI__IO_fflush (fp=0x7ffff7610760 <_IO_2_1_stdout_>) at iofflush.c:40
#6  0x00007ffff7b5ef5e in std::ostream::flush() () from /usr/lib/x86_64-linux-gnu/libstdc++.so.6
#7  0x00005555555577ea in RBTree::inorderBST (this=0x7fffffffdc00, ptr=@0x5555557cb708: 0x5555557fd3e0) at RBTree.cpp:276
#8  0x000055555555776a in RBTree::inorderBST (this=0x7fffffffdc00, ptr=@0x5555557ce380: 0x5555557cb700) at RBTree.cpp:271
#9  0x0000555555557804 in RBTree::inorderBST (this=0x7fffffffdc00, ptr=@0x555555782300: 0x5555557ce370) at RBTree.cpp:279
#10 0x0000555555557804 in RBTree::inorderBST (this=0x7fffffffdc00, ptr=@0x555555796220: 0x5555557822f0) at RBTree.cpp:279
#11 0x0000555555557804 in RBTree::inorderBST (this=0x7fffffffdc00, ptr=@0x55555578ba48: 0x555555796210) at RBTree.cpp:279
#12 0x000055555555776a in RBTree::inorderBST (this=0x7fffffffdc00, ptr=@0x5555557721e8: 0x55555578ba40) at RBTree.cpp:271
#13 0x000055555555776a in RBTree::inorderBST (this=0x7fffffffdc00, ptr=@0x555555777dc8: 0x5555557721e0) at RBTree.cpp:271
#14 0x000055555555776a in RBTree::inorderBST (this=0x7fffffffdc00, ptr=@0x555555772970: 0x555555777dc0) at RBTree.cpp:271
#15 0x0000555555557804 in RBTree::inorderBST (this=0x7fffffffdc00, ptr=@0x555555770960: 0x555555772960) at RBTree.cpp:279
#16 0x0000555555557804 in RBTree::inorderBST (this=0x7fffffffdc00, ptr=@0x55555576fa30: 0x555555770950) at RBTree.cpp:279
#17 0x0000555555557804 in RBTree::inorderBST (this=0x7fffffffdc00, ptr=@0x55555576fe18: 0x55555576fa20) at RBTree.cpp:279
#18 0x000055555555776a in RBTree::inorderBST (this=0x7fffffffdc00, ptr=@0x555555770180: 0x55555576fe10) at RBTree.cpp:271
#19 0x0000555555557804 in RBTree::inorderBST (this=0x7fffffffdc00, ptr=@0x55555576fa58: 0x555555770170) at RBTree.cpp:279
#20 0x000055555555776a in RBTree::inorderBST (this=0x7fffffffdc00, ptr=@0x7fffffffdc00: 0x55555576fa50) at RBTree.cpp:271
#21 0x0000555555557841 in RBTree::inorder (this=0x7fffffffdc00) at RBTree.cpp:283
#22 0x000055555555564c in main (argc=3, argv=0x7fffffffdf38) at main.cpp:58

22	../sysdeps/unix/sysv/linux/write.c: Arquivo ou diretório inexistente.

Backtrace END
Fliping a bit of the reference
Memory content before bitflip:0x700x010x770x550x550x550x000x00
Fault Model: LSB bit-flip
base address to flip value: 0x55555576fa58
address max offset: 8
Memory content after  bitflip:0x700x010x770x550x550x550x000x80
frame name: RBTree::inorderBST
symbol name: ptr
symbol filename: RBTree.cpp
symbol line: 267
value: @0x55555576fa58
value address: 0x55555576fa58
Type: A reference type.
Type sizeof: 8

[INFO -- 2018-10-16 19:55:36]
Fault Injection Successful after 1.140911340713501s
[INFO -- 2018-10-16 19:55:36]
event type: exit
[INFO -- 2018-10-16 19:55:36]
exit code: 0
