[INFO -- 2018-12-09 15:22:28]
Starting flip_value script
version: 1.1
[INFO -- 2018-12-09 15:22:28]
Initialization strings:
[INFO -- 2018-12-09 15:22:28]
(1) file /tmp/RBTree-dup/main_dup
[INFO -- 2018-12-09 15:22:28]
(2)  set args /tmp/RBTree-dup/input_100000 /tmp/RBTree-dup/output_100000 /tmp/RBTree-dup/RBTree-dup-detection.log tmp/RBTree-dup/output2_100000
[INFO -- 2018-12-09 15:22:28]
initSignal:0
[INFO -- 2018-12-09 15:22:28]
endSignal:2
[INFO -- 2018-12-09 15:22:28]
faultModel:4
[INFO -- 2018-12-09 15:22:28]
Backtrace BEGIN:
#0  0x00007ffff72b843a in _int_malloc (av=av@entry=0x7ffff760fc40 <main_arena>, bytes=bytes@entry=32) at malloc.c:4131
#1  0x00007ffff72bb0fc in __GI___libc_malloc (bytes=32) at malloc.c:3057
#2  0x00007ffff7adf1a8 in operator new(unsigned long) () from /usr/lib/x86_64-linux-gnu/libstdc++.so.6
#3  0x0000555555556f25 in RBTree::insertValue(int) ()
#4  0x000055555555584c in runner(char*) ()
#5  0x0000555555555b60 in main ()

4126	malloc.c: Arquivo ou diretório inexistente.

Backtrace END
Fliping a bit of the pointer
Memory content before bitflip:0x000x000x000x000x000x000x000x00
Fault Model: LSB bit-flip
base address to flip value: 0x7ffff7611910 
address max offset: 8
Memory content after  bitflip:0x000x000x000x000x000x000x000x04
frame name: _int_malloc
symbol name: aligned_heap_area
symbol filename: arena.c
symbol line: 446
value: 0x0
value address: 0x7ffff7611910 <aligned_heap_area>
Type: The type is a pointer.
Type sizeof: 8

[INFO -- 2018-12-09 15:22:28]
Fault Injection Successful after 0.23659157752990723s
[INFO -- 2018-12-09 15:22:28]
event type: exit
[INFO -- 2018-12-09 15:22:28]
exit code: 0
