[INFO -- 2018-10-16 19:26:20]
Starting flip_value script
version: 1.1
[INFO -- 2018-10-16 19:26:20]
Initialization strings:
[INFO -- 2018-10-16 19:26:20]
(1) file /tmp/RBTree/main
[INFO -- 2018-10-16 19:26:20]
(2) set args  /tmp/RBTree/input_ /tmp/RBTree/output_
[INFO -- 2018-10-16 19:26:20]
initSignal:0
[INFO -- 2018-10-16 19:26:20]
endSignal:2
[INFO -- 2018-10-16 19:26:20]
faultModel:4
[EXCEPTION -- 2018-10-16 19:26:20]
pythonException: Unable to exit loop in struct fields; Exiting wihtout making a bit flip
[INFO -- 2018-10-16 19:26:20]
Backtrace BEGIN:
#0  0x00007ffff7334154 in __GI___libc_write (fd=1, buf=0x5555559b9860, nbytes=21) at ../sysdeps/unix/sysv/linux/write.c:27
#1  0x00007ffff72af1bd in _IO_new_file_write (f=0x7ffff7610760 <_IO_2_1_stdout_>, data=0x5555559b9860, n=21) at fileops.c:1203
#2  0x00007ffff72b0f51 in new_do_write (to_do=21, data=0x5555559b9860 "0100001011010110 001\n", fp=0x7ffff7610760 <_IO_2_1_stdout_>) at fileops.c:457
#3  _IO_new_do_write (fp=0x7ffff7610760 <_IO_2_1_stdout_>, data=0x5555559b9860 "0100001011010110 001\n", to_do=21) at fileops.c:433
#4  0x00007ffff72ae788 in _IO_new_file_sync (fp=0x7ffff7610760 <_IO_2_1_stdout_>) at fileops.c:813
#5  0x00007ffff72a287d in __GI__IO_fflush (fp=0x7ffff7610760 <_IO_2_1_stdout_>) at iofflush.c:40
#6  0x00007ffff7b5ef5e in std::ostream::flush() () from /usr/lib/x86_64-linux-gnu/libstdc++.so.6
#7  0x00005555555577ea in RBTree::inorderBST (this=0x7fffffffdc00, ptr=@0x5555558c89c8: 0x555555853480) at RBTree.cpp:276
#8  0x000055555555776a in RBTree::inorderBST (this=0x7fffffffdc00, ptr=@0x5555557cc250: 0x5555558c89c0) at RBTree.cpp:271
#9  0x0000555555557804 in RBTree::inorderBST (this=0x7fffffffdc00, ptr=@0x555555797360: 0x5555557cc240) at RBTree.cpp:279
#10 0x0000555555557804 in RBTree::inorderBST (this=0x7fffffffdc00, ptr=@0x55555584b570: 0x555555797350) at RBTree.cpp:279
#11 0x0000555555557804 in RBTree::inorderBST (this=0x7fffffffdc00, ptr=@0x55555579a750: 0x55555584b560) at RBTree.cpp:279
#12 0x0000555555557804 in RBTree::inorderBST (this=0x7fffffffdc00, ptr=@0x555555785478: 0x55555579a740) at RBTree.cpp:279
#13 0x000055555555776a in RBTree::inorderBST (this=0x7fffffffdc00, ptr=@0x5555557745e8: 0x555555785470) at RBTree.cpp:271
#14 0x000055555555776a in RBTree::inorderBST (this=0x7fffffffdc00, ptr=@0x55555577c480: 0x5555557745e0) at RBTree.cpp:271
#15 0x0000555555557804 in RBTree::inorderBST (this=0x7fffffffdc00, ptr=@0x555555770cb8: 0x55555577c470) at RBTree.cpp:279
#16 0x000055555555776a in RBTree::inorderBST (this=0x7fffffffdc00, ptr=@0x5555557709c0: 0x555555770cb0) at RBTree.cpp:271
#17 0x0000555555557804 in RBTree::inorderBST (this=0x7fffffffdc00, ptr=@0x555555770e08: 0x5555557709b0) at RBTree.cpp:279
#18 0x000055555555776a in RBTree::inorderBST (this=0x7fffffffdc00, ptr=@0x55555576f0f8: 0x555555770e00) at RBTree.cpp:271
#19 0x000055555555776a in RBTree::inorderBST (this=0x7fffffffdc00, ptr=@0x555555771a40: 0x55555576f0f0) at RBTree.cpp:271
#20 0x0000555555557804 in RBTree::inorderBST (this=0x7fffffffdc00, ptr=@0x55555576fa60: 0x555555771a30) at RBTree.cpp:279
#21 0x0000555555557804 in RBTree::inorderBST (this=0x7fffffffdc00, ptr=@0x7fffffffdc00: 0x55555576fa50) at RBTree.cpp:279
#22 0x0000555555557841 in RBTree::inorder (this=0x7fffffffdc00) at RBTree.cpp:283
#23 0x000055555555564c in main (argc=3, argv=0x7fffffffdf38) at main.cpp:58

22	in ../sysdeps/unix/sysv/linux/write.c

Backtrace END
Fliping a bit of the reference
Memory content before bitflip:0x600xb50x840x550x550x550x000x00
Fault Model: LSB bit-flip
base address to flip value: 0x55555579a750
address max offset: 8
Memory content after  bitflip:0x600xb50x840x550x550x550x000x10
frame name: RBTree::inorderBST
symbol name: ptr
symbol filename: RBTree.cpp
symbol line: 267
value: @0x55555579a750
value address: 0x55555579a750
Type: A reference type.
Type sizeof: 8

[INFO -- 2018-10-16 19:26:20]
Fault Injection Successful after 0.5379476547241211s
[INFO -- 2018-10-16 19:26:20]
event type: exit
[INFO -- 2018-10-16 19:26:20]
exit code: 0
