[INFO -- 2018-12-01 11:23:31]
Starting flip_value script
version: 1.1
[INFO -- 2018-12-01 11:23:31]
Initialization strings:
[INFO -- 2018-12-01 11:23:31]
(1) file /tmp/splay/main
[INFO -- 2018-12-01 11:23:31]
(2) set args /tmp/splay/input_100000 /tmp/splay/output_100000
[INFO -- 2018-12-01 11:23:31]
initSignal:0
[INFO -- 2018-12-01 11:23:31]
endSignal:5
[INFO -- 2018-12-01 11:23:31]
faultModel:0
[INFO -- 2018-12-01 11:23:31]
Backtrace BEGIN:
#0  0x00007ffff7ec2230 in operator new(unsigned long) () from /usr/lib/x86_64-linux-gnu/libstdc++.so.6
#1  0x00007ffff7f53dbb in std::__cxx11::basic_string<char, std::char_traits<char>, std::allocator<char> >::_M_mutate(unsigned long, unsigned long, char const*, unsigned long) () from /usr/lib/x86_64-linux-gnu/libstdc++.so.6
#2  0x00007ffff7f54790 in std::__cxx11::basic_string<char, std::char_traits<char>, std::allocator<char> >::_M_replace_aux(unsigned long, unsigned long, unsigned long, char) () from /usr/lib/x86_64-linux-gnu/libstdc++.so.6
#3  0x0000555555557e8d in std::bitset<16ul>::_M_copy_to_string<char, std::char_traits<char>, std::allocator<char> > (this=0x7fffffffd5e0, __s="", __zero=48 '0', __one=49 '1') at /usr/include/c++/8/bitset:1411
#4  0x0000555555557ded in std::operator<< <char, std::char_traits<char>, 16ul> (__os=..., __x=std::bitset = {...}) at /usr/include/c++/8/bitset:1542
#5  0x0000555555557ae8 in InOrder (root=0x555555770b10) at splay.cpp:253
#6  0x0000555555557abd in InOrder (root=0x555555610590) at splay.cpp:252
#7  0x0000555555557b0d in InOrder (root=0x5555558245b0) at splay.cpp:254
#8  0x0000555555557abd in InOrder (root=0x55555563a730) at splay.cpp:252
#9  0x0000555555557b0d in InOrder (root=0x5555556a3d30) at splay.cpp:254
#10 0x0000555555557abd in InOrder (root=0x555555825dd0) at splay.cpp:252
#11 0x0000555555557b0d in InOrder (root=0x555555848510) at splay.cpp:254
#12 0x0000555555557b0d in InOrder (root=0x555555771e50) at splay.cpp:254
#13 0x0000555555557abd in InOrder (root=0x5555555746b0) at splay.cpp:252
#14 0x0000555555557b0d in InOrder (root=0x55555586fd70) at splay.cpp:254
#15 0x0000555555557b0d in InOrder (root=0x5555555a0170) at splay.cpp:254
#16 0x0000555555557abd in InOrder (root=0x555555864ad0) at splay.cpp:252
#17 0x0000555555557b0d in InOrder (root=0x555555873190) at splay.cpp:254
#18 0x0000555555557b0d in InOrder (root=0x55555560e130) at splay.cpp:254
#19 0x0000555555557abd in InOrder (root=0x555555674fd0) at splay.cpp:252
#20 0x0000555555557b0d in InOrder (root=0x555555879d70) at splay.cpp:254
#21 0x0000555555557b0d in InOrder (root=0x555555645eb0) at splay.cpp:254
#22 0x0000555555557abd in InOrder (root=0x555555873470) at splay.cpp:252
#23 0x0000555555557b0d in InOrder (root=0x55555580d5d0) at splay.cpp:254
#24 0x0000555555557b0d in InOrder (root=0x55555563a2f0) at splay.cpp:254
#25 0x0000555555557b0d in InOrder (root=0x555555581df0) at splay.cpp:254
#26 0x0000555555557b0d in InOrder (root=0x55555560ac10) at splay.cpp:254
#27 0x0000555555557b0d in InOrder (root=0x55555587d9b0) at splay.cpp:254
#28 0x0000555555557b0d in InOrder (root=0x555555794190) at splay.cpp:254
#29 0x0000555555557b0d in InOrder (root=0x555555771bf0) at splay.cpp:254
#30 0x0000555555557b0d in InOrder (root=0x55555587dad0) at splay.cpp:254
#31 0x0000555555557abd in InOrder (root=0x55555587d8d0) at splay.cpp:252
#32 0x0000555555557b0d in InOrder (root=0x5555557cfed0) at splay.cpp:254
#33 0x0000555555557b0d in InOrder (root=0x555555774190) at splay.cpp:254
#34 0x0000555555557b0d in InOrder (root=0x555555774870) at splay.cpp:254
#35 0x0000555555557abd in InOrder (root=0x55555587dcb0) at splay.cpp:252
#36 0x0000555555557b0d in InOrder (root=0x555555693810) at splay.cpp:254
#37 0x0000555555557b0d in InOrder (root=0x555555634c10) at splay.cpp:254
#38 0x0000555555557b0d in InOrder (root=0x55555587dcd0) at splay.cpp:254
#39 0x00005555555564fe in main (argc=3, argv=0x7fffffffdfb8) at main.cpp:35

1	#include "splay.h"
2	#include <iostream>
3	
4	#include <algorithm>    // std::random_shuffle
5	#include <vector>       // std::vector
6	#include <cstdlib>      // std::rand, std::srand
7	#include <cstdio>
8	
9	#include <iterator>
10	#include <fstream>

Backtrace END
Fliping a bit of the value pointed by a pointer
Fliping value of field: lchild
Fliping a bit of the pointer
Memory content before bitflip:0x000x000x000x000x000x000x000x00
Fault Model: Single bit-flip
base address to flip value: 0x555555770b18
address max offset: 8
Memory content after  bitflip:0x010x000x000x000x000x000x000x00
frame name: InOrder
symbol name: root
symbol filename: splay.cpp
symbol line: 248
value: 0x555555770b10
value address: 0x7fffffffd5d8
Type: The type is a pointer.
Type sizeof: 8

[INFO -- 2018-12-01 11:23:31]
Fault Injection Successful after 0.9346582889556885s
[INFO -- 2018-12-01 11:23:31]
event type: exit
[INFO -- 2018-12-01 11:23:31]
exit code: 0
