[INFO -- 2018-10-18 01:58:27]
Starting flip_value script
version: 1.1
[INFO -- 2018-10-18 01:58:27]
Initialization strings:
[INFO -- 2018-10-18 01:58:27]
(1) file /tmp/Tree234/main
[INFO -- 2018-10-18 01:58:27]
(2) set args /tmp/Tree234/input_50000 /tmp/Tree234/output_50000
[INFO -- 2018-10-18 01:58:27]
initSignal:0
[INFO -- 2018-10-18 01:58:27]
endSignal:2
[INFO -- 2018-10-18 01:58:27]
faultModel:0
[INFO -- 2018-10-18 01:58:27]
Backtrace BEGIN:
#0  dl_main (phdr=<optimized out>, phnum=<optimized out>, user_entry=<optimized out>, auxv=<optimized out>) at rtld.c:2206
#1  0x00007ffff7df0632 in _dl_sysdep_start (start_argptr=start_argptr@entry=0x7fffffffde70, dl_main=dl_main@entry=0x7ffff7dd91e0 <dl_main>) at ../elf/dl-sysdep.c:249
#2  0x00007ffff7dd8c2a in _dl_start_final (arg=0x7fffffffde70) at rtld.c:323
#3  _dl_start (arg=0x7fffffffde70) at rtld.c:429
#4  0x00007ffff7dd7c38 in _start () from /lib64/ld-linux-x86-64.so.2
#5  0x0000000000000003 in ?? ()
#6  0x00007fffffffe20c in ?? ()
#7  0x00007fffffffe21e in ?? ()
#8  0x00007fffffffe237 in ?? ()
#9  0x0000000000000000 in ?? ()

2201	in rtld.c

Backtrace END
Fliping a bit of the value pointed by a pointer
Fliping a bit of the value pointed by a pointer
Memory content before bitflip:0x2f
Fault Model: Single bit-flip
base address to flip value: 0x7fffffffe20c 
address max offset: 1
Memory content after  bitflip:0x27
frame name: _dl_start_final
symbol name: __GI__dl_argv
symbol filename: rtld.c
symbol line: 83
value: 0x7fffffffde78
value address: 0x7ffff7ffcc80 <_dl_argv>
Type: The type is a pointer.
Type sizeof: 8

[INFO -- 2018-10-18 01:58:27]
Fault Injection Successful after 0.6709761619567871s
[INFO -- 2018-10-18 01:58:27]
event type: exit
[INFO -- 2018-10-18 01:58:27]
exit code: 0
