[INFO -- 2018-11-25 23:01:11]
Starting flip_value script
version: 1.1
[INFO -- 2018-11-25 23:01:11]
Initialization strings:
[INFO -- 2018-11-25 23:01:11]
(1) file /tmp/BTree-dup/main
[INFO -- 2018-11-25 23:01:11]
(2)  set args /tmp/BTree-dup/input_100000 /tmp/BTree-dup/output_100000 /tmp/BTree-dup-detection.log /tmp/BTree-dup/output2_100000
[INFO -- 2018-11-25 23:01:11]
initSignal:0
[INFO -- 2018-11-25 23:01:11]
endSignal:2
[INFO -- 2018-11-25 23:01:11]
faultModel:2
[INFO -- 2018-11-25 23:01:12]
Backtrace BEGIN:
#0  malloc (n=14) at dl-minimal.c:50
#1  <function called from gdb>
#2  malloc (n=14) at dl-minimal.c:50
#3  <function called from gdb>
#4  _int_malloc (av=av@entry=0x7ffff760fc40 <main_arena>, bytes=bytes@entry=48) at malloc.c:4100
#5  0x00007ffff72bb0fc in __GI___libc_malloc (bytes=48) at malloc.c:3057
#6  0x00007ffff7adf1a8 in operator new(unsigned long) () from /usr/lib/x86_64-linux-gnu/libstdc++.so.6
#7  0x00005555555558ca in BTreeNode::BTreeNode (this=0x555555e5ef90, t1=3, leaf1=true) at BTree_dup.cpp:165
#8  0x000055555555667b in BTreeNode::splitChild (this=0x555555c1fa40, i=0, y=0x555555c139e0) at BTree_dup.cpp:545
#9  0x00005555555565ed in BTreeNode::insertNonFull (this=0x555555c1fa40, k=2066406) at BTree_dup.cpp:527
#10 0x0000555555556639 in BTreeNode::insertNonFull (this=0x555555da25c0, k=2066406) at BTree_dup.cpp:535
#11 0x0000555555556639 in BTreeNode::insertNonFull (this=0x555555bbfc50, k=2066406) at BTree_dup.cpp:535
#12 0x0000555555556639 in BTreeNode::insertNonFull (this=0x555555bca6c0, k=2066406) at BTree_dup.cpp:535
#13 0x0000555555556639 in BTreeNode::insertNonFull (this=0x555555dbe3d0, k=2066406) at BTree_dup.cpp:535
#14 0x0000555555556639 in BTreeNode::insertNonFull (this=0x555555dbe580, k=2066406) at BTree_dup.cpp:535
#15 0x0000555555556639 in BTreeNode::insertNonFull (this=0x555555ce1f30, k=2066406) at BTree_dup.cpp:535
#16 0x0000555555556478 in BTree::insert (this=0x7fffffffda50, k=2066406) at BTree_dup.cpp:489
#17 0x0000555555556c25 in runner (input=0x7fffffffe22a "/tmp/BTree-dup/input_100000") at BTree_dup.cpp:664
#18 0x0000555555556f7a in main (argc=5, argv=0x7fffffffde68) at BTree_dup.cpp:712

45	in dl-minimal.c

Backtrace END
Memory content before bitflip:0xe60x870x1f0x00
Fault Model: Random bit-flip
base address to flip value: 0x7fffffffd8a4
address max offset: 4
Memory content after  bitflip:0xd50x9d0x020x91
frame name: BTreeNode::insertNonFull
symbol name: k
symbol filename: BTree_dup.cpp
symbol line: 496
value: -1862099499
value address: 0x7fffffffd8a4
Type: The type is an integer type.
Type sizeof: 4

[INFO -- 2018-11-25 23:01:12]
Fault Injection Successful after 1.8766722679138184s
[INFO -- 2018-11-25 23:01:13]
event type: exit
[INFO -- 2018-11-25 23:01:13]
exit code: 0
