[INFO -- 2018-12-08 22:20:03]
Starting flip_value script
version: 1.1
[INFO -- 2018-12-08 22:20:03]
Initialization strings:
[INFO -- 2018-12-08 22:20:03]
(1) file /tmp/Tree234/main
[INFO -- 2018-12-08 22:20:03]
(2) set args /tmp/Tree234/input_50000 /tmp/Tree234/output_50000
[INFO -- 2018-12-08 22:20:03]
initSignal:0
[INFO -- 2018-12-08 22:20:03]
endSignal:2
[INFO -- 2018-12-08 22:20:03]
faultModel:1
[EXCEPTION -- 2018-12-08 22:20:04]
gdbException: Attempt to dereference a generic pointer.
[INFO -- 2018-12-08 22:20:04]
Backtrace BEGIN:
#0  0x00007ffff72d7d52 in _int_free (av=0x7ffff761cb20 <main_arena>, p=0x7d7f10, have_lock=0) at malloc.c:3841
#1  0x00007ffff72dc53c in __GI___libc_free (mem=<optimized out>) at malloc.c:2968
#2  0x0000000000402954 in std::basic_ostream<char, std::char_traits<char> >& std::operator<< <char, std::char_traits<char>, 16ul>(std::basic_ostream<char, std::char_traits<char> >&, std::bitset<16ul> const&) ()
#3  0x00000000004022d3 in Arvore234::imprime(no*) ()
#4  0x0000000000402340 in Arvore234::imprime(no*) ()
#5  0x0000000000402340 in Arvore234::imprime(no*) ()
#6  0x0000000000402340 in Arvore234::imprime(no*) ()
#7  0x0000000000402340 in Arvore234::imprime(no*) ()
#8  0x0000000000402340 in Arvore234::imprime(no*) ()
#9  0x0000000000402340 in Arvore234::imprime(no*) ()
#10 0x0000000000402340 in Arvore234::imprime(no*) ()
#11 0x0000000000402340 in Arvore234::imprime(no*) ()
#12 0x0000000000402340 in Arvore234::imprime(no*) ()
#13 0x0000000000402340 in Arvore234::imprime(no*) ()
#14 0x0000000000402340 in Arvore234::imprime(no*) ()
#15 0x0000000000402380 in Arvore234::imprime() ()
#16 0x0000000000402594 in main ()

3836	in malloc.c

Backtrace END
Memory content before bitflip:0x010x000x000x00
Fault Model: Double bit-flip
base address to flip value: 0x7ffff761c144 
address max offset: 4
Memory content after  bitflip:0x010x000x000x03
frame name: __GI___libc_free
symbol name: __libc_malloc_initialized
symbol filename: arena.c
symbol line: 98
value: 50331649
value address: 0x7ffff761c144 <__libc_malloc_initialized>
Type: The type is an integer type.
Type sizeof: 4

[INFO -- 2018-12-08 22:20:04]
Fault Injection Successful after 1.43695068359375s
[INFO -- 2018-12-08 22:20:04]
event type: exit
[INFO -- 2018-12-08 22:20:04]
exit code: 0
