[INFO -- 2018-12-01 13:28:05]
sending 5 signals using command: 'killall -2 main' after 3.05447001293s
[INFO -- 2018-12-01 13:28:05]
sending 5 signals using command: 'killall -2 main' after 3.60825537464s
[INFO -- 2018-12-01 13:28:06]
sending 5 signals using command: 'killall -2 main' after 4.28915981201s
[INFO -- 2018-12-01 13:28:06]
Starting GDB script
[INFO -- 2018-12-01 13:28:06]
initSignal:0.0
[INFO -- 2018-12-01 13:28:06]
endSignal:5.0
[INFO -- 2018-12-01 13:28:06]
sending 5 signals using command: 'killall -2 main' after 0.022198440382s
[INFO -- 2018-12-01 13:28:06]
sending 5 signals using command: 'killall -2 main' after 0.326909714546s
[INFO -- 2018-12-01 13:28:06]
sending 5 signals using command: 'killall -2 main' after 0.413657373326s
[INFO -- 2018-12-01 13:28:07]
Execution finished before waitTime
