[INFO -- 2018-11-25 23:48:02]
Starting flip_value script
version: 1.1
[INFO -- 2018-11-25 23:48:02]
Initialization strings:
[INFO -- 2018-11-25 23:48:02]
(1) file /tmp/BTree-dup/main
[INFO -- 2018-11-25 23:48:02]
(2)  set args /tmp/BTree-dup/input_100000 /tmp/BTree-dup/output_100000 /tmp/BTree-dup-detection.log /tmp/BTree-dup/output2_100000
[INFO -- 2018-11-25 23:48:02]
initSignal:0
[INFO -- 2018-11-25 23:48:02]
endSignal:2
[INFO -- 2018-11-25 23:48:02]
faultModel:4
[EXCEPTION -- 2018-11-25 23:48:03]
pythonException: Unable to exit loop in struct fields; Exiting wihtout making a bit flip
[INFO -- 2018-11-25 23:48:03]
Backtrace BEGIN:
#0  0x00005555555565ad in BTreeNode::insertNonFull (this=0x555555c1a0d0, k=3098145) at BTree_dup.cpp:524
#1  0x0000555555556639 in BTreeNode::insertNonFull (this=0x555555eb3980, k=3098145) at BTree_dup.cpp:535
#2  0x0000555555556639 in BTreeNode::insertNonFull (this=0x555555d7b680, k=3098145) at BTree_dup.cpp:535
#3  0x0000555555556639 in BTreeNode::insertNonFull (this=0x555555be49d0, k=3098145) at BTree_dup.cpp:535
#4  0x0000555555556639 in BTreeNode::insertNonFull (this=0x555555bee510, k=3098145) at BTree_dup.cpp:535
#5  0x0000555555556639 in BTreeNode::insertNonFull (this=0x555555ef6d90, k=3098145) at BTree_dup.cpp:535
#6  0x0000555555556639 in BTreeNode::insertNonFull (this=0x555555ef6eb0, k=3098145) at BTree_dup.cpp:535
#7  0x0000555555556639 in BTreeNode::insertNonFull (this=0x555555ef6e20, k=3098145) at BTree_dup.cpp:535
#8  0x0000555555556478 in BTree::insert (this=0x7fffffffda50, k=3098145) at BTree_dup.cpp:489
#9  0x0000555555556c25 in runner (input=0x7fffffffe22a "/tmp/BTree-dup/input_100000") at BTree_dup.cpp:664
#10 0x0000555555556f7a in main (argc=5, argv=0x7fffffffde68) at BTree_dup.cpp:712

519			// Find the child which is going to have the new key
520			while (i >= 0 && keys[i] > k)
521				i--;
522	
523			// See if the found child is full
524			if (C[i+1]->n == 2*t-1)
525			{
526				// If the child is full, then split it
527				splitChild(i+1, C[i+1]);
528	

Backtrace END
Memory content before bitflip:0x050x000x000x00
Fault Model: LSB bit-flip
base address to flip value: 0x7fffffffdd1c
address max offset: 4
Memory content after  bitflip:0x050x000x000x04
frame name: main
symbol name: argc
symbol filename: BTree_dup.cpp
symbol line: 691
value: 67108869
value address: 0x7fffffffdd1c
Type: The type is an integer type.
Type sizeof: 4

[INFO -- 2018-11-25 23:48:03]
Fault Injection Successful after 1.7682313919067383s
[INFO -- 2018-11-25 23:48:04]
event type: exit
[INFO -- 2018-11-25 23:48:04]
exit code: 0
