[INFO -- 2018-11-30 18:34:45]
Starting flip_value script
version: 1.1
[INFO -- 2018-11-30 18:34:45]
Initialization strings:
[INFO -- 2018-11-30 18:34:45]
(1) file /tmp/splay/main
[INFO -- 2018-11-30 18:34:45]
(2) set args /tmp/splay/input_100000 /tmp/splay/output_100000
[INFO -- 2018-11-30 18:34:45]
initSignal:0
[INFO -- 2018-11-30 18:34:45]
endSignal:5
[INFO -- 2018-11-30 18:34:45]
faultModel:3
[EXCEPTION -- 2018-11-30 18:34:45]
pythonException: Unable to exit loop in struct fields; Exiting wihtout making a bit flip
[INFO -- 2018-11-30 18:34:45]
Backtrace BEGIN:
#0  LL_Rotate (k2=0x5555556f0010) at splay.cpp:34
#1  0x000055555555778b in Splay (key=4691953, root=0x5555556f0010) at splay.cpp:85
#2  0x0000555555557916 in Insert (key=4691953, root=0x5555556f0010) at splay.cpp:145
#3  0x00005555555564bb in main (argc=3, argv=0x7fffffffdfb8) at main.cpp:31

29	         Y    Z              X    Y
30	 */
31	inline splay* LL_Rotate(splay* k2)
32	{
33		splay* k1 = k2->rchild;
34		k2->rchild = k1->lchild;
35		k1->lchild = k2;
36		return k1;
37	}
38	

Backtrace END
Fliping a bit of the value pointed by a pointer
Fliping value of field: rchild
Fliping a bit of the pointer
Memory content before bitflip:0x000x000x000x000x000x000x000x00
Fault Model: Zero bit-flip
base address to flip value: 0x5555556f0040
address max offset: 8
Memory content after  bitflip:0x000x000x000x000x000x000x000x00
frame name: Insert
symbol name: p_node
symbol filename: splay.cpp
symbol line: 134
value: 0x5555556f0030
value address: 0x55555555b2a0 <Insert(int, splay*)::p_node>
Type: The type is a pointer.
Type sizeof: 8

[INFO -- 2018-11-30 18:34:45]
Fault Injection Successful after 0.6609597206115723s
[INFO -- 2018-11-30 18:34:45]
event type: exit
[INFO -- 2018-11-30 18:34:45]
exit code: 0
