[INFO -- 2018-12-01 05:11:05]
Starting flip_value script
version: 1.1
[INFO -- 2018-12-01 05:11:05]
Initialization strings:
[INFO -- 2018-12-01 05:11:05]
(1) file /tmp/splay/main
[INFO -- 2018-12-01 05:11:05]
(2) set args /tmp/splay/input_100000 /tmp/splay/output_100000
[INFO -- 2018-12-01 05:11:05]
initSignal:0
[INFO -- 2018-12-01 05:11:05]
endSignal:5
[INFO -- 2018-12-01 05:11:05]
faultModel:0
[EXCEPTION -- 2018-12-01 05:11:06]
pythonException: Unable to exit loop in struct fields; Exiting wihtout making a bit flip
[INFO -- 2018-12-01 05:11:06]
Backtrace BEGIN:
#0  std::_Base_bitset<1ul>::_M_getword (this=0x7fffffffda30) at /usr/include/c++/8/bitset:415
#1  0x0000555555557f12 in std::bitset<16ul>::_Unchecked_test (this=0x7fffffffda30, __pos=4) at /usr/include/c++/8/bitset:1062
#2  0x0000555555557eb3 in std::bitset<16ul>::_M_copy_to_string<char, std::char_traits<char>, std::allocator<char> > (this=0x7fffffffda30, __s="1000001110100000", __zero=48 '0', __one=49 '1') at /usr/include/c++/8/bitset:1413
#3  0x0000555555557ded in std::operator<< <char, std::char_traits<char>, 16ul> (__os=..., __x=std::bitset = {...}) at /usr/include/c++/8/bitset:1542
#4  0x0000555555557ae8 in InOrder (root=0x5555556dd130) at splay.cpp:253
#5  0x0000555555557abd in InOrder (root=0x555555877d10) at splay.cpp:252
#6  0x0000555555557b0d in InOrder (root=0x55555571fc10) at splay.cpp:254
#7  0x0000555555557abd in InOrder (root=0x555555820670) at splay.cpp:252
#8  0x0000555555557abd in InOrder (root=0x5555556c98d0) at splay.cpp:252
#9  0x0000555555557b0d in InOrder (root=0x555555634510) at splay.cpp:254
#10 0x0000555555557abd in InOrder (root=0x55555587d930) at splay.cpp:252
#11 0x0000555555557abd in InOrder (root=0x55555587dbf0) at splay.cpp:252
#12 0x0000555555557b0d in InOrder (root=0x55555587dc90) at splay.cpp:254
#13 0x0000555555557abd in InOrder (root=0x555555696ef0) at splay.cpp:252
#14 0x0000555555557abd in InOrder (root=0x55555587dcd0) at splay.cpp:252
#15 0x00005555555564fe in main (argc=3, argv=0x7fffffffdfb8) at main.cpp:35

410	      _M_getword(size_t) _GLIBCXX_NOEXCEPT
411	      { return _M_w; }
412	
413	      _GLIBCXX_CONSTEXPR _WordT
414	      _M_getword(size_t) const _GLIBCXX_NOEXCEPT
415	      { return _M_w; }
416	
417	#if __cplusplus >= 201103L
418	      const _WordT*
419	      _M_getdata() const noexcept

Backtrace END
Fliping a bit of the value pointed by a pointer
Fliping value of field: rchild
Fliping a bit of the value pointed by a pointer
Fliping value of field: key
Memory content before bitflip:0x870xd00x120x00
Fault Model: Single bit-flip
base address to flip value: 0x55555587d730
address max offset: 4
Memory content after  bitflip:0x870xd00x160x00
frame name: InOrder
symbol name: root
symbol filename: splay.cpp
symbol line: 248
value: 0x55555587d930
value address: 0x7fffffffdb48
Type: The type is a pointer.
Type sizeof: 8

[INFO -- 2018-12-01 05:11:06]
Fault Injection Successful after 1.5939438343048096s
[INFO -- 2018-12-01 05:11:06]
event type: exit
[INFO -- 2018-12-01 05:11:06]
exit code: 0
