[INFO -- 2018-10-17 19:52:37]
Starting flip_value script
version: 1.1
[INFO -- 2018-10-17 19:52:37]
Initialization strings:
[INFO -- 2018-10-17 19:52:37]
(1) file /tmp/Tree234/main
[INFO -- 2018-10-17 19:52:37]
(2) set args /tmp/Tree234/input_50000 /tmp/Tree234/output_50000
[INFO -- 2018-10-17 19:52:37]
initSignal:0
[INFO -- 2018-10-17 19:52:37]
endSignal:2
[INFO -- 2018-10-17 19:52:37]
faultModel:0
[INFO -- 2018-10-17 19:52:37]
Backtrace BEGIN:
#0  0x00007ffff7df2517 in mprotect () at ../sysdeps/unix/syscall-template.S:84
#1  0x00007ffff7dde261 in _dl_map_segments (loader=0x7ffff7ff74d0, has_holes=true, maplength=3675136, nloadcmds=2, loadcmds=0x7fffffffd2d0, type=<optimized out>, header=0x7fffffffd648, fd=4, l=0x7ffff7ff74d0) at ./dl-map-segments.h:72
#2  _dl_map_object_from_fd (name=name@entry=0x400789 "libstdc++.so.6", origname=origname@entry=0x0, fd=4, fbp=fbp@entry=0x7fffffffd640, realname=0x7ffff7ff74a0 "/usr/lib/x86_64-linux-gnu/libstdc++.so.6", loader=loader@entry=0x7ffff7ffe168, l_type=1, mode=0, stack_endp=0x7fffffffd638, nsid=0) at dl-load.c:1223
#3  0x00007ffff7ddfc27 in _dl_map_object (loader=0x7ffff7ffe168, name=0x400789 "libstdc++.so.6", type=1, trace_mode=0, mode=<optimized out>, nsid=<optimized out>) at dl-load.c:2476
#4  0x00007ffff7de4ba2 in openaux (a=a@entry=0x7fffffffdc20) at dl-deps.c:63
#5  0x00007ffff7de7564 in _dl_catch_error (objname=objname@entry=0x7fffffffdc18, errstring=errstring@entry=0x7fffffffdc10, mallocedp=mallocedp@entry=0x7fffffffdc0f, operate=operate@entry=0x7ffff7de4b70 <openaux>, args=args@entry=0x7fffffffdc20) at dl-error.c:187
#6  0x00007ffff7de51e2 in _dl_map_object_deps (map=map@entry=0x7ffff7ffe168, preloads=<optimized out>, npreloads=npreloads@entry=0, trace_mode=trace_mode@entry=0, open_mode=open_mode@entry=0) at dl-deps.c:254
#7  0x00007ffff7ddaa29 in dl_main (phdr=<optimized out>, phnum=<optimized out>, user_entry=<optimized out>, auxv=<optimized out>) at rtld.c:1647
#8  0x00007ffff7df0632 in _dl_sysdep_start (start_argptr=start_argptr@entry=0x7fffffffde70, dl_main=dl_main@entry=0x7ffff7dd91e0 <dl_main>) at ../elf/dl-sysdep.c:249
#9  0x00007ffff7dd8c2a in _dl_start_final (arg=0x7fffffffde70) at rtld.c:323
#10 _dl_start (arg=0x7fffffffde70) at rtld.c:429
#11 0x00007ffff7dd7c38 in _start () from /lib64/ld-linux-x86-64.so.2
#12 0x0000000000000003 in ?? ()
#13 0x00007fffffffe20c in ?? ()
#14 0x00007fffffffe21e in ?? ()
#15 0x00007fffffffe237 in ?? ()
#16 0x0000000000000000 in ?? ()

79	in ../sysdeps/unix/syscall-template.S

Backtrace END
Fliping a bit of the value pointed by a pointer
Fliping value of field: r_version
Memory content before bitflip:0x010x000x000x00
Fault Model: Single bit-flip
base address to flip value: 0x7ffff7ffe140 
address max offset: 4
Memory content after  bitflip:0x010x000x000x80
frame name: _dl_map_segments
symbol name: r
symbol filename: dl-load.c
symbol line: 881
value: 0x7ffff7ffe140 <_r_debug>
value address: 0x7fffffffd4c8
Type: The type is a pointer.
Type sizeof: 8

[INFO -- 2018-10-17 19:52:37]
Fault Injection Successful after 0.5786964893341064s
[INFO -- 2018-10-17 19:52:37]
event type: exit
[INFO -- 2018-10-17 19:52:37]
exit code: 0
