[INFO -- 2018-12-01 06:36:32]
Starting flip_value script
version: 1.1
[INFO -- 2018-12-01 06:36:32]
Initialization strings:
[INFO -- 2018-12-01 06:36:33]
(1) file /tmp/splay/main
[INFO -- 2018-12-01 06:36:33]
(2) set args /tmp/splay/input_100000 /tmp/splay/output_100000
[INFO -- 2018-12-01 06:36:33]
initSignal:0
[INFO -- 2018-12-01 06:36:33]
endSignal:5
[INFO -- 2018-12-01 06:36:33]
faultModel:1
[EXCEPTION -- 2018-12-01 06:36:33]
pythonException: Unable to exit loop in struct fields; Exiting wihtout making a bit flip
[INFO -- 2018-12-01 06:36:33]
Backtrace BEGIN:
#0  0x00007ffff7d34fd4 in __GI___libc_write (fd=1, buf=0x55555587dcf0, nbytes=17) at ../sysdeps/unix/sysv/linux/write.c:26
#1  0x00007ffff7cb633d in _IO_new_file_write (f=0x7ffff7e10760 <_IO_2_1_stdout_>, data=0x55555587dcf0, n=17) at fileops.c:1183
#2  0x00007ffff7cb7a71 in new_do_write (to_do=17, data=0x55555587dcf0 "1101011010111110\n", fp=0x7ffff7e10760 <_IO_2_1_stdout_>) at libioP.h:839
#3  _IO_new_do_write (fp=0x7ffff7e10760 <_IO_2_1_stdout_>, data=0x55555587dcf0 "1101011010111110\n", to_do=17) at fileops.c:433
#4  0x00007ffff7cb56f8 in _IO_new_file_sync (fp=0x7ffff7e10760 <_IO_2_1_stdout_>) at fileops.c:819
#5  0x00007ffff7caa32d in __GI__IO_fflush (fp=0x7ffff7e10760 <_IO_2_1_stdout_>) at libioP.h:839
#6  0x00007ffff7f4201e in std::ostream::flush() () from /usr/lib/x86_64-linux-gnu/libstdc++.so.6
#7  0x0000555555557afd in InOrder (root=0x5555556395b0) at splay.cpp:253
#8  0x0000555555557abd in InOrder (root=0x555555573250) at splay.cpp:252
#9  0x0000555555557abd in InOrder (root=0x5555557e95d0) at splay.cpp:252
#10 0x0000555555557abd in InOrder (root=0x555555842130) at splay.cpp:252
#11 0x0000555555557abd in InOrder (root=0x555555792f70) at splay.cpp:252
#12 0x0000555555557b0d in InOrder (root=0x555555712690) at splay.cpp:254
#13 0x0000555555557abd in InOrder (root=0x5555558549f0) at splay.cpp:252
#14 0x0000555555557abd in InOrder (root=0x555555869bf0) at splay.cpp:252
#15 0x0000555555557abd in InOrder (root=0x55555585ae70) at splay.cpp:252
#16 0x0000555555557b0d in InOrder (root=0x55555585fb90) at splay.cpp:254
#17 0x0000555555557b0d in InOrder (root=0x555555626f10) at splay.cpp:254
#18 0x0000555555557abd in InOrder (root=0x555555877770) at splay.cpp:252
#19 0x0000555555557b0d in InOrder (root=0x555555878250) at splay.cpp:254
#20 0x0000555555557abd in InOrder (root=0x555555878750) at splay.cpp:252
#21 0x0000555555557abd in InOrder (root=0x5555556563b0) at splay.cpp:252
#22 0x0000555555557b0d in InOrder (root=0x555555879550) at splay.cpp:254
#23 0x0000555555557b0d in InOrder (root=0x5555555cacd0) at splay.cpp:254
#24 0x0000555555557b0d in InOrder (root=0x555555676df0) at splay.cpp:254
#25 0x0000555555557b0d in InOrder (root=0x5555557ad850) at splay.cpp:254
#26 0x0000555555557b0d in InOrder (root=0x555555790b50) at splay.cpp:254
#27 0x0000555555557b0d in InOrder (root=0x55555587d6d0) at splay.cpp:254
#28 0x0000555555557abd in InOrder (root=0x55555587d770) at splay.cpp:252
#29 0x0000555555557abd in InOrder (root=0x55555572ac10) at splay.cpp:252
#30 0x0000555555557b0d in InOrder (root=0x555555748390) at splay.cpp:254
#31 0x0000555555557b0d in InOrder (root=0x55555587dbf0) at splay.cpp:254
#32 0x0000555555557b0d in InOrder (root=0x55555587dc90) at splay.cpp:254
#33 0x0000555555557abd in InOrder (root=0x555555696ef0) at splay.cpp:252
#34 0x0000555555557abd in InOrder (root=0x55555587dcd0) at splay.cpp:252
#35 0x00005555555564fe in main (argc=3, argv=0x7fffffffdfb8) at main.cpp:35

21	in ../sysdeps/unix/sysv/linux/write.c

Backtrace END
Fliping value of field: __overflow
Fliping a bit of the value pointed by a pointer
Memory content before bitflip:0x8b
Fault Model: Double bit-flip
base address to flip value: 0x7ffff7cb7e00 
address max offset: 1
Memory content after  bitflip:0xcf
frame name: new_do_write
symbol name: _IO_file_jumps_mmap
symbol filename: fileops.c
symbol line: 1465
value: {__dummy = 0, __dummy2 = 0, __finish = 0x7ffff7cb6e30 <_IO_new_file_finish>, __overflow = 0x7ffff7cb7e00 <_IO_new_file_overflow>, __underflow = 0x7ffff7cb6840 <_IO_file_underflow_mmap>, __uflow = 0x7ffff7cb8f60 <__GI__IO_default_uflow>, __pbackfail = 0x7ffff7cba5c0 <__GI__IO_default_pbackfail>, __xsputn = 0x7ffff7cb68f0 <_IO_new_file_xsputn>, __xsgetn = 0x7ffff7cb63b0 <_IO_file_xsgetn_mmap>, __seekoff = 0x7ffff7cb6700 <_IO_file_seekoff_mmap>, __seekpos = 0x7ffff7cb9610 <_IO_default_seekpos>, __setbuf = 0x7ffff7cb5770 <_IO_file_setbuf_mmap>, __sync = 0x7ffff7cb5a70 <_IO_file_sync_mmap>, __doallocate = 0x7ffff7ca9c10 <__GI__IO_file_doallocate>, __read = 0x7ffff7cb68d0 <__GI__IO_file_read>, __write = 0x7ffff7cb6310 <_IO_new_file_write>, __seek = 0x7ffff7cb5a60 <__GI__IO_file_seek>, __close = 0x7ffff7cb57d0 <_IO_file_close_mmap>, __stat = 0x7ffff7cb6300 <__GI__IO_file_stat>, __showmanyc = 0x7ffff7cba740 <_IO_default_showmanyc>, __imbue = 0x7ffff7cba750 <_IO_default_imbue>}
value address: 0x7ffff7e0c1e0 <_IO_file_jumps_mmap>
Type: The type is a structure.
Type sizeof: 168
Field name: __dummy
Field Type: The type is an integer type.
Field Type sizeof: 8
Field name: __dummy2
Field Type: The type is an integer type.
Field Type sizeof: 8
Field name: __finish
Field Type: The type is a pointer.
Field Type sizeof: 8
Field name: __overflow
Field Type: The type is a pointer.
Field Type sizeof: 8
Field name: __underflow
Field Type: The type is a pointer.
Field Type sizeof: 8
Field name: __uflow
Field Type: The type is a pointer.
Field Type sizeof: 8
Field name: __pbackfail
Field Type: The type is a pointer.
Field Type sizeof: 8
Field name: __xsputn
Field Type: The type is a pointer.
Field Type sizeof: 8
Field name: __xsgetn
Field Type: The type is a pointer.
Field Type sizeof: 8
Field name: __seekoff
Field Type: The type is a pointer.
Field Type sizeof: 8
Field name: __seekpos
Field Type: The type is a pointer.
Field Type sizeof: 8
Field name: __setbuf
Field Type: The type is a pointer.
Field Type sizeof: 8
Field name: __sync
Field Type: The type is a pointer.
Field Type sizeof: 8
Field name: __doallocate
Field Type: The type is a pointer.
Field Type sizeof: 8
Field name: __read
Field Type: The type is a pointer.
Field Type sizeof: 8
Field name: __write
Field Type: The type is a pointer.
Field Type sizeof: 8
Field name: __seek
Field Type: The type is a pointer.
Field Type sizeof: 8
Field name: __close
Field Type: The type is a pointer.
Field Type sizeof: 8
Field name: __stat
Field Type: The type is a pointer.
Field Type sizeof: 8
Field name: __showmanyc
Field Type: The type is a pointer.
Field Type sizeof: 8
Field name: __imbue
Field Type: The type is a pointer.
Field Type sizeof: 8

[INFO -- 2018-12-01 06:36:33]
Fault Injection Successful after 0.5780036449432373s
[INFO -- 2018-12-01 06:36:33]
event type: exit
[INFO -- 2018-12-01 06:36:33]
exit code: 0
