[INFO -- 2018-12-01 11:20:40]
Starting flip_value script
version: 1.1
[INFO -- 2018-12-01 11:20:40]
Initialization strings:
[INFO -- 2018-12-01 11:20:40]
(1) file /tmp/splay/main
[INFO -- 2018-12-01 11:20:40]
(2) set args /tmp/splay/input_100000 /tmp/splay/output_100000
[INFO -- 2018-12-01 11:20:40]
initSignal:0
[INFO -- 2018-12-01 11:20:40]
endSignal:5
[INFO -- 2018-12-01 11:20:40]
faultModel:1
[INFO -- 2018-12-01 11:20:41]
Backtrace BEGIN:
#0  _int_malloc (av=av@entry=0x7ffff7e0fc40 <main_arena>, bytes=bytes@entry=24) at malloc.c:4086
#1  0x00007ffff7cc0c23 in __GI___libc_malloc (bytes=24) at malloc.c:3041
#2  0x00007ffff7ec2248 in operator new(unsigned long) () from /usr/lib/x86_64-linux-gnu/libstdc++.so.6
#3  0x0000555555557845 in New_Node (key=3361270) at splay.cpp:112
#4  0x00005555555578ca in Insert (key=3361270, root=0x555555762fd0) at splay.cpp:136
#5  0x00005555555564bb in main (argc=3, argv=0x7fffffffdfb8) at main.cpp:31

4081	in malloc.c

Backtrace END
Fliping a bit of the pointer
Memory content before bitflip:0xb80xdf0xff0xff0xff0x7f0x000x00
Fault Model: Double bit-flip
base address to flip value: 0x7fffffffdc30
address max offset: 8
Memory content after  bitflip:0xb80x570xff0xff0xff0x7f0x000x00
frame name: main
symbol name: argv
symbol filename: main.cpp
symbol line: 14
value: 0x7fffffffdfb8
value address: 0x7fffffffdc30
Type: The type is a pointer.
Type sizeof: 8

[INFO -- 2018-12-01 11:20:41]
Fault Injection Successful after 1.2305455207824707s
[INFO -- 2018-12-01 11:20:41]
event type: exit
[INFO -- 2018-12-01 11:20:41]
exit code: 0
