[INFO -- 2018-11-25 15:41:57]
Starting flip_value script
version: 1.1
[INFO -- 2018-11-25 15:41:57]
Initialization strings:
[INFO -- 2018-11-25 15:41:57]
(1) file /tmp/BTree-dup/main
[INFO -- 2018-11-25 15:41:57]
(2)  set args /tmp/BTree-dup/input_100000 /tmp/BTree-dup/output_100000 /tmp/BTree-dup-detection.log /tmp/BTree-dup/output2_100000
[INFO -- 2018-11-25 15:41:57]
initSignal:0
[INFO -- 2018-11-25 15:41:57]
endSignal:2
[INFO -- 2018-11-25 15:41:57]
faultModel:0
[INFO -- 2018-11-25 15:41:59]
Backtrace BEGIN:
#0  0x000055555555764a in std::bitset<16ul>::_M_copy_to_string<char, std::char_traits<char>, std::allocator<char> > (this=0x7fffffffdac0, __s="", __zero=48 '0', __one=49 '1') at /usr/include/c++/7/bitset:1407
#1  0x00005555555573d7 in std::operator<< <char, std::char_traits<char>, 16ul> (__os=..., __x=std::bitset = {...}) at /usr/include/c++/7/bitset:1538
#2  0x0000555555556912 in BTreeNode::traverse (this=0x555555a6c9e0) at BTree_dup.cpp:594
#3  0x00005555555568d7 in BTreeNode::traverse (this=0x5555559c0510) at BTree_dup.cpp:593
#4  0x00005555555568d7 in BTreeNode::traverse (this=0x5555559cc450) at BTree_dup.cpp:593
#5  0x00005555555568d7 in BTreeNode::traverse (this=0x555555bbb720) at BTree_dup.cpp:593
#6  0x00005555555568d7 in BTreeNode::traverse (this=0x555555951810) at BTree_dup.cpp:593
#7  0x00005555555568d7 in BTreeNode::traverse (this=0x555555951b70) at BTree_dup.cpp:593
#8  0x00005555555568d7 in BTreeNode::traverse (this=0x555555acfef0) at BTree_dup.cpp:593
#9  0x00005555555568d7 in BTreeNode::traverse (this=0x555555815c40) at BTree_dup.cpp:593
#10 0x00005555555568d7 in BTreeNode::traverse (this=0x555555a2ab30) at BTree_dup.cpp:593
#11 0x00005555555572bb in BTree::traverse (this=0x7fffffffdd40) at BTree_dup.cpp:139
#12 0x0000555555556fbd in main (argc=5, argv=0x7fffffffde68) at BTree_dup.cpp:718

1402	      void
1403	      bitset<_Nb>::
1404	      _M_copy_to_string(std::basic_string<_CharT, _Traits, _Alloc>& __s,
1405				_CharT __zero, _CharT __one) const
1406	      {
1407		__s.assign(_Nb, __zero);
1408		for (size_t __i = _Nb; __i > 0; --__i)
1409		  if (_Unchecked_test(__i - 1))
1410		    _Traits::assign(__s[_Nb - __i], __one);
1411	      }

Backtrace END
Fliping a bit of the value pointed by a reference
Fliping value of field: std::_Base_bitset<1>
Fliping value of field: _M_w
Memory content before bitflip:0x1b0x170x000x000x000x000x000x00
Fault Model: Single bit-flip
base address to flip value: 0x7fffffffdac0
address max offset: 8
Memory content after  bitflip:0x1a0x170x000x000x000x000x000x00
frame name: std::operator<< <char, std::char_traits<char>, 16ul>
symbol name: __x
symbol filename: /usr/include/c++/7/bitset
symbol line: 1531
value: std::bitset = {[1] = 1, [3] = 1, [4] = 1, [8] = 1, [9] = 1, [10] = 1, [12] = 1}
value address: 0x7fffffffdac0
Type: A reference type.
Type sizeof: 8

[INFO -- 2018-11-25 15:41:59]
Fault Injection Successful after 2.2279114723205566s
[INFO -- 2018-11-25 15:41:59]
event type: exit
[INFO -- 2018-11-25 15:41:59]
exit code: 0
