[INFO -- 2018-11-30 20:58:12]
Starting flip_value script
version: 1.1
[INFO -- 2018-11-30 20:58:12]
Initialization strings:
[INFO -- 2018-11-30 20:58:12]
(1) file /tmp/splay/main
[INFO -- 2018-11-30 20:58:12]
(2) set args /tmp/splay/input_100000 /tmp/splay/output_100000
[INFO -- 2018-11-30 20:58:12]
initSignal:0
[INFO -- 2018-11-30 20:58:12]
endSignal:5
[INFO -- 2018-11-30 20:58:12]
faultModel:4
[EXCEPTION -- 2018-11-30 20:58:13]
pythonException: Unable to exit loop in struct fields; Exiting wihtout making a bit flip
[EXCEPTION -- 2018-11-30 20:58:13]
pythonException: Unable to exit loop in struct fields; Exiting wihtout making a bit flip
[INFO -- 2018-11-30 20:58:13]
event type: exit
[INFO -- 2018-11-30 20:58:13]
exit code: 0
