[INFO -- 2018-10-17 20:33:18]
Starting flip_value script
version: 1.1
[INFO -- 2018-10-17 20:33:18]
Initialization strings:
[INFO -- 2018-10-17 20:33:18]
(1) file /tmp/Tree234/main
[INFO -- 2018-10-17 20:33:18]
(2) set args /tmp/Tree234/input_50000 /tmp/Tree234/output_50000
[INFO -- 2018-10-17 20:33:18]
initSignal:0
[INFO -- 2018-10-17 20:33:18]
endSignal:2
[INFO -- 2018-10-17 20:33:18]
faultModel:0
[EXCEPTION -- 2018-10-17 20:33:19]
gdbException: Attempt to dereference a generic pointer.
[EXCEPTION -- 2018-10-17 20:33:19]
gdbException: Attempt to dereference a generic pointer.
[INFO -- 2018-10-17 20:33:19]
event type: exit
[INFO -- 2018-10-17 20:33:19]
exit code: 0
