[INFO -- 2018-11-30 21:59:31]
Starting flip_value script
version: 1.1
[INFO -- 2018-11-30 21:59:31]
Initialization strings:
[INFO -- 2018-11-30 21:59:31]
(1) file /tmp/splay/main
[INFO -- 2018-11-30 21:59:31]
(2) set args /tmp/splay/input_100000 /tmp/splay/output_100000
[INFO -- 2018-11-30 21:59:31]
initSignal:0
[INFO -- 2018-11-30 21:59:31]
endSignal:5
[INFO -- 2018-11-30 21:59:31]
faultModel:3
[INFO -- 2018-11-30 21:59:32]
Backtrace BEGIN:
#0  std::_Base_bitset<1ul>::_S_maskbit (__pos=0) at /usr/include/c++/8/bitset:407
#1  0x0000555555557f21 in std::bitset<16ul>::_Unchecked_test (this=0x7fffffffd4f0, __pos=0) at /usr/include/c++/8/bitset:1062
#2  0x0000555555557eb3 in std::bitset<16ul>::_M_copy_to_string<char, std::char_traits<char>, std::allocator<char> > (this=0x7fffffffd4f0, __s="1001100111011000", __zero=48 '0', __one=49 '1') at /usr/include/c++/8/bitset:1413
#3  0x0000555555557ded in std::operator<< <char, std::char_traits<char>, 16ul> (__os=..., __x=std::bitset = {...}) at /usr/include/c++/8/bitset:1542
#4  0x0000555555557ae8 in InOrder (root=0x555555617290) at splay.cpp:253
#5  0x0000555555557abd in InOrder (root=0x5555556fb810) at splay.cpp:252
#6  0x0000555555557b0d in InOrder (root=0x55555561d130) at splay.cpp:254
#7  0x0000555555557abd in InOrder (root=0x5555555d6590) at splay.cpp:252
#8  0x0000555555557b0d in InOrder (root=0x5555557ca3d0) at splay.cpp:254
#9  0x0000555555557abd in InOrder (root=0x55555583e490) at splay.cpp:252
#10 0x0000555555557abd in InOrder (root=0x555555679df0) at splay.cpp:252
#11 0x0000555555557abd in InOrder (root=0x5555558564f0) at splay.cpp:252
#12 0x0000555555557b0d in InOrder (root=0x55555584f3b0) at splay.cpp:254
#13 0x0000555555557b0d in InOrder (root=0x555555723ab0) at splay.cpp:254
#14 0x0000555555557b0d in InOrder (root=0x5555555c56d0) at splay.cpp:254
#15 0x0000555555557abd in InOrder (root=0x55555560bf70) at splay.cpp:252
#16 0x0000555555557b0d in InOrder (root=0x55555586ac70) at splay.cpp:254
#17 0x0000555555557b0d in InOrder (root=0x55555560f4b0) at splay.cpp:254
#18 0x0000555555557abd in InOrder (root=0x555555870590) at splay.cpp:252
#19 0x0000555555557b0d in InOrder (root=0x555555871d70) at splay.cpp:254
#20 0x0000555555557abd in InOrder (root=0x555555724d70) at splay.cpp:252
#21 0x0000555555557abd in InOrder (root=0x555555876430) at splay.cpp:252
#22 0x0000555555557b0d in InOrder (root=0x55555564b8b0) at splay.cpp:254
#23 0x0000555555557b0d in InOrder (root=0x5555556f61f0) at splay.cpp:254
#24 0x0000555555557b0d in InOrder (root=0x55555587a9b0) at splay.cpp:254
#25 0x0000555555557b0d in InOrder (root=0x5555555fe170) at splay.cpp:254
#26 0x0000555555557abd in InOrder (root=0x55555587b1f0) at splay.cpp:252
#27 0x0000555555557abd in InOrder (root=0x55555566aa30) at splay.cpp:252
#28 0x0000555555557b0d in InOrder (root=0x55555587b050) at splay.cpp:254
#29 0x0000555555557b0d in InOrder (root=0x5555555ac370) at splay.cpp:254
#30 0x0000555555557abd in InOrder (root=0x55555587c5b0) at splay.cpp:252
#31 0x0000555555557abd in InOrder (root=0x555555645730) at splay.cpp:252
#32 0x0000555555557abd in InOrder (root=0x5555557992b0) at splay.cpp:252
#33 0x0000555555557b0d in InOrder (root=0x55555587db30) at splay.cpp:254
#34 0x0000555555557abd in InOrder (root=0x55555587da30) at splay.cpp:252
#35 0x0000555555557abd in InOrder (root=0x55555587dbb0) at splay.cpp:252
#36 0x0000555555557abd in InOrder (root=0x5555557cfed0) at splay.cpp:252
#37 0x0000555555557b0d in InOrder (root=0x555555774190) at splay.cpp:254
#38 0x0000555555557b0d in InOrder (root=0x555555774870) at splay.cpp:254
#39 0x0000555555557abd in InOrder (root=0x55555587dcb0) at splay.cpp:252
#40 0x0000555555557b0d in InOrder (root=0x555555693810) at splay.cpp:254
#41 0x0000555555557b0d in InOrder (root=0x555555634c10) at splay.cpp:254
#42 0x0000555555557b0d in InOrder (root=0x55555587dcd0) at splay.cpp:254
#43 0x00005555555564fe in main (argc=3, argv=0x7fffffffdfb8) at main.cpp:35

402	      _S_whichbit(size_t __pos) _GLIBCXX_NOEXCEPT
403	      {  return __pos % _GLIBCXX_BITSET_BITS_PER_WORD; }
404	
405	      static _GLIBCXX_CONSTEXPR _WordT
406	      _S_maskbit(size_t __pos) _GLIBCXX_NOEXCEPT
407	      { return (static_cast<_WordT>(1)) << _S_whichbit(__pos); }
408	
409	      _WordT&
410	      _M_getword(size_t) _GLIBCXX_NOEXCEPT
411	      { return _M_w; }

Backtrace END
Fliping a bit of the value pointed by a pointer
Fliping value of field: lchild
Fliping a bit of the pointer
Memory content before bitflip:0xf00x840x870x550x550x550x000x00
Fault Model: Zero bit-flip
base address to flip value: 0x55555587a9b8
address max offset: 8
Memory content after  bitflip:0x000x000x000x000x000x000x000x00
frame name: InOrder
symbol name: root
symbol filename: splay.cpp
symbol line: 248
value: 0x55555587a9b0
value address: 0x7fffffffd8a8
Type: The type is a pointer.
Type sizeof: 8

[INFO -- 2018-11-30 21:59:32]
Fault Injection Successful after 1.1664891242980957s
[INFO -- 2018-11-30 21:59:32]
event type: exit
[INFO -- 2018-11-30 21:59:32]
exit code: 0
