[INFO -- 2018-11-25 21:15:34]
Starting flip_value script
version: 1.1
[INFO -- 2018-11-25 21:15:34]
Initialization strings:
[INFO -- 2018-11-25 21:15:34]
(1) file /tmp/BTree-dup/main
[INFO -- 2018-11-25 21:15:34]
(2)  set args /tmp/BTree-dup/input_100000 /tmp/BTree-dup/output_100000 /tmp/BTree-dup-detection.log /tmp/BTree-dup/output2_100000
[INFO -- 2018-11-25 21:15:34]
initSignal:0
[INFO -- 2018-11-25 21:15:34]
endSignal:2
[INFO -- 2018-11-25 21:15:34]
faultModel:1
[EXCEPTION -- 2018-11-25 21:15:36]
pythonException: Unable to exit loop in struct fields; Exiting wihtout making a bit flip
[INFO -- 2018-11-25 21:15:36]
Backtrace BEGIN:
#0  0x000055555555663b in BTreeNode::insertNonFull (this=0x555555c27570, k=3634385) at BTree_dup.cpp:537
#1  0x0000555555556639 in BTreeNode::insertNonFull (this=0x555555c27960, k=3634385) at BTree_dup.cpp:535
#2  0x0000555555556639 in BTreeNode::insertNonFull (this=0x555555d51ad0, k=3634385) at BTree_dup.cpp:535
#3  0x0000555555556639 in BTreeNode::insertNonFull (this=0x555555d51c80, k=3634385) at BTree_dup.cpp:535
#4  0x0000555555556639 in BTreeNode::insertNonFull (this=0x555555d8d170, k=3634385) at BTree_dup.cpp:535
#5  0x0000555555556639 in BTreeNode::insertNonFull (this=0x555555ef6eb0, k=3634385) at BTree_dup.cpp:535
#6  0x0000555555556639 in BTreeNode::insertNonFull (this=0x555555ef6e20, k=3634385) at BTree_dup.cpp:535
#7  0x0000555555556478 in BTree::insert (this=0x7fffffffda50, k=3634385) at BTree_dup.cpp:489
#8  0x0000555555556c25 in runner (input=0x7fffffffe22a "/tmp/BTree-dup/input_100000") at BTree_dup.cpp:664
#9  0x0000555555556f7a in main (argc=5, argv=0x7fffffffde68) at BTree_dup.cpp:712

532				if (keys[i+1] < k)
533					i++;
534			}
535			C[i+1]->insertNonFull(k);
536		}
537	}
538	
539	// A utility function to split the child y of this node
540	// Note that y must be full when this function is called
541	void BTreeNode::splitChild(int i, BTreeNode *y)

Backtrace END
Memory content before bitflip:0x010x000x000x00
Fault Model: Double bit-flip
base address to flip value: 0x7fffffffd8bc
address max offset: 4
Memory content after  bitflip:0xa10x000x000x00
frame name: BTreeNode::insertNonFull
symbol name: i
symbol filename: BTree_dup.cpp
symbol line: 499
value: 161
value address: 0x7fffffffd8bc
Type: The type is an integer type.
Type sizeof: 4

[INFO -- 2018-11-25 21:15:36]
Fault Injection Successful after 2.597339630126953s
[INFO -- 2018-11-25 21:15:37]
event type: exit
[INFO -- 2018-11-25 21:15:37]
exit code: 0
