[INFO -- 2018-12-01 11:48:02]
Starting flip_value script
version: 1.1
[INFO -- 2018-12-01 11:48:02]
Initialization strings:
[INFO -- 2018-12-01 11:48:02]
(1) file /tmp/splay/main
[INFO -- 2018-12-01 11:48:02]
(2) set args /tmp/splay/input_100000 /tmp/splay/output_100000
[INFO -- 2018-12-01 11:48:02]
initSignal:0
[INFO -- 2018-12-01 11:48:02]
endSignal:5
[INFO -- 2018-12-01 11:48:02]
faultModel:1
[INFO -- 2018-12-01 11:48:02]
Backtrace BEGIN:
#0  RR_Rotate (k2=0x5555557952b0) at splay.cpp:18
#1  0x0000555555557711 in Splay (key=2933303, root=0x5555557952b0) at splay.cpp:66
#2  0x0000555555557916 in Insert (key=2933303, root=0x5555557952b0) at splay.cpp:145
#3  0x00005555555564bb in main (argc=3, argv=0x7fffffffdfb8) at main.cpp:31

13	    X   Y                    Y    Z
14	*/
15	inline splay* RR_Rotate(splay* k2)
16	{
17		splay* k1 = k2->lchild;
18		k2->lchild = k1->rchild;
19		k1->rchild = k2;
20		return k1;
21	}
22	

Backtrace END
Fliping a bit of the pointer
Memory content before bitflip:0xb00x520x790x550x550x550x000x00
Fault Model: Double bit-flip
base address to flip value: 0x7fffffffdbc0
address max offset: 8
Memory content after  bitflip:0xb00x520x510x550x550x550x000x00
frame name: Splay
symbol name: root
symbol filename: splay.cpp
symbol line: 43
value: 0x5555557952b0
value address: 0x7fffffffdbc0
Type: The type is a pointer.
Type sizeof: 8

[INFO -- 2018-12-01 11:48:02]
Fault Injection Successful after 0.3818776607513428s
[INFO -- 2018-12-01 11:48:02]
event type: exit
[INFO -- 2018-12-01 11:48:02]
exit code: 0
