[INFO -- 2018-10-17 20:43:19]
sending 5 signals using command: 'killall -2 main' after 1.29855947664s
[INFO -- 2018-10-17 20:43:19]
sending 5 signals using command: 'killall -2 main' after 1.37267712359s
[INFO -- 2018-10-17 20:43:19]
sending 5 signals using command: 'killall -2 main' after 1.48895516565s
[INFO -- 2018-10-17 20:43:19]
Starting GDB script
[INFO -- 2018-10-17 20:43:19]
initSignal:0.0
[INFO -- 2018-10-17 20:43:19]
endSignal:2.0
[INFO -- 2018-10-17 20:43:19]
sending 5 signals using command: 'killall -2 main' after 0.0461933977835s
[INFO -- 2018-10-17 20:43:19]
sending 5 signals using command: 'killall -2 main' after 0.242196612692s
[INFO -- 2018-10-17 20:43:20]
sending 5 signals using command: 'killall -2 main' after 0.481590790514s
[INFO -- 2018-10-17 20:43:20]
Execution finished before waitTime
