[INFO -- 2018-12-01 08:45:17]
Starting flip_value script
version: 1.1
[INFO -- 2018-12-01 08:45:17]
Initialization strings:
[INFO -- 2018-12-01 08:45:17]
(1) file /tmp/splay/main
[INFO -- 2018-12-01 08:45:17]
(2) set args /tmp/splay/input_100000 /tmp/splay/output_100000
[INFO -- 2018-12-01 08:45:17]
initSignal:0
[INFO -- 2018-12-01 08:45:17]
endSignal:5
[INFO -- 2018-12-01 08:45:17]
faultModel:3
[EXCEPTION -- 2018-12-01 08:45:17]
pythonException: Unable to exit loop in struct fields; Exiting wihtout making a bit flip
[INFO -- 2018-12-01 08:45:17]
Backtrace BEGIN:
#0  0x00007ffff7d34fd4 in __GI___libc_write (fd=1, buf=0x55555587dcf0, nbytes=17) at ../sysdeps/unix/sysv/linux/write.c:26
#1  0x00007ffff7cb633d in _IO_new_file_write (f=0x7ffff7e10760 <_IO_2_1_stdout_>, data=0x55555587dcf0, n=17) at fileops.c:1183
#2  0x00007ffff7cb7a71 in new_do_write (to_do=17, data=0x55555587dcf0 "0111001000101100\n", fp=0x7ffff7e10760 <_IO_2_1_stdout_>) at libioP.h:839
#3  _IO_new_do_write (fp=0x7ffff7e10760 <_IO_2_1_stdout_>, data=0x55555587dcf0 "0111001000101100\n", to_do=17) at fileops.c:433
#4  0x00007ffff7cb56f8 in _IO_new_file_sync (fp=0x7ffff7e10760 <_IO_2_1_stdout_>) at fileops.c:819
#5  0x00007ffff7caa32d in __GI__IO_fflush (fp=0x7ffff7e10760 <_IO_2_1_stdout_>) at libioP.h:839
#6  0x00007ffff7f4201e in std::ostream::flush() () from /usr/lib/x86_64-linux-gnu/libstdc++.so.6
#7  0x0000555555557afd in InOrder (root=0x5555555b1eb0) at splay.cpp:253
#8  0x0000555555557b0d in InOrder (root=0x55555568d3d0) at splay.cpp:254
#9  0x0000555555557abd in InOrder (root=0x555555670690) at splay.cpp:252
#10 0x0000555555557abd in InOrder (root=0x5555558169f0) at splay.cpp:252
#11 0x0000555555557abd in InOrder (root=0x555555838ab0) at splay.cpp:252
#12 0x0000555555557abd in InOrder (root=0x555555610fd0) at splay.cpp:252
#13 0x0000555555557b0d in InOrder (root=0x55555583c630) at splay.cpp:254
#14 0x0000555555557abd in InOrder (root=0x555555846c50) at splay.cpp:252
#15 0x0000555555557abd in InOrder (root=0x5555556ba890) at splay.cpp:252
#16 0x0000555555557b0d in InOrder (root=0x5555555be770) at splay.cpp:254
#17 0x0000555555557abd in InOrder (root=0x555555689b70) at splay.cpp:252
#18 0x0000555555557abd in InOrder (root=0x555555589bb0) at splay.cpp:252
#19 0x0000555555557abd in InOrder (root=0x555555872b10) at splay.cpp:252
#20 0x0000555555557abd in InOrder (root=0x555555876c30) at splay.cpp:252
#21 0x0000555555557b0d in InOrder (root=0x5555557453f0) at splay.cpp:254
#22 0x0000555555557abd in InOrder (root=0x55555587ae70) at splay.cpp:252
#23 0x0000555555557abd in InOrder (root=0x55555587b510) at splay.cpp:252
#24 0x0000555555557b0d in InOrder (root=0x55555587a8b0) at splay.cpp:254
#25 0x0000555555557abd in InOrder (root=0x55555587b9d0) at splay.cpp:252
#26 0x0000555555557abd in InOrder (root=0x55555578add0) at splay.cpp:252
#27 0x0000555555557abd in InOrder (root=0x5555556488d0) at splay.cpp:252
#28 0x0000555555557abd in InOrder (root=0x55555587d810) at splay.cpp:252
#29 0x0000555555557b0d in InOrder (root=0x5555556accf0) at splay.cpp:254
#30 0x0000555555557b0d in InOrder (root=0x55555587dbd0) at splay.cpp:254
#31 0x0000555555557b0d in InOrder (root=0x55555568bd90) at splay.cpp:254
#32 0x0000555555557b0d in InOrder (root=0x55555587dcb0) at splay.cpp:254
#33 0x0000555555557b0d in InOrder (root=0x555555693810) at splay.cpp:254
#34 0x0000555555557b0d in InOrder (root=0x555555634c10) at splay.cpp:254
#35 0x0000555555557b0d in InOrder (root=0x55555587dcd0) at splay.cpp:254
#36 0x00005555555564fe in main (argc=3, argv=0x7fffffffdfb8) at main.cpp:35

21	in ../sysdeps/unix/sysv/linux/write.c

Backtrace END
Fliping a bit of the pointer
Memory content before bitflip:0xf00xcc0x6a0x550x550x550x000x00
Fault Model: Zero bit-flip
base address to flip value: 0x7fffffffdae8
address max offset: 8
Memory content after  bitflip:0x000x000x000x000x000x000x000x00
frame name: InOrder
symbol name: root
symbol filename: splay.cpp
symbol line: 248
value: 0x5555556accf0
value address: 0x7fffffffdae8
Type: The type is a pointer.
Type sizeof: 8

[INFO -- 2018-12-01 08:45:17]
Fault Injection Successful after 0.9990670680999756s
[INFO -- 2018-12-01 08:45:18]
event type: exit
[INFO -- 2018-12-01 08:45:18]
exit code: 0
