[INFO -- 2018-11-30 22:50:22]
Starting flip_value script
version: 1.1
[INFO -- 2018-11-30 22:50:22]
Initialization strings:
[INFO -- 2018-11-30 22:50:22]
(1) file /tmp/splay/main
[INFO -- 2018-11-30 22:50:22]
(2) set args /tmp/splay/input_100000 /tmp/splay/output_100000
[INFO -- 2018-11-30 22:50:22]
initSignal:0
[INFO -- 2018-11-30 22:50:22]
endSignal:5
[INFO -- 2018-11-30 22:50:22]
faultModel:4
[INFO -- 2018-11-30 22:50:23]
Backtrace BEGIN:
#0  Splay (key=3042816, root=0x5555555b1d30) at splay.cpp:64
#1  0x0000555555557916 in Insert (key=3042816, root=0x555555800310) at splay.cpp:145
#2  0x00005555555564bb in main (argc=3, argv=0x7fffffffdfb8) at main.cpp:31

59		{
60			if(key < root->key)
61			{
62				if(!root->lchild)
63					break;
64				if(key < root->lchild->key)
65				{
66					root = RR_Rotate(root); /* only zig-zig mode need to rotate once,
67											   because zig-zag mode is handled as zig
68											   mode, which doesn't require rotate, 

Backtrace END
Fliping a bit of the pointer
Memory content before bitflip:0x100x030x800x550x550x550x000x00
Fault Model: LSB bit-flip
base address to flip value: 0x7fffffffdc10
address max offset: 8
Memory content after  bitflip:0x100x030x800x550x550x550x000x40
frame name: Insert
symbol name: root
symbol filename: splay.cpp
symbol line: 132
value: 0x555555800310
value address: 0x7fffffffdc10
Type: The type is a pointer.
Type sizeof: 8

[INFO -- 2018-11-30 22:50:23]
Fault Injection Successful after 1.242630958557129s
[INFO -- 2018-11-30 22:50:23]
event type: exit
[INFO -- 2018-11-30 22:50:23]
exit code: 0
