[INFO -- 2018-10-12 06:02:44]
Starting flip_value script
version: 1.1
[INFO -- 2018-10-12 06:02:44]
Initialization strings:
[INFO -- 2018-10-12 06:02:44]
(1) file /tmp/BTree/main
[INFO -- 2018-10-12 06:02:44]
(2)  set args /tmp/BTree/input_100000 /tmp/BTree/output_100000
[INFO -- 2018-10-12 06:02:44]
initSignal:0
[INFO -- 2018-10-12 06:02:44]
endSignal:2
[INFO -- 2018-10-12 06:02:44]
faultModel:1
[EXCEPTION -- 2018-10-12 06:02:44]
gdbException: Tentativo de desreferenciar um ponteiro genérico.
[INFO -- 2018-10-12 06:02:45]
event type: exit
[INFO -- 2018-10-12 06:02:45]
exit code: 0
