[INFO -- 2018-11-25 21:22:01]
Starting flip_value script
version: 1.1
[INFO -- 2018-11-25 21:22:01]
Initialization strings:
[INFO -- 2018-11-25 21:22:01]
(1) file /tmp/BTree-dup/main
[INFO -- 2018-11-25 21:22:01]
(2)  set args /tmp/BTree-dup/input_100000 /tmp/BTree-dup/output_100000 /tmp/BTree-dup-detection.log /tmp/BTree-dup/output2_100000
[INFO -- 2018-11-25 21:22:01]
initSignal:0
[INFO -- 2018-11-25 21:22:01]
endSignal:2
[INFO -- 2018-11-25 21:22:01]
faultModel:4
[INFO -- 2018-11-25 21:22:03]
Backtrace BEGIN:
#0  0x00007ffff7ae0150 in __cxxabiv1::__vmi_class_type_info::__do_dyncast(long, __cxxabiv1::__class_type_info::__sub_kind, __cxxabiv1::__class_type_info const*, void const*, __cxxabiv1::__class_type_info const*, void const*, __cxxabiv1::__class_type_info::__dyncast_result&) const () from /usr/lib/x86_64-linux-gnu/libstdc++.so.6
#1  0x00007ffff7add3b6 in __dynamic_cast () from /usr/lib/x86_64-linux-gnu/libstdc++.so.6
#2  0x00007ffff7b5033b in std::ctype<char> const& std::use_facet<std::ctype<char> >(std::locale const&) () from /usr/lib/x86_64-linux-gnu/libstdc++.so.6
#3  0x000055555555738d in std::operator<< <char, std::char_traits<char>, 16ul> (__os=..., __x=std::bitset = {...}) at /usr/include/c++/7/bitset:1537
#4  0x0000555555556912 in BTreeNode::traverse (this=0x555555f8c0d0) at BTree_dup.cpp:594
#5  0x00005555555568d7 in BTreeNode::traverse (this=0x555555d0f4d0) at BTree_dup.cpp:593
#6  0x00005555555568d7 in BTreeNode::traverse (this=0x555555ead200) at BTree_dup.cpp:593
#7  0x000055555555695f in BTreeNode::traverse (this=0x555555eaee20) at BTree_dup.cpp:599
#8  0x000055555555695f in BTreeNode::traverse (this=0x555555f0fcf0) at BTree_dup.cpp:599
#9  0x00005555555568d7 in BTreeNode::traverse (this=0x555555da18d0) at BTree_dup.cpp:593
#10 0x00005555555568d7 in BTreeNode::traverse (this=0x555555fbe5c0) at BTree_dup.cpp:593
#11 0x00005555555568d7 in BTreeNode::traverse (this=0x555555ce1f30) at BTree_dup.cpp:593
#12 0x00005555555568d7 in BTreeNode::traverse (this=0x555555ef6e20) at BTree_dup.cpp:593
#13 0x00005555555572bb in BTree::traverse (this=0x7fffffffdd50) at BTree_dup.cpp:139
#14 0x0000555555556ff9 in main (argc=5, argv=0x7fffffffde68) at BTree_dup.cpp:725

677	    {
678	        file1.getline(string1,256);
679	        file2.getline(string2,256);
680	        j++;
681	        if(strcmp(string1,string2) != 0)
682	        {
683	            if (fp = fopen(detectLog, "a")) {
684	                fprintf(fp, "[%d]: %s %s\n",j,string1,string2);
685	                fclose(fp);
686	            }

Backtrace END
Fliping value of field: root
Fliping a bit of the pointer
Memory content before bitflip:0x200x6e0xef0x550x550x550x000x00
Fault Model: LSB bit-flip
base address to flip value: 0x7fffffffdd50
address max offset: 8
Memory content after  bitflip:0x200x6e0xef0x550x550x550x000x10
frame name: main
symbol name: bTree2
symbol filename: BTree_dup.cpp
symbol line: 705
value: {root = 0x1000555555ef6e20, t = 3}
value address: 0x7fffffffdd50
Type: The type is a structure.
Type sizeof: 16
Field name: root
Field Type: The type is a pointer.
Field Type sizeof: 8
Field name: t
Field Type: The type is an integer type.
Field Type sizeof: 4

[INFO -- 2018-11-25 21:22:03]
Fault Injection Successful after 2.805701494216919s
[INFO -- 2018-11-25 21:22:04]
event type: exit
[INFO -- 2018-11-25 21:22:04]
exit code: 0
