[INFO -- 2018-12-01 05:12:15]
Starting flip_value script
version: 1.1
[INFO -- 2018-12-01 05:12:15]
Initialization strings:
[INFO -- 2018-12-01 05:12:15]
(1) file /tmp/splay/main
[INFO -- 2018-12-01 05:12:15]
(2) set args /tmp/splay/input_100000 /tmp/splay/output_100000
[INFO -- 2018-12-01 05:12:15]
initSignal:0
[INFO -- 2018-12-01 05:12:15]
endSignal:5
[INFO -- 2018-12-01 05:12:15]
faultModel:2
[EXCEPTION -- 2018-12-01 05:12:15]
gdbException: Attempt to dereference a generic pointer.
[EXCEPTION -- 2018-12-01 05:12:15]
pythonException: Unable to exit loop in struct fields; Exiting wihtout making a bit flip
[EXCEPTION -- 2018-12-01 05:12:15]
pythonException: Unable to exit loop in struct fields; Exiting wihtout making a bit flip
[INFO -- 2018-12-01 05:12:16]
event type: exit
[INFO -- 2018-12-01 05:12:16]
exit code: 0
