[INFO -- 2018-10-12 04:42:55]
Starting flip_value script
version: 1.1
[INFO -- 2018-10-12 04:42:55]
Initialization strings:
[INFO -- 2018-10-12 04:42:55]
(1) file /tmp/BTree/main
[INFO -- 2018-10-12 04:42:55]
(2)  set args /tmp/BTree/input_100000 /tmp/BTree/output_100000
[INFO -- 2018-10-12 04:42:55]
initSignal:0
[INFO -- 2018-10-12 04:42:55]
endSignal:2
[INFO -- 2018-10-12 04:42:55]
faultModel:2
[EXCEPTION -- 2018-10-12 04:42:55]
gdbException: Tentativo de desreferenciar um ponteiro genérico.
[INFO -- 2018-10-12 04:42:55]
event type: exit
[INFO -- 2018-10-12 04:42:55]
exit code: 0
