[INFO -- 2018-10-17 20:05:24]
sending 5 signals using command: 'killall -2 main' after 1.18951041487s
[INFO -- 2018-10-17 20:05:25]
sending 5 signals using command: 'killall -2 main' after 1.51883120117s
[INFO -- 2018-10-17 20:05:25]
sending 5 signals using command: 'killall -2 main' after 1.67256847519s
[INFO -- 2018-10-17 20:05:25]
Starting GDB script
[INFO -- 2018-10-17 20:05:25]
initSignal:0.0
[INFO -- 2018-10-17 20:05:25]
endSignal:2.0
[INFO -- 2018-10-17 20:05:25]
sending 5 signals using command: 'killall -2 main' after 0.00905643790997s
[INFO -- 2018-10-17 20:05:26]
sending 5 signals using command: 'killall -2 main' after 0.962209302304s
[INFO -- 2018-10-17 20:05:26]
sending 5 signals using command: 'killall -2 main' after 0.972007306707s
[INFO -- 2018-10-17 20:05:26]
Execution finished before waitTime
