[INFO -- 2018-12-01 07:16:05]
Starting flip_value script
version: 1.1
[INFO -- 2018-12-01 07:16:05]
Initialization strings:
[INFO -- 2018-12-01 07:16:05]
(1) file /tmp/splay/main
[INFO -- 2018-12-01 07:16:05]
(2) set args /tmp/splay/input_100000 /tmp/splay/output_100000
[INFO -- 2018-12-01 07:16:05]
initSignal:0
[INFO -- 2018-12-01 07:16:05]
endSignal:5
[INFO -- 2018-12-01 07:16:05]
faultModel:1
[INFO -- 2018-12-01 07:16:05]
Backtrace BEGIN:
#0  Splay (key=4854177, root=0x55555558dd90) at splay.cpp:60
#1  0x0000555555557916 in Insert (key=4854177, root=0x555555692ab0) at splay.cpp:145
#2  0x00005555555564bb in main (argc=3, argv=0x7fffffffdfb8) at main.cpp:31

55		 The zig/zag mode would only happen when cannot find key and will reach
56		 null on one side after RR or LL Rotation.
57		 */
58		while(1)
59		{
60			if(key < root->key)
61			{
62				if(!root->lchild)
63					break;
64				if(key < root->lchild->key)

Backtrace END
Memory content before bitflip:0x030x000x000x00
Fault Model: Double bit-flip
base address to flip value: 0x7fffffffdc3c
address max offset: 4
Memory content after  bitflip:0x820x000x000x00
frame name: main
symbol name: argc
symbol filename: main.cpp
symbol line: 14
value: 130
value address: 0x7fffffffdc3c
Type: The type is an integer type.
Type sizeof: 4

[INFO -- 2018-12-01 07:16:05]
Fault Injection Successful after 0.42691993713378906s
[INFO -- 2018-12-01 07:16:05]
event type: exit
[INFO -- 2018-12-01 07:16:05]
exit code: 0
