[INFO -- 2018-10-16 23:32:15]
Starting flip_value script
version: 1.1
[INFO -- 2018-10-16 23:32:15]
Initialization strings:
[INFO -- 2018-10-16 23:32:15]
(1) file /tmp/Tree234/main
[INFO -- 2018-10-16 23:32:15]
(2) set args /tmp/Tree234/input_50000 /tmp/Tree234/output_50000
[INFO -- 2018-10-16 23:32:15]
initSignal:0
[INFO -- 2018-10-16 23:32:15]
endSignal:2
[INFO -- 2018-10-16 23:32:15]
faultModel:0
[EXCEPTION -- 2018-10-16 23:32:16]
gdbException: Attempt to dereference a generic pointer.
[INFO -- 2018-10-16 23:32:16]
event type: exit
[INFO -- 2018-10-16 23:32:16]
exit code: 0
