[INFO -- 2018-10-17 19:45:30]
sending 5 signals using command: 'killall -2 main' after 1.05882532112s
[INFO -- 2018-10-17 19:45:30]
sending 5 signals using command: 'killall -2 main' after 1.29788014039s
[INFO -- 2018-10-17 19:45:31]
sending 5 signals using command: 'killall -2 main' after 1.91442160168s
[INFO -- 2018-10-17 19:45:31]
Starting GDB script
[INFO -- 2018-10-17 19:45:31]
initSignal:0.0
[INFO -- 2018-10-17 19:45:31]
endSignal:2.0
[INFO -- 2018-10-17 19:45:31]
sending 5 signals using command: 'killall -2 main' after 0.106860386118s
[INFO -- 2018-10-17 19:45:32]
sending 5 signals using command: 'killall -2 main' after 0.810794581135s
[INFO -- 2018-10-17 19:45:32]
sending 5 signals using command: 'killall -2 main' after 0.928541663881s
[INFO -- 2018-10-17 19:45:32]
Execution finished before waitTime
