[INFO -- 2018-10-17 20:11:52]
Starting flip_value script
version: 1.1
[INFO -- 2018-10-17 20:11:52]
Initialization strings:
[INFO -- 2018-10-17 20:11:52]
(1) file /tmp/Tree234/main
[INFO -- 2018-10-17 20:11:52]
(2) set args /tmp/Tree234/input_50000 /tmp/Tree234/output_50000
[INFO -- 2018-10-17 20:11:52]
initSignal:0
[INFO -- 2018-10-17 20:11:52]
endSignal:2
[INFO -- 2018-10-17 20:11:52]
faultModel:0
[INFO -- 2018-10-17 20:11:52]
Backtrace BEGIN:
#0  0x00007ffff7de1a2b in dl_new_hash (s=0x7ffff7a9eb29 "2basic_stringIwS3_SaIwEEE") at dl-lookup.c:569
#1  _dl_lookup_symbol_x (undef_name=0x7ffff7a9eac3 "_ZNKSt7__cxx119money_putIwSt19ostreambuf_iteratorIwSt11char_traitsIwEEE6do_putES4_bRSt8ios_basewRKNS_12basic_stringIwS3_SaIwEEE", undef_map=undef_map@entry=0x7ffff7ff74d0, ref=ref@entry=0x7fffffffdc00, symbol_scope=symbol_scope@entry=0x7ffff7ff7828, version=0x7ffff7fd83c0, type_class=0, flags=1, skip_map=0x0) at dl-lookup.c:807
#2  0x00007ffff7de377d in elf_machine_rela (skip_ifunc=<optimized out>, reloc_addr_arg=0x7ffff7dccf20, version=<optimized out>, sym=0x7ffff7a7d028, reloc=0x7ffff7ad1d58, map=0x7ffff7ff74d0) at ../sysdeps/x86_64/dl-machine.h:301
#3  elf_dynamic_do_Rela (skip_ifunc=<optimized out>, lazy=<optimized out>, nrelative=<optimized out>, relsize=<optimized out>, reladdr=<optimized out>, map=0x7ffff7ff74d0) at do-rel.h:137
#4  _dl_relocate_object (scope=<optimized out>, reloc_mode=<optimized out>, consider_profiling=<optimized out>, consider_profiling@entry=0) at dl-reloc.c:258
#5  0x00007ffff7ddb0db in dl_main (phdr=<optimized out>, phnum=<optimized out>, user_entry=<optimized out>, auxv=<optimized out>) at rtld.c:2109
#6  0x00007ffff7df0632 in _dl_sysdep_start (start_argptr=start_argptr@entry=0x7fffffffde70, dl_main=dl_main@entry=0x7ffff7dd91e0 <dl_main>) at ../elf/dl-sysdep.c:249
#7  0x00007ffff7dd8c2a in _dl_start_final (arg=0x7fffffffde70) at rtld.c:323
#8  _dl_start (arg=0x7fffffffde70) at rtld.c:429
#9  0x00007ffff7dd7c38 in _start () from /lib64/ld-linux-x86-64.so.2
#10 0x0000000000000003 in ?? ()
#11 0x00007fffffffe20c in ?? ()
#12 0x00007fffffffe21e in ?? ()
#13 0x00007fffffffe237 in ?? ()
#14 0x0000000000000000 in ?? ()

564	in dl-lookup.c

Backtrace END
Fliping value of field: _dl_init_all_dirs
Fliping a bit of the value pointed by a pointer
Fliping value of field: where
Fliping a bit of the pointer
Memory content before bitflip:0x000x000x000x000x000x000x000x00
Fault Model: Single bit-flip
base address to flip value: 0x7ffff7ff6010
address max offset: 8
Memory content after  bitflip:0x000x000x000x400x000x000x000x00
frame name: _dl_start
symbol name: _rtld_global_ro
symbol filename: rtld.c
symbol line: 168
value: {_dl_debug_mask = 0, _dl_osversion = 263255, _dl_platform = 0x7fffffffe1f9 "x86_64", _dl_platformlen = 6, _dl_pagesize = 4096, _dl_inhibit_cache = 0, _dl_initial_searchlist = {r_list = 0x7ffff7fd8040, r_nlist = 7}, _dl_clktck = 100, _dl_verbose = 0, _dl_debug_fd = 2, _dl_lazy = 1, _dl_bind_not = 0, _dl_dynamic_weak = 0, _dl_fpu_control = 895, _dl_correct_cache_id = 771, _dl_hwcap = 3219913727, _dl_hwcap_mask = 0, _dl_auxv = 0x7fffffffe0b0, _dl_x86_cpu_features = {kind = arch_kind_intel, max_cpuid = 11, cpuid = {{eax = 132693, ebx = 1050624, ecx = 8577949, edx = 3219913727}, {eax = 0, ebx = 0, ecx = 0, edx = 0}, {eax = 0, ebx = 0, ecx = 0, edx = 0}}, family = 6, model = 37, feature = {49203}}, _dl_inhibit_rpath = 0x0, _dl_origin_path = 0x0, _dl_use_load_bias = 18446744073709551615, _dl_profile = 0x0, _dl_profile_output = 0x7ffff7df589c "/var/tmp", _dl_trace_prelink = 0x0, _dl_trace_prelink_map = 0x0, _dl_init_all_dirs = 0x7ffff7ff6000, _dl_sysinfo_dso = 0x7ffff7ffa000, _dl_sysinfo_map = 0x7ffff7ffe700, _dl_hwcap2 = 0, _dl_debug_printf = 0x7ffff7de8780 <_dl_debug_printf>, _dl_catch_error = 0x7ffff7de74f0 <_dl_catch_error>, _dl_signal_error = 0x7ffff7de72c0 <_dl_signal_error>, _dl_mcount = 0x7ffff7de9b20 <__GI__dl_mcount>, _dl_lookup_symbol_x = 0x7ffff7de19d0 <_dl_lookup_symbol_x>, _dl_check_caller = 0x7ffff7deb130 <_dl_check_caller>, _dl_open = 0x7ffff7debce0 <_dl_open>, _dl_close = 0x7ffff7dee160 <_dl_close>, _dl_tls_get_addr_soft = 0x7ffff7deacf0 <_dl_tls_get_addr_soft>, _dl_discover_osversion = 0x7ffff7df0b70 <_dl_discover_osversion>, _dl_audit = 0x0, _dl_naudit = 0}
value address: 0x7ffff7ffcca0 <_rtld_global_ro>
Type: The type is a structure.
Type sizeof: 368
Field name: _dl_debug_mask
Field Type: The type is an integer type.
Field Type sizeof: 4
Field name: _dl_osversion
Field Type: The type is an integer type.
Field Type sizeof: 4
Field name: _dl_platform
Field Type: The type is a pointer.
Field Type sizeof: 8
Field name: _dl_platformlen
Field Type: The type is an integer type.
Field Type sizeof: 8
Field name: _dl_pagesize
Field Type: The type is an integer type.
Field Type sizeof: 8
Field name: _dl_inhibit_cache
Field Type: The type is an integer type.
Field Type sizeof: 4
Field name: _dl_initial_searchlist
Field Type: The type is a structure.
Field Type sizeof: 16
Field name: _dl_clktck
Field Type: The type is an integer type.
Field Type sizeof: 4
Field name: _dl_verbose
Field Type: The type is an integer type.
Field Type sizeof: 4
Field name: _dl_debug_fd
Field Type: The type is an integer type.
Field Type sizeof: 4
Field name: _dl_lazy
Field Type: The type is an integer type.
Field Type sizeof: 4
Field name: _dl_bind_not
Field Type: The type is an integer type.
Field Type sizeof: 4
Field name: _dl_dynamic_weak
Field Type: The type is an integer type.
Field Type sizeof: 4
Field name: _dl_fpu_control
Field Type: The type is an integer type.
Field Type sizeof: 2
Field name: _dl_correct_cache_id
Field Type: The type is an integer type.
Field Type sizeof: 4
Field name: _dl_hwcap
Field Type: The type is an integer type.
Field Type sizeof: 8
Field name: _dl_hwcap_mask
Field Type: The type is an integer type.
Field Type sizeof: 8
Field name: _dl_auxv
Field Type: The type is a pointer.
Field Type sizeof: 8
Field name: _dl_x86_cpu_features
Field Type: The type is a structure.
Field Type sizeof: 68
Field name: _dl_inhibit_rpath
Field Type: The type is a pointer.
Field Type sizeof: 8
Field name: _dl_origin_path
Field Type: The type is a pointer.
Field Type sizeof: 8
Field name: _dl_use_load_bias
Field Type: The type is an integer type.
Field Type sizeof: 8
Field name: _dl_profile
Field Type: The type is a pointer.
Field Type sizeof: 8
Field name: _dl_profile_output
Field Type: The type is a pointer.
Field Type sizeof: 8
Field name: _dl_trace_prelink
Field Type: The type is a pointer.
Field Type sizeof: 8
Field name: _dl_trace_prelink_map
Field Type: The type is a pointer.
Field Type sizeof: 8
Field name: _dl_init_all_dirs
Field Type: The type is a pointer.
Field Type sizeof: 8
Field name: _dl_sysinfo_dso
Field Type: The type is a pointer.
Field Type sizeof: 8
Field name: _dl_sysinfo_map
Field Type: The type is a pointer.
Field Type sizeof: 8
Field name: _dl_hwcap2
Field Type: The type is an integer type.
Field Type sizeof: 8
Field name: _dl_debug_printf
Field Type: The type is a pointer.
Field Type sizeof: 8
Field name: _dl_catch_error
Field Type: The type is a pointer.
Field Type sizeof: 8
Field name: _dl_signal_error
Field Type: The type is a pointer.
Field Type sizeof: 8
Field name: _dl_mcount
Field Type: The type is a pointer.
Field Type sizeof: 8
Field name: _dl_lookup_symbol_x
Field Type: The type is a pointer.
Field Type sizeof: 8
Field name: _dl_check_caller
Field Type: The type is a pointer.
Field Type sizeof: 8
Field name: _dl_open
Field Type: The type is a pointer.
Field Type sizeof: 8
Field name: _dl_close
Field Type: The type is a pointer.
Field Type sizeof: 8
Field name: _dl_tls_get_addr_soft
Field Type: The type is a pointer.
Field Type sizeof: 8
Field name: _dl_discover_osversion
Field Type: The type is a pointer.
Field Type sizeof: 8
Field name: _dl_audit
Field Type: The type is a pointer.
Field Type sizeof: 8
Field name: _dl_naudit
Field Type: The type is an integer type.
Field Type sizeof: 4

[INFO -- 2018-10-17 20:11:52]
Fault Injection Successful after 0.7182705402374268s
[INFO -- 2018-10-17 20:11:53]
event type: exit
[INFO -- 2018-10-17 20:11:53]
exit code: 0
