[INFO -- 2018-12-01 12:38:13]
Starting flip_value script
version: 1.1
[INFO -- 2018-12-01 12:38:13]
Initialization strings:
[INFO -- 2018-12-01 12:38:13]
(1) file /tmp/splay/main
[INFO -- 2018-12-01 12:38:13]
(2) set args /tmp/splay/input_100000 /tmp/splay/output_100000
[INFO -- 2018-12-01 12:38:13]
initSignal:0
[INFO -- 2018-12-01 12:38:13]
endSignal:5
[INFO -- 2018-12-01 12:38:13]
faultModel:2
[EXCEPTION -- 2018-12-01 12:38:14]
pythonException: Unable to exit loop in struct fields; Exiting wihtout making a bit flip
[INFO -- 2018-12-01 12:38:14]
Backtrace BEGIN:
#0  Splay (key=2747954, root=0x5555555c1970) at splay.cpp:64
#1  0x0000555555557916 in Insert (key=2747954, root=0x5555555da930) at splay.cpp:145
#2  0x00005555555564bb in main (argc=3, argv=0x7fffffffdfb8) at main.cpp:31

59		{
60			if(key < root->key)
61			{
62				if(!root->lchild)
63					break;
64				if(key < root->lchild->key)
65				{
66					root = RR_Rotate(root); /* only zig-zig mode need to rotate once,
67											   because zig-zag mode is handled as zig
68											   mode, which doesn't require rotate, 

Backtrace END
Memory content before bitflip:0x030x000x000x00
Fault Model: Random bit-flip
base address to flip value: 0x7fffffffdc3c
address max offset: 4
Memory content after  bitflip:0x410xc00x350x75
frame name: main
symbol name: argc
symbol filename: main.cpp
symbol line: 14
value: 1966456897
value address: 0x7fffffffdc3c
Type: The type is an integer type.
Type sizeof: 4

[INFO -- 2018-12-01 12:38:14]
Fault Injection Successful after 1.2893686294555664s
[INFO -- 2018-12-01 12:38:14]
event type: exit
[INFO -- 2018-12-01 12:38:14]
exit code: 0
