[INFO -- 2018-10-11 23:35:02]
Starting flip_value script
version: 1.1
[INFO -- 2018-10-11 23:35:02]
Initialization strings:
[INFO -- 2018-10-11 23:35:02]
(1) file /tmp/BTree/main
[INFO -- 2018-10-11 23:35:02]
(2)  set args /tmp/BTree/input_100000 /tmp/BTree/output_100000
[INFO -- 2018-10-11 23:35:02]
initSignal:0
[INFO -- 2018-10-11 23:35:02]
endSignal:2
[INFO -- 2018-10-11 23:35:02]
faultModel:0
[INFO -- 2018-10-11 23:35:02]
Backtrace BEGIN:
#0  0x00007ffff7334154 in __GI___libc_write (fd=1, buf=0x555555bb83c0, nbytes=17) at ../sysdeps/unix/sysv/linux/write.c:27
#1  0x00007ffff72af1bd in _IO_new_file_write (f=0x7ffff7610760 <_IO_2_1_stdout_>, data=0x555555bb83c0, n=17) at fileops.c:1203
#2  0x00007ffff72b0f51 in new_do_write (to_do=17, data=0x555555bb83c0 "1101101010001000\n", fp=0x7ffff7610760 <_IO_2_1_stdout_>) at fileops.c:457
#3  _IO_new_do_write (fp=0x7ffff7610760 <_IO_2_1_stdout_>, data=0x555555bb83c0 "1101101010001000\n", to_do=17) at fileops.c:433
#4  0x00007ffff72ae788 in _IO_new_file_sync (fp=0x7ffff7610760 <_IO_2_1_stdout_>) at fileops.c:813
#5  0x00007ffff72a287d in __GI__IO_fflush (fp=0x7ffff7610760 <_IO_2_1_stdout_>) at iofflush.c:40
#6  0x00007ffff7b5ef5e in std::ostream::flush() () from /usr/lib/x86_64-linux-gnu/libstdc++.so.6
#7  0x00005555555563c7 in BTreeNode::traverse (this=0x5555558cfd30) at BTree.cpp:592
#8  0x0000555555556377 in BTreeNode::traverse (this=0x555555aac670) at BTree.cpp:591
#9  0x0000555555556377 in BTreeNode::traverse (this=0x5555558d14d0) at BTree.cpp:591
#10 0x0000555555556377 in BTreeNode::traverse (this=0x555555a8e730) at BTree.cpp:591
#11 0x00005555555563ff in BTreeNode::traverse (this=0x555555ad2cb0) at BTree.cpp:597
#12 0x00005555555563ff in BTreeNode::traverse (this=0x555555acc6e0) at BTree.cpp:597
#13 0x0000555555556377 in BTreeNode::traverse (this=0x555555812430) at BTree.cpp:591
#14 0x0000555555556377 in BTreeNode::traverse (this=0x555555a27320) at BTree.cpp:591
#15 0x0000555555556851 in BTree::traverse (this=0x7fffffffddc0) at BTree.cpp:137
#16 0x0000555555556630 in main (argc=3, argv=0x7fffffffded8) at BTree.cpp:668

22	../sysdeps/unix/sysv/linux/write.c: Arquivo ou diretório inexistente.

Backtrace END
Fliping a bit of the value pointed by a pointer
Fliping value of field: n
Memory content before bitflip:0x010x000x000x00
Fault Model: Single bit-flip
base address to flip value: 0x555555a27338
address max offset: 4
Memory content after  bitflip:0x010x000x000x80
frame name: BTreeNode::traverse
symbol name: this
symbol filename: BTree.cpp
symbol line: 0
value: 0x555555a27320
value address: 0x7fffffffdd48
Type: The type is a pointer.
Type sizeof: 8

[INFO -- 2018-10-11 23:35:02]
Fault Injection Successful after 0.6874992847442627s
[INFO -- 2018-10-11 23:35:02]
event type: exit
[INFO -- 2018-10-11 23:35:02]
exit code: 0
