[INFO -- 2018-11-30 21:36:34]
Starting flip_value script
version: 1.1
[INFO -- 2018-11-30 21:36:34]
Initialization strings:
[INFO -- 2018-11-30 21:36:34]
(1) file /tmp/splay/main
[INFO -- 2018-11-30 21:36:34]
(2) set args /tmp/splay/input_100000 /tmp/splay/output_100000
[INFO -- 2018-11-30 21:36:34]
initSignal:0
[INFO -- 2018-11-30 21:36:34]
endSignal:5
[INFO -- 2018-11-30 21:36:34]
faultModel:4
[EXCEPTION -- 2018-11-30 21:36:35]
pythonException: empty range for randrange() (0,0, 0)
[INFO -- 2018-11-30 21:36:35]
Backtrace BEGIN:
#0  Splay (key=3201990, root=0x5555556cda90) at splay.cpp:79
#1  0x0000555555557916 in Insert (key=3201990, root=0x5555557854f0) at splay.cpp:145
#2  0x00005555555564bb in main (argc=3, argv=0x7fffffffdfb8) at main.cpp:31

74				RightTreeMin->lchild = root;
75				RightTreeMin = RightTreeMin->lchild;
76				root = root->lchild;
77				RightTreeMin->lchild = NULL;
78			}
79			else if(key > root->key)
80			{
81				if(!root->rchild)
82					break;
83				if(key > root->rchild->key)

Backtrace END
Fliping value of field: _M_ok
Memory content before bitflip:0x01
Fault Model: LSB bit-flip
base address to flip value: 0x7fffffffdc5c
address max offset: 1
Memory content after  bitflip:0x21
frame name: main
symbol name: start
symbol filename: main.cpp
symbol line: 26
value: {<std::iterator<std::input_iterator_tag, int, long, int const*, int const&>> = {<No data fields>}, _M_stream = 0x7fffffffdcb0, _M_value = 1101642, _M_ok = 33}
value address: 0x7fffffffdc50
Type: The type is a structure.
Type sizeof: 16
Field name: std::iterator<std::input_iterator_tag, int, long, int const*, int const&>
Field Type: The type is a structure.
Field Type sizeof: 1
Field name: _M_stream
Field Type: The type is a pointer.
Field Type sizeof: 8
Field name: _M_value
Field Type: The type is an integer type.
Field Type sizeof: 4
Field name: _M_ok
Field Type: A boolean type.
Field Type sizeof: 1

[INFO -- 2018-11-30 21:36:35]
Fault Injection Successful after 1.2121117115020752s
[INFO -- 2018-11-30 21:36:35]
event type: exit
[INFO -- 2018-11-30 21:36:35]
exit code: 0
