[INFO -- 2018-11-25 20:55:11]
Starting flip_value script
version: 1.1
[INFO -- 2018-11-25 20:55:11]
Initialization strings:
[INFO -- 2018-11-25 20:55:11]
(1) file /tmp/BTree-dup/main
[INFO -- 2018-11-25 20:55:11]
(2)  set args /tmp/BTree-dup/input_100000 /tmp/BTree-dup/output_100000 /tmp/BTree-dup-detection.log /tmp/BTree-dup/output2_100000
[INFO -- 2018-11-25 20:55:11]
initSignal:0
[INFO -- 2018-11-25 20:55:11]
endSignal:2
[INFO -- 2018-11-25 20:55:11]
faultModel:3
[EXCEPTION -- 2018-11-25 20:55:12]
pythonException: Unable to exit loop in struct fields; Exiting wihtout making a bit flip
[EXCEPTION -- 2018-11-25 20:55:12]
pythonException: Unable to exit loop in struct fields; Exiting wihtout making a bit flip
[EXCEPTION -- 2018-11-25 20:55:13]
pythonException: Unable to exit loop in struct fields; Exiting wihtout making a bit flip
[INFO -- 2018-11-25 20:55:14]
event type: exit
[INFO -- 2018-11-25 20:55:14]
exit code: 0
