[INFO -- 2018-10-18 00:57:54]
Starting flip_value script
version: 1.1
[INFO -- 2018-10-18 00:57:54]
Initialization strings:
[INFO -- 2018-10-18 00:57:54]
(1) file /tmp/Tree234/main
[INFO -- 2018-10-18 00:57:54]
(2) set args /tmp/Tree234/input_50000 /tmp/Tree234/output_50000
[INFO -- 2018-10-18 00:57:54]
initSignal:0
[INFO -- 2018-10-18 00:57:54]
endSignal:2
[INFO -- 2018-10-18 00:57:54]
faultModel:0
[EXCEPTION -- 2018-10-18 00:57:55]
gdbException: Attempt to dereference a generic pointer.
[INFO -- 2018-10-18 00:57:55]
event type: exit
[INFO -- 2018-10-18 00:57:55]
exit code: 0
