[INFO -- 2018-12-01 08:09:03]
Starting flip_value script
version: 1.1
[INFO -- 2018-12-01 08:09:03]
Initialization strings:
[INFO -- 2018-12-01 08:09:03]
(1) file /tmp/splay/main
[INFO -- 2018-12-01 08:09:03]
(2) set args /tmp/splay/input_100000 /tmp/splay/output_100000
[INFO -- 2018-12-01 08:09:03]
initSignal:0
[INFO -- 2018-12-01 08:09:03]
endSignal:5
[INFO -- 2018-12-01 08:09:03]
faultModel:3
[INFO -- 2018-12-01 08:09:03]
Backtrace BEGIN:
#0  0x0000555555557ebc in std::bitset<16ul>::_M_copy_to_string<char, std::char_traits<char>, std::allocator<char> > (this=0x7fffffffd880, __s="0101001100000000", __zero=48 '0', __one=49 '1') at /usr/include/c++/8/bitset:1414
#1  0x0000555555557ded in std::operator<< <char, std::char_traits<char>, 16ul> (__os=..., __x=std::bitset = {...}) at /usr/include/c++/8/bitset:1542
#2  0x0000555555557ae8 in InOrder (root=0x5555556b5730) at splay.cpp:253
#3  0x0000555555557b0d in InOrder (root=0x55555585daf0) at splay.cpp:254
#4  0x0000555555557abd in InOrder (root=0x55555581e510) at splay.cpp:252
#5  0x0000555555557b0d in InOrder (root=0x55555586a1f0) at splay.cpp:254
#6  0x0000555555557b0d in InOrder (root=0x555555876cf0) at splay.cpp:254
#7  0x0000555555557b0d in InOrder (root=0x55555587c4b0) at splay.cpp:254
#8  0x0000555555557b0d in InOrder (root=0x5555557152f0) at splay.cpp:254
#9  0x0000555555557abd in InOrder (root=0x55555587cd10) at splay.cpp:252
#10 0x0000555555557abd in InOrder (root=0x55555587d030) at splay.cpp:252
#11 0x0000555555557b0d in InOrder (root=0x5555557b8ab0) at splay.cpp:254
#12 0x0000555555557b0d in InOrder (root=0x55555587d630) at splay.cpp:254
#13 0x0000555555557b0d in InOrder (root=0x5555555bde90) at splay.cpp:254
#14 0x0000555555557b0d in InOrder (root=0x55555587d810) at splay.cpp:254
#15 0x0000555555557b0d in InOrder (root=0x5555556accf0) at splay.cpp:254
#16 0x0000555555557b0d in InOrder (root=0x55555587dbd0) at splay.cpp:254
#17 0x0000555555557b0d in InOrder (root=0x55555568bd90) at splay.cpp:254
#18 0x0000555555557b0d in InOrder (root=0x55555587dcb0) at splay.cpp:254
#19 0x0000555555557b0d in InOrder (root=0x555555693810) at splay.cpp:254
#20 0x0000555555557b0d in InOrder (root=0x555555634c10) at splay.cpp:254
#21 0x0000555555557b0d in InOrder (root=0x55555587dcd0) at splay.cpp:254
#22 0x00005555555564fe in main (argc=3, argv=0x7fffffffdfb8) at main.cpp:35

1409				_CharT __zero, _CharT __one) const
1410	      {
1411		__s.assign(_Nb, __zero);
1412		for (size_t __i = _Nb; __i > 0; --__i)
1413		  if (_Unchecked_test(__i - 1))
1414		    _Traits::assign(__s[_Nb - __i], __one);
1415	      }
1416	
1417	  // 23.3.5.3 bitset operations:
1418	  //@{

Backtrace END
Fliping a bit of the pointer
Memory content before bitflip:0xb00xc40x870x550x550x550x000x00
Fault Model: Zero bit-flip
base address to flip value: 0x7fffffffd968
address max offset: 8
Memory content after  bitflip:0x000x000x000x000x000x000x000x00
frame name: InOrder
symbol name: root
symbol filename: splay.cpp
symbol line: 248
value: 0x55555587c4b0
value address: 0x7fffffffd968
Type: The type is a pointer.
Type sizeof: 8

[INFO -- 2018-12-01 08:09:03]
Fault Injection Successful after 0.9668087959289551s
[INFO -- 2018-12-01 08:09:03]
event type: exit
[INFO -- 2018-12-01 08:09:03]
exit code: 0
