[INFO -- 2018-10-12 01:01:37]
Starting flip_value script
version: 1.1
[INFO -- 2018-10-12 01:01:37]
Initialization strings:
[INFO -- 2018-10-12 01:01:37]
(1) file /tmp/BTree/main
[INFO -- 2018-10-12 01:01:37]
(2)  set args /tmp/BTree/input_100000 /tmp/BTree/output_100000
[INFO -- 2018-10-12 01:01:37]
initSignal:0
[INFO -- 2018-10-12 01:01:37]
endSignal:2
[INFO -- 2018-10-12 01:01:37]
faultModel:0
[INFO -- 2018-10-12 01:01:38]
Backtrace BEGIN:
#0  0x0000555555556a3d in std::bitset<16ul>::_M_copy_to_string<char, std::char_traits<char>, std::allocator<char> > (this=0x7fffffffdba0, __s="0011111010010010", __zero=48 '0', __one=49 '1') at /usr/include/c++/7/bitset:1411
#1  0x0000555555556943 in std::operator<< <char, std::char_traits<char>, 16ul> (__os=..., __x=std::bitset = {...}) at /usr/include/c++/7/bitset:1538
#2  0x00005555555563b2 in BTreeNode::traverse (this=0x5555558f8140) at BTree.cpp:592
#3  0x0000555555556377 in BTreeNode::traverse (this=0x5555559ec850) at BTree.cpp:591
#4  0x0000555555556377 in BTreeNode::traverse (this=0x5555558e34d0) at BTree.cpp:591
#5  0x0000555555556377 in BTreeNode::traverse (this=0x5555558e3830) at BTree.cpp:591
#6  0x00005555555563ff in BTreeNode::traverse (this=0x55555577ab40) at BTree.cpp:597
#7  0x0000555555556377 in BTreeNode::traverse (this=0x55555579e990) at BTree.cpp:591
#8  0x0000555555556377 in BTreeNode::traverse (this=0x555555812430) at BTree.cpp:591
#9  0x0000555555556377 in BTreeNode::traverse (this=0x555555a27320) at BTree.cpp:591
#10 0x0000555555556851 in BTree::traverse (this=0x7fffffffddc0) at BTree.cpp:137
#11 0x0000555555556630 in main (argc=3, argv=0x7fffffffded8) at BTree.cpp:668

1406	      {
1407		__s.assign(_Nb, __zero);
1408		for (size_t __i = _Nb; __i > 0; --__i)
1409		  if (_Unchecked_test(__i - 1))
1410		    _Traits::assign(__s[_Nb - __i], __one);
1411	      }
1412	
1413	  // 23.3.5.3 bitset operations:
1414	  //@{
1415	  /**

Backtrace END
Memory content before bitflip:0x020x000x000x00
Fault Model: Single bit-flip
base address to flip value: 0x7fffffffdc9c
address max offset: 4
Memory content after  bitflip:0x120x000x000x00
frame name: BTreeNode::traverse
symbol name: i
symbol filename: BTree.cpp
symbol line: 585
value: 18
value address: 0x7fffffffdc9c
Type: The type is an integer type.
Type sizeof: 4

[INFO -- 2018-10-12 01:01:38]
Fault Injection Successful after 1.3930518627166748s
[INFO -- 2018-10-12 01:01:38]
event type: exit
[INFO -- 2018-10-12 01:01:38]
exit code: 0
