[INFO -- 2018-11-30 19:05:05]
Starting flip_value script
version: 1.1
[INFO -- 2018-11-30 19:05:05]
Initialization strings:
[INFO -- 2018-11-30 19:05:05]
(1) file /tmp/splay/main
[INFO -- 2018-11-30 19:05:05]
(2) set args /tmp/splay/input_100000 /tmp/splay/output_100000
[INFO -- 2018-11-30 19:05:05]
initSignal:0
[INFO -- 2018-11-30 19:05:05]
endSignal:5
[INFO -- 2018-11-30 19:05:05]
faultModel:2
[EXCEPTION -- 2018-11-30 19:05:05]
gdbException: Attempt to dereference a generic pointer.
[INFO -- 2018-11-30 19:05:05]
event type: exit
[INFO -- 2018-11-30 19:05:05]
exit code: 0
