[INFO -- 2018-11-25 23:32:39]
Starting flip_value script
version: 1.1
[INFO -- 2018-11-25 23:32:39]
Initialization strings:
[INFO -- 2018-11-25 23:32:39]
(1) file /tmp/BTree-dup/main
[INFO -- 2018-11-25 23:32:39]
(2)  set args /tmp/BTree-dup/input_100000 /tmp/BTree-dup/output_100000 /tmp/BTree-dup-detection.log /tmp/BTree-dup/output2_100000
[INFO -- 2018-11-25 23:32:39]
initSignal:0
[INFO -- 2018-11-25 23:32:39]
endSignal:2
[INFO -- 2018-11-25 23:32:39]
faultModel:3
[EXCEPTION -- 2018-11-25 23:32:40]
pythonException: Unable to exit loop in struct fields; Exiting wihtout making a bit flip
[INFO -- 2018-11-25 23:32:40]
Backtrace BEGIN:
#0  0x00007ffff7b5fb70 in std::basic_ostream<char, std::char_traits<char> >& std::endl<char, std::char_traits<char> >(std::basic_ostream<char, std::char_traits<char> >&) () from /usr/lib/x86_64-linux-gnu/libstdc++.so.6
#1  0x0000555555556927 in BTreeNode::traverse (this=0x555555a2ebe0) at BTree_dup.cpp:594
#2  0x00005555555568d7 in BTreeNode::traverse (this=0x555555a2eb50) at BTree_dup.cpp:593
#3  0x00005555555568d7 in BTreeNode::traverse (this=0x55555597b060) at BTree_dup.cpp:593
#4  0x00005555555568d7 in BTreeNode::traverse (this=0x5555559e6be0) at BTree_dup.cpp:593
#5  0x00005555555568d7 in BTreeNode::traverse (this=0x5555558cf250) at BTree_dup.cpp:593
#6  0x00005555555568d7 in BTreeNode::traverse (this=0x555555b30040) at BTree_dup.cpp:593
#7  0x00005555555568d7 in BTreeNode::traverse (this=0x5555558f2290) at BTree_dup.cpp:593
#8  0x00005555555568d7 in BTreeNode::traverse (this=0x555555815c40) at BTree_dup.cpp:593
#9  0x00005555555568d7 in BTreeNode::traverse (this=0x555555a2ab30) at BTree_dup.cpp:593
#10 0x00005555555572bb in BTree::traverse (this=0x7fffffffdd40) at BTree_dup.cpp:139
#11 0x0000555555556fbd in main (argc=5, argv=0x7fffffffde68) at BTree_dup.cpp:718

697	
698		 clock_t start_time, stop_time;
699	    double diff_time;
700	
701	    start_time = clock();
702	    
703	
704	    BTree bTree1(3);
705	    BTree bTree2(3); 
706	    // char output2[9] = "output2_";

Backtrace END
Memory content before bitflip:0x030x000x000x00
Fault Model: Zero bit-flip
base address to flip value: 0x7fffffffdabc
address max offset: 4
Memory content after  bitflip:0x000x000x000x00
frame name: BTreeNode::traverse
symbol name: i
symbol filename: BTree_dup.cpp
symbol line: 587
value: 0
value address: 0x7fffffffdabc
Type: The type is an integer type.
Type sizeof: 4

[INFO -- 2018-11-25 23:32:40]
Fault Injection Successful after 1.6898555755615234s
[INFO -- 2018-11-25 23:32:43]
event type: exit
[INFO -- 2018-11-25 23:32:43]
exit code: 0
