[INFO -- 2018-11-26 01:24:59]
Starting flip_value script
version: 1.1
[INFO -- 2018-11-26 01:24:59]
Initialization strings:
[INFO -- 2018-11-26 01:24:59]
(1) file /tmp/BTree-dup/main
[INFO -- 2018-11-26 01:24:59]
(2)  set args /tmp/BTree-dup/input_100000 /tmp/BTree-dup/output_100000 /tmp/BTree-dup-detection.log /tmp/BTree-dup/output2_100000
[INFO -- 2018-11-26 01:24:59]
initSignal:0
[INFO -- 2018-11-26 01:24:59]
endSignal:2
[INFO -- 2018-11-26 01:24:59]
faultModel:3
[EXCEPTION -- 2018-11-26 01:25:00]
pythonException: Unable to exit loop in struct fields; Exiting wihtout making a bit flip
[INFO -- 2018-11-26 01:25:00]
Backtrace BEGIN:
#0  0x00007ffff7b58a82 in std::istreambuf_iterator<char, std::char_traits<char> > std::num_get<char, std::istreambuf_iterator<char, std::char_traits<char> > >::_M_extract_int<long>(std::istreambuf_iterator<char, std::char_traits<char> >, std::istreambuf_iterator<char, std::char_traits<char> >, std::ios_base&, std::_Ios_Iostate&, long&) const () from /usr/lib/x86_64-linux-gnu/libstdc++.so.6
#1  0x00007ffff7b479b6 in std::istream::operator>>(int&) () from /usr/lib/x86_64-linux-gnu/libstdc++.so.6
#2  0x0000555555557742 in std::istream_iterator<int, char, std::char_traits<char>, long>::_M_read (this=0x7fffffffd960) at /usr/include/c++/7/bits/stream_iterator.h:121
#3  0x0000555555557ab2 in std::istream_iterator<int, char, std::char_traits<char>, long>::operator++ (this=0x7fffffffd960) at /usr/include/c++/7/bits/stream_iterator.h:95
#4  0x00005555555579f3 in std::vector<int, std::allocator<int> >::_M_range_initialize<std::istream_iterator<int, char, std::char_traits<char>, long> > (this=0x7fffffffdaa0, __first=..., __last=...) at /usr/include/c++/7/bits/stl_vector.h:1308
#5  0x0000555555557882 in std::vector<int, std::allocator<int> >::_M_initialize_dispatch<std::istream_iterator<int, char, std::char_traits<char>, long> > (this=0x7fffffffdaa0, __first=..., __last=...) at /usr/include/c++/7/bits/stl_vector.h:1299
#6  0x0000555555557569 in std::vector<int, std::allocator<int> >::vector<std::istream_iterator<int, char, std::char_traits<char>, long>, void> (this=0x7fffffffdaa0, __first=..., __last=..., __a=...) at /usr/include/c++/7/bits/stl_vector.h:414
#7  0x0000555555556bbc in runner (input=0x7fffffffe22a "/tmp/BTree-dup/input_100000") at BTree_dup.cpp:660
#8  0x0000555555556f51 in main (argc=5, argv=0x7fffffffde68) at BTree_dup.cpp:711

687	        }
688	    }
689	}
690	
691	int main(int argc, char * argv[]) {
692	
693	    if (argc != 5){
694	        cerr << "Uso correto: ./main [input file] [output file] [log file] [output2 file]" << endl;
695	        return 0;
696	    }

Backtrace END
Fliping a bit of the value pointed by a pointer
Fliping value of field: _M_value
Memory content before bitflip:0xd50x660x340x00
Fault Model: Zero bit-flip
base address to flip value: 0x7fffffffd968
address max offset: 4
Memory content after  bitflip:0x000x000x000x00
frame name: std::istream_iterator<int, char, std::char_traits<char>, long>::operator++
symbol name: this
symbol filename: BTree_dup.cpp
symbol line: 0
value: 0x7fffffffd960
value address: 0x7fffffffd8e8
Type: The type is a pointer.
Type sizeof: 8

[INFO -- 2018-11-26 01:25:00]
Fault Injection Successful after 1.2682230472564697s
[INFO -- 2018-11-26 01:25:01]
event type: exit
[INFO -- 2018-11-26 01:25:01]
exit code: 0
