[INFO -- 2018-11-28 20:03:26]
Starting flip_value script
version: 1.1
[INFO -- 2018-11-28 20:03:26]
Initialization strings:
[INFO -- 2018-11-28 20:03:26]
(1) file /tmp/Tree234/main
[INFO -- 2018-11-28 20:03:26]
(2) set args /tmp/Tree234/input_50000 /tmp/Tree234/output_50000 /tmp/Tree234/detectionLog_50000.log /tmp/Tree234/output2_50000
[INFO -- 2018-11-28 20:03:26]
initSignal:0
[INFO -- 2018-11-28 20:03:26]
endSignal:5
[INFO -- 2018-11-28 20:03:26]
faultModel:2
[EXCEPTION -- 2018-11-28 20:03:26]
gdbException: Attempt to dereference a generic pointer.
[INFO -- 2018-11-28 20:03:27]
event type: exit
[INFO -- 2018-11-28 20:03:27]
exit code: 0
