[INFO -- 2018-12-01 00:35:02]
sending 5 signals using command: 'killall -2 main' after 3.2318881813s
[INFO -- 2018-12-01 00:35:02]
sending 5 signals using command: 'killall -2 main' after 3.81852706415s
[INFO -- 2018-12-01 00:35:03]
sending 5 signals using command: 'killall -2 main' after 4.8451255981s
[INFO -- 2018-12-01 00:35:03]
Starting GDB script
[INFO -- 2018-12-01 00:35:03]
initSignal:0.0
[INFO -- 2018-12-01 00:35:03]
endSignal:5.0
[INFO -- 2018-12-01 00:35:03]
sending 5 signals using command: 'killall -2 main' after 0.0965104427958s
[INFO -- 2018-12-01 00:35:04]
sending 5 signals using command: 'killall -2 main' after 0.434247669738s
[INFO -- 2018-12-01 00:35:04]
sending 5 signals using command: 'killall -2 main' after 0.703225174422s
[INFO -- 2018-12-01 00:35:05]
Execution finished before waitTime
