[INFO -- 2018-12-01 10:54:27]
Starting flip_value script
version: 1.1
[INFO -- 2018-12-01 10:54:27]
Initialization strings:
[INFO -- 2018-12-01 10:54:27]
(1) file /tmp/splay/main
[INFO -- 2018-12-01 10:54:27]
(2) set args /tmp/splay/input_100000 /tmp/splay/output_100000
[INFO -- 2018-12-01 10:54:27]
initSignal:0
[INFO -- 2018-12-01 10:54:27]
endSignal:5
[INFO -- 2018-12-01 10:54:27]
faultModel:1
[INFO -- 2018-12-01 10:54:28]
Backtrace BEGIN:
#0  0x00007ffff7d34fd4 in __GI___libc_write (fd=1, buf=0x55555587dcf0, nbytes=17) at ../sysdeps/unix/sysv/linux/write.c:26
#1  0x00007ffff7cb633d in _IO_new_file_write (f=0x7ffff7e10760 <_IO_2_1_stdout_>, data=0x55555587dcf0, n=17) at fileops.c:1183
#2  0x00007ffff7cb7a71 in new_do_write (to_do=17, data=0x55555587dcf0 "1011010100011110\n", fp=0x7ffff7e10760 <_IO_2_1_stdout_>) at libioP.h:839
#3  _IO_new_do_write (fp=0x7ffff7e10760 <_IO_2_1_stdout_>, data=0x55555587dcf0 "1011010100011110\n", to_do=17) at fileops.c:433
#4  0x00007ffff7cb56f8 in _IO_new_file_sync (fp=0x7ffff7e10760 <_IO_2_1_stdout_>) at fileops.c:819
#5  0x00007ffff7caa32d in __GI__IO_fflush (fp=0x7ffff7e10760 <_IO_2_1_stdout_>) at libioP.h:839
#6  0x00007ffff7f4201e in std::ostream::flush() () from /usr/lib/x86_64-linux-gnu/libstdc++.so.6
#7  0x0000555555557afd in InOrder (root=0x5555555c7d70) at splay.cpp:253
#8  0x0000555555557abd in InOrder (root=0x55555564a6d0) at splay.cpp:252
#9  0x0000555555557b0d in InOrder (root=0x5555555e4c10) at splay.cpp:254
#10 0x0000555555557abd in InOrder (root=0x5555557761b0) at splay.cpp:252
#11 0x0000555555557abd in InOrder (root=0x55555564cd50) at splay.cpp:252
#12 0x0000555555557abd in InOrder (root=0x5555557a4a10) at splay.cpp:252
#13 0x0000555555557b0d in InOrder (root=0x5555557cb4f0) at splay.cpp:254
#14 0x0000555555557b0d in InOrder (root=0x555555710310) at splay.cpp:254
#15 0x0000555555557abd in InOrder (root=0x5555556e2590) at splay.cpp:252
#16 0x0000555555557abd in InOrder (root=0x55555583ce70) at splay.cpp:252
#17 0x0000555555557abd in InOrder (root=0x5555557f2cf0) at splay.cpp:252
#18 0x0000555555557b0d in InOrder (root=0x5555555ba030) at splay.cpp:254
#19 0x0000555555557abd in InOrder (root=0x555555571650) at splay.cpp:252
#20 0x0000555555557abd in InOrder (root=0x5555558594d0) at splay.cpp:252
#21 0x0000555555557b0d in InOrder (root=0x55555585a250) at splay.cpp:254
#22 0x0000555555557b0d in InOrder (root=0x55555585b110) at splay.cpp:254
#23 0x0000555555557b0d in InOrder (root=0x5555555ab7d0) at splay.cpp:254
#24 0x0000555555557b0d in InOrder (root=0x555555865830) at splay.cpp:254
#25 0x0000555555557abd in InOrder (root=0x5555558739b0) at splay.cpp:252
#26 0x0000555555557b0d in InOrder (root=0x55555578cab0) at splay.cpp:254
#27 0x0000555555557abd in InOrder (root=0x555555874c10) at splay.cpp:252
#28 0x0000555555557abd in InOrder (root=0x55555560e5b0) at splay.cpp:252
#29 0x0000555555557b0d in InOrder (root=0x55555582cf70) at splay.cpp:254
#30 0x0000555555557b0d in InOrder (root=0x55555587d590) at splay.cpp:254
#31 0x0000555555557abd in InOrder (root=0x55555587d670) at splay.cpp:252
#32 0x0000555555557b0d in InOrder (root=0x5555555be5d0) at splay.cpp:254
#33 0x0000555555557abd in InOrder (root=0x55555587d730) at splay.cpp:252
#34 0x0000555555557b0d in InOrder (root=0x55555587d930) at splay.cpp:254
#35 0x0000555555557abd in InOrder (root=0x55555587dbf0) at splay.cpp:252
#36 0x0000555555557b0d in InOrder (root=0x55555587dc90) at splay.cpp:254
#37 0x0000555555557abd in InOrder (root=0x555555696ef0) at splay.cpp:252
#38 0x0000555555557abd in InOrder (root=0x55555587dcd0) at splay.cpp:252
#39 0x00005555555564fe in main (argc=3, argv=0x7fffffffdfb8) at main.cpp:35

21	in ../sysdeps/unix/sysv/linux/write.c

Backtrace END
Fliping a bit of the value pointed by a pointer
Fliping value of field: rchild
Fliping a bit of the pointer
Memory content before bitflip:0xd00xb70x5a0x550x550x550x000x00
Fault Model: Double bit-flip
base address to flip value: 0x555555865840
address max offset: 8
Memory content after  bitflip:0xd00xb70x5a0x550x550x440x000x00
frame name: InOrder
symbol name: root
symbol filename: splay.cpp
symbol line: 248
value: 0x555555865830
value address: 0x7fffffffd968
Type: The type is a pointer.
Type sizeof: 8

[INFO -- 2018-12-01 10:54:28]
Fault Injection Successful after 1.3450474739074707s
[INFO -- 2018-12-01 10:54:28]
event type: exit
[INFO -- 2018-12-01 10:54:28]
exit code: 0
