[INFO -- 2018-12-01 03:26:29]
Starting flip_value script
version: 1.1
[INFO -- 2018-12-01 03:26:29]
Initialization strings:
[INFO -- 2018-12-01 03:26:29]
(1) file /tmp/splay/main
[INFO -- 2018-12-01 03:26:29]
(2) set args /tmp/splay/input_100000 /tmp/splay/output_100000
[INFO -- 2018-12-01 03:26:29]
initSignal:0
[INFO -- 2018-12-01 03:26:29]
endSignal:5
[INFO -- 2018-12-01 03:26:29]
faultModel:3
[INFO -- 2018-12-01 03:26:29]
Backtrace BEGIN:
#0  RR_Rotate (k2=0x555555767650) at splay.cpp:18
#1  0x0000555555557711 in Splay (key=2375870, root=0x555555767650) at splay.cpp:66
#2  0x0000555555557916 in Insert (key=2375870, root=0x555555767650) at splay.cpp:145
#3  0x00005555555564bb in main (argc=3, argv=0x7fffffffdfb8) at main.cpp:31

13	    X   Y                    Y    Z
14	*/
15	inline splay* RR_Rotate(splay* k2)
16	{
17		splay* k1 = k2->lchild;
18		k2->lchild = k1->rchild;
19		k1->rchild = k2;
20		return k1;
21	}
22	

Backtrace END
Fliping value of field: key
Memory content before bitflip:0xb00xdc0xff0xff
Fault Model: Zero bit-flip
base address to flip value: 0x7fffffffdbe0
address max offset: 4
Memory content after  bitflip:0x000x000x000x00
frame name: Splay
symbol name: header
symbol filename: splay.cpp
symbol line: 47
value: {key = 0, lchild = 0x0, rchild = 0x0}
value address: 0x7fffffffdbe0
Type: The type is a structure.
Type sizeof: 24
Field name: key
Field Type: The type is an integer type.
Field Type sizeof: 4
Field name: lchild
Field Type: The type is a pointer.
Field Type sizeof: 8
Field name: rchild
Field Type: The type is a pointer.
Field Type sizeof: 8

[INFO -- 2018-12-01 03:26:29]
Fault Injection Successful after 0.3613569736480713s
[INFO -- 2018-12-01 03:26:29]
event type: exit
[INFO -- 2018-12-01 03:26:29]
exit code: 0
