[INFO -- 2018-10-12 00:36:08]
Starting flip_value script
version: 1.1
[INFO -- 2018-10-12 00:36:08]
Initialization strings:
[INFO -- 2018-10-12 00:36:08]
(1) file /tmp/BTree/main
[INFO -- 2018-10-12 00:36:08]
(2)  set args /tmp/BTree/input_100000 /tmp/BTree/output_100000
[INFO -- 2018-10-12 00:36:08]
initSignal:0
[INFO -- 2018-10-12 00:36:08]
endSignal:2
[INFO -- 2018-10-12 00:36:08]
faultModel:4
[EXCEPTION -- 2018-10-12 00:36:09]
pythonException: Unable to exit loop in struct fields; Exiting wihtout making a bit flip
[EXCEPTION -- 2018-10-12 00:36:09]
pythonException: Unable to exit loop in struct fields; Exiting wihtout making a bit flip
[EXCEPTION -- 2018-10-12 00:36:09]
pythonException: Unable to exit loop in struct fields; Exiting wihtout making a bit flip
[INFO -- 2018-10-12 00:36:09]
event type: exit
[INFO -- 2018-10-12 00:36:09]
exit code: 0
