[INFO -- 2018-12-01 06:41:40]
Starting flip_value script
version: 1.1
[INFO -- 2018-12-01 06:41:40]
Initialization strings:
[INFO -- 2018-12-01 06:41:40]
(1) file /tmp/splay/main
[INFO -- 2018-12-01 06:41:40]
(2) set args /tmp/splay/input_100000 /tmp/splay/output_100000
[INFO -- 2018-12-01 06:41:40]
initSignal:0
[INFO -- 2018-12-01 06:41:40]
endSignal:5
[INFO -- 2018-12-01 06:41:40]
faultModel:0
[EXCEPTION -- 2018-12-01 06:41:40]
gdbException: Attempt to dereference a generic pointer.
[EXCEPTION -- 2018-12-01 06:41:40]
pythonException: Unable to exit loop in struct fields; Exiting wihtout making a bit flip
[EXCEPTION -- 2018-12-01 06:41:40]
pythonException: Unable to exit loop in struct fields; Exiting wihtout making a bit flip
[INFO -- 2018-12-01 06:41:41]
Backtrace BEGIN:
#0  0x0000555555557ab5 in InOrder (root=0x555555579af0) at splay.cpp:252
#1  0x0000555555557abd in InOrder (root=0x555555872410) at splay.cpp:252
#2  0x0000555555557abd in InOrder (root=0x5555557e0190) at splay.cpp:252
#3  0x0000555555557abd in InOrder (root=0x55555585c310) at splay.cpp:252
#4  0x0000555555557abd in InOrder (root=0x555555877cb0) at splay.cpp:252
#5  0x0000555555557abd in InOrder (root=0x5555558790b0) at splay.cpp:252
#6  0x0000555555557b0d in InOrder (root=0x55555587b790) at splay.cpp:254
#7  0x0000555555557b0d in InOrder (root=0x555555820850) at splay.cpp:254
#8  0x0000555555557abd in InOrder (root=0x5555557f0170) at splay.cpp:252
#9  0x0000555555557abd in InOrder (root=0x55555587bb30) at splay.cpp:252
#10 0x0000555555557abd in InOrder (root=0x55555587c850) at splay.cpp:252
#11 0x0000555555557b0d in InOrder (root=0x5555555d0d10) at splay.cpp:254
#12 0x0000555555557b0d in InOrder (root=0x55555587d430) at splay.cpp:254
#13 0x0000555555557b0d in InOrder (root=0x5555556f88b0) at splay.cpp:254
#14 0x0000555555557b0d in InOrder (root=0x55555574fdf0) at splay.cpp:254
#15 0x0000555555557abd in InOrder (root=0x555555683210) at splay.cpp:252
#16 0x0000555555557abd in InOrder (root=0x55555587dc90) at splay.cpp:252
#17 0x0000555555557abd in InOrder (root=0x555555696ef0) at splay.cpp:252
#18 0x0000555555557abd in InOrder (root=0x55555587dcd0) at splay.cpp:252
#19 0x00005555555564fe in main (argc=3, argv=0x7fffffffdfb8) at main.cpp:35

247	
248	void InOrder(splay* root)
249	{
250		if(root)
251		{
252			InOrder(root->lchild);
253			std::cout<<std::bitset<16>(root->key)<<std::endl;
254			InOrder(root->rchild);
255		}
256	}

Backtrace END
Fliping a bit of the value pointed by a pointer
Fliping value of field: key
Memory content before bitflip:0xdd0x590x110x00
Fault Model: Single bit-flip
base address to flip value: 0x55555585c310
address max offset: 4
Memory content after  bitflip:0xdd0x590x110x04
frame name: InOrder
symbol name: root
symbol filename: splay.cpp
symbol line: 248
value: 0x55555585c310
value address: 0x7fffffffd938
Type: The type is a pointer.
Type sizeof: 8

[INFO -- 2018-12-01 06:41:41]
Fault Injection Successful after 1.0123941898345947s
[INFO -- 2018-12-01 06:41:41]
event type: exit
[INFO -- 2018-12-01 06:41:41]
exit code: 0
