[INFO -- 2018-11-30 18:18:23]
Starting flip_value script
version: 1.1
[INFO -- 2018-11-30 18:18:23]
Initialization strings:
[INFO -- 2018-11-30 18:18:23]
(1) file /tmp/splay/main
[INFO -- 2018-11-30 18:18:23]
(2) set args /tmp/splay/input_100000 /tmp/splay/output_100000
[INFO -- 2018-11-30 18:18:23]
initSignal:0
[INFO -- 2018-11-30 18:18:23]
endSignal:5
[INFO -- 2018-11-30 18:18:23]
faultModel:0
[EXCEPTION -- 2018-11-30 18:18:23]
pythonException: Unable to exit loop in struct fields; Exiting wihtout making a bit flip
[INFO -- 2018-11-30 18:18:23]
Backtrace BEGIN:
#0  0x00007ffff7d34fd4 in __GI___libc_write (fd=1, buf=0x55555587dcf0, nbytes=17) at ../sysdeps/unix/sysv/linux/write.c:26
#1  0x00007ffff7cb633d in _IO_new_file_write (f=0x7ffff7e10760 <_IO_2_1_stdout_>, data=0x55555587dcf0, n=17) at fileops.c:1183
#2  0x00007ffff7cb7a71 in new_do_write (to_do=17, data=0x55555587dcf0 "1000101000100000\n", fp=0x7ffff7e10760 <_IO_2_1_stdout_>) at libioP.h:839
#3  _IO_new_do_write (fp=0x7ffff7e10760 <_IO_2_1_stdout_>, data=0x55555587dcf0 "1000101000100000\n", to_do=17) at fileops.c:433
#4  0x00007ffff7cb56f8 in _IO_new_file_sync (fp=0x7ffff7e10760 <_IO_2_1_stdout_>) at fileops.c:819
#5  0x00007ffff7caa32d in __GI__IO_fflush (fp=0x7ffff7e10760 <_IO_2_1_stdout_>) at libioP.h:839
#6  0x00007ffff7f4201e in std::ostream::flush() () from /usr/lib/x86_64-linux-gnu/libstdc++.so.6
#7  0x0000555555557afd in InOrder (root=0x555555574830) at splay.cpp:253
#8  0x0000555555557b0d in InOrder (root=0x55555575c8b0) at splay.cpp:254
#9  0x0000555555557b0d in InOrder (root=0x555555818530) at splay.cpp:254
#10 0x0000555555557abd in InOrder (root=0x55555583bdb0) at splay.cpp:252
#11 0x0000555555557abd in InOrder (root=0x5555556f7010) at splay.cpp:252
#12 0x0000555555557b0d in InOrder (root=0x55555584de50) at splay.cpp:254
#13 0x0000555555557b0d in InOrder (root=0x555555656b70) at splay.cpp:254
#14 0x0000555555557abd in InOrder (root=0x5555557a2f70) at splay.cpp:252
#15 0x0000555555557b0d in InOrder (root=0x555555712090) at splay.cpp:254
#16 0x0000555555557abd in InOrder (root=0x5555558522f0) at splay.cpp:252
#17 0x0000555555557abd in InOrder (root=0x55555586b7b0) at splay.cpp:252
#18 0x0000555555557abd in InOrder (root=0x55555586aef0) at splay.cpp:252
#19 0x0000555555557abd in InOrder (root=0x5555557aceb0) at splay.cpp:252
#20 0x0000555555557b0d in InOrder (root=0x55555586ae90) at splay.cpp:254
#21 0x0000555555557b0d in InOrder (root=0x555555831a70) at splay.cpp:254
#22 0x0000555555557b0d in InOrder (root=0x5555556a9d70) at splay.cpp:254
#23 0x0000555555557b0d in InOrder (root=0x55555587bab0) at splay.cpp:254
#24 0x0000555555557b0d in InOrder (root=0x555555583870) at splay.cpp:254
#25 0x0000555555557abd in InOrder (root=0x55555587d310) at splay.cpp:252
#26 0x0000555555557abd in InOrder (root=0x5555555ba050) at splay.cpp:252
#27 0x0000555555557b0d in InOrder (root=0x55555587d350) at splay.cpp:254
#28 0x0000555555557b0d in InOrder (root=0x5555555eff30) at splay.cpp:254
#29 0x0000555555557abd in InOrder (root=0x555555602730) at splay.cpp:252
#30 0x0000555555557abd in InOrder (root=0x55555587daf0) at splay.cpp:252
#31 0x0000555555557abd in InOrder (root=0x55555587db70) at splay.cpp:252
#32 0x0000555555557abd in InOrder (root=0x555555602350) at splay.cpp:252
#33 0x0000555555557abd in InOrder (root=0x55555574fdf0) at splay.cpp:252
#34 0x0000555555557abd in InOrder (root=0x555555683210) at splay.cpp:252
#35 0x0000555555557abd in InOrder (root=0x55555587dc90) at splay.cpp:252
#36 0x0000555555557abd in InOrder (root=0x555555696ef0) at splay.cpp:252
#37 0x0000555555557abd in InOrder (root=0x55555587dcd0) at splay.cpp:252
#38 0x00005555555564fe in main (argc=3, argv=0x7fffffffdfb8) at main.cpp:35

21	in ../sysdeps/unix/sysv/linux/write.c

Backtrace END
Fliping a bit of the pointer
Memory content before bitflip:0x500xd30x870x550x550x550x000x00
Fault Model: Single bit-flip
base address to flip value: 0x7fffffffda28
address max offset: 8
Memory content after  bitflip:0x500xd10x870x550x550x550x000x00
frame name: InOrder
symbol name: root
symbol filename: splay.cpp
symbol line: 248
value: 0x55555587d350
value address: 0x7fffffffda28
Type: The type is a pointer.
Type sizeof: 8

[INFO -- 2018-11-30 18:18:23]
Fault Injection Successful after 0.8765506744384766s
[INFO -- 2018-11-30 18:18:24]
event type: exit
[INFO -- 2018-11-30 18:18:24]
exit code: 0
