[INFO -- 2018-11-25 15:26:34]
Starting flip_value script
version: 1.1
[INFO -- 2018-11-25 15:26:34]
Initialization strings:
[INFO -- 2018-11-25 15:26:34]
(1) file /tmp/BTree-dup/main
[INFO -- 2018-11-25 15:26:34]
(2)  set args /tmp/BTree-dup/input_100000 /tmp/BTree-dup/output_100000 /tmp/BTree-dup-detection.log /tmp/BTree-dup/output2_100000
[INFO -- 2018-11-25 15:26:34]
initSignal:0
[INFO -- 2018-11-25 15:26:34]
endSignal:2
[INFO -- 2018-11-25 15:26:34]
faultModel:2
[INFO -- 2018-11-25 15:26:35]
Backtrace BEGIN:
#0  0x00005555555565ad in BTreeNode::insertNonFull (this=0x5555559d1280, k=4318636) at BTree_dup.cpp:524
#1  0x0000555555556639 in BTreeNode::insertNonFull (this=0x5555559d1310, k=4318636) at BTree_dup.cpp:535
#2  0x0000555555556639 in BTreeNode::insertNonFull (this=0x555555a2abc0, k=4318636) at BTree_dup.cpp:535
#3  0x0000555555556639 in BTreeNode::insertNonFull (this=0x555555a2ab30, k=4318636) at BTree_dup.cpp:535
#4  0x0000555555556478 in BTree::insert (this=0x7fffffffda50, k=4318636) at BTree_dup.cpp:489
#5  0x0000555555556c25 in runner (input=0x7fffffffe22a "/tmp/BTree-dup/input_100000") at BTree_dup.cpp:664
#6  0x0000555555556f51 in main (argc=5, argv=0x7fffffffde68) at BTree_dup.cpp:711

519			// Find the child which is going to have the new key
520			while (i >= 0 && keys[i] > k)
521				i--;
522	
523			// See if the found child is full
524			if (C[i+1]->n == 2*t-1)
525			{
526				// If the child is full, then split it
527				splitChild(i+1, C[i+1]);
528	

Backtrace END
Fliping a bit of the pointer
Memory content before bitflip:0xc00xab0xa20x550x550x550x000x00
Fault Model: Random bit-flip
base address to flip value: 0x7fffffffd998
address max offset: 8
Memory content after  bitflip:0x6c0x600x8b0x1b0x520xdc0x220x14
frame name: BTreeNode::insertNonFull
symbol name: this
symbol filename: BTree_dup.cpp
symbol line: 0
value: 0x555555a2abc0
value address: 0x7fffffffd998
Type: The type is a pointer.
Type sizeof: 8

[INFO -- 2018-11-25 15:26:35]
Fault Injection Successful after 1.6595673561096191s
[INFO -- 2018-11-25 15:26:36]
event type: exit
[INFO -- 2018-11-25 15:26:36]
exit code: 0
