[INFO -- 2018-10-12 05:26:40]
sending 5 signals using command: 'killall -2 main' after 1.7497486749s
[INFO -- 2018-10-12 05:26:40]
sending 5 signals using command: 'killall -2 main' after 1.83200221359s
[INFO -- 2018-10-12 05:26:40]
sending 5 signals using command: 'killall -2 main' after 1.87430279783s
[INFO -- 2018-10-12 05:26:40]
Starting GDB script
[INFO -- 2018-10-12 05:26:40]
initSignal:0.0
[INFO -- 2018-10-12 05:26:40]
endSignal:2.0
[INFO -- 2018-10-12 05:26:40]
sending 5 signals using command: 'killall -2 main' after 0.0683904354812s
[INFO -- 2018-10-12 05:26:41]
sending 5 signals using command: 'killall -2 main' after 0.642873437201s
[INFO -- 2018-10-12 05:26:42]
sending 5 signals using command: 'killall -2 main' after 1.25196627759s
[INFO -- 2018-10-12 05:26:42]
Execution finished before waitTime
