[INFO -- 2018-12-01 06:21:46]
Starting flip_value script
version: 1.1
[INFO -- 2018-12-01 06:21:46]
Initialization strings:
[INFO -- 2018-12-01 06:21:46]
(1) file /tmp/splay/main
[INFO -- 2018-12-01 06:21:46]
(2) set args /tmp/splay/input_100000 /tmp/splay/output_100000
[INFO -- 2018-12-01 06:21:46]
initSignal:0
[INFO -- 2018-12-01 06:21:46]
endSignal:5
[INFO -- 2018-12-01 06:21:46]
faultModel:1
[INFO -- 2018-12-01 06:21:47]
Backtrace BEGIN:
#0  Insert (key=3377373, root=0x55555560fdb0) at splay.cpp:148
#1  0x00005555555564bb in main (argc=3, argv=0x7fffffffdfb8) at main.cpp:31

143			return root;
144		}
145		root = Splay(key, root);
146		/* This is BST that, all keys <= root->key is in root->lchild, all keys > 
147		   root->key is in root->rchild. (This BST doesn't allow duplicate keys.) */
148		if(key < root->key)
149		{
150			p_node->lchild = root->lchild;
151			p_node->rchild = root;
152			root->lchild = NULL;

Backtrace END
Memory content before bitflip:0x030x000x000x00
Fault Model: Double bit-flip
base address to flip value: 0x7fffffffdc3c
address max offset: 4
Memory content after  bitflip:0xa30x000x000x00
frame name: main
symbol name: argc
symbol filename: main.cpp
symbol line: 14
value: 163
value address: 0x7fffffffdc3c
Type: The type is an integer type.
Type sizeof: 4

[INFO -- 2018-12-01 06:21:47]
Fault Injection Successful after 1.2109804153442383s
[INFO -- 2018-12-01 06:21:47]
event type: exit
[INFO -- 2018-12-01 06:21:47]
exit code: 0
