[INFO -- 2018-10-16 23:12:53]
sending 5 signals using command: 'killall -2 main' after 1.31703154388s
[INFO -- 2018-10-16 23:12:53]
sending 5 signals using command: 'killall -2 main' after 1.69535056452s
[INFO -- 2018-10-16 23:12:53]
sending 5 signals using command: 'killall -2 main' after 1.83279263355s
[INFO -- 2018-10-16 23:12:54]
Starting GDB script
[INFO -- 2018-10-16 23:12:54]
initSignal:0.0
[INFO -- 2018-10-16 23:12:54]
endSignal:2.0
[INFO -- 2018-10-16 23:12:54]
sending 5 signals using command: 'killall -2 main' after 0.072519623259s
[INFO -- 2018-10-16 23:12:54]
sending 5 signals using command: 'killall -2 main' after 0.182290937909s
[INFO -- 2018-10-16 23:12:54]
sending 5 signals using command: 'killall -2 main' after 0.451705996917s
[INFO -- 2018-10-16 23:12:55]
Execution finished before waitTime
