[INFO -- 2018-12-01 12:11:01]
Starting flip_value script
version: 1.1
[INFO -- 2018-12-01 12:11:01]
Initialization strings:
[INFO -- 2018-12-01 12:11:01]
(1) file /tmp/splay/main
[INFO -- 2018-12-01 12:11:01]
(2) set args /tmp/splay/input_100000 /tmp/splay/output_100000
[INFO -- 2018-12-01 12:11:01]
initSignal:0
[INFO -- 2018-12-01 12:11:01]
endSignal:5
[INFO -- 2018-12-01 12:11:01]
faultModel:2
[EXCEPTION -- 2018-12-01 12:11:01]
pythonException: Unable to exit loop in struct fields; Exiting wihtout making a bit flip
[EXCEPTION -- 2018-12-01 12:11:01]
pythonException: Unable to exit loop in struct fields; Exiting wihtout making a bit flip
[INFO -- 2018-12-01 12:11:02]
event type: exit
[INFO -- 2018-12-01 12:11:02]
exit code: 0
