[INFO -- 2018-11-25 22:02:54]
Starting flip_value script
version: 1.1
[INFO -- 2018-11-25 22:02:54]
Initialization strings:
[INFO -- 2018-11-25 22:02:54]
(1) file /tmp/BTree-dup/main
[INFO -- 2018-11-25 22:02:54]
(2)  set args /tmp/BTree-dup/input_100000 /tmp/BTree-dup/output_100000 /tmp/BTree-dup-detection.log /tmp/BTree-dup/output2_100000
[INFO -- 2018-11-25 22:02:54]
initSignal:0
[INFO -- 2018-11-25 22:02:54]
endSignal:2
[INFO -- 2018-11-25 22:02:54]
faultModel:0
[INFO -- 2018-11-25 22:02:55]
Backtrace BEGIN:
#0  0x00007ffff7b712d3 in std::__cxx11::basic_string<char, std::char_traits<char>, std::allocator<char> >::operator[](unsigned long) () from /usr/lib/x86_64-linux-gnu/libstdc++.so.6
#1  0x00005555555576a0 in std::bitset<16ul>::_M_copy_to_string<char, std::char_traits<char>, std::allocator<char> > (this=0x7fffffffdac0, __s="1011", '0' <repete 12 vezes>, __zero=48 '0', __one=49 '1') at /usr/include/c++/7/bitset:1410
#2  0x00005555555573d7 in std::operator<< <char, std::char_traits<char>, 16ul> (__os=..., __x=std::bitset = {...}) at /usr/include/c++/7/bitset:1538
#3  0x0000555555556912 in BTreeNode::traverse (this=0x555555be33e0) at BTree_dup.cpp:594
#4  0x00005555555568d7 in BTreeNode::traverse (this=0x555555be4790) at BTree_dup.cpp:593
#5  0x00005555555568d7 in BTreeNode::traverse (this=0x555555c07860) at BTree_dup.cpp:593
#6  0x00005555555568d7 in BTreeNode::traverse (this=0x555555f13bf0) at BTree_dup.cpp:593
#7  0x00005555555568d7 in BTreeNode::traverse (this=0x555555ce1b40) at BTree_dup.cpp:593
#8  0x000055555555695f in BTreeNode::traverse (this=0x555555da18d0) at BTree_dup.cpp:599
#9  0x00005555555568d7 in BTreeNode::traverse (this=0x555555fbe5c0) at BTree_dup.cpp:593
#10 0x00005555555568d7 in BTreeNode::traverse (this=0x555555ce1f30) at BTree_dup.cpp:593
#11 0x00005555555568d7 in BTreeNode::traverse (this=0x555555ef6e20) at BTree_dup.cpp:593
#12 0x00005555555572bb in BTree::traverse (this=0x7fffffffdd50) at BTree_dup.cpp:139
#13 0x0000555555556ff9 in main (argc=5, argv=0x7fffffffde68) at BTree_dup.cpp:725

687	        }
688	    }
689	}
690	
691	int main(int argc, char * argv[]) {
692	
693	    if (argc != 5){
694	        cerr << "Uso correto: ./main [input file] [output file] [log file] [output2 file]" << endl;
695	        return 0;
696	    }

Backtrace END
Fliping a bit of the pointer
Memory content before bitflip:0x500xdd0xff0xff0xff0x7f0x000x00
Fault Model: Single bit-flip
base address to flip value: 0x7fffffffdce8
address max offset: 8
Memory content after  bitflip:0x540xdd0xff0xff0xff0x7f0x000x00
frame name: BTree::traverse
symbol name: this
symbol filename: BTree_dup.cpp
symbol line: 0
value: 0x7fffffffdd50
value address: 0x7fffffffdce8
Type: The type is a pointer.
Type sizeof: 8

[INFO -- 2018-11-25 22:02:55]
Fault Injection Successful after 1.8799350261688232s
[INFO -- 2018-11-25 22:02:56]
event type: exit
[INFO -- 2018-11-25 22:02:56]
exit code: 0
