[INFO -- 2018-12-01 01:16:21]
Starting flip_value script
version: 1.1
[INFO -- 2018-12-01 01:16:21]
Initialization strings:
[INFO -- 2018-12-01 01:16:21]
(1) file /tmp/splay/main
[INFO -- 2018-12-01 01:16:21]
(2) set args /tmp/splay/input_100000 /tmp/splay/output_100000
[INFO -- 2018-12-01 01:16:21]
initSignal:0
[INFO -- 2018-12-01 01:16:21]
endSignal:5
[INFO -- 2018-12-01 01:16:21]
faultModel:2
[INFO -- 2018-12-01 01:16:21]
Backtrace BEGIN:
#0  0x00007ffff7f36fa8 in ?? () from /usr/lib/x86_64-linux-gnu/libstdc++.so.6
#1  0x00007ffff7f3bbaf in std::istreambuf_iterator<char, std::char_traits<char> > std::num_get<char, std::istreambuf_iterator<char, std::char_traits<char> > >::_M_extract_int<long>(std::istreambuf_iterator<char, std::char_traits<char> >, std::istreambuf_iterator<char, std::char_traits<char> >, std::ios_base&, std::_Ios_Iostate&, long&) const () from /usr/lib/x86_64-linux-gnu/libstdc++.so.6
#2  0x00007ffff7f2aa76 in std::istream::operator>>(int&) () from /usr/lib/x86_64-linux-gnu/libstdc++.so.6
#3  0x000055555555686e in std::istream_iterator<int, char, std::char_traits<char>, long>::_M_read (this=0x7fffffffdb80) at /usr/include/c++/8/bits/stream_iterator.h:121
#4  0x0000555555556bbc in std::istream_iterator<int, char, std::char_traits<char>, long>::operator++ (this=0x7fffffffdb80) at /usr/include/c++/8/bits/stream_iterator.h:95
#5  0x0000555555556acc in std::vector<int, std::allocator<int> >::_M_range_initialize<std::istream_iterator<int, char, std::char_traits<char>, long> > (this=0x7fffffffdc90, __first=..., __last=...) at /usr/include/c++/8/bits/stl_vector.h:1447
#6  0x00005555555569a6 in std::vector<int, std::allocator<int> >::_M_initialize_dispatch<std::istream_iterator<int, char, std::char_traits<char>, long> > (this=0x7fffffffdc90, __first=..., __last=...) at /usr/include/c++/8/bits/stl_vector.h:1437
#7  0x0000555555556728 in std::vector<int, std::allocator<int> >::vector<std::istream_iterator<int, char, std::char_traits<char>, long>, void> (this=0x7fffffffdc90, __first=..., __last=..., __a=...) at /usr/include/c++/8/bits/stl_vector.h:546
#8  0x0000555555556452 in main (argc=3, argv=0x7fffffffdfb8) at main.cpp:27

1	#include "splay.h"
2	#include <iostream>
3	
4	#include <algorithm>    // std::random_shuffle
5	#include <vector>       // std::vector
6	#include <cstdlib>      // std::rand, std::srand
7	#include <cstdio>
8	
9	#include <iterator>
10	#include <fstream>

Backtrace END
Memory content before bitflip:0x030x000x000x00
Fault Model: Random bit-flip
base address to flip value: 0x7fffffffdc3c
address max offset: 4
Memory content after  bitflip:0xb40x310x4e0xe1
frame name: main
symbol name: argc
symbol filename: main.cpp
symbol line: 14
value: -514969164
value address: 0x7fffffffdc3c
Type: The type is an integer type.
Type sizeof: 4

[INFO -- 2018-12-01 01:16:21]
Fault Injection Successful after 0.7743008136749268s
[INFO -- 2018-12-01 01:16:22]
event type: exit
[INFO -- 2018-12-01 01:16:22]
exit code: 0
