[INFO -- 2018-10-12 07:20:36]
sending 5 signals using command: 'killall -2 main' after 1.76701874342s
[INFO -- 2018-10-12 07:20:36]
sending 5 signals using command: 'killall -2 main' after 1.85399401055s
[INFO -- 2018-10-12 07:20:36]
sending 5 signals using command: 'killall -2 main' after 1.8553973072s
[INFO -- 2018-10-12 07:20:36]
Starting GDB script
[INFO -- 2018-10-12 07:20:36]
initSignal:0.0
[INFO -- 2018-10-12 07:20:36]
endSignal:2.0
[INFO -- 2018-10-12 07:20:37]
sending 5 signals using command: 'killall -2 main' after 0.191480174851s
[INFO -- 2018-10-12 07:20:37]
sending 5 signals using command: 'killall -2 main' after 0.753838266363s
[INFO -- 2018-10-12 07:20:38]
sending 5 signals using command: 'killall -2 main' after 1.42132942382s
[INFO -- 2018-10-12 07:20:38]
Execution finished before waitTime
