[INFO -- 2018-12-09 14:11:12]
sending 5 signals using command: 'killall -2 main' after 3.08865014349s
[INFO -- 2018-12-09 14:11:13]
sending 5 signals using command: 'killall -2 main' after 4.48875947841s
[INFO -- 2018-12-09 14:11:13]
sending 5 signals using command: 'killall -2 main' after 4.74091669412s
[INFO -- 2018-12-09 14:11:14]
Starting GDB script
[INFO -- 2018-12-09 14:11:14]
initSignal:0.0
[INFO -- 2018-12-09 14:11:14]
endSignal:5.0
[INFO -- 2018-12-09 14:11:14]
sending 5 signals using command: 'killall -2 main' after 0.244711682898s
[INFO -- 2018-12-09 14:11:15]
sending 5 signals using command: 'killall -2 main' after 1.03421210168s
[INFO -- 2018-12-09 14:11:15]
sending 5 signals using command: 'killall -2 main' after 1.25613188602s
[INFO -- 2018-12-09 14:11:17]
Execution finished before waitTime
