[INFO -- 2018-12-09 13:13:38]
sending 5 signals using command: 'killall -2 main' after 3.65537505777s
[INFO -- 2018-12-09 13:13:38]
sending 5 signals using command: 'killall -2 main' after 3.73486950186s
[INFO -- 2018-12-09 13:13:39]
sending 5 signals using command: 'killall -2 main' after 4.86762556611s
[INFO -- 2018-12-09 13:13:39]
Starting GDB script
[INFO -- 2018-12-09 13:13:39]
initSignal:0.0
[INFO -- 2018-12-09 13:13:39]
endSignal:5.0
[INFO -- 2018-12-09 13:13:40]
sending 5 signals using command: 'killall -2 main' after 0.180804765688s
[INFO -- 2018-12-09 13:13:40]
sending 5 signals using command: 'killall -2 main' after 0.535302864327s
[INFO -- 2018-12-09 13:13:41]
sending 5 signals using command: 'killall -2 main' after 1.28904208943s
[INFO -- 2018-12-09 13:13:42]
Execution finished before waitTime
