[INFO -- 2018-12-01 07:59:44]
Starting flip_value script
version: 1.1
[INFO -- 2018-12-01 07:59:44]
Initialization strings:
[INFO -- 2018-12-01 07:59:44]
(1) file /tmp/splay/main
[INFO -- 2018-12-01 07:59:44]
(2) set args /tmp/splay/input_100000 /tmp/splay/output_100000
[INFO -- 2018-12-01 07:59:44]
initSignal:0
[INFO -- 2018-12-01 07:59:44]
endSignal:5
[INFO -- 2018-12-01 07:59:44]
faultModel:2
[EXCEPTION -- 2018-12-01 07:59:45]
pythonException: Unable to exit loop in struct fields; Exiting wihtout making a bit flip
[INFO -- 2018-12-01 07:59:45]
Backtrace BEGIN:
#0  0x00007ffff7cab1ce in __GI__IO_fwrite (buf=0x5555555700f0, size=1, count=16, fp=0x7ffff7e10760 <_IO_2_1_stdout_>) at libioP.h:839
#1  0x00007ffff7f42f54 in std::basic_ostream<char, std::char_traits<char> >& std::__ostream_insert<char, std::char_traits<char> >(std::basic_ostream<char, std::char_traits<char> >&, char const*, long) () from /usr/lib/x86_64-linux-gnu/libstdc++.so.6
#2  0x0000555555557e00 in std::operator<< <char, std::char_traits<char>, 16ul> (__os=..., __x=std::bitset = {...}) at /usr/include/c++/8/bitset:1543
#3  0x0000555555557ae8 in InOrder (root=0x5555556bd570) at splay.cpp:253
#4  0x0000555555557abd in InOrder (root=0x5555556b32f0) at splay.cpp:252
#5  0x0000555555557abd in InOrder (root=0x555555878390) at splay.cpp:252
#6  0x0000555555557b0d in InOrder (root=0x555555875690) at splay.cpp:254
#7  0x0000555555557abd in InOrder (root=0x5555555c0e90) at splay.cpp:252
#8  0x0000555555557abd in InOrder (root=0x555555879910) at splay.cpp:252
#9  0x0000555555557b0d in InOrder (root=0x55555562e350) at splay.cpp:254
#10 0x0000555555557b0d in InOrder (root=0x55555587c170) at splay.cpp:254
#11 0x0000555555557abd in InOrder (root=0x55555587c1d0) at splay.cpp:252
#12 0x0000555555557abd in InOrder (root=0x55555587a330) at splay.cpp:252
#13 0x0000555555557b0d in InOrder (root=0x55555587c4f0) at splay.cpp:254
#14 0x0000555555557b0d in InOrder (root=0x5555556a9d30) at splay.cpp:254
#15 0x0000555555557b0d in InOrder (root=0x55555587d870) at splay.cpp:254
#16 0x0000555555557b0d in InOrder (root=0x555555720870) at splay.cpp:254
#17 0x0000555555557b0d in InOrder (root=0x55555578fdf0) at splay.cpp:254
#18 0x0000555555557b0d in InOrder (root=0x55555587da90) at splay.cpp:254
#19 0x0000555555557b0d in InOrder (root=0x5555557d8790) at splay.cpp:254
#20 0x0000555555557abd in InOrder (root=0x55555585f590) at splay.cpp:252
#21 0x0000555555557b0d in InOrder (root=0x55555587db50) at splay.cpp:254
#22 0x0000555555557abd in InOrder (root=0x555555774190) at splay.cpp:252
#23 0x0000555555557b0d in InOrder (root=0x555555774870) at splay.cpp:254
#24 0x0000555555557abd in InOrder (root=0x55555587dcb0) at splay.cpp:252
#25 0x0000555555557b0d in InOrder (root=0x555555693810) at splay.cpp:254
#26 0x0000555555557b0d in InOrder (root=0x555555634c10) at splay.cpp:254
#27 0x0000555555557b0d in InOrder (root=0x55555587dcd0) at splay.cpp:254
#28 0x00005555555564fe in main (argc=3, argv=0x7fffffffdfb8) at main.cpp:35

834	in libioP.h

Backtrace END
Fliping a bit of the pointer
Memory content before bitflip:0x900x560x870x550x550x550x000x00
Fault Model: Random bit-flip
base address to flip value: 0x7fffffffd818
address max offset: 8
Memory content after  bitflip:0x670xe20x740xc60x8f0x080x6e0x71
frame name: InOrder
symbol name: root
symbol filename: splay.cpp
symbol line: 248
value: 0x555555875690
value address: 0x7fffffffd818
Type: The type is a pointer.
Type sizeof: 8

[INFO -- 2018-12-01 07:59:45]
Fault Injection Successful after 1.145585060119629s
[INFO -- 2018-12-01 07:59:45]
event type: exit
[INFO -- 2018-12-01 07:59:45]
exit code: 0
