[INFO -- 2018-11-25 23:40:36]
Starting flip_value script
version: 1.1
[INFO -- 2018-11-25 23:40:36]
Initialization strings:
[INFO -- 2018-11-25 23:40:36]
(1) file /tmp/BTree-dup/main
[INFO -- 2018-11-25 23:40:36]
(2)  set args /tmp/BTree-dup/input_100000 /tmp/BTree-dup/output_100000 /tmp/BTree-dup-detection.log /tmp/BTree-dup/output2_100000
[INFO -- 2018-11-25 23:40:36]
initSignal:0
[INFO -- 2018-11-25 23:40:36]
endSignal:2
[INFO -- 2018-11-25 23:40:36]
faultModel:0
[INFO -- 2018-11-25 23:40:38]
Backtrace BEGIN:
#0  malloc (n=14) at dl-minimal.c:50
#1  <function called from gdb>
#2  malloc (n=14) at dl-minimal.c:50
#3  <function called from gdb>
#4  malloc (n=14) at dl-minimal.c:50
#5  <function called from gdb>
#6  malloc (n=14) at dl-minimal.c:50
#7  <function called from gdb>
#8  malloc (n=14) at dl-minimal.c:50
#9  <function called from gdb>
#10 malloc (n=14) at dl-minimal.c:50
#11 <function called from gdb>
#12 malloc (n=14) at dl-minimal.c:50
#13 <function called from gdb>
#14 malloc (n=14) at dl-minimal.c:50
#15 <function called from gdb>
#16 malloc (n=14) at dl-minimal.c:50
#17 <function called from gdb>
#18 0x00007ffff733a4b9 in __brk (addr=addr@entry=0x5555558fb000) at ../sysdeps/unix/sysv/linux/x86_64/brk.c:31
#19 0x00007ffff733a591 in __GI___sbrk (increment=135168) at sbrk.c:56
#20 0x00007ffff72bf199 in __GI___default_morecore (increment=<optimized out>) at morecore.c:47
#21 0x00007ffff72b7dac in sysmalloc (nb=nb@entry=64, av=av@entry=0x7ffff760fc40 <main_arena>) at malloc.c:2489
#22 0x00007ffff72b8ff0 in _int_malloc (av=av@entry=0x7ffff760fc40 <main_arena>, bytes=bytes@entry=48) at malloc.c:4125
#23 0x00007ffff72bb0fc in __GI___libc_malloc (bytes=48) at malloc.c:3057
#24 0x00007ffff7adf1a8 in operator new(unsigned long) () from /usr/lib/x86_64-linux-gnu/libstdc++.so.6
#25 0x00005555555558ca in BTreeNode::BTreeNode (this=0x5555558d9f90, t1=3, leaf1=true) at BTree_dup.cpp:165
#26 0x000055555555667b in BTreeNode::splitChild (this=0x5555557b2730, i=2, y=0x555555847a70) at BTree_dup.cpp:545
#27 0x00005555555565ed in BTreeNode::insertNonFull (this=0x5555557b2730, k=3878403) at BTree_dup.cpp:527
#28 0x0000555555556639 in BTreeNode::insertNonFull (this=0x5555557fe510, k=3878403) at BTree_dup.cpp:535
#29 0x0000555555556639 in BTreeNode::insertNonFull (this=0x5555558c7720, k=3878403) at BTree_dup.cpp:535
#30 0x0000555555556639 in BTreeNode::insertNonFull (this=0x55555586e650, k=3878403) at BTree_dup.cpp:535
#31 0x0000555555556639 in BTreeNode::insertNonFull (this=0x555555885990, k=3878403) at BTree_dup.cpp:535
#32 0x0000555555556639 in BTreeNode::insertNonFull (this=0x5555558c0e80, k=3878403) at BTree_dup.cpp:535
#33 0x0000555555556639 in BTreeNode::insertNonFull (this=0x555555815c40, k=3878403) at BTree_dup.cpp:535
#34 0x0000555555556478 in BTree::insert (this=0x7fffffffda50, k=3878403) at BTree_dup.cpp:489
#35 0x0000555555556c25 in runner (input=0x7fffffffe22a "/tmp/BTree-dup/input_100000") at BTree_dup.cpp:664
#36 0x0000555555556f51 in main (argc=5, argv=0x7fffffffde68) at BTree_dup.cpp:711

45	in dl-minimal.c

Backtrace END
Memory content before bitflip:0x010x000x000x00
Fault Model: Single bit-flip
base address to flip value: 0x7fffffffd8bc
address max offset: 4
Memory content after  bitflip:0x000x000x000x00
frame name: BTreeNode::insertNonFull
symbol name: i
symbol filename: BTree_dup.cpp
symbol line: 499
value: 0
value address: 0x7fffffffd8bc
Type: The type is an integer type.
Type sizeof: 4

[INFO -- 2018-11-25 23:40:38]
Fault Injection Successful after 2.3791565895080566s
[INFO -- 2018-11-25 23:40:39]
event type: exit
[INFO -- 2018-11-25 23:40:39]
exit code: 0
