[INFO -- 2018-11-25 16:36:27]
Starting flip_value script
version: 1.1
[INFO -- 2018-11-25 16:36:27]
Initialization strings:
[INFO -- 2018-11-25 16:36:27]
(1) file /tmp/BTree-dup/main
[INFO -- 2018-11-25 16:36:27]
(2)  set args /tmp/BTree-dup/input_100000 /tmp/BTree-dup/output_100000 /tmp/BTree-dup-detection.log /tmp/BTree-dup/output2_100000
[INFO -- 2018-11-25 16:36:27]
initSignal:0
[INFO -- 2018-11-25 16:36:27]
endSignal:2
[INFO -- 2018-11-25 16:36:27]
faultModel:3
[INFO -- 2018-11-25 16:36:29]
Backtrace BEGIN:
#0  BTreeNode::traverse (this=0x555555a29390) at BTree_dup.cpp:594
#1  0x000055555555695f in BTreeNode::traverse (this=0x555555a37c70) at BTree_dup.cpp:599
#2  0x00005555555568d7 in BTreeNode::traverse (this=0x555555a41de0) at BTree_dup.cpp:593
#3  0x00005555555568d7 in BTreeNode::traverse (this=0x555555891450) at BTree_dup.cpp:593
#4  0x00005555555568d7 in BTreeNode::traverse (this=0x5555559d4010) at BTree_dup.cpp:593
#5  0x00005555555568d7 in BTreeNode::traverse (this=0x555555b1c810) at BTree_dup.cpp:593
#6  0x00005555555568d7 in BTreeNode::traverse (this=0x555555a2aaa0) at BTree_dup.cpp:593
#7  0x00005555555568d7 in BTreeNode::traverse (this=0x555555a2abc0) at BTree_dup.cpp:593
#8  0x000055555555695f in BTreeNode::traverse (this=0x555555a2ab30) at BTree_dup.cpp:599
#9  0x00005555555572bb in BTree::traverse (this=0x7fffffffdd40) at BTree_dup.cpp:139
#10 0x0000555555556fbd in main (argc=5, argv=0x7fffffffde68) at BTree_dup.cpp:718

589		{
590			// If this is not leaf, then before printing key[i],
591			// traverse the subtree rooted with child C[i].
592			if (leaf == false)
593				C[i]->traverse();
594			cout << std::bitset<16>(keys[i]) << endl;
595		}
596	
597		// Print the subtree rooted with last child
598		if (leaf == false)

Backtrace END
Memory content before bitflip:0x860x110x000x000x000x000x000x00
Fault Model: Zero bit-flip
base address to flip value: 0x7fffffffdd28
address max offset: 8
Memory content after  bitflip:0x000x000x000x000x000x000x000x00
frame name: main
symbol name: start_time
symbol filename: BTree_dup.cpp
symbol line: 698
value: 0
value address: 0x7fffffffdd28
Type: The type is an integer type.
Type sizeof: 8

[INFO -- 2018-11-25 16:36:29]
Fault Injection Successful after 2.140834331512451s
[INFO -- 2018-11-25 16:36:29]
event type: exit
[INFO -- 2018-11-25 16:36:29]
exit code: 0
