[INFO -- 2018-12-01 03:11:28]
Starting flip_value script
version: 1.1
[INFO -- 2018-12-01 03:11:28]
Initialization strings:
[INFO -- 2018-12-01 03:11:28]
(1) file /tmp/splay/main
[INFO -- 2018-12-01 03:11:28]
(2) set args /tmp/splay/input_100000 /tmp/splay/output_100000
[INFO -- 2018-12-01 03:11:28]
initSignal:0
[INFO -- 2018-12-01 03:11:28]
endSignal:5
[INFO -- 2018-12-01 03:11:28]
faultModel:2
[INFO -- 2018-12-01 03:11:29]
Backtrace BEGIN:
#0  __strcmp_avx2 () at ../sysdeps/x86_64/multiarch/strcmp-avx2.S:93
#1  0x00007ffff7ec3750 in __cxxabiv1::__vmi_class_type_info::__do_dyncast(long, __cxxabiv1::__class_type_info::__sub_kind, __cxxabiv1::__class_type_info const*, void const*, __cxxabiv1::__class_type_info const*, void const*, __cxxabiv1::__class_type_info::__dyncast_result&) const () from /usr/lib/x86_64-linux-gnu/libstdc++.so.6
#2  0x00007ffff7ec0456 in __dynamic_cast () from /usr/lib/x86_64-linux-gnu/libstdc++.so.6
#3  0x00007ffff7f333fb in std::ctype<char> const& std::use_facet<std::ctype<char> >(std::locale const&) () from /usr/lib/x86_64-linux-gnu/libstdc++.so.6
#4  0x0000555555557da3 in std::operator<< <char, std::char_traits<char>, 16ul> (__os=..., __x=std::bitset = {...}) at /usr/include/c++/8/bitset:1541
#5  0x0000555555557ae8 in InOrder (root=0x5555557fead0) at splay.cpp:253
#6  0x0000555555557abd in InOrder (root=0x55555579a010) at splay.cpp:252
#7  0x0000555555557abd in InOrder (root=0x555555732b70) at splay.cpp:252
#8  0x0000555555557b0d in InOrder (root=0x555555799630) at splay.cpp:254
#9  0x0000555555557b0d in InOrder (root=0x55555580bdd0) at splay.cpp:254
#10 0x0000555555557abd in InOrder (root=0x55555560dfb0) at splay.cpp:252
#11 0x0000555555557abd in InOrder (root=0x5555557dd790) at splay.cpp:252
#12 0x0000555555557abd in InOrder (root=0x555555878290) at splay.cpp:252
#13 0x0000555555557b0d in InOrder (root=0x555555842f10) at splay.cpp:254
#14 0x0000555555557b0d in InOrder (root=0x5555557c2ad0) at splay.cpp:254
#15 0x0000555555557b0d in InOrder (root=0x55555587a070) at splay.cpp:254
#16 0x0000555555557b0d in InOrder (root=0x555555770670) at splay.cpp:254
#17 0x0000555555557b0d in InOrder (root=0x55555587a710) at splay.cpp:254
#18 0x0000555555557abd in InOrder (root=0x5555556168f0) at splay.cpp:252
#19 0x0000555555557abd in InOrder (root=0x55555587ac30) at splay.cpp:252
#20 0x0000555555557b0d in InOrder (root=0x55555587be10) at splay.cpp:254
#21 0x0000555555557b0d in InOrder (root=0x5555557180f0) at splay.cpp:254
#22 0x0000555555557b0d in InOrder (root=0x55555587ce70) at splay.cpp:254
#23 0x0000555555557abd in InOrder (root=0x55555587d5f0) at splay.cpp:252
#24 0x0000555555557abd in InOrder (root=0x55555570e5f0) at splay.cpp:252
#25 0x0000555555557b0d in InOrder (root=0x55555572ac10) at splay.cpp:254
#26 0x0000555555557b0d in InOrder (root=0x555555748390) at splay.cpp:254
#27 0x0000555555557b0d in InOrder (root=0x55555587dbf0) at splay.cpp:254
#28 0x0000555555557b0d in InOrder (root=0x55555587dc90) at splay.cpp:254
#29 0x0000555555557abd in InOrder (root=0x555555696ef0) at splay.cpp:252
#30 0x0000555555557abd in InOrder (root=0x55555587dcd0) at splay.cpp:252
#31 0x00005555555564fe in main (argc=3, argv=0x7fffffffdfb8) at main.cpp:35

88	in ../sysdeps/x86_64/multiarch/strcmp-avx2.S

Backtrace END
Fliping a bit of the value pointed by a pointer
Fliping value of field: key
Memory content before bitflip:0x730x070x160x00
Fault Model: Random bit-flip
base address to flip value: 0x55555587be10
address max offset: 4
Memory content after  bitflip:0xf10xe90x9c0x25
frame name: InOrder
symbol name: root
symbol filename: splay.cpp
symbol line: 248
value: 0x55555587be10
value address: 0x7fffffffda28
Type: The type is a pointer.
Type sizeof: 8

[INFO -- 2018-12-01 03:11:29]
Fault Injection Successful after 1.2804932594299316s
[INFO -- 2018-12-01 03:11:29]
event type: exit
[INFO -- 2018-12-01 03:11:29]
exit code: 0
