[INFO -- 2018-10-12 04:11:44]
Starting flip_value script
version: 1.1
[INFO -- 2018-10-12 04:11:44]
Initialization strings:
[INFO -- 2018-10-12 04:11:44]
(1) file /tmp/BTree/main
[INFO -- 2018-10-12 04:11:44]
(2)  set args /tmp/BTree/input_100000 /tmp/BTree/output_100000
[INFO -- 2018-10-12 04:11:44]
initSignal:0
[INFO -- 2018-10-12 04:11:44]
endSignal:2
[INFO -- 2018-10-12 04:11:44]
faultModel:4
[INFO -- 2018-10-12 04:11:45]
Backtrace BEGIN:
#0  0x00005555555567eb in std::_Base_bitset<1ul>::_S_maskbit (__pos=12) at /usr/include/c++/7/bitset:403
#1  0x0000555555556a71 in std::bitset<16ul>::_Unchecked_test (this=0x7fffffffdb60, __pos=12) at /usr/include/c++/7/bitset:1058
#2  0x0000555555556a03 in std::bitset<16ul>::_M_copy_to_string<char, std::char_traits<char>, std::allocator<char> > (this=0x7fffffffdb60, __s='0' <repete 16 vezes>, __zero=48 '0', __one=49 '1') at /usr/include/c++/7/bitset:1409
#3  0x0000555555556943 in std::operator<< <char, std::char_traits<char>, 16ul> (__os=..., __x=std::bitset) at /usr/include/c++/7/bitset:1538
#4  0x00005555555563b2 in BTreeNode::traverse (this=0x5555557e3f60) at BTree.cpp:592
#5  0x00005555555563ff in BTreeNode::traverse (this=0x5555557e3ff0) at BTree.cpp:597
#6  0x00005555555563ff in BTreeNode::traverse (this=0x5555557e4080) at BTree.cpp:597
#7  0x0000555555556377 in BTreeNode::traverse (this=0x5555557e4fb0) at BTree.cpp:591
#8  0x0000555555556377 in BTreeNode::traverse (this=0x5555557e67e0) at BTree.cpp:591
#9  0x0000555555556377 in BTreeNode::traverse (this=0x5555557ef3f0) at BTree.cpp:591
#10 0x0000555555556377 in BTreeNode::traverse (this=0x555555809820) at BTree.cpp:591
#11 0x0000555555556377 in BTreeNode::traverse (this=0x555555858540) at BTree.cpp:591
#12 0x00005555555563ff in BTreeNode::traverse (this=0x5555558584b0) at BTree.cpp:597
#13 0x0000555555556851 in BTree::traverse (this=0x7fffffffddc0) at BTree.cpp:137
#14 0x0000555555556630 in main (argc=3, argv=0x7fffffffded8) at BTree.cpp:668

398	      _S_whichbit(size_t __pos) _GLIBCXX_NOEXCEPT
399	      {  return __pos % _GLIBCXX_BITSET_BITS_PER_WORD; }
400	
401	      static _GLIBCXX_CONSTEXPR _WordT
402	      _S_maskbit(size_t __pos) _GLIBCXX_NOEXCEPT
403	      { return (static_cast<_WordT>(1)) << _S_whichbit(__pos); }
404	
405	      _WordT&
406	      _M_getword(size_t) _GLIBCXX_NOEXCEPT
407	      { return _M_w; }

Backtrace END
Fliping array at pos: 3
Memory content before bitflip:0x31
Fault Model: LSB bit-flip
base address to flip value: 0x7fffffffdde1 
address max offset: 1
Memory content after  bitflip:0x39
frame name: main
symbol name: line
symbol filename: BTree.cpp
symbol line: 659
value: "0019001\n\000"
value address: 0x7fffffffddde
Type: The type is an array.
Type sizeof: 10
Field name: None
Field Type: A range type, that is, an integer type with bounds.
Field Type sizeof: 8
Field Type range: (0, 9)

[INFO -- 2018-10-12 04:11:45]
Fault Injection Successful after 1.1517188549041748s
[INFO -- 2018-10-12 04:11:45]
event type: exit
[INFO -- 2018-10-12 04:11:45]
exit code: 0
