[INFO -- 2018-12-01 05:59:56]
Starting flip_value script
version: 1.1
[INFO -- 2018-12-01 05:59:56]
Initialization strings:
[INFO -- 2018-12-01 05:59:56]
(1) file /tmp/splay/main
[INFO -- 2018-12-01 05:59:56]
(2) set args /tmp/splay/input_100000 /tmp/splay/output_100000
[INFO -- 2018-12-01 05:59:56]
initSignal:0
[INFO -- 2018-12-01 05:59:56]
endSignal:5
[INFO -- 2018-12-01 05:59:56]
faultModel:4
[INFO -- 2018-12-01 05:59:56]
Backtrace BEGIN:
#0  0x00007ffff7d34fd4 in __GI___libc_write (fd=1, buf=0x55555587dcf0, nbytes=17) at ../sysdeps/unix/sysv/linux/write.c:26
#1  0x00007ffff7cb633d in _IO_new_file_write (f=0x7ffff7e10760 <_IO_2_1_stdout_>, data=0x55555587dcf0, n=17) at fileops.c:1183
#2  0x00007ffff7cb7a71 in new_do_write (to_do=17, data=0x55555587dcf0 "1100010011101110\n", fp=0x7ffff7e10760 <_IO_2_1_stdout_>) at libioP.h:839
#3  _IO_new_do_write (fp=0x7ffff7e10760 <_IO_2_1_stdout_>, data=0x55555587dcf0 "1100010011101110\n", to_do=17) at fileops.c:433
#4  0x00007ffff7cb56f8 in _IO_new_file_sync (fp=0x7ffff7e10760 <_IO_2_1_stdout_>) at fileops.c:819
#5  0x00007ffff7caa32d in __GI__IO_fflush (fp=0x7ffff7e10760 <_IO_2_1_stdout_>) at libioP.h:839
#6  0x00007ffff7f4201e in std::ostream::flush() () from /usr/lib/x86_64-linux-gnu/libstdc++.so.6
#7  0x0000555555557afd in InOrder (root=0x5555555c6ed0) at splay.cpp:253
#8  0x0000555555557b0d in InOrder (root=0x555555635510) at splay.cpp:254
#9  0x0000555555557b0d in InOrder (root=0x55555582dc30) at splay.cpp:254
#10 0x0000555555557abd in InOrder (root=0x555555729d90) at splay.cpp:252
#11 0x0000555555557abd in InOrder (root=0x555555842bd0) at splay.cpp:252
#12 0x0000555555557abd in InOrder (root=0x5555555b8b30) at splay.cpp:252
#13 0x0000555555557abd in InOrder (root=0x5555556bd170) at splay.cpp:252
#14 0x0000555555557b0d in InOrder (root=0x555555841d90) at splay.cpp:254
#15 0x0000555555557b0d in InOrder (root=0x555555689dd0) at splay.cpp:254
#16 0x0000555555557abd in InOrder (root=0x555555856e70) at splay.cpp:252
#17 0x0000555555557abd in InOrder (root=0x5555557c4e30) at splay.cpp:252
#18 0x0000555555557b0d in InOrder (root=0x5555557e2610) at splay.cpp:254
#19 0x0000555555557b0d in InOrder (root=0x555555870db0) at splay.cpp:254
#20 0x0000555555557abd in InOrder (root=0x555555610950) at splay.cpp:252
#21 0x0000555555557abd in InOrder (root=0x5555558779f0) at splay.cpp:252
#22 0x0000555555557b0d in InOrder (root=0x55555587b870) at splay.cpp:254
#23 0x0000555555557b0d in InOrder (root=0x55555558f210) at splay.cpp:254
#24 0x0000555555557abd in InOrder (root=0x55555587c9b0) at splay.cpp:252
#25 0x0000555555557b0d in InOrder (root=0x55555563d7d0) at splay.cpp:254
#26 0x0000555555557abd in InOrder (root=0x555555767410) at splay.cpp:252
#27 0x0000555555557b0d in InOrder (root=0x55555587d1b0) at splay.cpp:254
#28 0x0000555555557b0d in InOrder (root=0x5555555dc010) at splay.cpp:254
#29 0x0000555555557b0d in InOrder (root=0x5555558349b0) at splay.cpp:254
#30 0x0000555555557abd in InOrder (root=0x55555587dc10) at splay.cpp:252
#31 0x0000555555557abd in InOrder (root=0x55555561e0f0) at splay.cpp:252
#32 0x0000555555557b0d in InOrder (root=0x5555557b0cd0) at splay.cpp:254
#33 0x0000555555557abd in InOrder (root=0x55555587dc70) at splay.cpp:252
#34 0x0000555555557abd in InOrder (root=0x555555774870) at splay.cpp:252
#35 0x0000555555557abd in InOrder (root=0x55555587dcb0) at splay.cpp:252
#36 0x0000555555557b0d in InOrder (root=0x555555693810) at splay.cpp:254
#37 0x0000555555557b0d in InOrder (root=0x555555634c10) at splay.cpp:254
#38 0x0000555555557b0d in InOrder (root=0x55555587dcd0) at splay.cpp:254
#39 0x00005555555564fe in main (argc=3, argv=0x7fffffffdfb8) at main.cpp:35

21	in ../sysdeps/unix/sysv/linux/write.c

Backtrace END
Fliping a bit of the value pointed by a pointer
Fliping value of field: key
Memory content before bitflip:0x6b0x1f0x210x00
Fault Model: LSB bit-flip
base address to flip value: 0x55555561e0f0
address max offset: 4
Memory content after  bitflip:0x6b0x1f0x210x01
frame name: InOrder
symbol name: root
symbol filename: splay.cpp
symbol line: 248
value: 0x55555561e0f0
value address: 0x7fffffffdab8
Type: The type is a pointer.
Type sizeof: 8

[INFO -- 2018-12-01 05:59:56]
Fault Injection Successful after 0.7958061695098877s
[INFO -- 2018-12-01 05:59:56]
event type: exit
[INFO -- 2018-12-01 05:59:56]
exit code: 0
