[INFO -- 2018-12-01 07:06:17]
Starting flip_value script
version: 1.1
[INFO -- 2018-12-01 07:06:17]
Initialization strings:
[INFO -- 2018-12-01 07:06:17]
(1) file /tmp/splay/main
[INFO -- 2018-12-01 07:06:17]
(2) set args /tmp/splay/input_100000 /tmp/splay/output_100000
[INFO -- 2018-12-01 07:06:17]
initSignal:0
[INFO -- 2018-12-01 07:06:17]
endSignal:5
[INFO -- 2018-12-01 07:06:17]
faultModel:2
[INFO -- 2018-12-01 07:06:18]
Backtrace BEGIN:
#0  0x00007ffff7f0d642 in ?? () from /usr/lib/x86_64-linux-gnu/libstdc++.so.6
#1  0x00007ffff7f3be9d in std::istreambuf_iterator<char, std::char_traits<char> > std::num_get<char, std::istreambuf_iterator<char, std::char_traits<char> > >::_M_extract_int<long>(std::istreambuf_iterator<char, std::char_traits<char> >, std::istreambuf_iterator<char, std::char_traits<char> >, std::ios_base&, std::_Ios_Iostate&, long&) const () from /usr/lib/x86_64-linux-gnu/libstdc++.so.6
#2  0x00007ffff7f2aa76 in std::istream::operator>>(int&) () from /usr/lib/x86_64-linux-gnu/libstdc++.so.6
#3  0x000055555555686e in std::istream_iterator<int, char, std::char_traits<char>, long>::_M_read (this=0x7fffffffdb80) at /usr/include/c++/8/bits/stream_iterator.h:121
#4  0x0000555555556bbc in std::istream_iterator<int, char, std::char_traits<char>, long>::operator++ (this=0x7fffffffdb80) at /usr/include/c++/8/bits/stream_iterator.h:95
#5  0x0000555555556acc in std::vector<int, std::allocator<int> >::_M_range_initialize<std::istream_iterator<int, char, std::char_traits<char>, long> > (this=0x7fffffffdc90, __first=..., __last=...) at /usr/include/c++/8/bits/stl_vector.h:1447
#6  0x00005555555569a6 in std::vector<int, std::allocator<int> >::_M_initialize_dispatch<std::istream_iterator<int, char, std::char_traits<char>, long> > (this=0x7fffffffdc90, __first=..., __last=...) at /usr/include/c++/8/bits/stl_vector.h:1437
#7  0x0000555555556728 in std::vector<int, std::allocator<int> >::vector<std::istream_iterator<int, char, std::char_traits<char>, long>, void> (this=0x7fffffffdc90, __first=..., __last=..., __a=...) at /usr/include/c++/8/bits/stl_vector.h:546
#8  0x0000555555556452 in main (argc=3, argv=0x7fffffffdfb8) at main.cpp:27

1	#include "splay.h"
2	#include <iostream>
3	
4	#include <algorithm>    // std::random_shuffle
5	#include <vector>       // std::vector
6	#include <cstdlib>      // std::rand, std::srand
7	#include <cstdio>
8	
9	#include <iterator>
10	#include <fstream>

Backtrace END
Fliping a bit of the pointer
Memory content before bitflip:0x900xdc0xff0xff0xff0x7f0x000x00
Fault Model: Random bit-flip
base address to flip value: 0x7fffffffdb78
address max offset: 8
Memory content after  bitflip:0x4e0x000x160x000x320xa60x780xc7
frame name: std::vector<int, std::allocator<int> >::_M_initialize_dispatch<std::istream_iterator<int, char, std::char_traits<char>, long> >
symbol name: this
symbol filename: main.cpp
symbol line: 0
value: 0x7fffffffdc90
value address: 0x7fffffffdb78
Type: The type is a pointer.
Type sizeof: 8

[INFO -- 2018-12-01 07:06:18]
Fault Injection Successful after 1.040585994720459s
[INFO -- 2018-12-01 07:06:18]
event type: exit
[INFO -- 2018-12-01 07:06:18]
exit code: 0
