[INFO -- 2018-10-12 01:32:47]
Starting flip_value script
version: 1.1
[INFO -- 2018-10-12 01:32:47]
Initialization strings:
[INFO -- 2018-10-12 01:32:47]
(1) file /tmp/BTree/main
[INFO -- 2018-10-12 01:32:47]
(2)  set args /tmp/BTree/input_100000 /tmp/BTree/output_100000
[INFO -- 2018-10-12 01:32:47]
initSignal:0
[INFO -- 2018-10-12 01:32:47]
endSignal:2
[INFO -- 2018-10-12 01:32:47]
faultModel:0
[EXCEPTION -- 2018-10-12 01:32:47]
pythonException: Unable to exit loop in struct fields; Exiting wihtout making a bit flip
[INFO -- 2018-10-12 01:32:48]
Backtrace BEGIN:
#0  0x0000555555556059 in BTreeNode::insertNonFull (this=0x5555557a8c20, k=2547945) at BTree.cpp:522
#1  0x00005555555560d9 in BTreeNode::insertNonFull (this=0x5555557888e0, k=2547945) at BTree.cpp:533
#2  0x00005555555560d9 in BTreeNode::insertNonFull (this=0x5555557e3030, k=2547945) at BTree.cpp:533
#3  0x00005555555560d9 in BTreeNode::insertNonFull (this=0x5555557e48f0, k=2547945) at BTree.cpp:533
#4  0x00005555555560d9 in BTreeNode::insertNonFull (this=0x55555580ee30, k=2547945) at BTree.cpp:533
#5  0x00005555555560d9 in BTreeNode::insertNonFull (this=0x5555558124c0, k=2547945) at BTree.cpp:533
#6  0x00005555555560d9 in BTreeNode::insertNonFull (this=0x555555812430, k=2547945) at BTree.cpp:533
#7  0x0000555555555f18 in BTree::insert (this=0x7fffffffddc0, k=2547945) at BTree.cpp:487
#8  0x0000555555556601 in main (argc=3, argv=0x7fffffffded8) at BTree.cpp:665

517			// Find the child which is going to have the new key
518			while (i >= 0 && keys[i] > k)
519				i--;
520	
521			// See if the found child is full
522			if (C[i+1]->n == 2*t-1)
523			{
524				// If the child is full, then split it
525				splitChild(i+1, C[i+1]);
526	

Backtrace END
Memory content before bitflip:0xe90xe00x260x00
Fault Model: Single bit-flip
base address to flip value: 0x7fffffffdc14
address max offset: 4
Memory content after  bitflip:0xe80xe00x260x00
frame name: BTreeNode::insertNonFull
symbol name: k
symbol filename: BTree.cpp
symbol line: 494
value: 2547944
value address: 0x7fffffffdc14
Type: The type is an integer type.
Type sizeof: 4

[INFO -- 2018-10-12 01:32:48]
Fault Injection Successful after 1.0046353340148926s
[INFO -- 2018-10-12 01:32:48]
event type: exit
[INFO -- 2018-10-12 01:32:48]
exit code: 0
