[INFO -- 2018-11-25 22:45:27]
Starting flip_value script
version: 1.1
[INFO -- 2018-11-25 22:45:27]
Initialization strings:
[INFO -- 2018-11-25 22:45:27]
(1) file /tmp/BTree-dup/main
[INFO -- 2018-11-25 22:45:27]
(2)  set args /tmp/BTree-dup/input_100000 /tmp/BTree-dup/output_100000 /tmp/BTree-dup-detection.log /tmp/BTree-dup/output2_100000
[INFO -- 2018-11-25 22:45:27]
initSignal:0
[INFO -- 2018-11-25 22:45:27]
endSignal:2
[INFO -- 2018-11-25 22:45:27]
faultModel:2
[INFO -- 2018-11-25 22:45:28]
Backtrace BEGIN:
#0  0x00007ffff7af0183 in std::locale::locale(std::locale const&) () from /usr/lib/x86_64-linux-gnu/libstdc++.so.6
#1  0x00005555555571a6 in std::ios_base::getloc (this=0x55555575a048 <std::cout@@GLIBCXX_3.4+8>) at /usr/include/c++/7/bits/ios_base.h:764
#2  0x0000555555557381 in std::operator<< <char, std::char_traits<char>, 16ul> (__os=..., __x=std::bitset = {...}) at /usr/include/c++/7/bitset:1537
#3  0x0000555555556912 in BTreeNode::traverse (this=0x5555557817a0) at BTree_dup.cpp:594
#4  0x00005555555568d7 in BTreeNode::traverse (this=0x55555599c090) at BTree_dup.cpp:593
#5  0x000055555555695f in BTreeNode::traverse (this=0x555555a16e80) at BTree_dup.cpp:599
#6  0x00005555555568d7 in BTreeNode::traverse (this=0x555555af2000) at BTree_dup.cpp:593
#7  0x00005555555568d7 in BTreeNode::traverse (this=0x5555557a21a0) at BTree_dup.cpp:593
#8  0x00005555555568d7 in BTreeNode::traverse (this=0x555555815c40) at BTree_dup.cpp:593
#9  0x00005555555568d7 in BTreeNode::traverse (this=0x555555a2ab30) at BTree_dup.cpp:593
#10 0x00005555555572bb in BTree::traverse (this=0x7fffffffdd40) at BTree_dup.cpp:139
#11 0x0000555555556fbd in main (argc=5, argv=0x7fffffffde68) at BTree_dup.cpp:718

677	    {
678	        file1.getline(string1,256);
679	        file2.getline(string2,256);
680	        j++;
681	        if(strcmp(string1,string2) != 0)
682	        {
683	            if (fp = fopen(detectLog, "a")) {
684	                fprintf(fp, "[%d]: %s %s\n",j,string1,string2);
685	                fclose(fp);
686	            }

Backtrace END
Memory content before bitflip:0x030x000x000x00
Fault Model: Random bit-flip
base address to flip value: 0x7fffffffdbbc
address max offset: 4
Memory content after  bitflip:0x2c0xbc0x670xab
frame name: BTreeNode::traverse
symbol name: i
symbol filename: BTree_dup.cpp
symbol line: 587
value: -1419264980
value address: 0x7fffffffdbbc
Type: The type is an integer type.
Type sizeof: 4

[INFO -- 2018-11-25 22:45:28]
Fault Injection Successful after 1.9304580688476562s
[INFO -- 2018-11-25 22:45:29]
event type: exit
[INFO -- 2018-11-25 22:45:29]
exit code: 0
