[INFO -- 2018-11-30 16:40:09]
Starting flip_value script
version: 1.1
[INFO -- 2018-11-30 16:40:09]
Initialization strings:
[INFO -- 2018-11-30 16:40:09]
(1) file /tmp/splay/main
[INFO -- 2018-11-30 16:40:09]
(2) set args /tmp/splay/input_100000 /tmp/splay/output_100000
[INFO -- 2018-11-30 16:40:09]
initSignal:0
[INFO -- 2018-11-30 16:40:09]
endSignal:5
[INFO -- 2018-11-30 16:40:09]
faultModel:3
[INFO -- 2018-11-30 16:40:09]
Backtrace BEGIN:
#0  0x0000555555557d7e in std::operator<< <char, std::char_traits<char>, 16ul> (__os=..., __x=std::bitset = {...}) at /usr/include/c++/8/bitset:1541
#1  0x0000555555557ae8 in InOrder (root=0x555555847690) at splay.cpp:253
#2  0x0000555555557abd in InOrder (root=0x555555871150) at splay.cpp:252
#3  0x0000555555557abd in InOrder (root=0x5555558746d0) at splay.cpp:252
#4  0x0000555555557b0d in InOrder (root=0x5555557b9d30) at splay.cpp:254
#5  0x0000555555557b0d in InOrder (root=0x5555558740b0) at splay.cpp:254
#6  0x0000555555557abd in InOrder (root=0x555555623bf0) at splay.cpp:252
#7  0x0000555555557abd in InOrder (root=0x55555587ba70) at splay.cpp:252
#8  0x0000555555557b0d in InOrder (root=0x5555557ae5d0) at splay.cpp:254
#9  0x0000555555557abd in InOrder (root=0x55555587dab0) at splay.cpp:252
#10 0x0000555555557abd in InOrder (root=0x5555557882f0) at splay.cpp:252
#11 0x0000555555557b0d in InOrder (root=0x55555587da30) at splay.cpp:254
#12 0x0000555555557abd in InOrder (root=0x55555587dbb0) at splay.cpp:252
#13 0x0000555555557abd in InOrder (root=0x5555557cfed0) at splay.cpp:252
#14 0x0000555555557b0d in InOrder (root=0x555555774190) at splay.cpp:254
#15 0x0000555555557b0d in InOrder (root=0x555555774870) at splay.cpp:254
#16 0x0000555555557abd in InOrder (root=0x55555587dcb0) at splay.cpp:252
#17 0x0000555555557b0d in InOrder (root=0x555555693810) at splay.cpp:254
#18 0x0000555555557b0d in InOrder (root=0x555555634c10) at splay.cpp:254
#19 0x0000555555557b0d in InOrder (root=0x55555587dcd0) at splay.cpp:254
#20 0x00005555555564fe in main (argc=3, argv=0x7fffffffdfb8) at main.cpp:35

1536	    {
1537	      std::basic_string<_CharT, _Traits> __tmp;
1538	
1539	      // _GLIBCXX_RESOLVE_LIB_DEFECTS
1540	      // 396. what are characters zero and one.
1541	      const ctype<_CharT>& __ct = use_facet<ctype<_CharT> >(__os.getloc());
1542	      __x._M_copy_to_string(__tmp, __ct.widen('0'), __ct.widen('1'));
1543	      return __os << __tmp;
1544	    }
1545	  //@}

Backtrace END
Fliping a bit of the value pointed by a pointer
Fliping value of field: lchild
Fliping a bit of the value pointed by a pointer
Fliping value of field: lchild
Fliping a bit of the pointer
Memory content before bitflip:0xd00xe50x7a0x550x550x550x000x00
Fault Model: Zero bit-flip
base address to flip value: 0x55555587dab8
address max offset: 8
Memory content after  bitflip:0x000x000x000x000x000x000x000x00
frame name: InOrder
symbol name: root
symbol filename: splay.cpp
symbol line: 248
value: 0x5555557882f0
value address: 0x7fffffffda58
Type: The type is a pointer.
Type sizeof: 8

[INFO -- 2018-11-30 16:40:09]
Fault Injection Successful after 0.964280366897583s
[INFO -- 2018-11-30 16:40:10]
event type: exit
[INFO -- 2018-11-30 16:40:10]
exit code: 0
