[INFO -- 2018-12-01 10:52:32]
Starting flip_value script
version: 1.1
[INFO -- 2018-12-01 10:52:32]
Initialization strings:
[INFO -- 2018-12-01 10:52:32]
(1) file /tmp/splay/main
[INFO -- 2018-12-01 10:52:32]
(2) set args /tmp/splay/input_100000 /tmp/splay/output_100000
[INFO -- 2018-12-01 10:52:32]
initSignal:0
[INFO -- 2018-12-01 10:52:32]
endSignal:5
[INFO -- 2018-12-01 10:52:32]
faultModel:1
[EXCEPTION -- 2018-12-01 10:52:33]
pythonException: Unable to exit loop in struct fields; Exiting wihtout making a bit flip
[INFO -- 2018-12-01 10:52:33]
Backtrace BEGIN:
#0  Splay (key=1936335, root=0x555555785b30) at splay.cpp:74
#1  0x0000555555557916 in Insert (key=1936335, root=0x5555557cf5f0) at splay.cpp:145
#2  0x00005555555564bb in main (argc=3, argv=0x7fffffffdfb8) at main.cpp:31

69											   just linking it to R Tree */
70					if(!root->lchild)
71						break;
72				}
73				/* Link to R Tree */
74				RightTreeMin->lchild = root;
75				RightTreeMin = RightTreeMin->lchild;
76				root = root->lchild;
77				RightTreeMin->lchild = NULL;
78			}

Backtrace END
Memory content before bitflip:0x030x000x000x00
Fault Model: Double bit-flip
base address to flip value: 0x7fffffffdc3c
address max offset: 4
Memory content after  bitflip:0x030x000x410x00
frame name: main
symbol name: argc
symbol filename: main.cpp
symbol line: 14
value: 4259843
value address: 0x7fffffffdc3c
Type: The type is an integer type.
Type sizeof: 4

[INFO -- 2018-12-01 10:52:33]
Fault Injection Successful after 1.1469700336456299s
[INFO -- 2018-12-01 10:52:33]
event type: exit
[INFO -- 2018-12-01 10:52:33]
exit code: 0
