[INFO -- 2018-11-30 19:05:56]
Starting flip_value script
version: 1.1
[INFO -- 2018-11-30 19:05:56]
Initialization strings:
[INFO -- 2018-11-30 19:05:56]
(1) file /tmp/splay/main
[INFO -- 2018-11-30 19:05:56]
(2) set args /tmp/splay/input_100000 /tmp/splay/output_100000
[INFO -- 2018-11-30 19:05:56]
initSignal:0
[INFO -- 2018-11-30 19:05:56]
endSignal:5
[INFO -- 2018-11-30 19:05:56]
faultModel:4
[INFO -- 2018-11-30 19:05:56]
Backtrace BEGIN:
#0  0x00007ffff7d34fd4 in __GI___libc_write (fd=1, buf=0x55555587dcf0, nbytes=17) at ../sysdeps/unix/sysv/linux/write.c:26
#1  0x00007ffff7cb633d in _IO_new_file_write (f=0x7ffff7e10760 <_IO_2_1_stdout_>, data=0x55555587dcf0, n=17) at fileops.c:1183
#2  0x00007ffff7cb7a71 in new_do_write (to_do=17, data=0x55555587dcf0 "1100100110001101\n", fp=0x7ffff7e10760 <_IO_2_1_stdout_>) at libioP.h:839
#3  _IO_new_do_write (fp=0x7ffff7e10760 <_IO_2_1_stdout_>, data=0x55555587dcf0 "1100100110001101\n", to_do=17) at fileops.c:433
#4  0x00007ffff7cb56f8 in _IO_new_file_sync (fp=0x7ffff7e10760 <_IO_2_1_stdout_>) at fileops.c:819
#5  0x00007ffff7caa32d in __GI__IO_fflush (fp=0x7ffff7e10760 <_IO_2_1_stdout_>) at libioP.h:839
#6  0x00007ffff7f4201e in std::ostream::flush() () from /usr/lib/x86_64-linux-gnu/libstdc++.so.6
#7  0x0000555555557afd in InOrder (root=0x5555556a0b90) at splay.cpp:253
#8  0x0000555555557abd in InOrder (root=0x5555555e67f0) at splay.cpp:252
#9  0x0000555555557abd in InOrder (root=0x5555556e8630) at splay.cpp:252
#10 0x0000555555557b0d in InOrder (root=0x555555640dd0) at splay.cpp:254
#11 0x0000555555557b0d in InOrder (root=0x555555658a90) at splay.cpp:254
#12 0x0000555555557b0d in InOrder (root=0x555555788c30) at splay.cpp:254
#13 0x0000555555557abd in InOrder (root=0x5555556de070) at splay.cpp:252
#14 0x0000555555557b0d in InOrder (root=0x55555573e7f0) at splay.cpp:254
#15 0x0000555555557b0d in InOrder (root=0x55555586eff0) at splay.cpp:254
#16 0x0000555555557abd in InOrder (root=0x5555557933f0) at splay.cpp:252
#17 0x0000555555557abd in InOrder (root=0x555555878690) at splay.cpp:252
#18 0x0000555555557abd in InOrder (root=0x5555557b5a30) at splay.cpp:252
#19 0x0000555555557b0d in InOrder (root=0x55555561ad10) at splay.cpp:254
#20 0x0000555555557b0d in InOrder (root=0x55555587b510) at splay.cpp:254
#21 0x0000555555557b0d in InOrder (root=0x55555587a8b0) at splay.cpp:254
#22 0x0000555555557abd in InOrder (root=0x55555587b9d0) at splay.cpp:252
#23 0x0000555555557abd in InOrder (root=0x55555578add0) at splay.cpp:252
#24 0x0000555555557abd in InOrder (root=0x5555556488d0) at splay.cpp:252
#25 0x0000555555557abd in InOrder (root=0x55555587d810) at splay.cpp:252
#26 0x0000555555557b0d in InOrder (root=0x5555556accf0) at splay.cpp:254
#27 0x0000555555557b0d in InOrder (root=0x55555587dbd0) at splay.cpp:254
#28 0x0000555555557b0d in InOrder (root=0x55555568bd90) at splay.cpp:254
#29 0x0000555555557b0d in InOrder (root=0x55555587dcb0) at splay.cpp:254
#30 0x0000555555557b0d in InOrder (root=0x555555693810) at splay.cpp:254
#31 0x0000555555557b0d in InOrder (root=0x555555634c10) at splay.cpp:254
#32 0x0000555555557b0d in InOrder (root=0x55555587dcd0) at splay.cpp:254
#33 0x00005555555564fe in main (argc=3, argv=0x7fffffffdfb8) at main.cpp:35

21	in ../sysdeps/unix/sysv/linux/write.c

Backtrace END
Fliping value of field: _M_value
Memory content before bitflip:0x4a0xcf0x100x00
Fault Model: LSB bit-flip
base address to flip value: 0x7fffffffdc58
address max offset: 4
Memory content after  bitflip:0x4a0xcf0x100x40
frame name: main
symbol name: start
symbol filename: main.cpp
symbol line: 26
value: {<std::iterator<std::input_iterator_tag, int, long, int const*, int const&>> = {<No data fields>}, _M_stream = 0x7fffffffdcb0, _M_value = 1074843466, _M_ok = true}
value address: 0x7fffffffdc50
Type: The type is a structure.
Type sizeof: 16
Field name: std::iterator<std::input_iterator_tag, int, long, int const*, int const&>
Field Type: The type is a structure.
Field Type sizeof: 1
Field name: _M_stream
Field Type: The type is a pointer.
Field Type sizeof: 8
Field name: _M_value
Field Type: The type is an integer type.
Field Type sizeof: 4
Field name: _M_ok
Field Type: A boolean type.
Field Type sizeof: 1

[INFO -- 2018-11-30 19:05:56]
Fault Injection Successful after 0.8894672393798828s
[INFO -- 2018-11-30 19:05:56]
event type: exit
[INFO -- 2018-11-30 19:05:56]
exit code: 0
