[INFO -- 2018-10-17 21:06:27]
sending 5 signals using command: 'killall -2 main' after 1.22342611925s
[INFO -- 2018-10-17 21:06:28]
sending 5 signals using command: 'killall -2 main' after 1.61330552652s
[INFO -- 2018-10-17 21:06:28]
sending 5 signals using command: 'killall -2 main' after 1.75951619037s
[INFO -- 2018-10-17 21:06:28]
Starting GDB script
[INFO -- 2018-10-17 21:06:28]
initSignal:0.0
[INFO -- 2018-10-17 21:06:28]
endSignal:2.0
[INFO -- 2018-10-17 21:06:28]
sending 5 signals using command: 'killall -2 main' after 0.0388291519296s
[INFO -- 2018-10-17 21:06:28]
sending 5 signals using command: 'killall -2 main' after 0.0446032135729s
[INFO -- 2018-10-17 21:06:28]
sending 5 signals using command: 'killall -2 main' after 0.361256123821s
[INFO -- 2018-10-17 21:06:29]
Execution finished before waitTime
