[INFO -- 2018-10-17 20:55:51]
sending 5 signals using command: 'killall -2 main' after 1.65800812677s
[INFO -- 2018-10-17 20:55:51]
sending 5 signals using command: 'killall -2 main' after 1.7525902404s
[INFO -- 2018-10-17 20:55:51]
sending 5 signals using command: 'killall -2 main' after 1.99964072606s
[INFO -- 2018-10-17 20:55:51]
Starting GDB script
[INFO -- 2018-10-17 20:55:51]
initSignal:0.0
[INFO -- 2018-10-17 20:55:51]
endSignal:2.0
[INFO -- 2018-10-17 20:55:51]
sending 5 signals using command: 'killall -2 main' after 0.0811433365897s
[INFO -- 2018-10-17 20:55:51]
sending 5 signals using command: 'killall -2 main' after 0.207632309398s
[INFO -- 2018-10-17 20:55:51]
sending 5 signals using command: 'killall -2 main' after 0.383817053744s
[INFO -- 2018-10-17 20:55:52]
Execution finished before waitTime
