[INFO -- 2018-10-11 23:21:15]
Starting flip_value script
version: 1.1
[INFO -- 2018-10-11 23:21:15]
Initialization strings:
[INFO -- 2018-10-11 23:21:15]
(1) file /tmp/BTree/main
[INFO -- 2018-10-11 23:21:15]
(2)  set args /tmp/BTree/input_100000 /tmp/BTree/output_100000
[INFO -- 2018-10-11 23:21:15]
initSignal:0
[INFO -- 2018-10-11 23:21:15]
endSignal:2
[INFO -- 2018-10-11 23:21:15]
faultModel:0
[INFO -- 2018-10-11 23:21:16]
Backtrace BEGIN:
#0  0x000055555555604d in BTreeNode::insertNonFull (this=0x555555819b70, k=4118687) at BTree.cpp:522
#1  0x00005555555560d9 in BTreeNode::insertNonFull (this=0x555555935b50, k=4118687) at BTree.cpp:533
#2  0x00005555555560d9 in BTreeNode::insertNonFull (this=0x5555559879f0, k=4118687) at BTree.cpp:533
#3  0x00005555555560d9 in BTreeNode::insertNonFull (this=0x5555559e64c0, k=4118687) at BTree.cpp:533
#4  0x00005555555560d9 in BTreeNode::insertNonFull (this=0x5555557e10b0, k=4118687) at BTree.cpp:533
#5  0x00005555555560d9 in BTreeNode::insertNonFull (this=0x5555558bd670, k=4118687) at BTree.cpp:533
#6  0x00005555555560d9 in BTreeNode::insertNonFull (this=0x555555a273b0, k=4118687) at BTree.cpp:533
#7  0x00005555555560d9 in BTreeNode::insertNonFull (this=0x555555a27320, k=4118687) at BTree.cpp:533
#8  0x0000555555555f18 in BTree::insert (this=0x7fffffffddc0, k=4118687) at BTree.cpp:487
#9  0x0000555555556601 in main (argc=3, argv=0x7fffffffded8) at BTree.cpp:665

517			// Find the child which is going to have the new key
518			while (i >= 0 && keys[i] > k)
519				i--;
520	
521			// See if the found child is full
522			if (C[i+1]->n == 2*t-1)
523			{
524				// If the child is full, then split it
525				splitChild(i+1, C[i+1]);
526	

Backtrace END
Memory content before bitflip:0x020x000x000x00
Fault Model: Single bit-flip
base address to flip value: 0x7fffffffdc2c
address max offset: 4
Memory content after  bitflip:0x020x080x000x00
frame name: BTreeNode::insertNonFull
symbol name: i
symbol filename: BTree.cpp
symbol line: 497
value: 2050
value address: 0x7fffffffdc2c
Type: The type is an integer type.
Type sizeof: 4

[INFO -- 2018-10-11 23:21:16]
Fault Injection Successful after 1.1786854267120361s
[INFO -- 2018-10-11 23:21:16]
event type: exit
[INFO -- 2018-10-11 23:21:16]
exit code: 0
