[INFO -- 2018-12-01 07:18:25]
Starting flip_value script
version: 1.1
[INFO -- 2018-12-01 07:18:25]
Initialization strings:
[INFO -- 2018-12-01 07:18:25]
(1) file /tmp/splay/main
[INFO -- 2018-12-01 07:18:25]
(2) set args /tmp/splay/input_100000 /tmp/splay/output_100000
[INFO -- 2018-12-01 07:18:25]
initSignal:0
[INFO -- 2018-12-01 07:18:25]
endSignal:5
[INFO -- 2018-12-01 07:18:25]
faultModel:2
[INFO -- 2018-12-01 07:18:26]
Backtrace BEGIN:
#0  0x00007ffff7d34fd4 in __GI___libc_write (fd=1, buf=0x55555587dcf0, nbytes=17) at ../sysdeps/unix/sysv/linux/write.c:26
#1  0x00007ffff7cb633d in _IO_new_file_write (f=0x7ffff7e10760 <_IO_2_1_stdout_>, data=0x55555587dcf0, n=17) at fileops.c:1183
#2  0x00007ffff7cb7a71 in new_do_write (to_do=17, data=0x55555587dcf0 "1111100101011101\n", fp=0x7ffff7e10760 <_IO_2_1_stdout_>) at libioP.h:839
#3  _IO_new_do_write (fp=0x7ffff7e10760 <_IO_2_1_stdout_>, data=0x55555587dcf0 "1111100101011101\n", to_do=17) at fileops.c:433
#4  0x00007ffff7cb56f8 in _IO_new_file_sync (fp=0x7ffff7e10760 <_IO_2_1_stdout_>) at fileops.c:819
#5  0x00007ffff7caa32d in __GI__IO_fflush (fp=0x7ffff7e10760 <_IO_2_1_stdout_>) at libioP.h:839
#6  0x00007ffff7f4201e in std::ostream::flush() () from /usr/lib/x86_64-linux-gnu/libstdc++.so.6
#7  0x0000555555557afd in InOrder (root=0x55555566b2d0) at splay.cpp:253
#8  0x0000555555557b0d in InOrder (root=0x55555570e190) at splay.cpp:254
#9  0x0000555555557b0d in InOrder (root=0x555555581dd0) at splay.cpp:254
#10 0x0000555555557abd in InOrder (root=0x5555556d7ad0) at splay.cpp:252
#11 0x0000555555557abd in InOrder (root=0x5555557a9df0) at splay.cpp:252
#12 0x0000555555557b0d in InOrder (root=0x55555581f8b0) at splay.cpp:254
#13 0x0000555555557b0d in InOrder (root=0x555555848950) at splay.cpp:254
#14 0x0000555555557abd in InOrder (root=0x555555859b10) at splay.cpp:252
#15 0x0000555555557b0d in InOrder (root=0x555555739870) at splay.cpp:254
#16 0x0000555555557abd in InOrder (root=0x5555558707b0) at splay.cpp:252
#17 0x0000555555557b0d in InOrder (root=0x5555556b9c90) at splay.cpp:254
#18 0x0000555555557abd in InOrder (root=0x555555766450) at splay.cpp:252
#19 0x0000555555557b0d in InOrder (root=0x5555558714d0) at splay.cpp:254
#20 0x0000555555557b0d in InOrder (root=0x5555558729f0) at splay.cpp:254
#21 0x0000555555557b0d in InOrder (root=0x555555877c50) at splay.cpp:254
#22 0x0000555555557b0d in InOrder (root=0x555555877e90) at splay.cpp:254
#23 0x0000555555557abd in InOrder (root=0x555555879710) at splay.cpp:252
#24 0x0000555555557abd in InOrder (root=0x5555557b3f70) at splay.cpp:252
#25 0x0000555555557b0d in InOrder (root=0x55555587b5f0) at splay.cpp:254
#26 0x0000555555557b0d in InOrder (root=0x555555769330) at splay.cpp:254
#27 0x0000555555557abd in InOrder (root=0x55555587bb70) at splay.cpp:252
#28 0x0000555555557b0d in InOrder (root=0x55555587ccd0) at splay.cpp:254
#29 0x0000555555557b0d in InOrder (root=0x555555783290) at splay.cpp:254
#30 0x0000555555557b0d in InOrder (root=0x55555587d0d0) at splay.cpp:254
#31 0x0000555555557abd in InOrder (root=0x555555581df0) at splay.cpp:252
#32 0x0000555555557b0d in InOrder (root=0x55555560ac10) at splay.cpp:254
#33 0x0000555555557b0d in InOrder (root=0x55555587d9b0) at splay.cpp:254
#34 0x0000555555557b0d in InOrder (root=0x555555794190) at splay.cpp:254
#35 0x0000555555557b0d in InOrder (root=0x555555771bf0) at splay.cpp:254
#36 0x0000555555557b0d in InOrder (root=0x55555587dad0) at splay.cpp:254
#37 0x0000555555557abd in InOrder (root=0x55555587d8d0) at splay.cpp:252
#38 0x0000555555557b0d in InOrder (root=0x5555557cfed0) at splay.cpp:254
#39 0x0000555555557b0d in InOrder (root=0x555555774190) at splay.cpp:254
#40 0x0000555555557b0d in InOrder (root=0x555555774870) at splay.cpp:254
#41 0x0000555555557abd in InOrder (root=0x55555587dcb0) at splay.cpp:252
#42 0x0000555555557b0d in InOrder (root=0x555555693810) at splay.cpp:254
#43 0x0000555555557b0d in InOrder (root=0x555555634c10) at splay.cpp:254
#44 0x0000555555557b0d in InOrder (root=0x55555587dcd0) at splay.cpp:254
#45 0x00005555555564fe in main (argc=3, argv=0x7fffffffdfb8) at main.cpp:35

21	in ../sysdeps/unix/sysv/linux/write.c

Backtrace END
Fliping a bit of the pointer
Memory content before bitflip:0xd00xdc0x870x550x550x550x000x00
Fault Model: Random bit-flip
base address to flip value: 0x7fffffffdc08
address max offset: 8
Memory content after  bitflip:0xea0xcd0x5c0x330x170x930xaa0xa3
frame name: InOrder
symbol name: root
symbol filename: splay.cpp
symbol line: 248
value: 0x55555587dcd0
value address: 0x7fffffffdc08
Type: The type is a pointer.
Type sizeof: 8

[INFO -- 2018-12-01 07:18:26]
Fault Injection Successful after 1.3229026794433594s
[INFO -- 2018-12-01 07:18:26]
event type: exit
[INFO -- 2018-12-01 07:18:26]
exit code: 0
