[INFO -- 2018-11-30 17:44:39]
Starting flip_value script
version: 1.1
[INFO -- 2018-11-30 17:44:39]
Initialization strings:
[INFO -- 2018-11-30 17:44:39]
(1) file /tmp/splay/main
[INFO -- 2018-11-30 17:44:39]
(2) set args /tmp/splay/input_100000 /tmp/splay/output_100000
[INFO -- 2018-11-30 17:44:39]
initSignal:0
[INFO -- 2018-11-30 17:44:39]
endSignal:5
[INFO -- 2018-11-30 17:44:39]
faultModel:1
[INFO -- 2018-11-30 17:44:40]
Backtrace BEGIN:
#0  0x00007ffff7d34fd4 in __GI___libc_write (fd=1, buf=0x55555587dcf0, nbytes=17) at ../sysdeps/unix/sysv/linux/write.c:26
#1  0x00007ffff7cb633d in _IO_new_file_write (f=0x7ffff7e10760 <_IO_2_1_stdout_>, data=0x55555587dcf0, n=17) at fileops.c:1183
#2  0x00007ffff7cb7a71 in new_do_write (to_do=17, data=0x55555587dcf0 "0111111000100101\n", fp=0x7ffff7e10760 <_IO_2_1_stdout_>) at libioP.h:839
#3  _IO_new_do_write (fp=0x7ffff7e10760 <_IO_2_1_stdout_>, data=0x55555587dcf0 "0111111000100101\n", to_do=17) at fileops.c:433
#4  0x00007ffff7cb56f8 in _IO_new_file_sync (fp=0x7ffff7e10760 <_IO_2_1_stdout_>) at fileops.c:819
#5  0x00007ffff7caa32d in __GI__IO_fflush (fp=0x7ffff7e10760 <_IO_2_1_stdout_>) at libioP.h:839
#6  0x00007ffff7f4201e in std::ostream::flush() () from /usr/lib/x86_64-linux-gnu/libstdc++.so.6
#7  0x0000555555557afd in InOrder (root=0x5555556e8350) at splay.cpp:253
#8  0x0000555555557b0d in InOrder (root=0x5555557c0ff0) at splay.cpp:254
#9  0x0000555555557b0d in InOrder (root=0x555555600d10) at splay.cpp:254
#10 0x0000555555557abd in InOrder (root=0x5555557dfe90) at splay.cpp:252
#11 0x0000555555557abd in InOrder (root=0x555555585850) at splay.cpp:252
#12 0x0000555555557b0d in InOrder (root=0x5555557fc810) at splay.cpp:254
#13 0x0000555555557abd in InOrder (root=0x555555822970) at splay.cpp:252
#14 0x0000555555557abd in InOrder (root=0x555555621a50) at splay.cpp:252
#15 0x0000555555557b0d in InOrder (root=0x55555559fd50) at splay.cpp:254
#16 0x0000555555557b0d in InOrder (root=0x55555558f090) at splay.cpp:254
#17 0x0000555555557b0d in InOrder (root=0x555555861410) at splay.cpp:254
#18 0x0000555555557b0d in InOrder (root=0x555555689b70) at splay.cpp:254
#19 0x0000555555557abd in InOrder (root=0x555555589bb0) at splay.cpp:252
#20 0x0000555555557abd in InOrder (root=0x555555872b10) at splay.cpp:252
#21 0x0000555555557abd in InOrder (root=0x555555876c30) at splay.cpp:252
#22 0x0000555555557b0d in InOrder (root=0x5555557453f0) at splay.cpp:254
#23 0x0000555555557abd in InOrder (root=0x55555587ae70) at splay.cpp:252
#24 0x0000555555557abd in InOrder (root=0x55555587b510) at splay.cpp:252
#25 0x0000555555557b0d in InOrder (root=0x55555587a8b0) at splay.cpp:254
#26 0x0000555555557abd in InOrder (root=0x55555587b9d0) at splay.cpp:252
#27 0x0000555555557abd in InOrder (root=0x55555578add0) at splay.cpp:252
#28 0x0000555555557abd in InOrder (root=0x5555556488d0) at splay.cpp:252
#29 0x0000555555557abd in InOrder (root=0x55555587d810) at splay.cpp:252
#30 0x0000555555557b0d in InOrder (root=0x5555556accf0) at splay.cpp:254
#31 0x0000555555557b0d in InOrder (root=0x55555587dbd0) at splay.cpp:254
#32 0x0000555555557b0d in InOrder (root=0x55555568bd90) at splay.cpp:254
#33 0x0000555555557b0d in InOrder (root=0x55555587dcb0) at splay.cpp:254
#34 0x0000555555557b0d in InOrder (root=0x555555693810) at splay.cpp:254
#35 0x0000555555557b0d in InOrder (root=0x555555634c10) at splay.cpp:254
#36 0x0000555555557b0d in InOrder (root=0x55555587dcd0) at splay.cpp:254
#37 0x00005555555564fe in main (argc=3, argv=0x7fffffffdfb8) at main.cpp:35

21	in ../sysdeps/unix/sysv/linux/write.c

Backtrace END
Fliping a bit of the value pointed by a pointer
Fliping value of field: rchild
Fliping a bit of the pointer
Memory content before bitflip:0x100x380x690x550x550x550x000x00
Fault Model: Double bit-flip
base address to flip value: 0x555555634c20
address max offset: 8
Memory content after  bitflip:0x100x380x690x550x550x140x000x00
frame name: InOrder
symbol name: root
symbol filename: splay.cpp
symbol line: 248
value: 0x555555634c10
value address: 0x7fffffffdbd8
Type: The type is a pointer.
Type sizeof: 8

[INFO -- 2018-11-30 17:44:40]
Fault Injection Successful after 1.3735027313232422s
[INFO -- 2018-11-30 17:44:40]
event type: exit
[INFO -- 2018-11-30 17:44:40]
exit code: 0
