[INFO -- 2018-12-01 02:02:11]
sending 5 signals using command: 'killall -2 main' after 2.32576258023s
[INFO -- 2018-12-01 02:02:14]
sending 5 signals using command: 'killall -2 main' after 4.4241683575s
[INFO -- 2018-12-01 02:02:14]
sending 5 signals using command: 'killall -2 main' after 4.86750631866s
[INFO -- 2018-12-01 02:02:14]
Starting GDB script
[INFO -- 2018-12-01 02:02:14]
initSignal:0.0
[INFO -- 2018-12-01 02:02:14]
endSignal:5.0
[INFO -- 2018-12-01 02:02:15]
sending 5 signals using command: 'killall -2 main' after 0.709912032022s
[INFO -- 2018-12-01 02:02:15]
sending 5 signals using command: 'killall -2 main' after 0.910881143606s
[INFO -- 2018-12-01 02:02:15]
sending 5 signals using command: 'killall -2 main' after 1.12576593603s
[INFO -- 2018-12-01 02:02:16]
Execution finished before waitTime
