[INFO -- 2018-10-18 01:02:39]
Starting flip_value script
version: 1.1
[INFO -- 2018-10-18 01:02:39]
Initialization strings:
[INFO -- 2018-10-18 01:02:39]
(1) file /tmp/Tree234/main
[INFO -- 2018-10-18 01:02:39]
(2) set args /tmp/Tree234/input_50000 /tmp/Tree234/output_50000
[INFO -- 2018-10-18 01:02:39]
initSignal:0
[INFO -- 2018-10-18 01:02:39]
endSignal:2
[INFO -- 2018-10-18 01:02:39]
faultModel:0
[INFO -- 2018-10-18 01:02:39]
Backtrace BEGIN:
#0  strcmp () at ../sysdeps/x86_64/multiarch/../strcmp.S:174
#1  0x00007ffff7de0d40 in check_match (undef_name=undef_name@entry=0x7ffff6f52f66 "__cxa_finalize", ref=ref@entry=0x7ffff6f508c8, version=version@entry=0x7ffff7fd8ca8, flags=flags@entry=1, type_class=type_class@entry=4, sym=sym@entry=0x7ffff7266ce8, symidx=1871, strtab=0x7ffff7268ff8 "", map=0x7ffff7fd94e8, versioned_sym=0x7fffffffd9d8, num_versions=0x7fffffffd9d4) at dl-lookup.c:110
#2  0x00007ffff7de164b in do_lookup_x (undef_name=undef_name@entry=0x7ffff6f52f66 "__cxa_finalize", new_hash=new_hash@entry=1842243024, old_hash=old_hash@entry=0x7fffffffdaa0, ref=0x7ffff6f508c8, result=result@entry=0x7fffffffdab0, scope=<optimized out>, i=4, version=0x7ffff7fd8ca8, flags=1, skip=0x0, type_class=4, undef_map=0x7ffff7fd99c8) at dl-lookup.c:423
#3  0x00007ffff7de1b1f in _dl_lookup_symbol_x (undef_name=0x7ffff6f52f66 "__cxa_finalize", undef_map=undef_map@entry=0x7ffff7fd99c8, ref=ref@entry=0x7fffffffdc00, symbol_scope=symbol_scope@entry=0x7ffff7fd9d20, version=0x7ffff7fd8ca8, type_class=4, flags=1, skip_map=0x0) at dl-lookup.c:829
#4  0x00007ffff7de377d in elf_machine_rela (skip_ifunc=<optimized out>, reloc_addr_arg=0x7ffff7256ff0, version=<optimized out>, sym=0x7ffff6f508c8, reloc=0x7ffff6f541a0, map=0x7ffff7fd99c8) at ../sysdeps/x86_64/dl-machine.h:301
#5  elf_dynamic_do_Rela (skip_ifunc=<optimized out>, lazy=<optimized out>, nrelative=<optimized out>, relsize=<optimized out>, reladdr=<optimized out>, map=0x7ffff7fd99c8) at do-rel.h:137
#6  _dl_relocate_object (scope=<optimized out>, reloc_mode=<optimized out>, consider_profiling=<optimized out>, consider_profiling@entry=0) at dl-reloc.c:258
#7  0x00007ffff7ddb0db in dl_main (phdr=<optimized out>, phnum=<optimized out>, user_entry=<optimized out>, auxv=<optimized out>) at rtld.c:2109
#8  0x00007ffff7df0632 in _dl_sysdep_start (start_argptr=start_argptr@entry=0x7fffffffde70, dl_main=dl_main@entry=0x7ffff7dd91e0 <dl_main>) at ../elf/dl-sysdep.c:249
#9  0x00007ffff7dd8c2a in _dl_start_final (arg=0x7fffffffde70) at rtld.c:323
#10 _dl_start (arg=0x7fffffffde70) at rtld.c:429
#11 0x00007ffff7dd7c38 in _start () from /lib64/ld-linux-x86-64.so.2
#12 0x0000000000000003 in ?? ()
#13 0x00007fffffffe20c in ?? ()
#14 0x00007fffffffe21e in ?? ()
#15 0x00007fffffffe237 in ?? ()
#16 0x0000000000000000 in ?? ()

169	in ../sysdeps/x86_64/multiarch/../strcmp.S

Backtrace END
Fliping a bit of the pointer
Memory content before bitflip:0x000x000x000x000x000x000x000x00
Fault Model: Single bit-flip
base address to flip value: 0x7fffffffdba0
address max offset: 8
Memory content after  bitflip:0x000x000x400x000x000x000x000x00
frame name: elf_dynamic_do_Rela
symbol name: r2
symbol filename: do-rel.h
symbol line: 50
value: 0x0
value address: 0x7fffffffdba0
Type: The type is a pointer.
Type sizeof: 8

[INFO -- 2018-10-18 01:02:39]
Fault Injection Successful after 0.44938135147094727s
[INFO -- 2018-10-18 01:02:39]
event type: exit
[INFO -- 2018-10-18 01:02:39]
exit code: 0
