[INFO -- 2018-12-09 13:52:34]
sending 5 signals using command: 'killall -2 main' after 3.53463545414s
[INFO -- 2018-12-09 13:52:35]
sending 5 signals using command: 'killall -2 main' after 4.09946974015s
[INFO -- 2018-12-09 13:52:36]
sending 5 signals using command: 'killall -2 main' after 4.89416607238s
[INFO -- 2018-12-09 13:52:36]
Starting GDB script
[INFO -- 2018-12-09 13:52:36]
initSignal:0.0
[INFO -- 2018-12-09 13:52:36]
endSignal:5.0
[INFO -- 2018-12-09 13:52:36]
sending 5 signals using command: 'killall -2 main' after 0.207014486732s
[INFO -- 2018-12-09 13:52:37]
sending 5 signals using command: 'killall -2 main' after 0.776879198905s
[INFO -- 2018-12-09 13:52:38]
sending 5 signals using command: 'killall -2 main' after 2.01939336668s
[INFO -- 2018-12-09 13:52:39]
Execution finished before waitTime
