[INFO -- 2018-12-09 02:21:32]
Starting flip_value script
version: 1.1
[INFO -- 2018-12-09 02:21:32]
Initialization strings:
[INFO -- 2018-12-09 02:21:32]
(1) file /tmp/Tree234/main
[INFO -- 2018-12-09 02:21:32]
(2) set args /tmp/Tree234/input_50000 /tmp/Tree234/output_50000
[INFO -- 2018-12-09 02:21:32]
initSignal:0
[INFO -- 2018-12-09 02:21:32]
endSignal:2
[INFO -- 2018-12-09 02:21:32]
faultModel:0
[EXCEPTION -- 2018-12-09 02:21:32]
gdbException: Attempt to dereference a generic pointer.
[INFO -- 2018-12-09 02:21:33]
event type: exit
[INFO -- 2018-12-09 02:21:33]
exit code: 0
