[INFO -- 2018-10-12 02:27:28]
Starting flip_value script
version: 1.1
[INFO -- 2018-10-12 02:27:28]
Initialization strings:
[INFO -- 2018-10-12 02:27:28]
(1) file /tmp/BTree/main
[INFO -- 2018-10-12 02:27:28]
(2)  set args /tmp/BTree/input_100000 /tmp/BTree/output_100000
[INFO -- 2018-10-12 02:27:28]
initSignal:0
[INFO -- 2018-10-12 02:27:28]
endSignal:2
[INFO -- 2018-10-12 02:27:28]
faultModel:0
[INFO -- 2018-10-12 02:27:28]
Backtrace BEGIN:
#0  0x0000555555555f98 in BTreeNode::insertNonFull (this=0x5555559f9bd0, k=2503171) at BTree.cpp:505
#1  0x00005555555560d9 in BTreeNode::insertNonFull (this=0x5555559d8a80, k=2503171) at BTree.cpp:533
#2  0x00005555555560d9 in BTreeNode::insertNonFull (this=0x5555559519f0, k=2503171) at BTree.cpp:533
#3  0x00005555555560d9 in BTreeNode::insertNonFull (this=0x55555593b310, k=2503171) at BTree.cpp:533
#4  0x00005555555560d9 in BTreeNode::insertNonFull (this=0x5555558b5360, k=2503171) at BTree.cpp:533
#5  0x00005555555560d9 in BTreeNode::insertNonFull (this=0x55555580ee30, k=2503171) at BTree.cpp:533
#6  0x00005555555560d9 in BTreeNode::insertNonFull (this=0x5555558124c0, k=2503171) at BTree.cpp:533
#7  0x00005555555560d9 in BTreeNode::insertNonFull (this=0x555555812430, k=2503171) at BTree.cpp:533
#8  0x0000555555555f18 in BTree::insert (this=0x7fffffffddc0, k=2503171) at BTree.cpp:487
#9  0x0000555555556601 in main (argc=3, argv=0x7fffffffded8) at BTree.cpp:665

500		if (leaf == true)
501		{
502			// The following loop does two things
503			// a) Finds the location of new key to be inserted
504			// b) Moves all greater keys to one place ahead
505			while (i >= 0 && keys[i] > k)
506			{
507				keys[i+1] = keys[i];
508				i--;
509			}

Backtrace END
Memory content before bitflip:0x030x320x260x00
Fault Model: Single bit-flip
base address to flip value: 0x7fffffffdbe4
address max offset: 4
Memory content after  bitflip:0x030x320x270x00
frame name: BTreeNode::insertNonFull
symbol name: k
symbol filename: BTree.cpp
symbol line: 494
value: 2568707
value address: 0x7fffffffdbe4
Type: The type is an integer type.
Type sizeof: 4

[INFO -- 2018-10-12 02:27:28]
Fault Injection Successful after 0.9020907878875732s
[INFO -- 2018-10-12 02:27:29]
event type: exit
[INFO -- 2018-10-12 02:27:29]
exit code: 0
