[INFO -- 2018-11-30 17:36:58]
Starting flip_value script
version: 1.1
[INFO -- 2018-11-30 17:36:58]
Initialization strings:
[INFO -- 2018-11-30 17:36:58]
(1) file /tmp/splay/main
[INFO -- 2018-11-30 17:36:58]
(2) set args /tmp/splay/input_100000 /tmp/splay/output_100000
[INFO -- 2018-11-30 17:36:58]
initSignal:0
[INFO -- 2018-11-30 17:36:58]
endSignal:5
[INFO -- 2018-11-30 17:36:58]
faultModel:2
[EXCEPTION -- 2018-11-30 17:36:58]
gdbException: Attempt to dereference a generic pointer.
[INFO -- 2018-11-30 17:36:58]
event type: exit
[INFO -- 2018-11-30 17:36:58]
exit code: 0
