[INFO -- 2018-11-30 20:36:29]
Starting flip_value script
version: 1.1
[INFO -- 2018-11-30 20:36:29]
Initialization strings:
[INFO -- 2018-11-30 20:36:29]
(1) file /tmp/splay/main
[INFO -- 2018-11-30 20:36:29]
(2) set args /tmp/splay/input_100000 /tmp/splay/output_100000
[INFO -- 2018-11-30 20:36:29]
initSignal:0
[INFO -- 2018-11-30 20:36:29]
endSignal:5
[INFO -- 2018-11-30 20:36:29]
faultModel:3
[EXCEPTION -- 2018-11-30 20:36:29]
pythonException: Unable to exit loop in struct fields; Exiting wihtout making a bit flip
[EXCEPTION -- 2018-11-30 20:36:29]
pythonException: Unable to exit loop in struct fields; Exiting wihtout making a bit flip
[INFO -- 2018-11-30 20:36:29]
event type: exit
[INFO -- 2018-11-30 20:36:29]
exit code: 0
