[INFO -- 2018-11-25 16:03:41]
Starting flip_value script
version: 1.1
[INFO -- 2018-11-25 16:03:41]
Initialization strings:
[INFO -- 2018-11-25 16:03:41]
(1) file /tmp/BTree-dup/main
[INFO -- 2018-11-25 16:03:41]
(2)  set args /tmp/BTree-dup/input_100000 /tmp/BTree-dup/output_100000 /tmp/BTree-dup-detection.log /tmp/BTree-dup/output2_100000
[INFO -- 2018-11-25 16:03:41]
initSignal:0
[INFO -- 2018-11-25 16:03:41]
endSignal:2
[INFO -- 2018-11-25 16:03:41]
faultModel:0
[INFO -- 2018-11-25 16:03:43]
Backtrace BEGIN:
#0  0x00005555555576a7 in std::bitset<16ul>::_M_copy_to_string<char, std::char_traits<char>, std::allocator<char> > (this=0x7fffffffdac0, __s="1000111101010000", __zero=48 '0', __one=49 '1') at /usr/include/c++/7/bitset:1410
#1  0x00005555555573d7 in std::operator<< <char, std::char_traits<char>, 16ul> (__os=..., __x=std::bitset = {...}) at /usr/include/c++/7/bitset:1538
#2  0x0000555555556912 in BTreeNode::traverse (this=0x555555e97540) at BTree_dup.cpp:594
#3  0x00005555555568d7 in BTreeNode::traverse (this=0x555555cfabc0) at BTree_dup.cpp:593
#4  0x00005555555568d7 in BTreeNode::traverse (this=0x555555d12e30) at BTree_dup.cpp:593
#5  0x00005555555568d7 in BTreeNode::traverse (this=0x555555d33dd0) at BTree_dup.cpp:593
#6  0x000055555555695f in BTreeNode::traverse (this=0x555555ce3910) at BTree_dup.cpp:599
#7  0x00005555555568d7 in BTreeNode::traverse (this=0x555555fe8b00) at BTree_dup.cpp:593
#8  0x00005555555568d7 in BTreeNode::traverse (this=0x555555ef6d90) at BTree_dup.cpp:593
#9  0x00005555555568d7 in BTreeNode::traverse (this=0x555555ef6eb0) at BTree_dup.cpp:593
#10 0x000055555555695f in BTreeNode::traverse (this=0x555555ef6e20) at BTree_dup.cpp:599
#11 0x00005555555572bb in BTree::traverse (this=0x7fffffffdd50) at BTree_dup.cpp:139
#12 0x0000555555556ff9 in main (argc=5, argv=0x7fffffffde68) at BTree_dup.cpp:725

1405				_CharT __zero, _CharT __one) const
1406	      {
1407		__s.assign(_Nb, __zero);
1408		for (size_t __i = _Nb; __i > 0; --__i)
1409		  if (_Unchecked_test(__i - 1))
1410		    _Traits::assign(__s[_Nb - __i], __one);
1411	      }
1412	
1413	  // 23.3.5.3 bitset operations:
1414	  //@{

Backtrace END
Fliping a bit of the value pointed by a pointer
Fliping value of field: t
Memory content before bitflip:0x030x000x000x00
Fault Model: Single bit-flip
base address to flip value: 0x7fffffffdd58
address max offset: 4
Memory content after  bitflip:0x030x000x010x00
frame name: BTree::traverse
symbol name: this
symbol filename: BTree_dup.cpp
symbol line: 0
value: 0x7fffffffdd50
value address: 0x7fffffffdce8
Type: The type is a pointer.
Type sizeof: 8

[INFO -- 2018-11-25 16:03:43]
Fault Injection Successful after 2.7496182918548584s
[INFO -- 2018-11-25 16:03:43]
event type: exit
[INFO -- 2018-11-25 16:03:43]
exit code: 0
