[INFO -- 2018-12-01 03:49:45]
Starting flip_value script
version: 1.1
[INFO -- 2018-12-01 03:49:45]
Initialization strings:
[INFO -- 2018-12-01 03:49:45]
(1) file /tmp/splay/main
[INFO -- 2018-12-01 03:49:45]
(2) set args /tmp/splay/input_100000 /tmp/splay/output_100000
[INFO -- 2018-12-01 03:49:45]
initSignal:0
[INFO -- 2018-12-01 03:49:45]
endSignal:5
[INFO -- 2018-12-01 03:49:45]
faultModel:1
[INFO -- 2018-12-01 03:49:46]
Backtrace BEGIN:
#0  0x0000555555557ab1 in InOrder (root=0x55555581aef0) at splay.cpp:252
#1  0x0000555555557b0d in InOrder (root=0x555555822a50) at splay.cpp:254
#2  0x0000555555557b0d in InOrder (root=0x555555590db0) at splay.cpp:254
#3  0x0000555555557abd in InOrder (root=0x555555582a50) at splay.cpp:252
#4  0x0000555555557b0d in InOrder (root=0x5555555f1f70) at splay.cpp:254
#5  0x0000555555557b0d in InOrder (root=0x5555555b8590) at splay.cpp:254
#6  0x0000555555557b0d in InOrder (root=0x555555870c30) at splay.cpp:254
#7  0x0000555555557b0d in InOrder (root=0x555555874b10) at splay.cpp:254
#8  0x0000555555557b0d in InOrder (root=0x55555579ddd0) at splay.cpp:254
#9  0x0000555555557b0d in InOrder (root=0x555555668fb0) at splay.cpp:254
#10 0x0000555555557b0d in InOrder (root=0x55555587b810) at splay.cpp:254
#11 0x0000555555557b0d in InOrder (root=0x55555587dc50) at splay.cpp:254
#12 0x0000555555557b0d in InOrder (root=0x555555696ef0) at splay.cpp:254
#13 0x0000555555557abd in InOrder (root=0x55555587dcd0) at splay.cpp:252
#14 0x00005555555564fe in main (argc=3, argv=0x7fffffffdfb8) at main.cpp:35

247	
248	void InOrder(splay* root)
249	{
250		if(root)
251		{
252			InOrder(root->lchild);
253			std::cout<<std::bitset<16>(root->key)<<std::endl;
254			InOrder(root->rchild);
255		}
256	}

Backtrace END
Fliping a bit of the value pointed by a pointer
Fliping value of field: key
Memory content before bitflip:0x5f0x040x1b0x00
Fault Model: Double bit-flip
base address to flip value: 0x555555668fb0
address max offset: 4
Memory content after  bitflip:0x5f0x2c0x1b0x00
frame name: InOrder
symbol name: root
symbol filename: splay.cpp
symbol line: 248
value: 0x555555668fb0
value address: 0x7fffffffdb48
Type: The type is a pointer.
Type sizeof: 8

[INFO -- 2018-12-01 03:49:46]
Fault Injection Successful after 1.2336406707763672s
[INFO -- 2018-12-01 03:49:46]
event type: exit
[INFO -- 2018-12-01 03:49:46]
exit code: 0
