[INFO -- 2018-10-16 19:23:49]
Starting flip_value script
version: 1.1
[INFO -- 2018-10-16 19:23:49]
Initialization strings:
[INFO -- 2018-10-16 19:23:49]
(1) file /tmp/RBTree/main
[INFO -- 2018-10-16 19:23:49]
(2) set args  /tmp/RBTree/input_ /tmp/RBTree/output_
[INFO -- 2018-10-16 19:23:49]
initSignal:0
[INFO -- 2018-10-16 19:23:49]
endSignal:2
[INFO -- 2018-10-16 19:23:49]
faultModel:4
[INFO -- 2018-10-16 19:23:49]
Backtrace BEGIN:
#0  0x00007ffff7334154 in __GI___libc_write (fd=1, buf=0x5555559b9860, nbytes=21) at ../sysdeps/unix/sysv/linux/write.c:27
#1  0x00007ffff72af1bd in _IO_new_file_write (f=0x7ffff7610760 <_IO_2_1_stdout_>, data=0x5555559b9860, n=21) at fileops.c:1203
#2  0x00007ffff72b0f51 in new_do_write (to_do=21, data=0x5555559b9860 "0001111111001111 001\n", fp=0x7ffff7610760 <_IO_2_1_stdout_>) at fileops.c:457
#3  _IO_new_do_write (fp=0x7ffff7610760 <_IO_2_1_stdout_>, data=0x5555559b9860 "0001111111001111 001\n", to_do=21) at fileops.c:433
#4  0x00007ffff72ae788 in _IO_new_file_sync (fp=0x7ffff7610760 <_IO_2_1_stdout_>) at fileops.c:813
#5  0x00007ffff72a287d in __GI__IO_fflush (fp=0x7ffff7610760 <_IO_2_1_stdout_>) at iofflush.c:40
#6  0x00007ffff7b5ef5e in std::ostream::flush() () from /usr/lib/x86_64-linux-gnu/libstdc++.so.6
#7  0x00005555555577ea in RBTree::inorderBST (this=0x7fffffffdc00, ptr=@0x555555835af0: 0x5555557f63f0) at RBTree.cpp:276
#8  0x0000555555557804 in RBTree::inorderBST (this=0x7fffffffdc00, ptr=@0x5555557c3e48: 0x555555835ae0) at RBTree.cpp:279
#9  0x000055555555776a in RBTree::inorderBST (this=0x7fffffffdc00, ptr=@0x55555577f418: 0x5555557c3e40) at RBTree.cpp:271
#10 0x000055555555776a in RBTree::inorderBST (this=0x7fffffffdc00, ptr=@0x555555804aa0: 0x55555577f410) at RBTree.cpp:271
#11 0x0000555555557804 in RBTree::inorderBST (this=0x7fffffffdc00, ptr=@0x5555557a4020: 0x555555804a90) at RBTree.cpp:279
#12 0x0000555555557804 in RBTree::inorderBST (this=0x7fffffffdc00, ptr=@0x55555577b970: 0x5555557a4010) at RBTree.cpp:279
#13 0x0000555555557804 in RBTree::inorderBST (this=0x7fffffffdc00, ptr=@0x555555770508: 0x55555577b960) at RBTree.cpp:279
#14 0x000055555555776a in RBTree::inorderBST (this=0x7fffffffdc00, ptr=@0x555555770ce8: 0x555555770500) at RBTree.cpp:271
#15 0x000055555555776a in RBTree::inorderBST (this=0x7fffffffdc00, ptr=@0x55555576fac0: 0x555555770ce0) at RBTree.cpp:271
#16 0x0000555555557804 in RBTree::inorderBST (this=0x7fffffffdc00, ptr=@0x55555576fe78: 0x55555576fab0) at RBTree.cpp:279
#17 0x000055555555776a in RBTree::inorderBST (this=0x7fffffffdc00, ptr=@0x555555771a38: 0x55555576fe70) at RBTree.cpp:271
#18 0x000055555555776a in RBTree::inorderBST (this=0x7fffffffdc00, ptr=@0x55555576fa60: 0x555555771a30) at RBTree.cpp:271
#19 0x0000555555557804 in RBTree::inorderBST (this=0x7fffffffdc00, ptr=@0x7fffffffdc00: 0x55555576fa50) at RBTree.cpp:279
#20 0x0000555555557841 in RBTree::inorder (this=0x7fffffffdc00) at RBTree.cpp:283
#21 0x000055555555564c in main (argc=3, argv=0x7fffffffdf38) at main.cpp:58

22	../sysdeps/unix/sysv/linux/write.c: Arquivo ou diretório inexistente.

Backtrace END
Fliping a bit of the pointer
Memory content before bitflip:0x000xdc0xff0xff0xff0x7f0x000x00
Fault Model: LSB bit-flip
base address to flip value: 0x7fffffffd7b8
address max offset: 8
Memory content after  bitflip:0x000xdc0xff0xff0xff0x7f0x000x10
frame name: RBTree::inorderBST
symbol name: this
symbol filename: RBTree.cpp
symbol line: 0
value: 0x7fffffffdc00
value address: 0x7fffffffd7b8
Type: The type is a pointer.
Type sizeof: 8

[INFO -- 2018-10-16 19:23:49]
Fault Injection Successful after 0.9943850040435791s
[INFO -- 2018-10-16 19:23:50]
event type: exit
[INFO -- 2018-10-16 19:23:50]
exit code: 0
