[INFO -- 2018-11-25 22:03:27]
Starting flip_value script
version: 1.1
[INFO -- 2018-11-25 22:03:27]
Initialization strings:
[INFO -- 2018-11-25 22:03:27]
(1) file /tmp/BTree-dup/main
[INFO -- 2018-11-25 22:03:27]
(2)  set args /tmp/BTree-dup/input_100000 /tmp/BTree-dup/output_100000 /tmp/BTree-dup-detection.log /tmp/BTree-dup/output2_100000
[INFO -- 2018-11-25 22:03:27]
initSignal:0
[INFO -- 2018-11-25 22:03:27]
endSignal:2
[INFO -- 2018-11-25 22:03:27]
faultModel:1
[INFO -- 2018-11-25 22:03:29]
Backtrace BEGIN:
#0  __mempcpy_avx_unaligned () at ../sysdeps/x86_64/multiarch/memmove-vec-unaligned-erms.S:116
#1  0x00007ffff72af994 in _IO_new_file_xsputn (f=0x7ffff7610760 <_IO_2_1_stdout_>, data=<optimized out>, n=16) at fileops.c:1258
#2  0x00007ffff72a3977 in __GI__IO_fwrite (buf=0x55555576d0a0, size=1, count=16, fp=0x7ffff7610760 <_IO_2_1_stdout_>) at iofwrite.c:39
#3  0x00007ffff7b5fe94 in std::basic_ostream<char, std::char_traits<char> >& std::__ostream_insert<char, std::char_traits<char> >(std::basic_ostream<char, std::char_traits<char> >&, char const*, long) () from /usr/lib/x86_64-linux-gnu/libstdc++.so.6
#4  0x00005555555573ea in std::operator<< <char, std::char_traits<char>, 16ul> (__os=..., __x=std::bitset = {...}) at /usr/include/c++/7/bitset:1539
#5  0x0000555555556912 in BTreeNode::traverse (this=0x5555559b56b0) at BTree_dup.cpp:594
#6  0x000055555555695f in BTreeNode::traverse (this=0x5555559f8520) at BTree_dup.cpp:599
#7  0x00005555555568d7 in BTreeNode::traverse (this=0x555555a7aed0) at BTree_dup.cpp:593
#8  0x000055555555695f in BTreeNode::traverse (this=0x555555b5f710) at BTree_dup.cpp:599
#9  0x00005555555568d7 in BTreeNode::traverse (this=0x5555559cd2f0) at BTree_dup.cpp:593
#10 0x000055555555695f in BTreeNode::traverse (this=0x555555af22d0) at BTree_dup.cpp:599
#11 0x00005555555568d7 in BTreeNode::traverse (this=0x555555815c40) at BTree_dup.cpp:593
#12 0x00005555555568d7 in BTreeNode::traverse (this=0x555555a2ab30) at BTree_dup.cpp:593
#13 0x00005555555572bb in BTree::traverse (this=0x7fffffffdd40) at BTree_dup.cpp:139
#14 0x0000555555556fbd in main (argc=5, argv=0x7fffffffde68) at BTree_dup.cpp:718

111	../sysdeps/x86_64/multiarch/memmove-vec-unaligned-erms.S: Arquivo ou diretório inexistente.

Backtrace END
Fliping a bit of the pointer
Memory content before bitflip:0xd00x220xaf0x550x550x550x000x00
Fault Model: Double bit-flip
base address to flip value: 0x7fffffffdc28
address max offset: 8
Memory content after  bitflip:0xd00x220xaf0x550x550xd70x000x00
frame name: BTreeNode::traverse
symbol name: this
symbol filename: BTree_dup.cpp
symbol line: 0
value: 0x555555af22d0
value address: 0x7fffffffdc28
Type: The type is a pointer.
Type sizeof: 8

[INFO -- 2018-11-25 22:03:29]
Fault Injection Successful after 2.175391435623169s
[INFO -- 2018-11-25 22:03:29]
event type: exit
[INFO -- 2018-11-25 22:03:29]
exit code: 0
