[INFO -- 2018-11-30 21:08:40]
Starting flip_value script
version: 1.1
[INFO -- 2018-11-30 21:08:40]
Initialization strings:
[INFO -- 2018-11-30 21:08:40]
(1) file /tmp/splay/main
[INFO -- 2018-11-30 21:08:40]
(2) set args /tmp/splay/input_100000 /tmp/splay/output_100000
[INFO -- 2018-11-30 21:08:40]
initSignal:0
[INFO -- 2018-11-30 21:08:40]
endSignal:5
[INFO -- 2018-11-30 21:08:40]
faultModel:4
[INFO -- 2018-11-30 21:08:41]
Backtrace BEGIN:
#0  0x0000555555557ab5 in InOrder (root=0x5555556653b0) at splay.cpp:252
#1  0x0000555555557abd in InOrder (root=0x5555557ddc30) at splay.cpp:252
#2  0x0000555555557abd in InOrder (root=0x55555581dc70) at splay.cpp:252
#3  0x0000555555557abd in InOrder (root=0x55555559f4b0) at splay.cpp:252
#4  0x0000555555557abd in InOrder (root=0x55555567e350) at splay.cpp:252
#5  0x0000555555557abd in InOrder (root=0x555555871790) at splay.cpp:252
#6  0x0000555555557abd in InOrder (root=0x555555871350) at splay.cpp:252
#7  0x0000555555557b0d in InOrder (root=0x5555557490d0) at splay.cpp:254
#8  0x0000555555557abd in InOrder (root=0x55555587c950) at splay.cpp:252
#9  0x0000555555557abd in InOrder (root=0x55555587ce30) at splay.cpp:252
#10 0x0000555555557abd in InOrder (root=0x55555587d3d0) at splay.cpp:252
#11 0x0000555555557abd in InOrder (root=0x555555752030) at splay.cpp:252
#12 0x0000555555557b0d in InOrder (root=0x55555587db90) at splay.cpp:254
#13 0x0000555555557b0d in InOrder (root=0x55555585f590) at splay.cpp:254
#14 0x0000555555557b0d in InOrder (root=0x55555587db50) at splay.cpp:254
#15 0x0000555555557abd in InOrder (root=0x555555774190) at splay.cpp:252
#16 0x0000555555557b0d in InOrder (root=0x555555774870) at splay.cpp:254
#17 0x0000555555557abd in InOrder (root=0x55555587dcb0) at splay.cpp:252
#18 0x0000555555557b0d in InOrder (root=0x555555693810) at splay.cpp:254
#19 0x0000555555557b0d in InOrder (root=0x555555634c10) at splay.cpp:254
#20 0x0000555555557b0d in InOrder (root=0x55555587dcd0) at splay.cpp:254
#21 0x00005555555564fe in main (argc=3, argv=0x7fffffffdfb8) at main.cpp:35

247	
248	void InOrder(splay* root)
249	{
250		if(root)
251		{
252			InOrder(root->lchild);
253			std::cout<<std::bitset<16>(root->key)<<std::endl;
254			InOrder(root->rchild);
255		}
256	}

Backtrace END
Fliping a bit of the pointer
Memory content before bitflip:0x900xf50x850x550x550x550x000x00
Fault Model: LSB bit-flip
base address to flip value: 0x7fffffffdab8
address max offset: 8
Memory content after  bitflip:0x900xf50x850x550x550x550x000x40
frame name: InOrder
symbol name: root
symbol filename: splay.cpp
symbol line: 248
value: 0x55555585f590
value address: 0x7fffffffdab8
Type: The type is a pointer.
Type sizeof: 8

[INFO -- 2018-11-30 21:08:41]
Fault Injection Successful after 1.3250243663787842s
[INFO -- 2018-11-30 21:08:41]
event type: exit
[INFO -- 2018-11-30 21:08:41]
exit code: 0
