[INFO -- 2018-12-01 03:34:19]
Starting flip_value script
version: 1.1
[INFO -- 2018-12-01 03:34:19]
Initialization strings:
[INFO -- 2018-12-01 03:34:19]
(1) file /tmp/splay/main
[INFO -- 2018-12-01 03:34:19]
(2) set args /tmp/splay/input_100000 /tmp/splay/output_100000
[INFO -- 2018-12-01 03:34:19]
initSignal:0
[INFO -- 2018-12-01 03:34:19]
endSignal:5
[INFO -- 2018-12-01 03:34:19]
faultModel:3
[EXCEPTION -- 2018-12-01 03:34:20]
pythonException: Unable to exit loop in struct fields; Exiting wihtout making a bit flip
[INFO -- 2018-12-01 03:34:20]
Backtrace BEGIN:
#0  0x0000555555557eed in std::bitset<16ul>::_M_copy_to_string<char, std::char_traits<char>, std::allocator<char> > (this=0x7fffffffd640, __s="1011011100101100", __zero=48 '0', __one=49 '1') at /usr/include/c++/8/bitset:1415
#1  0x0000555555557ded in std::operator<< <char, std::char_traits<char>, 16ul> (__os=..., __x=std::bitset = {...}) at /usr/include/c++/8/bitset:1542
#2  0x0000555555557ae8 in InOrder (root=0x555555592d50) at splay.cpp:253
#3  0x0000555555557b0d in InOrder (root=0x55555566d4d0) at splay.cpp:254
#4  0x0000555555557b0d in InOrder (root=0x555555777910) at splay.cpp:254
#5  0x0000555555557abd in InOrder (root=0x5555555f9c50) at splay.cpp:252
#6  0x0000555555557abd in InOrder (root=0x555555851070) at splay.cpp:252
#7  0x0000555555557abd in InOrder (root=0x5555558259f0) at splay.cpp:252
#8  0x0000555555557abd in InOrder (root=0x55555586cf30) at splay.cpp:252
#9  0x0000555555557b0d in InOrder (root=0x555555878bb0) at splay.cpp:254
#10 0x0000555555557b0d in InOrder (root=0x5555558203d0) at splay.cpp:254
#11 0x0000555555557b0d in InOrder (root=0x55555587af70) at splay.cpp:254
#12 0x0000555555557b0d in InOrder (root=0x555555749810) at splay.cpp:254
#13 0x0000555555557abd in InOrder (root=0x555555766150) at splay.cpp:252
#14 0x0000555555557b0d in InOrder (root=0x55555587cb70) at splay.cpp:254
#15 0x0000555555557b0d in InOrder (root=0x55555564f1d0) at splay.cpp:254
#16 0x0000555555557b0d in InOrder (root=0x55555587ccf0) at splay.cpp:254
#17 0x0000555555557abd in InOrder (root=0x5555557cf250) at splay.cpp:252
#18 0x0000555555557b0d in InOrder (root=0x5555555ccd90) at splay.cpp:254
#19 0x0000555555557abd in InOrder (root=0x555555788630) at splay.cpp:252
#20 0x0000555555557abd in InOrder (root=0x55555587d570) at splay.cpp:252
#21 0x0000555555557b0d in InOrder (root=0x55555587d6b0) at splay.cpp:254
#22 0x0000555555557abd in InOrder (root=0x5555556e1d70) at splay.cpp:252
#23 0x0000555555557b0d in InOrder (root=0x5555555852d0) at splay.cpp:254
#24 0x0000555555557abd in InOrder (root=0x55555587d9d0) at splay.cpp:252
#25 0x0000555555557b0d in InOrder (root=0x5555555d7910) at splay.cpp:254
#26 0x0000555555557b0d in InOrder (root=0x55555587d8d0) at splay.cpp:254
#27 0x0000555555557b0d in InOrder (root=0x5555557cfed0) at splay.cpp:254
#28 0x0000555555557b0d in InOrder (root=0x555555774190) at splay.cpp:254
#29 0x0000555555557b0d in InOrder (root=0x555555774870) at splay.cpp:254
#30 0x0000555555557abd in InOrder (root=0x55555587dcb0) at splay.cpp:252
#31 0x0000555555557b0d in InOrder (root=0x555555693810) at splay.cpp:254
#32 0x0000555555557b0d in InOrder (root=0x555555634c10) at splay.cpp:254
#33 0x0000555555557b0d in InOrder (root=0x55555587dcd0) at splay.cpp:254
#34 0x00005555555564fe in main (argc=3, argv=0x7fffffffdfb8) at main.cpp:35

1410	      {
1411		__s.assign(_Nb, __zero);
1412		for (size_t __i = _Nb; __i > 0; --__i)
1413		  if (_Unchecked_test(__i - 1))
1414		    _Traits::assign(__s[_Nb - __i], __one);
1415	      }
1416	
1417	  // 23.3.5.3 bitset operations:
1418	  //@{
1419	  /**

Backtrace END
Fliping value of field: _M_value
Memory content before bitflip:0x000x000x000x00
Fault Model: Zero bit-flip
base address to flip value: 0x7fffffffdc68
address max offset: 4
Memory content after  bitflip:0x000x000x000x00
frame name: main
symbol name: end
symbol filename: main.cpp
symbol line: 26
value: {<std::iterator<std::input_iterator_tag, int, long, int const*, int const&>> = {<No data fields>}, _M_stream = 0x0, _M_value = 0, _M_ok = false}
value address: 0x7fffffffdc60
Type: The type is a structure.
Type sizeof: 16
Field name: std::iterator<std::input_iterator_tag, int, long, int const*, int const&>
Field Type: The type is a structure.
Field Type sizeof: 1
Field name: _M_stream
Field Type: The type is a pointer.
Field Type sizeof: 8
Field name: _M_value
Field Type: The type is an integer type.
Field Type sizeof: 4
Field name: _M_ok
Field Type: A boolean type.
Field Type sizeof: 1

[INFO -- 2018-12-01 03:34:20]
Fault Injection Successful after 1.9109654426574707s
[INFO -- 2018-12-01 03:34:20]
event type: exit
[INFO -- 2018-12-01 03:34:20]
exit code: 0
