[INFO -- 2018-11-26 00:09:10]
Starting flip_value script
version: 1.1
[INFO -- 2018-11-26 00:09:10]
Initialization strings:
[INFO -- 2018-11-26 00:09:10]
(1) file /tmp/BTree-dup/main
[INFO -- 2018-11-26 00:09:10]
(2)  set args /tmp/BTree-dup/input_100000 /tmp/BTree-dup/output_100000 /tmp/BTree-dup-detection.log /tmp/BTree-dup/output2_100000
[INFO -- 2018-11-26 00:09:10]
initSignal:0
[INFO -- 2018-11-26 00:09:10]
endSignal:2
[INFO -- 2018-11-26 00:09:10]
faultModel:2
[EXCEPTION -- 2018-11-26 00:09:11]
gdbException: Tentativo de desreferenciar um ponteiro genérico.
[INFO -- 2018-11-26 00:09:12]
Backtrace BEGIN:
#0  0x00007ffff73b2ef4 in __memset_avx2_unaligned () at ../sysdeps/x86_64/multiarch/memset-vec-unaligned-erms.S:109
#1  0x00007ffff7b716a6 in std::__cxx11::basic_string<char, std::char_traits<char>, std::allocator<char> >::_M_replace_aux(unsigned long, unsigned long, unsigned long, char) () from /usr/lib/x86_64-linux-gnu/libstdc++.so.6
#2  0x000055555555765b in std::bitset<16ul>::_M_copy_to_string<char, std::char_traits<char>, std::allocator<char> > (this=0x7fffffffdac0, __s="", __zero=48 '0', __one=49 '1') at /usr/include/c++/7/bitset:1407
#3  0x00005555555573d7 in std::operator<< <char, std::char_traits<char>, 16ul> (__os=..., __x=std::bitset = {...}) at /usr/include/c++/7/bitset:1538
#4  0x0000555555556912 in BTreeNode::traverse (this=0x555555e08860) at BTree_dup.cpp:594
#5  0x00005555555568d7 in BTreeNode::traverse (this=0x555555f76920) at BTree_dup.cpp:593
#6  0x00005555555568d7 in BTreeNode::traverse (this=0x555555c26e20) at BTree_dup.cpp:593
#7  0x00005555555568d7 in BTreeNode::traverse (this=0x55555602b190) at BTree_dup.cpp:593
#8  0x00005555555568d7 in BTreeNode::traverse (this=0x555555d23600) at BTree_dup.cpp:593
#9  0x00005555555568d7 in BTreeNode::traverse (this=0x555555d366e0) at BTree_dup.cpp:593
#10 0x00005555555568d7 in BTreeNode::traverse (this=0x555555dbe580) at BTree_dup.cpp:593
#11 0x00005555555568d7 in BTreeNode::traverse (this=0x555555ce1f30) at BTree_dup.cpp:593
#12 0x00005555555568d7 in BTreeNode::traverse (this=0x555555ef6e20) at BTree_dup.cpp:593
#13 0x00005555555572bb in BTree::traverse (this=0x7fffffffdd50) at BTree_dup.cpp:139
#14 0x0000555555556ff9 in main (argc=5, argv=0x7fffffffde68) at BTree_dup.cpp:725

104	../sysdeps/x86_64/multiarch/memset-vec-unaligned-erms.S: Arquivo ou diretório inexistente.

Backtrace END
Fliping value of field: _M_dataplus
Fliping value of field: _M_p
Fliping a bit of the value pointed by a pointer
Memory content before bitflip:0x00
Fault Model: Random bit-flip
base address to flip value: 0x55555576d0a0 
address max offset: 1
Memory content after  bitflip:0xb6
frame name: std::operator<< <char, std::char_traits<char>, 16ul>
symbol name: __tmp
symbol filename: /usr/include/c++/7/bitset
symbol line: 1533
value: ""
value address: 0x7fffffffda50
Type: The type is a structure.
Type sizeof: 32
Field name: npos
Field Type: The type is an integer type.
Field Type sizeof: 8
Field name: _M_dataplus
Field Type: The type is a structure.
Field Type sizeof: 8
Field name: _M_string_length
Field Type: The type is an integer type.
Field Type sizeof: 8
Field name: None
Field Type: The type is a union.
Field Type sizeof: 16

[INFO -- 2018-11-26 00:09:12]
Fault Injection Successful after 2.4739553928375244s
[INFO -- 2018-11-26 00:09:12]
event type: exit
[INFO -- 2018-11-26 00:09:12]
exit code: 0
