[INFO -- 2018-11-30 17:01:38]
Starting flip_value script
version: 1.1
[INFO -- 2018-11-30 17:01:38]
Initialization strings:
[INFO -- 2018-11-30 17:01:38]
(1) file /tmp/splay/main
[INFO -- 2018-11-30 17:01:38]
(2) set args /tmp/splay/input_100000 /tmp/splay/output_100000
[INFO -- 2018-11-30 17:01:38]
initSignal:0
[INFO -- 2018-11-30 17:01:38]
endSignal:5
[INFO -- 2018-11-30 17:01:38]
faultModel:0
[INFO -- 2018-11-30 17:01:38]
Backtrace BEGIN:
#0  __memmove_avx_unaligned_erms () at ../sysdeps/x86_64/multiarch/memmove-vec-unaligned-erms.S:300
#1  0x00007ffff7cb6952 in _IO_new_file_xsputn (f=0x7ffff7e10760 <_IO_2_1_stdout_>, data=0x5555555700f0, n=16) at fileops.c:1243
#2  0x00007ffff7cab1d8 in __GI__IO_fwrite (buf=0x5555555700f0, size=1, count=16, fp=0x7ffff7e10760 <_IO_2_1_stdout_>) at libioP.h:839
#3  0x00007ffff7f42f54 in std::basic_ostream<char, std::char_traits<char> >& std::__ostream_insert<char, std::char_traits<char> >(std::basic_ostream<char, std::char_traits<char> >&, char const*, long) () from /usr/lib/x86_64-linux-gnu/libstdc++.so.6
#4  0x0000555555557e00 in std::operator<< <char, std::char_traits<char>, 16ul> (__os=..., __x=std::bitset = {...}) at /usr/include/c++/8/bitset:1543
#5  0x0000555555557ae8 in InOrder (root=0x5555556e4a50) at splay.cpp:253
#6  0x0000555555557abd in InOrder (root=0x5555555cba70) at splay.cpp:252
#7  0x0000555555557abd in InOrder (root=0x555555701d10) at splay.cpp:252
#8  0x0000555555557b0d in InOrder (root=0x55555570f2d0) at splay.cpp:254
#9  0x0000555555557b0d in InOrder (root=0x555555718270) at splay.cpp:254
#10 0x0000555555557abd in InOrder (root=0x5555555a45b0) at splay.cpp:252
#11 0x0000555555557abd in InOrder (root=0x555555816a50) at splay.cpp:252
#12 0x0000555555557b0d in InOrder (root=0x55555581d670) at splay.cpp:254
#13 0x0000555555557abd in InOrder (root=0x5555557ee6f0) at splay.cpp:252
#14 0x0000555555557abd in InOrder (root=0x55555584b730) at splay.cpp:252
#15 0x0000555555557b0d in InOrder (root=0x555555656990) at splay.cpp:254
#16 0x0000555555557abd in InOrder (root=0x555555579650) at splay.cpp:252
#17 0x0000555555557b0d in InOrder (root=0x555555800d70) at splay.cpp:254
#18 0x0000555555557b0d in InOrder (root=0x55555586e7f0) at splay.cpp:254
#19 0x0000555555557abd in InOrder (root=0x5555558713d0) at splay.cpp:252
#20 0x0000555555557b0d in InOrder (root=0x5555558730f0) at splay.cpp:254
#21 0x0000555555557abd in InOrder (root=0x5555557e7250) at splay.cpp:252
#22 0x0000555555557b0d in InOrder (root=0x55555563fbf0) at splay.cpp:254
#23 0x0000555555557abd in InOrder (root=0x555555875850) at splay.cpp:252
#24 0x0000555555557abd in InOrder (root=0x555555876750) at splay.cpp:252
#25 0x0000555555557abd in InOrder (root=0x555555789f70) at splay.cpp:252
#26 0x0000555555557b0d in InOrder (root=0x55555587d130) at splay.cpp:254
#27 0x0000555555557b0d in InOrder (root=0x5555557724d0) at splay.cpp:254
#28 0x0000555555557b0d in InOrder (root=0x555555772d50) at splay.cpp:254
#29 0x0000555555557abd in InOrder (root=0x555555720870) at splay.cpp:252
#30 0x0000555555557b0d in InOrder (root=0x55555578fdf0) at splay.cpp:254
#31 0x0000555555557b0d in InOrder (root=0x55555587da90) at splay.cpp:254
#32 0x0000555555557b0d in InOrder (root=0x5555557d8790) at splay.cpp:254
#33 0x0000555555557abd in InOrder (root=0x55555585f590) at splay.cpp:252
#34 0x0000555555557b0d in InOrder (root=0x55555587db50) at splay.cpp:254
#35 0x0000555555557abd in InOrder (root=0x555555774190) at splay.cpp:252
#36 0x0000555555557b0d in InOrder (root=0x555555774870) at splay.cpp:254
#37 0x0000555555557abd in InOrder (root=0x55555587dcb0) at splay.cpp:252
#38 0x0000555555557b0d in InOrder (root=0x555555693810) at splay.cpp:254
#39 0x0000555555557b0d in InOrder (root=0x555555634c10) at splay.cpp:254
#40 0x0000555555557b0d in InOrder (root=0x55555587dcd0) at splay.cpp:254
#41 0x00005555555564fe in main (argc=3, argv=0x7fffffffdfb8) at main.cpp:35

295	in ../sysdeps/x86_64/multiarch/memmove-vec-unaligned-erms.S

Backtrace END
Fliping a bit of the reference
Memory content before bitflip:0x750xb00x000x000x000x000x000x00
Fault Model: Single bit-flip
base address to flip value: 0x7fffffffd580
address max offset: 8
Memory content after  bitflip:0x750xb40x000x000x000x000x000x00
frame name: std::operator<< <char, std::char_traits<char>, 16ul>
symbol name: __x
symbol filename: /usr/include/c++/8/bitset
symbol line: 1535
value: std::bitset = {[0] = 1, [2] = 1, [4] = 1, [5] = 1, [6] = 1, [10] = 1, [12] = 1, [13] = 1, [15] = 1}
value address: 0x7fffffffd580
Type: A reference type.
Type sizeof: 8

[INFO -- 2018-11-30 17:01:38]
Fault Injection Successful after 0.7536022663116455s
[INFO -- 2018-11-30 17:01:38]
event type: exit
[INFO -- 2018-11-30 17:01:38]
exit code: 0
