[INFO -- 2018-10-11 23:48:22]
Starting flip_value script
version: 1.1
[INFO -- 2018-10-11 23:48:22]
Initialization strings:
[INFO -- 2018-10-11 23:48:22]
(1) file /tmp/BTree/main
[INFO -- 2018-10-11 23:48:22]
(2)  set args /tmp/BTree/input_100000 /tmp/BTree/output_100000
[INFO -- 2018-10-11 23:48:22]
initSignal:0
[INFO -- 2018-10-11 23:48:22]
endSignal:2
[INFO -- 2018-10-11 23:48:22]
faultModel:0
[INFO -- 2018-10-11 23:48:23]
Backtrace BEGIN:
#0  0x00007ffff7245160 in *ABS*+0x9f0e0@plt () from /lib/x86_64-linux-gnu/libc.so.6
#1  0x00007ffff72a3ed2 in __GI__IO_getline_info (eof=0x0, extract_delim=<optimized out>, delim=10, n=9, buf=0x7fffffffddde "527702\n", fp=0x55555576ae70, fp@entry=0x0) at iogetline.c:96
#2  __GI__IO_getline (fp=fp@entry=0x55555576ae70, buf=buf@entry=0x7fffffffddde "527702\n", n=<optimized out>, delim=delim@entry=10, extract_delim=extract_delim@entry=1) at iogetline.c:34
#3  0x00007ffff72a2bcd in _IO_fgets (buf=0x7fffffffddde "527702\n", n=<optimized out>, fp=0x55555576ae70) at iofgets.c:53
#4  0x00005555555565d7 in main (argc=3, argv=0x7fffffffded8) at BTree.cpp:660

637				root = NULL;
638			else
639				root = root->C[0];
640	
641			// Free the old root
642			delete tmp;
643		}
644		return;
645	}
646	

Backtrace END
Fliping a bit of the value pointed by a pointer
Fliping a bit of the pointer
Memory content before bitflip:0x790xe20xff0xff0xff0x7f0x000x00
Fault Model: Single bit-flip
base address to flip value: 0x7fffffffded8
address max offset: 8
Memory content after  bitflip:0x790xe20xef0xff0xff0x7f0x000x00
frame name: main
symbol name: argv
symbol filename: BTree.cpp
symbol line: 650
value: 0x7fffffffded8
value address: 0x7fffffffdda0
Type: The type is a pointer.
Type sizeof: 8

[INFO -- 2018-10-11 23:48:23]
Fault Injection Successful after 1.0838794708251953s
[INFO -- 2018-10-11 23:48:23]
event type: exit
[INFO -- 2018-10-11 23:48:23]
exit code: 0
