[INFO -- 2018-11-25 15:52:27]
Starting flip_value script
version: 1.1
[INFO -- 2018-11-25 15:52:27]
Initialization strings:
[INFO -- 2018-11-25 15:52:27]
(1) file /tmp/BTree-dup/main
[INFO -- 2018-11-25 15:52:27]
(2)  set args /tmp/BTree-dup/input_100000 /tmp/BTree-dup/output_100000 /tmp/BTree-dup-detection.log /tmp/BTree-dup/output2_100000
[INFO -- 2018-11-25 15:52:27]
initSignal:0
[INFO -- 2018-11-25 15:52:27]
endSignal:2
[INFO -- 2018-11-25 15:52:27]
faultModel:2
[EXCEPTION -- 2018-11-25 15:52:28]
gdbException: Tentativo de desreferenciar um ponteiro genérico.
[INFO -- 2018-11-25 15:52:30]
Backtrace BEGIN:
#0  std::char_traits<char>::assign (__c1=<error reading variable>, __c2=@0x7fffffffd9f8: 49 '1') at /usr/include/c++/7/bits/char_traits.h:284
#1  0x00005555555576b2 in std::bitset<16ul>::_M_copy_to_string<char, std::char_traits<char>, std::allocator<char> > (this=0x7fffffffdac0, __s="1101001011000000", __zero=48 '0', __one=49 '1') at /usr/include/c++/7/bitset:1410
#2  0x00005555555573d7 in std::operator<< <char, std::char_traits<char>, 16ul> (__os=..., __x=std::bitset = {...}) at /usr/include/c++/7/bitset:1538
#3  0x0000555555556912 in BTreeNode::traverse (this=0x555556078cb0) at BTree_dup.cpp:594
#4  0x000055555555695f in BTreeNode::traverse (this=0x555555f24060) at BTree_dup.cpp:599
#5  0x00005555555568d7 in BTreeNode::traverse (this=0x555556078c20) at BTree_dup.cpp:593
#6  0x00005555555568d7 in BTreeNode::traverse (this=0x555555ee2fc0) at BTree_dup.cpp:593
#7  0x00005555555568d7 in BTreeNode::traverse (this=0x555555ee3170) at BTree_dup.cpp:593
#8  0x00005555555568d7 in BTreeNode::traverse (this=0x555555fbe2f0) at BTree_dup.cpp:593
#9  0x00005555555568d7 in BTreeNode::traverse (this=0x555555bee480) at BTree_dup.cpp:593
#10 0x00005555555568d7 in BTreeNode::traverse (this=0x555555ce1f30) at BTree_dup.cpp:593
#11 0x00005555555568d7 in BTreeNode::traverse (this=0x555555ef6e20) at BTree_dup.cpp:593
#12 0x00005555555572bb in BTree::traverse (this=0x7fffffffdd50) at BTree_dup.cpp:139
#13 0x0000555555556ff9 in main (argc=5, argv=0x7fffffffde68) at BTree_dup.cpp:725

279	      typedef streampos         pos_type;
280	      typedef streamoff         off_type;
281	      typedef mbstate_t         state_type;
282	
283	      static _GLIBCXX17_CONSTEXPR void
284	      assign(char_type& __c1, const char_type& __c2) _GLIBCXX_NOEXCEPT
285	      { __c1 = __c2; }
286	
287	      static _GLIBCXX_CONSTEXPR bool
288	      eq(const char_type& __c1, const char_type& __c2) _GLIBCXX_NOEXCEPT

Backtrace END
Fliping a bit of the value pointed by a pointer
Fliping value of field: leaf
Memory content before bitflip:0x00
Fault Model: Random bit-flip
base address to flip value: 0x555555bee49c
address max offset: 1
Memory content after  bitflip:0x5e
frame name: BTreeNode::traverse
symbol name: this
symbol filename: BTree_dup.cpp
symbol line: 0
value: 0x555555bee480
value address: 0x7fffffffdc28
Type: The type is a pointer.
Type sizeof: 8

[INFO -- 2018-11-25 15:52:30]
Fault Injection Successful after 3.4970879554748535s
[INFO -- 2018-11-25 15:52:30]
event type: exit
[INFO -- 2018-11-25 15:52:30]
exit code: 0
