[INFO -- 2018-10-18 01:14:49]
Starting flip_value script
version: 1.1
[INFO -- 2018-10-18 01:14:49]
Initialization strings:
[INFO -- 2018-10-18 01:14:49]
(1) file /tmp/Tree234/main
[INFO -- 2018-10-18 01:14:49]
(2) set args /tmp/Tree234/input_50000 /tmp/Tree234/output_50000
[INFO -- 2018-10-18 01:14:49]
initSignal:0
[INFO -- 2018-10-18 01:14:49]
endSignal:2
[INFO -- 2018-10-18 01:14:49]
faultModel:0
[INFO -- 2018-10-18 01:14:50]
Backtrace BEGIN:
#0  memcmp () at ../sysdeps/x86_64/multiarch/../memcmp.S:36
#1  0x00007ffff7def53a in _dl_load_cache_lookup (name=name@entry=0x400789 "libstdc++.so.6") at dl-cache.c:208
#2  0x00007ffff7de0169 in _dl_map_object (loader=0x7ffff7ffe168, name=0x400789 "libstdc++.so.6", type=1, trace_mode=0, mode=<optimized out>, nsid=<optimized out>) at dl-load.c:2342
#3  0x00007ffff7de4ba2 in openaux (a=a@entry=0x7fffffffdc20) at dl-deps.c:63
#4  0x00007ffff7de7564 in _dl_catch_error (objname=objname@entry=0x7fffffffdc18, errstring=errstring@entry=0x7fffffffdc10, mallocedp=mallocedp@entry=0x7fffffffdc0f, operate=operate@entry=0x7ffff7de4b70 <openaux>, args=args@entry=0x7fffffffdc20) at dl-error.c:187
#5  0x00007ffff7de51e2 in _dl_map_object_deps (map=map@entry=0x7ffff7ffe168, preloads=<optimized out>, npreloads=npreloads@entry=0, trace_mode=trace_mode@entry=0, open_mode=open_mode@entry=0) at dl-deps.c:254
#6  0x00007ffff7ddaa29 in dl_main (phdr=<optimized out>, phnum=<optimized out>, user_entry=<optimized out>, auxv=<optimized out>) at rtld.c:1647
#7  0x00007ffff7df0632 in _dl_sysdep_start (start_argptr=start_argptr@entry=0x7fffffffde70, dl_main=dl_main@entry=0x7ffff7dd91e0 <dl_main>) at ../elf/dl-sysdep.c:249
#8  0x00007ffff7dd8c2a in _dl_start_final (arg=0x7fffffffde70) at rtld.c:323
#9  _dl_start (arg=0x7fffffffde70) at rtld.c:429
#10 0x00007ffff7dd7c38 in _start () from /lib64/ld-linux-x86-64.so.2
#11 0x0000000000000003 in ?? ()
#12 0x00007fffffffe20c in ?? ()
#13 0x00007fffffffe21e in ?? ()
#14 0x00007fffffffe237 in ?? ()
#15 0x0000000000000000 in ?? ()

31	in ../sysdeps/x86_64/multiarch/../memcmp.S

Backtrace END
Fliping a bit of the value pointed by a pointer
Memory content before bitflip:0x4c
Fault Model: Single bit-flip
base address to flip value: 0x7ffff7ddf5e1  
address max offset: 1
Memory content after  bitflip:0x44
frame name: _dl_map_object_deps
symbol name: objname
symbol filename: dl-deps.c
symbol line: 169
value: 0x7ffff7ddf5e1 <_dl_init_paths+289> "D\213E\310H\215\005lg\001"
value address: 0x7fffffffdc18
Type: The type is a pointer.
Type sizeof: 8

[INFO -- 2018-10-18 01:14:50]
Fault Injection Successful after 1.0189976692199707s
[INFO -- 2018-10-18 01:14:50]
event type: exit
[INFO -- 2018-10-18 01:14:50]
exit code: 0
