[INFO -- 2018-11-30 21:51:06]
Starting flip_value script
version: 1.1
[INFO -- 2018-11-30 21:51:06]
Initialization strings:
[INFO -- 2018-11-30 21:51:06]
(1) file /tmp/splay/main
[INFO -- 2018-11-30 21:51:06]
(2) set args /tmp/splay/input_100000 /tmp/splay/output_100000
[INFO -- 2018-11-30 21:51:06]
initSignal:0
[INFO -- 2018-11-30 21:51:06]
endSignal:5
[INFO -- 2018-11-30 21:51:06]
faultModel:2
[EXCEPTION -- 2018-11-30 21:51:07]
pythonException: Unable to exit loop in struct fields; Exiting wihtout making a bit flip
[EXCEPTION -- 2018-11-30 21:51:07]
pythonException: Unable to exit loop in struct fields; Exiting wihtout making a bit flip
[EXCEPTION -- 2018-11-30 21:51:07]
pythonException: Unable to exit loop in struct fields; Exiting wihtout making a bit flip
[INFO -- 2018-11-30 21:51:07]
event type: exit
[INFO -- 2018-11-30 21:51:07]
exit code: 0
