[INFO -- 2018-12-01 09:28:15]
Starting flip_value script
version: 1.1
[INFO -- 2018-12-01 09:28:15]
Initialization strings:
[INFO -- 2018-12-01 09:28:15]
(1) file /tmp/splay/main
[INFO -- 2018-12-01 09:28:15]
(2) set args /tmp/splay/input_100000 /tmp/splay/output_100000
[INFO -- 2018-12-01 09:28:15]
initSignal:0
[INFO -- 2018-12-01 09:28:15]
endSignal:5
[INFO -- 2018-12-01 09:28:15]
faultModel:1
[EXCEPTION -- 2018-12-01 09:28:15]
pythonException: Unable to exit loop in struct fields; Exiting wihtout making a bit flip
[INFO -- 2018-12-01 09:28:15]
Backtrace BEGIN:
#0  0x00007ffff7d34fd4 in __GI___libc_write (fd=1, buf=0x55555587dcf0, nbytes=17) at ../sysdeps/unix/sysv/linux/write.c:26
#1  0x00007ffff7cb633d in _IO_new_file_write (f=0x7ffff7e10760 <_IO_2_1_stdout_>, data=0x55555587dcf0, n=17) at fileops.c:1183
#2  0x00007ffff7cb7a71 in new_do_write (to_do=17, data=0x55555587dcf0 "0101000110111100\n", fp=0x7ffff7e10760 <_IO_2_1_stdout_>) at libioP.h:839
#3  _IO_new_do_write (fp=0x7ffff7e10760 <_IO_2_1_stdout_>, data=0x55555587dcf0 "0101000110111100\n", to_do=17) at fileops.c:433
#4  0x00007ffff7cb56f8 in _IO_new_file_sync (fp=0x7ffff7e10760 <_IO_2_1_stdout_>) at fileops.c:819
#5  0x00007ffff7caa32d in __GI__IO_fflush (fp=0x7ffff7e10760 <_IO_2_1_stdout_>) at libioP.h:839
#6  0x00007ffff7f4201e in std::ostream::flush() () from /usr/lib/x86_64-linux-gnu/libstdc++.so.6
#7  0x0000555555557afd in InOrder (root=0x5555556cd7f0) at splay.cpp:253
#8  0x0000555555557abd in InOrder (root=0x555555824050) at splay.cpp:252
#9  0x0000555555557abd in InOrder (root=0x5555557d26b0) at splay.cpp:252
#10 0x0000555555557b0d in InOrder (root=0x5555556861b0) at splay.cpp:254
#11 0x0000555555557b0d in InOrder (root=0x555555866750) at splay.cpp:254
#12 0x0000555555557b0d in InOrder (root=0x55555560bf30) at splay.cpp:254
#13 0x0000555555557abd in InOrder (root=0x5555558682d0) at splay.cpp:252
#14 0x0000555555557abd in InOrder (root=0x5555556b1d10) at splay.cpp:252
#15 0x0000555555557b0d in InOrder (root=0x55555586ddf0) at splay.cpp:254
#16 0x0000555555557abd in InOrder (root=0x55555586e170) at splay.cpp:252
#17 0x0000555555557b0d in InOrder (root=0x5555557336b0) at splay.cpp:254
#18 0x0000555555557abd in InOrder (root=0x555555665010) at splay.cpp:252
#19 0x0000555555557b0d in InOrder (root=0x5555558713f0) at splay.cpp:254
#20 0x0000555555557b0d in InOrder (root=0x555555871970) at splay.cpp:254
#21 0x0000555555557b0d in InOrder (root=0x5555555f23d0) at splay.cpp:254
#22 0x0000555555557abd in InOrder (root=0x555555709550) at splay.cpp:252
#23 0x0000555555557abd in InOrder (root=0x555555874b10) at splay.cpp:252
#24 0x0000555555557b0d in InOrder (root=0x55555579ddd0) at splay.cpp:254
#25 0x0000555555557b0d in InOrder (root=0x555555668fb0) at splay.cpp:254
#26 0x0000555555557b0d in InOrder (root=0x55555587b810) at splay.cpp:254
#27 0x0000555555557b0d in InOrder (root=0x55555587dc50) at splay.cpp:254
#28 0x0000555555557b0d in InOrder (root=0x555555696ef0) at splay.cpp:254
#29 0x0000555555557abd in InOrder (root=0x55555587dcd0) at splay.cpp:252
#30 0x00005555555564fe in main (argc=3, argv=0x7fffffffdfb8) at main.cpp:35

21	in ../sysdeps/unix/sysv/linux/write.c

Backtrace END
Fliping a bit of the value pointed by a pointer
Fliping value of field: key
Memory content before bitflip:0x6e0x620x1b0x00
Fault Model: Double bit-flip
base address to flip value: 0x5555557d26b0
address max offset: 4
Memory content after  bitflip:0x4a0x620x1b0x00
frame name: InOrder
symbol name: root
symbol filename: splay.cpp
symbol line: 248
value: 0x5555557d26b0
value address: 0x7fffffffd848
Type: The type is a pointer.
Type sizeof: 8

[INFO -- 2018-12-01 09:28:15]
Fault Injection Successful after 0.8428521156311035s
[INFO -- 2018-12-01 09:28:15]
event type: exit
[INFO -- 2018-12-01 09:28:15]
exit code: 0
