[INFO -- 2018-10-11 23:53:23]
Starting flip_value script
version: 1.1
[INFO -- 2018-10-11 23:53:23]
Initialization strings:
[INFO -- 2018-10-11 23:53:23]
(1) file /tmp/BTree/main
[INFO -- 2018-10-11 23:53:23]
(2)  set args /tmp/BTree/input_100000 /tmp/BTree/output_100000
[INFO -- 2018-10-11 23:53:23]
initSignal:0
[INFO -- 2018-10-11 23:53:23]
endSignal:2
[INFO -- 2018-10-11 23:53:23]
faultModel:4
[INFO -- 2018-10-11 23:53:24]
Backtrace BEGIN:
#0  0x0000555555556a7a in std::bitset<16ul>::_Unchecked_test (this=0x7fffffffdb60, __pos=13) at /usr/include/c++/7/bitset:1059
#1  0x0000555555556a03 in std::bitset<16ul>::_M_copy_to_string<char, std::char_traits<char>, std::allocator<char> > (this=0x7fffffffdb60, __s="01", '0' <repete 14 vezes>, __zero=48 '0', __one=49 '1') at /usr/include/c++/7/bitset:1409
#2  0x0000555555556943 in std::operator<< <char, std::char_traits<char>, 16ul> (__os=..., __x=std::bitset = {...}) at /usr/include/c++/7/bitset:1538
#3  0x00005555555563b2 in BTreeNode::traverse (this=0x555555830e20) at BTree.cpp:592
#4  0x0000555555556377 in BTreeNode::traverse (this=0x55555586e7a0) at BTree.cpp:591
#5  0x00005555555563ff in BTreeNode::traverse (this=0x55555586f130) at BTree.cpp:597
#6  0x0000555555556377 in BTreeNode::traverse (this=0x5555559d99b0) at BTree.cpp:591
#7  0x00005555555563ff in BTreeNode::traverse (this=0x555555b19990) at BTree.cpp:597
#8  0x0000555555556377 in BTreeNode::traverse (this=0x555555b9e740) at BTree.cpp:591
#9  0x00005555555563ff in BTreeNode::traverse (this=0x5555558124c0) at BTree.cpp:597
#10 0x00005555555563ff in BTreeNode::traverse (this=0x555555812430) at BTree.cpp:597
#11 0x0000555555556377 in BTreeNode::traverse (this=0x555555a27320) at BTree.cpp:591
#12 0x0000555555556851 in BTree::traverse (this=0x7fffffffddc0) at BTree.cpp:137
#13 0x0000555555556630 in main (argc=3, argv=0x7fffffffded8) at BTree.cpp:668

1054	      }
1055	
1056	      _GLIBCXX_CONSTEXPR bool
1057	      _Unchecked_test(size_t __pos) const _GLIBCXX_NOEXCEPT
1058	      { return ((this->_M_getword(__pos) & _Base::_S_maskbit(__pos))
1059			!= static_cast<_WordT>(0)); }
1060	      //@}
1061	
1062	      // Set, reset, and flip.
1063	      /**

Backtrace END
Memory content before bitflip:0x030x000x000x00
Fault Model: LSB bit-flip
base address to flip value: 0x7fffffffdbdc
address max offset: 4
Memory content after  bitflip:0x030x000x000x04
frame name: BTreeNode::traverse
symbol name: i
symbol filename: BTree.cpp
symbol line: 585
value: 67108867
value address: 0x7fffffffdbdc
Type: The type is an integer type.
Type sizeof: 4

[INFO -- 2018-10-11 23:53:24]
Fault Injection Successful after 1.1761131286621094s
[INFO -- 2018-10-11 23:53:24]
event type: exit
[INFO -- 2018-10-11 23:53:24]
exit code: 0
