[INFO -- 2018-12-01 01:33:51]
Starting flip_value script
version: 1.1
[INFO -- 2018-12-01 01:33:51]
Initialization strings:
[INFO -- 2018-12-01 01:33:51]
(1) file /tmp/splay/main
[INFO -- 2018-12-01 01:33:51]
(2) set args /tmp/splay/input_100000 /tmp/splay/output_100000
[INFO -- 2018-12-01 01:33:51]
initSignal:0
[INFO -- 2018-12-01 01:33:51]
endSignal:5
[INFO -- 2018-12-01 01:33:51]
faultModel:4
[INFO -- 2018-12-01 01:33:52]
Backtrace BEGIN:
#0  Splay (key=3926062, root=0x55555562be70) at splay.cpp:64
#1  0x0000555555557916 in Insert (key=3926062, root=0x555555638d10) at splay.cpp:145
#2  0x00005555555564bb in main (argc=3, argv=0x7fffffffdfb8) at main.cpp:31

59		{
60			if(key < root->key)
61			{
62				if(!root->lchild)
63					break;
64				if(key < root->lchild->key)
65				{
66					root = RR_Rotate(root); /* only zig-zig mode need to rotate once,
67											   because zig-zag mode is handled as zig
68											   mode, which doesn't require rotate, 

Backtrace END
Memory content before bitflip:0x2e0xe80x3b0x00
Fault Model: LSB bit-flip
base address to flip value: 0x7fffffffdc1c
address max offset: 4
Memory content after  bitflip:0x2e0xe80x3b0x01
frame name: Insert
symbol name: key
symbol filename: splay.cpp
symbol line: 132
value: 20703278
value address: 0x7fffffffdc1c
Type: The type is an integer type.
Type sizeof: 4

[INFO -- 2018-12-01 01:33:52]
Fault Injection Successful after 1.2271831035614014s
[INFO -- 2018-12-01 01:33:52]
event type: exit
[INFO -- 2018-12-01 01:33:52]
exit code: 0
