[INFO -- 2018-11-25 15:51:05]
Starting flip_value script
version: 1.1
[INFO -- 2018-11-25 15:51:05]
Initialization strings:
[INFO -- 2018-11-25 15:51:05]
(1) file /tmp/BTree-dup/main
[INFO -- 2018-11-25 15:51:05]
(2)  set args /tmp/BTree-dup/input_100000 /tmp/BTree-dup/output_100000 /tmp/BTree-dup-detection.log /tmp/BTree-dup/output2_100000
[INFO -- 2018-11-25 15:51:05]
initSignal:0
[INFO -- 2018-11-25 15:51:05]
endSignal:2
[INFO -- 2018-11-25 15:51:05]
faultModel:1
[INFO -- 2018-11-25 15:51:06]
Backtrace BEGIN:
#0  0x00007ffff7334154 in __GI___libc_write (fd=1, buf=0x55555576d0d0, nbytes=17) at ../sysdeps/unix/sysv/linux/write.c:27
#1  0x00007ffff72af1bd in _IO_new_file_write (f=0x7ffff7610760 <_IO_2_1_stdout_>, data=0x55555576d0d0, n=17) at fileops.c:1203
#2  0x00007ffff72b0f51 in new_do_write (to_do=17, data=0x55555576d0d0 "0101011010110111\n\320vUUU", fp=0x7ffff7610760 <_IO_2_1_stdout_>) at fileops.c:457
#3  _IO_new_do_write (fp=0x7ffff7610760 <_IO_2_1_stdout_>, data=0x55555576d0d0 "0101011010110111\n\320vUUU", to_do=17) at fileops.c:433
#4  0x00007ffff72ae788 in _IO_new_file_sync (fp=0x7ffff7610760 <_IO_2_1_stdout_>) at fileops.c:813
#5  0x00007ffff72a287d in __GI__IO_fflush (fp=0x7ffff7610760 <_IO_2_1_stdout_>) at iofflush.c:40
#6  0x00007ffff7b5ef5e in std::ostream::flush() () from /usr/lib/x86_64-linux-gnu/libstdc++.so.6
#7  0x0000555555556927 in BTreeNode::traverse (this=0x555555a44390) at BTree_dup.cpp:594
#8  0x00005555555568d7 in BTreeNode::traverse (this=0x555555a93fe0) at BTree_dup.cpp:593
#9  0x00005555555568d7 in BTreeNode::traverse (this=0x5555559340b0) at BTree_dup.cpp:593
#10 0x00005555555568d7 in BTreeNode::traverse (this=0x555555973e30) at BTree_dup.cpp:593
#11 0x00005555555568d7 in BTreeNode::traverse (this=0x5555557d1d80) at BTree_dup.cpp:593
#12 0x00005555555568d7 in BTreeNode::traverse (this=0x5555557e48c0) at BTree_dup.cpp:593
#13 0x00005555555568d7 in BTreeNode::traverse (this=0x5555558c0e80) at BTree_dup.cpp:593
#14 0x00005555555568d7 in BTreeNode::traverse (this=0x555555a2abc0) at BTree_dup.cpp:593
#15 0x000055555555695f in BTreeNode::traverse (this=0x555555a2ab30) at BTree_dup.cpp:599
#16 0x00005555555572bb in BTree::traverse (this=0x7fffffffdd40) at BTree_dup.cpp:139
#17 0x0000555555556fbd in main (argc=5, argv=0x7fffffffde68) at BTree_dup.cpp:718

22	../sysdeps/unix/sysv/linux/write.c: Arquivo ou diretório inexistente.

Backtrace END
Memory content before bitflip:0x390x710x550x550x550x550x000x00
Fault Model: Double bit-flip
base address to flip value: 0x7fffffffdd38
address max offset: 8
Memory content after  bitflip:0x390x710x550x550x550x550x090x00
frame name: main
symbol name: diff_time
symbol filename: BTree_dup.cpp
symbol line: 699
value: 1.2979597507993949e-308
value address: 0x7fffffffdd38
Type: A floating point type.
Type sizeof: 8

[INFO -- 2018-11-25 15:51:06]
Fault Injection Successful after 1.3659138679504395s
[INFO -- 2018-11-25 15:51:07]
event type: exit
[INFO -- 2018-11-25 15:51:07]
exit code: 0
