[INFO -- 2018-12-09 01:40:52]
Starting flip_value script
version: 1.1
[INFO -- 2018-12-09 01:40:52]
Initialization strings:
[INFO -- 2018-12-09 01:40:52]
(1) file /tmp/Tree234/main
[INFO -- 2018-12-09 01:40:52]
(2) set args /tmp/Tree234/input_50000 /tmp/Tree234/output_50000
[INFO -- 2018-12-09 01:40:52]
initSignal:0
[INFO -- 2018-12-09 01:40:52]
endSignal:2
[INFO -- 2018-12-09 01:40:52]
faultModel:3
[EXCEPTION -- 2018-12-09 01:40:53]
gdbException: Attempt to dereference a generic pointer.
[INFO -- 2018-12-09 01:40:53]
Backtrace BEGIN:
#0  malloc (n=10) at dl-minimal.c:94
#1  <function called from gdb>
#2  0x00007ffff72d7d52 in _int_free (av=0x7ffff761cb20 <main_arena>, p=0x7d7f10, have_lock=0) at malloc.c:3841
#3  0x00007ffff72dc53c in __GI___libc_free (mem=<optimized out>) at malloc.c:2968
#4  0x0000000000402954 in std::basic_ostream<char, std::char_traits<char> >& std::operator<< <char, std::char_traits<char>, 16ul>(std::basic_ostream<char, std::char_traits<char> >&, std::bitset<16ul> const&) ()
#5  0x00000000004022d3 in Arvore234::imprime(no*) ()
#6  0x0000000000402340 in Arvore234::imprime(no*) ()
#7  0x0000000000402340 in Arvore234::imprime(no*) ()
#8  0x0000000000402340 in Arvore234::imprime(no*) ()
#9  0x0000000000402340 in Arvore234::imprime(no*) ()
#10 0x0000000000402340 in Arvore234::imprime(no*) ()
#11 0x0000000000402340 in Arvore234::imprime(no*) ()
#12 0x0000000000402340 in Arvore234::imprime(no*) ()
#13 0x0000000000402340 in Arvore234::imprime(no*) ()
#14 0x0000000000402340 in Arvore234::imprime(no*) ()
#15 0x0000000000402340 in Arvore234::imprime(no*) ()
#16 0x0000000000402380 in Arvore234::imprime() ()
#17 0x0000000000402594 in main ()

89	in dl-minimal.c

Backtrace END
Memory content before bitflip:0x000x000x000x00
Fault Model: Zero bit-flip
base address to flip value: 0x7ffff761e7c8 
address max offset: 4
Memory content after  bitflip:0x000x000x000x00
frame name: _int_free
symbol name: disallow_malloc_check
symbol filename: hooks.c
symbol line: 68
value: 0
value address: 0x7ffff761e7c8 <disallow_malloc_check>
Type: The type is an integer type.
Type sizeof: 4

[INFO -- 2018-12-09 01:40:53]
Fault Injection Successful after 1.6001417636871338s
[INFO -- 2018-12-09 01:40:53]
event type: exit
[INFO -- 2018-12-09 01:40:53]
exit code: 0
