[INFO -- 2018-11-25 21:25:30]
Starting flip_value script
version: 1.1
[INFO -- 2018-11-25 21:25:30]
Initialization strings:
[INFO -- 2018-11-25 21:25:30]
(1) file /tmp/BTree-dup/main
[INFO -- 2018-11-25 21:25:30]
(2)  set args /tmp/BTree-dup/input_100000 /tmp/BTree-dup/output_100000 /tmp/BTree-dup-detection.log /tmp/BTree-dup/output2_100000
[INFO -- 2018-11-25 21:25:30]
initSignal:0
[INFO -- 2018-11-25 21:25:30]
endSignal:2
[INFO -- 2018-11-25 21:25:30]
faultModel:1
[EXCEPTION -- 2018-11-25 21:25:32]
pythonException: Unable to exit loop in struct fields; Exiting wihtout making a bit flip
[INFO -- 2018-11-25 21:25:32]
Backtrace BEGIN:
#0  std::istream_iterator<int, char, std::char_traits<char>, long>::_M_read (this=0x7fffffffd960) at /usr/include/c++/7/bits/stream_iterator.h:119
#1  0x0000555555557ab2 in std::istream_iterator<int, char, std::char_traits<char>, long>::operator++ (this=0x7fffffffd960) at /usr/include/c++/7/bits/stream_iterator.h:95
#2  0x00005555555579f3 in std::vector<int, std::allocator<int> >::_M_range_initialize<std::istream_iterator<int, char, std::char_traits<char>, long> > (this=0x7fffffffdaa0, __first=..., __last=...) at /usr/include/c++/7/bits/stl_vector.h:1308
#3  0x0000555555557882 in std::vector<int, std::allocator<int> >::_M_initialize_dispatch<std::istream_iterator<int, char, std::char_traits<char>, long> > (this=0x7fffffffdaa0, __first=..., __last=...) at /usr/include/c++/7/bits/stl_vector.h:1299
#4  0x0000555555557569 in std::vector<int, std::allocator<int> >::vector<std::istream_iterator<int, char, std::char_traits<char>, long>, void> (this=0x7fffffffdaa0, __first=..., __last=..., __a=...) at /usr/include/c++/7/bits/stl_vector.h:414
#5  0x0000555555556bbc in runner (input=0x7fffffffe22a "/tmp/BTree-dup/input_100000") at BTree_dup.cpp:660
#6  0x0000555555556f51 in main (argc=5, argv=0x7fffffffde68) at BTree_dup.cpp:711

114	    private:
115	      void
116	      _M_read()
117	      {
118		_M_ok = (_M_stream && *_M_stream) ? true : false;
119		if (_M_ok)
120		  {
121		    *_M_stream >> _M_value;
122		    _M_ok = *_M_stream ? true : false;
123		  }

Backtrace END
Memory content before bitflip:0x050x000x000x00
Fault Model: Double bit-flip
base address to flip value: 0x7fffffffdd1c
address max offset: 4
Memory content after  bitflip:0x050x000x110x00
frame name: main
symbol name: argc
symbol filename: BTree_dup.cpp
symbol line: 691
value: 1114117
value address: 0x7fffffffdd1c
Type: The type is an integer type.
Type sizeof: 4

[INFO -- 2018-11-25 21:25:32]
Fault Injection Successful after 2.762813091278076s
[INFO -- 2018-11-25 21:25:33]
event type: exit
[INFO -- 2018-11-25 21:25:33]
exit code: 0
