[INFO -- 2018-10-11 23:59:56]
Starting flip_value script
version: 1.1
[INFO -- 2018-10-11 23:59:56]
Initialization strings:
[INFO -- 2018-10-11 23:59:56]
(1) file /tmp/BTree/main
[INFO -- 2018-10-11 23:59:56]
(2)  set args /tmp/BTree/input_100000 /tmp/BTree/output_100000
[INFO -- 2018-10-11 23:59:56]
initSignal:0
[INFO -- 2018-10-11 23:59:56]
endSignal:2
[INFO -- 2018-10-11 23:59:56]
faultModel:0
[EXCEPTION -- 2018-10-11 23:59:57]
pythonException: Unable to exit loop in struct fields; Exiting wihtout making a bit flip
[INFO -- 2018-10-11 23:59:57]
Backtrace BEGIN:
#0  std::operator<< <char, std::char_traits<char>, 16ul> (__os=..., __x=std::bitset = {...}) at /usr/include/c++/7/bitset:1539
#1  0x00005555555563b2 in BTreeNode::traverse (this=0x555555a9ef00) at BTree.cpp:592
#2  0x00005555555563ff in BTreeNode::traverse (this=0x5555559ccf30) at BTree.cpp:597
#3  0x0000555555556377 in BTreeNode::traverse (this=0x555555961200) at BTree.cpp:591
#4  0x0000555555556377 in BTreeNode::traverse (this=0x555555baf1e0) at BTree.cpp:591
#5  0x00005555555563ff in BTreeNode::traverse (this=0x555555bafc90) at BTree.cpp:597
#6  0x0000555555556377 in BTreeNode::traverse (this=0x5555559c9ae0) at BTree.cpp:591
#7  0x00005555555563ff in BTreeNode::traverse (this=0x555555aeeac0) at BTree.cpp:597
#8  0x0000555555556377 in BTreeNode::traverse (this=0x555555812430) at BTree.cpp:591
#9  0x0000555555556377 in BTreeNode::traverse (this=0x555555a27320) at BTree.cpp:591
#10 0x0000555555556851 in BTree::traverse (this=0x7fffffffddc0) at BTree.cpp:137
#11 0x0000555555556630 in main (argc=3, argv=0x7fffffffded8) at BTree.cpp:668

1534	
1535	      // _GLIBCXX_RESOLVE_LIB_DEFECTS
1536	      // 396. what are characters zero and one.
1537	      const ctype<_CharT>& __ct = use_facet<ctype<_CharT> >(__os.getloc());
1538	      __x._M_copy_to_string(__tmp, __ct.widen('0'), __ct.widen('1'));
1539	      return __os << __tmp;
1540	    }
1541	  //@}
1542	
1543	_GLIBCXX_END_NAMESPACE_CONTAINER

Backtrace END
Fliping a bit of the value pointed by a pointer
Fliping value of field: leaf
Memory content before bitflip:0x00
Fault Model: Single bit-flip
base address to flip value: 0x5555559ccf4c
address max offset: 1
Memory content after  bitflip:0x08
frame name: BTreeNode::traverse
symbol name: this
symbol filename: BTree.cpp
symbol line: 0
value: 0x5555559ccf30
value address: 0x7fffffffdb88
Type: The type is a pointer.
Type sizeof: 8

[INFO -- 2018-10-11 23:59:57]
Fault Injection Successful after 1.5592460632324219s
[INFO -- 2018-10-11 23:59:57]
event type: exit
[INFO -- 2018-10-11 23:59:57]
exit code: 0
