[INFO -- 2018-12-01 07:09:55]
Starting flip_value script
version: 1.1
[INFO -- 2018-12-01 07:09:55]
Initialization strings:
[INFO -- 2018-12-01 07:09:55]
(1) file /tmp/splay/main
[INFO -- 2018-12-01 07:09:55]
(2) set args /tmp/splay/input_100000 /tmp/splay/output_100000
[INFO -- 2018-12-01 07:09:55]
initSignal:0
[INFO -- 2018-12-01 07:09:55]
endSignal:5
[INFO -- 2018-12-01 07:09:55]
faultModel:2
[INFO -- 2018-12-01 07:09:55]
Backtrace BEGIN:
#0  0x00007ffff7d34fd4 in __GI___libc_write (fd=1, buf=0x55555587dcf0, nbytes=17) at ../sysdeps/unix/sysv/linux/write.c:26
#1  0x00007ffff7cb633d in _IO_new_file_write (f=0x7ffff7e10760 <_IO_2_1_stdout_>, data=0x55555587dcf0, n=17) at fileops.c:1183
#2  0x00007ffff7cb7a71 in new_do_write (to_do=17, data=0x55555587dcf0 "0001110011001001\n", fp=0x7ffff7e10760 <_IO_2_1_stdout_>) at libioP.h:839
#3  _IO_new_do_write (fp=0x7ffff7e10760 <_IO_2_1_stdout_>, data=0x55555587dcf0 "0001110011001001\n", to_do=17) at fileops.c:433
#4  0x00007ffff7cb56f8 in _IO_new_file_sync (fp=0x7ffff7e10760 <_IO_2_1_stdout_>) at fileops.c:819
#5  0x00007ffff7caa32d in __GI__IO_fflush (fp=0x7ffff7e10760 <_IO_2_1_stdout_>) at libioP.h:839
#6  0x00007ffff7f4201e in std::ostream::flush() () from /usr/lib/x86_64-linux-gnu/libstdc++.so.6
#7  0x0000555555557afd in InOrder (root=0x5555555e2c30) at splay.cpp:253
#8  0x0000555555557b0d in InOrder (root=0x555555650090) at splay.cpp:254
#9  0x0000555555557b0d in InOrder (root=0x555555729a50) at splay.cpp:254
#10 0x0000555555557b0d in InOrder (root=0x5555556dfa90) at splay.cpp:254
#11 0x0000555555557abd in InOrder (root=0x5555555d25f0) at splay.cpp:252
#12 0x0000555555557b0d in InOrder (root=0x5555556b8330) at splay.cpp:254
#13 0x0000555555557abd in InOrder (root=0x555555655150) at splay.cpp:252
#14 0x0000555555557abd in InOrder (root=0x5555557e6290) at splay.cpp:252
#15 0x0000555555557b0d in InOrder (root=0x5555555cd7b0) at splay.cpp:254
#16 0x0000555555557abd in InOrder (root=0x5555558363d0) at splay.cpp:252
#17 0x0000555555557abd in InOrder (root=0x5555557a6f70) at splay.cpp:252
#18 0x0000555555557b0d in InOrder (root=0x555555817dd0) at splay.cpp:254
#19 0x0000555555557b0d in InOrder (root=0x555555872770) at splay.cpp:254
#20 0x0000555555557abd in InOrder (root=0x555555638f70) at splay.cpp:252
#21 0x0000555555557abd in InOrder (root=0x555555879b90) at splay.cpp:252
#22 0x0000555555557abd in InOrder (root=0x55555587a4d0) at splay.cpp:252
#23 0x0000555555557b0d in InOrder (root=0x55555572c6b0) at splay.cpp:254
#24 0x0000555555557abd in InOrder (root=0x555555815bf0) at splay.cpp:252
#25 0x0000555555557abd in InOrder (root=0x555555870250) at splay.cpp:252
#26 0x0000555555557b0d in InOrder (root=0x55555587a890) at splay.cpp:254
#27 0x0000555555557abd in InOrder (root=0x5555557a73b0) at splay.cpp:252
#28 0x0000555555557b0d in InOrder (root=0x55555562e510) at splay.cpp:254
#29 0x0000555555557abd in InOrder (root=0x55555560ac10) at splay.cpp:252
#30 0x0000555555557b0d in InOrder (root=0x55555587d9b0) at splay.cpp:254
#31 0x0000555555557b0d in InOrder (root=0x555555794190) at splay.cpp:254
#32 0x0000555555557b0d in InOrder (root=0x555555771bf0) at splay.cpp:254
#33 0x0000555555557b0d in InOrder (root=0x55555587dad0) at splay.cpp:254
#34 0x0000555555557abd in InOrder (root=0x55555587d8d0) at splay.cpp:252
#35 0x0000555555557b0d in InOrder (root=0x5555557cfed0) at splay.cpp:254
#36 0x0000555555557b0d in InOrder (root=0x555555774190) at splay.cpp:254
#37 0x0000555555557b0d in InOrder (root=0x555555774870) at splay.cpp:254
#38 0x0000555555557abd in InOrder (root=0x55555587dcb0) at splay.cpp:252
#39 0x0000555555557b0d in InOrder (root=0x555555693810) at splay.cpp:254
#40 0x0000555555557b0d in InOrder (root=0x555555634c10) at splay.cpp:254
#41 0x0000555555557b0d in InOrder (root=0x55555587dcd0) at splay.cpp:254
#42 0x00005555555564fe in main (argc=3, argv=0x7fffffffdfb8) at main.cpp:35

21	in ../sysdeps/unix/sysv/linux/write.c

Backtrace END
Fliping a bit of the value pointed by a pointer
Fliping a bit of the value pointed by a pointer
Memory content before bitflip:0x2f
Fault Model: Random bit-flip
base address to flip value: 0x7fffffffe306 
address max offset: 1
Memory content after  bitflip:0xf5
frame name: main
symbol name: argv
symbol filename: main.cpp
symbol line: 14
value: 0x7fffffffdfb8
value address: 0x7fffffffdc30
Type: The type is a pointer.
Type sizeof: 8

[INFO -- 2018-12-01 07:09:55]
Fault Injection Successful after 0.763514518737793s
[INFO -- 2018-12-01 07:09:55]
event type: exit
[INFO -- 2018-12-01 07:09:55]
exit code: 0
