[INFO -- 2018-10-12 01:34:56]
sending 5 signals using command: 'killall -2 main' after 1.67561444579s
[INFO -- 2018-10-12 01:34:56]
sending 5 signals using command: 'killall -2 main' after 1.81138827234s
[INFO -- 2018-10-12 01:34:56]
sending 5 signals using command: 'killall -2 main' after 1.83304220252s
[INFO -- 2018-10-12 01:34:57]
Starting GDB script
[INFO -- 2018-10-12 01:34:57]
initSignal:0.0
[INFO -- 2018-10-12 01:34:57]
endSignal:2.0
[INFO -- 2018-10-12 01:34:57]
sending 5 signals using command: 'killall -2 main' after 0.184061576731s
[INFO -- 2018-10-12 01:34:58]
sending 5 signals using command: 'killall -2 main' after 1.0918746478s
[INFO -- 2018-10-12 01:34:58]
sending 5 signals using command: 'killall -2 main' after 1.55407215553s
[INFO -- 2018-10-12 01:34:58]
Execution finished before waitTime
