[INFO -- 2018-12-01 05:07:04]
Starting flip_value script
version: 1.1
[INFO -- 2018-12-01 05:07:04]
Initialization strings:
[INFO -- 2018-12-01 05:07:04]
(1) file /tmp/splay/main
[INFO -- 2018-12-01 05:07:04]
(2) set args /tmp/splay/input_100000 /tmp/splay/output_100000
[INFO -- 2018-12-01 05:07:04]
initSignal:0
[INFO -- 2018-12-01 05:07:04]
endSignal:5
[INFO -- 2018-12-01 05:07:04]
faultModel:2
[EXCEPTION -- 2018-12-01 05:07:05]
pythonException: Unable to exit loop in struct fields; Exiting wihtout making a bit flip
[INFO -- 2018-12-01 05:07:05]
Backtrace BEGIN:
#0  Splay (key=1250690, root=0x5555555f3ad0) at splay.cpp:60
#1  0x0000555555557916 in Insert (key=1250690, root=0x55555579d690) at splay.cpp:145
#2  0x00005555555564bb in main (argc=3, argv=0x7fffffffdfb8) at main.cpp:31

55		 The zig/zag mode would only happen when cannot find key and will reach
56		 null on one side after RR or LL Rotation.
57		 */
58		while(1)
59		{
60			if(key < root->key)
61			{
62				if(!root->lchild)
63					break;
64				if(key < root->lchild->key)

Backtrace END
Fliping a bit of the value pointed by a pointer
Fliping value of field: rchild
Fliping a bit of the pointer
Memory content before bitflip:0x000x000x000x000x000x000x000x00
Fault Model: Random bit-flip
base address to flip value: 0x555555596020
address max offset: 8
Memory content after  bitflip:0xac0x650x1e0x570x600xb00x7c0xde
frame name: Splay
symbol name: LeftTreeMax
symbol filename: splay.cpp
symbol line: 50
value: 0x555555596010
value address: 0x7fffffffdbd0
Type: The type is a pointer.
Type sizeof: 8

[INFO -- 2018-12-01 05:07:05]
Fault Injection Successful after 1.0788426399230957s
[INFO -- 2018-12-01 05:07:05]
event type: exit
[INFO -- 2018-12-01 05:07:05]
exit code: 0
