[INFO -- 2018-10-16 19:33:42]
Starting flip_value script
version: 1.1
[INFO -- 2018-10-16 19:33:42]
Initialization strings:
[INFO -- 2018-10-16 19:33:42]
(1) file /tmp/RBTree/main
[INFO -- 2018-10-16 19:33:42]
(2) set args  /tmp/RBTree/input_ /tmp/RBTree/output_
[INFO -- 2018-10-16 19:33:42]
initSignal:0
[INFO -- 2018-10-16 19:33:42]
endSignal:2
[INFO -- 2018-10-16 19:33:42]
faultModel:4
[EXCEPTION -- 2018-10-16 19:33:42]
gdbException: Tentativo de desreferenciar um ponteiro genérico.
[INFO -- 2018-10-16 19:33:42]
Backtrace BEGIN:
#0  0x0000555555555f0d in std::istream_iterator<int, char, std::char_traits<char>, long>::_M_equal (this=0x7fffffffdac0, __x=...) at /usr/include/c++/7/bits/stream_iterator.h:112
#1  0x0000555555555da3 in std::operator!=<int, char, std::char_traits<char>, long> (__x=..., __y=...) at /usr/include/c++/7/bits/stream_iterator.h:139
#2  0x0000555555555cd3 in std::vector<int, std::allocator<int> >::_M_range_initialize<std::istream_iterator<int, char, std::char_traits<char>, long> > (this=0x7fffffffdc10, __first=..., __last=...) at /usr/include/c++/7/bits/stl_vector.h:1308
#3  0x0000555555555bd4 in std::vector<int, std::allocator<int> >::_M_initialize_dispatch<std::istream_iterator<int, char, std::char_traits<char>, long> > (this=0x7fffffffdc10, __first=..., __last=...) at /usr/include/c++/7/bits/stl_vector.h:1299
#4  0x0000555555555949 in std::vector<int, std::allocator<int> >::vector<std::istream_iterator<int, char, std::char_traits<char>, long>, void> (this=0x7fffffffdc10, __first=..., __last=..., __a=...) at /usr/include/c++/7/bits/stl_vector.h:414
#5  0x000055555555558c in main (argc=3, argv=0x7fffffffdf38) at main.cpp:32

107		return __tmp;
108	      }
109	
110	      bool
111	      _M_equal(const istream_iterator& __x) const
112	      { return (_M_ok == __x._M_ok) && (!_M_ok || _M_stream == __x._M_stream); }
113	
114	    private:
115	      void
116	      _M_read()

Backtrace END
Fliping value of field: _M_stream
Fliping a bit of the pointer
Memory content before bitflip:0x000x000x000x000x000x000x000x00
Fault Model: LSB bit-flip
base address to flip value: 0x7fffffffdbe0
address max offset: 8
Memory content after  bitflip:0x000x000x000x000x000x000x000x80
frame name: main
symbol name: end
symbol filename: main.cpp
symbol line: 31
value: {<std::iterator<std::input_iterator_tag, int, long, int const*, int const&>> = {<No data fields>}, _M_stream = 0x8000000000000000, _M_value = 0, _M_ok = false}
value address: 0x7fffffffdbe0
Type: The type is a structure.
Type sizeof: 16
Field name: std::iterator<std::input_iterator_tag, int, long, int const*, int const&>
Field Type: The type is a structure.
Field Type sizeof: 1
Field name: _M_stream
Field Type: The type is a pointer.
Field Type sizeof: 8
Field name: _M_value
Field Type: The type is an integer type.
Field Type sizeof: 4
Field name: _M_ok
Field Type: A boolean type.
Field Type sizeof: 1

[INFO -- 2018-10-16 19:33:42]
Fault Injection Successful after 0.6381502151489258s
[INFO -- 2018-10-16 19:33:42]
event type: exit
[INFO -- 2018-10-16 19:33:42]
exit code: 0
