[INFO -- 2018-10-12 06:55:23]
Starting flip_value script
version: 1.1
[INFO -- 2018-10-12 06:55:23]
Initialization strings:
[INFO -- 2018-10-12 06:55:23]
(1) file /tmp/BTree/main
[INFO -- 2018-10-12 06:55:23]
(2)  set args /tmp/BTree/input_100000 /tmp/BTree/output_100000
[INFO -- 2018-10-12 06:55:23]
initSignal:0
[INFO -- 2018-10-12 06:55:23]
endSignal:2
[INFO -- 2018-10-12 06:55:23]
faultModel:2
[EXCEPTION -- 2018-10-12 06:55:23]
gdbException: Tentativo de desreferenciar um ponteiro genérico.
[INFO -- 2018-10-12 06:55:23]
event type: exit
[INFO -- 2018-10-12 06:55:23]
exit code: 0
