[INFO -- 2018-10-16 20:53:13]
Starting flip_value script
version: 1.1
[INFO -- 2018-10-16 20:53:13]
Initialization strings:
[INFO -- 2018-10-16 20:53:13]
(1) file /tmp/RBTree/main
[INFO -- 2018-10-16 20:53:13]
(2) set args  /tmp/RBTree/input_ /tmp/RBTree/output_
[INFO -- 2018-10-16 20:53:13]
initSignal:0
[INFO -- 2018-10-16 20:53:13]
endSignal:2
[INFO -- 2018-10-16 20:53:13]
faultModel:4
[INFO -- 2018-10-16 20:53:13]
Backtrace BEGIN:
#0  dl_main (phdr=<optimized out>, phnum=<optimized out>, user_entry=<optimized out>, auxv=<optimized out>) at rtld.c:2289
#1  0x00007ffff7defdd0 in _dl_sysdep_start (start_argptr=start_argptr@entry=0x7fffffffdf30, dl_main=dl_main@entry=0x7ffff7dd7660 <dl_main>) at ../elf/dl-sysdep.c:253
#2  0x00007ffff7dd7128 in _dl_start_final (arg=0x7fffffffdf30) at rtld.c:414
#3  _dl_start (arg=0x7fffffffdf30) at rtld.c:521
#4  0x00007ffff7dd6098 in _start () from /lib64/ld-linux-x86-64.so.2
#5  0x0000000000000003 in ?? ()
#6  0x00007fffffffe2a4 in ?? ()
#7  0x00007fffffffe2b5 in ?? ()
#8  0x00007fffffffe2c8 in ?? ()
#9  0x0000000000000000 in ?? ()

2284	rtld.c: Arquivo ou diretório inexistente.

Backtrace END
Memory content before bitflip:0x030x000x000x00
Fault Model: LSB bit-flip
base address to flip value: 0x7ffff7ffc748 
address max offset: 4
Memory content after  bitflip:0x030x000x000x01
frame name: _dl_start
symbol name: _dl_argc
symbol filename: rtld.c
symbol line: 82
value: 16777219
value address: 0x7ffff7ffc748 <_dl_argc>
Type: The type is an integer type.
Type sizeof: 4

[INFO -- 2018-10-16 20:53:13]
Fault Injection Successful after 0.91562819480896s
[INFO -- 2018-10-16 20:53:14]
event type: exit
[INFO -- 2018-10-16 20:53:14]
exit code: 0
