[INFO -- 2018-10-12 00:08:28]
Starting flip_value script
version: 1.1
[INFO -- 2018-10-12 00:08:28]
Initialization strings:
[INFO -- 2018-10-12 00:08:28]
(1) file /tmp/BTree/main
[INFO -- 2018-10-12 00:08:28]
(2)  set args /tmp/BTree/input_100000 /tmp/BTree/output_100000
[INFO -- 2018-10-12 00:08:28]
initSignal:0
[INFO -- 2018-10-12 00:08:28]
endSignal:2
[INFO -- 2018-10-12 00:08:28]
faultModel:2
[INFO -- 2018-10-12 00:08:28]
Backtrace BEGIN:
#0  BTreeNode::insertNonFull (this=0x555555a416c0, k=3107199) at BTree.cpp:522
#1  0x00005555555560d9 in BTreeNode::insertNonFull (this=0x5555558abb80, k=3107199) at BTree.cpp:533
#2  0x00005555555560d9 in BTreeNode::insertNonFull (this=0x555555794ee0, k=3107199) at BTree.cpp:533
#3  0x00005555555560d9 in BTreeNode::insertNonFull (this=0x55555579ea20, k=3107199) at BTree.cpp:533
#4  0x00005555555560d9 in BTreeNode::insertNonFull (this=0x555555a27290, k=3107199) at BTree.cpp:533
#5  0x00005555555560d9 in BTreeNode::insertNonFull (this=0x555555a273b0, k=3107199) at BTree.cpp:533
#6  0x00005555555560d9 in BTreeNode::insertNonFull (this=0x555555a27320, k=3107199) at BTree.cpp:533
#7  0x0000555555555f18 in BTree::insert (this=0x7fffffffddc0, k=3107199) at BTree.cpp:487
#8  0x0000555555556601 in main (argc=3, argv=0x7fffffffded8) at BTree.cpp:665

517			// Find the child which is going to have the new key
518			while (i >= 0 && keys[i] > k)
519				i--;
520	
521			// See if the found child is full
522			if (C[i+1]->n == 2*t-1)
523			{
524				// If the child is full, then split it
525				splitChild(i+1, C[i+1]);
526	

Backtrace END
Fliping a bit of the pointer
Memory content before bitflip:0xb00x730xa20x550x550x550x000x00
Fault Model: Random bit-flip
base address to flip value: 0x7fffffffdd08
address max offset: 8
Memory content after  bitflip:0x280x5a0x1a0xea0x620xb30x3c0xf7
frame name: BTreeNode::insertNonFull
symbol name: this
symbol filename: BTree.cpp
symbol line: 0
value: 0x555555a273b0
value address: 0x7fffffffdd08
Type: The type is a pointer.
Type sizeof: 8

[INFO -- 2018-10-12 00:08:28]
Fault Injection Successful after 0.7513337135314941s
[INFO -- 2018-10-12 00:08:29]
event type: exit
[INFO -- 2018-10-12 00:08:29]
exit code: 0
