[INFO -- 2018-11-30 20:06:12]
sending 5 signals using command: 'killall -2 main' after 2.06867030988s
[INFO -- 2018-11-30 20:06:14]
sending 5 signals using command: 'killall -2 main' after 4.33123930692s
[INFO -- 2018-11-30 20:06:15]
sending 5 signals using command: 'killall -2 main' after 4.81573997336s
[INFO -- 2018-11-30 20:06:15]
Starting GDB script
[INFO -- 2018-11-30 20:06:15]
initSignal:0.0
[INFO -- 2018-11-30 20:06:15]
endSignal:5.0
[INFO -- 2018-11-30 20:06:15]
sending 5 signals using command: 'killall -2 main' after 0.126996695888s
[INFO -- 2018-11-30 20:06:15]
sending 5 signals using command: 'killall -2 main' after 0.158207502014s
[INFO -- 2018-11-30 20:06:16]
sending 5 signals using command: 'killall -2 main' after 1.39936855355s
[INFO -- 2018-11-30 20:06:17]
Execution finished before waitTime
