[INFO -- 2018-12-09 01:19:36]
Starting flip_value script
version: 1.1
[INFO -- 2018-12-09 01:19:36]
Initialization strings:
[INFO -- 2018-12-09 01:19:36]
(1) file /tmp/Tree234/main
[INFO -- 2018-12-09 01:19:36]
(2) set args /tmp/Tree234/input_50000 /tmp/Tree234/output_50000
[INFO -- 2018-12-09 01:19:36]
initSignal:0
[INFO -- 2018-12-09 01:19:36]
endSignal:2
[INFO -- 2018-12-09 01:19:36]
faultModel:2
[INFO -- 2018-12-09 01:19:37]
Backtrace BEGIN:
#0  0x00007ffff734f040 in __open_nocancel () at ../sysdeps/unix/syscall-template.S:84
#1  0x00007ffff72d1ace in __GI__IO_file_open (fp=fp@entry=0x7ffff761d620 <_IO_2_1_stdout_>, filename=<optimized out>, posix_mode=<optimized out>, prot=prot@entry=438, read_write=4, is32not64=is32not64@entry=1) at fileops.c:221
#2  0x00007ffff72d1d35 in _IO_new_file_fopen (fp=fp@entry=0x7ffff761d620 <_IO_2_1_stdout_>, filename=filename@entry=0x7fffffffe28a "/tmp/Tree234/output_50000", mode=<optimized out>, mode@entry=0x403a50 "w", is32not64=is32not64@entry=1) at fileops.c:328
#3  0x00007ffff72cdd85 in freopen (filename=0x7fffffffe28a "/tmp/Tree234/output_50000", mode=0x403a50 "w", fp=0x7ffff761d620 <_IO_2_1_stdout_>) at freopen.c:69
#4  0x0000000000402585 in main ()

79	in ../sysdeps/unix/syscall-template.S

Backtrace END
Fliping value of field: __dummy
Memory content before bitflip:0x000x000x000x000x000x000x000x00
Fault Model: Random bit-flip
base address to flip value: 0x7ffff761b560 
address max offset: 8
Memory content after  bitflip:0x060x520x140x8f0xb20x110x170xc7
frame name: __GI__IO_file_open
symbol name: _IO_file_jumps_maybe_mmap
symbol filename: fileops.c
symbol line: 1586
value: {__dummy = 14345954596614328838, __dummy2 = 0, __finish = 0x7ffff72d19c0 <_IO_new_file_finish>, __overflow = 0x7ffff72d2730 <_IO_new_file_overflow>, __underflow = 0x7ffff72d14a0 <_IO_file_underflow_maybe_mmap>, __uflow = 0x7ffff72d3600 <__GI__IO_default_uflow>, __pbackfail = 0x7ffff72d4980 <__GI__IO_default_pbackfail>, __xsputn = 0x7ffff72d11e0 <_IO_new_file_xsputn>, __xsgetn = 0x7ffff72d09e0 <_IO_file_xsgetn_maybe_mmap>, __seekoff = 0x7ffff72d0310 <_IO_file_seekoff_maybe_mmap>, __seekpos = 0x7ffff72d3a00 <_IO_default_seekpos>, __setbuf = 0x7ffff72d0460 <_IO_file_setbuf_mmap>, __sync = 0x7ffff72d0370 <_IO_new_file_sync>, __doallocate = 0x7ffff72c5180 <__GI__IO_file_doallocate>, __read = 0x7ffff72d11a0 <__GI__IO_file_read>, __write = 0x7ffff72d0b70 <_IO_new_file_write>, __seek = 0x7ffff72d0970 <__GI__IO_file_seek>, __close = 0x7ffff72d0340 <__GI__IO_file_close>, __stat = 0x7ffff72d0b60 <__GI__IO_file_stat>, __showmanyc = 0x7ffff72d4af0 <_IO_default_showmanyc>, __imbue = 0x7ffff72d4b00 <_IO_default_imbue>}
value address: 0x7ffff761b560 <_IO_file_jumps_maybe_mmap>
Type: The type is a structure.
Type sizeof: 168
Field name: __dummy
Field Type: The type is an integer type.
Field Type sizeof: 8
Field name: __dummy2
Field Type: The type is an integer type.
Field Type sizeof: 8
Field name: __finish
Field Type: The type is a pointer.
Field Type sizeof: 8
Field name: __overflow
Field Type: The type is a pointer.
Field Type sizeof: 8
Field name: __underflow
Field Type: The type is a pointer.
Field Type sizeof: 8
Field name: __uflow
Field Type: The type is a pointer.
Field Type sizeof: 8
Field name: __pbackfail
Field Type: The type is a pointer.
Field Type sizeof: 8
Field name: __xsputn
Field Type: The type is a pointer.
Field Type sizeof: 8
Field name: __xsgetn
Field Type: The type is a pointer.
Field Type sizeof: 8
Field name: __seekoff
Field Type: The type is a pointer.
Field Type sizeof: 8
Field name: __seekpos
Field Type: The type is a pointer.
Field Type sizeof: 8
Field name: __setbuf
Field Type: The type is a pointer.
Field Type sizeof: 8
Field name: __sync
Field Type: The type is a pointer.
Field Type sizeof: 8
Field name: __doallocate
Field Type: The type is a pointer.
Field Type sizeof: 8
Field name: __read
Field Type: The type is a pointer.
Field Type sizeof: 8
Field name: __write
Field Type: The type is a pointer.
Field Type sizeof: 8
Field name: __seek
Field Type: The type is a pointer.
Field Type sizeof: 8
Field name: __close
Field Type: The type is a pointer.
Field Type sizeof: 8
Field name: __stat
Field Type: The type is a pointer.
Field Type sizeof: 8
Field name: __showmanyc
Field Type: The type is a pointer.
Field Type sizeof: 8
Field name: __imbue
Field Type: The type is a pointer.
Field Type sizeof: 8

[INFO -- 2018-12-09 01:19:37]
Fault Injection Successful after 1.3982110023498535s
[INFO -- 2018-12-09 01:19:37]
event type: exit
[INFO -- 2018-12-09 01:19:37]
exit code: 0
