[INFO -- 2018-10-12 00:38:19]
Starting flip_value script
version: 1.1
[INFO -- 2018-10-12 00:38:19]
Initialization strings:
[INFO -- 2018-10-12 00:38:19]
(1) file /tmp/BTree/main
[INFO -- 2018-10-12 00:38:19]
(2)  set args /tmp/BTree/input_100000 /tmp/BTree/output_100000
[INFO -- 2018-10-12 00:38:19]
initSignal:0
[INFO -- 2018-10-12 00:38:19]
endSignal:2
[INFO -- 2018-10-12 00:38:19]
faultModel:4
[INFO -- 2018-10-12 00:38:19]
Backtrace BEGIN:
#0  0x000055555555604d in BTreeNode::insertNonFull (this=0x5555558da200, k=2235974) at BTree.cpp:522
#1  0x00005555555560d9 in BTreeNode::insertNonFull (this=0x555555895f50, k=2235974) at BTree.cpp:533
#2  0x00005555555560d9 in BTreeNode::insertNonFull (this=0x555555896730, k=2235974) at BTree.cpp:533
#3  0x00005555555560d9 in BTreeNode::insertNonFull (this=0x555555830250, k=2235974) at BTree.cpp:533
#4  0x00005555555560d9 in BTreeNode::insertNonFull (this=0x5555558ee8d0, k=2235974) at BTree.cpp:533
#5  0x00005555555560d9 in BTreeNode::insertNonFull (this=0x5555558eea80, k=2235974) at BTree.cpp:533
#6  0x00005555555560d9 in BTreeNode::insertNonFull (this=0x555555812430, k=2235974) at BTree.cpp:533
#7  0x0000555555555f18 in BTree::insert (this=0x7fffffffddc0, k=2235974) at BTree.cpp:487
#8  0x0000555555556601 in main (argc=3, argv=0x7fffffffded8) at BTree.cpp:665

517			// Find the child which is going to have the new key
518			while (i >= 0 && keys[i] > k)
519				i--;
520	
521			// See if the found child is full
522			if (C[i+1]->n == 2*t-1)
523			{
524				// If the child is full, then split it
525				splitChild(i+1, C[i+1]);
526	

Backtrace END
Memory content before bitflip:0x460x1e0x220x00
Fault Model: LSB bit-flip
base address to flip value: 0x7fffffffdd34
address max offset: 4
Memory content after  bitflip:0x460x1e0x220x02
frame name: BTreeNode::insertNonFull
symbol name: k
symbol filename: BTree.cpp
symbol line: 494
value: 35790406
value address: 0x7fffffffdd34
Type: The type is an integer type.
Type sizeof: 4

[INFO -- 2018-10-12 00:38:19]
Fault Injection Successful after 0.6918785572052002s
[INFO -- 2018-10-12 00:38:19]
event type: exit
[INFO -- 2018-10-12 00:38:19]
exit code: 0
