[INFO -- 2018-10-11 23:49:52]
Starting flip_value script
version: 1.1
[INFO -- 2018-10-11 23:49:52]
Initialization strings:
[INFO -- 2018-10-11 23:49:52]
(1) file /tmp/BTree/main
[INFO -- 2018-10-11 23:49:52]
(2)  set args /tmp/BTree/input_100000 /tmp/BTree/output_100000
[INFO -- 2018-10-11 23:49:52]
initSignal:0
[INFO -- 2018-10-11 23:49:52]
endSignal:2
[INFO -- 2018-10-11 23:49:52]
faultModel:2
[INFO -- 2018-10-11 23:49:53]
Backtrace BEGIN:
#0  0x000055555555611b in BTreeNode::splitChild (this=0x555555804180, i=3, y=0x5555558172f0) at BTree.cpp:543
#1  0x000055555555608d in BTreeNode::insertNonFull (this=0x555555804180, k=4421396) at BTree.cpp:525
#2  0x00005555555560d9 in BTreeNode::insertNonFull (this=0x5555557f28d0, k=4421396) at BTree.cpp:533
#3  0x00005555555560d9 in BTreeNode::insertNonFull (this=0x55555583dc00, k=4421396) at BTree.cpp:533
#4  0x00005555555560d9 in BTreeNode::insertNonFull (this=0x55555579e900, k=4421396) at BTree.cpp:533
#5  0x00005555555560d9 in BTreeNode::insertNonFull (this=0x5555557e10b0, k=4421396) at BTree.cpp:533
#6  0x00005555555560d9 in BTreeNode::insertNonFull (this=0x5555558124c0, k=4421396) at BTree.cpp:533
#7  0x00005555555560d9 in BTreeNode::insertNonFull (this=0x555555812430, k=4421396) at BTree.cpp:533
#8  0x0000555555555f18 in BTree::insert (this=0x7fffffffddc0, k=4421396) at BTree.cpp:487
#9  0x0000555555556601 in main (argc=3, argv=0x7fffffffded8) at BTree.cpp:665

538	// Note that y must be full when this function is called
539	void BTreeNode::splitChild(int i, BTreeNode *y)
540	{
541		// Create a new node which is going to store (t-1) keys
542		// of y
543		BTreeNode *z = new BTreeNode(y->t, y->leaf);
544		z->n = t - 1;
545	
546		// Copy the last (t-1) keys of y to z
547		for (int j = 0; j < t-1; j++)

Backtrace END
Memory content before bitflip:0x140x770x430x00
Fault Model: Random bit-flip
base address to flip value: 0x7fffffffdc44
address max offset: 4
Memory content after  bitflip:0x7a0x9c0xe90x7a
frame name: BTreeNode::insertNonFull
symbol name: k
symbol filename: BTree.cpp
symbol line: 494
value: 2062130298
value address: 0x7fffffffdc44
Type: The type is an integer type.
Type sizeof: 4

[INFO -- 2018-10-11 23:49:53]
Fault Injection Successful after 1.1505703926086426s
[INFO -- 2018-10-11 23:49:53]
event type: exit
[INFO -- 2018-10-11 23:49:53]
exit code: 0
