[INFO -- 2018-10-12 03:06:41]
sending 5 signals using command: 'killall -2 main' after 1.64963788308s
[INFO -- 2018-10-12 03:06:42]
sending 5 signals using command: 'killall -2 main' after 1.83668509895s
[INFO -- 2018-10-12 03:06:42]
sending 5 signals using command: 'killall -2 main' after 1.99528687034s
[INFO -- 2018-10-12 03:06:42]
Starting GDB script
[INFO -- 2018-10-12 03:06:42]
initSignal:0.0
[INFO -- 2018-10-12 03:06:42]
endSignal:2.0
[INFO -- 2018-10-12 03:06:42]
sending 5 signals using command: 'killall -2 main' after 0.273401097612s
[INFO -- 2018-10-12 03:06:42]
sending 5 signals using command: 'killall -2 main' after 0.338521095501s
[INFO -- 2018-10-12 03:06:42]
sending 5 signals using command: 'killall -2 main' after 0.348852079883s
[INFO -- 2018-10-12 03:06:43]
Execution finished before waitTime
