[INFO -- 2018-11-25 16:15:43]
Starting flip_value script
version: 1.1
[INFO -- 2018-11-25 16:15:43]
Initialization strings:
[INFO -- 2018-11-25 16:15:43]
(1) file /tmp/BTree-dup/main
[INFO -- 2018-11-25 16:15:43]
(2)  set args /tmp/BTree-dup/input_100000 /tmp/BTree-dup/output_100000 /tmp/BTree-dup-detection.log /tmp/BTree-dup/output2_100000
[INFO -- 2018-11-25 16:15:43]
initSignal:0
[INFO -- 2018-11-25 16:15:43]
endSignal:2
[INFO -- 2018-11-25 16:15:43]
faultModel:2
[INFO -- 2018-11-25 16:15:44]
Backtrace BEGIN:
#0  0x00005555555565ad in BTreeNode::insertNonFull (this=0x5555559f2580, k=278842) at BTree_dup.cpp:524
#1  0x0000555555556639 in BTreeNode::insertNonFull (this=0x5555559084f0, k=278842) at BTree_dup.cpp:535
#2  0x0000555555556639 in BTreeNode::insertNonFull (this=0x5555559c1290, k=278842) at BTree_dup.cpp:535
#3  0x0000555555556639 in BTreeNode::insertNonFull (this=0x5555558e0830, k=278842) at BTree_dup.cpp:535
#4  0x0000555555556639 in BTreeNode::insertNonFull (this=0x5555559bf160, k=278842) at BTree_dup.cpp:535
#5  0x0000555555556639 in BTreeNode::insertNonFull (this=0x5555557a21a0, k=278842) at BTree_dup.cpp:535
#6  0x0000555555556639 in BTreeNode::insertNonFull (this=0x555555815c40, k=278842) at BTree_dup.cpp:535
#7  0x0000555555556639 in BTreeNode::insertNonFull (this=0x555555a2ab30, k=278842) at BTree_dup.cpp:535
#8  0x0000555555556478 in BTree::insert (this=0x7fffffffda50, k=278842) at BTree_dup.cpp:489
#9  0x0000555555556c25 in runner (input=0x7fffffffe22a "/tmp/BTree-dup/input_100000") at BTree_dup.cpp:664
#10 0x0000555555556f51 in main (argc=5, argv=0x7fffffffde68) at BTree_dup.cpp:711

519			// Find the child which is going to have the new key
520			while (i >= 0 && keys[i] > k)
521				i--;
522	
523			// See if the found child is full
524			if (C[i+1]->n == 2*t-1)
525			{
526				// If the child is full, then split it
527				splitChild(i+1, C[i+1]);
528	

Backtrace END
Memory content before bitflip:0x000x000x000x00
Fault Model: Random bit-flip
base address to flip value: 0x7fffffffd91c
address max offset: 4
Memory content after  bitflip:0xe90x310xa70x3c
frame name: BTreeNode::insertNonFull
symbol name: i
symbol filename: BTree_dup.cpp
symbol line: 499
value: 1017590249
value address: 0x7fffffffd91c
Type: The type is an integer type.
Type sizeof: 4

[INFO -- 2018-11-25 16:15:44]
Fault Injection Successful after 1.283128261566162s
[INFO -- 2018-11-25 16:15:45]
event type: exit
[INFO -- 2018-11-25 16:15:45]
exit code: 0
