[INFO -- 2018-12-01 04:49:21]
Starting flip_value script
version: 1.1
[INFO -- 2018-12-01 04:49:21]
Initialization strings:
[INFO -- 2018-12-01 04:49:21]
(1) file /tmp/splay/main
[INFO -- 2018-12-01 04:49:21]
(2) set args /tmp/splay/input_100000 /tmp/splay/output_100000
[INFO -- 2018-12-01 04:49:21]
initSignal:0
[INFO -- 2018-12-01 04:49:21]
endSignal:5
[INFO -- 2018-12-01 04:49:21]
faultModel:3
[EXCEPTION -- 2018-12-01 04:49:22]
pythonException: Unable to exit loop in struct fields; Exiting wihtout making a bit flip
[INFO -- 2018-12-01 04:49:22]
Backtrace BEGIN:
#0  std::ctype<char>::widen (this=0x7ffff7fb70a0, __c=49 '1') at /usr/include/c++/8/bits/locale_facets.h:874
#1  0x0000555555557dc4 in std::operator<< <char, std::char_traits<char>, 16ul> (__os=..., __x=std::bitset = {...}) at /usr/include/c++/8/bitset:1542
#2  0x0000555555557ae8 in InOrder (root=0x55555563ded0) at splay.cpp:253
#3  0x0000555555557abd in InOrder (root=0x5555555d8d70) at splay.cpp:252
#4  0x0000555555557b0d in InOrder (root=0x555555678670) at splay.cpp:254
#5  0x0000555555557b0d in InOrder (root=0x5555555aa2d0) at splay.cpp:254
#6  0x0000555555557abd in InOrder (root=0x55555565ec30) at splay.cpp:252
#7  0x0000555555557abd in InOrder (root=0x555555756950) at splay.cpp:252
#8  0x0000555555557abd in InOrder (root=0x5555556b2a10) at splay.cpp:252
#9  0x0000555555557abd in InOrder (root=0x555555865170) at splay.cpp:252
#10 0x0000555555557abd in InOrder (root=0x555555637b90) at splay.cpp:252
#11 0x0000555555557abd in InOrder (root=0x555555871730) at splay.cpp:252
#12 0x0000555555557abd in InOrder (root=0x55555568ae50) at splay.cpp:252
#13 0x0000555555557b0d in InOrder (root=0x555555755c90) at splay.cpp:254
#14 0x0000555555557b0d in InOrder (root=0x55555587ab30) at splay.cpp:254
#15 0x0000555555557b0d in InOrder (root=0x5555557b22f0) at splay.cpp:254
#16 0x0000555555557b0d in InOrder (root=0x5555556804b0) at splay.cpp:254
#17 0x0000555555557abd in InOrder (root=0x55555587b7f0) at splay.cpp:252
#18 0x0000555555557abd in InOrder (root=0x55555587cc10) at splay.cpp:252
#19 0x0000555555557abd in InOrder (root=0x55555587d630) at splay.cpp:252
#20 0x0000555555557b0d in InOrder (root=0x5555555bde90) at splay.cpp:254
#21 0x0000555555557b0d in InOrder (root=0x55555587d810) at splay.cpp:254
#22 0x0000555555557b0d in InOrder (root=0x5555556accf0) at splay.cpp:254
#23 0x0000555555557b0d in InOrder (root=0x55555587dbd0) at splay.cpp:254
#24 0x0000555555557b0d in InOrder (root=0x55555568bd90) at splay.cpp:254
#25 0x0000555555557b0d in InOrder (root=0x55555587dcb0) at splay.cpp:254
#26 0x0000555555557b0d in InOrder (root=0x555555693810) at splay.cpp:254
#27 0x0000555555557b0d in InOrder (root=0x555555634c10) at splay.cpp:254
#28 0x0000555555557b0d in InOrder (root=0x55555587dcd0) at splay.cpp:254
#29 0x00005555555564fe in main (argc=3, argv=0x7fffffffdfb8) at main.cpp:35

869	       *  @return  The converted character.
870	      */
871	      char_type
872	      widen(char __c) const
873	      {
874		if (_M_widen_ok)
875		  return _M_widen[static_cast<unsigned char>(__c)];
876		this->_M_widen_init();
877		return this->do_widen(__c);
878	      }

Backtrace END
Fliping a bit of the value pointed by a pointer
Fliping value of field: lchild
Fliping a bit of the pointer
Memory content before bitflip:0x000x000x000x000x000x000x000x00
Fault Model: Zero bit-flip
base address to flip value: 0x55555563ded8
address max offset: 8
Memory content after  bitflip:0x000x000x000x000x000x000x000x00
frame name: InOrder
symbol name: root
symbol filename: splay.cpp
symbol line: 248
value: 0x55555563ded0
value address: 0x7fffffffd728
Type: The type is a pointer.
Type sizeof: 8

[INFO -- 2018-12-01 04:49:22]
Fault Injection Successful after 1.3089494705200195s
[INFO -- 2018-12-01 04:49:22]
event type: exit
[INFO -- 2018-12-01 04:49:22]
exit code: 0
