[10028]: 1010111100011101 1010111011111001
[10029]: 1010111100111110 1010111100011101
[10030]: 1011000001000010 1010111100111110
[10031]: 1011000010000110 1011000001000010
[10032]: 1011000010000111 1011000010000110
[10033]: 1011000010010101 1011000010000111
[10034]: 1011000100110010 1011000010010101
[10035]: 1011000110110010 1011000100110010
[10036]: 1011000111101101 1011000110110010
[10037]: 1011000111101110 1011000111101101
[10038]: 1011001000010000 1011000111101110
[10039]: 1011001001000000 1011001000010000
[10040]: 1011001001011000 1011001001000000
[10041]: 1011001010010011 1011001001011000
[10042]: 1011001010011100 1011001010010011
[10043]: 1011001100010100 1011001010011100
[10044]: 1011001100111100 1011001100010100
[10045]: 1011001101011100 1011001100111100
[10046]: 1011010001111001 1011001101011100
[10047]: 1011010010001110 1011010001111001
[10048]: 1011010011100000 1011010010001110
[10049]: 1011010011100110 1011010011100000
[10050]: 1011010011111110 1011010011100110
[10051]: 1011010100110000 1011010011111110
[10052]: 1011010101010000 1011010100110000
[10053]: 1011010101010011 1011010101010000
[10054]: 1011010110100110 1011010101010011
[10055]: 1011010110101110 1011010110100110
[10056]: 1011011000011001 1011010110101110
[10057]: 1011011001010001 1011011000011001
[10058]: 1011011010110110 1011011001010001
[10059]: 1011011010111010 1011011010110110
[10060]: 1011011011011000 1011011010111010
[10061]: 1011011011100001 1011011011011000
[10062]: 1011011011111110 1011011011100001
[10063]: 1011011100001001 1011011011111110
[10064]: 1011011100100111 1011011100001001
[10065]: 1011011101000100 1011011100100111
[10066]: 1011011110010111 1011011101000100
[10067]: 1011011111010101 1011011110010111
[10068]: 1011011111111111 1011011111010101
[10069]: 1011100000010001 1011011111111111
[10070]: 1011100000101110 1011100000010001
[10071]: 1011100001100111 1011100000101110
[10072]: 1011100010011100 1011100001100111
[10073]: 1011100100110010 1011100010011100
[10074]: 1011100111011010 1011100100110010
[10075]: 1011100111111100 1011100111011010
[10076]: 1011101000000010 1011100111111100
[10077]: 1011101000100000 1011101000000010
[10078]: 1011101000110001 1011101000100000
[10079]: 1011101011000110 1011101000110001
[10080]: 1011101011011010 1011101011000110
[10081]: 1011101100001111 1011101011011010
[10082]: 1011101100111110 1011101100001111
[10083]: 1011101101001001 1011101100111110
[10084]: 1011101101110001 1011101101001001
[10085]: 1011101111101010 1011101101110001
[10086]: 1011110000101000 1011101111101010
[10087]: 1011110010000111 1011110000101000
[10088]: 1011110100101000 1011110010000111
[10089]: 1011110100101010 1011110100101000
[10090]: 1011110101111000 1011110100101010
[10091]: 1011110101111010 1011110101111000
[10092]: 1011110110000000 1011110101111010
[10093]: 1011110110101011 1011110110000000
[10094]: 1011110110110110 1011110110101011
[10095]: 1011111001100111 1011110110110110
[10096]: 1011111001110000 1011111001100111
[10097]: 1011111001110110 1011111001110000
[10098]: 1011111011011000 1011111001110110
[10099]: 1011111011100111 1011111011011000
[10100]: 1011111011101100 1011111011100111
[10101]: 1011111011110100 1011111011101100
[10102]: 1011111110000001 1011111011110100
[10103]: 1011111110001000 1011111110000001
[10104]: 1011111110011100 1011111110001000
[10105]: 1011111110111110 1011111110011100
[10106]: 1100000000000101 1011111110111110
[10107]: 1100000001111010 1100000000000101
[10108]: 1100000010000110 1100000001111010
[10109]: 1100000011011110 1100000010000110
[10110]: 1100000110010000 1100000011011110
[10111]: 1100000111110001 1100000110010000
[10112]: 1100001001110010 1100000111110001
[10113]: 1100001001111110 1100001001110010
[10114]: 1100001010000001 1100001001111110
[10115]: 1100001100000001 1100001010000001
[10116]: 1100001101000111 1100001100000001
[10117]: 1100001101011000 1100001101000111
[10118]: 1100001101011010 1100001101011000
[10119]: 1100001111000000 1100001101011010
[10120]: 1100010000101010 1100001111000000
[10121]: 1100010000111011 1100010000101010
[10122]: 1100010001001000 1100010000111011
[10123]: 1100010001010000 1100010001001000
[10124]: 1100010001101011 1100010001010000
[10125]: 1100010010011110 1100010001101011
[10126]: 1100010010100011 1100010010011110
[10127]: 1100010010110010 1100010010100011
[10128]: 1100010010111000 1100010010110010
[10129]: 1100010101111000 1100010010111000
[10130]: 1100010110010000 1100010101111000
[10131]: 1100010110010010 1100010110010000
[10132]: 1100010111010110 1100010110010010
[10133]: 1100011001100111 1100010111010110
[10134]: 1100011001101110 1100011001100111
[10135]: 1100011010001110 1100011001101110
[10136]: 1100011011101100 1100011010001110
[10137]: 1100011100100100 1100011011101100
[10138]: 1100011101101101 1100011100100100
[10139]: 1100011110100000 1100011101101101
[10140]: 1100011110100011 1100011110100000
[10141]: 1100011111011010 1100011110100011
[10142]: 1100011111101011 1100011111011010
[10143]: 1100011111111011 1100011111101011
[10144]: 1100100000001101 1100011111111011
[10145]: 1100100000010111 1100100000001101
[10146]: 1100100000111011 1100100000010111
[10147]: 1100100000111100 1100100000111011
[10148]: 1100100001101001 1100100000111100
[10149]: 1100100010011110 1100100001101001
[10150]: 1100100010100000 1100100010011110
[10151]: 1100100010110111 1100100010100000
[10152]: 1100100100000100 1100100010110111
[10153]: 1100100100101001 1100100100000100
[10154]: 1100100101010100 1100100100101001
[10155]: 1100100101011011 1100100101010100
[10156]: 1100100111101101 1100100101011011
[10157]: 1100100111111011 1100100111101101
[10158]: 1100101001000101 1100100111111011
[10159]: 1100101001010100 1100101001000101
[10160]: 1100101001101100 1100101001010100
[10161]: 1100101001110101 1100101001101100
[10162]: 1100101010010110 1100101001110101
[10163]: 1100101011001000 1100101010010110
[10164]: 1100101011001001 1100101011001000
[10165]: 1100101011111010 1100101011001001
[10166]: 1100101100010111 1100101011111010
[10167]: 1100101100101100 1100101100010111
[10168]: 1100101101011111 1100101100101100
[10169]: 1100101101101101 1100101101011111
[10170]: 1100101110000100 1100101101101101
[10171]: 1100101110001000 1100101110000100
[10172]: 1100110000010000 1100101110001000
[10173]: 1100110011001010 1100110000010000
[10174]: 1100110011011111 1100110011001010
[10175]: 1100110100000101 1100110011011111
[10176]: 1100110100101001 1100110100000101
[10177]: 1100110101011101 1100110100101001
[10178]: 1100110110100010 1100110101011101
[10179]: 1100110111111011 1100110110100010
[10180]: 1100111000110011 1100110111111011
[10181]: 1100111010011100 1100111000110011
[10182]: 1100111011000011 1100111010011100
[10183]: 1100111011011110 1100111011000011
[10184]: 1100111101000001 1100111011011110
[10185]: 1100111101111101 1100111101000001
[10186]: 1100111110001010 1100111101111101
[10187]: 1100111110101011 1100111110001010
[10188]: 1100111110101101 1100111110101011
[10189]: 1100111110101111 1100111110101101
[10190]: 1100111111000011 1100111110101111
[10191]: 1101000001010101 1100111111000011
[10192]: 1101000001011110 1101000001010101
[10193]: 1101000001101010 1101000001011110
[10194]: 1101000011000001 1101000001101010
[10195]: 1101000011100101 1101000011000001
[10196]: 1101000011101110 1101000011100101
[10197]: 1101000100101010 1101000011101110
[10198]: 1101000101000111 1101000100101010
[10199]: 1101000111100111 1101000101000111
[10200]: 1101001000101001 1101000111100111
[10201]: 1101001000101100 1101001000101001
[10202]: 1101001001001110 1101001000101100
[10203]: 1101001001100111 1101001001001110
[10204]: 1101001001111100 1101001001100111
[10205]: 1101001011110111 1101001001111100
[10206]: 1101001100001010 1101001011110111
[10207]: 1101001101000001 1101001100001010
[10208]: 1101001101001110 1101001101000001
[10209]: 1101001110000101 1101001101001110
[10210]: 1101001110001110 1101001110000101
[10211]: 1101001111001111 1101001110001110
[10212]: 1101001111110010 1101001111001111
[10213]: 1101010000110011 1101001111110010
[10214]: 1101010000110110 1101010000110011
[10215]: 1101010010001011 1101010000110110
[10216]: 1101010010100110 1101010010001011
[10217]: 1101010010110100 1101010010100110
[10218]: 1101010011011011 1101010010110100
[10219]: 1101010101001011 1101010011011011
[10220]: 1101010101010000 1101010101001011
[10221]: 1101010110010000 1101010101010000
[10222]: 1101010110011010 1101010110010000
[10223]: 1101010111100100 1101010110011010
[10224]: 1101010111101100 1101010111100100
[10225]: 1101011000111101 1101010111101100
[10226]: 1101011001110111 1101011000111101
[10227]: 1101011010101000 1101011001110111
[10228]: 1101011010111001 1101011010101000
[10229]: 1101011011101010 1101011010111001
[10230]: 1101011100010100 1101011011101010
[10231]: 1101011100010110 1101011100010100
[10232]: 1101011101100011 1101011100010110
[10233]: 1101011110000001 1101011101100011
[10234]: 1101011110010101 1101011110000001
[10235]: 1101011110101010 1101011110010101
[10236]: 1101011111001001 1101011110101010
[10237]: 1101011111111110 1101011111001001
[10238]: 1101100000000011 1101011111111110
[10239]: 1101100000010110 1101100000000011
[10240]: 1101100000101011 1101100000010110
[10241]: 1101100001001101 1101100000101011
[10242]: 1101100001101100 1101100001001101
[10243]: 1101100010111000 1101100001101100
[10244]: 1101100011000000 1101100010111000
[10245]: 1101100011000111 1101100011000000
[10246]: 1101100011001101 1101100011000111
[10247]: 1101100011100001 1101100011001101
[10248]: 1101100100000011 1101100011100001
[10249]: 1101100110001011 1101100100000011
[10250]: 1101101000100101 1101100110001011
[10251]: 1101101000101001 1101101000100101
[10252]: 1101101000101110 1101101000101001
[10253]: 1101101001001010 1101101000101110
[10254]: 1101101010001100 1101101001001010
[10255]: 1101101011000011 1101101010001100
[10256]: 1101101011000111 1101101011000011
[10257]: 1101101011010100 1101101011000111
[10258]: 1101101100110011 1101101011010100
[10259]: 1101101101001101 1101101100110011
[10260]: 1101101101011110 1101101101001101
[10261]: 1101101110000001 1101101101011110
[10262]: 1101101110101000 1101101110000001
[10263]: 1101101111010011 1101101110101000
[10264]: 1101101111010101 1101101111010011
[10265]: 1101110000101111 1101101111010101
[10266]: 1101110001001100 1101110000101111
[10267]: 1101110001101000 1101110001001100
[10268]: 1101110001101010 1101110001101000
[10269]: 1101110010001110 1101110001101010
[10270]: 1101110010111010 1101110010001110
[10271]: 1101110011011101 1101110010111010
[10272]: 1101110100010111 1101110011011101
[10273]: 1101110101011000 1101110100010111
[10274]: 1101110101110001 1101110101011000
[10275]: 1101110101111011 1101110101110001
[10276]: 1101110110000111 1101110101111011
[10277]: 1101110111000000 1101110110000111
[10278]: 1101110111001101 1101110111000000
[10279]: 1101110111101111 1101110111001101
[10280]: 1101110111111101 1101110111101111
[10281]: 1101111000000001 1101110111111101
[10282]: 1101111000001011 1101111000000001
[10283]: 1101111000110111 1101111000001011
[10284]: 1101111010101111 1101111000110111
[10285]: 1101111100001100 1101111010101111
[10286]: 1101111100100110 1101111100001100
[10287]: 1101111100101001 1101111100100110
[10288]: 1101111101010100 1101111100101001
[10289]: 1101111110110110 1101111101010100
[10290]: 1101111111111001 1101111110110110
[10291]: 1110000000010011 1101111111111001
[10292]: 1110000000110010 1110000000010011
[10293]: 1110000010010000 1110000000110010
[10294]: 1110000010110111 1110000010010000
[10295]: 1110000011001001 1110000010110111
[10296]: 1110000101011000 1110000011001001
[10297]: 1110000110011010 1110000101011000
[10298]: 1110000110110000 1110000110011010
[10299]: 1110000110110100 1110000110110000
[10300]: 1110000111011011 1110000110110100
[10301]: 1110001001010010 1110000111011011
[10302]: 1110001001100111 1110001001010010
[10303]: 1110001001110011 1110001001100111
[10304]: 1110001010000000 1110001001110011
[10305]: 1110001010110101 1110001010000000
[10306]: 1110001010111001 1110001010110101
[10307]: 1110001010111010 1110001010111001
[10308]: 1110001010111100 1110001010111010
[10309]: 1110001011001000 1110001010111100
[10310]: 1110001011111110 1110001011001000
[10311]: 1110001100011101 1110001011111110
[10312]: 1110001100111010 1110001100011101
[10313]: 1110001110110011 1110001100111010
[10314]: 1110001111001101 1110001110110011
[10315]: 1110001111100110 1110001111001101
[10316]: 1110001111111011 1110001111100110
[10317]: 1110010000001101 1110001111111011
[10318]: 1110010000100000 1110010000001101
[10319]: 1110010000110010 1110010000100000
[10320]: 1110010001010100 1110010000110010
[10321]: 1110010001100100 1110010001010100
[10322]: 1110010001101101 1110010001100100
[10323]: 1110010010110110 1110010001101101
[10324]: 1110010011010111 1110010010110110
[10325]: 1110010011011110 1110010011010111
[10326]: 1110010011100001 1110010011011110
[10327]: 1110010011110010 1110010011100001
[10328]: 1110010100000101 1110010011110010
[10329]: 1110010100001111 1110010100000101
[10330]: 1110010100101001 1110010100001111
[10331]: 1110010100111010 1110010100101001
[10332]: 1110010100111100 1110010100111010
[10333]: 1110010101110101 1110010100111100
[10334]: 1110010101110110 1110010101110101
[10335]: 1110010101111000 1110010101110110
[10336]: 1110010110001001 1110010101111000
[10337]: 1110010110010101 1110010110001001
[10338]: 1110010110100011 1110010110010101
[10339]: 1110010110111010 1110010110100011
[10340]: 1110011000100011 1110010110111010
[10341]: 1110011000101101 1110011000100011
[10342]: 1110011001101011 1110011000101101
[10343]: 1110011011110100 1110011001101011
[10344]: 1110011101100010 1110011011110100
[10345]: 1110011101101011 1110011101100010
[10346]: 1110011110000100 1110011101101011
[10347]: 1110011110010011 1110011110000100
[10348]: 1110011110101101 1110011110010011
[10349]: 1110100000010000 1110011110101101
[10350]: 1110100000011011 1110100000010000
[10351]: 1110100001000010 1110100000011011
[10352]: 1110100001001000 1110100001000010
[10353]: 1110100010001011 1110100001001000
[10354]: 1110100011010000 1110100010001011
[10355]: 1110100011110011 1110100011010000
[10356]: 1110100011111000 1110100011110011
[10357]: 1110100101100110 1110100011111000
[10358]: 1110100110100000 1110100101100110
[10359]: 1110100110100001 1110100110100000
[10360]: 1110100111110100 1110100110100001
[10361]: 1110100111111000 1110100111110100
[10362]: 1110101000100010 1110100111111000
[10363]: 1110101001010000 1110101000100010
[10364]: 1110101011101111 1110101001010000
[10365]: 1110101100000100 1110101011101111
[10366]: 1110101111100001 1110101100000100
[10367]: 1110110000110001 1110101111100001
[10368]: 1110110000111011 1110110000110001
[10369]: 1110110001100101 1110110000111011
[10370]: 1110110001110110 1110110001100101
[10371]: 1110110010010011 1110110001110110
[10372]: 1110110010010110 1110110010010011
[10373]: 1110110010101001 1110110010010110
[10374]: 1110110010110011 1110110010101001
[10375]: 1110110010111010 1110110010110011
[10376]: 1110110011101011 1110110010111010
[10377]: 1110110100000111 1110110011101011
[10378]: 1110110100100110 1110110100000111
[10379]: 1110110101000110 1110110100100110
[10380]: 1110111000000000 1110110101000110
[10381]: 1110111000010000 1110111000000000
[10382]: 1110111000010111 1110111000010000
[10383]: 1110111000011110 1110111000010111
[10384]: 1110111001000000 1110111000011110
[10385]: 1110111001011101 1110111001000000
[10386]: 1110111010000101 1110111001011101
[10387]: 1110111100001010 1110111010000101
[10388]: 1110111100110010 1110111100001010
[10389]: 1110111101100111 1110111100110010
[10390]: 1110111110001011 1110111101100111
[10391]: 1110111110101001 1110111110001011
[10392]: 1110111111000101 1110111110101001
[10393]: 1111000000001001 1110111111000101
[10394]: 1111000000101000 1111000000001001
[10395]: 1111000000101001 1111000000101000
[10396]: 1111000000110010 1111000000101001
[10397]: 1111000010010110 1111000000110010
[10398]: 1111000010110000 1111000010010110
[10399]: 1111000010111100 1111000010110000
[10400]: 1111000011111010 1111000010111100
[10401]: 1111000100001011 1111000011111010
[10402]: 1111000100111101 1111000100001011
[10403]: 1111000101001001 1111000100111101
[10404]: 1111000110001011 1111000101001001
[10405]: 1111000110110010 1111000110001011
[10406]: 1111001001000010 1111000110110010
[10407]: 1111001001001011 1111001001000010
[10408]: 1111001001011001 1111001001001011
[10409]: 1111001001100011 1111001001011001
[10410]: 1111001011000001 1111001001100011
[10411]: 1111001011011001 1111001011000001
[10412]: 1111001011110010 1111001011011001
[10413]: 1111001101111110 1111001011110010
[10414]: 1111001110110111 1111001101111110
[10415]: 1111001111100001 1111001110110111
[10416]: 1111001111100101 1111001111100001
[10417]: 1111010000011011 1111001111100101
[10418]: 1111010010010100 1111010000011011
[10419]: 1111010100010111 1111010010010100
[10420]: 1111010101011111 1111010100010111
[10421]: 1111010110000010 1111010101011111
[10422]: 1111010110011101 1111010110000010
[10423]: 1111010111000100 1111010110011101
[10424]: 1111010111101110 1111010111000100
[10425]: 1111011000101101 1111010111101110
[10426]: 1111011000111110 1111011000101101
[10427]: 1111011001110110 1111011000111110
[10428]: 1111011011101101 1111011001110110
[10429]: 1111011100100000 1111011011101101
[10430]: 1111011100100100 1111011100100000
[10431]: 1111011101010100 1111011100100100
[10432]: 1111011101011111 1111011101010100
[10433]: 1111011101110111 1111011101011111
[10434]: 1111011111001010 1111011101110111
[10435]: 1111100000001000 1111011111001010
[10436]: 1111100000010111 1111100000001000
[10437]: 1111100000100110 1111100000010111
[10438]: 1111100001110011 1111100000100110
[10439]: 1111100011001110 1111100001110011
[10440]: 1111100011011101 1111100011001110
[10441]: 1111100100100001 1111100011011101
[10442]: 1111100101000010 1111100100100001
[10443]: 1111100101010011 1111100101000010
[10444]: 1111100101110001 1111100101010011
[10445]: 1111100110000011 1111100101110001
[10446]: 1111100110111001 1111100110000011
[10447]: 1111100111000001 1111100110111001
[10448]: 1111101010100001 1111100111000001
[10449]: 1111101011000100 1111101010100001
[10450]: 1111101011011111 1111101011000100
[10451]: 1111101011110000 1111101011011111
[10452]: 1111101011111001 1111101011110000
[10453]: 1111101100101100 1111101011111001
[10454]: 1111101100110010 1111101100101100
[10455]: 1111101100110110 1111101100110010
[10456]: 1111101101010011 1111101100110110
[10457]: 1111101110100100 1111101101010011
[10458]: 1111101110111101 1111101110100100
[10459]: 1111101111110000 1111101110111101
[10460]: 1111110000100001 1111101111110000
[10461]: 1111110000110100 1111110000100001
[10462]: 1111110000110101 1111110000110100
[10463]: 1111110001001001 1111110000110101
[10464]: 1111110001010001 1111110001001001
[10465]: 1111110100000011 1111110001010001
[10466]: 1111110110010101 1111110100000011
[10467]: 1111111000110110 1111110110010101
[10468]: 1111111011000101 1111111000110110
[10469]: 1111111100111010 1111111011000101
[10470]: 1111111101111001 1111111100111010
[10471]: 0000000001010110 1111111101111001
[10472]: 0000000001110001 0000000001010110
[10473]: 0000000001110110 0000000001110001
[10474]: 0000000100011000 0000000001110110
[10475]: 0000000100111101 0000000100011000
[10476]: 0000000100111111 0000000100111101
[10477]: 0000000110010001 0000000100111111
[10478]: 0000000111110101 0000000110010001
[10479]: 0000001000001101 0000000111110101
[10480]: 0000001010110100 0000001000001101
[10481]: 0000001011010110 0000001010110100
[10482]: 0000001100001000 0000001011010110
[10483]: 0000001100011100 0000001100001000
[10484]: 0000001100110110 0000001100011100
[10485]: 0000001101000000 0000001100110110
[10486]: 0000001101001000 0000001101000000
[10487]: 0000001101101000 0000001101001000
[10488]: 0000001101101100 0000001101101000
[10489]: 0000001110111100 0000001101101100
[10490]: 0000001111010110 0000001110111100
[10491]: 0000010000000100 0000001111010110
[10492]: 0000010010001001 0000010000000100
[10493]: 0000010010011101 0000010010001001
[10494]: 0000010011000010 0000010010011101
[10495]: 0000010011011111 0000010011000010
[10496]: 0000010100001010 0000010011011111
[10497]: 0000010100011001 0000010100001010
[10498]: 0000010100011111 0000010100011001
[10499]: 0000010101000101 0000010100011111
[10500]: 0000010110000001 0000010101000101
[10501]: 0000010110100011 0000010110000001
[10502]: 0000010111001000 0000010110100011
[10503]: 0000011001000101 0000010111001000
[10504]: 0000011001001000 0000011001000101
[10505]: 0000011001111111 0000011001001000
[10506]: 0000011010010010 0000011001111111
[10507]: 0000011010110100 0000011010010010
[10508]: 0000011011000111 0000011010110100
[10509]: 0000011100101001 0000011011000111
[10510]: 0000011111000110 0000011100101001
[10511]: 0000100000111111 0000011111000110
[10512]: 0000100001110100 0000100000111111
[10513]: 0000100011100001 0000100001110100
[10514]: 0000100100100010 0000100011100001
[10515]: 0000100101101001 0000100100100010
[10516]: 0000100101101111 0000100101101001
[10517]: 0000101001101110 0000100101101111
[10518]: 0000101010010110 0000101001101110
[10519]: 0000101010100110 0000101010010110
[10520]: 0000101010110100 0000101010100110
[10521]: 0000101011001100 0000101010110100
[10522]: 0000101101001011 0000101011001100
[10523]: 0000101101010100 0000101101001011
[10524]: 0000101111011100 0000101101010100
[10525]: 0000110000001100 0000101111011100
[10526]: 0000110000101110 0000110000001100
[10527]: 0000110001010001 0000110000101110
[10528]: 0000110001010100 0000110001010001
[10529]: 0000110001111010 0000110001010100
[10530]: 0000110011000111 0000110001111010
[10531]: 0000110011101011 0000110011000111
[10532]: 0000110011111000 0000110011101011
[10533]: 0000110100100111 0000110011111000
[10534]: 0000110100101011 0000110100100111
[10535]: 0000110101000011 0000110100101011
[10536]: 0000110101010110 0000110101000011
[10537]: 0000110101100111 0000110101010110
[10538]: 0000110101111110 0000110101100111
[10539]: 0000111000101111 0000110101111110
[10540]: 0000111001101110 0000111000101111
[10541]: 0000111010101011 0000111001101110
[10542]: 0000111100011110 0000111010101011
[10543]: 0000111100011111 0000111100011110
[10544]: 0000111101000111 0000111100011111
[10545]: 0000111101111111 0000111101000111
[10546]: 0001000000000100 0000111101111111
[10547]: 0001000000100110 0001000000000100
[10548]: 0001000001010000 0001000000100110
[10549]: 0001000001010101 0001000001010000
[10550]: 0001000001100000 0001000001010101
[10551]: 0001000010001000 0001000001100000
[10552]: 0001000010011111 0001000010001000
[10553]: 0001000011101010 0001000010011111
[10554]: 0001000100000110 0001000011101010
[10555]: 0001000101110101 0001000100000110
[10556]: 0001000101111110 0001000101110101
[10557]: 0001000110101101 0001000101111110
[10558]: 0001000111001110 0001000110101101
[10559]: 0001000111011100 0001000111001110
[10560]: 0001001000010101 0001000111011100
[10561]: 0001001000100011 0001001000010101
[10562]: 0001001000111101 0001001000100011
[10563]: 0001001001011100 0001001000111101
[10564]: 0001001001100010 0001001001011100
[10565]: 0001001010010100 0001001001100010
[10566]: 0001001101001001 0001001010010100
[10567]: 0001001110011000 0001001101001001
[10568]: 0001001111101010 0001001110011000
[10569]: 0001010000100010 0001001111101010
[10570]: 0001010001010010 0001010000100010
[10571]: 0001010001011000 0001010001010010
[10572]: 0001010001101101 0001010001011000
[10573]: 0001010001101110 0001010001101101
[10574]: 0001010010001001 0001010001101110
[10575]: 0001010011000100 0001010010001001
[10576]: 0001010011111011 0001010011000100
[10577]: 0001010100000000 0001010011111011
[10578]: 0001010100110001 0001010100000000
[10579]: 0001010110001011 0001010100110001
[10580]: 0001010110011011 0001010110001011
[10581]: 0001010111000111 0001010110011011
[10582]: 0001011000010011 0001010111000111
[10583]: 0001011001000010 0001011000010011
[10584]: 0001011001000101 0001011001000010
[10585]: 0001011001100101 0001011001000101
[10586]: 0001011011100110 0001011001100101
[10587]: 0001011101100011 0001011011100110
[10588]: 0001011101111010 0001011101100011
[10589]: 0001011111100101 0001011101111010
[10590]: 0001011111110111 0001011111100101
[10591]: 0001100000011000 0001011111110111
[10592]: 0001100000100111 0001100000011000
[10593]: 0001100000110001 0001100000100111
[10594]: 0001100000111001 0001100000110001
[10595]: 0001100010001100 0001100000111001
[10596]: 0001100010010011 0001100010001100
[10597]: 0001100011110001 0001100010010011
[10598]: 0001100100001100 0001100011110001
[10599]: 0001100100101000 0001100100001100
[10600]: 0001100101000011 0001100100101000
[10601]: 0001100101110110 0001100101000011
[10602]: 0001100110100001 0001100101110110
[10603]: 0001100110101001 0001100110100001
[10604]: 0001100111010110 0001100110101001
[10605]: 0001101000011111 0001100111010110
[10606]: 0001101001100010 0001101000011111
[10607]: 0001101001101001 0001101001100010
[10608]: 0001101001111000 0001101001101001
[10609]: 0001101010011101 0001101001111000
[10610]: 0001101010111010 0001101010011101
[10611]: 0001101010111110 0001101010111010
[10612]: 0001101010111111 0001101010111110
[10613]: 0001101011011100 0001101010111111
[10614]: 0001101011110001 0001101011011100
[10615]: 0001101100101001 0001101011110001
[10616]: 0001101100110010 0001101100101001
[10617]: 0001101101110011 0001101100110010
[10618]: 0001101101110101 0001101101110011
[10619]: 0001101110010011 0001101101110101
[10620]: 0001101110100110 0001101110010011
[10621]: 0001101110111111 0001101110100110
[10622]: 0001110000010001 0001101110111111
[10623]: 0001110000101111 0001110000010001
[10624]: 0001110011101100 0001110000101111
[10625]: 0001110011101111 0001110011101100
[10626]: 0001110100100001 0001110011101111
[10627]: 0001110100111001 0001110100100001
[10628]: 0001110101010101 0001110100111001
[10629]: 0001110110001000 0001110101010101
[10630]: 0001110110110010 0001110110001000
[10631]: 0001110110111101 0001110110110010
[10632]: 0001110111000111 0001110110111101
[10633]: 0001110111110101 0001110111000111
[10634]: 0001110111111000 0001110111110101
[10635]: 0001111000010011 0001110111111000
[10636]: 0001111000011001 0001111000010011
[10637]: 0001111000101001 0001111000011001
[10638]: 0001111000110100 0001111000101001
[10639]: 0001111001110000 0001111000110100
[10640]: 0001111010100111 0001111001110000
[10641]: 0001111100111111 0001111010100111
[10642]: 0001111101000011 0001111100111111
[10643]: 0001111101100100 0001111101000011
[10644]: 0001111111100011 0001111101100100
[10645]: 0001111111111100 0001111111100011
[10646]: 0010000000000101 0001111111111100
[10647]: 0010000001000101 0010000000000101
[10648]: 0010000001010110 0010000001000101
[10649]: 0010000010011010 0010000001010110
[10650]: 0010000010111010 0010000010011010
[10651]: 0010000011000011 0010000010111010
[10652]: 0010000011001011 0010000011000011
[10653]: 0010000100000001 0010000011001011
[10654]: 0010000101100100 0010000100000001
[10655]: 0010000101100101 0010000101100100
[10656]: 0010000110010000 0010000101100101
[10657]: 0010000110011010 0010000110010000
[10658]: 0010000110100000 0010000110011010
[10659]: 0010000110101110 0010000110100000
[10660]: 0010000110110011 0010000110101110
[10661]: 0010001001111111 0010000110110011
[10662]: 0010001011011100 0010001001111111
[10663]: 0010001100000110 0010001011011100
[10664]: 0010001101000001 0010001100000110
[10665]: 0010001101100101 0010001101000001
[10666]: 0010001110000100 0010001101100101
[10667]: 0010001110100111 0010001110000100
[10668]: 0010010000001100 0010001110100111
[10669]: 0010010100100110 0010010000001100
[10670]: 0010010101010011 0010010100100110
[10671]: 0010010101111001 0010010101010011
[10672]: 0010010101111010 0010010101111001
[10673]: 0010010110101111 0010010101111010
[10674]: 0010010111100001 0010010110101111
[10675]: 0010011000001011 0010010111100001
[10676]: 0010011000001100 0010011000001011
[10677]: 0010011001111111 0010011000001100
[10678]: 0010011010001100 0010011001111111
[10679]: 0010011010010000 0010011010001100
[10680]: 0010011011011100 0010011010010000
[10681]: 0010011011100111 0010011011011100
[10682]: 0010011011101010 0010011011100111
[10683]: 0010011100011101 0010011011101010
[10684]: 0010011100100000 0010011100011101
[10685]: 0010011101110111 0010011100100000
[10686]: 0010011110010000 0010011101110111
[10687]: 0010011110101011 0010011110010000
[10688]: 0010011110110011 0010011110101011
[10689]: 0010011111001110 0010011110110011
[10690]: 0010011111101100 0010011111001110
[10691]: 0010011111110000 0010011111101100
[10692]: 0010100000101100 0010011111110000
[10693]: 0010100000111001 0010100000101100
[10694]: 0010100001100011 0010100000111001
[10695]: 0010100010000111 0010100001100011
[10696]: 0010100010110001 0010100010000111
[10697]: 0010100011000101 0010100010110001
[10698]: 0010100011011001 0010100011000101
[10699]: 0010100011111010 0010100011011001
[10700]: 0010100100110001 0010100011111010
[10701]: 0010100101101001 0010100100110001
[10702]: 0010100110110011 0010100101101001
[10703]: 0010101001111010 0010100110110011
[10704]: 0010101011100101 0010101001111010
[10705]: 0010101011111001 0010101011100101
[10706]: 0010101100001011 0010101011111001
[10707]: 0010101100101001 0010101100001011
[10708]: 0010101110001010 0010101100101001
[10709]: 0010110000100101 0010101110001010
[10710]: 0010110001101110 0010110000100101
[10711]: 0010110001110011 0010110001101110
[10712]: 0010110001111010 0010110001110011
[10713]: 0010110010111000 0010110001111010
[10714]: 0010110100101010 0010110010111000
[10715]: 0010110100111001 0010110100101010
[10716]: 0010110101110100 0010110100111001
[10717]: 0010110110111100 0010110101110100
[10718]: 0010111000110001 0010110110111100
[10719]: 0010111001110110 0010111000110001
[10720]: 0010111010010011 0010111001110110
[10721]: 0010111010011001 0010111010010011
[10722]: 0010111100011111 0010111010011001
[10723]: 0010111101111001 0010111100011111
[10724]: 0010111110001110 0010111101111001
[10725]: 0010111111011000 0010111110001110
[10726]: 0010111111011010 0010111111011000
[10727]: 0010111111011011 0010111111011010
[10728]: 0011000000111000 0010111111011011
[10729]: 0011000001010011 0011000000111000
[10730]: 0011000010010010 0011000001010011
[10731]: 0011000010100111 0011000010010010
[10732]: 0011000010101010 0011000010100111
[10733]: 0011000011111101 0011000010101010
[10734]: 0011000100110100 0011000011111101
[10735]: 0011000100110110 0011000100110100
[10736]: 0011000101001101 0011000100110110
[10737]: 0011000110001100 0011000101001101
[10738]: 0011000110100001 0011000110001100
[10739]: 0011000110101110 0011000110100001
[10740]: 0011000110111110 0011000110101110
[10741]: 0011000110111111 0011000110111110
[10742]: 0011001000100111 0011000110111111
[10743]: 0011001010001001 0011001000100111
[10744]: 0011001010011100 0011001010001001
[10745]: 0011001010101010 0011001010011100
[10746]: 0011001010111110 0011001010101010
[10747]: 0011001011010000 0011001010111110
[10748]: 0011001100011001 0011001011010000
[10749]: 0011001101100111 0011001100011001
[10750]: 0011001111000011 0011001101100111
[10751]: 0011001111010001 0011001111000011
[10752]: 0011001111101000 0011001111010001
[10753]: 0011001111110001 0011001111101000
[10754]: 0011010000010100 0011001111110001
[10755]: 0011010000110101 0011010000010100
[10756]: 0011010001011010 0011010000110101
[10757]: 0011010001100011 0011010001011010
[10758]: 0011010010110110 0011010001100011
[10759]: 0011010011100100 0011010010110110
[10760]: 0011010011101011 0011010011100100
[10761]: 0011010100100100 0011010011101011
[10762]: 0011010100111010 0011010100100100
[10763]: 0011010101000110 0011010100111010
[10764]: 0011010101110000 0011010101000110
[10765]: 0011010111001010 0011010101110000
[10766]: 0011011000001011 0011010111001010
[10767]: 0011011000110001 0011011000001011
[10768]: 0011011010011101 0011011000110001
[10769]: 0011011010111100 0011011010011101
[10770]: 0011011011011100 0011011010111100
[10771]: 0011011011100111 0011011011011100
[10772]: 0011011100111100 0011011011100111
[10773]: 0011011101011101 0011011100111100
[10774]: 0011011110001000 0011011101011101
[10775]: 0011011110011000 0011011110001000
[10776]: 0011011111011111 0011011110011000
[10777]: 0011011111101111 0011011111011111
[10778]: 0011100000000001 0011011111101111
[10779]: 0011100001110010 0011100000000001
[10780]: 0011100010000111 0011100001110010
[10781]: 0011100010100111 0011100010000111
[10782]: 0011100010101000 0011100010100111
[10783]: 0011100011011100 0011100010101000
[10784]: 0011100011101110 0011100011011100
[10785]: 0011100011110011 0011100011101110
[10786]: 0011100110000000 0011100011110011
[10787]: 0011100110100011 0011100110000000
[10788]: 0011100110111111 0011100110100011
[10789]: 0011100111001000 0011100110111111
[10790]: 0011100111001100 0011100111001000
[10791]: 0011101000000110 0011100111001100
[10792]: 0011101001101100 0011101000000110
[10793]: 0011101001110010 0011101001101100
[10794]: 0011101001111111 0011101001110010
[10795]: 0011101010000001 0011101001111111
[10796]: 0011101010011100 0011101010000001
[10797]: 0011101010011111 0011101010011100
[10798]: 0011101100100101 0011101010011111
[10799]: 0011101101001101 0011101100100101
[10800]: 0011101111110111 0011101101001101
[10801]: 0011110001001000 0011101111110111
[10802]: 0011110001110001 0011110001001000
[10803]: 0011110001110010 0011110001110001
[10804]: 0011110001111101 0011110001110010
[10805]: 0011110010000001 0011110001111101
[10806]: 0011110010010000 0011110010000001
[10807]: 0011110010100101 0011110010010000
[10808]: 0011110010111100 0011110010100101
[10809]: 0011110011000100 0011110010111100
[10810]: 0011110101100001 0011110011000100
[10811]: 0011110110001110 0011110101100001
[10812]: 0011110110010000 0011110110001110
[10813]: 0011110110110010 0011110110010000
[10814]: 0011111001100010 0011110110110010
[10815]: 0011111010101000 0011111001100010
[10816]: 0011111010101100 0011111010101000
[10817]: 0011111011000010 0011111010101100
[10818]: 0011111100110001 0011111011000010
[10819]: 0011111110000110 0011111100110001
[10820]: 0100000001111011 0011111110000110
[10821]: 0100000010000100 0100000001111011
[10822]: 0100000011000101 0100000010000100
[10823]: 0100000011100000 0100000011000101
[10824]: 0100000011100101 0100000011100000
[10825]: 0100000011101001 0100000011100101
[10826]: 0100000011111000 0100000011101001
[10827]: 0100000101110101 0100000011111000
[10828]: 0100000110010111 0100000101110101
[10829]: 0100001001010011 0100000110010111
[10830]: 0100001001011001 0100001001010011
[10831]: 0100001001100011 0100001001011001
[10832]: 0100001010001000 0100001001100011
[10833]: 0100001010011010 0100001010001000
[10834]: 0100001010101101 0100001010011010
[10835]: 0100001010111111 0100001010101101
[10836]: 0100001100000011 0100001010111111
[10837]: 0100001100101001 0100001100000011
[10838]: 0100001101000011 0100001100101001
[10839]: 0100001101111000 0100001101000011
[10840]: 0100001110010000 0100001101111000
[10841]: 0100001111000111 0100001110010000
[10842]: 0100001111001100 0100001111000111
[10843]: 0100001111100110 0100001111001100
[10844]: 0100010000010111 0100001111100110
[10845]: 0100010000101010 0100010000010111
[10846]: 0100010001100100 0100010000101010
[10847]: 0100010001101101 0100010001100100
[10848]: 0100010001110010 0100010001101101
[10849]: 0100010011010110 0100010001110010
[10850]: 0100010011111000 0100010011010110
[10851]: 0100010011111100 0100010011111000
[10852]: 0100010110001011 0100010011111100
[10853]: 0100010110001110 0100010110001011
[10854]: 0100010111001000 0100010110001110
[10855]: 0100010111110011 0100010111001000
[10856]: 0100011000111111 0100010111110011
[10857]: 0100011001100011 0100011000111111
[10858]: 0100011001111011 0100011001100011
[10859]: 0100011010111011 0100011001111011
[10860]: 0100011110111100 0100011010111011
[10861]: 0100100001110001 0100011110111100
[10862]: 0100100001111100 0100100001110001
[10863]: 0100100010100100 0100100001111100
[10864]: 0100100010101001 0100100010100100
[10865]: 0100100011000010 0100100010101001
[10866]: 0100100100110010 0100100011000010
[10867]: 0100100100111110 0100100100110010
[10868]: 0100100101001110 0100100100111110
[10869]: 0100100110001111 0100100101001110
[10870]: 0100100111010100 0100100110001111
[10871]: 0100101001001110 0100100111010100
[10872]: 0100101001100101 0100101001001110
[10873]: 0100101010110000 0100101001100101
[10874]: 0100101100111101 0100101010110000
[10875]: 0100101101111101 0100101100111101
[10876]: 0100101111001011 0100101101111101
[10877]: 0100101111110001 0100101111001011
[10878]: 0100110000000010 0100101111110001
[10879]: 0100110011110110 0100110000000010
[10880]: 0100110100101011 0100110011110110
[10881]: 0100110110000000 0100110100101011
[10882]: 0100110110001011 0100110110000000
[10883]: 0100110110010101 0100110110001011
[10884]: 0100110110110100 0100110110010101
[10885]: 0100110111110000 0100110110110100
[10886]: 0100111010111101 0100110111110000
[10887]: 0100111011101100 0100111010111101
[10888]: 0100111101011010 0100111011101100
[10889]: 0101000001000011 0100111101011010
[10890]: 0101000010110000 0101000001000011
[10891]: 0101000011000001 0101000010110000
[10892]: 0101000011001100 0101000011000001
[10893]: 0101000011110110 0101000011001100
[10894]: 0101000100111101 0101000011110110
[10895]: 0101000101100010 0101000100111101
[10896]: 0101000111010011 0101000101100010
[10897]: 0101001000110110 0101000111010011
[10898]: 0101001011001100 0101001000110110
[10899]: 0101001100100111 0101001011001100
[10900]: 0101001110100001 0101001100100111
[10901]: 0101001111100100 0101001110100001
[10902]: 0101010000000101 0101001111100100
[10903]: 0101010000011100 0101010000000101
[10904]: 0101010100010111 0101010000011100
[10905]: 0101010101011010 0101010100010111
[10906]: 0101010101011100 0101010101011010
[10907]: 0101010101101101 0101010101011100
[10908]: 0101010111101011 0101010101101101
[10909]: 0101011000010101 0101010111101011
[10910]: 0101011000010110 0101011000010101
[10911]: 0101011000100110 0101011000010110
[10912]: 0101011001101101 0101011000100110
[10913]: 0101011010100010 0101011001101101
[10914]: 0101011010111100 0101011010100010
[10915]: 0101011100000010 0101011010111100
[10916]: 0101011100000011 0101011100000010
[10917]: 0101011100010110 0101011100000011
[10918]: 0101011100111111 0101011100010110
[10919]: 0101011101000110 0101011100111111
[10920]: 0101011101100101 0101011101000110
[10921]: 0101011110011111 0101011101100101
[10922]: 0101011110110110 0101011110011111
[10923]: 0101011110111111 0101011110110110
[10924]: 0101100000000111 0101011110111111
[10925]: 0101100010000111 0101100000000111
[10926]: 0101100010001110 0101100010000111
[10927]: 0101100011010111 0101100010001110
[10928]: 0101100011011110 0101100011010111
[10929]: 0101100101010000 0101100011011110
[10930]: 0101100101101110 0101100101010000
[10931]: 0101100110110001 0101100101101110
[10932]: 0101100110110011 0101100110110001
[10933]: 0101100111000111 0101100110110011
[10934]: 0101101000001010 0101100111000111
[10935]: 0101101001000001 0101101000001010
[10936]: 0101101001001000 0101101001000001
[10937]: 0101101010010010 0101101001001000
[10938]: 0101101010111111 0101101010010010
[10939]: 0101101011100101 0101101010111111
[10940]: 0101101011101100 0101101011100101
[10941]: 0101101011110010 0101101011101100
[10942]: 0101101100100100 0101101011110010
[10943]: 0101101100110010 0101101100100100
[10944]: 0101101101000100 0101101100110010
[10945]: 0101101101010110 0101101101000100
[10946]: 0101101101101011 0101101101010110
[10947]: 0101101101111010 0101101101101011
[10948]: 0101101110011011 0101101101111010
[10949]: 0101101110101011 0101101110011011
[10950]: 0101101110110011 0101101110101011
[10951]: 0101101110111001 0101101110110011
[10952]: 0101110000100101 0101101110111001
[10953]: 0101110000101000 0101110000100101
[10954]: 0101110000110000 0101110000101000
[10955]: 0101110001110000 0101110000110000
[10956]: 0101110010000110 0101110001110000
[10957]: 0101110100011001 0101110010000110
[10958]: 0101110100111100 0101110100011001
[10959]: 0101110101010011 0101110100111100
[10960]: 0101110101011010 0101110101010011
[10961]: 0101110101100010 0101110101011010
[10962]: 0101110101101110 0101110101100010
[10963]: 0101110110010010 0101110101101110
[10964]: 0101110111011001 0101110110010010
[10965]: 0101111000100100 0101110111011001
[10966]: 0101111001100111 0101111000100100
[10967]: 0101111010000111 0101111001100111
[10968]: 0101111010111111 0101111010000111
[10969]: 0101111011011001 0101111010111111
[10970]: 0101111101100110 0101111011011001
[10971]: 0101111110001111 0101111101100110
[10972]: 0101111110100101 0101111110001111
[10973]: 0101111111001110 0101111110100101
[10974]: 0101111111101100 0101111111001110
[10975]: 0101111111110111 0101111111101100
[10976]: 0110000001011111 0101111111110111
[10977]: 0110000011111101 0110000001011111
[10978]: 0110000100011001 0110000011111101
[10979]: 0110000100100011 0110000100011001
[10980]: 0110000100100100 0110000100100011
[10981]: 0110000101010110 0110000100100100
[10982]: 0110000111001111 0110000101010110
[10983]: 0110001000000111 0110000111001111
[10984]: 0110001001011111 0110001000000111
[10985]: 0110001001100110 0110001001011111
[10986]: 0110001011110000 0110001001100110
[10987]: 0110001100001001 0110001011110000
[10988]: 0110001100011111 0110001100001001
[10989]: 0110001101001110 0110001100011111
[10990]: 0110001110011100 0110001101001110
[10991]: 0110010001010000 0110001110011100
[10992]: 0110010001010100 0110010001010000
[10993]: 0110010001100011 0110010001010100
[10994]: 0110010001101010 0110010001100011
[10995]: 0110010001111011 0110010001101010
[10996]: 0110010010001000 0110010001111011
[10997]: 0110010010101110 0110010010001000
[10998]: 0110010011101100 0110010010101110
[10999]: 0110010011110011 0110010011101100
[11000]: 0110010100011111 0110010011110011
[11001]: 0110010100111100 0110010100011111
[11002]: 0110010110101101 0110010100111100
[11003]: 0110011001110110 0110010110101101
[11004]: 0110011010001101 0110011001110110
[11005]: 0110011010100101 0110011010001101
[11006]: 0110011101010010 0110011010100101
[11007]: 0110011101111011 0110011101010010
[11008]: 0110011110110001 0110011101111011
[11009]: 0110011111001110 0110011110110001
[11010]: 0110011111110100 0110011111001110
[11011]: 0110100001001010 0110011111110100
[11012]: 0110100001100010 0110100001001010
[11013]: 0110100010111011 0110100001100010
[11014]: 0110100101000000 0110100010111011
[11015]: 0110100101001000 0110100101000000
[11016]: 0110100111011011 0110100101001000
[11017]: 0110100111100001 0110100111011011
[11018]: 0110101000001101 0110100111100001
[11019]: 0110101000111010 0110101000001101
[11020]: 0110101010000001 0110101000111010
[11021]: 0110101011000001 0110101010000001
[11022]: 0110101101010000 0110101011000001
[11023]: 0110101101011100 0110101101010000
[11024]: 0110101101101100 0110101101011100
[11025]: 0110101110000111 0110101101101100
[11026]: 0110101110100111 0110101110000111
[11027]: 0110110000101101 0110101110100111
[11028]: 0110110010110001 0110110000101101
[11029]: 0110110010111001 0110110010110001
[11030]: 0110110011011010 0110110010111001
[11031]: 0110110011101111 0110110011011010
[11032]: 0110110100100101 0110110011101111
[11033]: 0110110100101010 0110110100100101
[11034]: 0110110101001100 0110110100101010
[11035]: 0110110110010011 0110110101001100
[11036]: 0110110110110100 0110110110010011
[11037]: 0110110111110101 0110110110110100
[11038]: 0110111001010000 0110110111110101
[11039]: 0110111010001010 0110111001010000
[11040]: 0110111010010001 0110111010001010
[11041]: 0110111011001010 0110111010010001
[11042]: 0110111011100101 0110111011001010
[11043]: 0110111011111001 0110111011100101
[11044]: 0110111100010010 0110111011111001
[11045]: 0110111110101100 0110111100010010
[11046]: 0110111110110010 0110111110101100
[11047]: 0110111111100100 0110111110110010
[11048]: 0111000001100111 0110111111100100
[11049]: 0111000011001100 0111000001100111
[11050]: 0111000101100101 0111000011001100
[11051]: 0111000110010110 0111000101100101
[11052]: 0111000111000101 0111000110010110
[11053]: 0111001001100100 0111000111000101
[11054]: 0111001010000010 0111001001100100
[11055]: 0111001101000001 0111001010000010
[11056]: 0111001101001111 0111001101000001
[11057]: 0111001101011111 0111001101001111
[11058]: 0111010000001110 0111001101011111
[11059]: 0111010001001010 0111010000001110
[11060]: 0111010001010100 0111010001001010
[11061]: 0111010001101010 0111010001010100
[11062]: 0111010010100011 0111010001101010
[11063]: 0111010100001110 0111010010100011
[11064]: 0111010100111110 0111010100001110
[11065]: 0111010101011011 0111010100111110
[11066]: 0111010101110000 0111010101011011
[11067]: 0111010110010111 0111010101110000
[11068]: 0111010111010111 0111010110010111
[11069]: 0111011001100001 0111010111010111
[11070]: 0111011001101011 0111011001100001
[11071]: 0111011001111101 0111011001101011
[11072]: 0111011011100000 0111011001111101
[11073]: 0111011100110110 0111011011100000
[11074]: 0111011101001001 0111011100110110
[11075]: 0111011101011101 0111011101001001
[11076]: 0111011101100100 0111011101011101
[11077]: 0111011101101100 0111011101100100
[11078]: 0111011101111111 0111011101101100
[11079]: 0111011110100111 0111011101111111
[11080]: 0111011111101101 0111011110100111
[11081]: 0111100000001101 0111011111101101
[11082]: 0111100001000110 0111100000001101
[11083]: 0111100001001100 0111100001000110
[11084]: 0111100001111111 0111100001001100
[11085]: 0111100010001000 0111100001111111
[11086]: 0111100010100001 0111100010001000
[11087]: 0101101100000100 0111100010100001
