[INFO -- 2018-10-12 05:36:57]
Starting flip_value script
version: 1.1
[INFO -- 2018-10-12 05:36:57]
Initialization strings:
[INFO -- 2018-10-12 05:36:57]
(1) file /tmp/BTree/main
[INFO -- 2018-10-12 05:36:57]
(2)  set args /tmp/BTree/input_100000 /tmp/BTree/output_100000
[INFO -- 2018-10-12 05:36:57]
initSignal:0
[INFO -- 2018-10-12 05:36:57]
endSignal:2
[INFO -- 2018-10-12 05:36:57]
faultModel:3
[EXCEPTION -- 2018-10-12 05:36:57]
gdbException: Tentativo de desreferenciar um ponteiro genérico.
[INFO -- 2018-10-12 05:36:57]
event type: exit
[INFO -- 2018-10-12 05:36:57]
exit code: 0
