[INFO -- 2018-10-17 19:21:36]
sending 5 signals using command: 'killall -2 main' after 1.18229206014s
[INFO -- 2018-10-17 19:21:36]
sending 5 signals using command: 'killall -2 main' after 1.33692321957s
[INFO -- 2018-10-17 19:21:37]
sending 5 signals using command: 'killall -2 main' after 1.89868203591s
[INFO -- 2018-10-17 19:21:37]
Starting GDB script
[INFO -- 2018-10-17 19:21:37]
initSignal:0.0
[INFO -- 2018-10-17 19:21:37]
endSignal:2.0
[INFO -- 2018-10-17 19:21:37]
sending 5 signals using command: 'killall -2 main' after 0.119385477625s
[INFO -- 2018-10-17 19:21:37]
sending 5 signals using command: 'killall -2 main' after 0.525714009102s
[INFO -- 2018-10-17 19:21:38]
sending 5 signals using command: 'killall -2 main' after 0.552252759373s
[INFO -- 2018-10-17 19:21:38]
Execution finished before waitTime
