[INFO -- 2018-12-01 00:13:35]
Starting flip_value script
version: 1.1
[INFO -- 2018-12-01 00:13:35]
Initialization strings:
[INFO -- 2018-12-01 00:13:35]
(1) file /tmp/splay/main
[INFO -- 2018-12-01 00:13:35]
(2) set args /tmp/splay/input_100000 /tmp/splay/output_100000
[INFO -- 2018-12-01 00:13:35]
initSignal:0
[INFO -- 2018-12-01 00:13:35]
endSignal:5
[INFO -- 2018-12-01 00:13:35]
faultModel:0
[EXCEPTION -- 2018-12-01 00:13:36]
pythonException: Unable to exit loop in struct fields; Exiting wihtout making a bit flip
[EXCEPTION -- 2018-12-01 00:13:36]
pythonException: Unable to exit loop in struct fields; Exiting wihtout making a bit flip
[EXCEPTION -- 2018-12-01 00:13:36]
pythonException: Unable to exit loop in struct fields; Exiting wihtout making a bit flip
[INFO -- 2018-12-01 00:13:36]
event type: exit
[INFO -- 2018-12-01 00:13:36]
exit code: 0
