[INFO -- 2018-10-17 20:51:11]
Starting flip_value script
version: 1.1
[INFO -- 2018-10-17 20:51:11]
Initialization strings:
[INFO -- 2018-10-17 20:51:11]
(1) file /tmp/Tree234/main
[INFO -- 2018-10-17 20:51:11]
(2) set args /tmp/Tree234/input_50000 /tmp/Tree234/output_50000
[INFO -- 2018-10-17 20:51:11]
initSignal:0
[INFO -- 2018-10-17 20:51:11]
endSignal:2
[INFO -- 2018-10-17 20:51:11]
faultModel:0
[INFO -- 2018-10-17 20:51:12]
Backtrace BEGIN:
#0  0x00007ffff7df2387 in access () at ../sysdeps/unix/syscall-template.S:84
#1  0x00007ffff7def2f2 in _dl_load_cache_lookup (name=name@entry=0x7ffff7abd2df "libm.so.6") at dl-cache.c:262
#2  0x00007ffff7de0169 in _dl_map_object (loader=0x7ffff7ff74d0, name=0x7ffff7abd2df "libm.so.6", type=1, trace_mode=0, mode=<optimized out>, nsid=<optimized out>) at dl-load.c:2342
#3  0x00007ffff7de4ba2 in openaux (a=a@entry=0x7fffffffdc20) at dl-deps.c:63
#4  0x00007ffff7de7564 in _dl_catch_error (objname=objname@entry=0x7fffffffdc18, errstring=errstring@entry=0x7fffffffdc10, mallocedp=mallocedp@entry=0x7fffffffdc0f, operate=operate@entry=0x7ffff7de4b70 <openaux>, args=args@entry=0x7fffffffdc20) at dl-error.c:187
#5  0x00007ffff7de51e2 in _dl_map_object_deps (map=map@entry=0x7ffff7ffe168, preloads=<optimized out>, npreloads=npreloads@entry=0, trace_mode=trace_mode@entry=0, open_mode=open_mode@entry=0) at dl-deps.c:254
#6  0x00007ffff7ddaa29 in dl_main (phdr=<optimized out>, phnum=<optimized out>, user_entry=<optimized out>, auxv=<optimized out>) at rtld.c:1647
#7  0x00007ffff7df0632 in _dl_sysdep_start (start_argptr=start_argptr@entry=0x7fffffffde70, dl_main=dl_main@entry=0x7ffff7dd91e0 <dl_main>) at ../elf/dl-sysdep.c:249
#8  0x00007ffff7dd8c2a in _dl_start_final (arg=0x7fffffffde70) at rtld.c:323
#9  _dl_start (arg=0x7fffffffde70) at rtld.c:429
#10 0x00007ffff7dd7c38 in _start () from /lib64/ld-linux-x86-64.so.2
#11 0x0000000000000003 in ?? ()
#12 0x00007fffffffe20c in ?? ()
#13 0x00007fffffffe21e in ?? ()
#14 0x00007fffffffe237 in ?? ()
#15 0x0000000000000000 in ?? ()

79	in ../sysdeps/unix/syscall-template.S

Backtrace END
Memory content before bitflip:0x040x000x000x00
Fault Model: Single bit-flip
base address to flip value: 0x7fffffffd84c
address max offset: 4
Memory content after  bitflip:0x040x080x000x00
frame name: _dl_catch_error
symbol name: errcode
symbol filename: dl-error.c
symbol line: 171
value: 2052
value address: 0x7fffffffd84c
Type: The type is an integer type.
Type sizeof: 4

[INFO -- 2018-10-17 20:51:12]
Fault Injection Successful after 1.030137538909912s
[INFO -- 2018-10-17 20:51:12]
event type: exit
[INFO -- 2018-10-17 20:51:12]
exit code: 0
