[INFO -- 2018-11-30 20:39:35]
Starting flip_value script
version: 1.1
[INFO -- 2018-11-30 20:39:35]
Initialization strings:
[INFO -- 2018-11-30 20:39:35]
(1) file /tmp/splay/main
[INFO -- 2018-11-30 20:39:35]
(2) set args /tmp/splay/input_100000 /tmp/splay/output_100000
[INFO -- 2018-11-30 20:39:35]
initSignal:0
[INFO -- 2018-11-30 20:39:35]
endSignal:5
[INFO -- 2018-11-30 20:39:35]
faultModel:3
[INFO -- 2018-11-30 20:39:36]
Backtrace BEGIN:
#0  0x0000555555557c7d in std::_Base_bitset<1ul>::_S_maskbit (__pos=10) at /usr/include/c++/8/bitset:407
#1  0x0000555555557f21 in std::bitset<16ul>::_Unchecked_test (this=0x7fffffffd760, __pos=10) at /usr/include/c++/8/bitset:1062
#2  0x0000555555557eb3 in std::bitset<16ul>::_M_copy_to_string<char, std::char_traits<char>, std::allocator<char> > (this=0x7fffffffd760, __s="101", '0' <repeats 13 times>, __zero=48 '0', __one=49 '1') at /usr/include/c++/8/bitset:1413
#3  0x0000555555557ded in std::operator<< <char, std::char_traits<char>, 16ul> (__os=..., __x=std::bitset = {...}) at /usr/include/c++/8/bitset:1542
#4  0x0000555555557ae8 in InOrder (root=0x55555562f5d0) at splay.cpp:253
#5  0x0000555555557abd in InOrder (root=0x5555556511d0) at splay.cpp:252
#6  0x0000555555557b0d in InOrder (root=0x5555558225d0) at splay.cpp:254
#7  0x0000555555557b0d in InOrder (root=0x55555585fb10) at splay.cpp:254
#8  0x0000555555557abd in InOrder (root=0x555555851090) at splay.cpp:252
#9  0x0000555555557b0d in InOrder (root=0x5555556894b0) at splay.cpp:254
#10 0x0000555555557b0d in InOrder (root=0x555555874af0) at splay.cpp:254
#11 0x0000555555557b0d in InOrder (root=0x555555878290) at splay.cpp:254
#12 0x0000555555557b0d in InOrder (root=0x555555842f10) at splay.cpp:254
#13 0x0000555555557b0d in InOrder (root=0x5555557c2ad0) at splay.cpp:254
#14 0x0000555555557b0d in InOrder (root=0x55555587a070) at splay.cpp:254
#15 0x0000555555557b0d in InOrder (root=0x555555770670) at splay.cpp:254
#16 0x0000555555557b0d in InOrder (root=0x55555587a710) at splay.cpp:254
#17 0x0000555555557abd in InOrder (root=0x5555556168f0) at splay.cpp:252
#18 0x0000555555557abd in InOrder (root=0x55555587ac30) at splay.cpp:252
#19 0x0000555555557b0d in InOrder (root=0x55555587be10) at splay.cpp:254
#20 0x0000555555557b0d in InOrder (root=0x5555557180f0) at splay.cpp:254
#21 0x0000555555557b0d in InOrder (root=0x55555587ce70) at splay.cpp:254
#22 0x0000555555557abd in InOrder (root=0x55555587d5f0) at splay.cpp:252
#23 0x0000555555557abd in InOrder (root=0x55555570e5f0) at splay.cpp:252
#24 0x0000555555557b0d in InOrder (root=0x55555572ac10) at splay.cpp:254
#25 0x0000555555557b0d in InOrder (root=0x555555748390) at splay.cpp:254
#26 0x0000555555557b0d in InOrder (root=0x55555587dbf0) at splay.cpp:254
#27 0x0000555555557b0d in InOrder (root=0x55555587dc90) at splay.cpp:254
#28 0x0000555555557abd in InOrder (root=0x555555696ef0) at splay.cpp:252
#29 0x0000555555557abd in InOrder (root=0x55555587dcd0) at splay.cpp:252
#30 0x00005555555564fe in main (argc=3, argv=0x7fffffffdfb8) at main.cpp:35

402	      _S_whichbit(size_t __pos) _GLIBCXX_NOEXCEPT
403	      {  return __pos % _GLIBCXX_BITSET_BITS_PER_WORD; }
404	
405	      static _GLIBCXX_CONSTEXPR _WordT
406	      _S_maskbit(size_t __pos) _GLIBCXX_NOEXCEPT
407	      { return (static_cast<_WordT>(1)) << _S_whichbit(__pos); }
408	
409	      _WordT&
410	      _M_getword(size_t) _GLIBCXX_NOEXCEPT
411	      { return _M_w; }

Backtrace END
Fliping a bit of the value pointed by a pointer
Fliping value of field: rchild
Fliping a bit of the pointer
Memory content before bitflip:0xf00xe50x700x550x550x550x000x00
Fault Model: Zero bit-flip
base address to flip value: 0x55555572ac20
address max offset: 8
Memory content after  bitflip:0x000x000x000x000x000x000x000x00
frame name: InOrder
symbol name: root
symbol filename: splay.cpp
symbol line: 248
value: 0x55555572ac10
value address: 0x7fffffffdb18
Type: The type is a pointer.
Type sizeof: 8

[INFO -- 2018-11-30 20:39:36]
Fault Injection Successful after 1.5946526527404785s
[INFO -- 2018-11-30 20:39:36]
event type: exit
[INFO -- 2018-11-30 20:39:36]
exit code: 0
