[INFO -- 2018-12-01 10:06:08]
sending 5 signals using command: 'killall -2 main' after 3.53629491995s
[INFO -- 2018-12-01 10:06:09]
sending 5 signals using command: 'killall -2 main' after 4.14343131814s
[INFO -- 2018-12-01 10:06:09]
sending 5 signals using command: 'killall -2 main' after 4.64882097329s
[INFO -- 2018-12-01 10:06:09]
Starting GDB script
[INFO -- 2018-12-01 10:06:09]
initSignal:0.0
[INFO -- 2018-12-01 10:06:09]
endSignal:5.0
[INFO -- 2018-12-01 10:06:10]
sending 5 signals using command: 'killall -2 main' after 0.303212613302s
[INFO -- 2018-12-01 10:06:10]
sending 5 signals using command: 'killall -2 main' after 0.31402250345s
[INFO -- 2018-12-01 10:06:10]
sending 5 signals using command: 'killall -2 main' after 0.794222859171s
[INFO -- 2018-12-01 10:06:11]
Execution finished before waitTime
