[INFO -- 2018-11-28 20:32:07]
sending 5 signals using command: 'killall -2 main' after 1.71906441603s
[INFO -- 2018-11-28 20:32:08]
sending 5 signals using command: 'killall -2 main' after 2.82476232253s
[INFO -- 2018-11-28 20:32:09]
sending 5 signals using command: 'killall -2 main' after 3.67941159763s
[INFO -- 2018-11-28 20:32:09]
Starting GDB script
[INFO -- 2018-11-28 20:32:09]
initSignal:0.0
[INFO -- 2018-11-28 20:32:09]
endSignal:5.0
[INFO -- 2018-11-28 20:32:10]
sending 5 signals using command: 'killall -2 main' after 0.254296521327s
[INFO -- 2018-11-28 20:32:10]
sending 5 signals using command: 'killall -2 main' after 0.770237986928s
[INFO -- 2018-11-28 20:32:11]
sending 5 signals using command: 'killall -2 main' after 1.48171685636s
[INFO -- 2018-11-28 20:32:11]
Execution finished before waitTime
