[INFO -- 2018-10-12 02:38:42]
Starting flip_value script
version: 1.1
[INFO -- 2018-10-12 02:38:42]
Initialization strings:
[INFO -- 2018-10-12 02:38:42]
(1) file /tmp/BTree/main
[INFO -- 2018-10-12 02:38:42]
(2)  set args /tmp/BTree/input_100000 /tmp/BTree/output_100000
[INFO -- 2018-10-12 02:38:42]
initSignal:0
[INFO -- 2018-10-12 02:38:42]
endSignal:2
[INFO -- 2018-10-12 02:38:42]
faultModel:3
[INFO -- 2018-10-12 02:38:43]
Backtrace BEGIN:
#0  0x00007ffff72ac24e in __GI__IO_putc (c=10, fp=0x7ffff7610760 <_IO_2_1_stdout_>) at putc.c:29
#1  0x00007ffff7b5f99a in std::ostream::put(char) () from /usr/lib/x86_64-linux-gnu/libstdc++.so.6
#2  0x00007ffff7b5fb9f in std::basic_ostream<char, std::char_traits<char> >& std::endl<char, std::char_traits<char> >(std::basic_ostream<char, std::char_traits<char> >&) () from /usr/lib/x86_64-linux-gnu/libstdc++.so.6
#3  0x00005555555563c7 in BTreeNode::traverse (this=0x555555b7cea0) at BTree.cpp:592
#4  0x00005555555563ff in BTreeNode::traverse (this=0x5555559536a0) at BTree.cpp:597
#5  0x0000555555556377 in BTreeNode::traverse (this=0x555555918510) at BTree.cpp:591
#6  0x0000555555556377 in BTreeNode::traverse (this=0x555555aee130) at BTree.cpp:591
#7  0x00005555555563ff in BTreeNode::traverse (this=0x555555bb2000) at BTree.cpp:597
#8  0x00005555555563ff in BTreeNode::traverse (this=0x555555bb2360) at BTree.cpp:597
#9  0x00005555555563ff in BTreeNode::traverse (this=0x555555a27290) at BTree.cpp:597
#10 0x0000555555556377 in BTreeNode::traverse (this=0x555555a273b0) at BTree.cpp:591
#11 0x00005555555563ff in BTreeNode::traverse (this=0x555555a27320) at BTree.cpp:597
#12 0x0000555555556851 in BTree::traverse (this=0x7fffffffddc0) at BTree.cpp:137
#13 0x0000555555556630 in main (argc=3, argv=0x7fffffffded8) at BTree.cpp:668

24	putc.c: Arquivo ou diretório inexistente.

Backtrace END
Fliping a bit of the value pointed by a pointer
Fliping value of field: t
Memory content before bitflip:0x030x000x000x00
Fault Model: Zero bit-flip
base address to flip value: 0x7fffffffddc8
address max offset: 4
Memory content after  bitflip:0x000x000x000x00
frame name: BTree::traverse
symbol name: this
symbol filename: BTree.cpp
symbol line: 0
value: 0x7fffffffddc0
value address: 0x7fffffffdd88
Type: The type is a pointer.
Type sizeof: 8

[INFO -- 2018-10-12 02:38:43]
Fault Injection Successful after 1.1879777908325195s
[INFO -- 2018-10-12 02:38:43]
event type: exit
[INFO -- 2018-10-12 02:38:43]
exit code: 0
