[INFO -- 2018-11-30 23:21:29]
Starting flip_value script
version: 1.1
[INFO -- 2018-11-30 23:21:29]
Initialization strings:
[INFO -- 2018-11-30 23:21:29]
(1) file /tmp/splay/main
[INFO -- 2018-11-30 23:21:29]
(2) set args /tmp/splay/input_100000 /tmp/splay/output_100000
[INFO -- 2018-11-30 23:21:29]
initSignal:0
[INFO -- 2018-11-30 23:21:29]
endSignal:5
[INFO -- 2018-11-30 23:21:29]
faultModel:4
[EXCEPTION -- 2018-11-30 23:21:29]
gdbException: Attempt to dereference a generic pointer.
[INFO -- 2018-11-30 23:21:29]
event type: exit
[INFO -- 2018-11-30 23:21:29]
exit code: 0
