[INFO -- 2018-12-03 22:25:38]
sending 5 signals using command: 'killall -2 main' after 3.25667895734s
[INFO -- 2018-12-03 22:25:39]
sending 5 signals using command: 'killall -2 main' after 3.49594140653s
[INFO -- 2018-12-03 22:25:39]
sending 5 signals using command: 'killall -2 main' after 3.77224694408s
[INFO -- 2018-12-03 22:25:39]
Starting GDB script
[INFO -- 2018-12-03 22:25:39]
initSignal:0.0
[INFO -- 2018-12-03 22:25:39]
endSignal:5.0
[INFO -- 2018-12-03 22:25:39]
sending 5 signals using command: 'killall -2 main' after 0.46729157578s
[INFO -- 2018-12-03 22:25:40]
sending 5 signals using command: 'killall -2 main' after 0.489001977086s
[INFO -- 2018-12-03 22:25:42]
sending 5 signals using command: 'killall -2 main' after 2.47527001357s
[INFO -- 2018-12-03 22:25:42]
Execution finished before waitTime
