[INFO -- 2018-11-26 01:23:39]
Starting flip_value script
version: 1.1
[INFO -- 2018-11-26 01:23:39]
Initialization strings:
[INFO -- 2018-11-26 01:23:39]
(1) file /tmp/BTree-dup/main
[INFO -- 2018-11-26 01:23:39]
(2)  set args /tmp/BTree-dup/input_100000 /tmp/BTree-dup/output_100000 /tmp/BTree-dup-detection.log /tmp/BTree-dup/output2_100000
[INFO -- 2018-11-26 01:23:39]
initSignal:0
[INFO -- 2018-11-26 01:23:39]
endSignal:2
[INFO -- 2018-11-26 01:23:39]
faultModel:4
[EXCEPTION -- 2018-11-26 01:23:40]
pythonException: Unable to exit loop in struct fields; Exiting wihtout making a bit flip
[INFO -- 2018-11-26 01:23:41]
Backtrace BEGIN:
#0  0x00007ffff7af0194 in std::locale::locale(std::locale const&) () from /usr/lib/x86_64-linux-gnu/libstdc++.so.6
#1  0x00005555555571a6 in std::ios_base::getloc (this=0x55555575a048 <std::cout@@GLIBCXX_3.4+8>) at /usr/include/c++/7/bits/ios_base.h:764
#2  0x0000555555557381 in std::operator<< <char, std::char_traits<char>, 16ul> (__os=..., __x=std::bitset = {...}) at /usr/include/c++/7/bitset:1537
#3  0x0000555555556912 in BTreeNode::traverse (this=0x5555557af370) at BTree_dup.cpp:594
#4  0x00005555555568d7 in BTreeNode::traverse (this=0x555555886440) at BTree_dup.cpp:593
#5  0x00005555555568d7 in BTreeNode::traverse (this=0x5555558cf370) at BTree_dup.cpp:593
#6  0x00005555555568d7 in BTreeNode::traverse (this=0x555555a83db0) at BTree_dup.cpp:593
#7  0x00005555555568d7 in BTreeNode::traverse (this=0x555555ac8f00) at BTree_dup.cpp:593
#8  0x00005555555568d7 in BTreeNode::traverse (this=0x55555586a3f0) at BTree_dup.cpp:593
#9  0x00005555555568d7 in BTreeNode::traverse (this=0x5555558f2290) at BTree_dup.cpp:593
#10 0x00005555555568d7 in BTreeNode::traverse (this=0x555555815c40) at BTree_dup.cpp:593
#11 0x00005555555568d7 in BTreeNode::traverse (this=0x555555a2ab30) at BTree_dup.cpp:593
#12 0x00005555555572bb in BTree::traverse (this=0x7fffffffdd40) at BTree_dup.cpp:139
#13 0x0000555555556fbd in main (argc=5, argv=0x7fffffffde68) at BTree_dup.cpp:718

687	        }
688	    }
689	}
690	
691	int main(int argc, char * argv[]) {
692	
693	    if (argc != 5){
694	        cerr << "Uso correto: ./main [input file] [output file] [log file] [output2 file]" << endl;
695	        return 0;
696	    }

Backtrace END
Fliping a bit of the pointer
Memory content before bitflip:0x400xdd0xff0xff0xff0x7f0x000x00
Fault Model: LSB bit-flip
base address to flip value: 0x7fffffffdce8
address max offset: 8
Memory content after  bitflip:0x400xdd0xff0xff0xff0x7f0x000x04
frame name: BTree::traverse
symbol name: this
symbol filename: BTree_dup.cpp
symbol line: 0
value: 0x7fffffffdd40
value address: 0x7fffffffdce8
Type: The type is a pointer.
Type sizeof: 8

[INFO -- 2018-11-26 01:23:41]
Fault Injection Successful after 2.1151247024536133s
[INFO -- 2018-11-26 01:23:41]
event type: exit
[INFO -- 2018-11-26 01:23:41]
exit code: 0
