[INFO -- 2018-12-01 04:28:18]
Starting flip_value script
version: 1.1
[INFO -- 2018-12-01 04:28:18]
Initialization strings:
[INFO -- 2018-12-01 04:28:18]
(1) file /tmp/splay/main
[INFO -- 2018-12-01 04:28:18]
(2) set args /tmp/splay/input_100000 /tmp/splay/output_100000
[INFO -- 2018-12-01 04:28:18]
initSignal:0
[INFO -- 2018-12-01 04:28:18]
endSignal:5
[INFO -- 2018-12-01 04:28:18]
faultModel:3
[EXCEPTION -- 2018-12-01 04:28:18]
pythonException: Unable to exit loop in struct fields; Exiting wihtout making a bit flip
[EXCEPTION -- 2018-12-01 04:28:19]
pythonException: Unable to exit loop in struct fields; Exiting wihtout making a bit flip
[INFO -- 2018-12-01 04:28:19]
event type: exit
[INFO -- 2018-12-01 04:28:19]
exit code: 0
