[INFO -- 2018-11-30 20:59:50]
Starting flip_value script
version: 1.1
[INFO -- 2018-11-30 20:59:50]
Initialization strings:
[INFO -- 2018-11-30 20:59:50]
(1) file /tmp/splay/main
[INFO -- 2018-11-30 20:59:50]
(2) set args /tmp/splay/input_100000 /tmp/splay/output_100000
[INFO -- 2018-11-30 20:59:50]
initSignal:0
[INFO -- 2018-11-30 20:59:50]
endSignal:5
[INFO -- 2018-11-30 20:59:50]
faultModel:2
[INFO -- 2018-11-30 20:59:51]
Backtrace BEGIN:
#0  0x00005555555577a0 in Splay (key=1776397, root=0x5555558364f0) at splay.cpp:93
#1  0x0000555555557916 in Insert (key=1776397, root=0x555555836550) at splay.cpp:145
#2  0x00005555555564bb in main (argc=3, argv=0x7fffffffdfb8) at main.cpp:31

88											  just linking it to L Tree */
89					if(!root->rchild)
90						break;
91				}
92				/* Link to L Tree */
93				LeftTreeMax->rchild = root;
94				LeftTreeMax = LeftTreeMax->rchild;
95				root = root->rchild;
96				LeftTreeMax->rchild = NULL;
97			}

Backtrace END
Memory content before bitflip:0x0d0x1b0x1b0x00
Fault Model: Random bit-flip
base address to flip value: 0x7fffffffdbcc
address max offset: 4
Memory content after  bitflip:0x3b0x7f0xf00x7f
frame name: Splay
symbol name: key
symbol filename: splay.cpp
symbol line: 43
value: 2146467643
value address: 0x7fffffffdbcc
Type: The type is an integer type.
Type sizeof: 4

[INFO -- 2018-11-30 20:59:51]
Fault Injection Successful after 1.0728058815002441s
[INFO -- 2018-11-30 20:59:51]
event type: exit
[INFO -- 2018-11-30 20:59:51]
exit code: 0
