[INFO -- 2018-11-30 22:46:07]
Starting flip_value script
version: 1.1
[INFO -- 2018-11-30 22:46:07]
Initialization strings:
[INFO -- 2018-11-30 22:46:07]
(1) file /tmp/splay/main
[INFO -- 2018-11-30 22:46:07]
(2) set args /tmp/splay/input_100000 /tmp/splay/output_100000
[INFO -- 2018-11-30 22:46:07]
initSignal:0
[INFO -- 2018-11-30 22:46:07]
endSignal:5
[INFO -- 2018-11-30 22:46:07]
faultModel:3
[EXCEPTION -- 2018-11-30 22:46:07]
pythonException: Unable to exit loop in struct fields; Exiting wihtout making a bit flip
[INFO -- 2018-11-30 22:46:07]
Backtrace BEGIN:
#0  _int_malloc (av=av@entry=0x7ffff7e0fc40 <main_arena>, bytes=bytes@entry=24) at malloc.c:4086
#1  0x00007ffff7cc0c23 in __GI___libc_malloc (bytes=24) at malloc.c:3041
#2  0x00007ffff7ec2248 in operator new(unsigned long) () from /usr/lib/x86_64-linux-gnu/libstdc++.so.6
#3  0x0000555555557845 in New_Node (key=3096884) at splay.cpp:112
#4  0x00005555555578ca in Insert (key=3096884, root=0x555555798fd0) at splay.cpp:136
#5  0x00005555555564bb in main (argc=3, argv=0x7fffffffdfb8) at main.cpp:31

4081	in malloc.c

Backtrace END
Memory content before bitflip:0x340x410x2f0x00
Fault Model: Zero bit-flip
base address to flip value: 0x7fffffffdbec
address max offset: 4
Memory content after  bitflip:0x000x000x000x00
frame name: New_Node
symbol name: key
symbol filename: splay.cpp
symbol line: 110
value: 0
value address: 0x7fffffffdbec
Type: The type is an integer type.
Type sizeof: 4

[INFO -- 2018-11-30 22:46:07]
Fault Injection Successful after 0.5144557952880859s
[INFO -- 2018-11-30 22:46:07]
event type: exit
[INFO -- 2018-11-30 22:46:07]
exit code: 0
