[INFO -- 2018-12-01 04:24:35]
Starting flip_value script
version: 1.1
[INFO -- 2018-12-01 04:24:35]
Initialization strings:
[INFO -- 2018-12-01 04:24:35]
(1) file /tmp/splay/main
[INFO -- 2018-12-01 04:24:35]
(2) set args /tmp/splay/input_100000 /tmp/splay/output_100000
[INFO -- 2018-12-01 04:24:35]
initSignal:0
[INFO -- 2018-12-01 04:24:35]
endSignal:5
[INFO -- 2018-12-01 04:24:35]
faultModel:4
[INFO -- 2018-12-01 04:24:35]
Backtrace BEGIN:
#0  0x00007ffff7f42023 in std::ostream::flush() () from /usr/lib/x86_64-linux-gnu/libstdc++.so.6
#1  0x0000555555557afd in InOrder (root=0x5555557bfab0) at splay.cpp:253
#2  0x0000555555557b0d in InOrder (root=0x5555555a4430) at splay.cpp:254
#3  0x0000555555557b0d in InOrder (root=0x5555556cf9f0) at splay.cpp:254
#4  0x0000555555557b0d in InOrder (root=0x555555868c90) at splay.cpp:254
#5  0x0000555555557b0d in InOrder (root=0x5555556d2990) at splay.cpp:254
#6  0x0000555555557b0d in InOrder (root=0x55555568e450) at splay.cpp:254
#7  0x0000555555557abd in InOrder (root=0x555555628550) at splay.cpp:252
#8  0x0000555555557abd in InOrder (root=0x55555587a210) at splay.cpp:252
#9  0x0000555555557b0d in InOrder (root=0x555555609e50) at splay.cpp:254
#10 0x0000555555557b0d in InOrder (root=0x55555587bff0) at splay.cpp:254
#11 0x0000555555557b0d in InOrder (root=0x55555587d750) at splay.cpp:254
#12 0x0000555555557b0d in InOrder (root=0x55555571a7f0) at splay.cpp:254
#13 0x0000555555557b0d in InOrder (root=0x55555571f9b0) at splay.cpp:254
#14 0x0000555555557b0d in InOrder (root=0x55555587d890) at splay.cpp:254
#15 0x0000555555557abd in InOrder (root=0x55555587dbd0) at splay.cpp:252
#16 0x0000555555557b0d in InOrder (root=0x55555568bd90) at splay.cpp:254
#17 0x0000555555557b0d in InOrder (root=0x55555587dcb0) at splay.cpp:254
#18 0x0000555555557b0d in InOrder (root=0x555555693810) at splay.cpp:254
#19 0x0000555555557b0d in InOrder (root=0x555555634c10) at splay.cpp:254
#20 0x0000555555557b0d in InOrder (root=0x55555587dcd0) at splay.cpp:254
#21 0x00005555555564fe in main (argc=3, argv=0x7fffffffdfb8) at main.cpp:35

1	#include "splay.h"
2	#include <iostream>
3	
4	#include <algorithm>    // std::random_shuffle
5	#include <vector>       // std::vector
6	#include <cstdlib>      // std::rand, std::srand
7	#include <cstdio>
8	
9	#include <iterator>
10	#include <fstream>

Backtrace END
Fliping a bit of the pointer
Memory content before bitflip:0x900xd80x870x550x550x550x000x00
Fault Model: LSB bit-flip
base address to flip value: 0x7fffffffdae8
address max offset: 8
Memory content after  bitflip:0x900xd80x870x550x550x550x000x08
frame name: InOrder
symbol name: root
symbol filename: splay.cpp
symbol line: 248
value: 0x55555587d890
value address: 0x7fffffffdae8
Type: The type is a pointer.
Type sizeof: 8

[INFO -- 2018-12-01 04:24:35]
Fault Injection Successful after 0.6969997882843018s
[INFO -- 2018-12-01 04:24:35]
event type: exit
[INFO -- 2018-12-01 04:24:35]
exit code: 0
