[INFO -- 2018-11-30 20:10:31]
Starting flip_value script
version: 1.1
[INFO -- 2018-11-30 20:10:31]
Initialization strings:
[INFO -- 2018-11-30 20:10:31]
(1) file /tmp/splay/main
[INFO -- 2018-11-30 20:10:31]
(2) set args /tmp/splay/input_100000 /tmp/splay/output_100000
[INFO -- 2018-11-30 20:10:31]
initSignal:0
[INFO -- 2018-11-30 20:10:31]
endSignal:5
[INFO -- 2018-11-30 20:10:31]
faultModel:2
[EXCEPTION -- 2018-11-30 20:10:32]
pythonException: Unable to exit loop in struct fields; Exiting wihtout making a bit flip
[EXCEPTION -- 2018-11-30 20:10:32]
pythonException: Unable to exit loop in struct fields; Exiting wihtout making a bit flip
[EXCEPTION -- 2018-11-30 20:10:32]
pythonException: Unable to exit loop in struct fields; Exiting wihtout making a bit flip
[EXCEPTION -- 2018-11-30 20:10:32]
pythonException: Unable to exit loop in struct fields; Exiting wihtout making a bit flip
[INFO -- 2018-11-30 20:10:32]
event type: exit
[INFO -- 2018-11-30 20:10:32]
exit code: 0
