[INFO -- 2018-11-25 23:03:29]
Starting flip_value script
version: 1.1
[INFO -- 2018-11-25 23:03:29]
Initialization strings:
[INFO -- 2018-11-25 23:03:29]
(1) file /tmp/BTree-dup/main
[INFO -- 2018-11-25 23:03:29]
(2)  set args /tmp/BTree-dup/input_100000 /tmp/BTree-dup/output_100000 /tmp/BTree-dup-detection.log /tmp/BTree-dup/output2_100000
[INFO -- 2018-11-25 23:03:29]
initSignal:0
[INFO -- 2018-11-25 23:03:29]
endSignal:2
[INFO -- 2018-11-25 23:03:29]
faultModel:2
[EXCEPTION -- 2018-11-25 23:03:30]
pythonException: Unable to exit loop in struct fields; Exiting wihtout making a bit flip
[EXCEPTION -- 2018-11-25 23:03:31]
pythonException: Unable to exit loop in struct fields; Exiting wihtout making a bit flip
[INFO -- 2018-11-25 23:03:31]
event type: exit
[INFO -- 2018-11-25 23:03:31]
exit code: 0
