[INFO -- 2018-12-01 01:35:27]
Starting flip_value script
version: 1.1
[INFO -- 2018-12-01 01:35:27]
Initialization strings:
[INFO -- 2018-12-01 01:35:27]
(1) file /tmp/splay/main
[INFO -- 2018-12-01 01:35:27]
(2) set args /tmp/splay/input_100000 /tmp/splay/output_100000
[INFO -- 2018-12-01 01:35:27]
initSignal:0
[INFO -- 2018-12-01 01:35:27]
endSignal:5
[INFO -- 2018-12-01 01:35:27]
faultModel:4
[INFO -- 2018-12-01 01:35:27]
Backtrace BEGIN:
#0  0x00007ffff7d34fd4 in __GI___libc_write (fd=1, buf=0x55555587dcf0, nbytes=17) at ../sysdeps/unix/sysv/linux/write.c:26
#1  0x00007ffff7cb633d in _IO_new_file_write (f=0x7ffff7e10760 <_IO_2_1_stdout_>, data=0x55555587dcf0, n=17) at fileops.c:1183
#2  0x00007ffff7cb7a71 in new_do_write (to_do=17, data=0x55555587dcf0 "1011111100111001\n", fp=0x7ffff7e10760 <_IO_2_1_stdout_>) at libioP.h:839
#3  _IO_new_do_write (fp=0x7ffff7e10760 <_IO_2_1_stdout_>, data=0x55555587dcf0 "1011111100111001\n", to_do=17) at fileops.c:433
#4  0x00007ffff7cb56f8 in _IO_new_file_sync (fp=0x7ffff7e10760 <_IO_2_1_stdout_>) at fileops.c:819
#5  0x00007ffff7caa32d in __GI__IO_fflush (fp=0x7ffff7e10760 <_IO_2_1_stdout_>) at libioP.h:839
#6  0x00007ffff7f4201e in std::ostream::flush() () from /usr/lib/x86_64-linux-gnu/libstdc++.so.6
#7  0x0000555555557afd in InOrder (root=0x5555556b1a30) at splay.cpp:253
#8  0x0000555555557abd in InOrder (root=0x555555793f30) at splay.cpp:252
#9  0x0000555555557abd in InOrder (root=0x5555555a3270) at splay.cpp:252
#10 0x0000555555557abd in InOrder (root=0x555555815eb0) at splay.cpp:252
#11 0x0000555555557b0d in InOrder (root=0x55555582edb0) at splay.cpp:254
#12 0x0000555555557b0d in InOrder (root=0x5555556d8ef0) at splay.cpp:254
#13 0x0000555555557abd in InOrder (root=0x5555558504d0) at splay.cpp:252
#14 0x0000555555557abd in InOrder (root=0x55555559cbf0) at splay.cpp:252
#15 0x0000555555557b0d in InOrder (root=0x555555661410) at splay.cpp:254
#16 0x0000555555557abd in InOrder (root=0x55555585f670) at splay.cpp:252
#17 0x0000555555557b0d in InOrder (root=0x5555557d2ed0) at splay.cpp:254
#18 0x0000555555557b0d in InOrder (root=0x555555814510) at splay.cpp:254
#19 0x0000555555557b0d in InOrder (root=0x555555855410) at splay.cpp:254
#20 0x0000555555557abd in InOrder (root=0x55555557c2d0) at splay.cpp:252
#21 0x0000555555557abd in InOrder (root=0x55555586c0d0) at splay.cpp:252
#22 0x0000555555557b0d in InOrder (root=0x555555872b50) at splay.cpp:254
#23 0x0000555555557abd in InOrder (root=0x55555577f3d0) at splay.cpp:252
#24 0x0000555555557abd in InOrder (root=0x555555872170) at splay.cpp:252
#25 0x0000555555557b0d in InOrder (root=0x5555556b7290) at splay.cpp:254
#26 0x0000555555557b0d in InOrder (root=0x55555586b230) at splay.cpp:254
#27 0x0000555555557abd in InOrder (root=0x55555587bd50) at splay.cpp:252
#28 0x0000555555557abd in InOrder (root=0x55555580d5d0) at splay.cpp:252
#29 0x0000555555557b0d in InOrder (root=0x55555563a2f0) at splay.cpp:254
#30 0x0000555555557b0d in InOrder (root=0x555555581df0) at splay.cpp:254
#31 0x0000555555557b0d in InOrder (root=0x55555560ac10) at splay.cpp:254
#32 0x0000555555557b0d in InOrder (root=0x55555587d9b0) at splay.cpp:254
#33 0x0000555555557b0d in InOrder (root=0x555555794190) at splay.cpp:254
#34 0x0000555555557b0d in InOrder (root=0x555555771bf0) at splay.cpp:254
#35 0x0000555555557b0d in InOrder (root=0x55555587dad0) at splay.cpp:254
#36 0x0000555555557abd in InOrder (root=0x55555587d8d0) at splay.cpp:252
#37 0x0000555555557b0d in InOrder (root=0x5555557cfed0) at splay.cpp:254
#38 0x0000555555557b0d in InOrder (root=0x555555774190) at splay.cpp:254
#39 0x0000555555557b0d in InOrder (root=0x555555774870) at splay.cpp:254
#40 0x0000555555557abd in InOrder (root=0x55555587dcb0) at splay.cpp:252
#41 0x0000555555557b0d in InOrder (root=0x555555693810) at splay.cpp:254
#42 0x0000555555557b0d in InOrder (root=0x555555634c10) at splay.cpp:254
#43 0x0000555555557b0d in InOrder (root=0x55555587dcd0) at splay.cpp:254
#44 0x00005555555564fe in main (argc=3, argv=0x7fffffffdfb8) at main.cpp:35

21	in ../sysdeps/unix/sysv/linux/write.c

Backtrace END
Fliping a bit of the pointer
Memory content before bitflip:0xb00xd90x870x550x550x550x000x00
Fault Model: LSB bit-flip
base address to flip value: 0x7fffffffd9f8
address max offset: 8
Memory content after  bitflip:0xb00xd90x870x550x550x550x000x04
frame name: InOrder
symbol name: root
symbol filename: splay.cpp
symbol line: 248
value: 0x55555587d9b0
value address: 0x7fffffffd9f8
Type: The type is a pointer.
Type sizeof: 8

[INFO -- 2018-12-01 01:35:27]
Fault Injection Successful after 0.8605697154998779s
[INFO -- 2018-12-01 01:35:27]
event type: exit
[INFO -- 2018-12-01 01:35:27]
exit code: 0
