[INFO -- 2018-10-12 04:47:32]
Starting flip_value script
version: 1.1
[INFO -- 2018-10-12 04:47:32]
Initialization strings:
[INFO -- 2018-10-12 04:47:32]
(1) file /tmp/BTree/main
[INFO -- 2018-10-12 04:47:32]
(2)  set args /tmp/BTree/input_100000 /tmp/BTree/output_100000
[INFO -- 2018-10-12 04:47:32]
initSignal:0
[INFO -- 2018-10-12 04:47:32]
endSignal:2
[INFO -- 2018-10-12 04:47:32]
faultModel:1
[EXCEPTION -- 2018-10-12 04:47:33]
gdbException: Tentativo de desreferenciar um ponteiro genérico.
[INFO -- 2018-10-12 04:47:33]
event type: exit
[INFO -- 2018-10-12 04:47:33]
exit code: 0
