[INFO -- 2018-11-26 01:10:40]
Starting flip_value script
version: 1.1
[INFO -- 2018-11-26 01:10:40]
Initialization strings:
[INFO -- 2018-11-26 01:10:40]
(1) file /tmp/BTree-dup/main
[INFO -- 2018-11-26 01:10:40]
(2)  set args /tmp/BTree-dup/input_100000 /tmp/BTree-dup/output_100000 /tmp/BTree-dup-detection.log /tmp/BTree-dup/output2_100000
[INFO -- 2018-11-26 01:10:40]
initSignal:0
[INFO -- 2018-11-26 01:10:40]
endSignal:2
[INFO -- 2018-11-26 01:10:40]
faultModel:4
[INFO -- 2018-11-26 01:10:41]
Backtrace BEGIN:
#0  0x00007ffff7334154 in __GI___libc_write (fd=1, buf=0x55555576d0d0, nbytes=17) at ../sysdeps/unix/sysv/linux/write.c:27
#1  0x00007ffff72af1bd in _IO_new_file_write (f=0x7ffff7610760 <_IO_2_1_stdout_>, data=0x55555576d0d0, n=17) at fileops.c:1203
#2  0x00007ffff72b0f51 in new_do_write (to_do=17, data=0x55555576d0d0 "0010001001111001\n\320vUUU", fp=0x7ffff7610760 <_IO_2_1_stdout_>) at fileops.c:457
#3  _IO_new_do_write (fp=0x7ffff7610760 <_IO_2_1_stdout_>, data=0x55555576d0d0 "0010001001111001\n\320vUUU", to_do=17) at fileops.c:433
#4  0x00007ffff72ae788 in _IO_new_file_sync (fp=0x7ffff7610760 <_IO_2_1_stdout_>) at fileops.c:813
#5  0x00007ffff72a287d in __GI__IO_fflush (fp=0x7ffff7610760 <_IO_2_1_stdout_>) at iofflush.c:40
#6  0x00007ffff7b5ef5e in std::ostream::flush() () from /usr/lib/x86_64-linux-gnu/libstdc++.so.6
#7  0x0000555555556927 in BTreeNode::traverse (this=0x5555558ff070) at BTree_dup.cpp:594
#8  0x00005555555568d7 in BTreeNode::traverse (this=0x555555999660) at BTree_dup.cpp:593
#9  0x000055555555695f in BTreeNode::traverse (this=0x5555559a1580) at BTree_dup.cpp:599
#10 0x000055555555695f in BTreeNode::traverse (this=0x555555a84230) at BTree_dup.cpp:599
#11 0x00005555555568d7 in BTreeNode::traverse (this=0x5555557cc380) at BTree_dup.cpp:593
#12 0x00005555555568d7 in BTreeNode::traverse (this=0x555555b653e0) at BTree_dup.cpp:593
#13 0x00005555555568d7 in BTreeNode::traverse (this=0x5555559d1310) at BTree_dup.cpp:593
#14 0x000055555555695f in BTreeNode::traverse (this=0x555555a2abc0) at BTree_dup.cpp:599
#15 0x000055555555695f in BTreeNode::traverse (this=0x555555a2ab30) at BTree_dup.cpp:599
#16 0x00005555555572bb in BTree::traverse (this=0x7fffffffdd40) at BTree_dup.cpp:139
#17 0x0000555555556fbd in main (argc=5, argv=0x7fffffffde68) at BTree_dup.cpp:718

22	../sysdeps/unix/sysv/linux/write.c: Arquivo ou diretório inexistente.

Backtrace END
Memory content before bitflip:0x030x000x000x00
Fault Model: LSB bit-flip
base address to flip value: 0x7fffffffdb3c
address max offset: 4
Memory content after  bitflip:0x030x000x000x08
frame name: BTreeNode::traverse
symbol name: i
symbol filename: BTree_dup.cpp
symbol line: 587
value: 134217731
value address: 0x7fffffffdb3c
Type: The type is an integer type.
Type sizeof: 4

[INFO -- 2018-11-26 01:10:41]
Fault Injection Successful after 1.5401701927185059s
[INFO -- 2018-11-26 01:10:42]
event type: exit
[INFO -- 2018-11-26 01:10:42]
exit code: 0
