[INFO -- 2018-10-17 21:10:58]
Starting flip_value script
version: 1.1
[INFO -- 2018-10-17 21:10:58]
Initialization strings:
[INFO -- 2018-10-17 21:10:58]
(1) file /tmp/Tree234/main
[INFO -- 2018-10-17 21:10:58]
(2) set args /tmp/Tree234/input_50000 /tmp/Tree234/output_50000
[INFO -- 2018-10-17 21:10:58]
initSignal:0
[INFO -- 2018-10-17 21:10:58]
endSignal:2
[INFO -- 2018-10-17 21:10:58]
faultModel:0
[EXCEPTION -- 2018-10-17 21:10:58]
gdbException: Attempt to dereference a generic pointer.
[INFO -- 2018-10-17 21:10:58]
event type: exit
[INFO -- 2018-10-17 21:10:58]
exit code: 0
