[INFO -- 2018-12-09 14:55:20]
sending 5 signals using command: 'killall -2 main' after 3.08514884364s
[INFO -- 2018-12-09 14:55:21]
sending 5 signals using command: 'killall -2 main' after 3.60755370263s
[INFO -- 2018-12-09 14:55:21]
sending 5 signals using command: 'killall -2 main' after 3.73751113543s
[INFO -- 2018-12-09 14:55:21]
Starting GDB script
[INFO -- 2018-12-09 14:55:21]
initSignal:0.0
[INFO -- 2018-12-09 14:55:21]
endSignal:5.0
[INFO -- 2018-12-09 14:55:22]
sending 5 signals using command: 'killall -2 main' after 1.39021475946s
[INFO -- 2018-12-09 14:55:23]
sending 5 signals using command: 'killall -2 main' after 1.61340670481s
[INFO -- 2018-12-09 14:55:24]
sending 5 signals using command: 'killall -2 main' after 3.0116103264s
[INFO -- 2018-12-09 14:55:24]
Execution finished before waitTime
