[INFO -- 2018-10-16 21:33:55]
Starting flip_value script
version: 1.1
[INFO -- 2018-10-16 21:33:55]
Initialization strings:
[INFO -- 2018-10-16 21:33:55]
(1) file /tmp/RBTree/main
[INFO -- 2018-10-16 21:33:55]
(2) set args  /tmp/RBTree/input_ /tmp/RBTree/output_
[INFO -- 2018-10-16 21:33:55]
initSignal:0
[INFO -- 2018-10-16 21:33:55]
endSignal:2
[INFO -- 2018-10-16 21:33:55]
faultModel:4
[INFO -- 2018-10-16 21:33:56]
Backtrace BEGIN:
#0  0x00007ffff7334154 in __GI___libc_write (fd=1, buf=0x5555559b9860, nbytes=21) at ../sysdeps/unix/sysv/linux/write.c:27
#1  0x00007ffff72af1bd in _IO_new_file_write (f=0x7ffff7610760 <_IO_2_1_stdout_>, data=0x5555559b9860, n=21) at fileops.c:1203
#2  0x00007ffff72b0f51 in new_do_write (to_do=21, data=0x5555559b9860 "0100010011000001 001\n", fp=0x7ffff7610760 <_IO_2_1_stdout_>) at fileops.c:457
#3  _IO_new_do_write (fp=0x7ffff7610760 <_IO_2_1_stdout_>, data=0x5555559b9860 "0100010011000001 001\n", to_do=21) at fileops.c:433
#4  0x00007ffff72ae788 in _IO_new_file_sync (fp=0x7ffff7610760 <_IO_2_1_stdout_>) at fileops.c:813
#5  0x00007ffff72a287d in __GI__IO_fflush (fp=0x7ffff7610760 <_IO_2_1_stdout_>) at iofflush.c:40
#6  0x00007ffff7b5ef5e in std::ostream::flush() () from /usr/lib/x86_64-linux-gnu/libstdc++.so.6
#7  0x00005555555577ea in RBTree::inorderBST (this=0x7fffffffdc00, ptr=@0x555555864fa8: 0x5555558b2b80) at RBTree.cpp:276
#8  0x000055555555776a in RBTree::inorderBST (this=0x7fffffffdc00, ptr=@0x5555557c5108: 0x555555864fa0) at RBTree.cpp:271
#9  0x000055555555776a in RBTree::inorderBST (this=0x7fffffffdc00, ptr=@0x5555557fe440: 0x5555557c5100) at RBTree.cpp:271
#10 0x0000555555557804 in RBTree::inorderBST (this=0x7fffffffdc00, ptr=@0x5555557c03a0: 0x5555557fe430) at RBTree.cpp:279
#11 0x0000555555557804 in RBTree::inorderBST (this=0x7fffffffdc00, ptr=@0x555555778790: 0x5555557c0390) at RBTree.cpp:279
#12 0x0000555555557804 in RBTree::inorderBST (this=0x7fffffffdc00, ptr=@0x555555797390: 0x555555778780) at RBTree.cpp:279
#13 0x0000555555557804 in RBTree::inorderBST (this=0x7fffffffdc00, ptr=@0x5555557708f8: 0x555555797380) at RBTree.cpp:279
#14 0x000055555555776a in RBTree::inorderBST (this=0x7fffffffdc00, ptr=@0x555555770ea0: 0x5555557708f0) at RBTree.cpp:271
#15 0x0000555555557804 in RBTree::inorderBST (this=0x7fffffffdc00, ptr=@0x555555770cc0: 0x555555770e90) at RBTree.cpp:279
#16 0x0000555555557804 in RBTree::inorderBST (this=0x7fffffffdc00, ptr=@0x5555557709c0: 0x555555770cb0) at RBTree.cpp:279
#17 0x0000555555557804 in RBTree::inorderBST (this=0x7fffffffdc00, ptr=@0x555555770e08: 0x5555557709b0) at RBTree.cpp:279
#18 0x000055555555776a in RBTree::inorderBST (this=0x7fffffffdc00, ptr=@0x55555576f0f8: 0x555555770e00) at RBTree.cpp:271
#19 0x000055555555776a in RBTree::inorderBST (this=0x7fffffffdc00, ptr=@0x555555771a40: 0x55555576f0f0) at RBTree.cpp:271
#20 0x0000555555557804 in RBTree::inorderBST (this=0x7fffffffdc00, ptr=@0x55555576fa60: 0x555555771a30) at RBTree.cpp:279
#21 0x0000555555557804 in RBTree::inorderBST (this=0x7fffffffdc00, ptr=@0x7fffffffdc00: 0x55555576fa50) at RBTree.cpp:279
#22 0x0000555555557841 in RBTree::inorder (this=0x7fffffffdc00) at RBTree.cpp:283
#23 0x000055555555564c in main (argc=3, argv=0x7fffffffdf38) at main.cpp:58

22	../sysdeps/unix/sysv/linux/write.c: Arquivo ou diretório inexistente.

Backtrace END
Fliping a bit of the reference
Memory content before bitflip:0x300x1a0x770x550x550x550x000x00
Fault Model: LSB bit-flip
base address to flip value: 0x55555576fa60
address max offset: 8
Memory content after  bitflip:0x300x1a0x770x550x550x550x000x02
frame name: RBTree::inorderBST
symbol name: ptr
symbol filename: RBTree.cpp
symbol line: 267
value: @0x55555576fa60
value address: 0x55555576fa60
Type: A reference type.
Type sizeof: 8

[INFO -- 2018-10-16 21:33:56]
Fault Injection Successful after 1.19223952293396s
[INFO -- 2018-10-16 21:33:56]
event type: exit
[INFO -- 2018-10-16 21:33:56]
exit code: 0
