[INFO -- 2018-12-01 02:32:00]
Starting flip_value script
version: 1.1
[INFO -- 2018-12-01 02:32:00]
Initialization strings:
[INFO -- 2018-12-01 02:32:01]
(1) file /tmp/splay/main
[INFO -- 2018-12-01 02:32:01]
(2) set args /tmp/splay/input_100000 /tmp/splay/output_100000
[INFO -- 2018-12-01 02:32:01]
initSignal:0
[INFO -- 2018-12-01 02:32:01]
endSignal:5
[INFO -- 2018-12-01 02:32:01]
faultModel:3
[EXCEPTION -- 2018-12-01 02:32:01]
pythonException: Unable to exit loop in struct fields; Exiting wihtout making a bit flip
[EXCEPTION -- 2018-12-01 02:32:01]
pythonException: Unable to exit loop in struct fields; Exiting wihtout making a bit flip
[INFO -- 2018-12-01 02:32:01]
event type: exit
[INFO -- 2018-12-01 02:32:01]
exit code: 0
