[INFO -- 2018-11-26 01:19:50]
Starting flip_value script
version: 1.1
[INFO -- 2018-11-26 01:19:50]
Initialization strings:
[INFO -- 2018-11-26 01:19:50]
(1) file /tmp/BTree-dup/main
[INFO -- 2018-11-26 01:19:50]
(2)  set args /tmp/BTree-dup/input_100000 /tmp/BTree-dup/output_100000 /tmp/BTree-dup-detection.log /tmp/BTree-dup/output2_100000
[INFO -- 2018-11-26 01:19:50]
initSignal:0
[INFO -- 2018-11-26 01:19:50]
endSignal:2
[INFO -- 2018-11-26 01:19:50]
faultModel:4
[EXCEPTION -- 2018-11-26 01:19:51]
pythonException: Unable to exit loop in struct fields; Exiting wihtout making a bit flip
[INFO -- 2018-11-26 01:19:52]
Backtrace BEGIN:
#0  0x000055555555791b in std::bitset<16ul>::_Unchecked_test (this=0x7fffffffdac0, __pos=14) at /usr/include/c++/7/bitset:1059
#1  0x0000555555557681 in std::bitset<16ul>::_M_copy_to_string<char, std::char_traits<char>, std::allocator<char> > (this=0x7fffffffdac0, __s='0' <repete 16 vezes>, __zero=48 '0', __one=49 '1') at /usr/include/c++/7/bitset:1409
#2  0x00005555555573d7 in std::operator<< <char, std::char_traits<char>, 16ul> (__os=..., __x=std::bitset = {...}) at /usr/include/c++/7/bitset:1538
#3  0x0000555555556912 in BTreeNode::traverse (this=0x555555accd70) at BTree_dup.cpp:594
#4  0x00005555555568d7 in BTreeNode::traverse (this=0x55555599d170) at BTree_dup.cpp:593
#5  0x00005555555568d7 in BTreeNode::traverse (this=0x5555559a1c40) at BTree_dup.cpp:593
#6  0x00005555555568d7 in BTreeNode::traverse (this=0x5555559e4090) at BTree_dup.cpp:593
#7  0x00005555555568d7 in BTreeNode::traverse (this=0x5555557e8100) at BTree_dup.cpp:593
#8  0x00005555555568d7 in BTreeNode::traverse (this=0x555555812640) at BTree_dup.cpp:593
#9  0x00005555555568d7 in BTreeNode::traverse (this=0x555555815cd0) at BTree_dup.cpp:593
#10 0x000055555555695f in BTreeNode::traverse (this=0x555555815c40) at BTree_dup.cpp:599
#11 0x00005555555568d7 in BTreeNode::traverse (this=0x555555a2ab30) at BTree_dup.cpp:593
#12 0x00005555555572bb in BTree::traverse (this=0x7fffffffdd40) at BTree_dup.cpp:139
#13 0x0000555555556fbd in main (argc=5, argv=0x7fffffffde68) at BTree_dup.cpp:718

1054	      }
1055	
1056	      _GLIBCXX_CONSTEXPR bool
1057	      _Unchecked_test(size_t __pos) const _GLIBCXX_NOEXCEPT
1058	      { return ((this->_M_getword(__pos) & _Base::_S_maskbit(__pos))
1059			!= static_cast<_WordT>(0)); }
1060	      //@}
1061	
1062	      // Set, reset, and flip.
1063	      /**

Backtrace END
Memory content before bitflip:0x010x000x000x00
Fault Model: LSB bit-flip
base address to flip value: 0x7fffffffdabc
address max offset: 4
Memory content after  bitflip:0x010x000x000x20
frame name: BTreeNode::traverse
symbol name: i
symbol filename: BTree_dup.cpp
symbol line: 587
value: 536870913
value address: 0x7fffffffdabc
Type: The type is an integer type.
Type sizeof: 4

[INFO -- 2018-11-26 01:19:52]
Fault Injection Successful after 2.4819326400756836s
[INFO -- 2018-11-26 01:19:54]
event type: exit
[INFO -- 2018-11-26 01:19:54]
exit code: 0
