[INFO -- 2018-12-01 05:05:18]
Starting flip_value script
version: 1.1
[INFO -- 2018-12-01 05:05:18]
Initialization strings:
[INFO -- 2018-12-01 05:05:18]
(1) file /tmp/splay/main
[INFO -- 2018-12-01 05:05:18]
(2) set args /tmp/splay/input_100000 /tmp/splay/output_100000
[INFO -- 2018-12-01 05:05:18]
initSignal:0
[INFO -- 2018-12-01 05:05:18]
endSignal:5
[INFO -- 2018-12-01 05:05:18]
faultModel:4
[EXCEPTION -- 2018-12-01 05:05:19]
pythonException: Unable to exit loop in struct fields; Exiting wihtout making a bit flip
[INFO -- 2018-12-01 05:05:19]
Backtrace BEGIN:
#0  Splay (key=1080768, root=0x55555563d250) at splay.cpp:93
#1  0x0000555555557916 in Insert (key=1080768, root=0x5555556b6370) at splay.cpp:145
#2  0x00005555555564bb in main (argc=3, argv=0x7fffffffdfb8) at main.cpp:31

88											  just linking it to L Tree */
89					if(!root->rchild)
90						break;
91				}
92				/* Link to L Tree */
93				LeftTreeMax->rchild = root;
94				LeftTreeMax = LeftTreeMax->rchild;
95				root = root->rchild;
96				LeftTreeMax->rchild = NULL;
97			}

Backtrace END
Memory content before bitflip:0xc00x7d0x100x00
Fault Model: LSB bit-flip
base address to flip value: 0x7fffffffdc1c
address max offset: 4
Memory content after  bitflip:0xc00x7d0x100x04
frame name: Insert
symbol name: key
symbol filename: splay.cpp
symbol line: 132
value: 68189632
value address: 0x7fffffffdc1c
Type: The type is an integer type.
Type sizeof: 4

[INFO -- 2018-12-01 05:05:19]
Fault Injection Successful after 1.1925327777862549s
[INFO -- 2018-12-01 05:05:19]
event type: exit
[INFO -- 2018-12-01 05:05:19]
exit code: 0
