[INFO -- 2018-11-30 17:29:46]
sending 5 signals using command: 'killall -2 main' after 1.75861652946s
[INFO -- 2018-11-30 17:29:48]
sending 5 signals using command: 'killall -2 main' after 3.14164260785s
[INFO -- 2018-11-30 17:29:48]
sending 5 signals using command: 'killall -2 main' after 3.39740589941s
[INFO -- 2018-11-30 17:29:48]
Starting GDB script
[INFO -- 2018-11-30 17:29:48]
initSignal:0.0
[INFO -- 2018-11-30 17:29:48]
endSignal:5.0
[INFO -- 2018-11-30 17:29:48]
sending 5 signals using command: 'killall -2 main' after 0.0190055211271s
[INFO -- 2018-11-30 17:29:48]
sending 5 signals using command: 'killall -2 main' after 0.103729758862s
[INFO -- 2018-11-30 17:29:49]
sending 5 signals using command: 'killall -2 main' after 1.11550727882s
[INFO -- 2018-11-30 17:29:50]
Execution finished before waitTime
