[INFO -- 2018-12-01 10:55:46]
Starting flip_value script
version: 1.1
[INFO -- 2018-12-01 10:55:46]
Initialization strings:
[INFO -- 2018-12-01 10:55:46]
(1) file /tmp/splay/main
[INFO -- 2018-12-01 10:55:46]
(2) set args /tmp/splay/input_100000 /tmp/splay/output_100000
[INFO -- 2018-12-01 10:55:46]
initSignal:0
[INFO -- 2018-12-01 10:55:46]
endSignal:5
[INFO -- 2018-12-01 10:55:46]
faultModel:0
[EXCEPTION -- 2018-12-01 10:55:46]
pythonException: Unable to exit loop in struct fields; Exiting wihtout making a bit flip
[INFO -- 2018-12-01 10:55:46]
Backtrace BEGIN:
#0  0x0000555555557cab in RR_Rotate (k2=0x55555576c0f0) at splay.cpp:18
#1  0x0000555555557711 in Splay (key=711473, root=0x55555576c0f0) at splay.cpp:66
#2  0x0000555555557916 in Insert (key=711473, root=0x55555576c6f0) at splay.cpp:145
#3  0x00005555555564bb in main (argc=3, argv=0x7fffffffdfb8) at main.cpp:31

13	    X   Y                    Y    Z
14	*/
15	inline splay* RR_Rotate(splay* k2)
16	{
17		splay* k1 = k2->lchild;
18		k2->lchild = k1->rchild;
19		k1->rchild = k2;
20		return k1;
21	}
22	

Backtrace END
Fliping a bit of the value pointed by a pointer
Fliping value of field: lchild
Fliping a bit of the pointer
Memory content before bitflip:0x000x000x000x000x000x000x000x00
Fault Model: Single bit-flip
base address to flip value: 0x55555576c718
address max offset: 8
Memory content after  bitflip:0x000x000x020x000x000x000x000x00
frame name: Insert
symbol name: p_node
symbol filename: splay.cpp
symbol line: 134
value: 0x55555576c710
value address: 0x55555555b2a0 <Insert(int, splay*)::p_node>
Type: The type is a pointer.
Type sizeof: 8

[INFO -- 2018-12-01 10:55:46]
Fault Injection Successful after 0.7706758975982666s
[INFO -- 2018-12-01 10:55:46]
event type: exit
[INFO -- 2018-12-01 10:55:46]
exit code: 0
