[INFO -- 2018-10-12 02:41:33]
Starting flip_value script
version: 1.1
[INFO -- 2018-10-12 02:41:33]
Initialization strings:
[INFO -- 2018-10-12 02:41:33]
(1) file /tmp/BTree/main
[INFO -- 2018-10-12 02:41:33]
(2)  set args /tmp/BTree/input_100000 /tmp/BTree/output_100000
[INFO -- 2018-10-12 02:41:33]
initSignal:0
[INFO -- 2018-10-12 02:41:33]
endSignal:2
[INFO -- 2018-10-12 02:41:33]
faultModel:2
[INFO -- 2018-10-12 02:41:34]
Backtrace BEGIN:
#0  malloc (n=14) at dl-minimal.c:50
#1  <function called from gdb>
#2  0x00007ffff72b8822 in _int_malloc (av=av@entry=0x7ffff760fc40 <main_arena>, bytes=bytes@entry=48) at malloc.c:3703
#3  0x00007ffff72bb0fc in __GI___libc_malloc (bytes=48) at malloc.c:3057
#4  0x00007ffff7adf1a8 in operator new(unsigned long) () from /usr/lib/x86_64-linux-gnu/libstdc++.so.6
#5  0x000055555555536a in BTreeNode::BTreeNode (this=0x5555558739c0, t1=3, leaf1=false) at BTree.cpp:163
#6  0x000055555555611b in BTreeNode::splitChild (this=0x5555557e4e00, i=1, y=0x5555557fedb0) at BTree.cpp:543
#7  0x000055555555608d in BTreeNode::insertNonFull (this=0x5555557e4e00, k=1189196) at BTree.cpp:525
#8  0x00005555555560d9 in BTreeNode::insertNonFull (this=0x55555580ed10, k=1189196) at BTree.cpp:533
#9  0x00005555555560d9 in BTreeNode::insertNonFull (this=0x555555853b00, k=1189196) at BTree.cpp:533
#10 0x00005555555560d9 in BTreeNode::insertNonFull (this=0x555555866be0, k=1189196) at BTree.cpp:533
#11 0x00005555555560d9 in BTreeNode::insertNonFull (this=0x55555579e990, k=1189196) at BTree.cpp:533
#12 0x00005555555560d9 in BTreeNode::insertNonFull (this=0x555555812430, k=1189196) at BTree.cpp:533
#13 0x0000555555555f18 in BTree::insert (this=0x7fffffffddc0, k=1189196) at BTree.cpp:487
#14 0x0000555555556601 in main (argc=3, argv=0x7fffffffded8) at BTree.cpp:665

45	dl-minimal.c: Arquivo ou diretório inexistente.

Backtrace END
Memory content before bitflip:0xff0xff0xff0xff
Fault Model: Random bit-flip
base address to flip value: 0x7fffffffdc8c
address max offset: 4
Memory content after  bitflip:0xa70xea0x8e0xb5
frame name: BTreeNode::insertNonFull
symbol name: i
symbol filename: BTree.cpp
symbol line: 497
value: -1248925017
value address: 0x7fffffffdc8c
Type: The type is an integer type.
Type sizeof: 4

[INFO -- 2018-10-12 02:41:34]
Fault Injection Successful after 1.0508756637573242s
[INFO -- 2018-10-12 02:41:34]
event type: exit
[INFO -- 2018-10-12 02:41:34]
exit code: 0
