[INFO -- 2018-12-01 13:07:52]
Starting flip_value script
version: 1.1
[INFO -- 2018-12-01 13:07:52]
Initialization strings:
[INFO -- 2018-12-01 13:07:52]
(1) file /tmp/splay/main
[INFO -- 2018-12-01 13:07:52]
(2) set args /tmp/splay/input_100000 /tmp/splay/output_100000
[INFO -- 2018-12-01 13:07:52]
initSignal:0
[INFO -- 2018-12-01 13:07:52]
endSignal:5
[INFO -- 2018-12-01 13:07:52]
faultModel:0
[INFO -- 2018-12-01 13:07:53]
Backtrace BEGIN:
#0  0x00007ffff7d34fd4 in __GI___libc_write (fd=1, buf=0x55555587dcf0, nbytes=17) at ../sysdeps/unix/sysv/linux/write.c:26
#1  0x00007ffff7cb633d in _IO_new_file_write (f=0x7ffff7e10760 <_IO_2_1_stdout_>, data=0x55555587dcf0, n=17) at fileops.c:1183
#2  0x00007ffff7cb7a71 in new_do_write (to_do=17, data=0x55555587dcf0 "1100000000001000\n", fp=0x7ffff7e10760 <_IO_2_1_stdout_>) at libioP.h:839
#3  _IO_new_do_write (fp=0x7ffff7e10760 <_IO_2_1_stdout_>, data=0x55555587dcf0 "1100000000001000\n", to_do=17) at fileops.c:433
#4  0x00007ffff7cb56f8 in _IO_new_file_sync (fp=0x7ffff7e10760 <_IO_2_1_stdout_>) at fileops.c:819
#5  0x00007ffff7caa32d in __GI__IO_fflush (fp=0x7ffff7e10760 <_IO_2_1_stdout_>) at libioP.h:839
#6  0x00007ffff7f4201e in std::ostream::flush() () from /usr/lib/x86_64-linux-gnu/libstdc++.so.6
#7  0x0000555555557afd in InOrder (root=0x55555585e790) at splay.cpp:253
#8  0x0000555555557b0d in InOrder (root=0x5555558497d0) at splay.cpp:254
#9  0x0000555555557abd in InOrder (root=0x555555861c50) at splay.cpp:252
#10 0x0000555555557abd in InOrder (root=0x555555660e70) at splay.cpp:252
#11 0x0000555555557abd in InOrder (root=0x55555586e250) at splay.cpp:252
#12 0x0000555555557b0d in InOrder (root=0x5555556e75f0) at splay.cpp:254
#13 0x0000555555557abd in InOrder (root=0x555555725790) at splay.cpp:252
#14 0x0000555555557abd in InOrder (root=0x555555604790) at splay.cpp:252
#15 0x0000555555557abd in InOrder (root=0x555555600790) at splay.cpp:252
#16 0x0000555555557abd in InOrder (root=0x5555556d4930) at splay.cpp:252
#17 0x0000555555557b0d in InOrder (root=0x5555556dde90) at splay.cpp:254
#18 0x0000555555557abd in InOrder (root=0x5555556b07f0) at splay.cpp:252
#19 0x0000555555557abd in InOrder (root=0x5555556b0df0) at splay.cpp:252
#20 0x0000555555557abd in InOrder (root=0x55555579a3d0) at splay.cpp:252
#21 0x0000555555557abd in InOrder (root=0x55555587ca30) at splay.cpp:252
#22 0x0000555555557abd in InOrder (root=0x55555587cb90) at splay.cpp:252
#23 0x0000555555557abd in InOrder (root=0x55555569cd70) at splay.cpp:252
#24 0x0000555555557b0d in InOrder (root=0x555555651630) at splay.cpp:254
#25 0x0000555555557b0d in InOrder (root=0x55555587d470) at splay.cpp:254
#26 0x0000555555557abd in InOrder (root=0x55555587d530) at splay.cpp:252
#27 0x0000555555557b0d in InOrder (root=0x5555555cec10) at splay.cpp:254
#28 0x0000555555557abd in InOrder (root=0x5555556f88b0) at splay.cpp:252
#29 0x0000555555557b0d in InOrder (root=0x55555574fdf0) at splay.cpp:254
#30 0x0000555555557abd in InOrder (root=0x555555683210) at splay.cpp:252
#31 0x0000555555557abd in InOrder (root=0x55555587dc90) at splay.cpp:252
#32 0x0000555555557abd in InOrder (root=0x555555696ef0) at splay.cpp:252
#33 0x0000555555557abd in InOrder (root=0x55555587dcd0) at splay.cpp:252
#34 0x00005555555564fe in main (argc=3, argv=0x7fffffffdfb8) at main.cpp:35

21	in ../sysdeps/unix/sysv/linux/write.c

Backtrace END
Fliping a bit of the value pointed by a pointer
Fliping value of field: key
Memory content before bitflip:0xc00xf10x0c0x00
Fault Model: Single bit-flip
base address to flip value: 0x5555556b07f0
address max offset: 4
Memory content after  bitflip:0xc00xf30x0c0x00
frame name: InOrder
symbol name: root
symbol filename: splay.cpp
symbol line: 248
value: 0x5555556b07f0
value address: 0x7fffffffd938
Type: The type is a pointer.
Type sizeof: 8

[INFO -- 2018-12-01 13:07:53]
Fault Injection Successful after 1.397160291671753s
[INFO -- 2018-12-01 13:07:53]
event type: exit
[INFO -- 2018-12-01 13:07:53]
exit code: 0
