[INFO -- 2018-12-01 10:08:47]
sending 5 signals using command: 'killall -2 main' after 2.06681503057s
[INFO -- 2018-12-01 10:08:48]
sending 5 signals using command: 'killall -2 main' after 3.3167883195s
[INFO -- 2018-12-01 10:08:48]
sending 5 signals using command: 'killall -2 main' after 3.76058172233s
[INFO -- 2018-12-01 10:08:48]
Starting GDB script
[INFO -- 2018-12-01 10:08:48]
initSignal:0.0
[INFO -- 2018-12-01 10:08:48]
endSignal:5.0
[INFO -- 2018-12-01 10:08:49]
sending 5 signals using command: 'killall -2 main' after 0.777815273496s
[INFO -- 2018-12-01 10:08:50]
sending 5 signals using command: 'killall -2 main' after 1.15825883603s
[INFO -- 2018-12-01 10:08:50]
sending 5 signals using command: 'killall -2 main' after 1.2921065453s
[INFO -- 2018-12-01 10:08:50]
Execution finished before waitTime
