[INFO -- 2018-11-25 16:18:09]
Starting flip_value script
version: 1.1
[INFO -- 2018-11-25 16:18:09]
Initialization strings:
[INFO -- 2018-11-25 16:18:09]
(1) file /tmp/BTree-dup/main
[INFO -- 2018-11-25 16:18:09]
(2)  set args /tmp/BTree-dup/input_100000 /tmp/BTree-dup/output_100000 /tmp/BTree-dup-detection.log /tmp/BTree-dup/output2_100000
[INFO -- 2018-11-25 16:18:09]
initSignal:0
[INFO -- 2018-11-25 16:18:09]
endSignal:2
[INFO -- 2018-11-25 16:18:09]
faultModel:1
[INFO -- 2018-11-25 16:18:11]
Backtrace BEGIN:
#0  0x0000555555557246 in std::_Base_bitset<1ul>::_S_maskbit (__pos=7) at /usr/include/c++/7/bitset:403
#1  0x000055555555790d in std::bitset<16ul>::_Unchecked_test (this=0x7fffffffdac0, __pos=7) at /usr/include/c++/7/bitset:1058
#2  0x0000555555557681 in std::bitset<16ul>::_M_copy_to_string<char, std::char_traits<char>, std::allocator<char> > (this=0x7fffffffdac0, __s="1111", '0' <repete 12 vezes>, __zero=48 '0', __one=49 '1') at /usr/include/c++/7/bitset:1409
#3  0x00005555555573d7 in std::operator<< <char, std::char_traits<char>, 16ul> (__os=..., __x=std::bitset = {...}) at /usr/include/c++/7/bitset:1538
#4  0x0000555555556912 in BTreeNode::traverse (this=0x555555ba43e0) at BTree_dup.cpp:594
#5  0x00005555555568d7 in BTreeNode::traverse (this=0x555555906de0) at BTree_dup.cpp:593
#6  0x00005555555568d7 in BTreeNode::traverse (this=0x555555908bb0) at BTree_dup.cpp:593
#7  0x000055555555695f in BTreeNode::traverse (this=0x555555ba31e0) at BTree_dup.cpp:599
#8  0x00005555555568d7 in BTreeNode::traverse (this=0x5555558e0830) at BTree_dup.cpp:593
#9  0x00005555555568d7 in BTreeNode::traverse (this=0x5555559bf160) at BTree_dup.cpp:593
#10 0x000055555555695f in BTreeNode::traverse (this=0x5555557a21a0) at BTree_dup.cpp:599
#11 0x00005555555568d7 in BTreeNode::traverse (this=0x555555815c40) at BTree_dup.cpp:593
#12 0x00005555555568d7 in BTreeNode::traverse (this=0x555555a2ab30) at BTree_dup.cpp:593
#13 0x00005555555572bb in BTree::traverse (this=0x7fffffffdd40) at BTree_dup.cpp:139
#14 0x0000555555556fbd in main (argc=5, argv=0x7fffffffde68) at BTree_dup.cpp:718

398	      _S_whichbit(size_t __pos) _GLIBCXX_NOEXCEPT
399	      {  return __pos % _GLIBCXX_BITSET_BITS_PER_WORD; }
400	
401	      static _GLIBCXX_CONSTEXPR _WordT
402	      _S_maskbit(size_t __pos) _GLIBCXX_NOEXCEPT
403	      { return (static_cast<_WordT>(1)) << _S_whichbit(__pos); }
404	
405	      _WordT&
406	      _M_getword(size_t) _GLIBCXX_NOEXCEPT
407	      { return _M_w; }

Backtrace END
Memory content before bitflip:0x390x710x550x550x550x550x000x00
Fault Model: Double bit-flip
base address to flip value: 0x7fffffffdd38
address max offset: 8
Memory content after  bitflip:0x210x710x550x550x550x550x000x00
frame name: main
symbol name: diff_time
symbol filename: BTree_dup.cpp
symbol line: 699
value: 4.6355705389082302e-310
value address: 0x7fffffffdd38
Type: A floating point type.
Type sizeof: 8

[INFO -- 2018-11-25 16:18:11]
Fault Injection Successful after 2.4894583225250244s
[INFO -- 2018-11-25 16:18:12]
event type: exit
[INFO -- 2018-11-25 16:18:12]
exit code: 0
