[INFO -- 2018-12-03 21:08:31]
Starting flip_value script
version: 1.1
[INFO -- 2018-12-03 21:08:31]
Initialization strings:
[INFO -- 2018-12-03 21:08:31]
(1) file /tmp/Tree234/main
[INFO -- 2018-12-03 21:08:31]
(2) set args /tmp/Tree234/input_50000 /tmp/Tree234/output_50000 /tmp/Tree234/detectionLog_50000.log /tmp/Tree234/output2_50000
[INFO -- 2018-12-03 21:08:31]
initSignal:0
[INFO -- 2018-12-03 21:08:31]
endSignal:5
[INFO -- 2018-12-03 21:08:31]
faultModel:2
[EXCEPTION -- 2018-12-03 21:08:31]
gdbException: Attempt to dereference a generic pointer.
[INFO -- 2018-12-03 21:08:32]
event type: exit
[INFO -- 2018-12-03 21:08:32]
exit code: 0
