[INFO -- 2018-10-16 16:11:16]
Starting flip_value script
version: 1.1
[INFO -- 2018-10-16 16:11:16]
Initialization strings:
[INFO -- 2018-10-16 16:11:16]
(1) file /tmp/RBTree/main
[INFO -- 2018-10-16 16:11:16]
(2) set args  /tmp/RBTree/input_ /tmp/RBTree/output_
[INFO -- 2018-10-16 16:11:16]
initSignal:0
[INFO -- 2018-10-16 16:11:16]
endSignal:2
[INFO -- 2018-10-16 16:11:16]
faultModel:4
[EXCEPTION -- 2018-10-16 16:11:17]
gdbException: Tentativo de desreferenciar um ponteiro genérico.
[INFO -- 2018-10-16 16:11:17]
Backtrace BEGIN:
#0  0x00007ffff72bba17 in _int_free (have_lock=0, p=0x5555559b9820, av=0x7ffff760fc40 <main_arena>) at malloc.c:4171
#1  __GI___libc_free (mem=0x5555559b9830) at malloc.c:3124
#2  0x000055555555820c in std::basic_ostream<char, std::char_traits<char> >& std::operator<< <char, std::char_traits<char>, 16ul>(std::basic_ostream<char, std::char_traits<char> >&, std::bitset<16ul> const&) ()
#3  0x0000555555557798 in RBTree::inorderBST(Node*&) ()
#4  0x0000555555557804 in RBTree::inorderBST(Node*&) ()
#5  0x0000555555557804 in RBTree::inorderBST(Node*&) ()
#6  0x000055555555776a in RBTree::inorderBST(Node*&) ()
#7  0x0000555555557804 in RBTree::inorderBST(Node*&) ()
#8  0x0000555555557804 in RBTree::inorderBST(Node*&) ()
#9  0x0000555555557804 in RBTree::inorderBST(Node*&) ()
#10 0x0000555555557804 in RBTree::inorderBST(Node*&) ()
#11 0x000055555555776a in RBTree::inorderBST(Node*&) ()
#12 0x000055555555776a in RBTree::inorderBST(Node*&) ()
#13 0x0000555555557804 in RBTree::inorderBST(Node*&) ()
#14 0x0000555555557804 in RBTree::inorderBST(Node*&) ()
#15 0x000055555555776a in RBTree::inorderBST(Node*&) ()
#16 0x0000555555557804 in RBTree::inorderBST(Node*&) ()
#17 0x000055555555776a in RBTree::inorderBST(Node*&) ()
#18 0x0000555555557841 in RBTree::inorder() ()
#19 0x000055555555564c in main ()

4166	malloc.c: Arquivo ou diretório inexistente.

Backtrace END
Fliping a bit of the value pointed by a pointer
Memory content before bitflip:0x41
Fault Model: LSB bit-flip
base address to flip value: 0x7ffff72bc790 
address max offset: 1
Memory content after  bitflip:0x45
frame name: _int_free
symbol name: __realloc_hook
symbol filename: malloc.c
symbol line: 1868
value: 0x7ffff72bc790 <realloc_hook_ini>
value address: 0x7ffff760fc28 <__realloc_hook>
Type: The type is a pointer.
Type sizeof: 8

[INFO -- 2018-10-16 16:11:17]
Fault Injection Successful after 1.1408169269561768s
[INFO -- 2018-10-16 16:11:17]
event type: exit
[INFO -- 2018-10-16 16:11:17]
exit code: 0
