[INFO -- 2018-12-01 10:55:17]
Starting flip_value script
version: 1.1
[INFO -- 2018-12-01 10:55:17]
Initialization strings:
[INFO -- 2018-12-01 10:55:17]
(1) file /tmp/splay/main
[INFO -- 2018-12-01 10:55:17]
(2) set args /tmp/splay/input_100000 /tmp/splay/output_100000
[INFO -- 2018-12-01 10:55:17]
initSignal:0
[INFO -- 2018-12-01 10:55:17]
endSignal:5
[INFO -- 2018-12-01 10:55:17]
faultModel:4
[INFO -- 2018-12-01 10:55:17]
Backtrace BEGIN:
#0  dl_main (phdr=<optimized out>, phnum=<optimized out>, user_entry=<optimized out>, auxv=<optimized out>) at rtld.c:2298
#1  0x00007ffff7fed5b0 in _dl_sysdep_start (start_argptr=start_argptr@entry=0x7fffffffdfb0, dl_main=dl_main@entry=0x7ffff7fd5810 <dl_main>) at ../elf/dl-sysdep.c:253
#2  0x00007ffff7fd52b8 in _dl_start_final (arg=0x7fffffffdfb0) at rtld.c:415
#3  _dl_start (arg=0x7fffffffdfb0) at rtld.c:522
#4  0x00007ffff7fd4098 in _start () from /lib64/ld-linux-x86-64.so.2
#5  0x0000000000000003 in ?? ()
#6  0x00007fffffffe306 in ?? ()
#7  0x00007fffffffe316 in ?? ()
#8  0x00007fffffffe32e in ?? ()
#9  0x0000000000000000 in ?? ()

2293	in rtld.c

Backtrace END
Memory content before bitflip:0xbe0x3b0xb60x4c0x730xb30x000x00
Fault Model: LSB bit-flip
base address to flip value: 0x7ffff7ffc6e0 
address max offset: 8
Memory content after  bitflip:0xbe0x3b0xb60x4c0x730xb30x000x08
frame name: _dl_start_final
symbol name: start_time
symbol filename: rtld.c
symbol line: 309
value: 576658060093045694
value address: 0x7ffff7ffc6e0 <start_time>
Type: The type is an integer type.
Type sizeof: 8

[INFO -- 2018-12-01 10:55:17]
Fault Injection Successful after 0.7084252834320068s
[INFO -- 2018-12-01 10:55:17]
event type: exit
[INFO -- 2018-12-01 10:55:17]
exit code: 0
