[INFO -- 2018-11-25 21:55:48]
Starting flip_value script
version: 1.1
[INFO -- 2018-11-25 21:55:48]
Initialization strings:
[INFO -- 2018-11-25 21:55:48]
(1) file /tmp/BTree-dup/main
[INFO -- 2018-11-25 21:55:48]
(2)  set args /tmp/BTree-dup/input_100000 /tmp/BTree-dup/output_100000 /tmp/BTree-dup-detection.log /tmp/BTree-dup/output2_100000
[INFO -- 2018-11-25 21:55:48]
initSignal:0
[INFO -- 2018-11-25 21:55:48]
endSignal:2
[INFO -- 2018-11-25 21:55:48]
faultModel:0
[EXCEPTION -- 2018-11-25 21:55:49]
gdbException: Tentativo de desreferenciar um ponteiro genérico.
[EXCEPTION -- 2018-11-25 21:55:50]
pythonException: Unable to exit loop in struct fields; Exiting wihtout making a bit flip
[INFO -- 2018-11-25 21:55:50]
Backtrace BEGIN:
#0  0x00007ffff7b5f6f1 in std::ostream::sentry::sentry(std::ostream&) () from /usr/lib/x86_64-linux-gnu/libstdc++.so.6
#1  0x00007ffff7b5fd88 in std::basic_ostream<char, std::char_traits<char> >& std::__ostream_insert<char, std::char_traits<char> >(std::basic_ostream<char, std::char_traits<char> >&, char const*, long) () from /usr/lib/x86_64-linux-gnu/libstdc++.so.6
#2  0x00005555555573ea in std::operator<< <char, std::char_traits<char>, 16ul> (__os=..., __x=std::bitset = {...}) at /usr/include/c++/7/bitset:1539
#3  0x0000555555556912 in BTreeNode::traverse (this=0x555555bba400) at BTree_dup.cpp:594
#4  0x00005555555568d7 in BTreeNode::traverse (this=0x55555584c270) at BTree_dup.cpp:593
#5  0x00005555555568d7 in BTreeNode::traverse (this=0x555555940590) at BTree_dup.cpp:593
#6  0x00005555555568d7 in BTreeNode::traverse (this=0x5555559410d0) at BTree_dup.cpp:593
#7  0x00005555555568d7 in BTreeNode::traverse (this=0x5555559ea9c0) at BTree_dup.cpp:593
#8  0x00005555555568d7 in BTreeNode::traverse (this=0x555555acfdd0) at BTree_dup.cpp:593
#9  0x00005555555568d7 in BTreeNode::traverse (this=0x555555acfef0) at BTree_dup.cpp:593
#10 0x00005555555568d7 in BTreeNode::traverse (this=0x555555815c40) at BTree_dup.cpp:593
#11 0x00005555555568d7 in BTreeNode::traverse (this=0x555555a2ab30) at BTree_dup.cpp:593
#12 0x00005555555572bb in BTree::traverse (this=0x7fffffffdd40) at BTree_dup.cpp:139
#13 0x0000555555556fbd in main (argc=5, argv=0x7fffffffde68) at BTree_dup.cpp:718

2284	in rtld.c

Backtrace END
Fliping a bit of the value pointed by a pointer
Fliping value of field: keys
Fliping a bit of the pointer
Memory content before bitflip:0x300xa40xbb0x550x550x550x000x00
Fault Model: Single bit-flip
base address to flip value: 0x555555bba400
address max offset: 8
Memory content after  bitflip:0x300x840xbb0x550x550x550x000x00
frame name: BTreeNode::traverse
symbol name: this
symbol filename: BTree_dup.cpp
symbol line: 0
value: 0x555555bba400
value address: 0x7fffffffdaa8
Type: The type is a pointer.
Type sizeof: 8

[INFO -- 2018-11-25 21:55:50]
Fault Injection Successful after 2.2861263751983643s
[INFO -- 2018-11-25 21:55:50]
event type: exit
[INFO -- 2018-11-25 21:55:50]
exit code: 0
