[INFO -- 2018-10-11 22:59:43]
Starting flip_value script
version: 1.1
[INFO -- 2018-10-11 22:59:43]
Initialization strings:
[INFO -- 2018-10-11 22:59:43]
(1) file /tmp/BTree/main
[INFO -- 2018-10-11 22:59:43]
(2)  set args /tmp/BTree/input_100000 /tmp/BTree/output_100000
[INFO -- 2018-10-11 22:59:43]
initSignal:0
[INFO -- 2018-10-11 22:59:43]
endSignal:2
[INFO -- 2018-10-11 22:59:43]
faultModel:2
[EXCEPTION -- 2018-10-11 22:59:44]
gdbException: Tentativo de desreferenciar um ponteiro genérico.
[INFO -- 2018-10-11 22:59:44]
Backtrace BEGIN:
#0  0x00005555555550b0 in std::ostream::operator<<(std::ostream& (*)(std::ostream&))@plt ()
#1  0x00005555555563c7 in BTreeNode::traverse (this=0x555555a091a0) at BTree.cpp:592
#2  0x0000555555556377 in BTreeNode::traverse (this=0x555555a0f4a0) at BTree.cpp:591
#3  0x0000555555556377 in BTreeNode::traverse (this=0x555555866400) at BTree.cpp:591
#4  0x0000555555556377 in BTreeNode::traverse (this=0x55555583dc00) at BTree.cpp:591
#5  0x0000555555556377 in BTreeNode::traverse (this=0x5555559cd5f0) at BTree.cpp:591
#6  0x0000555555556377 in BTreeNode::traverse (this=0x5555559cda70) at BTree.cpp:591
#7  0x0000555555556377 in BTreeNode::traverse (this=0x5555559cdb00) at BTree.cpp:591
#8  0x00005555555563ff in BTreeNode::traverse (this=0x555555a273b0) at BTree.cpp:597
#9  0x00005555555563ff in BTreeNode::traverse (this=0x555555a27320) at BTree.cpp:597
#10 0x0000555555556851 in BTree::traverse (this=0x7fffffffddc0) at BTree.cpp:137
#11 0x0000555555556630 in main (argc=3, argv=0x7fffffffded8) at BTree.cpp:668

2284	in rtld.c

Backtrace END
Fliping a bit of the value pointed by a pointer
Fliping value of field: n
Memory content before bitflip:0x040x000x000x00
Fault Model: Random bit-flip
base address to flip value: 0x5555559cda88
address max offset: 4
Memory content after  bitflip:0x930xb00x070x8e
frame name: BTreeNode::traverse
symbol name: this
symbol filename: BTree.cpp
symbol line: 0
value: 0x5555559cda70
value address: 0x7fffffffdc88
Type: The type is a pointer.
Type sizeof: 8

[INFO -- 2018-10-11 22:59:44]
Fault Injection Successful after 1.5740206241607666s
[INFO -- 2018-10-11 22:59:44]
event type: exit
[INFO -- 2018-10-11 22:59:44]
exit code: 0
