[INFO -- 2018-10-16 22:03:25]
sending 5 signals using command: 'killall -2 main' after 1.32828055205s
[INFO -- 2018-10-16 22:03:25]
sending 5 signals using command: 'killall -2 main' after 1.51607872553s
[INFO -- 2018-10-16 22:03:25]
sending 5 signals using command: 'killall -2 main' after 1.7613900368s
[INFO -- 2018-10-16 22:03:25]
Starting GDB script
[INFO -- 2018-10-16 22:03:25]
initSignal:0.0
[INFO -- 2018-10-16 22:03:25]
endSignal:2.0
[INFO -- 2018-10-16 22:03:26]
sending 5 signals using command: 'killall -2 main' after 0.817925514176s
[INFO -- 2018-10-16 22:03:27]
sending 5 signals using command: 'killall -2 main' after 1.35414549475s
[INFO -- 2018-10-16 22:03:27]
sending 5 signals using command: 'killall -2 main' after 1.52087172759s
[INFO -- 2018-10-16 22:03:28]
Execution finished before waitTime
