[INFO -- 2018-11-30 21:34:42]
Starting flip_value script
version: 1.1
[INFO -- 2018-11-30 21:34:42]
Initialization strings:
[INFO -- 2018-11-30 21:34:42]
(1) file /tmp/splay/main
[INFO -- 2018-11-30 21:34:42]
(2) set args /tmp/splay/input_100000 /tmp/splay/output_100000
[INFO -- 2018-11-30 21:34:42]
initSignal:0
[INFO -- 2018-11-30 21:34:42]
endSignal:5
[INFO -- 2018-11-30 21:34:42]
faultModel:3
[EXCEPTION -- 2018-11-30 21:34:43]
pythonException: Unable to exit loop in struct fields; Exiting wihtout making a bit flip
[EXCEPTION -- 2018-11-30 21:34:43]
pythonException: Unable to exit loop in struct fields; Exiting wihtout making a bit flip
[INFO -- 2018-11-30 21:34:43]
event type: exit
[INFO -- 2018-11-30 21:34:43]
exit code: 0
