[INFO -- 2018-12-01 12:21:38]
Starting flip_value script
version: 1.1
[INFO -- 2018-12-01 12:21:38]
Initialization strings:
[INFO -- 2018-12-01 12:21:38]
(1) file /tmp/splay/main
[INFO -- 2018-12-01 12:21:38]
(2) set args /tmp/splay/input_100000 /tmp/splay/output_100000
[INFO -- 2018-12-01 12:21:38]
initSignal:0
[INFO -- 2018-12-01 12:21:38]
endSignal:5
[INFO -- 2018-12-01 12:21:38]
faultModel:1
[EXCEPTION -- 2018-12-01 12:21:38]
pythonException: Unable to exit loop in struct fields; Exiting wihtout making a bit flip
[INFO -- 2018-12-01 12:21:38]
Backtrace BEGIN:
#0  0x00007ffff7f3c467 in std::istreambuf_iterator<char, std::char_traits<char> > std::num_get<char, std::istreambuf_iterator<char, std::char_traits<char> > >::_M_extract_int<long>(std::istreambuf_iterator<char, std::char_traits<char> >, std::istreambuf_iterator<char, std::char_traits<char> >, std::ios_base&, std::_Ios_Iostate&, long&) const () from /usr/lib/x86_64-linux-gnu/libstdc++.so.6
#1  0x00007ffff7f2aa76 in std::istream::operator>>(int&) () from /usr/lib/x86_64-linux-gnu/libstdc++.so.6
#2  0x000055555555686e in std::istream_iterator<int, char, std::char_traits<char>, long>::_M_read (this=0x7fffffffdb80) at /usr/include/c++/8/bits/stream_iterator.h:121
#3  0x0000555555556bbc in std::istream_iterator<int, char, std::char_traits<char>, long>::operator++ (this=0x7fffffffdb80) at /usr/include/c++/8/bits/stream_iterator.h:95
#4  0x0000555555556acc in std::vector<int, std::allocator<int> >::_M_range_initialize<std::istream_iterator<int, char, std::char_traits<char>, long> > (this=0x7fffffffdc90, __first=..., __last=...) at /usr/include/c++/8/bits/stl_vector.h:1447
#5  0x00005555555569a6 in std::vector<int, std::allocator<int> >::_M_initialize_dispatch<std::istream_iterator<int, char, std::char_traits<char>, long> > (this=0x7fffffffdc90, __first=..., __last=...) at /usr/include/c++/8/bits/stl_vector.h:1437
#6  0x0000555555556728 in std::vector<int, std::allocator<int> >::vector<std::istream_iterator<int, char, std::char_traits<char>, long>, void> (this=0x7fffffffdc90, __first=..., __last=..., __a=...) at /usr/include/c++/8/bits/stl_vector.h:546
#7  0x0000555555556452 in main (argc=3, argv=0x7fffffffdfb8) at main.cpp:27

11	
12	using namespace std;
13	
14	int main(int argc, char* argv[])
15	{
16	    if (argc != 3){
17	        cerr << "Uso correto: ./main [input file] [output file] " << endl;
18	        return 0;
19	    }
20	

Backtrace END
Fliping value of field: _M_stream
Fliping a bit of the pointer
Memory content before bitflip:0x700xdc0xff0xff0xff0x7f0x000x00
Fault Model: Double bit-flip
base address to flip value: 0x7fffffffdbd0
address max offset: 8
Memory content after  bitflip:0x700xdc0xff0xff0x7d0x7f0x000x00
frame name: std::vector<int, std::allocator<int> >::vector<std::istream_iterator<int, char, std::char_traits<char>, long>, void>
symbol name: __first
symbol filename: /usr/include/c++/8/bits/stl_vector.h
symbol line: 543
value: {<std::iterator<std::input_iterator_tag, int, long, int const*, int const&>> = {<No data fields>}, _M_stream = 0x7f7dffffdc70, _M_value = -9072, _M_ok = 255}
value address: 0x7fffffffdbd0
Type: The type is a structure.
Type sizeof: 16
Field name: std::iterator<std::input_iterator_tag, int, long, int const*, int const&>
Field Type: The type is a structure.
Field Type sizeof: 1
Field name: _M_stream
Field Type: The type is a pointer.
Field Type sizeof: 8
Field name: _M_value
Field Type: The type is an integer type.
Field Type sizeof: 4
Field name: _M_ok
Field Type: A boolean type.
Field Type sizeof: 1

[INFO -- 2018-12-01 12:21:38]
Fault Injection Successful after 0.6677839756011963s
[INFO -- 2018-12-01 12:21:38]
event type: exit
[INFO -- 2018-12-01 12:21:38]
exit code: 0
