[INFO -- 2018-12-01 04:39:37]
sending 5 signals using command: 'killall -2 main' after 1.6038810795s
[INFO -- 2018-12-01 04:39:38]
sending 5 signals using command: 'killall -2 main' after 2.57942217313s
[INFO -- 2018-12-01 04:39:40]
sending 5 signals using command: 'killall -2 main' after 4.47604158507s
[INFO -- 2018-12-01 04:39:40]
Starting GDB script
[INFO -- 2018-12-01 04:39:40]
initSignal:0.0
[INFO -- 2018-12-01 04:39:40]
endSignal:5.0
[INFO -- 2018-12-01 04:39:40]
sending 5 signals using command: 'killall -2 main' after 0.80028676617s
[INFO -- 2018-12-01 04:39:41]
sending 5 signals using command: 'killall -2 main' after 0.903243623734s
[INFO -- 2018-12-01 04:39:41]
sending 5 signals using command: 'killall -2 main' after 1.3892124847s
[INFO -- 2018-12-01 04:39:41]
Execution finished before waitTime
