[INFO -- 2018-11-26 00:30:22]
Starting flip_value script
version: 1.1
[INFO -- 2018-11-26 00:30:22]
Initialization strings:
[INFO -- 2018-11-26 00:30:22]
(1) file /tmp/BTree-dup/main
[INFO -- 2018-11-26 00:30:22]
(2)  set args /tmp/BTree-dup/input_100000 /tmp/BTree-dup/output_100000 /tmp/BTree-dup-detection.log /tmp/BTree-dup/output2_100000
[INFO -- 2018-11-26 00:30:22]
initSignal:0
[INFO -- 2018-11-26 00:30:22]
endSignal:2
[INFO -- 2018-11-26 00:30:22]
faultModel:2
[INFO -- 2018-11-26 00:30:23]
Backtrace BEGIN:
#0  0x0000555555556583 in BTreeNode::insertNonFull (this=0x555555a2abc0, k=3450817) at BTree_dup.cpp:520
#1  0x0000555555556639 in BTreeNode::insertNonFull (this=0x555555a2ab30, k=3450817) at BTree_dup.cpp:535
#2  0x0000555555556478 in BTree::insert (this=0x7fffffffda50, k=3450817) at BTree_dup.cpp:489
#3  0x0000555555556c25 in runner (input=0x7fffffffe22a "/tmp/BTree-dup/input_100000") at BTree_dup.cpp:664
#4  0x0000555555556f51 in main (argc=5, argv=0x7fffffffde68) at BTree_dup.cpp:711

515			n = n+1;
516		}
517		else // If this node is not leaf
518		{
519			// Find the child which is going to have the new key
520			while (i >= 0 && keys[i] > k)
521				i--;
522	
523			// See if the found child is full
524			if (C[i+1]->n == 2*t-1)

Backtrace END
Fliping value of field: std::_Vector_base<int, std::allocator<int> >
Fliping value of field: _M_impl
Fliping value of field: _M_start
Fliping a bit of the value pointed by a pointer
Memory content before bitflip:0x4a0xcf0x100x00
Fault Model: Random bit-flip
base address to flip value: 0x7ffff7efa010
address max offset: 4
Memory content after  bitflip:0x150x1d0xf10x79
frame name: runner
symbol name: v_nodes
symbol filename: BTree_dup.cpp
symbol line: 660
value: std::vector of length 100000, capacity 131072 = {2045844757, 3859876, 4955290, 1737638, 3953276, 3815063, 2769681, 4534206, 816389, 2337520, 3829903, 4620242, 1453076, 467059, 1124772, 3839137, 1049662, 1731904, 4442937, 3479537, 1671711, 2494399, 3730726, 3460855, 1910004, 2508902, 4918663, 2378102, 1439147, 479767, 4841666, 4443796, 4749057, 3196886, 1760836, 3616959, 547670, 636171, 590693, 4398408, 4246731, 1799831, 1600087, 4802067, 54443, 4347252, 4364123, 985780, 4818888, 4524527, 3259593, 3350491, 3346992, 2058323, 1236353, 151763, 647569, 1276849, 4897649, 3590164, 1729445, 2899189, 140015, 915793, 685875, 3394667, 1466984, 2889164, 1557777, 2171796, 901137, 409444, 3885310, 1615211, 2238328, 4541753, 3037198, 4014194, 181014, 4429829, 2154151, 2146057, 1051843, 2026456, 4020136, 1414258, 853305, 1210152, 4705321, 3434744, 3029999, 1149375, 4508640, 4443346, 2203479, 3796812, 75293, 2018235, 1915243, 468676, 2462165, 2114295, 2509957, 36697, 4522867, 4315356, 2140093, 1226943, 3415184, 3164922, 4662970, 2131776, 2262555, 2286589, 1292594, 2515717, 3462273, 3068908, 2390667, 561152, 4228476, 2287561, 4664278, 837077, 1743236, 2685127, 1042397, 3043513, 4415622, 4178464, 1886320, 521790, 3883980, 3755335, 2301476, 1765800, 2160914, 4039420, 3339503, 3726588, 4168281, 2429329, 1602259, 1498640, 2862041, 3577852, 1392286, 387348, 3611222, 3484589, 3317593, 2602662, 1721409, 371983, 239820, 4692453, 4754250, 2937203, 3983166, 2433682, 3077881, 3507577, 3952455, 4703713, 4758336, 2749171, 2457978, 1785936, 3431017, 2583556, 1460748, 382261, 898431, 2722548, 4480440, 4510574, 3206604, 74079, 3237585, 4888468, 3065252, 1800504, 1026146, 3140035, 2566056, 3044229, 3304614, 190223, 4321104, 3962174, 1396008, 3123840, 3693313, 1107874, 2052282, 3706376, 954052, 3178460, 4354412, 4551744...}
value address: 0x7fffffffdaa0
Type: The type is a structure.
Type sizeof: 24
Field name: std::_Vector_base<int, std::allocator<int> >
Field Type: The type is a structure.
Field Type sizeof: 24

[INFO -- 2018-11-26 00:30:23]
Fault Injection Successful after 1.6209797859191895s
[INFO -- 2018-11-26 00:30:24]
event type: exit
[INFO -- 2018-11-26 00:30:24]
exit code: 0
