[INFO -- 2018-12-09 18:10:17]
sending 5 signals using command: 'killall -2 main' after 3.17895552921s
[INFO -- 2018-12-09 18:10:17]
sending 5 signals using command: 'killall -2 main' after 3.51298092746s
[INFO -- 2018-12-09 18:10:17]
sending 5 signals using command: 'killall -2 main' after 3.90002393097s
[INFO -- 2018-12-09 18:10:18]
Starting GDB script
[INFO -- 2018-12-09 18:10:18]
initSignal:0.0
[INFO -- 2018-12-09 18:10:18]
endSignal:5.0
[INFO -- 2018-12-09 18:10:18]
sending 5 signals using command: 'killall -2 main' after 0.180301361047s
[INFO -- 2018-12-09 18:10:20]
sending 5 signals using command: 'killall -2 main' after 2.19149260018s
[INFO -- 2018-12-09 18:10:21]
sending 5 signals using command: 'killall -2 main' after 2.90775748188s
[INFO -- 2018-12-09 18:10:21]
Execution finished before waitTime
