[INFO -- 2018-11-30 19:17:30]
Starting flip_value script
version: 1.1
[INFO -- 2018-11-30 19:17:30]
Initialization strings:
[INFO -- 2018-11-30 19:17:30]
(1) file /tmp/splay/main
[INFO -- 2018-11-30 19:17:30]
(2) set args /tmp/splay/input_100000 /tmp/splay/output_100000
[INFO -- 2018-11-30 19:17:30]
initSignal:0
[INFO -- 2018-11-30 19:17:30]
endSignal:5
[INFO -- 2018-11-30 19:17:30]
faultModel:1
[INFO -- 2018-11-30 19:17:30]
Backtrace BEGIN:
#0  Splay (key=479245, root=0x5555555a2370) at splay.cpp:83
#1  0x0000555555557916 in Insert (key=479245, root=0x5555555e25f0) at splay.cpp:145
#2  0x00005555555564bb in main (argc=3, argv=0x7fffffffdfb8) at main.cpp:31

78			}
79			else if(key > root->key)
80			{
81				if(!root->rchild)
82					break;
83				if(key > root->rchild->key)
84				{
85					root = LL_Rotate(root);/* only zag-zag mode need to rotate once,
86											  because zag-zig mode is handled as zag
87											  mode, which doesn't require rotate, 

Backtrace END
Fliping value of field: _M_value
Memory content before bitflip:0x4a0xcf0x100x00
Fault Model: Double bit-flip
base address to flip value: 0x7fffffffdc58
address max offset: 4
Memory content after  bitflip:0x4a0xcf0x200x00
frame name: main
symbol name: start
symbol filename: main.cpp
symbol line: 26
value: {<std::iterator<std::input_iterator_tag, int, long, int const*, int const&>> = {<No data fields>}, _M_stream = 0x7fffffffdcb0, _M_value = 2150218, _M_ok = true}
value address: 0x7fffffffdc50
Type: The type is a structure.
Type sizeof: 16
Field name: std::iterator<std::input_iterator_tag, int, long, int const*, int const&>
Field Type: The type is a structure.
Field Type sizeof: 1
Field name: _M_stream
Field Type: The type is a pointer.
Field Type sizeof: 8
Field name: _M_value
Field Type: The type is an integer type.
Field Type sizeof: 4
Field name: _M_ok
Field Type: A boolean type.
Field Type sizeof: 1

[INFO -- 2018-11-30 19:17:30]
Fault Injection Successful after 0.6843674182891846s
[INFO -- 2018-11-30 19:17:30]
event type: exit
[INFO -- 2018-11-30 19:17:30]
exit code: 0
