[INFO -- 2018-12-01 09:16:46]
Starting flip_value script
version: 1.1
[INFO -- 2018-12-01 09:16:46]
Initialization strings:
[INFO -- 2018-12-01 09:16:46]
(1) file /tmp/splay/main
[INFO -- 2018-12-01 09:16:46]
(2) set args /tmp/splay/input_100000 /tmp/splay/output_100000
[INFO -- 2018-12-01 09:16:46]
initSignal:0
[INFO -- 2018-12-01 09:16:46]
endSignal:5
[INFO -- 2018-12-01 09:16:46]
faultModel:2
[INFO -- 2018-12-01 09:16:47]
Backtrace BEGIN:
#0  std::char_traits<char>::assign (__c1=@0x5555555700fe: 48 '0', __c2=@0x7fffffffd678: 49 '1') at /usr/include/c++/8/bits/char_traits.h:285
#1  0x0000555555557ee4 in std::bitset<16ul>::_M_copy_to_string<char, std::char_traits<char>, std::allocator<char> > (this=0x7fffffffd730, __s="0011110011001000", __zero=48 '0', __one=49 '1') at /usr/include/c++/8/bitset:1414
#2  0x0000555555557ded in std::operator<< <char, std::char_traits<char>, 16ul> (__os=..., __x=std::bitset = {...}) at /usr/include/c++/8/bitset:1542
#3  0x0000555555557ae8 in InOrder (root=0x555555703670) at splay.cpp:253
#4  0x0000555555557abd in InOrder (root=0x5555556b3d70) at splay.cpp:252
#5  0x0000555555557abd in InOrder (root=0x55555583b7f0) at splay.cpp:252
#6  0x0000555555557b0d in InOrder (root=0x5555556c15d0) at splay.cpp:254
#7  0x0000555555557abd in InOrder (root=0x5555557e4470) at splay.cpp:252
#8  0x0000555555557abd in InOrder (root=0x5555558638b0) at splay.cpp:252
#9  0x0000555555557abd in InOrder (root=0x555555876250) at splay.cpp:252
#10 0x0000555555557b0d in InOrder (root=0x55555586f7f0) at splay.cpp:254
#11 0x0000555555557b0d in InOrder (root=0x555555597cb0) at splay.cpp:254
#12 0x0000555555557abd in InOrder (root=0x555555575410) at splay.cpp:252
#13 0x0000555555557b0d in InOrder (root=0x55555587d0f0) at splay.cpp:254
#14 0x0000555555557b0d in InOrder (root=0x55555587d450) at splay.cpp:254
#15 0x0000555555557abd in InOrder (root=0x55555567e570) at splay.cpp:252
#16 0x0000555555557abd in InOrder (root=0x55555587d2f0) at splay.cpp:252
#17 0x0000555555557b0d in InOrder (root=0x55555571f9f0) at splay.cpp:254
#18 0x0000555555557b0d in InOrder (root=0x55555570b550) at splay.cpp:254
#19 0x0000555555557abd in InOrder (root=0x555555774070) at splay.cpp:252
#20 0x0000555555557abd in InOrder (root=0x55555587da50) at splay.cpp:252
#21 0x0000555555557abd in InOrder (root=0x5555555d7910) at splay.cpp:252
#22 0x0000555555557b0d in InOrder (root=0x55555587d8d0) at splay.cpp:254
#23 0x0000555555557b0d in InOrder (root=0x5555557cfed0) at splay.cpp:254
#24 0x0000555555557b0d in InOrder (root=0x555555774190) at splay.cpp:254
#25 0x0000555555557b0d in InOrder (root=0x555555774870) at splay.cpp:254
#26 0x0000555555557abd in InOrder (root=0x55555587dcb0) at splay.cpp:252
#27 0x0000555555557b0d in InOrder (root=0x555555693810) at splay.cpp:254
#28 0x0000555555557b0d in InOrder (root=0x555555634c10) at splay.cpp:254
#29 0x0000555555557b0d in InOrder (root=0x55555587dcd0) at splay.cpp:254
#30 0x00005555555564fe in main (argc=3, argv=0x7fffffffdfb8) at main.cpp:35

280	      typedef streamoff         off_type;
281	      typedef mbstate_t         state_type;
282	
283	      static _GLIBCXX17_CONSTEXPR void
284	      assign(char_type& __c1, const char_type& __c2) _GLIBCXX_NOEXCEPT
285	      { __c1 = __c2; }
286	
287	      static _GLIBCXX_CONSTEXPR bool
288	      eq(const char_type& __c1, const char_type& __c2) _GLIBCXX_NOEXCEPT
289	      { return __c1 == __c2; }

Backtrace END
Fliping a bit of the value pointed by a pointer
Fliping value of field: lchild
Fliping a bit of the pointer
Memory content before bitflip:0xb00x7c0x590x550x550x550x000x00
Fault Model: Random bit-flip
base address to flip value: 0x555555575418
address max offset: 8
Memory content after  bitflip:0x510x940x980xba0x4c0xc50xf70xee
frame name: InOrder
symbol name: root
symbol filename: splay.cpp
symbol line: 248
value: 0x555555575410
value address: 0x7fffffffd8d8
Type: The type is a pointer.
Type sizeof: 8

[INFO -- 2018-12-01 09:16:47]
Fault Injection Successful after 1.07965087890625s
[INFO -- 2018-12-01 09:16:47]
event type: exit
[INFO -- 2018-12-01 09:16:47]
exit code: 0
