[INFO -- 2018-11-26 00:35:35]
Starting flip_value script
version: 1.1
[INFO -- 2018-11-26 00:35:35]
Initialization strings:
[INFO -- 2018-11-26 00:35:35]
(1) file /tmp/BTree-dup/main
[INFO -- 2018-11-26 00:35:35]
(2)  set args /tmp/BTree-dup/input_100000 /tmp/BTree-dup/output_100000 /tmp/BTree-dup-detection.log /tmp/BTree-dup/output2_100000
[INFO -- 2018-11-26 00:35:35]
initSignal:0
[INFO -- 2018-11-26 00:35:35]
endSignal:2
[INFO -- 2018-11-26 00:35:35]
faultModel:1
[EXCEPTION -- 2018-11-26 00:35:36]
pythonException: Unable to exit loop in struct fields; Exiting wihtout making a bit flip
[EXCEPTION -- 2018-11-26 00:35:36]
pythonException: Unable to exit loop in struct fields; Exiting wihtout making a bit flip
[EXCEPTION -- 2018-11-26 00:35:36]
pythonException: Unable to exit loop in struct fields; Exiting wihtout making a bit flip
[EXCEPTION -- 2018-11-26 00:35:36]
pythonException: empty range for randrange() (0,0, 0)
[INFO -- 2018-11-26 00:35:36]
Backtrace BEGIN:
#0  0x00007ffff7b2a58e in ?? () from /usr/lib/x86_64-linux-gnu/libstdc++.so.6
#1  0x00007ffff7b58ddd in std::istreambuf_iterator<char, std::char_traits<char> > std::num_get<char, std::istreambuf_iterator<char, std::char_traits<char> > >::_M_extract_int<long>(std::istreambuf_iterator<char, std::char_traits<char> >, std::istreambuf_iterator<char, std::char_traits<char> >, std::ios_base&, std::_Ios_Iostate&, long&) const () from /usr/lib/x86_64-linux-gnu/libstdc++.so.6
#2  0x00007ffff7b479b6 in std::istream::operator>>(int&) () from /usr/lib/x86_64-linux-gnu/libstdc++.so.6
#3  0x0000555555557742 in std::istream_iterator<int, char, std::char_traits<char>, long>::_M_read (this=0x7fffffffd960) at /usr/include/c++/7/bits/stream_iterator.h:121
#4  0x0000555555557ab2 in std::istream_iterator<int, char, std::char_traits<char>, long>::operator++ (this=0x7fffffffd960) at /usr/include/c++/7/bits/stream_iterator.h:95
#5  0x00005555555579f3 in std::vector<int, std::allocator<int> >::_M_range_initialize<std::istream_iterator<int, char, std::char_traits<char>, long> > (this=0x7fffffffdaa0, __first=..., __last=...) at /usr/include/c++/7/bits/stl_vector.h:1308
#6  0x0000555555557882 in std::vector<int, std::allocator<int> >::_M_initialize_dispatch<std::istream_iterator<int, char, std::char_traits<char>, long> > (this=0x7fffffffdaa0, __first=..., __last=...) at /usr/include/c++/7/bits/stl_vector.h:1299
#7  0x0000555555557569 in std::vector<int, std::allocator<int> >::vector<std::istream_iterator<int, char, std::char_traits<char>, long>, void> (this=0x7fffffffdaa0, __first=..., __last=..., __a=...) at /usr/include/c++/7/bits/stl_vector.h:414
#8  0x0000555555556bbc in runner (input=0x7fffffffe22a "/tmp/BTree-dup/input_100000") at BTree_dup.cpp:660
#9  0x0000555555556f7a in main (argc=5, argv=0x7fffffffde68) at BTree_dup.cpp:712

717	    freopen(argv[2],"w",stdout);
718	    bTree1.traverse();
719	    fclose (stdout);
720	
721	
722	    // salva print da saida em arquivo output2
723	    // #pragma omp task
724	    freopen(argv[4],"w",stdout);
725	    bTree2.traverse();
726	    fclose (stdout);

Backtrace END
Fliping a bit of the pointer
Memory content before bitflip:0xa00xda0xff0xff0xff0x7f0x000x00
Fault Model: Double bit-flip
base address to flip value: 0x7fffffffd9d8
address max offset: 8
Memory content after  bitflip:0xa00xda0xff0xb70xff0x7f0x000x00
frame name: std::vector<int, std::allocator<int> >::vector<std::istream_iterator<int, char, std::char_traits<char>, long>, void>
symbol name: this
symbol filename: BTree_dup.cpp
symbol line: 0
value: 0x7fffffffdaa0
value address: 0x7fffffffd9d8
Type: The type is a pointer.
Type sizeof: 8

[INFO -- 2018-11-26 00:35:36]
Fault Injection Successful after 1.9948575496673584s
[INFO -- 2018-11-26 00:35:38]
event type: exit
[INFO -- 2018-11-26 00:35:38]
exit code: 0
