[INFO -- 2018-10-16 21:40:09]
Starting flip_value script
version: 1.1
[INFO -- 2018-10-16 21:40:09]
Initialization strings:
[INFO -- 2018-10-16 21:40:09]
(1) file /tmp/RBTree/main
[INFO -- 2018-10-16 21:40:09]
(2) set args  /tmp/RBTree/input_ /tmp/RBTree/output_
[INFO -- 2018-10-16 21:40:09]
initSignal:0
[INFO -- 2018-10-16 21:40:09]
endSignal:2
[INFO -- 2018-10-16 21:40:09]
faultModel:4
[EXCEPTION -- 2018-10-16 21:40:09]
gdbException: Tentativo de desreferenciar um ponteiro genérico.
[INFO -- 2018-10-16 21:40:10]
Backtrace BEGIN:
#0  0x00007ffff7b4df29 in ?? () from /usr/lib/x86_64-linux-gnu/libstdc++.so.6
#1  0x00007ffff7b58b55 in std::istreambuf_iterator<char, std::char_traits<char> > std::num_get<char, std::istreambuf_iterator<char, std::char_traits<char> > >::_M_extract_int<long>(std::istreambuf_iterator<char, std::char_traits<char> >, std::istreambuf_iterator<char, std::char_traits<char> >, std::ios_base&, std::_Ios_Iostate&, long&) const () from /usr/lib/x86_64-linux-gnu/libstdc++.so.6
#2  0x00007ffff7b479b6 in std::istream::operator>>(int&) () from /usr/lib/x86_64-linux-gnu/libstdc++.so.6
#3  0x0000555555555a94 in std::istream_iterator<int, char, std::char_traits<char>, long>::_M_read (this=0x7fffffffdac0) at /usr/include/c++/7/bits/stream_iterator.h:121
#4  0x0000555555555dc0 in std::istream_iterator<int, char, std::char_traits<char>, long>::operator++ (this=0x7fffffffdac0) at /usr/include/c++/7/bits/stream_iterator.h:95
#5  0x0000555555555d01 in std::vector<int, std::allocator<int> >::_M_range_initialize<std::istream_iterator<int, char, std::char_traits<char>, long> > (this=0x7fffffffdc10, __first=..., __last=...) at /usr/include/c++/7/bits/stl_vector.h:1308
#6  0x0000555555555bd4 in std::vector<int, std::allocator<int> >::_M_initialize_dispatch<std::istream_iterator<int, char, std::char_traits<char>, long> > (this=0x7fffffffdc10, __first=..., __last=...) at /usr/include/c++/7/bits/stl_vector.h:1299
#7  0x0000555555555949 in std::vector<int, std::allocator<int> >::vector<std::istream_iterator<int, char, std::char_traits<char>, long>, void> (this=0x7fffffffdc10, __first=..., __last=..., __a=...) at /usr/include/c++/7/bits/stl_vector.h:414
#8  0x000055555555558c in main (argc=3, argv=0x7fffffffdf38) at main.cpp:32

2284	in rtld.c

Backtrace END
Fliping value of field: _M_value
Memory content before bitflip:0x100xdc0xff0xff
Fault Model: LSB bit-flip
base address to flip value: 0x7fffffffdb38
address max offset: 4
Memory content after  bitflip:0x100xdc0xff0xf7
frame name: std::vector<int, std::allocator<int> >::vector<std::istream_iterator<int, char, std::char_traits<char>, long>, void>
symbol name: __first
symbol filename: /usr/include/c++/7/bits/stl_vector.h
symbol line: 411
value: {<std::iterator<std::input_iterator_tag, int, long, int const*, int const&>> = {<No data fields>}, _M_stream = 0x7fffffffdbf0, _M_value = -134226928, _M_ok = 255}
value address: 0x7fffffffdb30
Type: The type is a structure.
Type sizeof: 16
Field name: std::iterator<std::input_iterator_tag, int, long, int const*, int const&>
Field Type: The type is a structure.
Field Type sizeof: 1
Field name: _M_stream
Field Type: The type is a pointer.
Field Type sizeof: 8
Field name: _M_value
Field Type: The type is an integer type.
Field Type sizeof: 4
Field name: _M_ok
Field Type: A boolean type.
Field Type sizeof: 1

[INFO -- 2018-10-16 21:40:10]
Fault Injection Successful after 1.0093116760253906s
[INFO -- 2018-10-16 21:40:10]
event type: exit
[INFO -- 2018-10-16 21:40:10]
exit code: 0
