[INFO -- 2018-11-26 00:41:15]
Starting flip_value script
version: 1.1
[INFO -- 2018-11-26 00:41:15]
Initialization strings:
[INFO -- 2018-11-26 00:41:15]
(1) file /tmp/BTree-dup/main
[INFO -- 2018-11-26 00:41:15]
(2)  set args /tmp/BTree-dup/input_100000 /tmp/BTree-dup/output_100000 /tmp/BTree-dup-detection.log /tmp/BTree-dup/output2_100000
[INFO -- 2018-11-26 00:41:15]
initSignal:0
[INFO -- 2018-11-26 00:41:15]
endSignal:2
[INFO -- 2018-11-26 00:41:15]
faultModel:3
[INFO -- 2018-11-26 00:41:16]
Backtrace BEGIN:
#0  0x00005555555565a4 in BTreeNode::insertNonFull (this=0x55555577e350, k=493169) at BTree_dup.cpp:524
#1  0x0000555555556639 in BTreeNode::insertNonFull (this=0x5555557a21a0, k=493169) at BTree_dup.cpp:535
#2  0x0000555555556639 in BTreeNode::insertNonFull (this=0x555555815c40, k=493169) at BTree_dup.cpp:535
#3  0x0000555555556478 in BTree::insert (this=0x7fffffffda50, k=493169) at BTree_dup.cpp:489
#4  0x0000555555556c25 in runner (input=0x7fffffffe22a "/tmp/BTree-dup/input_100000") at BTree_dup.cpp:664
#5  0x0000555555556f51 in main (argc=5, argv=0x7fffffffde68) at BTree_dup.cpp:711

519			// Find the child which is going to have the new key
520			while (i >= 0 && keys[i] > k)
521				i--;
522	
523			// See if the found child is full
524			if (C[i+1]->n == 2*t-1)
525			{
526				// If the child is full, then split it
527				splitChild(i+1, C[i+1]);
528	

Backtrace END
Memory content before bitflip:0x390x710x550x550x550x550x000x00
Fault Model: Zero bit-flip
base address to flip value: 0x7fffffffdd38
address max offset: 8
Memory content after  bitflip:0x000x000x000x000x000x000x000x00
frame name: main
symbol name: diff_time
symbol filename: BTree_dup.cpp
symbol line: 699
value: 0
value address: 0x7fffffffdd38
Type: A floating point type.
Type sizeof: 8

[INFO -- 2018-11-26 00:41:16]
Fault Injection Successful after 1.1730036735534668s
[INFO -- 2018-11-26 00:41:17]
event type: exit
[INFO -- 2018-11-26 00:41:17]
exit code: 0
