[INFO -- 2018-11-25 16:23:15]
Starting flip_value script
version: 1.1
[INFO -- 2018-11-25 16:23:15]
Initialization strings:
[INFO -- 2018-11-25 16:23:15]
(1) file /tmp/BTree-dup/main
[INFO -- 2018-11-25 16:23:15]
(2)  set args /tmp/BTree-dup/input_100000 /tmp/BTree-dup/output_100000 /tmp/BTree-dup-detection.log /tmp/BTree-dup/output2_100000
[INFO -- 2018-11-25 16:23:15]
initSignal:0
[INFO -- 2018-11-25 16:23:15]
endSignal:2
[INFO -- 2018-11-25 16:23:15]
faultModel:3
[INFO -- 2018-11-25 16:23:16]
Backtrace BEGIN:
#0  __GI__IO_fflush (fp=0x7ffff7610760 <_IO_2_1_stdout_>) at iofflush.c:32
#1  0x00007ffff7b5ef5e in std::ostream::flush() () from /usr/lib/x86_64-linux-gnu/libstdc++.so.6
#2  0x0000555555556927 in BTreeNode::traverse (this=0x5555559325b0) at BTree_dup.cpp:594
#3  0x000055555555695f in BTreeNode::traverse (this=0x5555559d7190) at BTree_dup.cpp:599
#4  0x000055555555695f in BTreeNode::traverse (this=0x5555559d1f70) at BTree_dup.cpp:599
#5  0x00005555555568d7 in BTreeNode::traverse (this=0x5555558af5d0) at BTree_dup.cpp:593
#6  0x000055555555695f in BTreeNode::traverse (this=0x5555557a2230) at BTree_dup.cpp:599
#7  0x00005555555568d7 in BTreeNode::traverse (this=0x555555a2aaa0) at BTree_dup.cpp:593
#8  0x00005555555568d7 in BTreeNode::traverse (this=0x555555a2abc0) at BTree_dup.cpp:593
#9  0x000055555555695f in BTreeNode::traverse (this=0x555555a2ab30) at BTree_dup.cpp:599
#10 0x00005555555572bb in BTree::traverse (this=0x7fffffffdd40) at BTree_dup.cpp:139
#11 0x0000555555556fbd in main (argc=5, argv=0x7fffffffde68) at BTree_dup.cpp:718

27	iofflush.c: Arquivo ou diretório inexistente.

Backtrace END
Fliping a bit of the value pointed by a pointer
Fliping value of field: n
Memory content before bitflip:0x020x000x000x00
Fault Model: Zero bit-flip
base address to flip value: 0x5555557a2248
address max offset: 4
Memory content after  bitflip:0x000x000x000x00
frame name: BTreeNode::traverse
symbol name: this
symbol filename: BTree_dup.cpp
symbol line: 0
value: 0x5555557a2230
value address: 0x7fffffffdbe8
Type: The type is a pointer.
Type sizeof: 8

[INFO -- 2018-11-25 16:23:16]
Fault Injection Successful after 1.9786357879638672s
[INFO -- 2018-11-25 16:23:17]
event type: exit
[INFO -- 2018-11-25 16:23:17]
exit code: 0
