[INFO -- 2018-11-25 21:10:18]
Starting flip_value script
version: 1.1
[INFO -- 2018-11-25 21:10:18]
Initialization strings:
[INFO -- 2018-11-25 21:10:18]
(1) file /tmp/BTree-dup/main
[INFO -- 2018-11-25 21:10:18]
(2)  set args /tmp/BTree-dup/input_100000 /tmp/BTree-dup/output_100000 /tmp/BTree-dup-detection.log /tmp/BTree-dup/output2_100000
[INFO -- 2018-11-25 21:10:18]
initSignal:0
[INFO -- 2018-11-25 21:10:18]
endSignal:2
[INFO -- 2018-11-25 21:10:18]
faultModel:2
[EXCEPTION -- 2018-11-25 21:10:20]
pythonException: Unable to exit loop in struct fields; Exiting wihtout making a bit flip
[INFO -- 2018-11-25 21:10:20]
Backtrace BEGIN:
#0  0x00007ffff7334154 in __GI___libc_write (fd=1, buf=0x55555576d0d0, nbytes=17) at ../sysdeps/unix/sysv/linux/write.c:27
#1  0x00007ffff72af1bd in _IO_new_file_write (f=0x7ffff7610760 <_IO_2_1_stdout_>, data=0x55555576d0d0, n=17) at fileops.c:1203
#2  0x00007ffff72b0f51 in new_do_write (to_do=17, data=0x55555576d0d0 "1000011000001101\n\320vUUU", fp=0x7ffff7610760 <_IO_2_1_stdout_>) at fileops.c:457
#3  _IO_new_do_write (fp=0x7ffff7610760 <_IO_2_1_stdout_>, data=0x55555576d0d0 "1000011000001101\n\320vUUU", to_do=17) at fileops.c:433
#4  0x00007ffff72ae788 in _IO_new_file_sync (fp=0x7ffff7610760 <_IO_2_1_stdout_>) at fileops.c:813
#5  0x00007ffff72a287d in __GI__IO_fflush (fp=0x7ffff7610760 <_IO_2_1_stdout_>) at iofflush.c:40
#6  0x00007ffff7b5ef5e in std::ostream::flush() () from /usr/lib/x86_64-linux-gnu/libstdc++.so.6
#7  0x0000555555556927 in BTreeNode::traverse (this=0x5555559ed1b0) at BTree_dup.cpp:594
#8  0x000055555555695f in BTreeNode::traverse (this=0x555555bb35c0) at BTree_dup.cpp:599
#9  0x000055555555695f in BTreeNode::traverse (this=0x555555bb5150) at BTree_dup.cpp:599
#10 0x00005555555568d7 in BTreeNode::traverse (this=0x555555bb5810) at BTree_dup.cpp:593
#11 0x000055555555695f in BTreeNode::traverse (this=0x555555bb5b70) at BTree_dup.cpp:599
#12 0x000055555555695f in BTreeNode::traverse (this=0x555555a2aaa0) at BTree_dup.cpp:599
#13 0x00005555555568d7 in BTreeNode::traverse (this=0x555555a2abc0) at BTree_dup.cpp:593
#14 0x000055555555695f in BTreeNode::traverse (this=0x555555a2ab30) at BTree_dup.cpp:599
#15 0x00005555555572bb in BTree::traverse (this=0x7fffffffdd40) at BTree_dup.cpp:139
#16 0x0000555555556fbd in main (argc=5, argv=0x7fffffffde68) at BTree_dup.cpp:718

22	in ../sysdeps/unix/sysv/linux/write.c

Backtrace END
Fliping a bit of the value pointed by a pointer
Fliping value of field: keys
Fliping a bit of the value pointed by a pointer
Memory content before bitflip:0x2a0x810x360x00
Fault Model: Random bit-flip
base address to flip value: 0x555555bb35f0
address max offset: 4
Memory content after  bitflip:0xf60xe10x7f0x0c
frame name: BTreeNode::traverse
symbol name: this
symbol filename: BTree_dup.cpp
symbol line: 0
value: 0x555555bb35c0
value address: 0x7fffffffdb28
Type: The type is a pointer.
Type sizeof: 8

[INFO -- 2018-11-25 21:10:20]
Fault Injection Successful after 2.117842435836792s
[INFO -- 2018-11-25 21:10:20]
event type: exit
[INFO -- 2018-11-25 21:10:20]
exit code: 0
