[INFO -- 2018-11-30 22:57:02]
Starting flip_value script
version: 1.1
[INFO -- 2018-11-30 22:57:02]
Initialization strings:
[INFO -- 2018-11-30 22:57:02]
(1) file /tmp/splay/main
[INFO -- 2018-11-30 22:57:02]
(2) set args /tmp/splay/input_100000 /tmp/splay/output_100000
[INFO -- 2018-11-30 22:57:02]
initSignal:0
[INFO -- 2018-11-30 22:57:02]
endSignal:5
[INFO -- 2018-11-30 22:57:02]
faultModel:3
[EXCEPTION -- 2018-11-30 22:57:03]
pythonException: Unable to exit loop in struct fields; Exiting wihtout making a bit flip
[INFO -- 2018-11-30 22:57:03]
Backtrace BEGIN:
#0  0x0000555555557ab5 in InOrder (root=0x55555573fbf0) at splay.cpp:252
#1  0x0000555555557b0d in InOrder (root=0x55555563d830) at splay.cpp:254
#2  0x0000555555557abd in InOrder (root=0x55555559a490) at splay.cpp:252
#3  0x0000555555557abd in InOrder (root=0x555555803d30) at splay.cpp:252
#4  0x0000555555557b0d in InOrder (root=0x555555619330) at splay.cpp:254
#5  0x0000555555557abd in InOrder (root=0x5555557edf90) at splay.cpp:252
#6  0x0000555555557b0d in InOrder (root=0x5555558221d0) at splay.cpp:254
#7  0x0000555555557b0d in InOrder (root=0x555555874810) at splay.cpp:254
#8  0x0000555555557abd in InOrder (root=0x55555587c4d0) at splay.cpp:252
#9  0x0000555555557abd in InOrder (root=0x5555557f4d90) at splay.cpp:252
#10 0x0000555555557b0d in InOrder (root=0x5555555e5370) at splay.cpp:254
#11 0x0000555555557b0d in InOrder (root=0x55555587cd10) at splay.cpp:254
#12 0x0000555555557abd in InOrder (root=0x55555587d030) at splay.cpp:252
#13 0x0000555555557b0d in InOrder (root=0x5555557b8ab0) at splay.cpp:254
#14 0x0000555555557b0d in InOrder (root=0x55555587d630) at splay.cpp:254
#15 0x0000555555557b0d in InOrder (root=0x5555555bde90) at splay.cpp:254
#16 0x0000555555557b0d in InOrder (root=0x55555587d810) at splay.cpp:254
#17 0x0000555555557b0d in InOrder (root=0x5555556accf0) at splay.cpp:254
#18 0x0000555555557b0d in InOrder (root=0x55555587dbd0) at splay.cpp:254
#19 0x0000555555557b0d in InOrder (root=0x55555568bd90) at splay.cpp:254
#20 0x0000555555557b0d in InOrder (root=0x55555587dcb0) at splay.cpp:254
#21 0x0000555555557b0d in InOrder (root=0x555555693810) at splay.cpp:254
#22 0x0000555555557b0d in InOrder (root=0x555555634c10) at splay.cpp:254
#23 0x0000555555557b0d in InOrder (root=0x55555587dcd0) at splay.cpp:254
#24 0x00005555555564fe in main (argc=3, argv=0x7fffffffdfb8) at main.cpp:35

247	
248	void InOrder(splay* root)
249	{
250		if(root)
251		{
252			InOrder(root->lchild);
253			std::cout<<std::bitset<16>(root->key)<<std::endl;
254			InOrder(root->rchild);
255		}
256	}

Backtrace END
Fliping a bit of the value pointed by a pointer
Fliping value of field: rchild
Fliping a bit of the pointer
Memory content before bitflip:0x300xb70x5e0x550x550x550x000x00
Fault Model: Zero bit-flip
base address to flip value: 0x55555587d040
address max offset: 8
Memory content after  bitflip:0x000x000x000x000x000x000x000x00
frame name: InOrder
symbol name: root
symbol filename: splay.cpp
symbol line: 248
value: 0x55555587d030
value address: 0x7fffffffd9f8
Type: The type is a pointer.
Type sizeof: 8

[INFO -- 2018-11-30 22:57:03]
Fault Injection Successful after 1.625328540802002s
[INFO -- 2018-11-30 22:57:03]
event type: exit
[INFO -- 2018-11-30 22:57:03]
exit code: 0
