[INFO -- 2018-11-25 23:55:01]
Starting flip_value script
version: 1.1
[INFO -- 2018-11-25 23:55:01]
Initialization strings:
[INFO -- 2018-11-25 23:55:01]
(1) file /tmp/BTree-dup/main
[INFO -- 2018-11-25 23:55:01]
(2)  set args /tmp/BTree-dup/input_100000 /tmp/BTree-dup/output_100000 /tmp/BTree-dup-detection.log /tmp/BTree-dup/output2_100000
[INFO -- 2018-11-25 23:55:01]
initSignal:0
[INFO -- 2018-11-25 23:55:01]
endSignal:2
[INFO -- 2018-11-25 23:55:01]
faultModel:2
[INFO -- 2018-11-25 23:55:02]
Backtrace BEGIN:
#0  BTreeNode::insertNonFull (this=0x555555c26f40, k=1127741) at BTree_dup.cpp:520
#1  0x0000555555556639 in BTreeNode::insertNonFull (this=0x555555c38ac0, k=1127741) at BTree_dup.cpp:535
#2  0x0000555555556639 in BTreeNode::insertNonFull (this=0x555555ce1e10, k=1127741) at BTree_dup.cpp:535
#3  0x0000555555556639 in BTreeNode::insertNonFull (this=0x555555bee480, k=1127741) at BTree_dup.cpp:535
#4  0x0000555555556639 in BTreeNode::insertNonFull (this=0x555555ce1f30, k=1127741) at BTree_dup.cpp:535
#5  0x0000555555556478 in BTree::insert (this=0x7fffffffda50, k=1127741) at BTree_dup.cpp:489
#6  0x0000555555556c25 in runner (input=0x7fffffffe22a "/tmp/BTree-dup/input_100000") at BTree_dup.cpp:664
#7  0x0000555555556f7a in main (argc=5, argv=0x7fffffffde68) at BTree_dup.cpp:712

515			n = n+1;
516		}
517		else // If this node is not leaf
518		{
519			// Find the child which is going to have the new key
520			while (i >= 0 && keys[i] > k)
521				i--;
522	
523			// See if the found child is full
524			if (C[i+1]->n == 2*t-1)

Backtrace END
Fliping a bit of the pointer
Memory content before bitflip:0x100x1e0xce0x550x550x550x000x00
Fault Model: Random bit-flip
base address to flip value: 0x7fffffffd968
address max offset: 8
Memory content after  bitflip:0x310x5e0xb00xfb0x470xa40x7a0x30
frame name: BTreeNode::insertNonFull
symbol name: this
symbol filename: BTree_dup.cpp
symbol line: 0
value: 0x555555ce1e10
value address: 0x7fffffffd968
Type: The type is a pointer.
Type sizeof: 8

[INFO -- 2018-11-25 23:55:02]
Fault Injection Successful after 1.614187240600586s
[INFO -- 2018-11-25 23:55:03]
event type: exit
[INFO -- 2018-11-25 23:55:03]
exit code: 0
