[INFO -- 2018-12-09 02:06:43]
Starting flip_value script
version: 1.1
[INFO -- 2018-12-09 02:06:43]
Initialization strings:
[INFO -- 2018-12-09 02:06:43]
(1) file /tmp/RBTree-dup/main_dup
[INFO -- 2018-12-09 02:06:43]
(2)  set args /tmp/RBTree-dup/input_100000 /tmp/RBTree-dup/output_100000 /tmp/RBTree-dup/RBTree-dup-detection.log /tmp/RBTree-dup/output2_100000
[INFO -- 2018-12-09 02:06:43]
initSignal:0
[INFO -- 2018-12-09 02:06:43]
endSignal:2
[INFO -- 2018-12-09 02:06:43]
faultModel:4
[INFO -- 2018-12-09 02:06:43]
Backtrace BEGIN:
#0  do_lookup_x (undef_name=undef_name@entry=0x7ffff7a8a607 "_ZNKSt7__cxx118numpunctIcE12do_falsenameEv", new_hash=new_hash@entry=2861547911, old_hash=old_hash@entry=0x7fffffffd9d0, ref=0x7ffff7a6b258, result=result@entry=0x7fffffffd9e0, scope=<optimized out>, i=1, version=0x7ffff7fd4228, flags=1, skip=0x0, type_class=0, undef_map=0x7ffff7fd6000) at dl-lookup.c:396
#1  0x00007ffff7de01ef in _dl_lookup_symbol_x (undef_name=0x7ffff7a8a607 "_ZNKSt7__cxx118numpunctIcE12do_falsenameEv", undef_map=undef_map@entry=0x7ffff7fd6000, ref=ref@entry=0x7fffffffdb00, symbol_scope=symbol_scope@entry=0x7ffff7fd6358, version=0x7ffff7fd4228, type_class=0, flags=1, skip_map=<optimized out>) at dl-lookup.c:813
#2  0x00007ffff7de1af9 in elf_machine_rela (skip_ifunc=<optimized out>, reloc_addr_arg=0x7ffff7dc97d0, version=<optimized out>, sym=<optimized out>, reloc=0x7ffff7ac8150, map=0x7ffff7fd6000) at ../sysdeps/x86_64/dl-machine.h:308
#3  elf_dynamic_do_Rela (skip_ifunc=<optimized out>, lazy=<optimized out>, nrelative=<optimized out>, relsize=<optimized out>, reladdr=<optimized out>, map=0x7ffff7fd6000) at do-rel.h:137
#4  _dl_relocate_object (scope=<optimized out>, reloc_mode=<optimized out>, consider_profiling=<optimized out>, consider_profiling@entry=0) at dl-reloc.c:258
#5  0x00007ffff7dd9307 in dl_main (phdr=<optimized out>, phnum=<optimized out>, user_entry=<optimized out>, auxv=<optimized out>) at rtld.c:2190
#6  0x00007ffff7defdd0 in _dl_sysdep_start (start_argptr=start_argptr@entry=0x7fffffffde90, dl_main=dl_main@entry=0x7ffff7dd7660 <dl_main>) at ../elf/dl-sysdep.c:253
#7  0x00007ffff7dd7128 in _dl_start_final (arg=0x7fffffffde90) at rtld.c:414
#8  _dl_start (arg=0x7fffffffde90) at rtld.c:521
#9  0x00007ffff7dd6098 in _start () from /lib64/ld-linux-x86-64.so.2
#10 0x0000000000000005 in ?? ()
#11 0x00007fffffffe212 in ?? ()
#12 0x00007fffffffe22b in ?? ()
#13 0x00007fffffffe248 in ?? ()
#14 0x00007fffffffe266 in ?? ()
#15 0x00007fffffffe28f in ?? ()
#16 0x0000000000000000 in ?? ()

391	dl-lookup.c: Arquivo ou diretório inexistente.

Backtrace END
Fliping array at pos: 0
Fliping value of field: nrelative
Memory content before bitflip:0xfd0x020x000x000x000x000x000x00
Fault Model: LSB bit-flip
base address to flip value: 0x7fffffffdb20
address max offset: 8
Memory content after  bitflip:0xfd0x020x000x000x000x000x000x80
frame name: _dl_relocate_object
symbol name: ranges
symbol filename: dl-reloc.c
symbol line: 258
value: {{start = 140737348605248, size = 93336, nrelative = 9223372036854776573, lazy = 0}, {start = 140737348698584, size = 19848, nrelative = 0, lazy = 1}}
value address: 0x7fffffffdb10
Type: The type is an array.
Type sizeof: 64
Field name: None
Field Type: A range type, that is, an integer type with bounds.
Field Type sizeof: 8
Field Type range: (0, 1)

[INFO -- 2018-12-09 02:06:43]
Fault Injection Successful after 0.5999302864074707s
[INFO -- 2018-12-09 02:06:44]
event type: exit
[INFO -- 2018-12-09 02:06:44]
exit code: 0
