[INFO -- 2018-10-12 05:54:45]
Starting flip_value script
version: 1.1
[INFO -- 2018-10-12 05:54:45]
Initialization strings:
[INFO -- 2018-10-12 05:54:45]
(1) file /tmp/BTree/main
[INFO -- 2018-10-12 05:54:45]
(2)  set args /tmp/BTree/input_100000 /tmp/BTree/output_100000
[INFO -- 2018-10-12 05:54:45]
initSignal:0
[INFO -- 2018-10-12 05:54:45]
endSignal:2
[INFO -- 2018-10-12 05:54:45]
faultModel:0
[INFO -- 2018-10-12 05:54:46]
Backtrace BEGIN:
#0  0x00007ffff7af0194 in std::locale::locale(std::locale const&) () from /usr/lib/x86_64-linux-gnu/libstdc++.so.6
#1  0x000055555555673c in std::ios_base::getloc (this=0x555555758048 <std::cout@@GLIBCXX_3.4+8>) at /usr/include/c++/7/bits/ios_base.h:764
#2  0x00005555555568ed in std::operator<< <char, std::char_traits<char>, 16ul> (__os=..., __x=std::bitset) at /usr/include/c++/7/bitset:1537
#3  0x00005555555563b2 in BTreeNode::traverse (this=0x5555557d54d0) at BTree.cpp:592
#4  0x0000555555556377 in BTreeNode::traverse (this=0x5555557d5680) at BTree.cpp:591
#5  0x00005555555563ff in BTreeNode::traverse (this=0x5555557d5710) at BTree.cpp:597
#6  0x0000555555556377 in BTreeNode::traverse (this=0x5555557d6640) at BTree.cpp:591
#7  0x0000555555556377 in BTreeNode::traverse (this=0x5555557d9580) at BTree.cpp:591
#8  0x0000555555556377 in BTreeNode::traverse (this=0x5555557e2190) at BTree.cpp:591
#9  0x00005555555563ff in BTreeNode::traverse (this=0x5555557e2220) at BTree.cpp:597
#10 0x00005555555563ff in BTreeNode::traverse (this=0x5555557bab90) at BTree.cpp:597
#11 0x0000555555556377 in BTreeNode::traverse (this=0x5555558584b0) at BTree.cpp:591
#12 0x0000555555556851 in BTree::traverse (this=0x7fffffffddc0) at BTree.cpp:137
#13 0x0000555555556630 in main (argc=3, argv=0x7fffffffded8) at BTree.cpp:668

637				root = NULL;
638			else
639				root = root->C[0];
640	
641			// Free the old root
642			delete tmp;
643		}
644		return;
645	}
646	

Backtrace END
Memory content before bitflip:0x020x000x000x00
Fault Model: Single bit-flip
base address to flip value: 0x7fffffffdd1c
address max offset: 4
Memory content after  bitflip:0x020x000x010x00
frame name: BTreeNode::traverse
symbol name: i
symbol filename: BTree.cpp
symbol line: 585
value: 65538
value address: 0x7fffffffdd1c
Type: The type is an integer type.
Type sizeof: 4

[INFO -- 2018-10-12 05:54:46]
Fault Injection Successful after 1.062650442123413s
[INFO -- 2018-10-12 05:54:46]
event type: exit
[INFO -- 2018-10-12 05:54:46]
exit code: 0
