[INFO -- 2018-11-25 21:43:05]
Starting flip_value script
version: 1.1
[INFO -- 2018-11-25 21:43:05]
Initialization strings:
[INFO -- 2018-11-25 21:43:05]
(1) file /tmp/BTree-dup/main
[INFO -- 2018-11-25 21:43:05]
(2)  set args /tmp/BTree-dup/input_100000 /tmp/BTree-dup/output_100000 /tmp/BTree-dup-detection.log /tmp/BTree-dup/output2_100000
[INFO -- 2018-11-25 21:43:05]
initSignal:0
[INFO -- 2018-11-25 21:43:05]
endSignal:2
[INFO -- 2018-11-25 21:43:05]
faultModel:4
[EXCEPTION -- 2018-11-25 21:43:06]
gdbException: Tentativo de desreferenciar um ponteiro genérico.
[EXCEPTION -- 2018-11-25 21:43:06]
pythonException: Unable to exit loop in struct fields; Exiting wihtout making a bit flip
[INFO -- 2018-11-25 21:43:07]
Backtrace BEGIN:
#0  0x0000555555557ace in std::forward<int const&> (__t=<error reading variable>) at /usr/include/c++/7/bits/move.h:73
#1  0x0000555555557c26 in std::allocator_traits<std::allocator<int> >::construct<int, int const&> (__a=..., __p=0x7ffff7fd7bdc, __args#0=@0x7fffffffd968: 2441389) at /usr/include/c++/7/bits/alloc_traits.h:475
#2  0x0000555555557b24 in std::vector<int, std::allocator<int> >::emplace_back<int const&> (this=0x7fffffffdaa0, __args#0=@0x7fffffffd968: 2441389) at /usr/include/c++/7/bits/vector.tcc:100
#3  0x00005555555579e7 in std::vector<int, std::allocator<int> >::_M_range_initialize<std::istream_iterator<int, char, std::char_traits<char>, long> > (this=0x7fffffffdaa0, __first=..., __last=...) at /usr/include/c++/7/bits/stl_vector.h:1310
#4  0x0000555555557882 in std::vector<int, std::allocator<int> >::_M_initialize_dispatch<std::istream_iterator<int, char, std::char_traits<char>, long> > (this=0x7fffffffdaa0, __first=..., __last=...) at /usr/include/c++/7/bits/stl_vector.h:1299
#5  0x0000555555557569 in std::vector<int, std::allocator<int> >::vector<std::istream_iterator<int, char, std::char_traits<char>, long>, void> (this=0x7fffffffdaa0, __first=..., __last=..., __a=...) at /usr/include/c++/7/bits/stl_vector.h:414
#6  0x0000555555556bbc in runner (input=0x7fffffffe22a "/tmp/BTree-dup/input_100000") at BTree_dup.cpp:660
#7  0x0000555555556f51 in main (argc=5, argv=0x7fffffffde68) at BTree_dup.cpp:711

68	   *
69	   *  This function is used to implement "perfect forwarding".
70	   */
71	  template<typename _Tp>
72	    constexpr _Tp&&
73	    forward(typename std::remove_reference<_Tp>::type& __t) noexcept
74	    { return static_cast<_Tp&&>(__t); }
75	
76	  /**
77	   *  @brief  Forward an rvalue.

Backtrace END
Fliping value of field: _M_stream
Fliping a bit of the pointer
Memory content before bitflip:0x000x000x000x000x000x000x000x00
Fault Model: LSB bit-flip
base address to flip value: 0x7fffffffda70
address max offset: 8
Memory content after  bitflip:0x000x000x000x000x000x000x000x80
frame name: runner
symbol name: end
symbol filename: BTree_dup.cpp
symbol line: 659
value: {<std::iterator<std::input_iterator_tag, int, long, int const*, int const&>> = {<No data fields>}, _M_stream = 0x8000000000000000, _M_value = 0, _M_ok = false}
value address: 0x7fffffffda70
Type: The type is a structure.
Type sizeof: 16
Field name: std::iterator<std::input_iterator_tag, int, long, int const*, int const&>
Field Type: The type is a structure.
Field Type sizeof: 1
Field name: _M_stream
Field Type: The type is a pointer.
Field Type sizeof: 8
Field name: _M_value
Field Type: The type is an integer type.
Field Type sizeof: 4
Field name: _M_ok
Field Type: A boolean type.
Field Type sizeof: 1

[INFO -- 2018-11-25 21:43:07]
Fault Injection Successful after 2.3019962310791016s
[INFO -- 2018-11-25 21:43:08]
event type: exit
[INFO -- 2018-11-25 21:43:08]
exit code: 0
