[INFO -- 2018-12-01 05:07:27]
Starting flip_value script
version: 1.1
[INFO -- 2018-12-01 05:07:27]
Initialization strings:
[INFO -- 2018-12-01 05:07:27]
(1) file /tmp/splay/main
[INFO -- 2018-12-01 05:07:27]
(2) set args /tmp/splay/input_100000 /tmp/splay/output_100000
[INFO -- 2018-12-01 05:07:27]
initSignal:0
[INFO -- 2018-12-01 05:07:27]
endSignal:5
[INFO -- 2018-12-01 05:07:27]
faultModel:2
[EXCEPTION -- 2018-12-01 05:07:27]
gdbException: Attempt to dereference a generic pointer.
[INFO -- 2018-12-01 05:07:27]
event type: exit
[INFO -- 2018-12-01 05:07:27]
exit code: 0
