[INFO -- 2018-11-25 23:26:26]
Starting flip_value script
version: 1.1
[INFO -- 2018-11-25 23:26:26]
Initialization strings:
[INFO -- 2018-11-25 23:26:26]
(1) file /tmp/BTree-dup/main
[INFO -- 2018-11-25 23:26:26]
(2)  set args /tmp/BTree-dup/input_100000 /tmp/BTree-dup/output_100000 /tmp/BTree-dup-detection.log /tmp/BTree-dup/output2_100000
[INFO -- 2018-11-25 23:26:26]
initSignal:0
[INFO -- 2018-11-25 23:26:26]
endSignal:2
[INFO -- 2018-11-25 23:26:26]
faultModel:2
[EXCEPTION -- 2018-11-25 23:26:27]
pythonException: Unable to exit loop in struct fields; Exiting wihtout making a bit flip
[INFO -- 2018-11-25 23:26:28]
Backtrace BEGIN:
#0  0x0000555555556574 in BTreeNode::insertNonFull (this=0x555555f72f30, k=4755514) at BTree_dup.cpp:520
#1  0x0000555555556639 in BTreeNode::insertNonFull (this=0x555555bd7410, k=4755514) at BTree_dup.cpp:535
#2  0x0000555555556639 in BTreeNode::insertNonFull (this=0x555555bee2d0, k=4755514) at BTree_dup.cpp:535
#3  0x0000555555556639 in BTreeNode::insertNonFull (this=0x555555dcd760, k=4755514) at BTree_dup.cpp:535
#4  0x0000555555556639 in BTreeNode::insertNonFull (this=0x555555e0c400, k=4755514) at BTree_dup.cpp:535
#5  0x0000555555556639 in BTreeNode::insertNonFull (this=0x555555e9d600, k=4755514) at BTree_dup.cpp:535
#6  0x0000555555556639 in BTreeNode::insertNonFull (this=0x555555ef6eb0, k=4755514) at BTree_dup.cpp:535
#7  0x0000555555556639 in BTreeNode::insertNonFull (this=0x555555ef6e20, k=4755514) at BTree_dup.cpp:535
#8  0x0000555555556478 in BTree::insert (this=0x7fffffffda50, k=4755514) at BTree_dup.cpp:489
#9  0x0000555555556c25 in runner (input=0x7fffffffe22a "/tmp/BTree-dup/input_100000") at BTree_dup.cpp:664
#10 0x0000555555556f7a in main (argc=5, argv=0x7fffffffde68) at BTree_dup.cpp:712

515			n = n+1;
516		}
517		else // If this node is not leaf
518		{
519			// Find the child which is going to have the new key
520			while (i >= 0 && keys[i] > k)
521				i--;
522	
523			// See if the found child is full
524			if (C[i+1]->n == 2*t-1)

Backtrace END
Memory content before bitflip:0x3a0x900x480x00
Fault Model: Random bit-flip
base address to flip value: 0x7fffffffd964
address max offset: 4
Memory content after  bitflip:0x2c0x350xd70x95
frame name: BTreeNode::insertNonFull
symbol name: k
symbol filename: BTree_dup.cpp
symbol line: 496
value: -1781058260
value address: 0x7fffffffd964
Type: The type is an integer type.
Type sizeof: 4

[INFO -- 2018-11-25 23:26:28]
Fault Injection Successful after 2.428271770477295s
[INFO -- 2018-11-25 23:26:29]
event type: exit
[INFO -- 2018-11-25 23:26:29]
exit code: 0
