[INFO -- 2018-11-25 16:37:23]
Starting flip_value script
version: 1.1
[INFO -- 2018-11-25 16:37:23]
Initialization strings:
[INFO -- 2018-11-25 16:37:23]
(1) file /tmp/BTree-dup/main
[INFO -- 2018-11-25 16:37:23]
(2)  set args /tmp/BTree-dup/input_100000 /tmp/BTree-dup/output_100000 /tmp/BTree-dup-detection.log /tmp/BTree-dup/output2_100000
[INFO -- 2018-11-25 16:37:23]
initSignal:0
[INFO -- 2018-11-25 16:37:23]
endSignal:2
[INFO -- 2018-11-25 16:37:23]
faultModel:0
[INFO -- 2018-11-25 16:37:24]
Backtrace BEGIN:
#0  0x00007ffff7b70f60 in std::__cxx11::basic_string<char, std::char_traits<char>, std::allocator<char> >::~basic_string() () from /usr/lib/x86_64-linux-gnu/libstdc++.so.6
#1  0x00005555555573f9 in std::operator<< <char, std::char_traits<char>, 16ul> (__os=..., __x=std::bitset = {...}) at /usr/include/c++/7/bitset:1533
#2  0x0000555555556912 in BTreeNode::traverse (this=0x555555afdd00) at BTree_dup.cpp:594
#3  0x00005555555568d7 in BTreeNode::traverse (this=0x555555acb5d0) at BTree_dup.cpp:593
#4  0x00005555555568d7 in BTreeNode::traverse (this=0x55555586af30) at BTree_dup.cpp:593
#5  0x00005555555568d7 in BTreeNode::traverse (this=0x5555558ccb80) at BTree_dup.cpp:593
#6  0x000055555555695f in BTreeNode::traverse (this=0x555555821940) at BTree_dup.cpp:599
#7  0x00005555555568d7 in BTreeNode::traverse (this=0x555555af2000) at BTree_dup.cpp:593
#8  0x00005555555568d7 in BTreeNode::traverse (this=0x5555557a21a0) at BTree_dup.cpp:593
#9  0x00005555555568d7 in BTreeNode::traverse (this=0x555555815c40) at BTree_dup.cpp:593
#10 0x00005555555568d7 in BTreeNode::traverse (this=0x555555a2ab30) at BTree_dup.cpp:593
#11 0x00005555555572bb in BTree::traverse (this=0x7fffffffdd40) at BTree_dup.cpp:139
#12 0x0000555555556fbd in main (argc=5, argv=0x7fffffffde68) at BTree_dup.cpp:718

677	    {
678	        file1.getline(string1,256);
679	        file2.getline(string2,256);
680	        j++;
681	        if(strcmp(string1,string2) != 0)
682	        {
683	            if (fp = fopen(detectLog, "a")) {
684	                fprintf(fp, "[%d]: %s %s\n",j,string1,string2);
685	                fclose(fp);
686	            }

Backtrace END
Memory content before bitflip:0x000x000x000x00
Fault Model: Single bit-flip
base address to flip value: 0x7fffffffdabc
address max offset: 4
Memory content after  bitflip:0x000x200x000x00
frame name: BTreeNode::traverse
symbol name: i
symbol filename: BTree_dup.cpp
symbol line: 587
value: 8192
value address: 0x7fffffffdabc
Type: The type is an integer type.
Type sizeof: 4

[INFO -- 2018-11-25 16:37:24]
Fault Injection Successful after 1.1310904026031494s
[INFO -- 2018-11-25 16:37:26]
event type: exit
[INFO -- 2018-11-25 16:37:26]
exit code: 0
