[INFO -- 2018-12-01 08:58:41]
sending 5 signals using command: 'killall -2 main' after 3.50637886328s
[INFO -- 2018-12-01 08:58:42]
sending 5 signals using command: 'killall -2 main' after 4.47143333197s
[INFO -- 2018-12-01 08:58:42]
sending 5 signals using command: 'killall -2 main' after 4.65463766905s
[INFO -- 2018-12-01 08:58:42]
Starting GDB script
[INFO -- 2018-12-01 08:58:42]
initSignal:0.0
[INFO -- 2018-12-01 08:58:42]
endSignal:5.0
[INFO -- 2018-12-01 08:58:42]
sending 5 signals using command: 'killall -2 main' after 0.0063184933127s
[INFO -- 2018-12-01 08:58:43]
sending 5 signals using command: 'killall -2 main' after 0.528392833501s
[INFO -- 2018-12-01 08:58:44]
sending 5 signals using command: 'killall -2 main' after 1.11958783601s
[INFO -- 2018-12-01 08:58:44]
Execution finished before waitTime
