[INFO -- 2018-12-01 08:35:45]
Starting flip_value script
version: 1.1
[INFO -- 2018-12-01 08:35:45]
Initialization strings:
[INFO -- 2018-12-01 08:35:45]
(1) file /tmp/splay/main
[INFO -- 2018-12-01 08:35:45]
(2) set args /tmp/splay/input_100000 /tmp/splay/output_100000
[INFO -- 2018-12-01 08:35:45]
initSignal:0
[INFO -- 2018-12-01 08:35:45]
endSignal:5
[INFO -- 2018-12-01 08:35:45]
faultModel:0
[EXCEPTION -- 2018-12-01 08:35:46]
pythonException: Unable to exit loop in struct fields; Exiting wihtout making a bit flip
[INFO -- 2018-12-01 08:35:46]
Backtrace BEGIN:
#0  0x00007ffff7d34fd4 in __GI___libc_write (fd=1, buf=0x55555587dcf0, nbytes=17) at ../sysdeps/unix/sysv/linux/write.c:26
#1  0x00007ffff7cb633d in _IO_new_file_write (f=0x7ffff7e10760 <_IO_2_1_stdout_>, data=0x55555587dcf0, n=17) at fileops.c:1183
#2  0x00007ffff7cb7a71 in new_do_write (to_do=17, data=0x55555587dcf0 "0110110101011011\n", fp=0x7ffff7e10760 <_IO_2_1_stdout_>) at libioP.h:839
#3  _IO_new_do_write (fp=0x7ffff7e10760 <_IO_2_1_stdout_>, data=0x55555587dcf0 "0110110101011011\n", to_do=17) at fileops.c:433
#4  0x00007ffff7cb56f8 in _IO_new_file_sync (fp=0x7ffff7e10760 <_IO_2_1_stdout_>) at fileops.c:819
#5  0x00007ffff7caa32d in __GI__IO_fflush (fp=0x7ffff7e10760 <_IO_2_1_stdout_>) at libioP.h:839
#6  0x00007ffff7f4201e in std::ostream::flush() () from /usr/lib/x86_64-linux-gnu/libstdc++.so.6
#7  0x0000555555557afd in InOrder (root=0x5555556e16d0) at splay.cpp:253
#8  0x0000555555557b0d in InOrder (root=0x5555557d66f0) at splay.cpp:254
#9  0x0000555555557b0d in InOrder (root=0x5555555b6ff0) at splay.cpp:254
#10 0x0000555555557b0d in InOrder (root=0x555555619a90) at splay.cpp:254
#11 0x0000555555557b0d in InOrder (root=0x555555876af0) at splay.cpp:254
#12 0x0000555555557b0d in InOrder (root=0x5555557f1830) at splay.cpp:254
#13 0x0000555555557abd in InOrder (root=0x5555557ce530) at splay.cpp:252
#14 0x0000555555557abd in InOrder (root=0x555555879c50) at splay.cpp:252
#15 0x0000555555557abd in InOrder (root=0x55555579ee70) at splay.cpp:252
#16 0x0000555555557b0d in InOrder (root=0x55555561dad0) at splay.cpp:254
#17 0x0000555555557abd in InOrder (root=0x55555587af50) at splay.cpp:252
#18 0x0000555555557b0d in InOrder (root=0x55555587c090) at splay.cpp:254
#19 0x0000555555557abd in InOrder (root=0x55555587d0f0) at splay.cpp:252
#20 0x0000555555557b0d in InOrder (root=0x55555587d450) at splay.cpp:254
#21 0x0000555555557abd in InOrder (root=0x55555567e570) at splay.cpp:252
#22 0x0000555555557abd in InOrder (root=0x55555587d2f0) at splay.cpp:252
#23 0x0000555555557b0d in InOrder (root=0x55555571f9f0) at splay.cpp:254
#24 0x0000555555557b0d in InOrder (root=0x55555570b550) at splay.cpp:254
#25 0x0000555555557abd in InOrder (root=0x555555774070) at splay.cpp:252
#26 0x0000555555557abd in InOrder (root=0x55555587da50) at splay.cpp:252
#27 0x0000555555557abd in InOrder (root=0x5555555d7910) at splay.cpp:252
#28 0x0000555555557b0d in InOrder (root=0x55555587d8d0) at splay.cpp:254
#29 0x0000555555557b0d in InOrder (root=0x5555557cfed0) at splay.cpp:254
#30 0x0000555555557b0d in InOrder (root=0x555555774190) at splay.cpp:254
#31 0x0000555555557b0d in InOrder (root=0x555555774870) at splay.cpp:254
#32 0x0000555555557abd in InOrder (root=0x55555587dcb0) at splay.cpp:252
#33 0x0000555555557b0d in InOrder (root=0x555555693810) at splay.cpp:254
#34 0x0000555555557b0d in InOrder (root=0x555555634c10) at splay.cpp:254
#35 0x0000555555557b0d in InOrder (root=0x55555587dcd0) at splay.cpp:254
#36 0x00005555555564fe in main (argc=3, argv=0x7fffffffdfb8) at main.cpp:35

21	in ../sysdeps/unix/sysv/linux/write.c

Backtrace END
Fliping value of field: _M_stream
Fliping a bit of the pointer
Memory content before bitflip:0x000x000x000x000x000x000x000x00
Fault Model: Single bit-flip
base address to flip value: 0x7fffffffdc60
address max offset: 8
Memory content after  bitflip:0x000x000x400x000x000x000x000x00
frame name: main
symbol name: end
symbol filename: main.cpp
symbol line: 26
value: {<std::iterator<std::input_iterator_tag, int, long, int const*, int const&>> = {<No data fields>}, _M_stream = 0x400000, _M_value = 0, _M_ok = false}
value address: 0x7fffffffdc60
Type: The type is a structure.
Type sizeof: 16
Field name: std::iterator<std::input_iterator_tag, int, long, int const*, int const&>
Field Type: The type is a structure.
Field Type sizeof: 1
Field name: _M_stream
Field Type: The type is a pointer.
Field Type sizeof: 8
Field name: _M_value
Field Type: The type is an integer type.
Field Type sizeof: 4
Field name: _M_ok
Field Type: A boolean type.
Field Type sizeof: 1

[INFO -- 2018-12-01 08:35:46]
Fault Injection Successful after 1.6876592636108398s
[INFO -- 2018-12-01 08:35:46]
event type: exit
[INFO -- 2018-12-01 08:35:46]
exit code: 0
