[INFO -- 2018-11-26 00:36:36]
Starting flip_value script
version: 1.1
[INFO -- 2018-11-26 00:36:36]
Initialization strings:
[INFO -- 2018-11-26 00:36:36]
(1) file /tmp/BTree-dup/main
[INFO -- 2018-11-26 00:36:36]
(2)  set args /tmp/BTree-dup/input_100000 /tmp/BTree-dup/output_100000 /tmp/BTree-dup-detection.log /tmp/BTree-dup/output2_100000
[INFO -- 2018-11-26 00:36:36]
initSignal:0
[INFO -- 2018-11-26 00:36:36]
endSignal:2
[INFO -- 2018-11-26 00:36:36]
faultModel:2
[INFO -- 2018-11-26 00:36:37]
Backtrace BEGIN:
#0  malloc (n=14) at dl-minimal.c:50
#1  <function called from gdb>
#2  0x00007ffff72b8530 in _int_malloc (av=av@entry=0x7ffff760fc40 <main_arena>, bytes=bytes@entry=32) at malloc.c:3720
#3  0x00007ffff72bb0fc in __GI___libc_malloc (bytes=32) at malloc.c:3057
#4  0x00007ffff7adf1a8 in operator new(unsigned long) () from /usr/lib/x86_64-linux-gnu/libstdc++.so.6
#5  0x000055555555665c in BTreeNode::splitChild (this=0x555555866e80, i=2, y=0x5555557afd00) at BTree_dup.cpp:545
#6  0x00005555555565ed in BTreeNode::insertNonFull (this=0x555555866e80, k=3472444) at BTree_dup.cpp:527
#7  0x0000555555556639 in BTreeNode::insertNonFull (this=0x5555557e4290, k=3472444) at BTree_dup.cpp:535
#8  0x0000555555556639 in BTreeNode::insertNonFull (this=0x5555557e4710, k=3472444) at BTree_dup.cpp:535
#9  0x0000555555556639 in BTreeNode::insertNonFull (this=0x555555961c80, k=3472444) at BTree_dup.cpp:535
#10 0x0000555555556639 in BTreeNode::insertNonFull (this=0x555555a2aaa0, k=3472444) at BTree_dup.cpp:535
#11 0x0000555555556639 in BTreeNode::insertNonFull (this=0x555555a2abc0, k=3472444) at BTree_dup.cpp:535
#12 0x0000555555556639 in BTreeNode::insertNonFull (this=0x555555a2ab30, k=3472444) at BTree_dup.cpp:535
#13 0x0000555555556478 in BTree::insert (this=0x7fffffffda50, k=3472444) at BTree_dup.cpp:489
#14 0x0000555555556c25 in runner (input=0x7fffffffe22a "/tmp/BTree-dup/input_100000") at BTree_dup.cpp:664
#15 0x0000555555556f51 in main (argc=5, argv=0x7fffffffde68) at BTree_dup.cpp:711

45	dl-minimal.c: Arquivo ou diretório inexistente.

Backtrace END
Fliping value of field: t
Memory content before bitflip:0x030x000x000x00
Fault Model: Random bit-flip
base address to flip value: 0x7fffffffdd48
address max offset: 4
Memory content after  bitflip:0x920xfc0xf50x91
frame name: main
symbol name: bTree1
symbol filename: BTree_dup.cpp
symbol line: 704
value: {root = 0x0, t = -1846149998}
value address: 0x7fffffffdd40
Type: The type is a structure.
Type sizeof: 16
Field name: root
Field Type: The type is a pointer.
Field Type sizeof: 8
Field name: t
Field Type: The type is an integer type.
Field Type sizeof: 4

[INFO -- 2018-11-26 00:36:37]
Fault Injection Successful after 1.2778723239898682s
[INFO -- 2018-11-26 00:36:38]
event type: exit
[INFO -- 2018-11-26 00:36:38]
exit code: 0
