[INFO -- 2018-10-12 07:10:50]
Starting flip_value script
version: 1.1
[INFO -- 2018-10-12 07:10:50]
Initialization strings:
[INFO -- 2018-10-12 07:10:50]
(1) file /tmp/BTree/main
[INFO -- 2018-10-12 07:10:50]
(2)  set args /tmp/BTree/input_100000 /tmp/BTree/output_100000
[INFO -- 2018-10-12 07:10:50]
initSignal:0
[INFO -- 2018-10-12 07:10:50]
endSignal:2
[INFO -- 2018-10-12 07:10:50]
faultModel:0
[INFO -- 2018-10-12 07:10:50]
Backtrace BEGIN:
#0  malloc (n=14) at dl-minimal.c:50
#1  <function called from gdb>
#2  _int_malloc (av=av@entry=0x7ffff760fc40 <main_arena>, bytes=bytes@entry=48) at malloc.c:3993
#3  0x00007ffff72bb0fc in __GI___libc_malloc (bytes=48) at malloc.c:3057
#4  0x00007ffff7adf1a8 in operator new(unsigned long) () from /usr/lib/x86_64-linux-gnu/libstdc++.so.6
#5  0x000055555555536a in BTreeNode::BTreeNode (this=0x555555877440, t1=3, leaf1=true) at BTree.cpp:163
#6  0x000055555555611b in BTreeNode::splitChild (this=0x5555558773b0, i=2, y=0x555555877320) at BTree.cpp:543
#7  0x000055555555608d in BTreeNode::insertNonFull (this=0x5555558773b0, k=0) at BTree.cpp:525
#8  0x00005555555560d9 in BTreeNode::insertNonFull (this=0x555555876d80, k=0) at BTree.cpp:533
#9  0x00005555555560d9 in BTreeNode::insertNonFull (this=0x555555876e10, k=0) at BTree.cpp:533
#10 0x00005555555560d9 in BTreeNode::insertNonFull (this=0x555555876f30, k=0) at BTree.cpp:533
#11 0x00005555555560d9 in BTreeNode::insertNonFull (this=0x555555872970, k=0) at BTree.cpp:533
#12 0x00005555555560d9 in BTreeNode::insertNonFull (this=0x555555858420, k=0) at BTree.cpp:533
#13 0x00005555555560d9 in BTreeNode::insertNonFull (this=0x555555858540, k=0) at BTree.cpp:533
#14 0x00005555555560d9 in BTreeNode::insertNonFull (this=0x5555558584b0, k=0) at BTree.cpp:533
#15 0x0000555555555f18 in BTree::insert (this=0x7fffffffddc0, k=0) at BTree.cpp:487
#16 0x0000555555556601 in main (argc=3, argv=0x7fffffffded8) at BTree.cpp:665

45	dl-minimal.c: Arquivo ou diretório inexistente.

Backtrace END
Memory content before bitflip:0x000x000x000x00
Fault Model: Single bit-flip
base address to flip value: 0x7ffff761190c 
address max offset: 4
Memory content after  bitflip:0x800x000x000x00
frame name: __GI___libc_malloc
symbol name: using_malloc_checking
symbol filename: hooks.c
symbol line: 53
value: 128
value address: 0x7ffff761190c <using_malloc_checking>
Type: The type is an integer type.
Type sizeof: 4

[INFO -- 2018-10-12 07:10:50]
Fault Injection Successful after 0.9305713176727295s
[INFO -- 2018-10-12 07:10:50]
event type: exit
[INFO -- 2018-10-12 07:10:50]
exit code: 0
