[INFO -- 2018-10-12 08:54:06]
Starting flip_value script
version: 1.1
[INFO -- 2018-10-12 08:54:06]
Initialization strings:
[INFO -- 2018-10-12 08:54:06]
(1) file /tmp/BTree/main
[INFO -- 2018-10-12 08:54:06]
(2)  set args /tmp/BTree/input_100000 /tmp/BTree/output_100000
[INFO -- 2018-10-12 08:54:06]
initSignal:0
[INFO -- 2018-10-12 08:54:06]
endSignal:2
[INFO -- 2018-10-12 08:54:06]
faultModel:2
[EXCEPTION -- 2018-10-12 08:54:07]
gdbException: Tentativo de desreferenciar um ponteiro genérico.
[INFO -- 2018-10-12 08:54:07]
event type: exit
[INFO -- 2018-10-12 08:54:07]
exit code: 0
