[INFO -- 2018-10-16 17:15:11]
Starting flip_value script
version: 1.1
[INFO -- 2018-10-16 17:15:11]
Initialization strings:
[INFO -- 2018-10-16 17:15:11]
(1) file /tmp/RBTree/main
[INFO -- 2018-10-16 17:15:11]
(2) set args  /tmp/RBTree/input_ /tmp/RBTree/output_
[INFO -- 2018-10-16 17:15:11]
initSignal:0
[INFO -- 2018-10-16 17:15:11]
endSignal:2
[INFO -- 2018-10-16 17:15:11]
faultModel:4
[INFO -- 2018-10-16 17:15:11]
Backtrace BEGIN:
#0  dl_main (phdr=<optimized out>, phnum=<optimized out>, user_entry=<optimized out>, auxv=<optimized out>) at rtld.c:2289
#1  0x00007ffff7defdd0 in _dl_sysdep_start (start_argptr=start_argptr@entry=0x7fffffffdf30, dl_main=dl_main@entry=0x7ffff7dd7660 <dl_main>) at ../elf/dl-sysdep.c:253
#2  0x00007ffff7dd7128 in _dl_start_final (arg=0x7fffffffdf30) at rtld.c:414
#3  _dl_start (arg=0x7fffffffdf30) at rtld.c:521
#4  0x00007ffff7dd6098 in _start () from /lib64/ld-linux-x86-64.so.2
#5  0x0000000000000003 in ?? ()
#6  0x00007fffffffe2a4 in ?? ()
#7  0x00007fffffffe2b5 in ?? ()
#8  0x00007fffffffe2c8 in ?? ()
#9  0x0000000000000000 in ?? ()

2284	rtld.c: Arquivo ou diretório inexistente.

Backtrace END
Fliping array at pos: 17
Memory content before bitflip:0x64
Fault Model: LSB bit-flip
base address to flip value: 0x7ffff7df8de1  
address max offset: 1
Memory content after  bitflip:0x66
frame name: dl_main
symbol name: preload_file
symbol filename: rtld.c
symbol line: 1630
value: "/etc/ld.so.preloaf"
value address: 0x7ffff7df8dd0 <preload_file>
Type: The type is an array.
Type sizeof: 19
Field name: None
Field Type: A range type, that is, an integer type with bounds.
Field Type sizeof: 8
Field Type range: (0, 18)

[INFO -- 2018-10-16 17:15:11]
Fault Injection Successful after 0.7530310153961182s
[INFO -- 2018-10-16 17:15:11]
event type: exit
[INFO -- 2018-10-16 17:15:11]
exit code: 0
