[INFO -- 2018-12-01 09:16:28]
Starting flip_value script
version: 1.1
[INFO -- 2018-12-01 09:16:28]
Initialization strings:
[INFO -- 2018-12-01 09:16:28]
(1) file /tmp/splay/main
[INFO -- 2018-12-01 09:16:28]
(2) set args /tmp/splay/input_100000 /tmp/splay/output_100000
[INFO -- 2018-12-01 09:16:28]
initSignal:0
[INFO -- 2018-12-01 09:16:28]
endSignal:5
[INFO -- 2018-12-01 09:16:28]
faultModel:2
[INFO -- 2018-12-01 09:16:28]
Backtrace BEGIN:
#0  0x00007ffff7d34fd4 in __GI___libc_write (fd=1, buf=0x55555587dcf0, nbytes=17) at ../sysdeps/unix/sysv/linux/write.c:26
#1  0x00007ffff7cb633d in _IO_new_file_write (f=0x7ffff7e10760 <_IO_2_1_stdout_>, data=0x55555587dcf0, n=17) at fileops.c:1183
#2  0x00007ffff7cb7a71 in new_do_write (to_do=17, data=0x55555587dcf0 "0100111111011011\n", fp=0x7ffff7e10760 <_IO_2_1_stdout_>) at libioP.h:839
#3  _IO_new_do_write (fp=0x7ffff7e10760 <_IO_2_1_stdout_>, data=0x55555587dcf0 "0100111111011011\n", to_do=17) at fileops.c:433
#4  0x00007ffff7cb56f8 in _IO_new_file_sync (fp=0x7ffff7e10760 <_IO_2_1_stdout_>) at fileops.c:819
#5  0x00007ffff7caa32d in __GI__IO_fflush (fp=0x7ffff7e10760 <_IO_2_1_stdout_>) at libioP.h:839
#6  0x00007ffff7f4201e in std::ostream::flush() () from /usr/lib/x86_64-linux-gnu/libstdc++.so.6
#7  0x0000555555557afd in InOrder (root=0x555555688110) at splay.cpp:253
#8  0x0000555555557b0d in InOrder (root=0x5555557ab2d0) at splay.cpp:254
#9  0x0000555555557abd in InOrder (root=0x5555557f9450) at splay.cpp:252
#10 0x0000555555557b0d in InOrder (root=0x55555577f830) at splay.cpp:254
#11 0x0000555555557abd in InOrder (root=0x5555555baf50) at splay.cpp:252
#12 0x0000555555557b0d in InOrder (root=0x55555581da70) at splay.cpp:254
#13 0x0000555555557b0d in InOrder (root=0x555555837c10) at splay.cpp:254
#14 0x0000555555557b0d in InOrder (root=0x55555586d850) at splay.cpp:254
#15 0x0000555555557abd in InOrder (root=0x555555589630) at splay.cpp:252
#16 0x0000555555557abd in InOrder (root=0x55555586ef10) at splay.cpp:252
#17 0x0000555555557b0d in InOrder (root=0x5555557b6a10) at splay.cpp:254
#18 0x0000555555557abd in InOrder (root=0x55555586f850) at splay.cpp:252
#19 0x0000555555557abd in InOrder (root=0x555555658bd0) at splay.cpp:252
#20 0x0000555555557abd in InOrder (root=0x555555632bb0) at splay.cpp:252
#21 0x0000555555557abd in InOrder (root=0x55555586c9f0) at splay.cpp:252
#22 0x0000555555557b0d in InOrder (root=0x55555586f8b0) at splay.cpp:254
#23 0x0000555555557abd in InOrder (root=0x55555563e1d0) at splay.cpp:252
#24 0x0000555555557abd in InOrder (root=0x555555873b10) at splay.cpp:252
#25 0x0000555555557abd in InOrder (root=0x555555735af0) at splay.cpp:252
#26 0x0000555555557b0d in InOrder (root=0x555555623bf0) at splay.cpp:254
#27 0x0000555555557abd in InOrder (root=0x55555587ba70) at splay.cpp:252
#28 0x0000555555557b0d in InOrder (root=0x5555557ae5d0) at splay.cpp:254
#29 0x0000555555557abd in InOrder (root=0x55555587dab0) at splay.cpp:252
#30 0x0000555555557abd in InOrder (root=0x5555557882f0) at splay.cpp:252
#31 0x0000555555557b0d in InOrder (root=0x55555587da30) at splay.cpp:254
#32 0x0000555555557abd in InOrder (root=0x55555587dbb0) at splay.cpp:252
#33 0x0000555555557abd in InOrder (root=0x5555557cfed0) at splay.cpp:252
#34 0x0000555555557b0d in InOrder (root=0x555555774190) at splay.cpp:254
#35 0x0000555555557b0d in InOrder (root=0x555555774870) at splay.cpp:254
#36 0x0000555555557abd in InOrder (root=0x55555587dcb0) at splay.cpp:252
#37 0x0000555555557b0d in InOrder (root=0x555555693810) at splay.cpp:254
#38 0x0000555555557b0d in InOrder (root=0x555555634c10) at splay.cpp:254
#39 0x0000555555557b0d in InOrder (root=0x55555587dcd0) at splay.cpp:254
#40 0x00005555555564fe in main (argc=3, argv=0x7fffffffdfb8) at main.cpp:35

21	in ../sysdeps/unix/sysv/linux/write.c

Backtrace END
Fliping a bit of the value pointed by a pointer
Fliping value of field: key
Memory content before bitflip:0xdb0x4f0x300x00
Fault Model: Random bit-flip
base address to flip value: 0x555555688110
address max offset: 4
Memory content after  bitflip:0x080x610x8b0x31
frame name: InOrder
symbol name: root
symbol filename: splay.cpp
symbol line: 248
value: 0x555555688110
value address: 0x7fffffffd608
Type: The type is a pointer.
Type sizeof: 8

[INFO -- 2018-12-01 09:16:28]
Fault Injection Successful after 0.7379720211029053s
[INFO -- 2018-12-01 09:16:28]
event type: exit
[INFO -- 2018-12-01 09:16:28]
exit code: 0
