[INFO -- 2018-12-01 12:32:09]
Starting flip_value script
version: 1.1
[INFO -- 2018-12-01 12:32:09]
Initialization strings:
[INFO -- 2018-12-01 12:32:09]
(1) file /tmp/splay/main
[INFO -- 2018-12-01 12:32:09]
(2) set args /tmp/splay/input_100000 /tmp/splay/output_100000
[INFO -- 2018-12-01 12:32:09]
initSignal:0
[INFO -- 2018-12-01 12:32:09]
endSignal:5
[INFO -- 2018-12-01 12:32:09]
faultModel:1
[EXCEPTION -- 2018-12-01 12:32:09]
pythonException: Unable to exit loop in struct fields; Exiting wihtout making a bit flip
[INFO -- 2018-12-01 12:32:09]
Backtrace BEGIN:
#0  0x00007ffff7d34fd4 in __GI___libc_write (fd=1, buf=0x55555587dcf0, nbytes=17) at ../sysdeps/unix/sysv/linux/write.c:26
#1  0x00007ffff7cb633d in _IO_new_file_write (f=0x7ffff7e10760 <_IO_2_1_stdout_>, data=0x55555587dcf0, n=17) at fileops.c:1183
#2  0x00007ffff7cb7a71 in new_do_write (to_do=17, data=0x55555587dcf0 "0111111011011000\n", fp=0x7ffff7e10760 <_IO_2_1_stdout_>) at libioP.h:839
#3  _IO_new_do_write (fp=0x7ffff7e10760 <_IO_2_1_stdout_>, data=0x55555587dcf0 "0111111011011000\n", to_do=17) at fileops.c:433
#4  0x00007ffff7cb56f8 in _IO_new_file_sync (fp=0x7ffff7e10760 <_IO_2_1_stdout_>) at fileops.c:819
#5  0x00007ffff7caa32d in __GI__IO_fflush (fp=0x7ffff7e10760 <_IO_2_1_stdout_>) at libioP.h:839
#6  0x00007ffff7f4201e in std::ostream::flush() () from /usr/lib/x86_64-linux-gnu/libstdc++.so.6
#7  0x0000555555557afd in InOrder (root=0x55555558f150) at splay.cpp:253
#8  0x0000555555557b0d in InOrder (root=0x555555730fb0) at splay.cpp:254
#9  0x0000555555557b0d in InOrder (root=0x555555745a30) at splay.cpp:254
#10 0x0000555555557b0d in InOrder (root=0x55555569b9d0) at splay.cpp:254
#11 0x0000555555557b0d in InOrder (root=0x555555770930) at splay.cpp:254
#12 0x0000555555557b0d in InOrder (root=0x5555555cbcb0) at splay.cpp:254
#13 0x0000555555557abd in InOrder (root=0x555555777970) at splay.cpp:252
#14 0x0000555555557abd in InOrder (root=0x5555558704d0) at splay.cpp:252
#15 0x0000555555557abd in InOrder (root=0x555555793ab0) at splay.cpp:252
#16 0x0000555555557abd in InOrder (root=0x5555558747f0) at splay.cpp:252
#17 0x0000555555557abd in InOrder (root=0x555555877010) at splay.cpp:252
#18 0x0000555555557b0d in InOrder (root=0x55555568ac50) at splay.cpp:254
#19 0x0000555555557abd in InOrder (root=0x555555875cb0) at splay.cpp:252
#20 0x0000555555557b0d in InOrder (root=0x555555878eb0) at splay.cpp:254
#21 0x0000555555557abd in InOrder (root=0x55555559c3b0) at splay.cpp:252
#22 0x0000555555557abd in InOrder (root=0x55555587ca50) at splay.cpp:252
#23 0x0000555555557abd in InOrder (root=0x5555557247d0) at splay.cpp:252
#24 0x0000555555557abd in InOrder (root=0x55555587ca10) at splay.cpp:252
#25 0x0000555555557b0d in InOrder (root=0x555555707270) at splay.cpp:254
#26 0x0000555555557b0d in InOrder (root=0x55555587d570) at splay.cpp:254
#27 0x0000555555557b0d in InOrder (root=0x55555587d6b0) at splay.cpp:254
#28 0x0000555555557abd in InOrder (root=0x5555556e1d70) at splay.cpp:252
#29 0x0000555555557b0d in InOrder (root=0x5555555852d0) at splay.cpp:254
#30 0x0000555555557abd in InOrder (root=0x55555587d9d0) at splay.cpp:252
#31 0x0000555555557b0d in InOrder (root=0x5555555d7910) at splay.cpp:254
#32 0x0000555555557b0d in InOrder (root=0x55555587d8d0) at splay.cpp:254
#33 0x0000555555557b0d in InOrder (root=0x5555557cfed0) at splay.cpp:254
#34 0x0000555555557b0d in InOrder (root=0x555555774190) at splay.cpp:254
#35 0x0000555555557b0d in InOrder (root=0x555555774870) at splay.cpp:254
#36 0x0000555555557abd in InOrder (root=0x55555587dcb0) at splay.cpp:252
#37 0x0000555555557b0d in InOrder (root=0x555555693810) at splay.cpp:254
#38 0x0000555555557b0d in InOrder (root=0x555555634c10) at splay.cpp:254
#39 0x0000555555557b0d in InOrder (root=0x55555587dcd0) at splay.cpp:254
#40 0x00005555555564fe in main (argc=3, argv=0x7fffffffdfb8) at main.cpp:35

21	in ../sysdeps/unix/sysv/linux/write.c

Backtrace END
Fliping a bit of the pointer
Memory content before bitflip:0xd00x040x870x550x550x550x000x00
Fault Model: Double bit-flip
base address to flip value: 0x7fffffffd758
address max offset: 8
Memory content after  bitflip:0xd00xc40x870x550x550x550x000x00
frame name: InOrder
symbol name: root
symbol filename: splay.cpp
symbol line: 248
value: 0x5555558704d0
value address: 0x7fffffffd758
Type: The type is a pointer.
Type sizeof: 8

[INFO -- 2018-12-01 12:32:09]
Fault Injection Successful after 0.8757352828979492s
[INFO -- 2018-12-01 12:32:09]
event type: exit
[INFO -- 2018-12-01 12:32:09]
exit code: 0
