[INFO -- 2018-12-01 12:44:27]
Starting flip_value script
version: 1.1
[INFO -- 2018-12-01 12:44:27]
Initialization strings:
[INFO -- 2018-12-01 12:44:27]
(1) file /tmp/splay/main
[INFO -- 2018-12-01 12:44:27]
(2) set args /tmp/splay/input_100000 /tmp/splay/output_100000
[INFO -- 2018-12-01 12:44:27]
initSignal:0
[INFO -- 2018-12-01 12:44:27]
endSignal:5
[INFO -- 2018-12-01 12:44:27]
faultModel:2
[INFO -- 2018-12-01 12:44:27]
Backtrace BEGIN:
#0  0x00007ffff7d34fd4 in __GI___libc_write (fd=1, buf=0x55555587dcf0, nbytes=17) at ../sysdeps/unix/sysv/linux/write.c:26
#1  0x00007ffff7cb633d in _IO_new_file_write (f=0x7ffff7e10760 <_IO_2_1_stdout_>, data=0x55555587dcf0, n=17) at fileops.c:1183
#2  0x00007ffff7cb7a71 in new_do_write (to_do=17, data=0x55555587dcf0 "0000011010001000\n", fp=0x7ffff7e10760 <_IO_2_1_stdout_>) at libioP.h:839
#3  _IO_new_do_write (fp=0x7ffff7e10760 <_IO_2_1_stdout_>, data=0x55555587dcf0 "0000011010001000\n", to_do=17) at fileops.c:433
#4  0x00007ffff7cb56f8 in _IO_new_file_sync (fp=0x7ffff7e10760 <_IO_2_1_stdout_>) at fileops.c:819
#5  0x00007ffff7caa32d in __GI__IO_fflush (fp=0x7ffff7e10760 <_IO_2_1_stdout_>) at libioP.h:839
#6  0x00007ffff7f4201e in std::ostream::flush() () from /usr/lib/x86_64-linux-gnu/libstdc++.so.6
#7  0x0000555555557afd in InOrder (root=0x55555557ef90) at splay.cpp:253
#8  0x0000555555557b0d in InOrder (root=0x5555556625d0) at splay.cpp:254
#9  0x0000555555557b0d in InOrder (root=0x555555762490) at splay.cpp:254
#10 0x0000555555557b0d in InOrder (root=0x555555827390) at splay.cpp:254
#11 0x0000555555557b0d in InOrder (root=0x5555556580f0) at splay.cpp:254
#12 0x0000555555557b0d in InOrder (root=0x555555638cd0) at splay.cpp:254
#13 0x0000555555557b0d in InOrder (root=0x555555842790) at splay.cpp:254
#14 0x0000555555557b0d in InOrder (root=0x55555575f330) at splay.cpp:254
#15 0x0000555555557abd in InOrder (root=0x55555585b7b0) at splay.cpp:252
#16 0x0000555555557abd in InOrder (root=0x55555568d3b0) at splay.cpp:252
#17 0x0000555555557abd in InOrder (root=0x5555556ae4b0) at splay.cpp:252
#18 0x0000555555557b0d in InOrder (root=0x555555873750) at splay.cpp:254
#19 0x0000555555557abd in InOrder (root=0x55555582b050) at splay.cpp:252
#20 0x0000555555557abd in InOrder (root=0x555555873570) at splay.cpp:252
#21 0x0000555555557abd in InOrder (root=0x555555868c90) at splay.cpp:252
#22 0x0000555555557b0d in InOrder (root=0x5555556d2990) at splay.cpp:254
#23 0x0000555555557b0d in InOrder (root=0x55555568e450) at splay.cpp:254
#24 0x0000555555557abd in InOrder (root=0x555555628550) at splay.cpp:252
#25 0x0000555555557abd in InOrder (root=0x55555587a210) at splay.cpp:252
#26 0x0000555555557b0d in InOrder (root=0x555555609e50) at splay.cpp:254
#27 0x0000555555557b0d in InOrder (root=0x55555587bff0) at splay.cpp:254
#28 0x0000555555557b0d in InOrder (root=0x55555587d750) at splay.cpp:254
#29 0x0000555555557b0d in InOrder (root=0x55555571a7f0) at splay.cpp:254
#30 0x0000555555557b0d in InOrder (root=0x55555571f9b0) at splay.cpp:254
#31 0x0000555555557b0d in InOrder (root=0x55555587d890) at splay.cpp:254
#32 0x0000555555557abd in InOrder (root=0x55555587dbd0) at splay.cpp:252
#33 0x0000555555557b0d in InOrder (root=0x55555568bd90) at splay.cpp:254
#34 0x0000555555557b0d in InOrder (root=0x55555587dcb0) at splay.cpp:254
#35 0x0000555555557b0d in InOrder (root=0x555555693810) at splay.cpp:254
#36 0x0000555555557b0d in InOrder (root=0x555555634c10) at splay.cpp:254
#37 0x0000555555557b0d in InOrder (root=0x55555587dcd0) at splay.cpp:254
#38 0x00005555555564fe in main (argc=3, argv=0x7fffffffdfb8) at main.cpp:35

21	in ../sysdeps/unix/sysv/linux/write.c

Backtrace END
Fliping a bit of the value pointed by a pointer
Fliping value of field: rchild
Fliping a bit of the pointer
Memory content before bitflip:0xd00xdb0x870x550x550x550x000x00
Fault Model: Random bit-flip
base address to flip value: 0x55555568bda0
address max offset: 8
Memory content after  bitflip:0x530xf30xaf0xad0xcc0xad0x8f0xbd
frame name: InOrder
symbol name: root
symbol filename: splay.cpp
symbol line: 248
value: 0x55555568bd90
value address: 0x7fffffffdb48
Type: The type is a pointer.
Type sizeof: 8

[INFO -- 2018-12-01 12:44:27]
Fault Injection Successful after 0.8107326030731201s
[INFO -- 2018-12-01 12:44:27]
event type: exit
[INFO -- 2018-12-01 12:44:27]
exit code: 0
