[INFO -- 2018-10-12 06:45:51]
Starting flip_value script
version: 1.1
[INFO -- 2018-10-12 06:45:51]
Initialization strings:
[INFO -- 2018-10-12 06:45:51]
(1) file /tmp/BTree/main
[INFO -- 2018-10-12 06:45:51]
(2)  set args /tmp/BTree/input_100000 /tmp/BTree/output_100000
[INFO -- 2018-10-12 06:45:51]
initSignal:0
[INFO -- 2018-10-12 06:45:51]
endSignal:2
[INFO -- 2018-10-12 06:45:51]
faultModel:0
[EXCEPTION -- 2018-10-12 06:45:51]
gdbException: Tentativo de desreferenciar um ponteiro genérico.
[INFO -- 2018-10-12 06:45:51]
event type: exit
[INFO -- 2018-10-12 06:45:51]
exit code: 0
