[INFO -- 2018-11-25 16:21:37]
Starting flip_value script
version: 1.1
[INFO -- 2018-11-25 16:21:37]
Initialization strings:
[INFO -- 2018-11-25 16:21:38]
(1) file /tmp/BTree-dup/main
[INFO -- 2018-11-25 16:21:38]
(2)  set args /tmp/BTree-dup/input_100000 /tmp/BTree-dup/output_100000 /tmp/BTree-dup-detection.log /tmp/BTree-dup/output2_100000
[INFO -- 2018-11-25 16:21:38]
initSignal:0
[INFO -- 2018-11-25 16:21:38]
endSignal:2
[INFO -- 2018-11-25 16:21:38]
faultModel:1
[EXCEPTION -- 2018-11-25 16:21:39]
pythonException: Unable to exit loop in struct fields; Exiting wihtout making a bit flip
[EXCEPTION -- 2018-11-25 16:21:40]
pythonException: Unable to exit loop in struct fields; Exiting wihtout making a bit flip
[INFO -- 2018-11-25 16:21:40]
Backtrace BEGIN:
#0  malloc (n=10) at dl-minimal.c:50
#1  <function called from gdb>
#2  malloc (n=10) at dl-minimal.c:50
#3  <function called from gdb>
#4  0x00007ffff72bb9c6 in _int_free (have_lock=0, p=0x55555576d090, av=0x7ffff760fc40 <main_arena>) at malloc.c:4149
#5  __GI___libc_free (mem=0x55555576d0a0) at malloc.c:3124
#6  0x00005555555573f9 in std::operator<< <char, std::char_traits<char>, 16ul> (__os=..., __x=std::bitset = {...}) at /usr/include/c++/7/bitset:1533
#7  0x0000555555556912 in BTreeNode::traverse (this=0x555555b4fc30) at BTree_dup.cpp:594
#8  0x00005555555568d7 in BTreeNode::traverse (this=0x55555583e290) at BTree_dup.cpp:593
#9  0x00005555555568d7 in BTreeNode::traverse (this=0x555555a6b990) at BTree_dup.cpp:593
#10 0x000055555555695f in BTreeNode::traverse (this=0x555555a00f80) at BTree_dup.cpp:599
#11 0x00005555555568d7 in BTreeNode::traverse (this=0x555555a01760) at BTree_dup.cpp:593
#12 0x000055555555695f in BTreeNode::traverse (this=0x555555b30040) at BTree_dup.cpp:599
#13 0x00005555555568d7 in BTreeNode::traverse (this=0x5555558f2290) at BTree_dup.cpp:593
#14 0x00005555555568d7 in BTreeNode::traverse (this=0x555555815c40) at BTree_dup.cpp:593
#15 0x00005555555568d7 in BTreeNode::traverse (this=0x555555a2ab30) at BTree_dup.cpp:593
#16 0x00005555555572bb in BTree::traverse (this=0x7fffffffdd40) at BTree_dup.cpp:139
#17 0x0000555555556fbd in main (argc=5, argv=0x7fffffffde68) at BTree_dup.cpp:718

45	in dl-minimal.c

Backtrace END
Fliping a bit of the value pointed by a pointer
Memory content before bitflip:0x41
Fault Model: Double bit-flip
base address to flip value: 0x7ffff72bc790 
address max offset: 1
Memory content after  bitflip:0x65
frame name: __GI___libc_free
symbol name: __realloc_hook
symbol filename: malloc.c
symbol line: 1868
value: 0x7ffff72bc790 <realloc_hook_ini>
value address: 0x7ffff760fc28 <__realloc_hook>
Type: The type is a pointer.
Type sizeof: 8

[INFO -- 2018-11-25 16:21:40]
Fault Injection Successful after 2.2846977710723877s
[INFO -- 2018-11-25 16:21:40]
event type: exit
[INFO -- 2018-11-25 16:21:40]
exit code: 0
