[INFO -- 2018-12-01 12:40:27]
Starting flip_value script
version: 1.1
[INFO -- 2018-12-01 12:40:27]
Initialization strings:
[INFO -- 2018-12-01 12:40:27]
(1) file /tmp/splay/main
[INFO -- 2018-12-01 12:40:27]
(2) set args /tmp/splay/input_100000 /tmp/splay/output_100000
[INFO -- 2018-12-01 12:40:27]
initSignal:0
[INFO -- 2018-12-01 12:40:27]
endSignal:5
[INFO -- 2018-12-01 12:40:27]
faultModel:3
[INFO -- 2018-12-01 12:40:27]
Backtrace BEGIN:
#0  __GI___libc_malloc (bytes=24) at malloc.c:3018
#1  0x00007ffff7ec2248 in operator new(unsigned long) () from /usr/lib/x86_64-linux-gnu/libstdc++.so.6
#2  0x0000555555557845 in New_Node (key=4304765) at splay.cpp:112
#3  0x00005555555578ca in Insert (key=4304765, root=0x5555555d5d30) at splay.cpp:136
#4  0x00005555555564bb in main (argc=3, argv=0x7fffffffdfb8) at main.cpp:31

3013	in malloc.c

Backtrace END
Memory content before bitflip:0x7d0xaf0x410x00
Fault Model: Zero bit-flip
base address to flip value: 0x7fffffffdbec
address max offset: 4
Memory content after  bitflip:0x000x000x000x00
frame name: New_Node
symbol name: key
symbol filename: splay.cpp
symbol line: 110
value: 0
value address: 0x7fffffffdbec
Type: The type is an integer type.
Type sizeof: 4

[INFO -- 2018-12-01 12:40:27]
Fault Injection Successful after 0.6375751495361328s
[INFO -- 2018-12-01 12:40:27]
event type: exit
[INFO -- 2018-12-01 12:40:27]
exit code: 0
