[INFO -- 2018-10-12 05:48:30]
Starting flip_value script
version: 1.1
[INFO -- 2018-10-12 05:48:30]
Initialization strings:
[INFO -- 2018-10-12 05:48:30]
(1) file /tmp/BTree/main
[INFO -- 2018-10-12 05:48:30]
(2)  set args /tmp/BTree/input_100000 /tmp/BTree/output_100000
[INFO -- 2018-10-12 05:48:30]
initSignal:0
[INFO -- 2018-10-12 05:48:30]
endSignal:2
[INFO -- 2018-10-12 05:48:30]
faultModel:2
[EXCEPTION -- 2018-10-12 05:48:30]
gdbException: Tentativo de desreferenciar um ponteiro genérico.
[EXCEPTION -- 2018-10-12 05:48:30]
pythonException: Unable to exit loop in struct fields; Exiting wihtout making a bit flip
[INFO -- 2018-10-12 05:48:30]
Backtrace BEGIN:
#0  0x00007ffff7ae0159 in __cxxabiv1::__vmi_class_type_info::__do_dyncast(long, __cxxabiv1::__class_type_info::__sub_kind, __cxxabiv1::__class_type_info const*, void const*, __cxxabiv1::__class_type_info const*, void const*, __cxxabiv1::__class_type_info::__dyncast_result&) const () from /usr/lib/x86_64-linux-gnu/libstdc++.so.6
#1  0x00007ffff7add3b6 in __dynamic_cast () from /usr/lib/x86_64-linux-gnu/libstdc++.so.6
#2  0x00007ffff7b5033b in std::ctype<char> const& std::use_facet<std::ctype<char> >(std::locale const&) () from /usr/lib/x86_64-linux-gnu/libstdc++.so.6
#3  0x00005555555568f9 in std::operator<< <char, std::char_traits<char>, 16ul> (__os=..., __x=std::bitset) at /usr/include/c++/7/bitset:1537
#4  0x00005555555563b2 in BTreeNode::traverse (this=0x555555841d40) at BTree.cpp:592
#5  0x0000555555556377 in BTreeNode::traverse (this=0x555555841ef0) at BTree.cpp:591
#6  0x0000555555556377 in BTreeNode::traverse (this=0x555555842400) at BTree.cpp:591
#7  0x00005555555563ff in BTreeNode::traverse (this=0x555555842490) at BTree.cpp:597
#8  0x00005555555563ff in BTreeNode::traverse (this=0x5555558425b0) at BTree.cpp:597
#9  0x0000555555556377 in BTreeNode::traverse (this=0x55555584b1c0) at BTree.cpp:591
#10 0x0000555555556377 in BTreeNode::traverse (this=0x555555858420) at BTree.cpp:591
#11 0x0000555555556377 in BTreeNode::traverse (this=0x555555858540) at BTree.cpp:591
#12 0x00005555555563ff in BTreeNode::traverse (this=0x5555558584b0) at BTree.cpp:597
#13 0x0000555555556851 in BTree::traverse (this=0x7fffffffddc0) at BTree.cpp:137
#14 0x0000555555556630 in main (argc=3, argv=0x7fffffffded8) at BTree.cpp:668

2284	in rtld.c

Backtrace END
Fliping a bit of the pointer
Memory content before bitflip:0x900x240x840x550x550x550x000x00
Fault Model: Random bit-flip
base address to flip value: 0x7fffffffdc08
address max offset: 8
Memory content after  bitflip:0xac0xbd0x9f0xf40xf70xa50xe20x2f
frame name: BTreeNode::traverse
symbol name: this
symbol filename: BTree.cpp
symbol line: 0
value: 0x555555842490
value address: 0x7fffffffdc08
Type: The type is a pointer.
Type sizeof: 8

[INFO -- 2018-10-12 05:48:30]
Fault Injection Successful after 0.8039610385894775s
[INFO -- 2018-10-12 05:48:30]
event type: exit
[INFO -- 2018-10-12 05:48:30]
exit code: 0
