[INFO -- 2018-10-12 00:49:44]
sending 5 signals using command: 'killall -2 main' after 1.79753108663s
[INFO -- 2018-10-12 00:49:44]
sending 5 signals using command: 'killall -2 main' after 1.83162328624s
[INFO -- 2018-10-12 00:49:44]
sending 5 signals using command: 'killall -2 main' after 1.88921632018s
[INFO -- 2018-10-12 00:49:45]
Starting GDB script
[INFO -- 2018-10-12 00:49:45]
initSignal:0.0
[INFO -- 2018-10-12 00:49:45]
endSignal:2.0
[INFO -- 2018-10-12 00:49:45]
sending 5 signals using command: 'killall -2 main' after 0.414738679001s
[INFO -- 2018-10-12 00:49:45]
sending 5 signals using command: 'killall -2 main' after 0.870721192081s
[INFO -- 2018-10-12 00:49:46]
sending 5 signals using command: 'killall -2 main' after 1.36274983616s
[INFO -- 2018-10-12 00:49:46]
Execution finished before waitTime
