[INFO -- 2018-12-09 12:40:50]
sending 5 signals using command: 'killall -2 main' after 3.31041579323s
[INFO -- 2018-12-09 12:40:50]
sending 5 signals using command: 'killall -2 main' after 3.3554725192s
[INFO -- 2018-12-09 12:40:52]
sending 5 signals using command: 'killall -2 main' after 4.51539657673s
[INFO -- 2018-12-09 12:40:52]
Starting GDB script
[INFO -- 2018-12-09 12:40:52]
initSignal:0.0
[INFO -- 2018-12-09 12:40:52]
endSignal:5.0
[INFO -- 2018-12-09 12:40:52]
sending 5 signals using command: 'killall -2 main' after 0.630624609635s
[INFO -- 2018-12-09 12:40:54]
sending 5 signals using command: 'killall -2 main' after 1.98721201626s
[INFO -- 2018-12-09 12:40:56]
sending 5 signals using command: 'killall -2 main' after 4.00148191446s
[INFO -- 2018-12-09 12:41:52]
Execution did not finish before waitTime
