[INFO -- 2018-11-26 00:52:44]
Starting flip_value script
version: 1.1
[INFO -- 2018-11-26 00:52:44]
Initialization strings:
[INFO -- 2018-11-26 00:52:44]
(1) file /tmp/BTree-dup/main
[INFO -- 2018-11-26 00:52:44]
(2)  set args /tmp/BTree-dup/input_100000 /tmp/BTree-dup/output_100000 /tmp/BTree-dup-detection.log /tmp/BTree-dup/output2_100000
[INFO -- 2018-11-26 00:52:44]
initSignal:0
[INFO -- 2018-11-26 00:52:44]
endSignal:2
[INFO -- 2018-11-26 00:52:44]
faultModel:4
[INFO -- 2018-11-26 00:52:45]
Backtrace BEGIN:
#0  0x000055555555656b in BTreeNode::insertNonFull (this=0x555555cf23a0, k=929637) at BTree_dup.cpp:520
#1  0x0000555555556639 in BTreeNode::insertNonFull (this=0x555555cf4440, k=929637) at BTree_dup.cpp:535
#2  0x0000555555556639 in BTreeNode::insertNonFull (this=0x555555d10f40, k=929637) at BTree_dup.cpp:535
#3  0x0000555555556639 in BTreeNode::insertNonFull (this=0x555555d36380, k=929637) at BTree_dup.cpp:535
#4  0x0000555555556639 in BTreeNode::insertNonFull (this=0x555555ce1e10, k=929637) at BTree_dup.cpp:535
#5  0x0000555555556639 in BTreeNode::insertNonFull (this=0x555555bee480, k=929637) at BTree_dup.cpp:535
#6  0x0000555555556639 in BTreeNode::insertNonFull (this=0x555555ce1f30, k=929637) at BTree_dup.cpp:535
#7  0x0000555555556478 in BTree::insert (this=0x7fffffffda50, k=929637) at BTree_dup.cpp:489
#8  0x0000555555556c25 in runner (input=0x7fffffffe22a "/tmp/BTree-dup/input_100000") at BTree_dup.cpp:664
#9  0x0000555555556f7a in main (argc=5, argv=0x7fffffffde68) at BTree_dup.cpp:712

515			n = n+1;
516		}
517		else // If this node is not leaf
518		{
519			// Find the child which is going to have the new key
520			while (i >= 0 && keys[i] > k)
521				i--;
522	
523			// See if the found child is full
524			if (C[i+1]->n == 2*t-1)

Backtrace END
Memory content before bitflip:0x650x2f0x0e0x00
Fault Model: LSB bit-flip
base address to flip value: 0x7fffffffd934
address max offset: 4
Memory content after  bitflip:0x650x2f0x0e0x01
frame name: BTreeNode::insertNonFull
symbol name: k
symbol filename: BTree_dup.cpp
symbol line: 496
value: 17706853
value address: 0x7fffffffd934
Type: The type is an integer type.
Type sizeof: 4

[INFO -- 2018-11-26 00:52:45]
Fault Injection Successful after 1.4320154190063477s
[INFO -- 2018-11-26 00:52:46]
event type: exit
[INFO -- 2018-11-26 00:52:46]
exit code: 0
