[INFO -- 2018-10-11 23:52:00]
Starting flip_value script
version: 1.1
[INFO -- 2018-10-11 23:52:00]
Initialization strings:
[INFO -- 2018-10-11 23:52:00]
(1) file /tmp/BTree/main
[INFO -- 2018-10-11 23:52:00]
(2)  set args /tmp/BTree/input_100000 /tmp/BTree/output_100000
[INFO -- 2018-10-11 23:52:00]
initSignal:0
[INFO -- 2018-10-11 23:52:00]
endSignal:2
[INFO -- 2018-10-11 23:52:00]
faultModel:3
[INFO -- 2018-10-11 23:52:01]
Backtrace BEGIN:
#0  0x00007ffff72a282c in __GI__IO_fflush (fp=0x7ffff7610760 <_IO_2_1_stdout_>) at iofflush.c:39
#1  0x00007ffff7b5ef5e in std::ostream::flush() () from /usr/lib/x86_64-linux-gnu/libstdc++.so.6
#2  0x00005555555563c7 in BTreeNode::traverse (this=0x5555558ec3b0) at BTree.cpp:592
#3  0x0000555555556377 in BTreeNode::traverse (this=0x55555582a460) at BTree.cpp:591
#4  0x0000555555556377 in BTreeNode::traverse (this=0x55555598e8c0) at BTree.cpp:591
#5  0x0000555555556377 in BTreeNode::traverse (this=0x555555ac6470) at BTree.cpp:591
#6  0x0000555555556377 in BTreeNode::traverse (this=0x555555a7b530) at BTree.cpp:591
#7  0x0000555555556377 in BTreeNode::traverse (this=0x555555b2c830) at BTree.cpp:591
#8  0x0000555555556377 in BTreeNode::traverse (this=0x5555558eea80) at BTree.cpp:591
#9  0x0000555555556377 in BTreeNode::traverse (this=0x555555812430) at BTree.cpp:591
#10 0x0000555555556377 in BTreeNode::traverse (this=0x555555a27320) at BTree.cpp:591
#11 0x0000555555556851 in BTree::traverse (this=0x7fffffffddc0) at BTree.cpp:137
#12 0x0000555555556630 in main (argc=3, argv=0x7fffffffded8) at BTree.cpp:668

34	iofflush.c: Arquivo ou diretório inexistente.

Backtrace END
Memory content before bitflip:0x000x000x000x00
Fault Model: Zero bit-flip
base address to flip value: 0x7fffffffdbdc
address max offset: 4
Memory content after  bitflip:0x000x000x000x00
frame name: BTreeNode::traverse
symbol name: i
symbol filename: BTree.cpp
symbol line: 585
value: 0
value address: 0x7fffffffdbdc
Type: The type is an integer type.
Type sizeof: 4

[INFO -- 2018-10-11 23:52:01]
Fault Injection Successful after 1.4650988578796387s
[INFO -- 2018-10-11 23:52:01]
event type: exit
[INFO -- 2018-10-11 23:52:01]
exit code: 0
