[INFO -- 2018-12-01 08:10:57]
Starting flip_value script
version: 1.1
[INFO -- 2018-12-01 08:10:57]
Initialization strings:
[INFO -- 2018-12-01 08:10:57]
(1) file /tmp/splay/main
[INFO -- 2018-12-01 08:10:57]
(2) set args /tmp/splay/input_100000 /tmp/splay/output_100000
[INFO -- 2018-12-01 08:10:57]
initSignal:0
[INFO -- 2018-12-01 08:10:57]
endSignal:5
[INFO -- 2018-12-01 08:10:57]
faultModel:3
[INFO -- 2018-12-01 08:10:58]
Backtrace BEGIN:
#0  Splay (key=3179426, root=0x555555701830) at splay.cpp:66
#1  0x0000555555557916 in Insert (key=3179426, root=0x5555557018f0) at splay.cpp:145
#2  0x00005555555564bb in main (argc=3, argv=0x7fffffffdfb8) at main.cpp:31

61			{
62				if(!root->lchild)
63					break;
64				if(key < root->lchild->key)
65				{
66					root = RR_Rotate(root); /* only zig-zig mode need to rotate once,
67											   because zig-zag mode is handled as zig
68											   mode, which doesn't require rotate, 
69											   just linking it to R Tree */
70					if(!root->lchild)

Backtrace END
Memory content before bitflip:0xa20x830x300x00
Fault Model: Zero bit-flip
base address to flip value: 0x7fffffffdbcc
address max offset: 4
Memory content after  bitflip:0x000x000x000x00
frame name: Splay
symbol name: key
symbol filename: splay.cpp
symbol line: 43
value: 0
value address: 0x7fffffffdbcc
Type: The type is an integer type.
Type sizeof: 4

[INFO -- 2018-12-01 08:10:58]
Fault Injection Successful after 1.019529104232788s
[INFO -- 2018-12-01 08:10:58]
event type: exit
[INFO -- 2018-12-01 08:10:58]
exit code: 0
