[INFO -- 2018-12-01 09:48:10]
Starting flip_value script
version: 1.1
[INFO -- 2018-12-01 09:48:10]
Initialization strings:
[INFO -- 2018-12-01 09:48:10]
(1) file /tmp/splay/main
[INFO -- 2018-12-01 09:48:10]
(2) set args /tmp/splay/input_100000 /tmp/splay/output_100000
[INFO -- 2018-12-01 09:48:10]
initSignal:0
[INFO -- 2018-12-01 09:48:10]
endSignal:5
[INFO -- 2018-12-01 09:48:10]
faultModel:0
[EXCEPTION -- 2018-12-01 09:48:10]
pythonException: Unable to exit loop in struct fields; Exiting wihtout making a bit flip
[EXCEPTION -- 2018-12-01 09:48:10]
pythonException: Unable to exit loop in struct fields; Exiting wihtout making a bit flip
[INFO -- 2018-12-01 09:48:10]
Backtrace BEGIN:
#0  Splay (key=1391112, root=0x5555555d4730) at splay.cpp:60
#1  0x0000555555557916 in Insert (key=1391112, root=0x5555556e50d0) at splay.cpp:145
#2  0x00005555555564bb in main (argc=3, argv=0x7fffffffdfb8) at main.cpp:31

55		 The zig/zag mode would only happen when cannot find key and will reach
56		 null on one side after RR or LL Rotation.
57		 */
58		while(1)
59		{
60			if(key < root->key)
61			{
62				if(!root->lchild)
63					break;
64				if(key < root->lchild->key)

Backtrace END
Fliping a bit of the value pointed by a pointer
Fliping value of field: key
Memory content before bitflip:0x120xa60x360x00
Fault Model: Single bit-flip
base address to flip value: 0x5555556e50d0
address max offset: 4
Memory content after  bitflip:0x120xa60x160x00
frame name: main
symbol name: root
symbol filename: main.cpp
symbol line: 22
value: 0x5555556e50d0
value address: 0x7fffffffdc48
Type: The type is a pointer.
Type sizeof: 8

[INFO -- 2018-12-01 09:48:10]
Fault Injection Successful after 0.7410826683044434s
[INFO -- 2018-12-01 09:48:10]
event type: exit
[INFO -- 2018-12-01 09:48:10]
exit code: 0
