[INFO -- 2018-10-16 19:59:27]
Starting flip_value script
version: 1.1
[INFO -- 2018-10-16 19:59:27]
Initialization strings:
[INFO -- 2018-10-16 19:59:27]
(1) file /tmp/RBTree/main
[INFO -- 2018-10-16 19:59:27]
(2) set args  /tmp/RBTree/input_ /tmp/RBTree/output_
[INFO -- 2018-10-16 19:59:27]
initSignal:0
[INFO -- 2018-10-16 19:59:27]
endSignal:2
[INFO -- 2018-10-16 19:59:27]
faultModel:4
[INFO -- 2018-10-16 19:59:27]
Backtrace BEGIN:
#0  0x00005555555568de in RBTree::insertBST (this=0x7fffffffdc00, root=@0x555555816b00: 0x5555557843c0, ptr=@0x7fffffffdb60: 0x5555558d78d0) at RBTree.cpp:40
#1  0x0000555555556981 in RBTree::insertBST (this=0x7fffffffdc00, root=@0x555555773a80: 0x555555816af0, ptr=@0x7fffffffdb60: 0x5555558d78d0) at RBTree.cpp:47
#2  0x0000555555556981 in RBTree::insertBST (this=0x7fffffffdc00, root=@0x555555772308: 0x555555773a70, ptr=@0x7fffffffdb60: 0x5555558d78d0) at RBTree.cpp:47
#3  0x000055555555692a in RBTree::insertBST (this=0x7fffffffdc00, root=@0x555555773928: 0x555555772300, ptr=@0x7fffffffdb60: 0x5555558d78d0) at RBTree.cpp:44
#4  0x000055555555692a in RBTree::insertBST (this=0x7fffffffdc00, root=@0x5555557770b0: 0x555555773920, ptr=@0x7fffffffdb60: 0x5555558d78d0) at RBTree.cpp:44
#5  0x0000555555556981 in RBTree::insertBST (this=0x7fffffffdc00, root=@0x555555770600: 0x5555557770a0, ptr=@0x7fffffffdb60: 0x5555558d78d0) at RBTree.cpp:47
#6  0x0000555555556981 in RBTree::insertBST (this=0x7fffffffdc00, root=@0x555555772400: 0x5555557705f0, ptr=@0x7fffffffdb60: 0x5555558d78d0) at RBTree.cpp:47
#7  0x0000555555556981 in RBTree::insertBST (this=0x7fffffffdc00, root=@0x55555576f940: 0x5555557723f0, ptr=@0x7fffffffdb60: 0x5555558d78d0) at RBTree.cpp:47
#8  0x0000555555556981 in RBTree::insertBST (this=0x7fffffffdc00, root=@0x55555576fe20: 0x55555576f930, ptr=@0x7fffffffdb60: 0x5555558d78d0) at RBTree.cpp:47
#9  0x0000555555556981 in RBTree::insertBST (this=0x7fffffffdc00, root=@0x555555770180: 0x55555576fe10, ptr=@0x7fffffffdb60: 0x5555558d78d0) at RBTree.cpp:47
#10 0x0000555555556981 in RBTree::insertBST (this=0x7fffffffdc00, root=@0x55555576fa58: 0x555555770170, ptr=@0x7fffffffdb60: 0x5555558d78d0) at RBTree.cpp:47
#11 0x000055555555692a in RBTree::insertBST (this=0x7fffffffdc00, root=@0x7fffffffdc00: 0x55555576fa50, ptr=@0x7fffffffdb60: 0x5555558d78d0) at RBTree.cpp:44
#12 0x00005555555569fe in RBTree::insertValue (this=0x7fffffffdc00, n=3672) at RBTree.cpp:56
#13 0x0000555555555610 in main (argc=3, argv=0x7fffffffdf38) at main.cpp:54

35	
36	    node->color = color;
37	}
38	
39	Node* RBTree::insertBST(Node *&root, Node *&ptr) {
40	    if (root == NULL)
41	        return ptr;
42	
43	    if (ptr->data < root->data) {
44	        root->left = insertBST(root->left, ptr);

Backtrace END
Fliping a bit of the pointer
Memory content before bitflip:0x000xdc0xff0xff0xff0x7f0x000x00
Fault Model: LSB bit-flip
base address to flip value: 0x7fffffffd9e8
address max offset: 8
Memory content after  bitflip:0x000xdc0xff0xff0xff0x7f0x000x02
frame name: RBTree::insertBST
symbol name: this
symbol filename: RBTree.cpp
symbol line: 0
value: 0x7fffffffdc00
value address: 0x7fffffffd9e8
Type: The type is a pointer.
Type sizeof: 8

[INFO -- 2018-10-16 19:59:27]
Fault Injection Successful after 0.7612378597259521s
[INFO -- 2018-10-16 19:59:27]
event type: exit
[INFO -- 2018-10-16 19:59:27]
exit code: 0
