[INFO -- 2018-10-12 02:15:54]
Starting flip_value script
version: 1.1
[INFO -- 2018-10-12 02:15:54]
Initialization strings:
[INFO -- 2018-10-12 02:15:54]
(1) file /tmp/BTree/main
[INFO -- 2018-10-12 02:15:54]
(2)  set args /tmp/BTree/input_100000 /tmp/BTree/output_100000
[INFO -- 2018-10-12 02:15:54]
initSignal:0
[INFO -- 2018-10-12 02:15:54]
endSignal:2
[INFO -- 2018-10-12 02:15:54]
faultModel:3
[EXCEPTION -- 2018-10-12 02:15:55]
pythonException: Unable to exit loop in struct fields; Exiting wihtout making a bit flip
[INFO -- 2018-10-12 02:15:55]
Backtrace BEGIN:
#0  0x00007ffff7b716b9 in std::__cxx11::basic_string<char, std::char_traits<char>, std::allocator<char> >::_M_replace_aux(unsigned long, unsigned long, unsigned long, char) () from /usr/lib/x86_64-linux-gnu/libstdc++.so.6
#1  0x00005555555569dd in std::bitset<16ul>::_M_copy_to_string<char, std::char_traits<char>, std::allocator<char> > (this=0x7fffffffdb60, __s='0' <repete 16 vezes>, __zero=48 '0', __one=49 '1') at /usr/include/c++/7/bitset:1407
#2  0x0000555555556943 in std::operator<< <char, std::char_traits<char>, 16ul> (__os=..., __x=std::bitset = {...}) at /usr/include/c++/7/bitset:1538
#3  0x00005555555563b2 in BTreeNode::traverse (this=0x5555559b5890) at BTree.cpp:592
#4  0x0000555555556377 in BTreeNode::traverse (this=0x555555ba9360) at BTree.cpp:591
#5  0x0000555555556377 in BTreeNode::traverse (this=0x555555ac7f70) at BTree.cpp:591
#6  0x0000555555556377 in BTreeNode::traverse (this=0x5555558098b0) at BTree.cpp:591
#7  0x00005555555563ff in BTreeNode::traverse (this=0x5555558ff0a0) at BTree.cpp:597
#8  0x0000555555556377 in BTreeNode::traverse (this=0x555555ac4580) at BTree.cpp:591
#9  0x0000555555556377 in BTreeNode::traverse (this=0x5555558bd670) at BTree.cpp:591
#10 0x0000555555556377 in BTreeNode::traverse (this=0x555555a273b0) at BTree.cpp:591
#11 0x00005555555563ff in BTreeNode::traverse (this=0x555555a27320) at BTree.cpp:597
#12 0x0000555555556851 in BTree::traverse (this=0x7fffffffddc0) at BTree.cpp:137
#13 0x0000555555556630 in main (argc=3, argv=0x7fffffffded8) at BTree.cpp:668

647	int myrandom (int i) { return std::rand()%i;}
648	
649	// Driver program to test above functions
650	int main(int argc, char * argv[])
651	{
652	/*********************************/
653	  BTree t(3);
654	  FILE *file = fopen (argv[1], "r");
655	
656	

Backtrace END
Memory content before bitflip:0x030x000x000x00
Fault Model: Zero bit-flip
base address to flip value: 0x7fffffffddac
address max offset: 4
Memory content after  bitflip:0x000x000x000x00
frame name: main
symbol name: argc
symbol filename: BTree.cpp
symbol line: 650
value: 0
value address: 0x7fffffffddac
Type: The type is an integer type.
Type sizeof: 4

[INFO -- 2018-10-12 02:15:55]
Fault Injection Successful after 1.2315514087677002s
[INFO -- 2018-10-12 02:15:55]
event type: exit
[INFO -- 2018-10-12 02:15:55]
exit code: 0
