[INFO -- 2018-11-25 21:59:38]
Starting flip_value script
version: 1.1
[INFO -- 2018-11-25 21:59:38]
Initialization strings:
[INFO -- 2018-11-25 21:59:38]
(1) file /tmp/BTree-dup/main
[INFO -- 2018-11-25 21:59:38]
(2)  set args /tmp/BTree-dup/input_100000 /tmp/BTree-dup/output_100000 /tmp/BTree-dup-detection.log /tmp/BTree-dup/output2_100000
[INFO -- 2018-11-25 21:59:38]
initSignal:0
[INFO -- 2018-11-25 21:59:38]
endSignal:2
[INFO -- 2018-11-25 21:59:38]
faultModel:3
[INFO -- 2018-11-25 21:59:39]
Backtrace BEGIN:
#0  std::vector<int, std::allocator<int> >::size (this=0x7fffffffdaa0) at /usr/include/c++/7/bits/stl_vector.h:671
#1  0x0000555555556bed in runner (input=0x7fffffffe22a "/tmp/BTree-dup/input_100000") at BTree_dup.cpp:663
#2  0x0000555555556f7a in main (argc=5, argv=0x7fffffffde68) at BTree_dup.cpp:712

666	
667	      // [23.2.4.2] capacity
668	      /**  Returns the number of elements in the %vector.  */
669	      size_type
670	      size() const _GLIBCXX_NOEXCEPT
671	      { return size_type(this->_M_impl._M_finish - this->_M_impl._M_start); }
672	
673	      /**  Returns the size() of the largest possible %vector.  */
674	      size_type
675	      max_size() const _GLIBCXX_NOEXCEPT

Backtrace END
Memory content before bitflip:0x390x710x550x550x550x550x000x00
Fault Model: Zero bit-flip
base address to flip value: 0x7fffffffdd38
address max offset: 8
Memory content after  bitflip:0x000x000x000x000x000x000x000x00
frame name: main
symbol name: diff_time
symbol filename: BTree_dup.cpp
symbol line: 699
value: 0
value address: 0x7fffffffdd38
Type: A floating point type.
Type sizeof: 8

[INFO -- 2018-11-25 21:59:39]
Fault Injection Successful after 1.8263380527496338s
[INFO -- 2018-11-25 21:59:40]
event type: exit
[INFO -- 2018-11-25 21:59:40]
exit code: 0
