[INFO -- 2018-11-30 17:10:45]
sending 5 signals using command: 'killall -2 main' after 3.42276862423s
[INFO -- 2018-11-30 17:10:46]
sending 5 signals using command: 'killall -2 main' after 3.97953011191s
[INFO -- 2018-11-30 17:10:46]
sending 5 signals using command: 'killall -2 main' after 4.07764904343s
[INFO -- 2018-11-30 17:10:46]
Starting GDB script
[INFO -- 2018-11-30 17:10:46]
initSignal:0.0
[INFO -- 2018-11-30 17:10:46]
endSignal:5.0
[INFO -- 2018-11-30 17:10:46]
sending 5 signals using command: 'killall -2 main' after 0.21167098011s
[INFO -- 2018-11-30 17:10:47]
sending 5 signals using command: 'killall -2 main' after 1.29493611483s
[INFO -- 2018-11-30 17:10:47]
sending 5 signals using command: 'killall -2 main' after 1.32817727102s
[INFO -- 2018-11-30 17:10:47]
Execution finished before waitTime
