[INFO -- 2018-11-30 17:21:43]
Starting flip_value script
version: 1.1
[INFO -- 2018-11-30 17:21:43]
Initialization strings:
[INFO -- 2018-11-30 17:21:43]
(1) file /tmp/splay/main
[INFO -- 2018-11-30 17:21:43]
(2) set args /tmp/splay/input_100000 /tmp/splay/output_100000
[INFO -- 2018-11-30 17:21:43]
initSignal:0
[INFO -- 2018-11-30 17:21:43]
endSignal:5
[INFO -- 2018-11-30 17:21:43]
faultModel:2
[EXCEPTION -- 2018-11-30 17:21:43]
pythonException: Unable to exit loop in struct fields; Exiting wihtout making a bit flip
[INFO -- 2018-11-30 17:21:43]
Backtrace BEGIN:
#0  0x000055555555773a in Splay (key=336790, root=0x55555558d2d0) at splay.cpp:75
#1  0x0000555555557916 in Insert (key=336790, root=0x5555555e7270) at splay.cpp:145
#2  0x00005555555564bb in main (argc=3, argv=0x7fffffffdfb8) at main.cpp:31

70					if(!root->lchild)
71						break;
72				}
73				/* Link to R Tree */
74				RightTreeMin->lchild = root;
75				RightTreeMin = RightTreeMin->lchild;
76				root = root->lchild;
77				RightTreeMin->lchild = NULL;
78			}
79			else if(key > root->key)

Backtrace END
Memory content before bitflip:0x960x230x050x00
Fault Model: Random bit-flip
base address to flip value: 0x7fffffffdc1c
address max offset: 4
Memory content after  bitflip:0xf90xe20x3d0x8f
frame name: Insert
symbol name: key
symbol filename: splay.cpp
symbol line: 132
value: -1891769607
value address: 0x7fffffffdc1c
Type: The type is an integer type.
Type sizeof: 4

[INFO -- 2018-11-30 17:21:43]
Fault Injection Successful after 0.9645278453826904s
[INFO -- 2018-11-30 17:21:44]
event type: exit
[INFO -- 2018-11-30 17:21:44]
exit code: 0
