[INFO -- 2018-10-17 20:08:25]
sending 5 signals using command: 'killall -2 main' after 1.2739761184s
[INFO -- 2018-10-17 20:08:26]
sending 5 signals using command: 'killall -2 main' after 1.44246208156s
[INFO -- 2018-10-17 20:08:26]
sending 5 signals using command: 'killall -2 main' after 1.69990025725s
[INFO -- 2018-10-17 20:08:26]
Starting GDB script
[INFO -- 2018-10-17 20:08:26]
initSignal:0.0
[INFO -- 2018-10-17 20:08:26]
endSignal:2.0
[INFO -- 2018-10-17 20:08:26]
sending 5 signals using command: 'killall -2 main' after 0.568906233225s
[INFO -- 2018-10-17 20:08:27]
sending 5 signals using command: 'killall -2 main' after 0.700525638759s
[INFO -- 2018-10-17 20:08:27]
sending 5 signals using command: 'killall -2 main' after 0.715599834262s
[INFO -- 2018-10-17 20:08:27]
Execution finished before waitTime
