[INFO -- 2018-11-26 00:19:05]
Starting flip_value script
version: 1.1
[INFO -- 2018-11-26 00:19:05]
Initialization strings:
[INFO -- 2018-11-26 00:19:05]
(1) file /tmp/BTree-dup/main
[INFO -- 2018-11-26 00:19:05]
(2)  set args /tmp/BTree-dup/input_100000 /tmp/BTree-dup/output_100000 /tmp/BTree-dup-detection.log /tmp/BTree-dup/output2_100000
[INFO -- 2018-11-26 00:19:05]
initSignal:0
[INFO -- 2018-11-26 00:19:05]
endSignal:2
[INFO -- 2018-11-26 00:19:05]
faultModel:3
[INFO -- 2018-11-26 00:19:06]
Backtrace BEGIN:
#0  malloc (n=14) at dl-minimal.c:50
#1  <function called from gdb>
#2  malloc (n=14) at dl-minimal.c:50
#3  <function called from gdb>
#4  0x00007ffff72b8af0 in _int_malloc (av=av@entry=0x7ffff760fc40 <main_arena>, bytes=bytes@entry=32) at malloc.c:3768
#5  0x00007ffff72bb0fc in __GI___libc_malloc (bytes=32) at malloc.c:3057
#6  0x00007ffff7adf1a8 in operator new(unsigned long) () from /usr/lib/x86_64-linux-gnu/libstdc++.so.6
#7  0x000055555555665c in BTreeNode::splitChild (this=0x555555bc3a30, i=2, y=0x555555bc2950) at BTree_dup.cpp:545
#8  0x00005555555565ed in BTreeNode::insertNonFull (this=0x555555bc3a30, k=3461708) at BTree_dup.cpp:527
#9  0x0000555555556639 in BTreeNode::insertNonFull (this=0x555555bc08b0, k=3461708) at BTree_dup.cpp:535
#10 0x0000555555556639 in BTreeNode::insertNonFull (this=0x555555bc39a0, k=3461708) at BTree_dup.cpp:535
#11 0x0000555555556639 in BTreeNode::insertNonFull (this=0x555555bca6c0, k=3461708) at BTree_dup.cpp:535
#12 0x0000555555556639 in BTreeNode::insertNonFull (this=0x555555bca630, k=3461708) at BTree_dup.cpp:535
#13 0x0000555555556478 in BTree::insert (this=0x7fffffffda50, k=3461708) at BTree_dup.cpp:489
#14 0x0000555555556c25 in runner (input=0x7fffffffe22a "/tmp/BTree-dup/input_100000") at BTree_dup.cpp:664
#15 0x0000555555556f7a in main (argc=5, argv=0x7fffffffde68) at BTree_dup.cpp:712

45	in dl-minimal.c

Backtrace END
Memory content before bitflip:0x4c0xd20x340x00
Fault Model: Zero bit-flip
base address to flip value: 0x7fffffffd994
address max offset: 4
Memory content after  bitflip:0x000x000x000x00
frame name: BTreeNode::insertNonFull
symbol name: k
symbol filename: BTree_dup.cpp
symbol line: 496
value: 0
value address: 0x7fffffffd994
Type: The type is an integer type.
Type sizeof: 4

[INFO -- 2018-11-26 00:19:06]
Fault Injection Successful after 1.7671973705291748s
[INFO -- 2018-11-26 00:19:07]
event type: exit
[INFO -- 2018-11-26 00:19:07]
exit code: 0
