[INFO -- 2018-11-25 20:37:07]
Starting flip_value script
version: 1.1
[INFO -- 2018-11-25 20:37:07]
Initialization strings:
[INFO -- 2018-11-25 20:37:07]
(1) file /tmp/BTree-dup/main
[INFO -- 2018-11-25 20:37:07]
(2)  set args /tmp/BTree-dup/input_100000 /tmp/BTree-dup/output_100000 /tmp/BTree-dup-detection.log /tmp/BTree-dup/output2_100000
[INFO -- 2018-11-25 20:37:07]
initSignal:0
[INFO -- 2018-11-25 20:37:07]
endSignal:2
[INFO -- 2018-11-25 20:37:07]
faultModel:3
[EXCEPTION -- 2018-11-25 20:37:08]
gdbException: Tentativo de desreferenciar um ponteiro genérico.
[INFO -- 2018-11-25 20:37:09]
event type: exit
[INFO -- 2018-11-25 20:37:09]
exit code: 0
