[INFO -- 2018-12-01 10:44:41]
sending 5 signals using command: 'killall -2 main' after 2.81788700653s
[INFO -- 2018-12-01 10:44:41]
sending 5 signals using command: 'killall -2 main' after 3.17619870797s
[INFO -- 2018-12-01 10:44:42]
sending 5 signals using command: 'killall -2 main' after 3.58487928562s
[INFO -- 2018-12-01 10:44:42]
Starting GDB script
[INFO -- 2018-12-01 10:44:42]
initSignal:0.0
[INFO -- 2018-12-01 10:44:42]
endSignal:5.0
[INFO -- 2018-12-01 10:44:43]
sending 5 signals using command: 'killall -2 main' after 0.879160582216s
[INFO -- 2018-12-01 10:44:43]
sending 5 signals using command: 'killall -2 main' after 1.25476920414s
[INFO -- 2018-12-01 10:44:43]
sending 5 signals using command: 'killall -2 main' after 1.29277973038s
[INFO -- 2018-12-01 10:44:44]
Execution finished before waitTime
