[INFO -- 2018-12-01 11:59:48]
Starting flip_value script
version: 1.1
[INFO -- 2018-12-01 11:59:48]
Initialization strings:
[INFO -- 2018-12-01 11:59:48]
(1) file /tmp/splay/main
[INFO -- 2018-12-01 11:59:48]
(2) set args /tmp/splay/input_100000 /tmp/splay/output_100000
[INFO -- 2018-12-01 11:59:48]
initSignal:0
[INFO -- 2018-12-01 11:59:48]
endSignal:5
[INFO -- 2018-12-01 11:59:48]
faultModel:2
[INFO -- 2018-12-01 11:59:49]
Backtrace BEGIN:
#0  std::char_traits<char>::assign (__c1=@0x5555555700f3: 49 '1', __c2=@0x7fffffffd468: 49 '1') at /usr/include/c++/8/bits/char_traits.h:285
#1  0x0000555555557ee4 in std::bitset<16ul>::_M_copy_to_string<char, std::char_traits<char>, std::allocator<char> > (this=0x7fffffffd520, __s="0111", '0' <repeats 12 times>, __zero=48 '0', __one=49 '1') at /usr/include/c++/8/bitset:1414
#2  0x0000555555557ded in std::operator<< <char, std::char_traits<char>, 16ul> (__os=..., __x=std::bitset = {...}) at /usr/include/c++/8/bitset:1542
#3  0x0000555555557ae8 in InOrder (root=0x5555555fa8d0) at splay.cpp:253
#4  0x0000555555557abd in InOrder (root=0x5555556528d0) at splay.cpp:252
#5  0x0000555555557abd in InOrder (root=0x555555772630) at splay.cpp:252
#6  0x0000555555557b0d in InOrder (root=0x555555799610) at splay.cpp:254
#7  0x0000555555557abd in InOrder (root=0x55555579d770) at splay.cpp:252
#8  0x0000555555557b0d in InOrder (root=0x555555724c90) at splay.cpp:254
#9  0x0000555555557b0d in InOrder (root=0x55555577ffb0) at splay.cpp:254
#10 0x0000555555557b0d in InOrder (root=0x5555557fbb70) at splay.cpp:254
#11 0x0000555555557b0d in InOrder (root=0x55555560ec10) at splay.cpp:254
#12 0x0000555555557abd in InOrder (root=0x5555557b65f0) at splay.cpp:252
#13 0x0000555555557abd in InOrder (root=0x55555567e7b0) at splay.cpp:252
#14 0x0000555555557abd in InOrder (root=0x555555848db0) at splay.cpp:252
#15 0x0000555555557b0d in InOrder (root=0x55555586bcb0) at splay.cpp:254
#16 0x0000555555557b0d in InOrder (root=0x5555556073f0) at splay.cpp:254
#17 0x0000555555557b0d in InOrder (root=0x555555807b50) at splay.cpp:254
#18 0x0000555555557b0d in InOrder (root=0x5555558775f0) at splay.cpp:254
#19 0x0000555555557b0d in InOrder (root=0x5555555f28f0) at splay.cpp:254
#20 0x0000555555557b0d in InOrder (root=0x5555558771d0) at splay.cpp:254
#21 0x0000555555557abd in InOrder (root=0x555555878eb0) at splay.cpp:252
#22 0x0000555555557abd in InOrder (root=0x55555559c3b0) at splay.cpp:252
#23 0x0000555555557abd in InOrder (root=0x55555587ca50) at splay.cpp:252
#24 0x0000555555557abd in InOrder (root=0x5555557247d0) at splay.cpp:252
#25 0x0000555555557abd in InOrder (root=0x55555587ca10) at splay.cpp:252
#26 0x0000555555557b0d in InOrder (root=0x555555707270) at splay.cpp:254
#27 0x0000555555557b0d in InOrder (root=0x55555587d570) at splay.cpp:254
#28 0x0000555555557b0d in InOrder (root=0x55555587d6b0) at splay.cpp:254
#29 0x0000555555557abd in InOrder (root=0x5555556e1d70) at splay.cpp:252
#30 0x0000555555557b0d in InOrder (root=0x5555555852d0) at splay.cpp:254
#31 0x0000555555557abd in InOrder (root=0x55555587d9d0) at splay.cpp:252
#32 0x0000555555557b0d in InOrder (root=0x5555555d7910) at splay.cpp:254
#33 0x0000555555557b0d in InOrder (root=0x55555587d8d0) at splay.cpp:254
#34 0x0000555555557b0d in InOrder (root=0x5555557cfed0) at splay.cpp:254
#35 0x0000555555557b0d in InOrder (root=0x555555774190) at splay.cpp:254
#36 0x0000555555557b0d in InOrder (root=0x555555774870) at splay.cpp:254
#37 0x0000555555557abd in InOrder (root=0x55555587dcb0) at splay.cpp:252
#38 0x0000555555557b0d in InOrder (root=0x555555693810) at splay.cpp:254
#39 0x0000555555557b0d in InOrder (root=0x555555634c10) at splay.cpp:254
#40 0x0000555555557b0d in InOrder (root=0x55555587dcd0) at splay.cpp:254
#41 0x00005555555564fe in main (argc=3, argv=0x7fffffffdfb8) at main.cpp:35

280	      typedef streamoff         off_type;
281	      typedef mbstate_t         state_type;
282	
283	      static _GLIBCXX17_CONSTEXPR void
284	      assign(char_type& __c1, const char_type& __c2) _GLIBCXX_NOEXCEPT
285	      { __c1 = __c2; }
286	
287	      static _GLIBCXX_CONSTEXPR bool
288	      eq(const char_type& __c1, const char_type& __c2) _GLIBCXX_NOEXCEPT
289	      { return __c1 == __c2; }

Backtrace END
Fliping a bit of the pointer
Memory content before bitflip:0x100x4c0x630x550x550x550x000x00
Fault Model: Random bit-flip
base address to flip value: 0x7fffffffdbd8
address max offset: 8
Memory content after  bitflip:0x610xdd0x150x0d0x0c0xc60x710x23
frame name: InOrder
symbol name: root
symbol filename: splay.cpp
symbol line: 248
value: 0x555555634c10
value address: 0x7fffffffdbd8
Type: The type is a pointer.
Type sizeof: 8

[INFO -- 2018-12-01 11:59:49]
Fault Injection Successful after 1.2897741794586182s
[INFO -- 2018-12-01 11:59:49]
event type: exit
[INFO -- 2018-12-01 11:59:49]
exit code: 0
