[INFO -- 2018-10-12 07:54:29]
Starting flip_value script
version: 1.1
[INFO -- 2018-10-12 07:54:29]
Initialization strings:
[INFO -- 2018-10-12 07:54:29]
(1) file /tmp/BTree/main
[INFO -- 2018-10-12 07:54:29]
(2)  set args /tmp/BTree/input_100000 /tmp/BTree/output_100000
[INFO -- 2018-10-12 07:54:29]
initSignal:0
[INFO -- 2018-10-12 07:54:29]
endSignal:2
[INFO -- 2018-10-12 07:54:29]
faultModel:4
[EXCEPTION -- 2018-10-12 07:54:30]
gdbException: Tentativo de desreferenciar um ponteiro genérico.
[INFO -- 2018-10-12 07:54:30]
event type: exit
[INFO -- 2018-10-12 07:54:30]
exit code: 0
