[INFO -- 2018-11-26 00:24:56]
Starting flip_value script
version: 1.1
[INFO -- 2018-11-26 00:24:56]
Initialization strings:
[INFO -- 2018-11-26 00:24:56]
(1) file /tmp/BTree-dup/main
[INFO -- 2018-11-26 00:24:56]
(2)  set args /tmp/BTree-dup/input_100000 /tmp/BTree-dup/output_100000 /tmp/BTree-dup-detection.log /tmp/BTree-dup/output2_100000
[INFO -- 2018-11-26 00:24:56]
initSignal:0
[INFO -- 2018-11-26 00:24:56]
endSignal:2
[INFO -- 2018-11-26 00:24:56]
faultModel:1
[EXCEPTION -- 2018-11-26 00:24:57]
gdbException: Tentativo de desreferenciar um ponteiro genérico.
[INFO -- 2018-11-26 00:24:58]
event type: exit
[INFO -- 2018-11-26 00:24:58]
exit code: 0
