[INFO -- 2018-12-01 00:18:09]
Starting flip_value script
version: 1.1
[INFO -- 2018-12-01 00:18:09]
Initialization strings:
[INFO -- 2018-12-01 00:18:09]
(1) file /tmp/splay/main
[INFO -- 2018-12-01 00:18:09]
(2) set args /tmp/splay/input_100000 /tmp/splay/output_100000
[INFO -- 2018-12-01 00:18:09]
initSignal:0
[INFO -- 2018-12-01 00:18:09]
endSignal:5
[INFO -- 2018-12-01 00:18:09]
faultModel:4
[EXCEPTION -- 2018-12-01 00:18:10]
gdbException: Cannot access memory at address 0xbbb60ce8bf8c9c00
[EXCEPTION -- 2018-12-01 00:18:10]
pythonException: Unable to exit loop in struct fields; Exiting wihtout making a bit flip
[INFO -- 2018-12-01 00:18:10]
Backtrace BEGIN:
#0  0x00007ffff7ec2248 in operator new(unsigned long) () from /usr/lib/x86_64-linux-gnu/libstdc++.so.6
#1  0x0000555555557845 in New_Node (key=1292073) at splay.cpp:112
#2  0x00005555555578ca in Insert (key=1292073, root=0x555555821b50) at splay.cpp:136
#3  0x00005555555564bb in main (argc=3, argv=0x7fffffffdfb8) at main.cpp:31

21	    //Inicia Árvore
22		splay* root = NULL;
23	
24	    //Carrega nodo a serem inseridos
25	    std::ifstream is(argv[1]);
26	    std::istream_iterator<KEY_TYPE> start(is), end;
27	    std::vector<KEY_TYPE> v_nodes(start, end);
28	
29	    //insere na arvore
30	    for(int i = 0; i < v_nodes.size(); i++)

Backtrace END
Fliping a bit of the pointer
Memory content before bitflip:0x000x000x000x000x000x000x000x00
Fault Model: LSB bit-flip
base address to flip value: 0x55555555b2a0 
address max offset: 8
Memory content after  bitflip:0x000x000x000x000x000x000x000x10
frame name: Insert
symbol name: p_node
symbol filename: splay.cpp
symbol line: 134
value: 0x0
value address: 0x55555555b2a0 <Insert(int, splay*)::p_node>
Type: The type is a pointer.
Type sizeof: 8

[INFO -- 2018-12-01 00:18:10]
Fault Injection Successful after 1.1826705932617188s
[INFO -- 2018-12-01 00:18:10]
event type: exit
[INFO -- 2018-12-01 00:18:10]
exit code: 0
