[INFO -- 2018-11-26 00:45:10]
Starting flip_value script
version: 1.1
[INFO -- 2018-11-26 00:45:10]
Initialization strings:
[INFO -- 2018-11-26 00:45:10]
(1) file /tmp/BTree-dup/main
[INFO -- 2018-11-26 00:45:10]
(2)  set args /tmp/BTree-dup/input_100000 /tmp/BTree-dup/output_100000 /tmp/BTree-dup-detection.log /tmp/BTree-dup/output2_100000
[INFO -- 2018-11-26 00:45:10]
initSignal:0
[INFO -- 2018-11-26 00:45:10]
endSignal:2
[INFO -- 2018-11-26 00:45:10]
faultModel:0
[EXCEPTION -- 2018-11-26 00:45:12]
pythonException: Unable to exit loop in struct fields; Exiting wihtout making a bit flip
[INFO -- 2018-11-26 00:45:12]
Backtrace BEGIN:
#0  0x00007ffff72a3998 in _IO_acquire_lock_fct (p=<synthetic pointer>) at libioP.h:797
#1  __GI__IO_fwrite (buf=0x55555576d0a0, size=1, count=16, fp=0x7ffff7610760 <_IO_2_1_stdout_>) at iofwrite.c:37
#2  0x00007ffff7b5fe94 in std::basic_ostream<char, std::char_traits<char> >& std::__ostream_insert<char, std::char_traits<char> >(std::basic_ostream<char, std::char_traits<char> >&, char const*, long) () from /usr/lib/x86_64-linux-gnu/libstdc++.so.6
#3  0x00005555555573ea in std::operator<< <char, std::char_traits<char>, 16ul> (__os=..., __x=std::bitset = {...}) at /usr/include/c++/7/bitset:1539
#4  0x0000555555556912 in BTreeNode::traverse (this=0x555555a33ce0) at BTree_dup.cpp:594
#5  0x00005555555568d7 in BTreeNode::traverse (this=0x555555938b80) at BTree_dup.cpp:593
#6  0x000055555555695f in BTreeNode::traverse (this=0x555555879540) at BTree_dup.cpp:599
#7  0x00005555555568d7 in BTreeNode::traverse (this=0x55555594f0b0) at BTree_dup.cpp:593
#8  0x00005555555568d7 in BTreeNode::traverse (this=0x555555a778d0) at BTree_dup.cpp:593
#9  0x00005555555568d7 in BTreeNode::traverse (this=0x555555b76d20) at BTree_dup.cpp:593
#10 0x00005555555568d7 in BTreeNode::traverse (this=0x555555af22d0) at BTree_dup.cpp:593
#11 0x00005555555568d7 in BTreeNode::traverse (this=0x555555815c40) at BTree_dup.cpp:593
#12 0x00005555555568d7 in BTreeNode::traverse (this=0x555555a2ab30) at BTree_dup.cpp:593
#13 0x00005555555572bb in BTree::traverse (this=0x7fffffffdd40) at BTree_dup.cpp:139
#14 0x0000555555556fbd in main (argc=5, argv=0x7fffffffde68) at BTree_dup.cpp:718

792	in libioP.h

Backtrace END
Fliping a bit of the pointer
Memory content before bitflip:0x400x950x870x550x550x550x000x00
Fault Model: Single bit-flip
base address to flip value: 0x7fffffffdb28
address max offset: 8
Memory content after  bitflip:0x400x940x870x550x550x550x000x00
frame name: BTreeNode::traverse
symbol name: this
symbol filename: BTree_dup.cpp
symbol line: 0
value: 0x555555879540
value address: 0x7fffffffdb28
Type: The type is a pointer.
Type sizeof: 8

[INFO -- 2018-11-26 00:45:12]
Fault Injection Successful after 2.3876757621765137s
[INFO -- 2018-11-26 00:45:13]
event type: exit
[INFO -- 2018-11-26 00:45:13]
exit code: 0
