[INFO -- 2018-11-30 20:33:17]
Starting flip_value script
version: 1.1
[INFO -- 2018-11-30 20:33:17]
Initialization strings:
[INFO -- 2018-11-30 20:33:17]
(1) file /tmp/splay/main
[INFO -- 2018-11-30 20:33:17]
(2) set args /tmp/splay/input_100000 /tmp/splay/output_100000
[INFO -- 2018-11-30 20:33:17]
initSignal:0
[INFO -- 2018-11-30 20:33:17]
endSignal:5
[INFO -- 2018-11-30 20:33:17]
faultModel:2
[INFO -- 2018-11-30 20:33:18]
Backtrace BEGIN:
#0  dl_main (phdr=<optimized out>, phnum=<optimized out>, user_entry=<optimized out>, auxv=<optimized out>) at rtld.c:2298
#1  0x00007ffff7fed5b0 in _dl_sysdep_start (start_argptr=start_argptr@entry=0x7fffffffdfb0, dl_main=dl_main@entry=0x7ffff7fd5810 <dl_main>) at ../elf/dl-sysdep.c:253
#2  0x00007ffff7fd52b8 in _dl_start_final (arg=0x7fffffffdfb0) at rtld.c:415
#3  _dl_start (arg=0x7fffffffdfb0) at rtld.c:522
#4  0x00007ffff7fd4098 in _start () from /lib64/ld-linux-x86-64.so.2
#5  0x0000000000000003 in ?? ()
#6  0x00007fffffffe306 in ?? ()
#7  0x00007fffffffe316 in ?? ()
#8  0x00007fffffffe32e in ?? ()
#9  0x0000000000000000 in ?? ()

2293	in rtld.c

Backtrace END
Memory content before bitflip:0xb50xf90x6c0x1a0xda0x2a0x000x00
Fault Model: Random bit-flip
base address to flip value: 0x7ffff7ffc6e0 
address max offset: 8
Memory content after  bitflip:0xce0xf20x1b0xd90xb60xf50xdc0x85
frame name: _dl_start
symbol name: start_time
symbol filename: rtld.c
symbol line: 309
value: 9645854667596100302
value address: 0x7ffff7ffc6e0 <start_time>
Type: The type is an integer type.
Type sizeof: 8

[INFO -- 2018-11-30 20:33:18]
Fault Injection Successful after 1.276646375656128s
[INFO -- 2018-11-30 20:33:18]
event type: exit
[INFO -- 2018-11-30 20:33:18]
exit code: 0
