[INFO -- 2018-10-17 19:53:41]
Starting flip_value script
version: 1.1
[INFO -- 2018-10-17 19:53:41]
Initialization strings:
[INFO -- 2018-10-17 19:53:41]
(1) file /tmp/Tree234/main
[INFO -- 2018-10-17 19:53:41]
(2) set args /tmp/Tree234/input_50000 /tmp/Tree234/output_50000
[INFO -- 2018-10-17 19:53:41]
initSignal:0
[INFO -- 2018-10-17 19:53:41]
endSignal:2
[INFO -- 2018-10-17 19:53:41]
faultModel:0
[EXCEPTION -- 2018-10-17 19:53:42]
gdbException: Attempt to dereference a generic pointer.
[INFO -- 2018-10-17 19:53:42]
event type: exit
[INFO -- 2018-10-17 19:53:42]
exit code: 0
