[INFO -- 2018-11-25 16:23:52]
Starting flip_value script
version: 1.1
[INFO -- 2018-11-25 16:23:52]
Initialization strings:
[INFO -- 2018-11-25 16:23:52]
(1) file /tmp/BTree-dup/main
[INFO -- 2018-11-25 16:23:52]
(2)  set args /tmp/BTree-dup/input_100000 /tmp/BTree-dup/output_100000 /tmp/BTree-dup-detection.log /tmp/BTree-dup/output2_100000
[INFO -- 2018-11-25 16:23:52]
initSignal:0
[INFO -- 2018-11-25 16:23:52]
endSignal:2
[INFO -- 2018-11-25 16:23:52]
faultModel:2
[EXCEPTION -- 2018-11-25 16:23:54]
pythonException: Unable to exit loop in struct fields; Exiting wihtout making a bit flip
[INFO -- 2018-11-25 16:23:54]
Backtrace BEGIN:
#0  0x00007ffff7b712d0 in std::__cxx11::basic_string<char, std::char_traits<char>, std::allocator<char> >::operator[](unsigned long) () from /usr/lib/x86_64-linux-gnu/libstdc++.so.6
#1  0x00005555555576a0 in std::bitset<16ul>::_M_copy_to_string<char, std::char_traits<char>, std::allocator<char> > (this=0x7fffffffdb00, __s="0111011100000000", __zero=48 '0', __one=49 '1') at /usr/include/c++/7/bitset:1410
#2  0x00005555555573d7 in std::operator<< <char, std::char_traits<char>, 16ul> (__os=..., __x=std::bitset = {...}) at /usr/include/c++/7/bitset:1538
#3  0x0000555555556912 in BTreeNode::traverse (this=0x555555bb51e0) at BTree_dup.cpp:594
#4  0x00005555555568d7 in BTreeNode::traverse (this=0x5555557aca60) at BTree_dup.cpp:593
#5  0x00005555555568d7 in BTreeNode::traverse (this=0x555555bb5150) at BTree_dup.cpp:593
#6  0x00005555555568d7 in BTreeNode::traverse (this=0x555555bb5810) at BTree_dup.cpp:593
#7  0x000055555555695f in BTreeNode::traverse (this=0x555555bb5b70) at BTree_dup.cpp:599
#8  0x000055555555695f in BTreeNode::traverse (this=0x555555a2aaa0) at BTree_dup.cpp:599
#9  0x00005555555568d7 in BTreeNode::traverse (this=0x555555a2abc0) at BTree_dup.cpp:593
#10 0x000055555555695f in BTreeNode::traverse (this=0x555555a2ab30) at BTree_dup.cpp:599
#11 0x00005555555572bb in BTree::traverse (this=0x7fffffffdd40) at BTree_dup.cpp:139
#12 0x0000555555556fbd in main (argc=5, argv=0x7fffffffde68) at BTree_dup.cpp:718

687	        }
688	    }
689	}
690	
691	int main(int argc, char * argv[]) {
692	
693	    if (argc != 5){
694	        cerr << "Uso correto: ./main [input file] [output file] [log file] [output2 file]" << endl;
695	        return 0;
696	    }

Backtrace END
Memory content before bitflip:0x020x000x000x00
Fault Model: Random bit-flip
base address to flip value: 0x7fffffffdbfc
address max offset: 4
Memory content after  bitflip:0xcd0x200x7f0x1a
frame name: BTreeNode::traverse
symbol name: i
symbol filename: BTree_dup.cpp
symbol line: 587
value: 444539085
value address: 0x7fffffffdbfc
Type: The type is an integer type.
Type sizeof: 4

[INFO -- 2018-11-25 16:23:54]
Fault Injection Successful after 2.284978151321411s
[INFO -- 2018-11-25 16:23:54]
event type: exit
[INFO -- 2018-11-25 16:23:54]
exit code: 0
