[INFO -- 2018-12-01 11:34:18]
sending 5 signals using command: 'killall -2 main' after 3.70098029059s
[INFO -- 2018-12-01 11:34:18]
sending 5 signals using command: 'killall -2 main' after 4.45142062044s
[INFO -- 2018-12-01 11:34:19]
sending 5 signals using command: 'killall -2 main' after 4.84961588227s
[INFO -- 2018-12-01 11:34:19]
Starting GDB script
[INFO -- 2018-12-01 11:34:19]
initSignal:0.0
[INFO -- 2018-12-01 11:34:19]
endSignal:5.0
[INFO -- 2018-12-01 11:34:19]
sending 5 signals using command: 'killall -2 main' after 0.304972661078s
[INFO -- 2018-12-01 11:34:20]
sending 5 signals using command: 'killall -2 main' after 1.18601640455s
[INFO -- 2018-12-01 11:34:20]
sending 5 signals using command: 'killall -2 main' after 1.44394505344s
[INFO -- 2018-12-01 11:34:20]
Execution finished before waitTime
