[INFO -- 2018-12-09 02:13:48]
Starting flip_value script
version: 1.1
[INFO -- 2018-12-09 02:13:48]
Initialization strings:
[INFO -- 2018-12-09 02:13:48]
(1) file /tmp/RBTree-dup/main_dup
[INFO -- 2018-12-09 02:13:48]
(2)  set args /tmp/RBTree-dup/input_100000 /tmp/RBTree-dup/output_100000 /tmp/RBTree-dup/RBTree-dup-detection.log /tmp/RBTree-dup/output2_100000
[INFO -- 2018-12-09 02:13:48]
initSignal:0
[INFO -- 2018-12-09 02:13:48]
endSignal:2
[INFO -- 2018-12-09 02:13:48]
faultModel:4
[EXCEPTION -- 2018-12-09 02:13:49]
gdbException: Tentativo de desreferenciar um ponteiro genérico.
[INFO -- 2018-12-09 02:13:49]
event type: exit
[INFO -- 2018-12-09 02:13:49]
exit code: 0
