[INFO -- 2018-10-12 00:18:47]
Starting flip_value script
version: 1.1
[INFO -- 2018-10-12 00:18:47]
Initialization strings:
[INFO -- 2018-10-12 00:18:47]
(1) file /tmp/BTree/main
[INFO -- 2018-10-12 00:18:47]
(2)  set args /tmp/BTree/input_100000 /tmp/BTree/output_100000
[INFO -- 2018-10-12 00:18:47]
initSignal:0
[INFO -- 2018-10-12 00:18:47]
endSignal:2
[INFO -- 2018-10-12 00:18:47]
faultModel:4
[INFO -- 2018-10-12 00:18:48]
Backtrace BEGIN:
#0  0x0000555555556023 in BTreeNode::insertNonFull (this=0x555555879690, k=3958703) at BTree.cpp:518
#1  0x00005555555560d9 in BTreeNode::insertNonFull (this=0x5555558feb90, k=3958703) at BTree.cpp:533
#2  0x00005555555560d9 in BTreeNode::insertNonFull (this=0x5555558098b0, k=3958703) at BTree.cpp:533
#3  0x00005555555560d9 in BTreeNode::insertNonFull (this=0x5555558ff0a0, k=3958703) at BTree.cpp:533
#4  0x00005555555560d9 in BTreeNode::insertNonFull (this=0x555555882180, k=3958703) at BTree.cpp:533
#5  0x00005555555560d9 in BTreeNode::insertNonFull (this=0x5555558bd670, k=3958703) at BTree.cpp:533
#6  0x00005555555560d9 in BTreeNode::insertNonFull (this=0x555555812430, k=3958703) at BTree.cpp:533
#7  0x0000555555555f18 in BTree::insert (this=0x7fffffffddc0, k=3958703) at BTree.cpp:487
#8  0x0000555555556601 in main (argc=3, argv=0x7fffffffded8) at BTree.cpp:665

513			n = n+1;
514		}
515		else // If this node is not leaf
516		{
517			// Find the child which is going to have the new key
518			while (i >= 0 && keys[i] > k)
519				i--;
520	
521			// See if the found child is full
522			if (C[i+1]->n == 2*t-1)

Backtrace END
Memory content before bitflip:0xaf0x670x3c0x00
Fault Model: LSB bit-flip
base address to flip value: 0x7fffffffdd64
address max offset: 4
Memory content after  bitflip:0xaf0x670x3c0x10
frame name: BTree::insert
symbol name: k
symbol filename: BTree.cpp
symbol line: 452
value: 272394159
value address: 0x7fffffffdd64
Type: The type is an integer type.
Type sizeof: 4

[INFO -- 2018-10-12 00:18:48]
Fault Injection Successful after 1.4087395668029785s
[INFO -- 2018-10-12 00:18:48]
event type: exit
[INFO -- 2018-10-12 00:18:48]
exit code: 0
