[INFO -- 2018-10-12 02:03:36]
Starting flip_value script
version: 1.1
[INFO -- 2018-10-12 02:03:36]
Initialization strings:
[INFO -- 2018-10-12 02:03:36]
(1) file /tmp/BTree/main
[INFO -- 2018-10-12 02:03:36]
(2)  set args /tmp/BTree/input_100000 /tmp/BTree/output_100000
[INFO -- 2018-10-12 02:03:36]
initSignal:0
[INFO -- 2018-10-12 02:03:36]
endSignal:2
[INFO -- 2018-10-12 02:03:36]
faultModel:1
[EXCEPTION -- 2018-10-12 02:03:36]
pythonException: Unable to exit loop in struct fields; Exiting wihtout making a bit flip
[INFO -- 2018-10-12 02:03:36]
Backtrace BEGIN:
#0  0x0000555555555f54 in BTreeNode::insertNonFull (this=0x5555558124c0, k=3237787) at BTree.cpp:495
#1  0x00005555555560d9 in BTreeNode::insertNonFull (this=0x555555812430, k=302998) at BTree.cpp:533
#2  0x0000555555555f18 in BTree::insert (this=0x7fffffffddc0, k=302998) at BTree.cpp:487
#3  0x0000555555556601 in main (argc=3, argv=0x7fffffffded8) at BTree.cpp:665

490	
491	// A utility function to insert a new key in this node
492	// The assumption is, the node must be non-full when this
493	// function is called
494	void BTreeNode::insertNonFull(int k)
495	{
496		// Initialize index as index of rightmost element
497		int i = n-1;
498	
499		// If this is a leaf node

Backtrace END
Memory content before bitflip:0x960x9f0x040x00
Fault Model: Double bit-flip
base address to flip value: 0x7fffffffdd64
address max offset: 4
Memory content after  bitflip:0x960x9f0x040x14
frame name: BTree::insert
symbol name: k
symbol filename: BTree.cpp
symbol line: 452
value: 335847318
value address: 0x7fffffffdd64
Type: The type is an integer type.
Type sizeof: 4

[INFO -- 2018-10-12 02:03:36]
Fault Injection Successful after 0.925595760345459s
[INFO -- 2018-10-12 02:03:37]
event type: exit
[INFO -- 2018-10-12 02:03:37]
exit code: 0
