[INFO -- 2018-11-26 01:23:45]
Starting flip_value script
version: 1.1
[INFO -- 2018-11-26 01:23:45]
Initialization strings:
[INFO -- 2018-11-26 01:23:45]
(1) file /tmp/BTree-dup/main
[INFO -- 2018-11-26 01:23:45]
(2)  set args /tmp/BTree-dup/input_100000 /tmp/BTree-dup/output_100000 /tmp/BTree-dup-detection.log /tmp/BTree-dup/output2_100000
[INFO -- 2018-11-26 01:23:45]
initSignal:0
[INFO -- 2018-11-26 01:23:45]
endSignal:2
[INFO -- 2018-11-26 01:23:45]
faultModel:0
[INFO -- 2018-11-26 01:23:47]
Backtrace BEGIN:
#0  0x00007ffff7b712d0 in std::__cxx11::basic_string<char, std::char_traits<char>, std::allocator<char> >::operator[](unsigned long) () from /usr/lib/x86_64-linux-gnu/libstdc++.so.6
#1  0x00005555555576a0 in std::bitset<16ul>::_M_copy_to_string<char, std::char_traits<char>, std::allocator<char> > (this=0x7fffffffdac0, __s="111", '0' <repete 13 vezes>, __zero=48 '0', __one=49 '1') at /usr/include/c++/7/bitset:1410
#2  0x00005555555573d7 in std::operator<< <char, std::char_traits<char>, 16ul> (__os=..., __x=std::bitset = {...}) at /usr/include/c++/7/bitset:1538
#3  0x0000555555556912 in BTreeNode::traverse (this=0x5555558dfab0) at BTree_dup.cpp:594
#4  0x000055555555695f in BTreeNode::traverse (this=0x5555559dee70) at BTree_dup.cpp:599
#5  0x00005555555568d7 in BTreeNode::traverse (this=0x555555b03ee0) at BTree_dup.cpp:593
#6  0x00005555555568d7 in BTreeNode::traverse (this=0x555555ae5c40) at BTree_dup.cpp:593
#7  0x00005555555568d7 in BTreeNode::traverse (this=0x555555ae5cd0) at BTree_dup.cpp:593
#8  0x000055555555695f in BTreeNode::traverse (this=0x5555559d1280) at BTree_dup.cpp:599
#9  0x00005555555568d7 in BTreeNode::traverse (this=0x5555559d1310) at BTree_dup.cpp:593
#10 0x000055555555695f in BTreeNode::traverse (this=0x555555a2abc0) at BTree_dup.cpp:599
#11 0x000055555555695f in BTreeNode::traverse (this=0x555555a2ab30) at BTree_dup.cpp:599
#12 0x00005555555572bb in BTree::traverse (this=0x7fffffffdd40) at BTree_dup.cpp:139
#13 0x0000555555556fbd in main (argc=5, argv=0x7fffffffde68) at BTree_dup.cpp:718

677	    {
678	        file1.getline(string1,256);
679	        file2.getline(string2,256);
680	        j++;
681	        if(strcmp(string1,string2) != 0)
682	        {
683	            if (fp = fopen(detectLog, "a")) {
684	                fprintf(fp, "[%d]: %s %s\n",j,string1,string2);
685	                fclose(fp);
686	            }

Backtrace END
Memory content before bitflip:0x080x140x000x000x000x000x000x00
Fault Model: Single bit-flip
base address to flip value: 0x7fffffffdd28
address max offset: 8
Memory content after  bitflip:0x080x140x000x000x000x800x000x00
frame name: main
symbol name: start_time
symbol filename: BTree_dup.cpp
symbol line: 698
value: 140737488360456
value address: 0x7fffffffdd28
Type: The type is an integer type.
Type sizeof: 8

[INFO -- 2018-11-26 01:23:47]
Fault Injection Successful after 2.3390274047851562s
[INFO -- 2018-11-26 01:23:47]
event type: exit
[INFO -- 2018-11-26 01:23:47]
exit code: 0
