[INFO -- 2018-10-16 21:02:32]
Starting flip_value script
version: 1.1
[INFO -- 2018-10-16 21:02:32]
Initialization strings:
[INFO -- 2018-10-16 21:02:32]
(1) file /tmp/RBTree/main
[INFO -- 2018-10-16 21:02:32]
(2) set args  /tmp/RBTree/input_ /tmp/RBTree/output_
[INFO -- 2018-10-16 21:02:32]
initSignal:0
[INFO -- 2018-10-16 21:02:32]
endSignal:2
[INFO -- 2018-10-16 21:02:32]
faultModel:4
[INFO -- 2018-10-16 21:02:32]
Backtrace BEGIN:
#0  0x000055555555694f in RBTree::insertBST (this=0x7fffffffdc00, root=@0x7fffffffdc00: 0x55555576fa50, ptr=@0x7fffffffdb60: 0x5555558618b0) at RBTree.cpp:46
#1  0x00005555555569fe in RBTree::insertValue (this=0x7fffffffdc00, n=23788) at RBTree.cpp:56
#2  0x0000555555555610 in main (argc=3, argv=0x7fffffffdf38) at main.cpp:54

41	        return ptr;
42	
43	    if (ptr->data < root->data) {
44	        root->left = insertBST(root->left, ptr);
45	        root->left->parent = root;
46	    } else if (ptr->data > root->data) {
47	        root->right = insertBST(root->right, ptr);
48	        root->right->parent = root;
49	    }
50	

Backtrace END
Fliping value of field: _M_value
Memory content before bitflip:0xd50x4a0x000x00
Fault Model: LSB bit-flip
base address to flip value: 0x7fffffffdbd8
address max offset: 4
Memory content after  bitflip:0xd50x4a0x000x01
frame name: main
symbol name: start
symbol filename: main.cpp
symbol line: 31
value: {<std::iterator<std::input_iterator_tag, int, long, int const*, int const&>> = {<No data fields>}, _M_stream = 0x7fffffffdc30, _M_value = 16796373, _M_ok = true}
value address: 0x7fffffffdbd0
Type: The type is a structure.
Type sizeof: 16
Field name: std::iterator<std::input_iterator_tag, int, long, int const*, int const&>
Field Type: The type is a structure.
Field Type sizeof: 1
Field name: _M_stream
Field Type: The type is a pointer.
Field Type sizeof: 8
Field name: _M_value
Field Type: The type is an integer type.
Field Type sizeof: 4
Field name: _M_ok
Field Type: A boolean type.
Field Type sizeof: 1

[INFO -- 2018-10-16 21:02:32]
Fault Injection Successful after 0.6655960083007812s
[INFO -- 2018-10-16 21:02:32]
event type: exit
[INFO -- 2018-10-16 21:02:32]
exit code: 0
