[INFO -- 2018-12-01 05:41:28]
sending 5 signals using command: 'killall -2 main' after 4.31919526053s
[INFO -- 2018-12-01 05:41:28]
sending 5 signals using command: 'killall -2 main' after 4.45198003993s
[INFO -- 2018-12-01 05:41:28]
sending 5 signals using command: 'killall -2 main' after 4.96750814871s
[INFO -- 2018-12-01 05:41:28]
Starting GDB script
[INFO -- 2018-12-01 05:41:28]
initSignal:0.0
[INFO -- 2018-12-01 05:41:28]
endSignal:5.0
[INFO -- 2018-12-01 05:41:29]
sending 5 signals using command: 'killall -2 main' after 0.246668125884s
[INFO -- 2018-12-01 05:41:29]
sending 5 signals using command: 'killall -2 main' after 0.33114208261s
[INFO -- 2018-12-01 05:41:30]
sending 5 signals using command: 'killall -2 main' after 1.3159917497s
[INFO -- 2018-12-01 05:41:30]
Execution finished before waitTime
