[INFO -- 2018-10-12 09:22:22]
Starting flip_value script
version: 1.1
[INFO -- 2018-10-12 09:22:22]
Initialization strings:
[INFO -- 2018-10-12 09:22:22]
(1) file /tmp/BTree/main
[INFO -- 2018-10-12 09:22:22]
(2)  set args /tmp/BTree/input_100000 /tmp/BTree/output_100000
[INFO -- 2018-10-12 09:22:22]
initSignal:0
[INFO -- 2018-10-12 09:22:22]
endSignal:2
[INFO -- 2018-10-12 09:22:22]
faultModel:4
[EXCEPTION -- 2018-10-12 09:22:23]
gdbException: Tentativo de desreferenciar um ponteiro genérico.
[INFO -- 2018-10-12 09:22:23]
Backtrace BEGIN:
#0  dl_main (phdr=<optimized out>, phnum=<optimized out>, user_entry=<optimized out>, auxv=<optimized out>) at rtld.c:2289
#1  0x00007ffff7defdd0 in _dl_sysdep_start (start_argptr=start_argptr@entry=0x7fffffffded0, dl_main=dl_main@entry=0x7ffff7dd7660 <dl_main>) at ../elf/dl-sysdep.c:253
#2  0x00007ffff7dd7128 in _dl_start_final (arg=0x7fffffffded0) at rtld.c:414
#3  _dl_start (arg=0x7fffffffded0) at rtld.c:521
#4  0x00007ffff7dd6098 in _start () from /lib64/ld-linux-x86-64.so.2
#5  0x0000000000000003 in ?? ()
#6  0x00007fffffffe279 in ?? ()
#7  0x00007fffffffe289 in ?? ()
#8  0x00007fffffffe2a1 in ?? ()
#9  0x0000000000000000 in ?? ()

2284	in rtld.c

Backtrace END
Fliping a bit of the pointer
Memory content before bitflip:0x000x000x000x000x000x000x000x00
Fault Model: LSB bit-flip
base address to flip value: 0x7ffff7ffe168 
address max offset: 8
Memory content after  bitflip:0x000x000x000x000x000x000x000x40
frame name: _dl_start
symbol name: audit_list_string
symbol filename: rtld.c
symbol line: 134
value: 0x0
value address: 0x7ffff7ffe168 <audit_list_string>
Type: The type is a pointer.
Type sizeof: 8

[INFO -- 2018-10-12 09:22:23]
Fault Injection Successful after 1.0839319229125977s
[INFO -- 2018-10-12 09:22:23]
event type: exit
[INFO -- 2018-10-12 09:22:23]
exit code: 0
