[INFO -- 2018-12-01 05:38:12]
Starting flip_value script
version: 1.1
[INFO -- 2018-12-01 05:38:12]
Initialization strings:
[INFO -- 2018-12-01 05:38:12]
(1) file /tmp/splay/main
[INFO -- 2018-12-01 05:38:12]
(2) set args /tmp/splay/input_100000 /tmp/splay/output_100000
[INFO -- 2018-12-01 05:38:12]
initSignal:0
[INFO -- 2018-12-01 05:38:12]
endSignal:5
[INFO -- 2018-12-01 05:38:12]
faultModel:1
[INFO -- 2018-12-01 05:38:13]
Backtrace BEGIN:
#0  __strcmp_avx2 () at ../sysdeps/x86_64/multiarch/strcmp-avx2.S:92
#1  0x00007ffff7ec3750 in __cxxabiv1::__vmi_class_type_info::__do_dyncast(long, __cxxabiv1::__class_type_info::__sub_kind, __cxxabiv1::__class_type_info const*, void const*, __cxxabiv1::__class_type_info const*, void const*, __cxxabiv1::__class_type_info::__dyncast_result&) const () from /usr/lib/x86_64-linux-gnu/libstdc++.so.6
#2  0x00007ffff7ec0456 in __dynamic_cast () from /usr/lib/x86_64-linux-gnu/libstdc++.so.6
#3  0x00007ffff7f333fb in std::ctype<char> const& std::use_facet<std::ctype<char> >(std::locale const&) () from /usr/lib/x86_64-linux-gnu/libstdc++.so.6
#4  0x0000555555557da3 in std::operator<< <char, std::char_traits<char>, 16ul> (__os=..., __x=std::bitset = {...}) at /usr/include/c++/8/bitset:1541
#5  0x0000555555557ae8 in InOrder (root=0x5555556cf750) at splay.cpp:253
#6  0x0000555555557b0d in InOrder (root=0x5555558171d0) at splay.cpp:254
#7  0x0000555555557abd in InOrder (root=0x555555821790) at splay.cpp:252
#8  0x0000555555557b0d in InOrder (root=0x5555556bdaf0) at splay.cpp:254
#9  0x0000555555557b0d in InOrder (root=0x5555558467b0) at splay.cpp:254
#10 0x0000555555557abd in InOrder (root=0x5555558730b0) at splay.cpp:252
#11 0x0000555555557b0d in InOrder (root=0x5555556069b0) at splay.cpp:254
#12 0x0000555555557b0d in InOrder (root=0x555555843070) at splay.cpp:254
#13 0x0000555555557b0d in InOrder (root=0x55555587b3f0) at splay.cpp:254
#14 0x0000555555557b0d in InOrder (root=0x5555555b6b10) at splay.cpp:254
#15 0x0000555555557abd in InOrder (root=0x5555557874d0) at splay.cpp:252
#16 0x0000555555557abd in InOrder (root=0x55555587c250) at splay.cpp:252
#17 0x0000555555557b0d in InOrder (root=0x5555557c9250) at splay.cpp:254
#18 0x0000555555557b0d in InOrder (root=0x55555587ccb0) at splay.cpp:254
#19 0x0000555555557abd in InOrder (root=0x55555587d1f0) at splay.cpp:252
#20 0x0000555555557abd in InOrder (root=0x55555587d350) at splay.cpp:252
#21 0x0000555555557b0d in InOrder (root=0x5555555eff30) at splay.cpp:254
#22 0x0000555555557abd in InOrder (root=0x555555602730) at splay.cpp:252
#23 0x0000555555557abd in InOrder (root=0x55555587daf0) at splay.cpp:252
#24 0x0000555555557abd in InOrder (root=0x55555587db70) at splay.cpp:252
#25 0x0000555555557abd in InOrder (root=0x555555602350) at splay.cpp:252
#26 0x0000555555557abd in InOrder (root=0x55555574fdf0) at splay.cpp:252
#27 0x0000555555557abd in InOrder (root=0x555555683210) at splay.cpp:252
#28 0x0000555555557abd in InOrder (root=0x55555587dc90) at splay.cpp:252
#29 0x0000555555557abd in InOrder (root=0x555555696ef0) at splay.cpp:252
#30 0x0000555555557abd in InOrder (root=0x55555587dcd0) at splay.cpp:252
#31 0x00005555555564fe in main (argc=3, argv=0x7fffffffdfb8) at main.cpp:35

87	in ../sysdeps/x86_64/multiarch/strcmp-avx2.S

Backtrace END
Fliping a bit of the pointer
Memory content before bitflip:0x300x270x600x550x550x550x000x00
Fault Model: Double bit-flip
base address to flip value: 0x7fffffffda88
address max offset: 8
Memory content after  bitflip:0x300x270x780x550x550x550x000x00
frame name: InOrder
symbol name: root
symbol filename: splay.cpp
symbol line: 248
value: 0x555555602730
value address: 0x7fffffffda88
Type: The type is a pointer.
Type sizeof: 8

[INFO -- 2018-12-01 05:38:13]
Fault Injection Successful after 1.1287212371826172s
[INFO -- 2018-12-01 05:38:13]
event type: exit
[INFO -- 2018-12-01 05:38:13]
exit code: 0
