[INFO -- 2018-11-25 22:50:16]
Starting flip_value script
version: 1.1
[INFO -- 2018-11-25 22:50:16]
Initialization strings:
[INFO -- 2018-11-25 22:50:16]
(1) file /tmp/BTree-dup/main
[INFO -- 2018-11-25 22:50:16]
(2)  set args /tmp/BTree-dup/input_100000 /tmp/BTree-dup/output_100000 /tmp/BTree-dup-detection.log /tmp/BTree-dup/output2_100000
[INFO -- 2018-11-25 22:50:16]
initSignal:0
[INFO -- 2018-11-25 22:50:16]
endSignal:2
[INFO -- 2018-11-25 22:50:16]
faultModel:0
[INFO -- 2018-11-25 22:50:17]
Backtrace BEGIN:
#0  _IO_acquire_lock_fct (p=<synthetic pointer>) at libioP.h:797
#1  __GI__IO_fflush (fp=0x7ffff7610760 <_IO_2_1_stdout_>) at iofflush.c:39
#2  0x00007ffff7b5ef5e in std::ostream::flush() () from /usr/lib/x86_64-linux-gnu/libstdc++.so.6
#3  0x0000555555556927 in BTreeNode::traverse (this=0x555555e940f0) at BTree_dup.cpp:594
#4  0x000055555555695f in BTreeNode::traverse (this=0x555555f4da60) at BTree_dup.cpp:599
#5  0x000055555555695f in BTreeNode::traverse (this=0x555556086e40) at BTree_dup.cpp:599
#6  0x000055555555695f in BTreeNode::traverse (this=0x555555fa2e70) at BTree_dup.cpp:599
#7  0x00005555555568d7 in BTreeNode::traverse (this=0x555555de7a70) at BTree_dup.cpp:593
#8  0x00005555555568d7 in BTreeNode::traverse (this=0x555555dbe3d0) at BTree_dup.cpp:593
#9  0x00005555555568d7 in BTreeNode::traverse (this=0x555555f9c1e0) at BTree_dup.cpp:593
#10 0x00005555555568d7 in BTreeNode::traverse (this=0x555555ce1f30) at BTree_dup.cpp:593
#11 0x00005555555568d7 in BTreeNode::traverse (this=0x555555ef6e20) at BTree_dup.cpp:593
#12 0x00005555555572bb in BTree::traverse (this=0x7fffffffdd50) at BTree_dup.cpp:139
#13 0x0000555555556ff9 in main (argc=5, argv=0x7fffffffde68) at BTree_dup.cpp:725

792	libioP.h: Arquivo ou diretório inexistente.

Backtrace END
Memory content before bitflip:0x030x000x000x00
Fault Model: Single bit-flip
base address to flip value: 0x7fffffffdb7c
address max offset: 4
Memory content after  bitflip:0x030x000x000x20
frame name: BTreeNode::traverse
symbol name: i
symbol filename: BTree_dup.cpp
symbol line: 587
value: 536870915
value address: 0x7fffffffdb7c
Type: The type is an integer type.
Type sizeof: 4

[INFO -- 2018-11-25 22:50:17]
Fault Injection Successful after 1.5572726726531982s
[INFO -- 2018-11-25 22:50:17]
event type: exit
[INFO -- 2018-11-25 22:50:17]
exit code: 0
