[INFO -- 2018-12-01 12:33:19]
Starting flip_value script
version: 1.1
[INFO -- 2018-12-01 12:33:19]
Initialization strings:
[INFO -- 2018-12-01 12:33:19]
(1) file /tmp/splay/main
[INFO -- 2018-12-01 12:33:19]
(2) set args /tmp/splay/input_100000 /tmp/splay/output_100000
[INFO -- 2018-12-01 12:33:19]
initSignal:0
[INFO -- 2018-12-01 12:33:19]
endSignal:5
[INFO -- 2018-12-01 12:33:19]
faultModel:0
[INFO -- 2018-12-01 12:33:20]
Backtrace BEGIN:
#0  0x00007ffff7d34fd4 in __GI___libc_write (fd=1, buf=0x55555587dcf0, nbytes=17) at ../sysdeps/unix/sysv/linux/write.c:26
#1  0x00007ffff7cb633d in _IO_new_file_write (f=0x7ffff7e10760 <_IO_2_1_stdout_>, data=0x55555587dcf0, n=17) at fileops.c:1183
#2  0x00007ffff7cb7a71 in new_do_write (to_do=17, data=0x55555587dcf0 "0101", '0' <repeats 12 times>, "\n", fp=0x7ffff7e10760 <_IO_2_1_stdout_>) at libioP.h:839
#3  _IO_new_do_write (fp=0x7ffff7e10760 <_IO_2_1_stdout_>, data=0x55555587dcf0 "0101", '0' <repeats 12 times>, "\n", to_do=17) at fileops.c:433
#4  0x00007ffff7cb56f8 in _IO_new_file_sync (fp=0x7ffff7e10760 <_IO_2_1_stdout_>) at fileops.c:819
#5  0x00007ffff7caa32d in __GI__IO_fflush (fp=0x7ffff7e10760 <_IO_2_1_stdout_>) at libioP.h:839
#6  0x00007ffff7f4201e in std::ostream::flush() () from /usr/lib/x86_64-linux-gnu/libstdc++.so.6
#7  0x0000555555557afd in InOrder (root=0x55555563df90) at splay.cpp:253
#8  0x0000555555557abd in InOrder (root=0x5555557e03d0) at splay.cpp:252
#9  0x0000555555557abd in InOrder (root=0x555555698e30) at splay.cpp:252
#10 0x0000555555557abd in InOrder (root=0x55555584a110) at splay.cpp:252
#11 0x0000555555557abd in InOrder (root=0x5555556c2570) at splay.cpp:252
#12 0x0000555555557b0d in InOrder (root=0x55555585ee50) at splay.cpp:254
#13 0x0000555555557b0d in InOrder (root=0x5555555cb950) at splay.cpp:254
#14 0x0000555555557abd in InOrder (root=0x555555867030) at splay.cpp:252
#15 0x0000555555557b0d in InOrder (root=0x555555867770) at splay.cpp:254
#16 0x0000555555557abd in InOrder (root=0x55555586b550) at splay.cpp:252
#17 0x0000555555557abd in InOrder (root=0x555555755fd0) at splay.cpp:252
#18 0x0000555555557b0d in InOrder (root=0x555555874630) at splay.cpp:254
#19 0x0000555555557b0d in InOrder (root=0x5555557f45f0) at splay.cpp:254
#20 0x0000555555557abd in InOrder (root=0x5555558783f0) at splay.cpp:252
#21 0x0000555555557abd in InOrder (root=0x5555555e07d0) at splay.cpp:252
#22 0x0000555555557b0d in InOrder (root=0x555555574e90) at splay.cpp:254
#23 0x0000555555557abd in InOrder (root=0x5555555eaed0) at splay.cpp:252
#24 0x0000555555557b0d in InOrder (root=0x5555557ecf10) at splay.cpp:254
#25 0x0000555555557abd in InOrder (root=0x55555587b6d0) at splay.cpp:252
#26 0x0000555555557b0d in InOrder (root=0x5555557fceb0) at splay.cpp:254
#27 0x0000555555557b0d in InOrder (root=0x555555667270) at splay.cpp:254
#28 0x0000555555557abd in InOrder (root=0x55555587db10) at splay.cpp:252
#29 0x0000555555557b0d in InOrder (root=0x555555602350) at splay.cpp:254
#30 0x0000555555557abd in InOrder (root=0x55555574fdf0) at splay.cpp:252
#31 0x0000555555557abd in InOrder (root=0x555555683210) at splay.cpp:252
#32 0x0000555555557abd in InOrder (root=0x55555587dc90) at splay.cpp:252
#33 0x0000555555557abd in InOrder (root=0x555555696ef0) at splay.cpp:252
#34 0x0000555555557abd in InOrder (root=0x55555587dcd0) at splay.cpp:252
#35 0x00005555555564fe in main (argc=3, argv=0x7fffffffdfb8) at main.cpp:35

21	in ../sysdeps/unix/sysv/linux/write.c

Backtrace END
Fliping a bit of the value pointed by a pointer
Fliping value of field: key
Memory content before bitflip:0x180x710x0a0x00
Fault Model: Single bit-flip
base address to flip value: 0x55555587b6d0
address max offset: 4
Memory content after  bitflip:0x180x710x8a0x00
frame name: InOrder
symbol name: root
symbol filename: splay.cpp
symbol line: 248
value: 0x55555587b6d0
value address: 0x7fffffffda58
Type: The type is a pointer.
Type sizeof: 8

[INFO -- 2018-12-01 12:33:20]
Fault Injection Successful after 1.30195951461792s
[INFO -- 2018-12-01 12:33:20]
event type: exit
[INFO -- 2018-12-01 12:33:20]
exit code: 0
