[INFO -- 2018-10-11 23:10:37]
Starting flip_value script
version: 1.1
[INFO -- 2018-10-11 23:10:37]
Initialization strings:
[INFO -- 2018-10-11 23:10:37]
(1) file /tmp/BTree/main
[INFO -- 2018-10-11 23:10:37]
(2)  set args /tmp/BTree/input_100000 /tmp/BTree/output_100000
[INFO -- 2018-10-11 23:10:37]
initSignal:0
[INFO -- 2018-10-11 23:10:37]
endSignal:2
[INFO -- 2018-10-11 23:10:37]
faultModel:4
[EXCEPTION -- 2018-10-11 23:10:38]
pythonException: Unable to exit loop in struct fields; Exiting wihtout making a bit flip
[INFO -- 2018-10-11 23:10:38]
Backtrace BEGIN:
#0  0x0000555555555fd8 in BTreeNode::insertNonFull (this=0x5555558e2e10, k=2607356) at BTree.cpp:512
#1  0x00005555555560d9 in BTreeNode::insertNonFull (this=0x5555559713a0, k=2607356) at BTree.cpp:533
#2  0x00005555555560d9 in BTreeNode::insertNonFull (this=0x555555a3cad0, k=2607356) at BTree.cpp:533
#3  0x00005555555560d9 in BTreeNode::insertNonFull (this=0x5555557a3bb0, k=2607356) at BTree.cpp:533
#4  0x00005555555560d9 in BTreeNode::insertNonFull (this=0x5555557b0090, k=2607356) at BTree.cpp:533
#5  0x00005555555560d9 in BTreeNode::insertNonFull (this=0x5555559e1060, k=2607356) at BTree.cpp:533
#6  0x00005555555560d9 in BTreeNode::insertNonFull (this=0x5555558124c0, k=2607356) at BTree.cpp:533
#7  0x00005555555560d9 in BTreeNode::insertNonFull (this=0x555555812430, k=2607356) at BTree.cpp:533
#8  0x00005555555560d9 in BTreeNode::insertNonFull (this=0x555555a27320, k=2607356) at BTree.cpp:533
#9  0x0000555555555f18 in BTree::insert (this=0x7fffffffddc0, k=2607356) at BTree.cpp:487
#10 0x0000555555556601 in main (argc=3, argv=0x7fffffffded8) at BTree.cpp:665

507				keys[i+1] = keys[i];
508				i--;
509			}
510	
511			// Insert the new key at found location
512			keys[i+1] = k;
513			n = n+1;
514		}
515		else // If this node is not leaf
516		{

Backtrace END
Fliping a bit of the pointer
Memory content before bitflip:0xc00x240x810x550x550x550x000x00
Fault Model: LSB bit-flip
base address to flip value: 0x7fffffffdcd8
address max offset: 8
Memory content after  bitflip:0xc00x240x810x550x550x550x000x40
frame name: BTreeNode::insertNonFull
symbol name: this
symbol filename: BTree.cpp
symbol line: 0
value: 0x5555558124c0
value address: 0x7fffffffdcd8
Type: The type is a pointer.
Type sizeof: 8

[INFO -- 2018-10-11 23:10:38]
Fault Injection Successful after 1.4799449443817139s
[INFO -- 2018-10-11 23:10:38]
event type: exit
[INFO -- 2018-10-11 23:10:38]
exit code: 0
