[INFO -- 2018-10-12 00:18:49]
Starting flip_value script
version: 1.1
[INFO -- 2018-10-12 00:18:49]
Initialization strings:
[INFO -- 2018-10-12 00:18:49]
(1) file /tmp/BTree/main
[INFO -- 2018-10-12 00:18:49]
(2)  set args /tmp/BTree/input_100000 /tmp/BTree/output_100000
[INFO -- 2018-10-12 00:18:49]
initSignal:0
[INFO -- 2018-10-12 00:18:49]
endSignal:2
[INFO -- 2018-10-12 00:18:49]
faultModel:2
[INFO -- 2018-10-12 00:18:50]
Backtrace BEGIN:
#0  0x000055555555604d in BTreeNode::insertNonFull (this=0x5555558c3fa0, k=9635) at BTree.cpp:522
#1  0x00005555555560d9 in BTreeNode::insertNonFull (this=0x55555576cfe0, k=9635) at BTree.cpp:533
#2  0x00005555555560d9 in BTreeNode::insertNonFull (this=0x5555557700d0, k=9635) at BTree.cpp:533
#3  0x00005555555560d9 in BTreeNode::insertNonFull (this=0x55555577ab40, k=9635) at BTree.cpp:533
#4  0x00005555555560d9 in BTreeNode::insertNonFull (this=0x55555579e990, k=9635) at BTree.cpp:533
#5  0x00005555555560d9 in BTreeNode::insertNonFull (this=0x555555812430, k=9635) at BTree.cpp:533
#6  0x0000555555555f18 in BTree::insert (this=0x7fffffffddc0, k=9635) at BTree.cpp:487
#7  0x0000555555556601 in main (argc=3, argv=0x7fffffffded8) at BTree.cpp:665

517			// Find the child which is going to have the new key
518			while (i >= 0 && keys[i] > k)
519				i--;
520	
521			// See if the found child is full
522			if (C[i+1]->n == 2*t-1)
523			{
524				// If the child is full, then split it
525				splitChild(i+1, C[i+1]);
526	

Backtrace END
Memory content before bitflip:0xa30x250x000x00
Fault Model: Random bit-flip
base address to flip value: 0x7fffffffdd04
address max offset: 4
Memory content after  bitflip:0x160xf70x9c0xb3
frame name: BTreeNode::insertNonFull
symbol name: k
symbol filename: BTree.cpp
symbol line: 494
value: -1281558762
value address: 0x7fffffffdd04
Type: The type is an integer type.
Type sizeof: 4

[INFO -- 2018-10-12 00:18:50]
Fault Injection Successful after 1.1686599254608154s
[INFO -- 2018-10-12 00:18:50]
event type: exit
[INFO -- 2018-10-12 00:18:50]
exit code: 0
