[INFO -- 2018-11-30 22:53:35]
Starting flip_value script
version: 1.1
[INFO -- 2018-11-30 22:53:35]
Initialization strings:
[INFO -- 2018-11-30 22:53:35]
(1) file /tmp/splay/main
[INFO -- 2018-11-30 22:53:35]
(2) set args /tmp/splay/input_100000 /tmp/splay/output_100000
[INFO -- 2018-11-30 22:53:35]
initSignal:0
[INFO -- 2018-11-30 22:53:35]
endSignal:5
[INFO -- 2018-11-30 22:53:35]
faultModel:4
[INFO -- 2018-11-30 22:53:35]
Backtrace BEGIN:
#0  0x0000555555557e9a in std::bitset<16ul>::_M_copy_to_string<char, std::char_traits<char>, std::allocator<char> > (this=0x7fffffffd610, __s="0111010000000000", __zero=48 '0', __one=49 '1') at /usr/include/c++/8/bitset:1412
#1  0x0000555555557ded in std::operator<< <char, std::char_traits<char>, 16ul> (__os=..., __x=std::bitset = {...}) at /usr/include/c++/8/bitset:1542
#2  0x0000555555557ae8 in InOrder (root=0x5555557114d0) at splay.cpp:253
#3  0x0000555555557b0d in InOrder (root=0x5555557987d0) at splay.cpp:254
#4  0x0000555555557b0d in InOrder (root=0x5555557255d0) at splay.cpp:254
#5  0x0000555555557abd in InOrder (root=0x555555797170) at splay.cpp:252
#6  0x0000555555557abd in InOrder (root=0x555555778750) at splay.cpp:252
#7  0x0000555555557b0d in InOrder (root=0x55555559f770) at splay.cpp:254
#8  0x0000555555557b0d in InOrder (root=0x555555843fb0) at splay.cpp:254
#9  0x0000555555557b0d in InOrder (root=0x5555555c2b50) at splay.cpp:254
#10 0x0000555555557b0d in InOrder (root=0x555555853e90) at splay.cpp:254
#11 0x0000555555557abd in InOrder (root=0x555555847e10) at splay.cpp:252
#12 0x0000555555557abd in InOrder (root=0x5555557cb190) at splay.cpp:252
#13 0x0000555555557b0d in InOrder (root=0x5555557eb590) at splay.cpp:254
#14 0x0000555555557abd in InOrder (root=0x55555586e850) at splay.cpp:252
#15 0x0000555555557abd in InOrder (root=0x5555556a8ad0) at splay.cpp:252
#16 0x0000555555557b0d in InOrder (root=0x555555648a50) at splay.cpp:254
#17 0x0000555555557b0d in InOrder (root=0x55555587ab10) at splay.cpp:254
#18 0x0000555555557b0d in InOrder (root=0x555555772ad0) at splay.cpp:254
#19 0x0000555555557b0d in InOrder (root=0x5555555ad130) at splay.cpp:254
#20 0x0000555555557b0d in InOrder (root=0x55555587c890) at splay.cpp:254
#21 0x0000555555557abd in InOrder (root=0x55555587d230) at splay.cpp:252
#22 0x0000555555557abd in InOrder (root=0x5555555a98b0) at splay.cpp:252
#23 0x0000555555557b0d in InOrder (root=0x555555643e30) at splay.cpp:254
#24 0x0000555555557b0d in InOrder (root=0x55555587d3d0) at splay.cpp:254
#25 0x0000555555557abd in InOrder (root=0x555555752030) at splay.cpp:252
#26 0x0000555555557b0d in InOrder (root=0x55555587db90) at splay.cpp:254
#27 0x0000555555557b0d in InOrder (root=0x55555585f590) at splay.cpp:254
#28 0x0000555555557b0d in InOrder (root=0x55555587db50) at splay.cpp:254
#29 0x0000555555557abd in InOrder (root=0x555555774190) at splay.cpp:252
#30 0x0000555555557b0d in InOrder (root=0x555555774870) at splay.cpp:254
#31 0x0000555555557abd in InOrder (root=0x55555587dcb0) at splay.cpp:252
#32 0x0000555555557b0d in InOrder (root=0x555555693810) at splay.cpp:254
#33 0x0000555555557b0d in InOrder (root=0x555555634c10) at splay.cpp:254
#34 0x0000555555557b0d in InOrder (root=0x55555587dcd0) at splay.cpp:254
#35 0x00005555555564fe in main (argc=3, argv=0x7fffffffdfb8) at main.cpp:35

1407	      bitset<_Nb>::
1408	      _M_copy_to_string(std::basic_string<_CharT, _Traits, _Alloc>& __s,
1409				_CharT __zero, _CharT __one) const
1410	      {
1411		__s.assign(_Nb, __zero);
1412		for (size_t __i = _Nb; __i > 0; --__i)
1413		  if (_Unchecked_test(__i - 1))
1414		    _Traits::assign(__s[_Nb - __i], __one);
1415	      }
1416	

Backtrace END
Fliping a bit of the value pointed by a pointer
Fliping value of field: key
Memory content before bitflip:0x290x7c0x2b0x00
Fault Model: LSB bit-flip
base address to flip value: 0x555555774190
address max offset: 4
Memory content after  bitflip:0x290x7c0x2b0x40
frame name: InOrder
symbol name: root
symbol filename: splay.cpp
symbol line: 248
value: 0x555555774190
value address: 0x7fffffffdb18
Type: The type is a pointer.
Type sizeof: 8

[INFO -- 2018-11-30 22:53:35]
Fault Injection Successful after 0.9055039882659912s
[INFO -- 2018-11-30 22:53:35]
event type: exit
[INFO -- 2018-11-30 22:53:35]
exit code: 0
