[INFO -- 2018-10-12 02:43:28]
Starting flip_value script
version: 1.1
[INFO -- 2018-10-12 02:43:28]
Initialization strings:
[INFO -- 2018-10-12 02:43:28]
(1) file /tmp/BTree/main
[INFO -- 2018-10-12 02:43:28]
(2)  set args /tmp/BTree/input_100000 /tmp/BTree/output_100000
[INFO -- 2018-10-12 02:43:28]
initSignal:0
[INFO -- 2018-10-12 02:43:28]
endSignal:2
[INFO -- 2018-10-12 02:43:28]
faultModel:0
[EXCEPTION -- 2018-10-12 02:43:28]
gdbException: Tentativo de desreferenciar um ponteiro genérico.
[INFO -- 2018-10-12 02:43:29]
event type: exit
[INFO -- 2018-10-12 02:43:29]
exit code: 0
