[INFO -- 2018-10-16 20:54:57]
Starting flip_value script
version: 1.1
[INFO -- 2018-10-16 20:54:57]
Initialization strings:
[INFO -- 2018-10-16 20:54:57]
(1) file /tmp/RBTree/main
[INFO -- 2018-10-16 20:54:57]
(2) set args  /tmp/RBTree/input_ /tmp/RBTree/output_
[INFO -- 2018-10-16 20:54:57]
initSignal:0
[INFO -- 2018-10-16 20:54:57]
endSignal:2
[INFO -- 2018-10-16 20:54:57]
faultModel:4
[EXCEPTION -- 2018-10-16 20:54:57]
pythonException: Unable to exit loop in struct fields; Exiting wihtout making a bit flip
[INFO -- 2018-10-16 20:54:57]
Backtrace BEGIN:
#0  0x00007ffff7b712d0 in std::__cxx11::basic_string<char, std::char_traits<char>, std::allocator<char> >::operator[](unsigned long) () from /usr/lib/x86_64-linux-gnu/libstdc++.so.6
#1  0x00005555555583e0 in std::bitset<16ul>::_M_copy_to_string<char, std::char_traits<char>, std::allocator<char> > (this=0x7fffffffd688, __s='0' <repete 16 vezes>, __zero=48 '0', __one=49 '1') at /usr/include/c++/7/bitset:1410
#2  0x00005555555581ea in std::operator<< <char, std::char_traits<char>, 16ul> (__os=..., __x=std::bitset = {...}) at /usr/include/c++/7/bitset:1538
#3  0x0000555555557798 in RBTree::inorderBST (this=0x7fffffffdc00, ptr=@0x5555558a7308: 0x555555957880) at RBTree.cpp:276
#4  0x000055555555776a in RBTree::inorderBST (this=0x7fffffffdc00, ptr=@0x5555557f6fa0: 0x5555558a7300) at RBTree.cpp:271
#5  0x0000555555557804 in RBTree::inorderBST (this=0x7fffffffdc00, ptr=@0x5555557b5208: 0x5555557f6f90) at RBTree.cpp:279
#6  0x000055555555776a in RBTree::inorderBST (this=0x7fffffffdc00, ptr=@0x5555557aad68: 0x5555557b5200) at RBTree.cpp:271
#7  0x000055555555776a in RBTree::inorderBST (this=0x7fffffffdc00, ptr=@0x555555793c38: 0x5555557aad60) at RBTree.cpp:271
#8  0x000055555555776a in RBTree::inorderBST (this=0x7fffffffdc00, ptr=@0x5555557772b8: 0x555555793c30) at RBTree.cpp:271
#9  0x000055555555776a in RBTree::inorderBST (this=0x7fffffffdc00, ptr=@0x55555578cb90: 0x5555557772b0) at RBTree.cpp:271
#10 0x0000555555557804 in RBTree::inorderBST (this=0x7fffffffdc00, ptr=@0x5555557709f0: 0x55555578cb80) at RBTree.cpp:279
#11 0x0000555555557804 in RBTree::inorderBST (this=0x7fffffffdc00, ptr=@0x555555772848: 0x5555557709e0) at RBTree.cpp:279
#12 0x000055555555776a in RBTree::inorderBST (this=0x7fffffffdc00, ptr=@0x55555578fa40: 0x555555772840) at RBTree.cpp:271
#13 0x0000555555557804 in RBTree::inorderBST (this=0x7fffffffdc00, ptr=@0x555555770598: 0x55555578fa30) at RBTree.cpp:279
#14 0x000055555555776a in RBTree::inorderBST (this=0x7fffffffdc00, ptr=@0x555555771708: 0x555555770590) at RBTree.cpp:271
#15 0x000055555555776a in RBTree::inorderBST (this=0x7fffffffdc00, ptr=@0x55555576fe80: 0x555555771700) at RBTree.cpp:271
#16 0x0000555555557804 in RBTree::inorderBST (this=0x7fffffffdc00, ptr=@0x555555771a38: 0x55555576fe70) at RBTree.cpp:279
#17 0x000055555555776a in RBTree::inorderBST (this=0x7fffffffdc00, ptr=@0x55555576fa60: 0x555555771a30) at RBTree.cpp:271
#18 0x0000555555557804 in RBTree::inorderBST (this=0x7fffffffdc00, ptr=@0x7fffffffdc00: 0x55555576fa50) at RBTree.cpp:279
#19 0x0000555555557841 in RBTree::inorder (this=0x7fffffffdc00) at RBTree.cpp:283
#20 0x000055555555564c in main (argc=3, argv=0x7fffffffdf38) at main.cpp:58

19	#include <fstream>
20	
21	using namespace std;
22	
23	int main(int argc, char * argv[]) {
24	
25	    if (argc != 3){
26	        cerr << "Uso correto: ./main [input file] [output file] " << endl;
27	        return 0;
28	    }

Backtrace END
Fliping a bit of the value pointed by a pointer
Fliping value of field: root
Fliping a bit of the value pointed by a pointer
Fliping value of field: left
Fliping a bit of the pointer
Memory content before bitflip:0x700x010x770x550x550x550x000x00
Fault Model: LSB bit-flip
base address to flip value: 0x55555576fa58
address max offset: 8
Memory content after  bitflip:0x700x010x770x550x550x550x000x20
frame name: RBTree::inorderBST
symbol name: this
symbol filename: RBTree.cpp
symbol line: 0
value: 0x7fffffffdc00
value address: 0x7fffffffd9e8
Type: The type is a pointer.
Type sizeof: 8

[INFO -- 2018-10-16 20:54:57]
Fault Injection Successful after 0.7208821773529053s
[INFO -- 2018-10-16 20:54:57]
event type: exit
[INFO -- 2018-10-16 20:54:57]
exit code: 0
