[INFO -- 2018-11-26 01:15:45]
Starting flip_value script
version: 1.1
[INFO -- 2018-11-26 01:15:45]
Initialization strings:
[INFO -- 2018-11-26 01:15:45]
(1) file /tmp/BTree-dup/main
[INFO -- 2018-11-26 01:15:45]
(2)  set args /tmp/BTree-dup/input_100000 /tmp/BTree-dup/output_100000 /tmp/BTree-dup-detection.log /tmp/BTree-dup/output2_100000
[INFO -- 2018-11-26 01:15:45]
initSignal:0
[INFO -- 2018-11-26 01:15:45]
endSignal:2
[INFO -- 2018-11-26 01:15:45]
faultModel:1
[INFO -- 2018-11-26 01:15:46]
Backtrace BEGIN:
#0  0x00007ffff7b47941 in std::istream::operator>>(int&) () from /usr/lib/x86_64-linux-gnu/libstdc++.so.6
#1  0x0000555555557742 in std::istream_iterator<int, char, std::char_traits<char>, long>::_M_read (this=0x7fffffffd960) at /usr/include/c++/7/bits/stream_iterator.h:121
#2  0x0000555555557ab2 in std::istream_iterator<int, char, std::char_traits<char>, long>::operator++ (this=0x7fffffffd960) at /usr/include/c++/7/bits/stream_iterator.h:95
#3  0x00005555555579f3 in std::vector<int, std::allocator<int> >::_M_range_initialize<std::istream_iterator<int, char, std::char_traits<char>, long> > (this=0x7fffffffdaa0, __first=..., __last=...) at /usr/include/c++/7/bits/stl_vector.h:1308
#4  0x0000555555557882 in std::vector<int, std::allocator<int> >::_M_initialize_dispatch<std::istream_iterator<int, char, std::char_traits<char>, long> > (this=0x7fffffffdaa0, __first=..., __last=...) at /usr/include/c++/7/bits/stl_vector.h:1299
#5  0x0000555555557569 in std::vector<int, std::allocator<int> >::vector<std::istream_iterator<int, char, std::char_traits<char>, long>, void> (this=0x7fffffffdaa0, __first=..., __last=..., __a=...) at /usr/include/c++/7/bits/stl_vector.h:414
#6  0x0000555555556bbc in runner (input=0x7fffffffe22a "/tmp/BTree-dup/input_100000") at BTree_dup.cpp:660
#7  0x0000555555556f7a in main (argc=5, argv=0x7fffffffde68) at BTree_dup.cpp:712

677	    {
678	        file1.getline(string1,256);
679	        file2.getline(string2,256);
680	        j++;
681	        if(strcmp(string1,string2) != 0)
682	        {
683	            if (fp = fopen(detectLog, "a")) {
684	                fprintf(fp, "[%d]: %s %s\n",j,string1,string2);
685	                fclose(fp);
686	            }

Backtrace END
Memory content before bitflip:0x390x710x550x550x550x550x000x00
Fault Model: Double bit-flip
base address to flip value: 0x7fffffffdd38
address max offset: 8
Memory content after  bitflip:0x390x710x550x550x550x500x000x00
frame name: main
symbol name: diff_time
symbol filename: BTree_dup.cpp
symbol line: 699
value: 4.3639550776658611e-310
value address: 0x7fffffffdd38
Type: A floating point type.
Type sizeof: 8

[INFO -- 2018-11-26 01:15:46]
Fault Injection Successful after 1.2673790454864502s
[INFO -- 2018-11-26 01:15:47]
event type: exit
[INFO -- 2018-11-26 01:15:47]
exit code: 0
