[INFO -- 2018-12-01 08:15:45]
Starting flip_value script
version: 1.1
[INFO -- 2018-12-01 08:15:45]
Initialization strings:
[INFO -- 2018-12-01 08:15:45]
(1) file /tmp/splay/main
[INFO -- 2018-12-01 08:15:45]
(2) set args /tmp/splay/input_100000 /tmp/splay/output_100000
[INFO -- 2018-12-01 08:15:45]
initSignal:0
[INFO -- 2018-12-01 08:15:45]
endSignal:5
[INFO -- 2018-12-01 08:15:45]
faultModel:0
[INFO -- 2018-12-01 08:15:45]
Backtrace BEGIN:
#0  0x00007ffff7cc0d46 in __GI___libc_malloc (bytes=31) at malloc.c:2929
#1  0x00007ffff7ec2248 in operator new(unsigned long) () from /usr/lib/x86_64-linux-gnu/libstdc++.so.6
#2  0x00007ffff7f53dbb in std::__cxx11::basic_string<char, std::char_traits<char>, std::allocator<char> >::_M_mutate(unsigned long, unsigned long, char const*, unsigned long) () from /usr/lib/x86_64-linux-gnu/libstdc++.so.6
#3  0x00007ffff7f54790 in std::__cxx11::basic_string<char, std::char_traits<char>, std::allocator<char> >::_M_replace_aux(unsigned long, unsigned long, unsigned long, char) () from /usr/lib/x86_64-linux-gnu/libstdc++.so.6
#4  0x0000555555557e8d in std::bitset<16ul>::_M_copy_to_string<char, std::char_traits<char>, std::allocator<char> > (this=0x7fffffffd910, __s="", __zero=48 '0', __one=49 '1') at /usr/include/c++/8/bitset:1411
#5  0x0000555555557ded in std::operator<< <char, std::char_traits<char>, 16ul> (__os=..., __x=std::bitset = {...}) at /usr/include/c++/8/bitset:1542
#6  0x0000555555557ae8 in InOrder (root=0x55555586a8d0) at splay.cpp:253
#7  0x0000555555557abd in InOrder (root=0x555555869dd0) at splay.cpp:252
#8  0x0000555555557abd in InOrder (root=0x555555878630) at splay.cpp:252
#9  0x0000555555557abd in InOrder (root=0x5555555fd790) at splay.cpp:252
#10 0x0000555555557b0d in InOrder (root=0x55555566ac70) at splay.cpp:254
#11 0x0000555555557b0d in InOrder (root=0x55555587d510) at splay.cpp:254
#12 0x0000555555557abd in InOrder (root=0x55555587d550) at splay.cpp:252
#13 0x0000555555557abd in InOrder (root=0x5555555b0770) at splay.cpp:252
#14 0x0000555555557abd in InOrder (root=0x55555587dad0) at splay.cpp:252
#15 0x0000555555557abd in InOrder (root=0x55555587d8d0) at splay.cpp:252
#16 0x0000555555557b0d in InOrder (root=0x5555557cfed0) at splay.cpp:254
#17 0x0000555555557b0d in InOrder (root=0x555555774190) at splay.cpp:254
#18 0x0000555555557b0d in InOrder (root=0x555555774870) at splay.cpp:254
#19 0x0000555555557abd in InOrder (root=0x55555587dcb0) at splay.cpp:252
#20 0x0000555555557b0d in InOrder (root=0x555555693810) at splay.cpp:254
#21 0x0000555555557b0d in InOrder (root=0x555555634c10) at splay.cpp:254
#22 0x0000555555557b0d in InOrder (root=0x55555587dcd0) at splay.cpp:254
#23 0x00005555555564fe in main (argc=3, argv=0x7fffffffdfb8) at main.cpp:35

2924	in malloc.c

Backtrace END
Memory content before bitflip:0x30
Fault Model: Single bit-flip
base address to flip value: 0x7fffffffd85c 
address max offset: 1
Memory content after  bitflip:0x10
frame name: std::bitset<16ul>::_M_copy_to_string<char, std::char_traits<char>, std::allocator<char> >
symbol name: __zero
symbol filename: /usr/include/c++/8/bitset
symbol line: 1409
value: 16 '\020'
value address: 0x7fffffffd85c "\020\177"
Type: The type is an integer type.
Type sizeof: 1

[INFO -- 2018-12-01 08:15:45]
Fault Injection Successful after 0.8644833564758301s
[INFO -- 2018-12-01 08:15:45]
event type: exit
[INFO -- 2018-12-01 08:15:45]
exit code: 0
