[INFO -- 2018-11-25 15:58:44]
Starting flip_value script
version: 1.1
[INFO -- 2018-11-25 15:58:44]
Initialization strings:
[INFO -- 2018-11-25 15:58:44]
(1) file /tmp/BTree-dup/main
[INFO -- 2018-11-25 15:58:44]
(2)  set args /tmp/BTree-dup/input_100000 /tmp/BTree-dup/output_100000 /tmp/BTree-dup-detection.log /tmp/BTree-dup/output2_100000
[INFO -- 2018-11-25 15:58:44]
initSignal:0
[INFO -- 2018-11-25 15:58:44]
endSignal:2
[INFO -- 2018-11-25 15:58:44]
faultModel:2
[INFO -- 2018-11-25 15:58:45]
Backtrace BEGIN:
#0  0x0000555555556596 in BTreeNode::insertNonFull (this=0x555555de4a10, k=907360) at BTree_dup.cpp:524
#1  0x0000555555556639 in BTreeNode::insertNonFull (this=0x555555de8fd0, k=907360) at BTree_dup.cpp:535
#2  0x0000555555556639 in BTreeNode::insertNonFull (this=0x555555e2c080, k=907360) at BTree_dup.cpp:535
#3  0x0000555555556639 in BTreeNode::insertNonFull (this=0x555555e995e0, k=907360) at BTree_dup.cpp:535
#4  0x0000555555556639 in BTreeNode::insertNonFull (this=0x555555bee480, k=907360) at BTree_dup.cpp:535
#5  0x0000555555556639 in BTreeNode::insertNonFull (this=0x555555ce1f30, k=907360) at BTree_dup.cpp:535
#6  0x0000555555556639 in BTreeNode::insertNonFull (this=0x555555ef6e20, k=907360) at BTree_dup.cpp:535
#7  0x0000555555556478 in BTree::insert (this=0x7fffffffda50, k=907360) at BTree_dup.cpp:489
#8  0x0000555555556c25 in runner (input=0x7fffffffe22a "/tmp/BTree-dup/input_100000") at BTree_dup.cpp:664
#9  0x0000555555556f7a in main (argc=5, argv=0x7fffffffde68) at BTree_dup.cpp:712

519			// Find the child which is going to have the new key
520			while (i >= 0 && keys[i] > k)
521				i--;
522	
523			// See if the found child is full
524			if (C[i+1]->n == 2*t-1)
525			{
526				// If the child is full, then split it
527				splitChild(i+1, C[i+1]);
528	

Backtrace END
Fliping a bit of the pointer
Memory content before bitflip:0x200x6e0xef0x550x550x550x000x00
Fault Model: Random bit-flip
base address to flip value: 0x7fffffffd9c8
address max offset: 8
Memory content after  bitflip:0x180xf00x2f0x320xe10xd00xc60x4b
frame name: BTreeNode::insertNonFull
symbol name: this
symbol filename: BTree_dup.cpp
symbol line: 0
value: 0x555555ef6e20
value address: 0x7fffffffd9c8
Type: The type is a pointer.
Type sizeof: 8

[INFO -- 2018-11-25 15:58:45]
Fault Injection Successful after 1.7051360607147217s
[INFO -- 2018-11-25 15:58:46]
event type: exit
[INFO -- 2018-11-25 15:58:46]
exit code: 0
