[INFO -- 2018-12-03 22:37:25]
sending 5 signals using command: 'killall -2 main' after 2.15840290656s
[INFO -- 2018-12-03 22:37:26]
sending 5 signals using command: 'killall -2 main' after 2.47631563996s
[INFO -- 2018-12-03 22:37:26]
sending 5 signals using command: 'killall -2 main' after 3.23947396389s
[INFO -- 2018-12-03 22:37:27]
Starting GDB script
[INFO -- 2018-12-03 22:37:27]
initSignal:0.0
[INFO -- 2018-12-03 22:37:27]
endSignal:5.0
[INFO -- 2018-12-03 22:37:27]
sending 5 signals using command: 'killall -2 main' after 0.271890397531s
[INFO -- 2018-12-03 22:37:27]
sending 5 signals using command: 'killall -2 main' after 0.413099728002s
[INFO -- 2018-12-03 22:37:27]
sending 5 signals using command: 'killall -2 main' after 0.729918562187s
[INFO -- 2018-12-03 22:37:30]
Execution finished before waitTime
