[INFO -- 2018-11-30 23:28:59]
Starting flip_value script
version: 1.1
[INFO -- 2018-11-30 23:28:59]
Initialization strings:
[INFO -- 2018-11-30 23:28:59]
(1) file /tmp/splay/main
[INFO -- 2018-11-30 23:28:59]
(2) set args /tmp/splay/input_100000 /tmp/splay/output_100000
[INFO -- 2018-11-30 23:28:59]
initSignal:0
[INFO -- 2018-11-30 23:28:59]
endSignal:5
[INFO -- 2018-11-30 23:28:59]
faultModel:4
[INFO -- 2018-11-30 23:28:59]
Backtrace BEGIN:
#0  0x00007ffff7cb6915 in _IO_new_file_xsputn (f=0x7ffff7e10760 <_IO_2_1_stdout_>, data=0x5555555700f0, n=16) at fileops.c:1218
#1  0x00007ffff7cab1d8 in __GI__IO_fwrite (buf=0x5555555700f0, size=1, count=16, fp=0x7ffff7e10760 <_IO_2_1_stdout_>) at libioP.h:839
#2  0x00007ffff7f42f54 in std::basic_ostream<char, std::char_traits<char> >& std::__ostream_insert<char, std::char_traits<char> >(std::basic_ostream<char, std::char_traits<char> >&, char const*, long) () from /usr/lib/x86_64-linux-gnu/libstdc++.so.6
#3  0x0000555555557e00 in std::operator<< <char, std::char_traits<char>, 16ul> (__os=..., __x=std::bitset = {...}) at /usr/include/c++/8/bitset:1543
#4  0x0000555555557ae8 in InOrder (root=0x555555649530) at splay.cpp:253
#5  0x0000555555557b0d in InOrder (root=0x55555585f030) at splay.cpp:254
#6  0x0000555555557b0d in InOrder (root=0x55555579ac30) at splay.cpp:254
#7  0x0000555555557abd in InOrder (root=0x555555877210) at splay.cpp:252
#8  0x0000555555557abd in InOrder (root=0x55555562aa50) at splay.cpp:252
#9  0x0000555555557abd in InOrder (root=0x5555555a1db0) at splay.cpp:252
#10 0x0000555555557abd in InOrder (root=0x55555587bf10) at splay.cpp:252
#11 0x0000555555557abd in InOrder (root=0x5555557e6af0) at splay.cpp:252
#12 0x0000555555557abd in InOrder (root=0x5555555fd230) at splay.cpp:252
#13 0x0000555555557abd in InOrder (root=0x55555587b810) at splay.cpp:252
#14 0x0000555555557b0d in InOrder (root=0x55555587dc50) at splay.cpp:254
#15 0x0000555555557b0d in InOrder (root=0x555555696ef0) at splay.cpp:254
#16 0x0000555555557abd in InOrder (root=0x55555587dcd0) at splay.cpp:252
#17 0x00005555555564fe in main (argc=3, argv=0x7fffffffdfb8) at main.cpp:35

1213	in fileops.c

Backtrace END
Fliping value of field: __uflow
Fliping a bit of the value pointed by a pointer
Memory content before bitflip:0x55
Fault Model: LSB bit-flip
base address to flip value: 0x7ffff7cb8f60 
address max offset: 1
Memory content after  bitflip:0x45
frame name: _IO_new_file_xsputn
symbol name: __GI__IO_file_jumps
symbol filename: fileops.c
symbol line: 1440
value: {__dummy = 0, __dummy2 = 0, __finish = 0x7ffff7cb6e30 <_IO_new_file_finish>, __overflow = 0x7ffff7cb7e00 <_IO_new_file_overflow>, __underflow = 0x7ffff7cb7b40 <_IO_new_file_underflow>, __uflow = 0x7ffff7cb8f60 <__GI__IO_default_uflow>, __pbackfail = 0x7ffff7cba5c0 <__GI__IO_default_pbackfail>, __xsputn = 0x7ffff7cb68f0 <_IO_new_file_xsputn>, __xsgetn = 0x7ffff7cb64c0 <__GI__IO_file_xsgetn>, __seekoff = 0x7ffff7cb5d20 <_IO_new_file_seekoff>, __seekpos = 0x7ffff7cb9610 <_IO_default_seekpos>, __setbuf = 0x7ffff7cb5740 <_IO_new_file_setbuf>, __sync = 0x7ffff7cb5640 <_IO_new_file_sync>, __doallocate = 0x7ffff7ca9c10 <__GI__IO_file_doallocate>, __read = 0x7ffff7cb68d0 <__GI__IO_file_read>, __write = 0x7ffff7cb6310 <_IO_new_file_write>, __seek = 0x7ffff7cb5a60 <__GI__IO_file_seek>, __close = 0x7ffff7cb5730 <__GI__IO_file_close>, __stat = 0x7ffff7cb6300 <__GI__IO_file_stat>, __showmanyc = 0x7ffff7cba740 <_IO_default_showmanyc>, __imbue = 0x7ffff7cba750 <_IO_default_imbue>}
value address: 0x7ffff7e0c2a0 <_IO_file_jumps>
Type: The type is a structure.
Type sizeof: 168
Field name: __dummy
Field Type: The type is an integer type.
Field Type sizeof: 8
Field name: __dummy2
Field Type: The type is an integer type.
Field Type sizeof: 8
Field name: __finish
Field Type: The type is a pointer.
Field Type sizeof: 8
Field name: __overflow
Field Type: The type is a pointer.
Field Type sizeof: 8
Field name: __underflow
Field Type: The type is a pointer.
Field Type sizeof: 8
Field name: __uflow
Field Type: The type is a pointer.
Field Type sizeof: 8
Field name: __pbackfail
Field Type: The type is a pointer.
Field Type sizeof: 8
Field name: __xsputn
Field Type: The type is a pointer.
Field Type sizeof: 8
Field name: __xsgetn
Field Type: The type is a pointer.
Field Type sizeof: 8
Field name: __seekoff
Field Type: The type is a pointer.
Field Type sizeof: 8
Field name: __seekpos
Field Type: The type is a pointer.
Field Type sizeof: 8
Field name: __setbuf
Field Type: The type is a pointer.
Field Type sizeof: 8
Field name: __sync
Field Type: The type is a pointer.
Field Type sizeof: 8
Field name: __doallocate
Field Type: The type is a pointer.
Field Type sizeof: 8
Field name: __read
Field Type: The type is a pointer.
Field Type sizeof: 8
Field name: __write
Field Type: The type is a pointer.
Field Type sizeof: 8
Field name: __seek
Field Type: The type is a pointer.
Field Type sizeof: 8
Field name: __close
Field Type: The type is a pointer.
Field Type sizeof: 8
Field name: __stat
Field Type: The type is a pointer.
Field Type sizeof: 8
Field name: __showmanyc
Field Type: The type is a pointer.
Field Type sizeof: 8
Field name: __imbue
Field Type: The type is a pointer.
Field Type sizeof: 8

[INFO -- 2018-11-30 23:28:59]
Fault Injection Successful after 0.7906289100646973s
[INFO -- 2018-11-30 23:28:59]
event type: exit
[INFO -- 2018-11-30 23:28:59]
exit code: 0
