[INFO -- 2018-12-01 11:03:17]
sending 5 signals using command: 'killall -2 main' after 2.51917593318s
[INFO -- 2018-12-01 11:03:18]
sending 5 signals using command: 'killall -2 main' after 3.5306277987s
[INFO -- 2018-12-01 11:03:19]
sending 5 signals using command: 'killall -2 main' after 3.63563420084s
[INFO -- 2018-12-01 11:03:19]
Starting GDB script
[INFO -- 2018-12-01 11:03:19]
initSignal:0.0
[INFO -- 2018-12-01 11:03:19]
endSignal:5.0
[INFO -- 2018-12-01 11:03:19]
sending 5 signals using command: 'killall -2 main' after 0.741401930641s
[INFO -- 2018-12-01 11:03:20]
sending 5 signals using command: 'killall -2 main' after 1.02640125894s
[INFO -- 2018-12-01 11:03:20]
sending 5 signals using command: 'killall -2 main' after 1.49970485417s
[INFO -- 2018-12-01 11:03:20]
Execution finished before waitTime
