[INFO -- 2018-10-16 21:41:39]
Starting flip_value script
version: 1.1
[INFO -- 2018-10-16 21:41:39]
Initialization strings:
[INFO -- 2018-10-16 21:41:39]
(1) file /tmp/RBTree/main
[INFO -- 2018-10-16 21:41:39]
(2) set args  /tmp/RBTree/input_ /tmp/RBTree/output_
[INFO -- 2018-10-16 21:41:39]
initSignal:0
[INFO -- 2018-10-16 21:41:39]
endSignal:2
[INFO -- 2018-10-16 21:41:39]
faultModel:4
[EXCEPTION -- 2018-10-16 21:41:39]
pythonException: Unable to exit loop in struct fields; Exiting wihtout making a bit flip
[INFO -- 2018-10-16 21:41:39]
Backtrace BEGIN:
#0  0x00007ffff7b5f6ff in std::ostream::sentry::sentry(std::ostream&) () from /usr/lib/x86_64-linux-gnu/libstdc++.so.6
#1  0x00007ffff7b5fd88 in std::basic_ostream<char, std::char_traits<char> >& std::__ostream_insert<char, std::char_traits<char> >(std::basic_ostream<char, std::char_traits<char> >&, char const*, long) () from /usr/lib/x86_64-linux-gnu/libstdc++.so.6
#2  0x00007ffff7b60207 in std::basic_ostream<char, std::char_traits<char> >& std::operator<< <std::char_traits<char> >(std::basic_ostream<char, std::char_traits<char> >&, char const*) () from /usr/lib/x86_64-linux-gnu/libstdc++.so.6
#3  0x00005555555577a7 in RBTree::inorderBST (this=0x7fffffffdc00, ptr=@0x555555804558: 0x5555557ef6d0) at RBTree.cpp:276
#4  0x000055555555776a in RBTree::inorderBST (this=0x7fffffffdc00, ptr=@0x5555558eb7c8: 0x555555804550) at RBTree.cpp:271
#5  0x000055555555776a in RBTree::inorderBST (this=0x7fffffffdc00, ptr=@0x5555557810c8: 0x5555558eb7c0) at RBTree.cpp:271
#6  0x000055555555776a in RBTree::inorderBST (this=0x7fffffffdc00, ptr=@0x5555557c16f0: 0x5555557810c0) at RBTree.cpp:271
#7  0x0000555555557804 in RBTree::inorderBST (this=0x7fffffffdc00, ptr=@0x555555777288: 0x5555557c16e0) at RBTree.cpp:279
#8  0x000055555555776a in RBTree::inorderBST (this=0x7fffffffdc00, ptr=@0x555555778100: 0x555555777280) at RBTree.cpp:271
#9  0x0000555555557804 in RBTree::inorderBST (this=0x7fffffffdc00, ptr=@0x555555773600: 0x5555557780f0) at RBTree.cpp:279
#10 0x0000555555557804 in RBTree::inorderBST (this=0x7fffffffdc00, ptr=@0x5555557724e8: 0x5555557735f0) at RBTree.cpp:279
#11 0x000055555555776a in RBTree::inorderBST (this=0x7fffffffdc00, ptr=@0x5555557714f8: 0x5555557724e0) at RBTree.cpp:271
#12 0x000055555555776a in RBTree::inorderBST (this=0x7fffffffdc00, ptr=@0x5555557719d8: 0x5555557714f0) at RBTree.cpp:271
#13 0x000055555555776a in RBTree::inorderBST (this=0x7fffffffdc00, ptr=@0x555555771410: 0x5555557719d0) at RBTree.cpp:271
#14 0x0000555555557804 in RBTree::inorderBST (this=0x7fffffffdc00, ptr=@0x55555576fa28: 0x555555771400) at RBTree.cpp:279
#15 0x000055555555776a in RBTree::inorderBST (this=0x7fffffffdc00, ptr=@0x55555576fe18: 0x55555576fa20) at RBTree.cpp:271
#16 0x000055555555776a in RBTree::inorderBST (this=0x7fffffffdc00, ptr=@0x555555770180: 0x55555576fe10) at RBTree.cpp:271
#17 0x0000555555557804 in RBTree::inorderBST (this=0x7fffffffdc00, ptr=@0x55555576fa58: 0x555555770170) at RBTree.cpp:279
#18 0x000055555555776a in RBTree::inorderBST (this=0x7fffffffdc00, ptr=@0x7fffffffdc00: 0x55555576fa50) at RBTree.cpp:271
#19 0x0000555555557841 in RBTree::inorder (this=0x7fffffffdc00) at RBTree.cpp:283
#20 0x000055555555564c in main (argc=3, argv=0x7fffffffdf38) at main.cpp:58

19	#include <fstream>
20	
21	using namespace std;
22	
23	int main(int argc, char * argv[]) {
24	
25	    if (argc != 3){
26	        cerr << "Uso correto: ./main [input file] [output file] " << endl;
27	        return 0;
28	    }

Backtrace END
Fliping a bit of the value pointed by a pointer
Fliping a bit of the pointer
Memory content before bitflip:0xa40xe20xff0xff0xff0x7f0x000x00
Fault Model: LSB bit-flip
base address to flip value: 0x7fffffffdf38
address max offset: 8
Memory content after  bitflip:0xa40xe20xff0xff0xff0x7f0x000x80
frame name: main
symbol name: argv
symbol filename: main.cpp
symbol line: 23
value: 0x7fffffffdf38
value address: 0x7fffffffdba0
Type: The type is a pointer.
Type sizeof: 8

[INFO -- 2018-10-16 21:41:39]
Fault Injection Successful after 0.5551087856292725s
[INFO -- 2018-10-16 21:41:39]
event type: exit
[INFO -- 2018-10-16 21:41:39]
exit code: 0
