[INFO -- 2018-11-25 23:04:39]
Starting flip_value script
version: 1.1
[INFO -- 2018-11-25 23:04:39]
Initialization strings:
[INFO -- 2018-11-25 23:04:39]
(1) file /tmp/BTree-dup/main
[INFO -- 2018-11-25 23:04:39]
(2)  set args /tmp/BTree-dup/input_100000 /tmp/BTree-dup/output_100000 /tmp/BTree-dup-detection.log /tmp/BTree-dup/output2_100000
[INFO -- 2018-11-25 23:04:39]
initSignal:0
[INFO -- 2018-11-25 23:04:39]
endSignal:2
[INFO -- 2018-11-25 23:04:39]
faultModel:1
[EXCEPTION -- 2018-11-25 23:04:40]
gdbException: Tentativo de desreferenciar um ponteiro genérico.
[INFO -- 2018-11-25 23:04:40]
Backtrace BEGIN:
#0  0x00007ffff7ad5fa0 in std::locale::id::_M_id() const@plt () from /usr/lib/x86_64-linux-gnu/libstdc++.so.6
#1  0x00007ffff7b53ed9 in ?? () from /usr/lib/x86_64-linux-gnu/libstdc++.so.6
#2  0x00007ffff7b58aef in std::istreambuf_iterator<char, std::char_traits<char> > std::num_get<char, std::istreambuf_iterator<char, std::char_traits<char> > >::_M_extract_int<long>(std::istreambuf_iterator<char, std::char_traits<char> >, std::istreambuf_iterator<char, std::char_traits<char> >, std::ios_base&, std::_Ios_Iostate&, long&) const () from /usr/lib/x86_64-linux-gnu/libstdc++.so.6
#3  0x00007ffff7b479b6 in std::istream::operator>>(int&) () from /usr/lib/x86_64-linux-gnu/libstdc++.so.6
#4  0x0000555555557742 in std::istream_iterator<int, char, std::char_traits<char>, long>::_M_read (this=0x7fffffffd960) at /usr/include/c++/7/bits/stream_iterator.h:121
#5  0x0000555555557ab2 in std::istream_iterator<int, char, std::char_traits<char>, long>::operator++ (this=0x7fffffffd960) at /usr/include/c++/7/bits/stream_iterator.h:95
#6  0x00005555555579f3 in std::vector<int, std::allocator<int> >::_M_range_initialize<std::istream_iterator<int, char, std::char_traits<char>, long> > (this=0x7fffffffdaa0, __first=..., __last=...) at /usr/include/c++/7/bits/stl_vector.h:1308
#7  0x0000555555557882 in std::vector<int, std::allocator<int> >::_M_initialize_dispatch<std::istream_iterator<int, char, std::char_traits<char>, long> > (this=0x7fffffffdaa0, __first=..., __last=...) at /usr/include/c++/7/bits/stl_vector.h:1299
#8  0x0000555555557569 in std::vector<int, std::allocator<int> >::vector<std::istream_iterator<int, char, std::char_traits<char>, long>, void> (this=0x7fffffffdaa0, __first=..., __last=..., __a=...) at /usr/include/c++/7/bits/stl_vector.h:414
#9  0x0000555555556bbc in runner (input=0x7fffffffe22a "/tmp/BTree-dup/input_100000") at BTree_dup.cpp:660
#10 0x0000555555556f7a in main (argc=5, argv=0x7fffffffde68) at BTree_dup.cpp:712

2284	in rtld.c

Backtrace END
Memory content before bitflip:0xee0x0e0x000x000x000x000x000x00
Fault Model: Double bit-flip
base address to flip value: 0x7fffffffdd28
address max offset: 8
Memory content after  bitflip:0xee0x0e0x000x500x000x000x000x00
frame name: main
symbol name: start_time
symbol filename: BTree_dup.cpp
symbol line: 698
value: 1342181102
value address: 0x7fffffffdd28
Type: The type is an integer type.
Type sizeof: 8

[INFO -- 2018-11-25 23:04:40]
Fault Injection Successful after 1.9136168956756592s
[INFO -- 2018-11-25 23:04:41]
event type: exit
[INFO -- 2018-11-25 23:04:41]
exit code: 0
