[INFO -- 2018-11-25 21:51:25]
Starting flip_value script
version: 1.1
[INFO -- 2018-11-25 21:51:25]
Initialization strings:
[INFO -- 2018-11-25 21:51:25]
(1) file /tmp/BTree-dup/main
[INFO -- 2018-11-25 21:51:25]
(2)  set args /tmp/BTree-dup/input_100000 /tmp/BTree-dup/output_100000 /tmp/BTree-dup-detection.log /tmp/BTree-dup/output2_100000
[INFO -- 2018-11-25 21:51:25]
initSignal:0
[INFO -- 2018-11-25 21:51:25]
endSignal:2
[INFO -- 2018-11-25 21:51:25]
faultModel:0
[EXCEPTION -- 2018-11-25 21:51:26]
gdbException: Tentativo de desreferenciar um ponteiro genérico.
[INFO -- 2018-11-25 21:51:27]
event type: exit
[INFO -- 2018-11-25 21:51:27]
exit code: 0
