[INFO -- 2018-12-01 07:21:08]
Starting flip_value script
version: 1.1
[INFO -- 2018-12-01 07:21:08]
Initialization strings:
[INFO -- 2018-12-01 07:21:08]
(1) file /tmp/splay/main
[INFO -- 2018-12-01 07:21:08]
(2) set args /tmp/splay/input_100000 /tmp/splay/output_100000
[INFO -- 2018-12-01 07:21:08]
initSignal:0
[INFO -- 2018-12-01 07:21:08]
endSignal:5
[INFO -- 2018-12-01 07:21:08]
faultModel:0
[EXCEPTION -- 2018-12-01 07:21:08]
pythonException: Unable to exit loop in struct fields; Exiting wihtout making a bit flip
[INFO -- 2018-12-01 07:21:08]
Backtrace BEGIN:
#0  Splay (key=154570, root=0x55555580d150) at splay.cpp:83
#1  0x0000555555557916 in Insert (key=154570, root=0x55555580d630) at splay.cpp:145
#2  0x00005555555564bb in main (argc=3, argv=0x7fffffffdfb8) at main.cpp:31

78			}
79			else if(key > root->key)
80			{
81				if(!root->rchild)
82					break;
83				if(key > root->rchild->key)
84				{
85					root = LL_Rotate(root);/* only zag-zag mode need to rotate once,
86											  because zag-zig mode is handled as zag
87											  mode, which doesn't require rotate, 

Backtrace END
Fliping a bit of the value pointed by a pointer
Fliping value of field: rchild
Fliping a bit of the value pointed by a pointer
Fliping value of field: key
Memory content before bitflip:0xa50xa10x470x00
Fault Model: Single bit-flip
base address to flip value: 0x55555580d570
address max offset: 4
Memory content after  bitflip:0xa50xa10xc70x00
frame name: Insert
symbol name: root
symbol filename: splay.cpp
symbol line: 132
value: 0x55555580d630
value address: 0x7fffffffdc10
Type: The type is a pointer.
Type sizeof: 8

[INFO -- 2018-12-01 07:21:08]
Fault Injection Successful after 0.9047584533691406s
[INFO -- 2018-12-01 07:21:09]
event type: exit
[INFO -- 2018-12-01 07:21:09]
exit code: 0
