[INFO -- 2018-11-26 01:25:48]
Starting flip_value script
version: 1.1
[INFO -- 2018-11-26 01:25:48]
Initialization strings:
[INFO -- 2018-11-26 01:25:48]
(1) file /tmp/BTree-dup/main
[INFO -- 2018-11-26 01:25:48]
(2)  set args /tmp/BTree-dup/input_100000 /tmp/BTree-dup/output_100000 /tmp/BTree-dup-detection.log /tmp/BTree-dup/output2_100000
[INFO -- 2018-11-26 01:25:48]
initSignal:0
[INFO -- 2018-11-26 01:25:48]
endSignal:2
[INFO -- 2018-11-26 01:25:48]
faultModel:1
[EXCEPTION -- 2018-11-26 01:25:48]
gdbException: Tentativo de desreferenciar um ponteiro genérico.
[INFO -- 2018-11-26 01:25:50]
Backtrace BEGIN:
#0  0x00005555555578ef in std::bitset<16ul>::_Unchecked_test (this=0x7fffffffdac0, __pos=13) at /usr/include/c++/7/bitset:1058
#1  0x0000555555557681 in std::bitset<16ul>::_M_copy_to_string<char, std::char_traits<char>, std::allocator<char> > (this=0x7fffffffdac0, __s='0' <repete 16 vezes>, __zero=48 '0', __one=49 '1') at /usr/include/c++/7/bitset:1409
#2  0x00005555555573d7 in std::operator<< <char, std::char_traits<char>, 16ul> (__os=..., __x=std::bitset = {...}) at /usr/include/c++/7/bitset:1538
#3  0x0000555555556912 in BTreeNode::traverse (this=0x555555e27400) at BTree_dup.cpp:594
#4  0x000055555555695f in BTreeNode::traverse (this=0x555555d28940) at BTree_dup.cpp:599
#5  0x000055555555695f in BTreeNode::traverse (this=0x555555e50f20) at BTree_dup.cpp:599
#6  0x000055555555695f in BTreeNode::traverse (this=0x555555c38880) at BTree_dup.cpp:599
#7  0x000055555555695f in BTreeNode::traverse (this=0x555555e99430) at BTree_dup.cpp:599
#8  0x00005555555568d7 in BTreeNode::traverse (this=0x555555ce1e10) at BTree_dup.cpp:593
#9  0x00005555555568d7 in BTreeNode::traverse (this=0x555555fbe5c0) at BTree_dup.cpp:593
#10 0x00005555555568d7 in BTreeNode::traverse (this=0x555555ce1f30) at BTree_dup.cpp:593
#11 0x00005555555568d7 in BTreeNode::traverse (this=0x555555ef6e20) at BTree_dup.cpp:593
#12 0x00005555555572bb in BTree::traverse (this=0x7fffffffdd50) at BTree_dup.cpp:139
#13 0x0000555555556ff9 in main (argc=5, argv=0x7fffffffde68) at BTree_dup.cpp:725

1053		return *this;
1054	      }
1055	
1056	      _GLIBCXX_CONSTEXPR bool
1057	      _Unchecked_test(size_t __pos) const _GLIBCXX_NOEXCEPT
1058	      { return ((this->_M_getword(__pos) & _Base::_S_maskbit(__pos))
1059			!= static_cast<_WordT>(0)); }
1060	      //@}
1061	
1062	      // Set, reset, and flip.

Backtrace END
Memory content before bitflip:0x020x000x000x00
Fault Model: Double bit-flip
base address to flip value: 0x7fffffffdbbc
address max offset: 4
Memory content after  bitflip:0x020x000x000x03
frame name: BTreeNode::traverse
symbol name: i
symbol filename: BTree_dup.cpp
symbol line: 587
value: 50331650
value address: 0x7fffffffdbbc
Type: The type is an integer type.
Type sizeof: 4

[INFO -- 2018-11-26 01:25:50]
Fault Injection Successful after 2.0827534198760986s
[INFO -- 2018-11-26 01:25:50]
event type: exit
[INFO -- 2018-11-26 01:25:50]
exit code: 0
