[INFO -- 2018-10-16 23:15:19]
sending 5 signals using command: 'killall -2 main' after 1.31237388863s
[INFO -- 2018-10-16 23:15:19]
sending 5 signals using command: 'killall -2 main' after 1.53130687458s
[INFO -- 2018-10-16 23:15:19]
sending 5 signals using command: 'killall -2 main' after 1.71053124227s
[INFO -- 2018-10-16 23:15:19]
Starting GDB script
[INFO -- 2018-10-16 23:15:19]
initSignal:0.0
[INFO -- 2018-10-16 23:15:19]
endSignal:2.0
[INFO -- 2018-10-16 23:15:20]
sending 5 signals using command: 'killall -2 main' after 0.301586456582s
[INFO -- 2018-10-16 23:15:20]
sending 5 signals using command: 'killall -2 main' after 0.494597232888s
[INFO -- 2018-10-16 23:15:20]
sending 5 signals using command: 'killall -2 main' after 0.766305950713s
[INFO -- 2018-10-16 23:15:20]
Execution finished before waitTime
