[INFO -- 2018-12-01 00:53:41]
Starting flip_value script
version: 1.1
[INFO -- 2018-12-01 00:53:41]
Initialization strings:
[INFO -- 2018-12-01 00:53:41]
(1) file /tmp/splay/main
[INFO -- 2018-12-01 00:53:41]
(2) set args /tmp/splay/input_100000 /tmp/splay/output_100000
[INFO -- 2018-12-01 00:53:41]
initSignal:0
[INFO -- 2018-12-01 00:53:41]
endSignal:5
[INFO -- 2018-12-01 00:53:41]
faultModel:0
[EXCEPTION -- 2018-12-01 00:53:41]
gdbException: Attempt to dereference a generic pointer.
[INFO -- 2018-12-01 00:53:41]
Backtrace BEGIN:
#0  Splay (key=1685899, root=0x55555557e990) at splay.cpp:79
#1  0x0000555555557916 in Insert (key=1685899, root=0x5555557db230) at splay.cpp:145
#2  0x00005555555564bb in main (argc=3, argv=0x7fffffffdfb8) at main.cpp:31

74				RightTreeMin->lchild = root;
75				RightTreeMin = RightTreeMin->lchild;
76				root = root->lchild;
77				RightTreeMin->lchild = NULL;
78			}
79			else if(key > root->key)
80			{
81				if(!root->rchild)
82					break;
83				if(key > root->rchild->key)

Backtrace END
Fliping a bit of the value pointed by a pointer
Fliping value of field: key
Memory content before bitflip:0xa40xff0x190x00
Fault Model: Single bit-flip
base address to flip value: 0x5555557db110
address max offset: 4
Memory content after  bitflip:0xa40xff0x590x00
frame name: Splay
symbol name: RightTreeMin
symbol filename: splay.cpp
symbol line: 51
value: 0x5555557db110
value address: 0x7fffffffdbd8
Type: The type is a pointer.
Type sizeof: 8

[INFO -- 2018-12-01 00:53:41]
Fault Injection Successful after 0.5201272964477539s
[INFO -- 2018-12-01 00:53:41]
event type: exit
[INFO -- 2018-12-01 00:53:41]
exit code: 0
