[INFO -- 2018-10-11 23:28:30]
Starting flip_value script
version: 1.1
[INFO -- 2018-10-11 23:28:30]
Initialization strings:
[INFO -- 2018-10-11 23:28:30]
(1) file /tmp/BTree/main
[INFO -- 2018-10-11 23:28:30]
(2)  set args /tmp/BTree/input_100000 /tmp/BTree/output_100000
[INFO -- 2018-10-11 23:28:30]
initSignal:0
[INFO -- 2018-10-11 23:28:30]
endSignal:2
[INFO -- 2018-10-11 23:28:30]
faultModel:3
[EXCEPTION -- 2018-10-11 23:28:31]
pythonException: Unable to exit loop in struct fields; Exiting wihtout making a bit flip
[INFO -- 2018-10-11 23:28:31]
Backtrace BEGIN:
#0  0x00007ffff7334154 in __GI___libc_write (fd=1, buf=0x555555bb83c0, nbytes=17) at ../sysdeps/unix/sysv/linux/write.c:27
#1  0x00007ffff72af1bd in _IO_new_file_write (f=0x7ffff7610760 <_IO_2_1_stdout_>, data=0x555555bb83c0, n=17) at fileops.c:1203
#2  0x00007ffff72b0f51 in new_do_write (to_do=17, data=0x555555bb83c0 "1110001000100011\n", fp=0x7ffff7610760 <_IO_2_1_stdout_>) at fileops.c:457
#3  _IO_new_do_write (fp=0x7ffff7610760 <_IO_2_1_stdout_>, data=0x555555bb83c0 "1110001000100011\n", to_do=17) at fileops.c:433
#4  0x00007ffff72ae788 in _IO_new_file_sync (fp=0x7ffff7610760 <_IO_2_1_stdout_>) at fileops.c:813
#5  0x00007ffff72a287d in __GI__IO_fflush (fp=0x7ffff7610760 <_IO_2_1_stdout_>) at iofflush.c:40
#6  0x00007ffff7b5ef5e in std::ostream::flush() () from /usr/lib/x86_64-linux-gnu/libstdc++.so.6
#7  0x00005555555563c7 in BTreeNode::traverse (this=0x555555b9ab10) at BTree.cpp:592
#8  0x0000555555556377 in BTreeNode::traverse (this=0x555555ba14d0) at BTree.cpp:591
#9  0x00005555555563ff in BTreeNode::traverse (this=0x5555557cffe0) at BTree.cpp:597
#10 0x0000555555556377 in BTreeNode::traverse (this=0x555555a3b180) at BTree.cpp:591
#11 0x0000555555556377 in BTreeNode::traverse (this=0x55555577abd0) at BTree.cpp:591
#12 0x0000555555556377 in BTreeNode::traverse (this=0x5555558ee8d0) at BTree.cpp:591
#13 0x0000555555556377 in BTreeNode::traverse (this=0x555555acc6e0) at BTree.cpp:591
#14 0x0000555555556377 in BTreeNode::traverse (this=0x555555812430) at BTree.cpp:591
#15 0x0000555555556377 in BTreeNode::traverse (this=0x555555a27320) at BTree.cpp:591
#16 0x0000555555556851 in BTree::traverse (this=0x7fffffffddc0) at BTree.cpp:137
#17 0x0000555555556630 in main (argc=3, argv=0x7fffffffded8) at BTree.cpp:668

22	in ../sysdeps/unix/sysv/linux/write.c

Backtrace END
Fliping value of field: t
Memory content before bitflip:0x030x000x000x00
Fault Model: Zero bit-flip
base address to flip value: 0x7fffffffddc8
address max offset: 4
Memory content after  bitflip:0x000x000x000x00
frame name: main
symbol name: t
symbol filename: BTree.cpp
symbol line: 653
value: {root = 0x555555a27320, t = 0}
value address: 0x7fffffffddc0
Type: The type is a structure.
Type sizeof: 16
Field name: root
Field Type: The type is a pointer.
Field Type sizeof: 8
Field name: t
Field Type: The type is an integer type.
Field Type sizeof: 4

[INFO -- 2018-10-11 23:28:31]
Fault Injection Successful after 1.0834574699401855s
[INFO -- 2018-10-11 23:28:31]
event type: exit
[INFO -- 2018-10-11 23:28:31]
exit code: 0
