[INFO -- 2018-10-12 01:28:31]
Starting flip_value script
version: 1.1
[INFO -- 2018-10-12 01:28:31]
Initialization strings:
[INFO -- 2018-10-12 01:28:31]
(1) file /tmp/BTree/main
[INFO -- 2018-10-12 01:28:31]
(2)  set args /tmp/BTree/input_100000 /tmp/BTree/output_100000
[INFO -- 2018-10-12 01:28:31]
initSignal:0
[INFO -- 2018-10-12 01:28:31]
endSignal:2
[INFO -- 2018-10-12 01:28:31]
faultModel:1
[INFO -- 2018-10-12 01:28:32]
Backtrace BEGIN:
#0  0x0000555555556a42 in std::bitset<16ul>::_Unchecked_test (this=0x7fffffffdb60, __pos=6) at /usr/include/c++/7/bitset:1057
#1  0x0000555555556a03 in std::bitset<16ul>::_M_copy_to_string<char, std::char_traits<char>, std::allocator<char> > (this=0x7fffffffdb60, __s="0001011110000000", __zero=48 '0', __one=49 '1') at /usr/include/c++/7/bitset:1409
#2  0x0000555555556943 in std::operator<< <char, std::char_traits<char>, 16ul> (__os=..., __x=std::bitset = {...}) at /usr/include/c++/7/bitset:1538
#3  0x00005555555563b2 in BTreeNode::traverse (this=0x555555b91330) at BTree.cpp:592
#4  0x0000555555556377 in BTreeNode::traverse (this=0x555555ae6cc0) at BTree.cpp:591
#5  0x0000555555556377 in BTreeNode::traverse (this=0x555555770dc0) at BTree.cpp:591
#6  0x0000555555556377 in BTreeNode::traverse (this=0x555555773eb0) at BTree.cpp:591
#7  0x0000555555556377 in BTreeNode::traverse (this=0x555555b18f70) at BTree.cpp:591
#8  0x00005555555563ff in BTreeNode::traverse (this=0x555555b19000) at BTree.cpp:597
#9  0x0000555555556377 in BTreeNode::traverse (this=0x555555a27290) at BTree.cpp:591
#10 0x0000555555556377 in BTreeNode::traverse (this=0x555555a273b0) at BTree.cpp:591
#11 0x00005555555563ff in BTreeNode::traverse (this=0x555555a27320) at BTree.cpp:597
#12 0x0000555555556851 in BTree::traverse (this=0x7fffffffddc0) at BTree.cpp:137
#13 0x0000555555556630 in main (argc=3, argv=0x7fffffffded8) at BTree.cpp:668

1052		this->_M_getword(__pos) ^= _Base::_S_maskbit(__pos);
1053		return *this;
1054	      }
1055	
1056	      _GLIBCXX_CONSTEXPR bool
1057	      _Unchecked_test(size_t __pos) const _GLIBCXX_NOEXCEPT
1058	      { return ((this->_M_getword(__pos) & _Base::_S_maskbit(__pos))
1059			!= static_cast<_WordT>(0)); }
1060	      //@}
1061	

Backtrace END
Memory content before bitflip:0x010x000x000x00
Fault Model: Double bit-flip
base address to flip value: 0x7fffffffdb5c
address max offset: 4
Memory content after  bitflip:0x010x000x480x00
frame name: BTreeNode::traverse
symbol name: i
symbol filename: BTree.cpp
symbol line: 585
value: 4718593
value address: 0x7fffffffdb5c
Type: The type is an integer type.
Type sizeof: 4

[INFO -- 2018-10-12 01:28:32]
Fault Injection Successful after 1.056638479232788s
[INFO -- 2018-10-12 01:28:32]
event type: exit
[INFO -- 2018-10-12 01:28:32]
exit code: 0
