[INFO -- 2018-12-01 02:29:47]
Starting flip_value script
version: 1.1
[INFO -- 2018-12-01 02:29:47]
Initialization strings:
[INFO -- 2018-12-01 02:29:47]
(1) file /tmp/splay/main
[INFO -- 2018-12-01 02:29:47]
(2) set args /tmp/splay/input_100000 /tmp/splay/output_100000
[INFO -- 2018-12-01 02:29:47]
initSignal:0
[INFO -- 2018-12-01 02:29:47]
endSignal:5
[INFO -- 2018-12-01 02:29:47]
faultModel:3
[EXCEPTION -- 2018-12-01 02:29:47]
pythonException: Unable to exit loop in struct fields; Exiting wihtout making a bit flip
[EXCEPTION -- 2018-12-01 02:29:48]
pythonException: Unable to exit loop in struct fields; Exiting wihtout making a bit flip
[INFO -- 2018-12-01 02:29:48]
event type: exit
[INFO -- 2018-12-01 02:29:48]
exit code: 0
