[INFO -- 2018-12-09 16:30:39]
Starting flip_value script
version: 1.1
[INFO -- 2018-12-09 16:30:39]
Initialization strings:
[INFO -- 2018-12-09 16:30:39]
(1) file /tmp/Tree234/main
[INFO -- 2018-12-09 16:30:39]
(2) set args /tmp/Tree234/input_100000 /tmp/Tree234/output_100000 /tmp/Tree234/detectionLog_100000.log /tmp/Tree234/output2_100000
[INFO -- 2018-12-09 16:30:39]
initSignal:0
[INFO -- 2018-12-09 16:30:39]
endSignal:5
[INFO -- 2018-12-09 16:30:39]
faultModel:4
[EXCEPTION -- 2018-12-09 16:30:40]
gdbException: Attempt to dereference a generic pointer.
[INFO -- 2018-12-09 16:30:41]
event type: exit
[INFO -- 2018-12-09 16:30:41]
exit code: 0
