[INFO -- 2018-10-16 19:05:06]
Starting flip_value script
version: 1.1
[INFO -- 2018-10-16 19:05:06]
Initialization strings:
[INFO -- 2018-10-16 19:05:06]
(1) file /tmp/RBTree/main
[INFO -- 2018-10-16 19:05:06]
(2) set args  /tmp/RBTree/input_ /tmp/RBTree/output_
[INFO -- 2018-10-16 19:05:06]
initSignal:0
[INFO -- 2018-10-16 19:05:06]
endSignal:2
[INFO -- 2018-10-16 19:05:06]
faultModel:4
[INFO -- 2018-10-16 19:05:06]
Backtrace BEGIN:
#0  _int_malloc (av=av@entry=0x7ffff760fc40 <main_arena>, bytes=bytes@entry=32) at malloc.c:4100
#1  0x00007ffff72bb0fc in __GI___libc_malloc (bytes=32) at malloc.c:3057
#2  0x00007ffff7adf1a8 in operator new(unsigned long) () from /usr/lib/x86_64-linux-gnu/libstdc++.so.6
#3  0x00005555555569d3 in RBTree::insertValue(int) ()
#4  0x0000555555555610 in main ()

4095	malloc.c: Arquivo ou diretório inexistente.

Backtrace END
Memory content before bitflip:0x000x000x000x00
Fault Model: LSB bit-flip
base address to flip value: 0x7ffff761190c 
address max offset: 4
Memory content after  bitflip:0x000x000x000x02
frame name: _int_malloc
symbol name: using_malloc_checking
symbol filename: hooks.c
symbol line: 53
value: 33554432
value address: 0x7ffff761190c <using_malloc_checking>
Type: The type is an integer type.
Type sizeof: 4

[INFO -- 2018-10-16 19:05:06]
Fault Injection Successful after 0.3759300708770752s
[INFO -- 2018-10-16 19:05:06]
event type: exit
[INFO -- 2018-10-16 19:05:06]
exit code: 0
