[INFO -- 2018-10-17 23:54:17]
Starting flip_value script
version: 1.1
[INFO -- 2018-10-17 23:54:17]
Initialization strings:
[INFO -- 2018-10-17 23:54:17]
(1) file /tmp/Tree234/main
[INFO -- 2018-10-17 23:54:17]
(2) set args /tmp/Tree234/input_50000 /tmp/Tree234/output_50000
[INFO -- 2018-10-17 23:54:17]
initSignal:0
[INFO -- 2018-10-17 23:54:17]
endSignal:2
[INFO -- 2018-10-17 23:54:17]
faultModel:0
[INFO -- 2018-10-17 23:54:17]
Backtrace BEGIN:
#0  strcmp () at ../sysdeps/x86_64/multiarch/../strcmp.S:203
#1  0x00007ffff7de0e14 in check_match (undef_name=undef_name@entry=0x7ffff7a880ba "_ZNKSt20__codecvt_utf16_baseIDiE10do_unshiftER11__mbstate_tPcS3_RS3_", ref=ref@entry=0x7ffff7a60ea0, version=version@entry=0x7ffff7fd83c0, flags=flags@entry=1, type_class=type_class@entry=0, sym=sym@entry=0x7ffff7a60ea0, symidx=615, strtab=0x7ffff7a7d2c8 "", map=0x7ffff7ff74d0, versioned_sym=0x7fffffffd9d8, num_versions=0x7fffffffd9d4) at dl-lookup.c:138
#2  0x00007ffff7de164b in do_lookup_x (undef_name=undef_name@entry=0x7ffff7a880ba "_ZNKSt20__codecvt_utf16_baseIDiE10do_unshiftER11__mbstate_tPcS3_RS3_", new_hash=new_hash@entry=1709423725, old_hash=old_hash@entry=0x7fffffffdaa0, ref=0x7ffff7a60ea0, result=result@entry=0x7fffffffdab0, scope=<optimized out>, i=1, version=0x7ffff7fd83c0, flags=1, skip=0x0, type_class=0, undef_map=0x7ffff7ff74d0) at dl-lookup.c:423
#3  0x00007ffff7de1b1f in _dl_lookup_symbol_x (undef_name=0x7ffff7a880ba "_ZNKSt20__codecvt_utf16_baseIDiE10do_unshiftER11__mbstate_tPcS3_RS3_", undef_map=undef_map@entry=0x7ffff7ff74d0, ref=ref@entry=0x7fffffffdc00, symbol_scope=symbol_scope@entry=0x7ffff7ff7828, version=0x7ffff7fd83c0, type_class=0, flags=1, skip_map=0x0) at dl-lookup.c:829
#4  0x00007ffff7de377d in elf_machine_rela (skip_ifunc=<optimized out>, reloc_addr_arg=0x7ffff7dca6b8, version=<optimized out>, sym=0x7ffff7a60ea0, reloc=0x7ffff7acbec0, map=0x7ffff7ff74d0) at ../sysdeps/x86_64/dl-machine.h:301
#5  elf_dynamic_do_Rela (skip_ifunc=<optimized out>, lazy=<optimized out>, nrelative=<optimized out>, relsize=<optimized out>, reladdr=<optimized out>, map=0x7ffff7ff74d0) at do-rel.h:137
#6  _dl_relocate_object (scope=<optimized out>, reloc_mode=<optimized out>, consider_profiling=<optimized out>, consider_profiling@entry=0) at dl-reloc.c:258
#7  0x00007ffff7ddb0db in dl_main (phdr=<optimized out>, phnum=<optimized out>, user_entry=<optimized out>, auxv=<optimized out>) at rtld.c:2109
#8  0x00007ffff7df0632 in _dl_sysdep_start (start_argptr=start_argptr@entry=0x7fffffffde70, dl_main=dl_main@entry=0x7ffff7dd91e0 <dl_main>) at ../elf/dl-sysdep.c:249
#9  0x00007ffff7dd8c2a in _dl_start_final (arg=0x7fffffffde70) at rtld.c:323
#10 _dl_start (arg=0x7fffffffde70) at rtld.c:429
#11 0x00007ffff7dd7c38 in _start () from /lib64/ld-linux-x86-64.so.2
#12 0x0000000000000003 in ?? ()
#13 0x00007fffffffe20c in ?? ()
#14 0x00007fffffffe21e in ?? ()
#15 0x00007fffffffe237 in ?? ()
#16 0x0000000000000000 in ?? ()

198	in ../sysdeps/x86_64/multiarch/../strcmp.S

Backtrace END
Memory content before bitflip:0x000x000x000x00
Fault Model: Single bit-flip
base address to flip value: 0x7ffff7ffe0b8 
address max offset: 4
Memory content after  bitflip:0x000x000x000x01
frame name: _dl_sysdep_start
symbol name: __libc_multiple_libcs
symbol filename: ../elf/dl-sysdep.c
symbol line: 58
value: 16777216
value address: 0x7ffff7ffe0b8 <__libc_multiple_libcs>
Type: The type is an integer type.
Type sizeof: 4

[INFO -- 2018-10-17 23:54:17]
Fault Injection Successful after 0.5251843929290771s
[INFO -- 2018-10-17 23:54:17]
event type: exit
[INFO -- 2018-10-17 23:54:17]
exit code: 0
