[INFO -- 2018-12-01 08:11:30]
Starting flip_value script
version: 1.1
[INFO -- 2018-12-01 08:11:30]
Initialization strings:
[INFO -- 2018-12-01 08:11:30]
(1) file /tmp/splay/main
[INFO -- 2018-12-01 08:11:30]
(2) set args /tmp/splay/input_100000 /tmp/splay/output_100000
[INFO -- 2018-12-01 08:11:30]
initSignal:0
[INFO -- 2018-12-01 08:11:30]
endSignal:5
[INFO -- 2018-12-01 08:11:30]
faultModel:0
[INFO -- 2018-12-01 08:11:30]
Backtrace BEGIN:
#0  Splay (key=4849667, root=0x55555562dad0) at splay.cpp:94
#1  0x0000555555557916 in Insert (key=4849667, root=0x55555562ed10) at splay.cpp:145
#2  0x00005555555564bb in main (argc=3, argv=0x7fffffffdfb8) at main.cpp:31

89					if(!root->rchild)
90						break;
91				}
92				/* Link to L Tree */
93				LeftTreeMax->rchild = root;
94				LeftTreeMax = LeftTreeMax->rchild;
95				root = root->rchild;
96				LeftTreeMax->rchild = NULL;
97			}
98			else

Backtrace END
Fliping a bit of the pointer
Memory content before bitflip:0x700xeb0x610x550x550x550x000x00
Fault Model: Single bit-flip
base address to flip value: 0x7fffffffdbd8
address max offset: 8
Memory content after  bitflip:0x300xeb0x610x550x550x550x000x00
frame name: Splay
symbol name: RightTreeMin
symbol filename: splay.cpp
symbol line: 51
value: 0x55555561eb70
value address: 0x7fffffffdbd8
Type: The type is a pointer.
Type sizeof: 8

[INFO -- 2018-12-01 08:11:30]
Fault Injection Successful after 0.495269775390625s
[INFO -- 2018-12-01 08:11:30]
event type: exit
[INFO -- 2018-12-01 08:11:30]
exit code: 0
