[INFO -- 2018-11-30 17:50:13]
Starting flip_value script
version: 1.1
[INFO -- 2018-11-30 17:50:13]
Initialization strings:
[INFO -- 2018-11-30 17:50:13]
(1) file /tmp/splay/main
[INFO -- 2018-11-30 17:50:13]
(2) set args /tmp/splay/input_100000 /tmp/splay/output_100000
[INFO -- 2018-11-30 17:50:13]
initSignal:0
[INFO -- 2018-11-30 17:50:13]
endSignal:5
[INFO -- 2018-11-30 17:50:13]
faultModel:0
[INFO -- 2018-11-30 17:50:14]
Backtrace BEGIN:
#0  0x0000555555557ab5 in InOrder (root=0x55555560e850) at splay.cpp:252
#1  0x0000555555557b0d in InOrder (root=0x555555769db0) at splay.cpp:254
#2  0x0000555555557b0d in InOrder (root=0x5555555d4530) at splay.cpp:254
#3  0x0000555555557b0d in InOrder (root=0x5555555ba570) at splay.cpp:254
#4  0x0000555555557abd in InOrder (root=0x55555582a4b0) at splay.cpp:252
#5  0x0000555555557b0d in InOrder (root=0x55555580a450) at splay.cpp:254
#6  0x0000555555557abd in InOrder (root=0x555555845030) at splay.cpp:252
#7  0x0000555555557b0d in InOrder (root=0x5555558688b0) at splay.cpp:254
#8  0x0000555555557b0d in InOrder (root=0x555555870710) at splay.cpp:254
#9  0x0000555555557b0d in InOrder (root=0x5555555e96f0) at splay.cpp:254
#10 0x0000555555557b0d in InOrder (root=0x5555555960b0) at splay.cpp:254
#11 0x0000555555557b0d in InOrder (root=0x5555556dbc90) at splay.cpp:254
#12 0x0000555555557b0d in InOrder (root=0x5555558788d0) at splay.cpp:254
#13 0x0000555555557b0d in InOrder (root=0x55555587c830) at splay.cpp:254
#14 0x0000555555557abd in InOrder (root=0x55555571a7f0) at splay.cpp:252
#15 0x0000555555557b0d in InOrder (root=0x55555571f9b0) at splay.cpp:254
#16 0x0000555555557b0d in InOrder (root=0x55555587d890) at splay.cpp:254
#17 0x0000555555557abd in InOrder (root=0x55555587dbd0) at splay.cpp:252
#18 0x0000555555557b0d in InOrder (root=0x55555568bd90) at splay.cpp:254
#19 0x0000555555557b0d in InOrder (root=0x55555587dcb0) at splay.cpp:254
#20 0x0000555555557b0d in InOrder (root=0x555555693810) at splay.cpp:254
#21 0x0000555555557b0d in InOrder (root=0x555555634c10) at splay.cpp:254
#22 0x0000555555557b0d in InOrder (root=0x55555587dcd0) at splay.cpp:254
#23 0x00005555555564fe in main (argc=3, argv=0x7fffffffdfb8) at main.cpp:35

247	
248	void InOrder(splay* root)
249	{
250		if(root)
251		{
252			InOrder(root->lchild);
253			std::cout<<std::bitset<16>(root->key)<<std::endl;
254			InOrder(root->rchild);
255		}
256	}

Backtrace END
Fliping a bit of the value pointed by a pointer
Fliping value of field: lchild
Fliping a bit of the value pointed by a pointer
Fliping value of field: key
Memory content before bitflip:0xe10xc80x470x00
Fault Model: Single bit-flip
base address to flip value: 0x5555557a24f0
address max offset: 4
Memory content after  bitflip:0xe00xc80x470x00
frame name: InOrder
symbol name: root
symbol filename: splay.cpp
symbol line: 248
value: 0x5555555d4530
value address: 0x7fffffffd848
Type: The type is a pointer.
Type sizeof: 8

[INFO -- 2018-11-30 17:50:14]
Fault Injection Successful after 1.1776471138000488s
[INFO -- 2018-11-30 17:50:14]
event type: exit
[INFO -- 2018-11-30 17:50:14]
exit code: 0
