[INFO -- 2018-10-12 02:02:12]
Starting flip_value script
version: 1.1
[INFO -- 2018-10-12 02:02:12]
Initialization strings:
[INFO -- 2018-10-12 02:02:12]
(1) file /tmp/BTree/main
[INFO -- 2018-10-12 02:02:12]
(2)  set args /tmp/BTree/input_100000 /tmp/BTree/output_100000
[INFO -- 2018-10-12 02:02:12]
initSignal:0
[INFO -- 2018-10-12 02:02:12]
endSignal:2
[INFO -- 2018-10-12 02:02:12]
faultModel:0
[EXCEPTION -- 2018-10-12 02:02:13]
pythonException: Unable to exit loop in struct fields; Exiting wihtout making a bit flip
[EXCEPTION -- 2018-10-12 02:02:13]
pythonException: Unable to exit loop in struct fields; Exiting wihtout making a bit flip
[INFO -- 2018-10-12 02:02:13]
event type: exit
[INFO -- 2018-10-12 02:02:13]
exit code: 0
