[INFO -- 2018-10-12 01:14:40]
Starting flip_value script
version: 1.1
[INFO -- 2018-10-12 01:14:40]
Initialization strings:
[INFO -- 2018-10-12 01:14:40]
(1) file /tmp/BTree/main
[INFO -- 2018-10-12 01:14:40]
(2)  set args /tmp/BTree/input_100000 /tmp/BTree/output_100000
[INFO -- 2018-10-12 01:14:40]
initSignal:0
[INFO -- 2018-10-12 01:14:40]
endSignal:2
[INFO -- 2018-10-12 01:14:40]
faultModel:4
[INFO -- 2018-10-12 01:14:40]
Backtrace BEGIN:
#0  0x000055555555600d in BTreeNode::insertNonFull (this=0x5555557a6700, k=1500255) at BTree.cpp:518
#1  0x00005555555560d9 in BTreeNode::insertNonFull (this=0x555555791b20, k=1500255) at BTree.cpp:533
#2  0x00005555555560d9 in BTreeNode::insertNonFull (this=0x555555812310, k=1500255) at BTree.cpp:533
#3  0x00005555555560d9 in BTreeNode::insertNonFull (this=0x55555579e990, k=1500255) at BTree.cpp:533
#4  0x00005555555560d9 in BTreeNode::insertNonFull (this=0x555555812430, k=1500255) at BTree.cpp:533
#5  0x0000555555555f18 in BTree::insert (this=0x7fffffffddc0, k=1500255) at BTree.cpp:487
#6  0x0000555555556601 in main (argc=3, argv=0x7fffffffded8) at BTree.cpp:665

513			n = n+1;
514		}
515		else // If this node is not leaf
516		{
517			// Find the child which is going to have the new key
518			while (i >= 0 && keys[i] > k)
519				i--;
520	
521			// See if the found child is full
522			if (C[i+1]->n == 2*t-1)

Backtrace END
Memory content before bitflip:0xff0xff0xff0xff
Fault Model: LSB bit-flip
base address to flip value: 0x7fffffffdd4c
address max offset: 4
Memory content after  bitflip:0xff0xff0xff0xbf
frame name: BTreeNode::insertNonFull
symbol name: i
symbol filename: BTree.cpp
symbol line: 497
value: -1073741825
value address: 0x7fffffffdd4c
Type: The type is an integer type.
Type sizeof: 4

[INFO -- 2018-10-12 01:14:40]
Fault Injection Successful after 0.5868937969207764s
[INFO -- 2018-10-12 01:14:40]
event type: exit
[INFO -- 2018-10-12 01:14:40]
exit code: 0
