[INFO -- 2018-10-12 00:35:51]
Starting flip_value script
version: 1.1
[INFO -- 2018-10-12 00:35:51]
Initialization strings:
[INFO -- 2018-10-12 00:35:51]
(1) file /tmp/BTree/main
[INFO -- 2018-10-12 00:35:51]
(2)  set args /tmp/BTree/input_100000 /tmp/BTree/output_100000
[INFO -- 2018-10-12 00:35:51]
initSignal:0
[INFO -- 2018-10-12 00:35:51]
endSignal:2
[INFO -- 2018-10-12 00:35:51]
faultModel:2
[INFO -- 2018-10-12 00:35:51]
Backtrace BEGIN:
#0  BTreeNode::splitChild (this=0x555555770790, i=2, y=0x5555557dda20) at BTree.cpp:562
#1  0x000055555555608d in BTreeNode::insertNonFull (this=0x555555770790, k=610536) at BTree.cpp:525
#2  0x00005555555560d9 in BTreeNode::insertNonFull (this=0x555555779a60, k=610536) at BTree.cpp:533
#3  0x00005555555560d9 in BTreeNode::insertNonFull (this=0x5555557b8280, k=610536) at BTree.cpp:533
#4  0x00005555555560d9 in BTreeNode::insertNonFull (this=0x555555812040, k=610536) at BTree.cpp:533
#5  0x00005555555560d9 in BTreeNode::insertNonFull (this=0x55555577ab40, k=610536) at BTree.cpp:533
#6  0x00005555555560d9 in BTreeNode::insertNonFull (this=0x55555579e990, k=610536) at BTree.cpp:533
#7  0x00005555555560d9 in BTreeNode::insertNonFull (this=0x555555812430, k=610536) at BTree.cpp:533
#8  0x0000555555555f18 in BTree::insert (this=0x7fffffffddc0, k=610536) at BTree.cpp:487
#9  0x0000555555556601 in main (argc=3, argv=0x7fffffffded8) at BTree.cpp:665

557		// Reduce the number of keys in y
558		y->n = t - 1;
559	
560		// Since this node is going to have a new child,
561		// create space of new child
562		for (int j = n; j >= i+1; j--)
563			C[j+1] = C[j];
564	
565		// Link the new child to this node
566		C[i+1] = z;

Backtrace END
Memory content before bitflip:0xe80x500x090x00
Fault Model: Random bit-flip
base address to flip value: 0x7fffffffddb4
address max offset: 4
Memory content after  bitflip:0x590x340x810xd4
frame name: main
symbol name: number
symbol filename: BTree.cpp
symbol line: 663
value: -729729959
value address: 0x7fffffffddb4
Type: The type is an integer type.
Type sizeof: 4

[INFO -- 2018-10-12 00:35:51]
Fault Injection Successful after 0.801192045211792s
[INFO -- 2018-10-12 00:35:52]
event type: exit
[INFO -- 2018-10-12 00:35:52]
exit code: 0
