[INFO -- 2018-10-12 00:01:37]
Starting flip_value script
version: 1.1
[INFO -- 2018-10-12 00:01:37]
Initialization strings:
[INFO -- 2018-10-12 00:01:37]
(1) file /tmp/BTree/main
[INFO -- 2018-10-12 00:01:37]
(2)  set args /tmp/BTree/input_100000 /tmp/BTree/output_100000
[INFO -- 2018-10-12 00:01:37]
initSignal:0
[INFO -- 2018-10-12 00:01:37]
endSignal:2
[INFO -- 2018-10-12 00:01:37]
faultModel:3
[INFO -- 2018-10-12 00:01:38]
Backtrace BEGIN:
#0  0x0000555555556017 in BTreeNode::insertNonFull (this=0x55555580ebf0, k=1936084) at BTree.cpp:518
#1  0x00005555555560d9 in BTreeNode::insertNonFull (this=0x5555557d0cd0, k=1936084) at BTree.cpp:533
#2  0x00005555555560d9 in BTreeNode::insertNonFull (this=0x55555579e990, k=1936084) at BTree.cpp:533
#3  0x00005555555560d9 in BTreeNode::insertNonFull (this=0x555555812430, k=1936084) at BTree.cpp:533
#4  0x0000555555555f18 in BTree::insert (this=0x7fffffffddc0, k=1936084) at BTree.cpp:487
#5  0x0000555555556601 in main (argc=3, argv=0x7fffffffded8) at BTree.cpp:665

513			n = n+1;
514		}
515		else // If this node is not leaf
516		{
517			// Find the child which is going to have the new key
518			while (i >= 0 && keys[i] > k)
519				i--;
520	
521			// See if the found child is full
522			if (C[i+1]->n == 2*t-1)

Backtrace END
Memory content before bitflip:0xd40x8a0x1d0x00
Fault Model: Zero bit-flip
base address to flip value: 0x7fffffffddb4
address max offset: 4
Memory content after  bitflip:0x000x000x000x00
frame name: main
symbol name: number
symbol filename: BTree.cpp
symbol line: 663
value: 0
value address: 0x7fffffffddb4
Type: The type is an integer type.
Type sizeof: 4

[INFO -- 2018-10-12 00:01:38]
Fault Injection Successful after 1.373119831085205s
[INFO -- 2018-10-12 00:01:38]
event type: exit
[INFO -- 2018-10-12 00:01:38]
exit code: 0
