[INFO -- 2018-11-30 21:39:55]
Starting flip_value script
version: 1.1
[INFO -- 2018-11-30 21:39:55]
Initialization strings:
[INFO -- 2018-11-30 21:39:55]
(1) file /tmp/splay/main
[INFO -- 2018-11-30 21:39:55]
(2) set args /tmp/splay/input_100000 /tmp/splay/output_100000
[INFO -- 2018-11-30 21:39:55]
initSignal:0
[INFO -- 2018-11-30 21:39:55]
endSignal:5
[INFO -- 2018-11-30 21:39:55]
faultModel:4
[EXCEPTION -- 2018-11-30 21:39:56]
pythonException: empty range for randrange() (0,0, 0)
[INFO -- 2018-11-30 21:39:56]
Backtrace BEGIN:
#0  0x0000555555557c52 in std::_Base_bitset<1ul>::_S_whichbit (__pos=12) at /usr/include/c++/8/bitset:403
#1  0x0000555555557c6f in std::_Base_bitset<1ul>::_S_maskbit (__pos=12) at /usr/include/c++/8/bitset:407
#2  0x0000555555557f21 in std::bitset<16ul>::_Unchecked_test (this=0x7fffffffd610, __pos=12) at /usr/include/c++/8/bitset:1062
#3  0x0000555555557eb3 in std::bitset<16ul>::_M_copy_to_string<char, std::char_traits<char>, std::allocator<char> > (this=0x7fffffffd610, __s="011", '0' <repeats 13 times>, __zero=48 '0', __one=49 '1') at /usr/include/c++/8/bitset:1413
#4  0x0000555555557ded in std::operator<< <char, std::char_traits<char>, 16ul> (__os=..., __x=std::bitset = {...}) at /usr/include/c++/8/bitset:1542
#5  0x0000555555557ae8 in InOrder (root=0x55555567ecf0) at splay.cpp:253
#6  0x0000555555557b0d in InOrder (root=0x555555584f70) at splay.cpp:254
#7  0x0000555555557b0d in InOrder (root=0x5555557c0090) at splay.cpp:254
#8  0x0000555555557abd in InOrder (root=0x5555557f1530) at splay.cpp:252
#9  0x0000555555557abd in InOrder (root=0x5555555c3d30) at splay.cpp:252
#10 0x0000555555557b0d in InOrder (root=0x555555816390) at splay.cpp:254
#11 0x0000555555557abd in InOrder (root=0x555555592970) at splay.cpp:252
#12 0x0000555555557b0d in InOrder (root=0x55555570bc50) at splay.cpp:254
#13 0x0000555555557abd in InOrder (root=0x55555581dbd0) at splay.cpp:252
#14 0x0000555555557abd in InOrder (root=0x555555773b90) at splay.cpp:252
#15 0x0000555555557b0d in InOrder (root=0x5555558649d0) at splay.cpp:254
#16 0x0000555555557b0d in InOrder (root=0x555555869050) at splay.cpp:254
#17 0x0000555555557abd in InOrder (root=0x555555692930) at splay.cpp:252
#18 0x0000555555557abd in InOrder (root=0x555555870d30) at splay.cpp:252
#19 0x0000555555557b0d in InOrder (root=0x555555873090) at splay.cpp:254
#20 0x0000555555557b0d in InOrder (root=0x555555874510) at splay.cpp:254
#21 0x0000555555557b0d in InOrder (root=0x5555558785b0) at splay.cpp:254
#22 0x0000555555557b0d in InOrder (root=0x555555879410) at splay.cpp:254
#23 0x0000555555557b0d in InOrder (root=0x55555587cd50) at splay.cpp:254
#24 0x0000555555557b0d in InOrder (root=0x5555556dbef0) at splay.cpp:254
#25 0x0000555555557b0d in InOrder (root=0x55555587d7f0) at splay.cpp:254
#26 0x0000555555557b0d in InOrder (root=0x555555645730) at splay.cpp:254
#27 0x0000555555557abd in InOrder (root=0x5555557992b0) at splay.cpp:252
#28 0x0000555555557b0d in InOrder (root=0x55555587db30) at splay.cpp:254
#29 0x0000555555557abd in InOrder (root=0x55555587da30) at splay.cpp:252
#30 0x0000555555557abd in InOrder (root=0x55555587dbb0) at splay.cpp:252
#31 0x0000555555557abd in InOrder (root=0x5555557cfed0) at splay.cpp:252
#32 0x0000555555557b0d in InOrder (root=0x555555774190) at splay.cpp:254
#33 0x0000555555557b0d in InOrder (root=0x555555774870) at splay.cpp:254
#34 0x0000555555557abd in InOrder (root=0x55555587dcb0) at splay.cpp:252
#35 0x0000555555557b0d in InOrder (root=0x555555693810) at splay.cpp:254
#36 0x0000555555557b0d in InOrder (root=0x555555634c10) at splay.cpp:254
#37 0x0000555555557b0d in InOrder (root=0x55555587dcd0) at splay.cpp:254
#38 0x00005555555564fe in main (argc=3, argv=0x7fffffffdfb8) at main.cpp:35

398	      _S_whichbyte(size_t __pos) _GLIBCXX_NOEXCEPT
399	      { return (__pos % _GLIBCXX_BITSET_BITS_PER_WORD) / __CHAR_BIT__; }
400	
401	      static _GLIBCXX_CONSTEXPR size_t
402	      _S_whichbit(size_t __pos) _GLIBCXX_NOEXCEPT
403	      {  return __pos % _GLIBCXX_BITSET_BITS_PER_WORD; }
404	
405	      static _GLIBCXX_CONSTEXPR _WordT
406	      _S_maskbit(size_t __pos) _GLIBCXX_NOEXCEPT
407	      { return (static_cast<_WordT>(1)) << _S_whichbit(__pos); }

Backtrace END
Fliping value of field: _M_value
Memory content before bitflip:0x000x000x000x00
Fault Model: LSB bit-flip
base address to flip value: 0x7fffffffdc68
address max offset: 4
Memory content after  bitflip:0x000x000x000x10
frame name: main
symbol name: end
symbol filename: main.cpp
symbol line: 26
value: {<std::iterator<std::input_iterator_tag, int, long, int const*, int const&>> = {<No data fields>}, _M_stream = 0x0, _M_value = 268435456, _M_ok = false}
value address: 0x7fffffffdc60
Type: The type is a structure.
Type sizeof: 16
Field name: std::iterator<std::input_iterator_tag, int, long, int const*, int const&>
Field Type: The type is a structure.
Field Type sizeof: 1
Field name: _M_stream
Field Type: The type is a pointer.
Field Type sizeof: 8
Field name: _M_value
Field Type: The type is an integer type.
Field Type sizeof: 4
Field name: _M_ok
Field Type: A boolean type.
Field Type sizeof: 1

[INFO -- 2018-11-30 21:39:56]
Fault Injection Successful after 1.3658392429351807s
[INFO -- 2018-11-30 21:39:56]
event type: exit
[INFO -- 2018-11-30 21:39:56]
exit code: 0
