[INFO -- 2018-10-17 21:12:30]
sending 5 signals using command: 'killall -2 main' after 1.07943674365s
[INFO -- 2018-10-17 21:12:30]
sending 5 signals using command: 'killall -2 main' after 1.64586952202s
[INFO -- 2018-10-17 21:12:30]
sending 5 signals using command: 'killall -2 main' after 1.76424812377s
[INFO -- 2018-10-17 21:12:31]
Starting GDB script
[INFO -- 2018-10-17 21:12:31]
initSignal:0.0
[INFO -- 2018-10-17 21:12:31]
endSignal:2.0
[INFO -- 2018-10-17 21:12:31]
sending 5 signals using command: 'killall -2 main' after 0.137439404787s
[INFO -- 2018-10-17 21:12:31]
sending 5 signals using command: 'killall -2 main' after 0.269481461959s
[INFO -- 2018-10-17 21:12:31]
sending 5 signals using command: 'killall -2 main' after 0.807204418308s
[INFO -- 2018-10-17 21:12:32]
Execution finished before waitTime
