[INFO -- 2018-11-25 16:44:55]
Starting flip_value script
version: 1.1
[INFO -- 2018-11-25 16:44:55]
Initialization strings:
[INFO -- 2018-11-25 16:44:55]
(1) file /tmp/BTree-dup/main
[INFO -- 2018-11-25 16:44:55]
(2)  set args /tmp/BTree-dup/input_100000 /tmp/BTree-dup/output_100000 /tmp/BTree-dup-detection.log /tmp/BTree-dup/output2_100000
[INFO -- 2018-11-25 16:44:55]
initSignal:0
[INFO -- 2018-11-25 16:44:55]
endSignal:2
[INFO -- 2018-11-25 16:44:55]
faultModel:1
[EXCEPTION -- 2018-11-25 16:44:56]
pythonException: Unable to exit loop in struct fields; Exiting wihtout making a bit flip
[INFO -- 2018-11-25 16:44:56]
Backtrace BEGIN:
#0  0x0000555555556c14 in runner (input=0x7fffffffe22a "/tmp/BTree-dup/input_100000") at BTree_dup.cpp:664
#1  0x0000555555556f7a in main (argc=5, argv=0x7fffffffde68) at BTree_dup.cpp:712

659	    istream_iterator<int> start(is), end;
660	    vector<int> v_nodes(start, end);
661	
662	    //insere na arvore
663	    for(int i = 0; i < v_nodes.size(); i++)
664	        bTree.insert(v_nodes[i]);
665	
666	    return bTree;
667	}
668	

Backtrace END
Fliping value of field: t
Memory content before bitflip:0x030x000x000x00
Fault Model: Double bit-flip
base address to flip value: 0x7fffffffdd58
address max offset: 4
Memory content after  bitflip:0x030x240x000x00
frame name: main
symbol name: bTree2
symbol filename: BTree_dup.cpp
symbol line: 705
value: {root = 0x0, t = 9219}
value address: 0x7fffffffdd50
Type: The type is a structure.
Type sizeof: 16
Field name: root
Field Type: The type is a pointer.
Field Type sizeof: 8
Field name: t
Field Type: The type is an integer type.
Field Type sizeof: 4

[INFO -- 2018-11-25 16:44:56]
Fault Injection Successful after 1.7677333354949951s
[INFO -- 2018-11-25 16:44:57]
event type: exit
[INFO -- 2018-11-25 16:44:57]
exit code: 0
