[INFO -- 2018-10-16 17:14:32]
Starting flip_value script
version: 1.1
[INFO -- 2018-10-16 17:14:32]
Initialization strings:
[INFO -- 2018-10-16 17:14:32]
(1) file /tmp/RBTree/main
[INFO -- 2018-10-16 17:14:32]
(2) set args  /tmp/RBTree/input_ /tmp/RBTree/output_
[INFO -- 2018-10-16 17:14:32]
initSignal:0
[INFO -- 2018-10-16 17:14:32]
endSignal:2
[INFO -- 2018-10-16 17:14:32]
faultModel:4
[INFO -- 2018-10-16 17:14:32]
Backtrace BEGIN:
#0  0x00007ffff72af955 in _IO_new_file_xsputn (f=0x7ffff7610760 <_IO_2_1_stdout_>, data=0x555555558760, n=1) at fileops.c:1233
#1  0x00007ffff72a3977 in __GI__IO_fwrite (buf=0x555555558760, size=1, count=1, fp=0x7ffff7610760 <_IO_2_1_stdout_>) at iofwrite.c:39
#2  0x00007ffff7b5fe94 in std::basic_ostream<char, std::char_traits<char> >& std::__ostream_insert<char, std::char_traits<char> >(std::basic_ostream<char, std::char_traits<char> >&, char const*, long) () from /usr/lib/x86_64-linux-gnu/libstdc++.so.6
#3  0x00007ffff7b60207 in std::basic_ostream<char, std::char_traits<char> >& std::operator<< <std::char_traits<char> >(std::basic_ostream<char, std::char_traits<char> >&, char const*) () from /usr/lib/x86_64-linux-gnu/libstdc++.so.6
#4  0x00005555555577a7 in RBTree::inorderBST(Node*&) ()
#5  0x000055555555776a in RBTree::inorderBST(Node*&) ()
#6  0x000055555555776a in RBTree::inorderBST(Node*&) ()
#7  0x0000555555557804 in RBTree::inorderBST(Node*&) ()
#8  0x0000555555557804 in RBTree::inorderBST(Node*&) ()
#9  0x000055555555776a in RBTree::inorderBST(Node*&) ()
#10 0x000055555555776a in RBTree::inorderBST(Node*&) ()
#11 0x000055555555776a in RBTree::inorderBST(Node*&) ()
#12 0x0000555555557804 in RBTree::inorderBST(Node*&) ()
#13 0x000055555555776a in RBTree::inorderBST(Node*&) ()
#14 0x000055555555776a in RBTree::inorderBST(Node*&) ()
#15 0x000055555555776a in RBTree::inorderBST(Node*&) ()
#16 0x000055555555776a in RBTree::inorderBST(Node*&) ()
#17 0x0000555555557804 in RBTree::inorderBST(Node*&) ()
#18 0x0000555555557841 in RBTree::inorder() ()
#19 0x000055555555564c in main ()

1228	fileops.c: Arquivo ou diretório inexistente.

Backtrace END
Fliping value of field: __dummy
Memory content before bitflip:0x000x000x000x000x000x000x000x00
Fault Model: LSB bit-flip
base address to flip value: 0x7ffff760c2a0 
address max offset: 8
Memory content after  bitflip:0x000x000x000x000x000x000x000x01
frame name: _IO_new_file_xsputn
symbol name: __GI__IO_file_jumps
symbol filename: fileops.c
symbol line: 1455
value: {__dummy = 72057594037927936, __dummy2 = 0, __finish = 0x7ffff72b0330 <_IO_new_file_finish>, __overflow = 0x7ffff72b1300 <_IO_new_file_overflow>, __underflow = 0x7ffff72b1020 <_IO_new_file_underflow>, __uflow = 0x7ffff72b23c0 <__GI__IO_default_uflow>, __pbackfail = 0x7ffff72b3c50 <__GI__IO_default_pbackfail>, __xsputn = 0x7ffff72af930 <_IO_new_file_xsputn>, __xsgetn = 0x7ffff72af590 <__GI__IO_file_xsgetn>, __seekoff = 0x7ffff72aeb90 <_IO_new_file_seekoff>, __seekpos = 0x7ffff72b2990 <_IO_default_seekpos>, __setbuf = 0x7ffff72ae850 <_IO_new_file_setbuf>, __sync = 0x7ffff72ae6d0 <_IO_new_file_sync>, __doallocate = 0x7ffff72a2100 <__GI__IO_file_doallocate>, __read = 0x7ffff72af910 <__GI__IO_file_read>, __write = 0x7ffff72af190 <_IO_new_file_write>, __seek = 0x7ffff72ae910 <__GI__IO_file_seek>, __close = 0x7ffff72ae840 <__GI__IO_file_close>, __stat = 0x7ffff72af180 <__GI__IO_file_stat>, __showmanyc = 0x7ffff72b3dd0 <_IO_default_showmanyc>, __imbue = 0x7ffff72b3de0 <_IO_default_imbue>}
value address: 0x7ffff760c2a0 <_IO_file_jumps>
Type: The type is a structure.
Type sizeof: 168
Field name: __dummy
Field Type: The type is an integer type.
Field Type sizeof: 8
Field name: __dummy2
Field Type: The type is an integer type.
Field Type sizeof: 8
Field name: __finish
Field Type: The type is a pointer.
Field Type sizeof: 8
Field name: __overflow
Field Type: The type is a pointer.
Field Type sizeof: 8
Field name: __underflow
Field Type: The type is a pointer.
Field Type sizeof: 8
Field name: __uflow
Field Type: The type is a pointer.
Field Type sizeof: 8
Field name: __pbackfail
Field Type: The type is a pointer.
Field Type sizeof: 8
Field name: __xsputn
Field Type: The type is a pointer.
Field Type sizeof: 8
Field name: __xsgetn
Field Type: The type is a pointer.
Field Type sizeof: 8
Field name: __seekoff
Field Type: The type is a pointer.
Field Type sizeof: 8
Field name: __seekpos
Field Type: The type is a pointer.
Field Type sizeof: 8
Field name: __setbuf
Field Type: The type is a pointer.
Field Type sizeof: 8
Field name: __sync
Field Type: The type is a pointer.
Field Type sizeof: 8
Field name: __doallocate
Field Type: The type is a pointer.
Field Type sizeof: 8
Field name: __read
Field Type: The type is a pointer.
Field Type sizeof: 8
Field name: __write
Field Type: The type is a pointer.
Field Type sizeof: 8
Field name: __seek
Field Type: The type is a pointer.
Field Type sizeof: 8
Field name: __close
Field Type: The type is a pointer.
Field Type sizeof: 8
Field name: __stat
Field Type: The type is a pointer.
Field Type sizeof: 8
Field name: __showmanyc
Field Type: The type is a pointer.
Field Type sizeof: 8
Field name: __imbue
Field Type: The type is a pointer.
Field Type sizeof: 8

[INFO -- 2018-10-16 17:14:32]
Fault Injection Successful after 0.37725353240966797s
[INFO -- 2018-10-16 17:14:32]
event type: exit
[INFO -- 2018-10-16 17:14:32]
exit code: 0
