[INFO -- 2018-11-30 18:37:27]
Starting flip_value script
version: 1.1
[INFO -- 2018-11-30 18:37:27]
Initialization strings:
[INFO -- 2018-11-30 18:37:27]
(1) file /tmp/splay/main
[INFO -- 2018-11-30 18:37:27]
(2) set args /tmp/splay/input_100000 /tmp/splay/output_100000
[INFO -- 2018-11-30 18:37:27]
initSignal:0
[INFO -- 2018-11-30 18:37:27]
endSignal:5
[INFO -- 2018-11-30 18:37:27]
faultModel:1
[INFO -- 2018-11-30 18:37:28]
Backtrace BEGIN:
#0  Splay (key=1512512, root=0x555555629570) at splay.cpp:62
#1  0x0000555555557916 in Insert (key=1512512, root=0x55555562a1f0) at splay.cpp:145
#2  0x00005555555564bb in main (argc=3, argv=0x7fffffffdfb8) at main.cpp:31

57		 */
58		while(1)
59		{
60			if(key < root->key)
61			{
62				if(!root->lchild)
63					break;
64				if(key < root->lchild->key)
65				{
66					root = RR_Rotate(root); /* only zig-zig mode need to rotate once,

Backtrace END
Fliping value of field: _M_value
Memory content before bitflip:0x4a0xcf0x100x00
Fault Model: Double bit-flip
base address to flip value: 0x7fffffffdc58
address max offset: 4
Memory content after  bitflip:0x5e0xcf0x100x00
frame name: main
symbol name: start
symbol filename: main.cpp
symbol line: 26
value: {<std::iterator<std::input_iterator_tag, int, long, int const*, int const&>> = {<No data fields>}, _M_stream = 0x7fffffffdcb0, _M_value = 1101662, _M_ok = true}
value address: 0x7fffffffdc50
Type: The type is a structure.
Type sizeof: 16
Field name: std::iterator<std::input_iterator_tag, int, long, int const*, int const&>
Field Type: The type is a structure.
Field Type sizeof: 1
Field name: _M_stream
Field Type: The type is a pointer.
Field Type sizeof: 8
Field name: _M_value
Field Type: The type is an integer type.
Field Type sizeof: 4
Field name: _M_ok
Field Type: A boolean type.
Field Type sizeof: 1

[INFO -- 2018-11-30 18:37:28]
Fault Injection Successful after 1.1748027801513672s
[INFO -- 2018-11-30 18:37:28]
event type: exit
[INFO -- 2018-11-30 18:37:28]
exit code: 0
