[INFO -- 2018-10-12 01:58:17]
Starting flip_value script
version: 1.1
[INFO -- 2018-10-12 01:58:17]
Initialization strings:
[INFO -- 2018-10-12 01:58:17]
(1) file /tmp/BTree/main
[INFO -- 2018-10-12 01:58:17]
(2)  set args /tmp/BTree/input_100000 /tmp/BTree/output_100000
[INFO -- 2018-10-12 01:58:17]
initSignal:0
[INFO -- 2018-10-12 01:58:17]
endSignal:2
[INFO -- 2018-10-12 01:58:17]
faultModel:1
[INFO -- 2018-10-12 01:58:18]
Backtrace BEGIN:
#0  0x00005555555567ca in std::_Base_bitset<1ul>::_S_maskbit (__pos=140737488345952) at /usr/include/c++/7/bitset:402
#1  0x0000555555556a71 in std::bitset<16ul>::_Unchecked_test (this=0x7fffffffdb60, __pos=1) at /usr/include/c++/7/bitset:1058
#2  0x0000555555556a03 in std::bitset<16ul>::_M_copy_to_string<char, std::char_traits<char>, std::allocator<char> > (this=0x7fffffffdb60, __s="0001100110101100", __zero=48 '0', __one=49 '1') at /usr/include/c++/7/bitset:1409
#3  0x0000555555556943 in std::operator<< <char, std::char_traits<char>, 16ul> (__os=..., __x=std::bitset = {...}) at /usr/include/c++/7/bitset:1538
#4  0x00005555555563b2 in BTreeNode::traverse (this=0x55555585e7b0) at BTree.cpp:592
#5  0x00005555555563ff in BTreeNode::traverse (this=0x555555a0f2f0) at BTree.cpp:597
#6  0x0000555555556377 in BTreeNode::traverse (this=0x555555adec80) at BTree.cpp:591
#7  0x0000555555556377 in BTreeNode::traverse (this=0x55555586fd90) at BTree.cpp:591
#8  0x00005555555563ff in BTreeNode::traverse (this=0x55555581afb0) at BTree.cpp:597
#9  0x00005555555563ff in BTreeNode::traverse (this=0x55555593c900) at BTree.cpp:597
#10 0x0000555555556377 in BTreeNode::traverse (this=0x5555559cdb00) at BTree.cpp:591
#11 0x00005555555563ff in BTreeNode::traverse (this=0x555555a273b0) at BTree.cpp:597
#12 0x00005555555563ff in BTreeNode::traverse (this=0x555555a27320) at BTree.cpp:597
#13 0x0000555555556851 in BTree::traverse (this=0x7fffffffddc0) at BTree.cpp:137
#14 0x0000555555556630 in main (argc=3, argv=0x7fffffffded8) at BTree.cpp:668

397	      static _GLIBCXX_CONSTEXPR size_t
398	      _S_whichbit(size_t __pos) _GLIBCXX_NOEXCEPT
399	      {  return __pos % _GLIBCXX_BITSET_BITS_PER_WORD; }
400	
401	      static _GLIBCXX_CONSTEXPR _WordT
402	      _S_maskbit(size_t __pos) _GLIBCXX_NOEXCEPT
403	      { return (static_cast<_WordT>(1)) << _S_whichbit(__pos); }
404	
405	      _WordT&
406	      _M_getword(size_t) _GLIBCXX_NOEXCEPT

Backtrace END
Memory content before bitflip:0x030x000x000x00
Fault Model: Double bit-flip
base address to flip value: 0x7fffffffdb9c
address max offset: 4
Memory content after  bitflip:0x0a0x000x000x00
frame name: BTreeNode::traverse
symbol name: i
symbol filename: BTree.cpp
symbol line: 585
value: 10
value address: 0x7fffffffdb9c
Type: The type is an integer type.
Type sizeof: 4

[INFO -- 2018-10-12 01:58:18]
Fault Injection Successful after 1.4260611534118652s
[INFO -- 2018-10-12 01:58:18]
event type: exit
[INFO -- 2018-10-12 01:58:18]
exit code: 0
