[INFO -- 2018-11-25 23:32:57]
Starting flip_value script
version: 1.1
[INFO -- 2018-11-25 23:32:57]
Initialization strings:
[INFO -- 2018-11-25 23:32:57]
(1) file /tmp/BTree-dup/main
[INFO -- 2018-11-25 23:32:57]
(2)  set args /tmp/BTree-dup/input_100000 /tmp/BTree-dup/output_100000 /tmp/BTree-dup-detection.log /tmp/BTree-dup/output2_100000
[INFO -- 2018-11-25 23:32:57]
initSignal:0
[INFO -- 2018-11-25 23:32:57]
endSignal:2
[INFO -- 2018-11-25 23:32:57]
faultModel:3
[EXCEPTION -- 2018-11-25 23:33:00]
pythonException: Unable to exit loop in struct fields; Exiting wihtout making a bit flip
[INFO -- 2018-11-25 23:33:00]
Backtrace BEGIN:
#0  0x000055555555722e in std::_Base_bitset<1ul>::_S_whichbit (__pos=4) at /usr/include/c++/7/bitset:399
#1  0x000055555555724b in std::_Base_bitset<1ul>::_S_maskbit (__pos=4) at /usr/include/c++/7/bitset:403
#2  0x000055555555790d in std::bitset<16ul>::_Unchecked_test (this=0x7fffffffdac0, __pos=4) at /usr/include/c++/7/bitset:1058
#3  0x0000555555557681 in std::bitset<16ul>::_M_copy_to_string<char, std::char_traits<char>, std::allocator<char> > (this=0x7fffffffdac0, __s="1010101001100000", __zero=48 '0', __one=49 '1') at /usr/include/c++/7/bitset:1409
#4  0x00005555555573d7 in std::operator<< <char, std::char_traits<char>, 16ul> (__os=..., __x=std::bitset = {...}) at /usr/include/c++/7/bitset:1538
#5  0x0000555555556912 in BTreeNode::traverse (this=0x555555c32e80) at BTree_dup.cpp:594
#6  0x00005555555568d7 in BTreeNode::traverse (this=0x55555602b340) at BTree_dup.cpp:593
#7  0x00005555555568d7 in BTreeNode::traverse (this=0x555556048aa0) at BTree_dup.cpp:593
#8  0x000055555555695f in BTreeNode::traverse (this=0x555555e9c7f0) at BTree_dup.cpp:599
#9  0x00005555555568d7 in BTreeNode::traverse (this=0x555555bee3f0) at BTree_dup.cpp:593
#10 0x00005555555568d7 in BTreeNode::traverse (this=0x555555e9d570) at BTree_dup.cpp:593
#11 0x00005555555568d7 in BTreeNode::traverse (this=0x555555e9d600) at BTree_dup.cpp:593
#12 0x000055555555695f in BTreeNode::traverse (this=0x555555ef6eb0) at BTree_dup.cpp:599
#13 0x000055555555695f in BTreeNode::traverse (this=0x555555ef6e20) at BTree_dup.cpp:599
#14 0x00005555555572bb in BTree::traverse (this=0x7fffffffdd50) at BTree_dup.cpp:139
#15 0x0000555555556ff9 in main (argc=5, argv=0x7fffffffde68) at BTree_dup.cpp:725

394	      _S_whichbyte(size_t __pos) _GLIBCXX_NOEXCEPT
395	      { return (__pos % _GLIBCXX_BITSET_BITS_PER_WORD) / __CHAR_BIT__; }
396	
397	      static _GLIBCXX_CONSTEXPR size_t
398	      _S_whichbit(size_t __pos) _GLIBCXX_NOEXCEPT
399	      {  return __pos % _GLIBCXX_BITSET_BITS_PER_WORD; }
400	
401	      static _GLIBCXX_CONSTEXPR _WordT
402	      _S_maskbit(size_t __pos) _GLIBCXX_NOEXCEPT
403	      { return (static_cast<_WordT>(1)) << _S_whichbit(__pos); }

Backtrace END
Memory content before bitflip:0x010x000x000x00
Fault Model: Zero bit-flip
base address to flip value: 0x7fffffffdafc
address max offset: 4
Memory content after  bitflip:0x000x000x000x00
frame name: BTreeNode::traverse
symbol name: i
symbol filename: BTree_dup.cpp
symbol line: 587
value: 0
value address: 0x7fffffffdafc
Type: The type is an integer type.
Type sizeof: 4

[INFO -- 2018-11-25 23:33:00]
Fault Injection Successful after 3.824033737182617s
[INFO -- 2018-11-25 23:33:01]
event type: exit
[INFO -- 2018-11-25 23:33:01]
exit code: 0
