[INFO -- 2018-10-16 20:19:18]
Starting flip_value script
version: 1.1
[INFO -- 2018-10-16 20:19:18]
Initialization strings:
[INFO -- 2018-10-16 20:19:18]
(1) file /tmp/RBTree/main
[INFO -- 2018-10-16 20:19:18]
(2) set args  /tmp/RBTree/input_ /tmp/RBTree/output_
[INFO -- 2018-10-16 20:19:18]
initSignal:0
[INFO -- 2018-10-16 20:19:18]
endSignal:2
[INFO -- 2018-10-16 20:19:18]
faultModel:4
[EXCEPTION -- 2018-10-16 20:19:19]
pythonException: Unable to exit loop in struct fields; Exiting wihtout making a bit flip
[INFO -- 2018-10-16 20:19:19]
Backtrace BEGIN:
#0  0x0000555555556901 in RBTree::insertBST (this=0x7fffffffdc00, root=@0x55555578ddf0: 0x5555557f6690, ptr=@0x7fffffffdb60: 0x5555558a5740) at RBTree.cpp:43
#1  0x0000555555556981 in RBTree::insertBST (this=0x7fffffffdc00, root=@0x555555784b50: 0x55555578dde0, ptr=@0x7fffffffdb60: 0x5555558a5740) at RBTree.cpp:47
#2  0x0000555555556981 in RBTree::insertBST (this=0x7fffffffdc00, root=@0x555555775158: 0x555555784b40, ptr=@0x7fffffffdb60: 0x5555558a5740) at RBTree.cpp:47
#3  0x000055555555692a in RBTree::insertBST (this=0x7fffffffdc00, root=@0x55555577a980: 0x555555775150, ptr=@0x7fffffffdb60: 0x5555558a5740) at RBTree.cpp:44
#4  0x0000555555556981 in RBTree::insertBST (this=0x7fffffffdc00, root=@0x5555557726a0: 0x55555577a970, ptr=@0x7fffffffdb60: 0x5555558a5740) at RBTree.cpp:47
#5  0x0000555555556981 in RBTree::insertBST (this=0x7fffffffdc00, root=@0x555555770c00: 0x555555772690, ptr=@0x7fffffffdb60: 0x5555558a5740) at RBTree.cpp:47
#6  0x0000555555556981 in RBTree::insertBST (this=0x7fffffffdc00, root=@0x5555557703b8: 0x555555770bf0, ptr=@0x7fffffffdb60: 0x5555558a5740) at RBTree.cpp:47
#7  0x000055555555692a in RBTree::insertBST (this=0x7fffffffdc00, root=@0x555555770540: 0x5555557703b0, ptr=@0x7fffffffdb60: 0x5555558a5740) at RBTree.cpp:44
#8  0x0000555555556981 in RBTree::insertBST (this=0x7fffffffdc00, root=@0x55555576fc38: 0x555555770530, ptr=@0x7fffffffdb60: 0x5555558a5740) at RBTree.cpp:47
#9  0x000055555555692a in RBTree::insertBST (this=0x7fffffffdc00, root=@0x555555770178: 0x55555576fc30, ptr=@0x7fffffffdb60: 0x5555558a5740) at RBTree.cpp:44
#10 0x000055555555692a in RBTree::insertBST (this=0x7fffffffdc00, root=@0x55555576fa58: 0x555555770170, ptr=@0x7fffffffdb60: 0x5555558a5740) at RBTree.cpp:44
#11 0x000055555555692a in RBTree::insertBST (this=0x7fffffffdc00, root=@0x7fffffffdc00: 0x55555576fa50, ptr=@0x7fffffffdb60: 0x5555558a5740) at RBTree.cpp:44
#12 0x00005555555569fe in RBTree::insertValue (this=0x7fffffffdc00, n=-18631) at RBTree.cpp:56
#13 0x0000555555555610 in main (argc=3, argv=0x7fffffffdf38) at main.cpp:54

38	
39	Node* RBTree::insertBST(Node *&root, Node *&ptr) {
40	    if (root == NULL)
41	        return ptr;
42	
43	    if (ptr->data < root->data) {
44	        root->left = insertBST(root->left, ptr);
45	        root->left->parent = root;
46	    } else if (ptr->data > root->data) {
47	        root->right = insertBST(root->right, ptr);

Backtrace END
Fliping a bit of the pointer
Memory content before bitflip:0x000xdc0xff0xff0xff0x7f0x000x00
Fault Model: LSB bit-flip
base address to flip value: 0x7fffffffd9e8
address max offset: 8
Memory content after  bitflip:0x000xdc0xff0xff0xff0x7f0x000x40
frame name: RBTree::insertBST
symbol name: this
symbol filename: RBTree.cpp
symbol line: 0
value: 0x7fffffffdc00
value address: 0x7fffffffd9e8
Type: The type is a pointer.
Type sizeof: 8

[INFO -- 2018-10-16 20:19:19]
Fault Injection Successful after 1.2597301006317139s
[INFO -- 2018-10-16 20:19:19]
event type: exit
[INFO -- 2018-10-16 20:19:19]
exit code: 0
