[INFO -- 2018-11-30 20:24:24]
sending 5 signals using command: 'killall -2 main' after 2.39687157369s
[INFO -- 2018-11-30 20:24:24]
sending 5 signals using command: 'killall -2 main' after 2.46799714552s
[INFO -- 2018-11-30 20:24:26]
sending 5 signals using command: 'killall -2 main' after 3.71329306542s
[INFO -- 2018-11-30 20:24:26]
Starting GDB script
[INFO -- 2018-11-30 20:24:26]
initSignal:0.0
[INFO -- 2018-11-30 20:24:26]
endSignal:5.0
[INFO -- 2018-11-30 20:24:26]
sending 5 signals using command: 'killall -2 main' after 0.0379097306894s
[INFO -- 2018-11-30 20:24:26]
sending 5 signals using command: 'killall -2 main' after 0.453822266205s
[INFO -- 2018-11-30 20:24:26]
sending 5 signals using command: 'killall -2 main' after 0.59637563882s
[INFO -- 2018-11-30 20:24:27]
Execution finished before waitTime
