[INFO -- 2018-11-25 23:30:11]
Starting flip_value script
version: 1.1
[INFO -- 2018-11-25 23:30:11]
Initialization strings:
[INFO -- 2018-11-25 23:30:12]
(1) file /tmp/BTree-dup/main
[INFO -- 2018-11-25 23:30:12]
(2)  set args /tmp/BTree-dup/input_100000 /tmp/BTree-dup/output_100000 /tmp/BTree-dup-detection.log /tmp/BTree-dup/output2_100000
[INFO -- 2018-11-25 23:30:12]
initSignal:0
[INFO -- 2018-11-25 23:30:12]
endSignal:2
[INFO -- 2018-11-25 23:30:12]
faultModel:0
[INFO -- 2018-11-25 23:30:13]
Backtrace BEGIN:
#0  0x00007ffff7adf191 in operator new(unsigned long) () from /usr/lib/x86_64-linux-gnu/libstdc++.so.6
#1  0x000055555555588c in BTreeNode::BTreeNode (this=0x555555d782c0, t1=3, leaf1=false) at BTree_dup.cpp:164
#2  0x000055555555667b in BTreeNode::splitChild (this=0x555555d4a0c0, i=2, y=0x555555d04dc0) at BTree_dup.cpp:545
#3  0x00005555555565ed in BTreeNode::insertNonFull (this=0x555555d4a0c0, k=1142225) at BTree_dup.cpp:527
#4  0x0000555555556639 in BTreeNode::insertNonFull (this=0x555555c26f40, k=1142225) at BTree_dup.cpp:535
#5  0x0000555555556639 in BTreeNode::insertNonFull (this=0x555555d23600, k=1142225) at BTree_dup.cpp:535
#6  0x0000555555556639 in BTreeNode::insertNonFull (this=0x555555d366e0, k=1142225) at BTree_dup.cpp:535
#7  0x0000555555556639 in BTreeNode::insertNonFull (this=0x555555bee480, k=1142225) at BTree_dup.cpp:535
#8  0x0000555555556639 in BTreeNode::insertNonFull (this=0x555555ce1f30, k=1142225) at BTree_dup.cpp:535
#9  0x0000555555556478 in BTree::insert (this=0x7fffffffda50, k=1142225) at BTree_dup.cpp:489
#10 0x0000555555556c25 in runner (input=0x7fffffffe22a "/tmp/BTree-dup/input_100000") at BTree_dup.cpp:664
#11 0x0000555555556f7a in main (argc=5, argv=0x7fffffffde68) at BTree_dup.cpp:712

677	    {
678	        file1.getline(string1,256);
679	        file2.getline(string2,256);
680	        j++;
681	        if(strcmp(string1,string2) != 0)
682	        {
683	            if (fp = fopen(detectLog, "a")) {
684	                fprintf(fp, "[%d]: %s %s\n",j,string1,string2);
685	                fclose(fp);
686	            }

Backtrace END
Fliping value of field: _M_value
Memory content before bitflip:0x000x000x000x00
Fault Model: Single bit-flip
base address to flip value: 0x7fffffffda78
address max offset: 4
Memory content after  bitflip:0x000x000x010x00
frame name: runner
symbol name: end
symbol filename: BTree_dup.cpp
symbol line: 659
value: {<std::iterator<std::input_iterator_tag, int, long, int const*, int const&>> = {<No data fields>}, _M_stream = 0x0, _M_value = 65536, _M_ok = false}
value address: 0x7fffffffda70
Type: The type is a structure.
Type sizeof: 16
Field name: std::iterator<std::input_iterator_tag, int, long, int const*, int const&>
Field Type: The type is a structure.
Field Type sizeof: 1
Field name: _M_stream
Field Type: The type is a pointer.
Field Type sizeof: 8
Field name: _M_value
Field Type: The type is an integer type.
Field Type sizeof: 4
Field name: _M_ok
Field Type: A boolean type.
Field Type sizeof: 1

[INFO -- 2018-11-25 23:30:13]
Fault Injection Successful after 1.135150671005249s
[INFO -- 2018-11-25 23:30:14]
event type: exit
[INFO -- 2018-11-25 23:30:14]
exit code: 0
