[INFO -- 2018-12-09 01:27:14]
Starting flip_value script
version: 1.1
[INFO -- 2018-12-09 01:27:14]
Initialization strings:
[INFO -- 2018-12-09 01:27:14]
(1) file /tmp/Tree234/main
[INFO -- 2018-12-09 01:27:14]
(2) set args /tmp/Tree234/input_50000 /tmp/Tree234/output_50000
[INFO -- 2018-12-09 01:27:14]
initSignal:0
[INFO -- 2018-12-09 01:27:14]
endSignal:2
[INFO -- 2018-12-09 01:27:14]
faultModel:0
[INFO -- 2018-12-09 01:27:14]
Backtrace BEGIN:
#0  0x00007ffff72d1242 in _IO_new_file_xsputn (f=0x7ffff761d620 <_IO_2_1_stdout_>, data=0x7d7f20, n=16) at fileops.c:1319
#1  0x00007ffff72c67bb in __GI__IO_fwrite (buf=0x7d7f20, size=1, count=16, fp=0x7ffff761d620 <_IO_2_1_stdout_>) at iofwrite.c:39
#2  0x00007ffff7b63ec6 in std::basic_ostream<char, std::char_traits<char> >& std::__ostream_insert<char, std::char_traits<char> >(std::basic_ostream<char, std::char_traits<char> >&, char const*, long) () from /usr/lib/x86_64-linux-gnu/libstdc++.so.6
#3  0x0000000000402945 in std::basic_ostream<char, std::char_traits<char> >& std::operator<< <char, std::char_traits<char>, 16ul>(std::basic_ostream<char, std::char_traits<char> >&, std::bitset<16ul> const&) ()
#4  0x00000000004022d3 in Arvore234::imprime(no*) ()
#5  0x0000000000402340 in Arvore234::imprime(no*) ()
#6  0x0000000000402340 in Arvore234::imprime(no*) ()
#7  0x0000000000402340 in Arvore234::imprime(no*) ()
#8  0x0000000000402340 in Arvore234::imprime(no*) ()
#9  0x0000000000402340 in Arvore234::imprime(no*) ()
#10 0x0000000000402340 in Arvore234::imprime(no*) ()
#11 0x0000000000402340 in Arvore234::imprime(no*) ()
#12 0x0000000000402340 in Arvore234::imprime(no*) ()
#13 0x0000000000402340 in Arvore234::imprime(no*) ()
#14 0x0000000000402340 in Arvore234::imprime(no*) ()
#15 0x0000000000402340 in Arvore234::imprime(no*) ()
#16 0x0000000000402380 in Arvore234::imprime() ()
#17 0x0000000000402594 in main ()

1314	in fileops.c

Backtrace END
Fliping value of field: __seekoff
Fliping a bit of the pointer
Memory content before bitflip:0x100x030x2d0xf70xff0x7f0x000x00
Fault Model: Single bit-flip
base address to flip value: 0x7ffff761b5a8 
address max offset: 8
Memory content after  bitflip:0x100x030x2d0xf70xff0x7f0x000x08
frame name: _IO_new_file_xsputn
symbol name: _IO_file_jumps_maybe_mmap
symbol filename: fileops.c
symbol line: 1586
value: {__dummy = 0, __dummy2 = 0, __finish = 0x7ffff72d19c0 <_IO_new_file_finish>, __overflow = 0x7ffff72d2730 <_IO_new_file_overflow>, __underflow = 0x7ffff72d14a0 <_IO_file_underflow_maybe_mmap>, __uflow = 0x7ffff72d3600 <__GI__IO_default_uflow>, __pbackfail = 0x7ffff72d4980 <__GI__IO_default_pbackfail>, __xsputn = 0x7ffff72d11e0 <_IO_new_file_xsputn>, __xsgetn = 0x7ffff72d09e0 <_IO_file_xsgetn_maybe_mmap>, __seekoff = 0x8007ffff72d0310, __seekpos = 0x7ffff72d3a00 <_IO_default_seekpos>, __setbuf = 0x7ffff72d0460 <_IO_file_setbuf_mmap>, __sync = 0x7ffff72d0370 <_IO_new_file_sync>, __doallocate = 0x7ffff72c5180 <__GI__IO_file_doallocate>, __read = 0x7ffff72d11a0 <__GI__IO_file_read>, __write = 0x7ffff72d0b70 <_IO_new_file_write>, __seek = 0x7ffff72d0970 <__GI__IO_file_seek>, __close = 0x7ffff72d0340 <__GI__IO_file_close>, __stat = 0x7ffff72d0b60 <__GI__IO_file_stat>, __showmanyc = 0x7ffff72d4af0 <_IO_default_showmanyc>, __imbue = 0x7ffff72d4b00 <_IO_default_imbue>}
value address: 0x7ffff761b560 <_IO_file_jumps_maybe_mmap>
Type: The type is a structure.
Type sizeof: 168
Field name: __dummy
Field Type: The type is an integer type.
Field Type sizeof: 8
Field name: __dummy2
Field Type: The type is an integer type.
Field Type sizeof: 8
Field name: __finish
Field Type: The type is a pointer.
Field Type sizeof: 8
Field name: __overflow
Field Type: The type is a pointer.
Field Type sizeof: 8
Field name: __underflow
Field Type: The type is a pointer.
Field Type sizeof: 8
Field name: __uflow
Field Type: The type is a pointer.
Field Type sizeof: 8
Field name: __pbackfail
Field Type: The type is a pointer.
Field Type sizeof: 8
Field name: __xsputn
Field Type: The type is a pointer.
Field Type sizeof: 8
Field name: __xsgetn
Field Type: The type is a pointer.
Field Type sizeof: 8
Field name: __seekoff
Field Type: The type is a pointer.
Field Type sizeof: 8
Field name: __seekpos
Field Type: The type is a pointer.
Field Type sizeof: 8
Field name: __setbuf
Field Type: The type is a pointer.
Field Type sizeof: 8
Field name: __sync
Field Type: The type is a pointer.
Field Type sizeof: 8
Field name: __doallocate
Field Type: The type is a pointer.
Field Type sizeof: 8
Field name: __read
Field Type: The type is a pointer.
Field Type sizeof: 8
Field name: __write
Field Type: The type is a pointer.
Field Type sizeof: 8
Field name: __seek
Field Type: The type is a pointer.
Field Type sizeof: 8
Field name: __close
Field Type: The type is a pointer.
Field Type sizeof: 8
Field name: __stat
Field Type: The type is a pointer.
Field Type sizeof: 8
Field name: __showmanyc
Field Type: The type is a pointer.
Field Type sizeof: 8
Field name: __imbue
Field Type: The type is a pointer.
Field Type sizeof: 8

[INFO -- 2018-12-09 01:27:14]
Fault Injection Successful after 0.6155731678009033s
[INFO -- 2018-12-09 01:27:14]
event type: exit
[INFO -- 2018-12-09 01:27:14]
exit code: 0
