[INFO -- 2018-12-08 22:37:41]
Starting flip_value script
version: 1.1
[INFO -- 2018-12-08 22:37:41]
Initialization strings:
[INFO -- 2018-12-08 22:37:41]
(1) file /tmp/Tree234/main
[INFO -- 2018-12-08 22:37:41]
(2) set args /tmp/Tree234/input_50000 /tmp/Tree234/output_50000
[INFO -- 2018-12-08 22:37:41]
initSignal:0
[INFO -- 2018-12-08 22:37:41]
endSignal:2
[INFO -- 2018-12-08 22:37:41]
faultModel:2
[INFO -- 2018-12-08 22:37:41]
Backtrace BEGIN:
#0  dl_main (phdr=<optimized out>, phnum=<optimized out>, user_entry=<optimized out>, auxv=<optimized out>) at rtld.c:2206
#1  0x00007ffff7df0632 in _dl_sysdep_start (start_argptr=start_argptr@entry=0x7fffffffdee0, dl_main=dl_main@entry=0x7ffff7dd91e0 <dl_main>) at ../elf/dl-sysdep.c:249
#2  0x00007ffff7dd8c2a in _dl_start_final (arg=0x7fffffffdee0) at rtld.c:323
#3  _dl_start (arg=0x7fffffffdee0) at rtld.c:429
#4  0x00007ffff7dd7c38 in _start () from /lib64/ld-linux-x86-64.so.2
#5  0x0000000000000003 in ?? ()
#6  0x00007fffffffe25f in ?? ()
#7  0x00007fffffffe271 in ?? ()
#8  0x00007fffffffe28a in ?? ()
#9  0x0000000000000000 in ?? ()

2201	in rtld.c

Backtrace END
Memory content before bitflip:0x000x000x000x00
Fault Model: Random bit-flip
base address to flip value: 0x7ffff7ffce68 
address max offset: 4
Memory content after  bitflip:0x240x400x7a0x07
frame name: _dl_sysdep_start
symbol name: __GI___libc_enable_secure
symbol filename: ../elf/dl-sysdep.c
symbol line: 56
value: 125452324
value address: 0x7ffff7ffce68 <__libc_enable_secure>
Type: The type is an integer type.
Type sizeof: 4

[INFO -- 2018-12-08 22:37:41]
Fault Injection Successful after 0.8256819248199463s
[INFO -- 2018-12-08 22:37:42]
event type: exit
[INFO -- 2018-12-08 22:37:42]
exit code: 0
