[INFO -- 2018-11-25 22:29:53]
Starting flip_value script
version: 1.1
[INFO -- 2018-11-25 22:29:53]
Initialization strings:
[INFO -- 2018-11-25 22:29:53]
(1) file /tmp/BTree-dup/main
[INFO -- 2018-11-25 22:29:53]
(2)  set args /tmp/BTree-dup/input_100000 /tmp/BTree-dup/output_100000 /tmp/BTree-dup-detection.log /tmp/BTree-dup/output2_100000
[INFO -- 2018-11-25 22:29:53]
initSignal:0
[INFO -- 2018-11-25 22:29:53]
endSignal:2
[INFO -- 2018-11-25 22:29:53]
faultModel:4
[INFO -- 2018-11-25 22:29:54]
Backtrace BEGIN:
#0  0x00007ffff7334154 in __GI___libc_write (fd=1, buf=0x55555576d0d0, nbytes=17) at ../sysdeps/unix/sysv/linux/write.c:27
#1  0x00007ffff72af1bd in _IO_new_file_write (f=0x7ffff7610760 <_IO_2_1_stdout_>, data=0x55555576d0d0, n=17) at fileops.c:1203
#2  0x00007ffff72b0f51 in new_do_write (to_do=17, data=0x55555576d0d0 "0001111110010100\n\320vUUU", fp=0x7ffff7610760 <_IO_2_1_stdout_>) at fileops.c:457
#3  _IO_new_do_write (fp=0x7ffff7610760 <_IO_2_1_stdout_>, data=0x55555576d0d0 "0001111110010100\n\320vUUU", to_do=17) at fileops.c:433
#4  0x00007ffff72ae788 in _IO_new_file_sync (fp=0x7ffff7610760 <_IO_2_1_stdout_>) at fileops.c:813
#5  0x00007ffff72a287d in __GI__IO_fflush (fp=0x7ffff7610760 <_IO_2_1_stdout_>) at iofflush.c:40
#6  0x00007ffff7b5ef5e in std::ostream::flush() () from /usr/lib/x86_64-linux-gnu/libstdc++.so.6
#7  0x0000555555556927 in BTreeNode::traverse (this=0x5555558b2090) at BTree_dup.cpp:594
#8  0x00005555555568d7 in BTreeNode::traverse (this=0x555555acae80) at BTree_dup.cpp:593
#9  0x000055555555695f in BTreeNode::traverse (this=0x555555accc50) at BTree_dup.cpp:599
#10 0x000055555555695f in BTreeNode::traverse (this=0x555555aad210) at BTree_dup.cpp:599
#11 0x00005555555568d7 in BTreeNode::traverse (this=0x5555558a84c0) at BTree_dup.cpp:593
#12 0x00005555555568d7 in BTreeNode::traverse (this=0x5555558d55e0) at BTree_dup.cpp:593
#13 0x00005555555568d7 in BTreeNode::traverse (this=0x555555af22d0) at BTree_dup.cpp:593
#14 0x00005555555568d7 in BTreeNode::traverse (this=0x555555815c40) at BTree_dup.cpp:593
#15 0x00005555555568d7 in BTreeNode::traverse (this=0x555555a2ab30) at BTree_dup.cpp:593
#16 0x00005555555572bb in BTree::traverse (this=0x7fffffffdd40) at BTree_dup.cpp:139
#17 0x0000555555556fbd in main (argc=5, argv=0x7fffffffde68) at BTree_dup.cpp:718

22	../sysdeps/unix/sysv/linux/write.c: Arquivo ou diretório inexistente.

Backtrace END
Fliping a bit of the value pointed by a pointer
Fliping a bit of the pointer
Memory content before bitflip:0x160xe20xff0xff0xff0x7f0x000x00
Fault Model: LSB bit-flip
base address to flip value: 0x7fffffffde68
address max offset: 8
Memory content after  bitflip:0x160xe20xff0xff0xff0x7f0x000x40
frame name: main
symbol name: argv
symbol filename: BTree_dup.cpp
symbol line: 691
value: 0x7fffffffde68
value address: 0x7fffffffdd10
Type: The type is a pointer.
Type sizeof: 8

[INFO -- 2018-11-25 22:29:54]
Fault Injection Successful after 1.4903285503387451s
[INFO -- 2018-11-25 22:29:55]
event type: exit
[INFO -- 2018-11-25 22:29:55]
exit code: 0
