[INFO -- 2018-10-17 20:09:23]
sending 5 signals using command: 'killall -2 main' after 1.67512389705s
[INFO -- 2018-10-17 20:09:23]
sending 5 signals using command: 'killall -2 main' after 1.73213147613s
[INFO -- 2018-10-17 20:09:23]
sending 5 signals using command: 'killall -2 main' after 1.80043336593s
[INFO -- 2018-10-17 20:09:23]
Starting GDB script
[INFO -- 2018-10-17 20:09:23]
initSignal:0.0
[INFO -- 2018-10-17 20:09:23]
endSignal:2.0
[INFO -- 2018-10-17 20:09:23]
sending 5 signals using command: 'killall -2 main' after 0.0796635493371s
[INFO -- 2018-10-17 20:09:24]
sending 5 signals using command: 'killall -2 main' after 0.48127927134s
[INFO -- 2018-10-17 20:09:24]
sending 5 signals using command: 'killall -2 main' after 1.01368927816s
[INFO -- 2018-10-17 20:09:24]
Execution finished before waitTime
