[INFO -- 2018-12-01 07:29:58]
Starting flip_value script
version: 1.1
[INFO -- 2018-12-01 07:29:58]
Initialization strings:
[INFO -- 2018-12-01 07:29:58]
(1) file /tmp/splay/main
[INFO -- 2018-12-01 07:29:58]
(2) set args /tmp/splay/input_100000 /tmp/splay/output_100000
[INFO -- 2018-12-01 07:29:58]
initSignal:0
[INFO -- 2018-12-01 07:29:58]
endSignal:5
[INFO -- 2018-12-01 07:29:58]
faultModel:0
[EXCEPTION -- 2018-12-01 07:29:59]
pythonException: Unable to exit loop in struct fields; Exiting wihtout making a bit flip
[INFO -- 2018-12-01 07:29:59]
Backtrace BEGIN:
#0  0x00007ffff7d34fd4 in __GI___libc_write (fd=1, buf=0x55555587dcf0, nbytes=17) at ../sysdeps/unix/sysv/linux/write.c:26
#1  0x00007ffff7cb633d in _IO_new_file_write (f=0x7ffff7e10760 <_IO_2_1_stdout_>, data=0x55555587dcf0, n=17) at fileops.c:1183
#2  0x00007ffff7cb7a71 in new_do_write (to_do=17, data=0x55555587dcf0 "0010100100001011\n", fp=0x7ffff7e10760 <_IO_2_1_stdout_>) at libioP.h:839
#3  _IO_new_do_write (fp=0x7ffff7e10760 <_IO_2_1_stdout_>, data=0x55555587dcf0 "0010100100001011\n", to_do=17) at fileops.c:433
#4  0x00007ffff7cb56f8 in _IO_new_file_sync (fp=0x7ffff7e10760 <_IO_2_1_stdout_>) at fileops.c:819
#5  0x00007ffff7caa32d in __GI__IO_fflush (fp=0x7ffff7e10760 <_IO_2_1_stdout_>) at libioP.h:839
#6  0x00007ffff7f4201e in std::ostream::flush() () from /usr/lib/x86_64-linux-gnu/libstdc++.so.6
#7  0x0000555555557afd in InOrder (root=0x5555555aef10) at splay.cpp:253
#8  0x0000555555557b0d in InOrder (root=0x5555555dda70) at splay.cpp:254
#9  0x0000555555557b0d in InOrder (root=0x5555555ee030) at splay.cpp:254
#10 0x0000555555557b0d in InOrder (root=0x55555558c090) at splay.cpp:254
#11 0x0000555555557abd in InOrder (root=0x5555555e5f90) at splay.cpp:252
#12 0x0000555555557b0d in InOrder (root=0x555555691fd0) at splay.cpp:254
#13 0x0000555555557abd in InOrder (root=0x5555558629f0) at splay.cpp:252
#14 0x0000555555557abd in InOrder (root=0x555555633910) at splay.cpp:252
#15 0x0000555555557abd in InOrder (root=0x555555874a10) at splay.cpp:252
#16 0x0000555555557abd in InOrder (root=0x5555558771d0) at splay.cpp:252
#17 0x0000555555557abd in InOrder (root=0x555555878eb0) at splay.cpp:252
#18 0x0000555555557abd in InOrder (root=0x55555559c3b0) at splay.cpp:252
#19 0x0000555555557abd in InOrder (root=0x55555587ca50) at splay.cpp:252
#20 0x0000555555557abd in InOrder (root=0x5555557247d0) at splay.cpp:252
#21 0x0000555555557abd in InOrder (root=0x55555587ca10) at splay.cpp:252
#22 0x0000555555557b0d in InOrder (root=0x555555707270) at splay.cpp:254
#23 0x0000555555557b0d in InOrder (root=0x55555587d570) at splay.cpp:254
#24 0x0000555555557b0d in InOrder (root=0x55555587d6b0) at splay.cpp:254
#25 0x0000555555557abd in InOrder (root=0x5555556e1d70) at splay.cpp:252
#26 0x0000555555557b0d in InOrder (root=0x5555555852d0) at splay.cpp:254
#27 0x0000555555557abd in InOrder (root=0x55555587d9d0) at splay.cpp:252
#28 0x0000555555557b0d in InOrder (root=0x5555555d7910) at splay.cpp:254
#29 0x0000555555557b0d in InOrder (root=0x55555587d8d0) at splay.cpp:254
#30 0x0000555555557b0d in InOrder (root=0x5555557cfed0) at splay.cpp:254
#31 0x0000555555557b0d in InOrder (root=0x555555774190) at splay.cpp:254
#32 0x0000555555557b0d in InOrder (root=0x555555774870) at splay.cpp:254
#33 0x0000555555557abd in InOrder (root=0x55555587dcb0) at splay.cpp:252
#34 0x0000555555557b0d in InOrder (root=0x555555693810) at splay.cpp:254
#35 0x0000555555557b0d in InOrder (root=0x555555634c10) at splay.cpp:254
#36 0x0000555555557b0d in InOrder (root=0x55555587dcd0) at splay.cpp:254
#37 0x00005555555564fe in main (argc=3, argv=0x7fffffffdfb8) at main.cpp:35

21	in ../sysdeps/unix/sysv/linux/write.c

Backtrace END
Fliping a bit of the value pointed by a pointer
Fliping value of field: rchild
Fliping a bit of the value pointed by a pointer
Fliping value of field: rchild
Fliping a bit of the value pointed by a pointer
Fliping value of field: rchild
Fliping a bit of the pointer
Memory content before bitflip:0x500x630x670x550x550x550x000x00
Fault Model: Single bit-flip
base address to flip value: 0x5555555a24e0
address max offset: 8
Memory content after  bitflip:0x500x620x670x550x550x550x000x00
frame name: InOrder
symbol name: root
symbol filename: splay.cpp
symbol line: 248
value: 0x55555587ca50
value address: 0x7fffffffd8d8
Type: The type is a pointer.
Type sizeof: 8

[INFO -- 2018-12-01 07:29:59]
Fault Injection Successful after 1.1143457889556885s
[INFO -- 2018-12-01 07:29:59]
event type: exit
[INFO -- 2018-12-01 07:29:59]
exit code: 0
