[INFO -- 2018-10-17 21:22:11]
sending 5 signals using command: 'killall -2 main' after 1.13298514024s
[INFO -- 2018-10-17 21:22:12]
sending 5 signals using command: 'killall -2 main' after 1.92651867255s
[INFO -- 2018-10-17 21:22:12]
sending 5 signals using command: 'killall -2 main' after 1.94183474456s
[INFO -- 2018-10-17 21:22:12]
Starting GDB script
[INFO -- 2018-10-17 21:22:12]
initSignal:0.0
[INFO -- 2018-10-17 21:22:12]
endSignal:2.0
[INFO -- 2018-10-17 21:22:13]
sending 5 signals using command: 'killall -2 main' after 0.197597905697s
[INFO -- 2018-10-17 21:22:13]
sending 5 signals using command: 'killall -2 main' after 0.483742327376s
[INFO -- 2018-10-17 21:22:13]
sending 5 signals using command: 'killall -2 main' after 0.634772752328s
[INFO -- 2018-10-17 21:22:13]
Execution finished before waitTime
