[INFO -- 2018-10-16 18:04:26]
Starting flip_value script
version: 1.1
[INFO -- 2018-10-16 18:04:26]
Initialization strings:
[INFO -- 2018-10-16 18:04:26]
(1) file /tmp/RBTree/main
[INFO -- 2018-10-16 18:04:26]
(2) set args  /tmp/RBTree/input_ /tmp/RBTree/output_
[INFO -- 2018-10-16 18:04:26]
initSignal:0
[INFO -- 2018-10-16 18:04:26]
endSignal:2
[INFO -- 2018-10-16 18:04:26]
faultModel:4
[EXCEPTION -- 2018-10-16 18:04:26]
gdbException: Tentativo de desreferenciar um ponteiro genérico.
[INFO -- 2018-10-16 18:04:26]
event type: exit
[INFO -- 2018-10-16 18:04:26]
exit code: 0
