[INFO -- 2018-11-25 16:02:52]
Starting flip_value script
version: 1.1
[INFO -- 2018-11-25 16:02:52]
Initialization strings:
[INFO -- 2018-11-25 16:02:52]
(1) file /tmp/BTree-dup/main
[INFO -- 2018-11-25 16:02:52]
(2)  set args /tmp/BTree-dup/input_100000 /tmp/BTree-dup/output_100000 /tmp/BTree-dup-detection.log /tmp/BTree-dup/output2_100000
[INFO -- 2018-11-25 16:02:52]
initSignal:0
[INFO -- 2018-11-25 16:02:52]
endSignal:2
[INFO -- 2018-11-25 16:02:52]
faultModel:1
[INFO -- 2018-11-25 16:02:54]
Backtrace BEGIN:
#0  std::bitset<16ul>::_M_copy_to_string<char, std::char_traits<char>, std::allocator<char> > (this=0x7fffffffdac0, __s="0011010000000000", __zero=48 '0', __one=49 '1') at /usr/include/c++/7/bitset:1408
#1  0x00005555555573d7 in std::operator<< <char, std::char_traits<char>, 16ul> (__os=..., __x=std::bitset = {...}) at /usr/include/c++/7/bitset:1538
#2  0x0000555555556912 in BTreeNode::traverse (this=0x555555f78150) at BTree_dup.cpp:594
#3  0x000055555555695f in BTreeNode::traverse (this=0x555555e1bd30) at BTree_dup.cpp:599
#4  0x000055555555695f in BTreeNode::traverse (this=0x555555fad100) at BTree_dup.cpp:599
#5  0x000055555555695f in BTreeNode::traverse (this=0x555555e95b60) at BTree_dup.cpp:599
#6  0x000055555555695f in BTreeNode::traverse (this=0x555555f1d850) at BTree_dup.cpp:599
#7  0x00005555555568d7 in BTreeNode::traverse (this=0x555555e9d570) at BTree_dup.cpp:593
#8  0x00005555555568d7 in BTreeNode::traverse (this=0x555555e9d600) at BTree_dup.cpp:593
#9  0x000055555555695f in BTreeNode::traverse (this=0x555555ef6eb0) at BTree_dup.cpp:599
#10 0x000055555555695f in BTreeNode::traverse (this=0x555555ef6e20) at BTree_dup.cpp:599
#11 0x00005555555572bb in BTree::traverse (this=0x7fffffffdd50) at BTree_dup.cpp:139
#12 0x0000555555556ff9 in main (argc=5, argv=0x7fffffffde68) at BTree_dup.cpp:725

1403	      bitset<_Nb>::
1404	      _M_copy_to_string(std::basic_string<_CharT, _Traits, _Alloc>& __s,
1405				_CharT __zero, _CharT __one) const
1406	      {
1407		__s.assign(_Nb, __zero);
1408		for (size_t __i = _Nb; __i > 0; --__i)
1409		  if (_Unchecked_test(__i - 1))
1410		    _Traits::assign(__s[_Nb - __i], __one);
1411	      }
1412	

Backtrace END
Fliping a bit of the value pointed by a pointer
Fliping value of field: leaf
Memory content before bitflip:0x00
Fault Model: Double bit-flip
base address to flip value: 0x555555f1d86c
address max offset: 1
Memory content after  bitflip:0x50
frame name: BTreeNode::traverse
symbol name: this
symbol filename: BTree_dup.cpp
symbol line: 0
value: 0x555555f1d850
value address: 0x7fffffffdba8
Type: The type is a pointer.
Type sizeof: 8

[INFO -- 2018-11-25 16:02:54]
Fault Injection Successful after 2.7680909633636475s
[INFO -- 2018-11-25 16:02:54]
event type: exit
[INFO -- 2018-11-25 16:02:54]
exit code: 0
