[INFO -- 2018-12-01 08:17:40]
Starting flip_value script
version: 1.1
[INFO -- 2018-12-01 08:17:40]
Initialization strings:
[INFO -- 2018-12-01 08:17:40]
(1) file /tmp/splay/main
[INFO -- 2018-12-01 08:17:40]
(2) set args /tmp/splay/input_100000 /tmp/splay/output_100000
[INFO -- 2018-12-01 08:17:40]
initSignal:0
[INFO -- 2018-12-01 08:17:40]
endSignal:5
[INFO -- 2018-12-01 08:17:40]
faultModel:2
[INFO -- 2018-12-01 08:17:40]
Backtrace BEGIN:
#0  0x0000555555557756 in Splay (key=498867, root=0x55555562ec30) at splay.cpp:77
#1  0x0000555555557916 in Insert (key=498867, root=0x555555853750) at splay.cpp:145
#2  0x00005555555564bb in main (argc=3, argv=0x7fffffffdfb8) at main.cpp:31

72				}
73				/* Link to R Tree */
74				RightTreeMin->lchild = root;
75				RightTreeMin = RightTreeMin->lchild;
76				root = root->lchild;
77				RightTreeMin->lchild = NULL;
78			}
79			else if(key > root->key)
80			{
81				if(!root->rchild)

Backtrace END
Fliping a bit of the value pointed by a pointer
Fliping value of field: key
Memory content before bitflip:0xb30x9c0x070x00
Fault Model: Random bit-flip
base address to flip value: 0x555555853770
address max offset: 4
Memory content after  bitflip:0x520x510x580xf9
frame name: Insert
symbol name: p_node
symbol filename: splay.cpp
symbol line: 134
value: 0x555555853770
value address: 0x55555555b2a0 <Insert(int, splay*)::p_node>
Type: The type is a pointer.
Type sizeof: 8

[INFO -- 2018-12-01 08:17:40]
Fault Injection Successful after 0.5453281402587891s
[INFO -- 2018-12-01 08:17:40]
event type: exit
[INFO -- 2018-12-01 08:17:40]
exit code: 0
