[INFO -- 2018-10-17 19:26:11]
sending 5 signals using command: 'killall -2 main' after 1.61649754383s
[INFO -- 2018-10-17 19:26:11]
sending 5 signals using command: 'killall -2 main' after 1.76317337863s
[INFO -- 2018-10-17 19:26:11]
sending 5 signals using command: 'killall -2 main' after 1.83912684264s
[INFO -- 2018-10-17 19:26:11]
Starting GDB script
[INFO -- 2018-10-17 19:26:11]
initSignal:0.0
[INFO -- 2018-10-17 19:26:11]
endSignal:2.0
[INFO -- 2018-10-17 19:26:12]
sending 5 signals using command: 'killall -2 main' after 0.247066496958s
[INFO -- 2018-10-17 19:26:12]
sending 5 signals using command: 'killall -2 main' after 0.517436347337s
[INFO -- 2018-10-17 19:26:12]
sending 5 signals using command: 'killall -2 main' after 0.909939321863s
[INFO -- 2018-10-17 19:26:12]
Execution finished before waitTime
