[INFO -- 2018-11-25 23:02:04]
Starting flip_value script
version: 1.1
[INFO -- 2018-11-25 23:02:04]
Initialization strings:
[INFO -- 2018-11-25 23:02:04]
(1) file /tmp/BTree-dup/main
[INFO -- 2018-11-25 23:02:04]
(2)  set args /tmp/BTree-dup/input_100000 /tmp/BTree-dup/output_100000 /tmp/BTree-dup-detection.log /tmp/BTree-dup/output2_100000
[INFO -- 2018-11-25 23:02:04]
initSignal:0
[INFO -- 2018-11-25 23:02:04]
endSignal:2
[INFO -- 2018-11-25 23:02:04]
faultModel:1
[INFO -- 2018-11-25 23:02:05]
Backtrace BEGIN:
#0  0x0000555555557a73 in std::operator!=<int, char, std::char_traits<char>, long> (__x=..., __y=...) at /usr/include/c++/7/bits/stream_iterator.h:137
#1  0x00005555555579c5 in std::vector<int, std::allocator<int> >::_M_range_initialize<std::istream_iterator<int, char, std::char_traits<char>, long> > (this=0x7fffffffdaa0, __first=..., __last=...) at /usr/include/c++/7/bits/stl_vector.h:1308
#2  0x0000555555557882 in std::vector<int, std::allocator<int> >::_M_initialize_dispatch<std::istream_iterator<int, char, std::char_traits<char>, long> > (this=0x7fffffffdaa0, __first=..., __last=...) at /usr/include/c++/7/bits/stl_vector.h:1299
#3  0x0000555555557569 in std::vector<int, std::allocator<int> >::vector<std::istream_iterator<int, char, std::char_traits<char>, long>, void> (this=0x7fffffffdaa0, __first=..., __last=..., __a=...) at /usr/include/c++/7/bits/stl_vector.h:414
#4  0x0000555555556bbc in runner (input=0x7fffffffe22a "/tmp/BTree-dup/input_100000") at BTree_dup.cpp:660
#5  0x0000555555556f51 in main (argc=5, argv=0x7fffffffde68) at BTree_dup.cpp:711

132	    { return __x._M_equal(__y); }
133	
134	  ///  Return false if x and y are both end or not end, or x and y are the same.
135	  template <class _Tp, class _CharT, class _Traits, class _Dist>
136	    inline bool
137	    operator!=(const istream_iterator<_Tp, _CharT, _Traits, _Dist>& __x,
138		       const istream_iterator<_Tp, _CharT, _Traits, _Dist>& __y)
139	    { return !__x._M_equal(__y); }
140	
141	  /**

Backtrace END
Fliping value of field: t
Memory content before bitflip:0x030x000x000x00
Fault Model: Double bit-flip
base address to flip value: 0x7fffffffda58
address max offset: 4
Memory content after  bitflip:0x030x000x000x81
frame name: runner
symbol name: bTree
symbol filename: BTree_dup.cpp
symbol line: 655
value: {root = 0x0, t = -2130706429}
value address: 0x7fffffffda50
Type: The type is a structure.
Type sizeof: 16
Field name: root
Field Type: The type is a pointer.
Field Type sizeof: 8
Field name: t
Field Type: The type is an integer type.
Field Type sizeof: 4

[INFO -- 2018-11-25 23:02:05]
Fault Injection Successful after 1.0436625480651855s
[INFO -- 2018-11-25 23:02:15]
event type: exit
[INFO -- 2018-11-25 23:02:15]
exit code: 0
