[INFO -- 2018-10-12 01:13:33]
Starting flip_value script
version: 1.1
[INFO -- 2018-10-12 01:13:33]
Initialization strings:
[INFO -- 2018-10-12 01:13:33]
(1) file /tmp/BTree/main
[INFO -- 2018-10-12 01:13:33]
(2)  set args /tmp/BTree/input_100000 /tmp/BTree/output_100000
[INFO -- 2018-10-12 01:13:33]
initSignal:0
[INFO -- 2018-10-12 01:13:33]
endSignal:2
[INFO -- 2018-10-12 01:13:33]
faultModel:1
[INFO -- 2018-10-12 01:13:34]
Backtrace BEGIN:
#0  __memmove_avx_unaligned_erms () at ../sysdeps/x86_64/multiarch/memmove-vec-unaligned-erms.S:269
#1  0x00007ffff72a3ed2 in __GI__IO_getline_info (eof=0x0, extract_delim=<optimized out>, delim=10, n=9, buf=0x7fffffffddde "2519174\n", fp=0x55555576ae70, fp@entry=0x0) at iogetline.c:96
#2  __GI__IO_getline (fp=fp@entry=0x55555576ae70, buf=buf@entry=0x7fffffffddde "2519174\n", n=<optimized out>, delim=delim@entry=10, extract_delim=extract_delim@entry=1) at iogetline.c:34
#3  0x00007ffff72a2bcd in _IO_fgets (buf=0x7fffffffddde "2519174\n", n=<optimized out>, fp=0x55555576ae70) at iofgets.c:53
#4  0x00005555555565d7 in main (argc=3, argv=0x7fffffffded8) at BTree.cpp:660

264	../sysdeps/x86_64/multiarch/memmove-vec-unaligned-erms.S: Arquivo ou diretório inexistente.

Backtrace END
Memory content before bitflip:0x010x000x000x00
Fault Model: Double bit-flip
base address to flip value: 0x7fffffffdd3c
address max offset: 4
Memory content after  bitflip:0x910x000x000x00
frame name: __GI__IO_getline_info
symbol name: extract_delim
symbol filename: iogetline.c
symbol line: 32
value: 145
value address: 0x7fffffffdd3c
Type: The type is an integer type.
Type sizeof: 4

[INFO -- 2018-10-12 01:13:34]
Fault Injection Successful after 1.293299674987793s
[INFO -- 2018-10-12 01:13:34]
event type: exit
[INFO -- 2018-10-12 01:13:34]
exit code: 0
