[INFO -- 2018-12-01 09:13:03]
sending 5 signals using command: 'killall -2 main' after 1.77194924433s
[INFO -- 2018-12-01 09:13:04]
sending 5 signals using command: 'killall -2 main' after 2.76385169733s
[INFO -- 2018-12-01 09:13:05]
sending 5 signals using command: 'killall -2 main' after 3.41088713658s
[INFO -- 2018-12-01 09:13:05]
Starting GDB script
[INFO -- 2018-12-01 09:13:05]
initSignal:0.0
[INFO -- 2018-12-01 09:13:05]
endSignal:5.0
[INFO -- 2018-12-01 09:13:06]
sending 5 signals using command: 'killall -2 main' after 0.703386205939s
[INFO -- 2018-12-01 09:13:06]
sending 5 signals using command: 'killall -2 main' after 1.31536849877s
[INFO -- 2018-12-01 09:13:07]
sending 5 signals using command: 'killall -2 main' after 1.39990414828s
[INFO -- 2018-12-01 09:13:07]
Execution finished before waitTime
