[INFO -- 2018-12-09 03:10:59]
Starting flip_value script
version: 1.1
[INFO -- 2018-12-09 03:10:59]
Initialization strings:
[INFO -- 2018-12-09 03:10:59]
(1) file /tmp/Tree234/main
[INFO -- 2018-12-09 03:10:59]
(2) set args /tmp/Tree234/input_50000 /tmp/Tree234/output_50000
[INFO -- 2018-12-09 03:10:59]
initSignal:0
[INFO -- 2018-12-09 03:10:59]
endSignal:2
[INFO -- 2018-12-09 03:10:59]
faultModel:4
[INFO -- 2018-12-09 03:10:59]
Backtrace BEGIN:
#0  __GI___libc_free (mem=0x7d7f20) at malloc.c:2940
#1  0x0000000000402954 in std::basic_ostream<char, std::char_traits<char> >& std::operator<< <char, std::char_traits<char>, 16ul>(std::basic_ostream<char, std::char_traits<char> >&, std::bitset<16ul> const&) ()
#2  0x00000000004022d3 in Arvore234::imprime(no*) ()
#3  0x0000000000402340 in Arvore234::imprime(no*) ()
#4  0x0000000000402340 in Arvore234::imprime(no*) ()
#5  0x0000000000402340 in Arvore234::imprime(no*) ()
#6  0x0000000000402340 in Arvore234::imprime(no*) ()
#7  0x0000000000402340 in Arvore234::imprime(no*) ()
#8  0x0000000000402340 in Arvore234::imprime(no*) ()
#9  0x0000000000402340 in Arvore234::imprime(no*) ()
#10 0x0000000000402340 in Arvore234::imprime(no*) ()
#11 0x0000000000402340 in Arvore234::imprime(no*) ()
#12 0x0000000000402340 in Arvore234::imprime(no*) ()
#13 0x0000000000402380 in Arvore234::imprime() ()
#14 0x0000000000402594 in main ()

2935	in malloc.c

Backtrace END
Memory content before bitflip:0x000x000x000x00
Fault Model: LSB bit-flip
base address to flip value: 0x7ffff761e7cc 
address max offset: 4
Memory content after  bitflip:0x000x000x000x02
frame name: __GI___libc_free
symbol name: using_malloc_checking
symbol filename: hooks.c
symbol line: 53
value: 33554432
value address: 0x7ffff761e7cc <using_malloc_checking>
Type: The type is an integer type.
Type sizeof: 4

[INFO -- 2018-12-09 03:10:59]
Fault Injection Successful after 0.7200894355773926s
[INFO -- 2018-12-09 03:10:59]
event type: exit
[INFO -- 2018-12-09 03:10:59]
exit code: 0
