[INFO -- 2018-11-25 23:27:55]
Starting flip_value script
version: 1.1
[INFO -- 2018-11-25 23:27:55]
Initialization strings:
[INFO -- 2018-11-25 23:27:55]
(1) file /tmp/BTree-dup/main
[INFO -- 2018-11-25 23:27:55]
(2)  set args /tmp/BTree-dup/input_100000 /tmp/BTree-dup/output_100000 /tmp/BTree-dup-detection.log /tmp/BTree-dup/output2_100000
[INFO -- 2018-11-25 23:27:55]
initSignal:0
[INFO -- 2018-11-25 23:27:55]
endSignal:2
[INFO -- 2018-11-25 23:27:55]
faultModel:1
[INFO -- 2018-11-25 23:27:56]
Backtrace BEGIN:
#0  dl_main (phdr=<optimized out>, phnum=<optimized out>, user_entry=<optimized out>, auxv=<optimized out>) at rtld.c:2289
#1  0x00007ffff7defdd0 in _dl_sysdep_start (start_argptr=start_argptr@entry=0x7fffffffde60, dl_main=dl_main@entry=0x7ffff7dd7660 <dl_main>) at ../elf/dl-sysdep.c:253
#2  0x00007ffff7dd7128 in _dl_start_final (arg=0x7fffffffde60) at rtld.c:414
#3  _dl_start (arg=0x7fffffffde60) at rtld.c:521
#4  0x00007ffff7dd6098 in _start () from /lib64/ld-linux-x86-64.so.2
#5  0x0000000000000005 in ?? ()
#6  0x00007fffffffe216 in ?? ()
#7  0x00007fffffffe22a in ?? ()
#8  0x00007fffffffe246 in ?? ()
#9  0x00007fffffffe263 in ?? ()
#10 0x00007fffffffe280 in ?? ()
#11 0x0000000000000000 in ?? ()

2284	rtld.c: Arquivo ou diretório inexistente.

Backtrace END
Fliping array at pos: 8
Memory content before bitflip:0x73
Fault Model: Double bit-flip
base address to flip value: 0x7ffff7df8dd8  
address max offset: 1
Memory content after  bitflip:0x76
frame name: dl_main
symbol name: preload_file
symbol filename: rtld.c
symbol line: 1630
value: "/etc/ld.vo.preload"
value address: 0x7ffff7df8dd0 <preload_file>
Type: The type is an array.
Type sizeof: 19
Field name: None
Field Type: A range type, that is, an integer type with bounds.
Field Type sizeof: 8
Field Type range: (0, 18)

[INFO -- 2018-11-25 23:27:56]
Fault Injection Successful after 1.414863109588623s
[INFO -- 2018-11-25 23:27:57]
event type: exit
[INFO -- 2018-11-25 23:27:57]
exit code: 0
