[INFO -- 2018-11-30 21:09:39]
Starting flip_value script
version: 1.1
[INFO -- 2018-11-30 21:09:39]
Initialization strings:
[INFO -- 2018-11-30 21:09:39]
(1) file /tmp/splay/main
[INFO -- 2018-11-30 21:09:39]
(2) set args /tmp/splay/input_100000 /tmp/splay/output_100000
[INFO -- 2018-11-30 21:09:39]
initSignal:0
[INFO -- 2018-11-30 21:09:39]
endSignal:5
[INFO -- 2018-11-30 21:09:39]
faultModel:4
[INFO -- 2018-11-30 21:09:39]
Backtrace BEGIN:
#0  0x00007ffff7d34fd4 in __GI___libc_write (fd=1, buf=0x55555587dcf0, nbytes=17) at ../sysdeps/unix/sysv/linux/write.c:26
#1  0x00007ffff7cb633d in _IO_new_file_write (f=0x7ffff7e10760 <_IO_2_1_stdout_>, data=0x55555587dcf0, n=17) at fileops.c:1183
#2  0x00007ffff7cb7a71 in new_do_write (to_do=17, data=0x55555587dcf0 "0110111101011100\n", fp=0x7ffff7e10760 <_IO_2_1_stdout_>) at libioP.h:839
#3  _IO_new_do_write (fp=0x7ffff7e10760 <_IO_2_1_stdout_>, data=0x55555587dcf0 "0110111101011100\n", to_do=17) at fileops.c:433
#4  0x00007ffff7cb56f8 in _IO_new_file_sync (fp=0x7ffff7e10760 <_IO_2_1_stdout_>) at fileops.c:819
#5  0x00007ffff7caa32d in __GI__IO_fflush (fp=0x7ffff7e10760 <_IO_2_1_stdout_>) at libioP.h:839
#6  0x00007ffff7f4201e in std::ostream::flush() () from /usr/lib/x86_64-linux-gnu/libstdc++.so.6
#7  0x0000555555557afd in InOrder (root=0x5555556f7b10) at splay.cpp:253
#8  0x0000555555557abd in InOrder (root=0x5555557bf170) at splay.cpp:252
#9  0x0000555555557b0d in InOrder (root=0x5555557e76f0) at splay.cpp:254
#10 0x0000555555557b0d in InOrder (root=0x5555555b29d0) at splay.cpp:254
#11 0x0000555555557b0d in InOrder (root=0x5555555a5fb0) at splay.cpp:254
#12 0x0000555555557b0d in InOrder (root=0x5555558492b0) at splay.cpp:254
#13 0x0000555555557b0d in InOrder (root=0x5555556355b0) at splay.cpp:254
#14 0x0000555555557b0d in InOrder (root=0x555555860970) at splay.cpp:254
#15 0x0000555555557abd in InOrder (root=0x555555867070) at splay.cpp:252
#16 0x0000555555557b0d in InOrder (root=0x555555871b10) at splay.cpp:254
#17 0x0000555555557b0d in InOrder (root=0x555555875130) at splay.cpp:254
#18 0x0000555555557abd in InOrder (root=0x555555864910) at splay.cpp:252
#19 0x0000555555557abd in InOrder (root=0x55555587b350) at splay.cpp:252
#20 0x0000555555557abd in InOrder (root=0x55555587c590) at splay.cpp:252
#21 0x0000555555557abd in InOrder (root=0x55555587c970) at splay.cpp:252
#22 0x0000555555557abd in InOrder (root=0x555555671630) at splay.cpp:252
#23 0x0000555555557b0d in InOrder (root=0x55555587ca30) at splay.cpp:254
#24 0x0000555555557abd in InOrder (root=0x55555587cb90) at splay.cpp:252
#25 0x0000555555557abd in InOrder (root=0x55555569cd70) at splay.cpp:252
#26 0x0000555555557b0d in InOrder (root=0x555555651630) at splay.cpp:254
#27 0x0000555555557b0d in InOrder (root=0x55555587d470) at splay.cpp:254
#28 0x0000555555557abd in InOrder (root=0x55555587d530) at splay.cpp:252
#29 0x0000555555557b0d in InOrder (root=0x5555555cec10) at splay.cpp:254
#30 0x0000555555557abd in InOrder (root=0x5555556f88b0) at splay.cpp:252
#31 0x0000555555557b0d in InOrder (root=0x55555574fdf0) at splay.cpp:254
#32 0x0000555555557abd in InOrder (root=0x555555683210) at splay.cpp:252
#33 0x0000555555557abd in InOrder (root=0x55555587dc90) at splay.cpp:252
#34 0x0000555555557abd in InOrder (root=0x555555696ef0) at splay.cpp:252
#35 0x0000555555557abd in InOrder (root=0x55555587dcd0) at splay.cpp:252
#36 0x00005555555564fe in main (argc=3, argv=0x7fffffffdfb8) at main.cpp:35

21	in ../sysdeps/unix/sysv/linux/write.c

Backtrace END
Fliping a bit of the value pointed by a pointer
Fliping value of field: lchild
Fliping a bit of the value pointed by a pointer
Fliping value of field: lchild
Fliping a bit of the value pointed by a pointer
Fliping value of field: lchild
Fliping a bit of the value pointed by a pointer
Fliping value of field: rchild
Fliping a bit of the value pointed by a pointer
Fliping value of field: lchild
Fliping a bit of the value pointed by a pointer
Fliping value of field: key
Memory content before bitflip:0x520x640x0d0x00
Fault Model: LSB bit-flip
base address to flip value: 0x5555555ea710
address max offset: 4
Memory content after  bitflip:0x520x640x0d0x20
frame name: InOrder
symbol name: root
symbol filename: splay.cpp
symbol line: 248
value: 0x555555867070
value address: 0x7fffffffd848
Type: The type is a pointer.
Type sizeof: 8

[INFO -- 2018-11-30 21:09:39]
Fault Injection Successful after 0.9914515018463135s
[INFO -- 2018-11-30 21:09:40]
event type: exit
[INFO -- 2018-11-30 21:09:40]
exit code: 0
