[INFO -- 2018-11-26 00:52:04]
Starting flip_value script
version: 1.1
[INFO -- 2018-11-26 00:52:04]
Initialization strings:
[INFO -- 2018-11-26 00:52:04]
(1) file /tmp/BTree-dup/main
[INFO -- 2018-11-26 00:52:04]
(2)  set args /tmp/BTree-dup/input_100000 /tmp/BTree-dup/output_100000 /tmp/BTree-dup-detection.log /tmp/BTree-dup/output2_100000
[INFO -- 2018-11-26 00:52:04]
initSignal:0
[INFO -- 2018-11-26 00:52:04]
endSignal:2
[INFO -- 2018-11-26 00:52:04]
faultModel:1
[INFO -- 2018-11-26 00:52:06]
Backtrace BEGIN:
#0  0x000055555555733b in std::operator<< <char, std::char_traits<char>, 16ul> (__os=..., __x=std::bitset<error reading variable: Não é possível acessar a memória no endereço 0x1e>) at /usr/include/c++/7/bitset:1530
#1  0x0000555555556912 in BTreeNode::traverse (this=0x555555862680) at BTree_dup.cpp:594
#2  0x00005555555568d7 in BTreeNode::traverse (this=0x555555955050) at BTree_dup.cpp:593
#3  0x00005555555568d7 in BTreeNode::traverse (this=0x5555559ad1f0) at BTree_dup.cpp:593
#4  0x00005555555568d7 in BTreeNode::traverse (this=0x555555a168e0) at BTree_dup.cpp:593
#5  0x000055555555695f in BTreeNode::traverse (this=0x55555585c890) at BTree_dup.cpp:599
#6  0x00005555555568d7 in BTreeNode::traverse (this=0x5555558c0df0) at BTree_dup.cpp:593
#7  0x00005555555568d7 in BTreeNode::traverse (this=0x555555815cd0) at BTree_dup.cpp:593
#8  0x000055555555695f in BTreeNode::traverse (this=0x555555815c40) at BTree_dup.cpp:599
#9  0x00005555555568d7 in BTreeNode::traverse (this=0x555555a2ab30) at BTree_dup.cpp:593
#10 0x00005555555572bb in BTree::traverse (this=0x7fffffffdd40) at BTree_dup.cpp:139
#11 0x0000555555556fbd in main (argc=5, argv=0x7fffffffde68) at BTree_dup.cpp:718

1525	      return __is;
1526	    }
1527	
1528	  template <class _CharT, class _Traits, size_t _Nb>
1529	    std::basic_ostream<_CharT, _Traits>&
1530	    operator<<(std::basic_ostream<_CharT, _Traits>& __os,
1531		       const bitset<_Nb>& __x)
1532	    {
1533	      std::basic_string<_CharT, _Traits> __tmp;
1534	

Backtrace END
Fliping a bit of the pointer
Memory content before bitflip:0x900xc80x850x550x550x550x000x00
Fault Model: Double bit-flip
base address to flip value: 0x7fffffffdba8
address max offset: 8
Memory content after  bitflip:0x900xdc0x850x550x550x550x000x00
frame name: BTreeNode::traverse
symbol name: this
symbol filename: BTree_dup.cpp
symbol line: 0
value: 0x55555585c890
value address: 0x7fffffffdba8
Type: The type is a pointer.
Type sizeof: 8

[INFO -- 2018-11-26 00:52:06]
Fault Injection Successful after 2.531479597091675s
[INFO -- 2018-11-26 00:52:07]
event type: exit
[INFO -- 2018-11-26 00:52:07]
exit code: 0
