[INFO -- 2018-10-12 08:28:37]
sending 5 signals using command: 'killall -2 main' after 1.6333821017s
[INFO -- 2018-10-12 08:28:37]
sending 5 signals using command: 'killall -2 main' after 1.77267163948s
[INFO -- 2018-10-12 08:28:37]
sending 5 signals using command: 'killall -2 main' after 1.8120023043s
[INFO -- 2018-10-12 08:28:37]
Starting GDB script
[INFO -- 2018-10-12 08:28:37]
initSignal:0.0
[INFO -- 2018-10-12 08:28:37]
endSignal:2.0
[INFO -- 2018-10-12 08:28:37]
sending 5 signals using command: 'killall -2 main' after 0.4707142055s
[INFO -- 2018-10-12 08:28:38]
sending 5 signals using command: 'killall -2 main' after 0.557219979513s
[INFO -- 2018-10-12 08:28:38]
sending 5 signals using command: 'killall -2 main' after 1.35686557526s
[INFO -- 2018-10-12 08:28:39]
Execution finished before waitTime
