[INFO -- 2018-10-12 01:41:23]
Starting flip_value script
version: 1.1
[INFO -- 2018-10-12 01:41:23]
Initialization strings:
[INFO -- 2018-10-12 01:41:23]
(1) file /tmp/BTree/main
[INFO -- 2018-10-12 01:41:23]
(2)  set args /tmp/BTree/input_100000 /tmp/BTree/output_100000
[INFO -- 2018-10-12 01:41:23]
initSignal:0
[INFO -- 2018-10-12 01:41:23]
endSignal:2
[INFO -- 2018-10-12 01:41:23]
faultModel:1
[INFO -- 2018-10-12 01:41:24]
Backtrace BEGIN:
#0  0x00007ffff7b5fd52 in std::basic_ostream<char, std::char_traits<char> >& std::__ostream_insert<char, std::char_traits<char> >(std::basic_ostream<char, std::char_traits<char> >&, char const*, long) () from /usr/lib/x86_64-linux-gnu/libstdc++.so.6
#1  0x0000555555556956 in std::operator<< <char, std::char_traits<char>, 16ul> (__os=..., __x=std::bitset = {...}) at /usr/include/c++/7/bitset:1539
#2  0x00005555555563b2 in BTreeNode::traverse (this=0x5555559154b0) at BTree.cpp:592
#3  0x0000555555556377 in BTreeNode::traverse (this=0x555555a7d420) at BTree.cpp:591
#4  0x0000555555556377 in BTreeNode::traverse (this=0x5555559691b0) at BTree.cpp:591
#5  0x0000555555556377 in BTreeNode::traverse (this=0x555555969cf0) at BTree.cpp:591
#6  0x0000555555556377 in BTreeNode::traverse (this=0x5555559e0b50) at BTree.cpp:591
#7  0x0000555555556377 in BTreeNode::traverse (this=0x55555580ee30) at BTree.cpp:591
#8  0x0000555555556377 in BTreeNode::traverse (this=0x5555558124c0) at BTree.cpp:591
#9  0x00005555555563ff in BTreeNode::traverse (this=0x555555812430) at BTree.cpp:597
#10 0x0000555555556377 in BTreeNode::traverse (this=0x555555a27320) at BTree.cpp:591
#11 0x0000555555556851 in BTree::traverse (this=0x7fffffffddc0) at BTree.cpp:137
#12 0x0000555555556630 in main (argc=3, argv=0x7fffffffded8) at BTree.cpp:668

637				root = NULL;
638			else
639				root = root->C[0];
640	
641			// Free the old root
642			delete tmp;
643		}
644		return;
645	}
646	

Backtrace END
Fliping a bit of the pointer
Memory content before bitflip:0xc00xdd0xff0xff0xff0x7f0x000x00
Fault Model: Double bit-flip
base address to flip value: 0x7fffffffdd88
address max offset: 8
Memory content after  bitflip:0xc00xdd0xff0xff0xff0x7f0x000x11
frame name: BTree::traverse
symbol name: this
symbol filename: BTree.cpp
symbol line: 0
value: 0x7fffffffddc0
value address: 0x7fffffffdd88
Type: The type is a pointer.
Type sizeof: 8

[INFO -- 2018-10-12 01:41:24]
Fault Injection Successful after 1.4821655750274658s
[INFO -- 2018-10-12 01:41:24]
event type: exit
[INFO -- 2018-10-12 01:41:24]
exit code: 0
