[INFO -- 2018-12-09 00:46:17]
Starting flip_value script
version: 1.1
[INFO -- 2018-12-09 00:46:17]
Initialization strings:
[INFO -- 2018-12-09 00:46:17]
(1) file /tmp/Tree234/main
[INFO -- 2018-12-09 00:46:17]
(2) set args /tmp/Tree234/input_50000 /tmp/Tree234/output_50000
[INFO -- 2018-12-09 00:46:17]
initSignal:0
[INFO -- 2018-12-09 00:46:17]
endSignal:2
[INFO -- 2018-12-09 00:46:17]
faultModel:0
[INFO -- 2018-12-09 00:46:17]
Backtrace BEGIN:
#0  malloc (n=9) at dl-minimal.c:94
#1  <function called from gdb>
#2  0x00007ffff7df2367 in open64 () at ../sysdeps/unix/syscall-template.S:84
#3  0x00007ffff7ddc767 in open_verify (name=name@entry=0x7ffff7ffed60 "/usr/lib/x86_64-linux-gnu/libstdc++.so.6", fbp=fbp@entry=0x7fffffffd6b0, loader=<optimized out>, whatcode=whatcode@entry=8, mode=mode@entry=0, found_other_class=found_other_class@entry=0x7fffffffd69f, free_name=false, fd=-1) at dl-load.c:1787
#4  0x00007ffff7de01b6 in _dl_map_object (loader=0x7ffff7ffe168, name=0x4006e1 "libstdc++.so.6", type=1, trace_mode=0, mode=<optimized out>, nsid=<optimized out>) at dl-load.c:2401
#5  0x00007ffff7de4ba2 in openaux (a=a@entry=0x7fffffffdc90) at dl-deps.c:63
#6  0x00007ffff7de7564 in _dl_catch_error (objname=objname@entry=0x7fffffffdc88, errstring=errstring@entry=0x7fffffffdc80, mallocedp=mallocedp@entry=0x7fffffffdc7f, operate=operate@entry=0x7ffff7de4b70 <openaux>, args=args@entry=0x7fffffffdc90) at dl-error.c:187
#7  0x00007ffff7de51e2 in _dl_map_object_deps (map=map@entry=0x7ffff7ffe168, preloads=<optimized out>, npreloads=npreloads@entry=0, trace_mode=trace_mode@entry=0, open_mode=open_mode@entry=0) at dl-deps.c:254
#8  0x00007ffff7ddaa29 in dl_main (phdr=<optimized out>, phnum=<optimized out>, user_entry=<optimized out>, auxv=<optimized out>) at rtld.c:1647
#9  0x00007ffff7df0632 in _dl_sysdep_start (start_argptr=start_argptr@entry=0x7fffffffdee0, dl_main=dl_main@entry=0x7ffff7dd91e0 <dl_main>) at ../elf/dl-sysdep.c:249
#10 0x00007ffff7dd8c2a in _dl_start_final (arg=0x7fffffffdee0) at rtld.c:323
#11 _dl_start (arg=0x7fffffffdee0) at rtld.c:429
#12 0x00007ffff7dd7c38 in _start () from /lib64/ld-linux-x86-64.so.2
#13 0x0000000000000003 in ?? ()
#14 0x00007fffffffe25f in ?? ()
#15 0x00007fffffffe271 in ?? ()
#16 0x00007fffffffe28a in ?? ()
#17 0x0000000000000000 in ?? ()

89	in dl-minimal.c

Backtrace END
Memory content before bitflip:0x000x000x000x000x000x000x000x00
Fault Model: Single bit-flip
base address to flip value: 0x7fffffffdc00
address max offset: 8
Memory content after  bitflip:0x000x010x000x000x000x000x000x00
frame name: _dl_map_object_deps
symbol name: needed_space_bytes
symbol filename: dl-deps.c
symbol line: 189
value: 256
value address: 0x7fffffffdc00
Type: The type is an integer type.
Type sizeof: 8

[INFO -- 2018-12-09 00:46:17]
Fault Injection Successful after 0.7447261810302734s
[INFO -- 2018-12-09 00:46:18]
event type: exit
[INFO -- 2018-12-09 00:46:18]
exit code: 0
