[INFO -- 2018-11-25 15:52:55]
Starting flip_value script
version: 1.1
[INFO -- 2018-11-25 15:52:55]
Initialization strings:
[INFO -- 2018-11-25 15:52:55]
(1) file /tmp/BTree-dup/main
[INFO -- 2018-11-25 15:52:55]
(2)  set args /tmp/BTree-dup/input_100000 /tmp/BTree-dup/output_100000 /tmp/BTree-dup-detection.log /tmp/BTree-dup/output2_100000
[INFO -- 2018-11-25 15:52:55]
initSignal:0
[INFO -- 2018-11-25 15:52:55]
endSignal:2
[INFO -- 2018-11-25 15:52:55]
faultModel:1
[INFO -- 2018-11-25 15:52:56]
Backtrace BEGIN:
#0  0x00007ffff72a27ea in __GI__IO_fflush (fp=0x7ffff7610760 <_IO_2_1_stdout_>) at iofflush.c:32
#1  0x00007ffff7b5ef5e in std::ostream::flush() () from /usr/lib/x86_64-linux-gnu/libstdc++.so.6
#2  0x0000555555556927 in BTreeNode::traverse (this=0x55555594dfd0) at BTree_dup.cpp:594
#3  0x00005555555568d7 in BTreeNode::traverse (this=0x555555b13660) at BTree_dup.cpp:593
#4  0x000055555555695f in BTreeNode::traverse (this=0x555555b2cec0) at BTree_dup.cpp:599
#5  0x000055555555695f in BTreeNode::traverse (this=0x555555825d50) at BTree_dup.cpp:599
#6  0x00005555555568d7 in BTreeNode::traverse (this=0x55555585c890) at BTree_dup.cpp:593
#7  0x00005555555568d7 in BTreeNode::traverse (this=0x5555558c0df0) at BTree_dup.cpp:593
#8  0x00005555555568d7 in BTreeNode::traverse (this=0x555555815cd0) at BTree_dup.cpp:593
#9  0x000055555555695f in BTreeNode::traverse (this=0x555555815c40) at BTree_dup.cpp:599
#10 0x00005555555568d7 in BTreeNode::traverse (this=0x555555a2ab30) at BTree_dup.cpp:593
#11 0x00005555555572bb in BTree::traverse (this=0x7fffffffdd40) at BTree_dup.cpp:139
#12 0x0000555555556fbd in main (argc=5, argv=0x7fffffffde68) at BTree_dup.cpp:718

27	iofflush.c: Arquivo ou diretório inexistente.

Backtrace END
Memory content before bitflip:0x050x000x000x00
Fault Model: Double bit-flip
base address to flip value: 0x7fffffffdd1c
address max offset: 4
Memory content after  bitflip:0x050x000x120x00
frame name: main
symbol name: argc
symbol filename: BTree_dup.cpp
symbol line: 691
value: 1179653
value address: 0x7fffffffdd1c
Type: The type is an integer type.
Type sizeof: 4

[INFO -- 2018-11-25 15:52:56]
Fault Injection Successful after 1.768301248550415s
[INFO -- 2018-11-25 15:52:57]
event type: exit
[INFO -- 2018-11-25 15:52:57]
exit code: 0
