[INFO -- 2018-11-25 22:30:39]
Starting flip_value script
version: 1.1
[INFO -- 2018-11-25 22:30:39]
Initialization strings:
[INFO -- 2018-11-25 22:30:39]
(1) file /tmp/BTree-dup/main
[INFO -- 2018-11-25 22:30:39]
(2)  set args /tmp/BTree-dup/input_100000 /tmp/BTree-dup/output_100000 /tmp/BTree-dup-detection.log /tmp/BTree-dup/output2_100000
[INFO -- 2018-11-25 22:30:39]
initSignal:0
[INFO -- 2018-11-25 22:30:39]
endSignal:2
[INFO -- 2018-11-25 22:30:39]
faultModel:4
[INFO -- 2018-11-25 22:30:40]
Backtrace BEGIN:
#0  0x000055555555656b in BTreeNode::insertNonFull (this=0x55555596a260, k=1463935) at BTree_dup.cpp:520
#1  0x0000555555556639 in BTreeNode::insertNonFull (this=0x5555558f2290, k=1463935) at BTree_dup.cpp:535
#2  0x0000555555556639 in BTreeNode::insertNonFull (this=0x555555815c40, k=1463935) at BTree_dup.cpp:535
#3  0x0000555555556639 in BTreeNode::insertNonFull (this=0x555555a2ab30, k=1463935) at BTree_dup.cpp:535
#4  0x0000555555556478 in BTree::insert (this=0x7fffffffda50, k=1463935) at BTree_dup.cpp:489
#5  0x0000555555556c25 in runner (input=0x7fffffffe22a "/tmp/BTree-dup/input_100000") at BTree_dup.cpp:664
#6  0x0000555555556f51 in main (argc=5, argv=0x7fffffffde68) at BTree_dup.cpp:711

515			n = n+1;
516		}
517		else // If this node is not leaf
518		{
519			// Find the child which is going to have the new key
520			while (i >= 0 && keys[i] > k)
521				i--;
522	
523			// See if the found child is full
524			if (C[i+1]->n == 2*t-1)

Backtrace END
Fliping value of field: root
Fliping a bit of the pointer
Memory content before bitflip:0x000x000x000x000x000x000x000x00
Fault Model: LSB bit-flip
base address to flip value: 0x7fffffffdd50
address max offset: 8
Memory content after  bitflip:0x000x000x000x000x000x000x000x01
frame name: main
symbol name: bTree2
symbol filename: BTree_dup.cpp
symbol line: 705
value: {root = 0x100000000000000, t = 3}
value address: 0x7fffffffdd50
Type: The type is a structure.
Type sizeof: 16
Field name: root
Field Type: The type is a pointer.
Field Type sizeof: 8
Field name: t
Field Type: The type is an integer type.
Field Type sizeof: 4

[INFO -- 2018-11-25 22:30:40]
Fault Injection Successful after 1.5783615112304688s
[INFO -- 2018-11-25 22:30:41]
event type: exit
[INFO -- 2018-11-25 22:30:41]
exit code: 0
