[INFO -- 2018-10-16 23:33:20]
sending 5 signals using command: 'killall -2 main' after 1.67246096849s
[INFO -- 2018-10-16 23:33:20]
sending 5 signals using command: 'killall -2 main' after 1.69052642584s
[INFO -- 2018-10-16 23:33:20]
sending 5 signals using command: 'killall -2 main' after 1.75234049574s
[INFO -- 2018-10-16 23:33:20]
Starting GDB script
[INFO -- 2018-10-16 23:33:20]
initSignal:0.0
[INFO -- 2018-10-16 23:33:20]
endSignal:2.0
[INFO -- 2018-10-16 23:33:20]
sending 5 signals using command: 'killall -2 main' after 0.0490912796695s
[INFO -- 2018-10-16 23:33:21]
sending 5 signals using command: 'killall -2 main' after 0.875578524368s
[INFO -- 2018-10-16 23:33:21]
sending 5 signals using command: 'killall -2 main' after 1.00747481185s
[INFO -- 2018-10-16 23:33:21]
Execution finished before waitTime
