[INFO -- 2018-10-17 01:00:27]
Starting flip_value script
version: 1.1
[INFO -- 2018-10-17 01:00:27]
Initialization strings:
[INFO -- 2018-10-17 01:00:27]
(1) file /tmp/Tree234/main
[INFO -- 2018-10-17 01:00:27]
(2) set args /tmp/Tree234/input_50000 /tmp/Tree234/output_50000
[INFO -- 2018-10-17 01:00:27]
initSignal:0
[INFO -- 2018-10-17 01:00:27]
endSignal:2
[INFO -- 2018-10-17 01:00:27]
faultModel:0
[EXCEPTION -- 2018-10-17 01:00:27]
gdbException: Attempt to dereference a generic pointer.
[INFO -- 2018-10-17 01:00:27]
Backtrace BEGIN:
#0  0x00007ffff7df2387 in access () at ../sysdeps/unix/syscall-template.S:84
#1  0x00007ffff7de648c in _dl_important_hwcaps (platform=0x7fffffffe1f9 "x86_64", platform_len=6, sz=sz@entry=0x7ffff7ffce28 <ncapstr>, max_capstrlen=max_capstrlen@entry=0x7ffff7ffce20 <max_capstrlen>) at dl-hwcaps.c:115
#2  0x00007ffff7ddf4f5 in _dl_init_paths (llp=0x0) at dl-load.c:674
#3  0x00007ffff7dda7f6 in dl_main (phdr=<optimized out>, phnum=9, user_entry=<optimized out>, auxv=<optimized out>) at rtld.c:1248
#4  0x00007ffff7df0632 in _dl_sysdep_start (start_argptr=start_argptr@entry=0x7fffffffde70, dl_main=dl_main@entry=0x7ffff7dd91e0 <dl_main>) at ../elf/dl-sysdep.c:249
#5  0x00007ffff7dd8c2a in _dl_start_final (arg=0x7fffffffde70) at rtld.c:323
#6  _dl_start (arg=0x7fffffffde70) at rtld.c:429
#7  0x00007ffff7dd7c38 in _start () from /lib64/ld-linux-x86-64.so.2
#8  0x0000000000000003 in ?? ()
#9  0x00007fffffffe20c in ?? ()
#10 0x00007fffffffe21e in ?? ()
#11 0x00007fffffffe237 in ?? ()
#12 0x0000000000000000 in ?? ()

79	in ../sysdeps/unix/syscall-template.S

Backtrace END
Fliping a bit of the pointer
Memory content before bitflip:0x780xde0xff0xff0xff0x7f0x000x00
Fault Model: Single bit-flip
base address to flip value: 0x7ffff7ffcc80 
address max offset: 8
Memory content after  bitflip:0x7a0xde0xff0xff0xff0x7f0x000x00
frame name: _dl_start
symbol name: __GI__dl_argv
symbol filename: rtld.c
symbol line: 83
value: 0x7fffffffde78
value address: 0x7ffff7ffcc80 <_dl_argv>
Type: The type is a pointer.
Type sizeof: 8

[INFO -- 2018-10-17 01:00:27]
Fault Injection Successful after 0.7410674095153809s
[INFO -- 2018-10-17 01:00:28]
event type: exit
[INFO -- 2018-10-17 01:00:28]
exit code: 0
