[INFO -- 2018-10-17 00:56:48]
sending 5 signals using command: 'killall -2 main' after 1.26891938049s
[INFO -- 2018-10-17 00:56:48]
sending 5 signals using command: 'killall -2 main' after 1.36846123853s
[INFO -- 2018-10-17 00:56:48]
sending 5 signals using command: 'killall -2 main' after 1.72355439168s
[INFO -- 2018-10-17 00:56:48]
Starting GDB script
[INFO -- 2018-10-17 00:56:48]
initSignal:0.0
[INFO -- 2018-10-17 00:56:48]
endSignal:2.0
[INFO -- 2018-10-17 00:56:49]
sending 5 signals using command: 'killall -2 main' after 0.489433765621s
[INFO -- 2018-10-17 00:56:49]
sending 5 signals using command: 'killall -2 main' after 0.537752531076s
[INFO -- 2018-10-17 00:56:49]
sending 5 signals using command: 'killall -2 main' after 0.663806682879s
[INFO -- 2018-10-17 00:56:49]
Execution finished before waitTime
