[INFO -- 2018-11-26 00:23:46]
Starting flip_value script
version: 1.1
[INFO -- 2018-11-26 00:23:46]
Initialization strings:
[INFO -- 2018-11-26 00:23:46]
(1) file /tmp/BTree-dup/main
[INFO -- 2018-11-26 00:23:46]
(2)  set args /tmp/BTree-dup/input_100000 /tmp/BTree-dup/output_100000 /tmp/BTree-dup-detection.log /tmp/BTree-dup/output2_100000
[INFO -- 2018-11-26 00:23:46]
initSignal:0
[INFO -- 2018-11-26 00:23:46]
endSignal:2
[INFO -- 2018-11-26 00:23:46]
faultModel:2
[EXCEPTION -- 2018-11-26 00:23:48]
pythonException: empty range for randrange() (0,0, 0)
[INFO -- 2018-11-26 00:23:48]
Backtrace BEGIN:
#0  0x00007ffff7b50313 in std::ctype<char> const& std::use_facet<std::ctype<char> >(std::locale const&) () from /usr/lib/x86_64-linux-gnu/libstdc++.so.6
#1  0x000055555555738d in std::operator<< <char, std::char_traits<char>, 16ul> (__os=..., __x=std::bitset = {...}) at /usr/include/c++/7/bitset:1537
#2  0x0000555555556912 in BTreeNode::traverse (this=0x555555a36c20) at BTree_dup.cpp:594
#3  0x00005555555568d7 in BTreeNode::traverse (this=0x5555558a6a50) at BTree_dup.cpp:593
#4  0x00005555555568d7 in BTreeNode::traverse (this=0x555555b73690) at BTree_dup.cpp:593
#5  0x000055555555695f in BTreeNode::traverse (this=0x555555b21490) at BTree_dup.cpp:599
#6  0x000055555555695f in BTreeNode::traverse (this=0x555555a778d0) at BTree_dup.cpp:599
#7  0x00005555555568d7 in BTreeNode::traverse (this=0x555555b76d20) at BTree_dup.cpp:593
#8  0x00005555555568d7 in BTreeNode::traverse (this=0x555555af22d0) at BTree_dup.cpp:593
#9  0x00005555555568d7 in BTreeNode::traverse (this=0x555555815c40) at BTree_dup.cpp:593
#10 0x00005555555568d7 in BTreeNode::traverse (this=0x555555a2ab30) at BTree_dup.cpp:593
#11 0x00005555555572bb in BTree::traverse (this=0x7fffffffdd40) at BTree_dup.cpp:139
#12 0x0000555555556fbd in main (argc=5, argv=0x7fffffffde68) at BTree_dup.cpp:718

687	        }
688	    }
689	}
690	
691	int main(int argc, char * argv[]) {
692	
693	    if (argc != 5){
694	        cerr << "Uso correto: ./main [input file] [output file] [log file] [output2 file]" << endl;
695	        return 0;
696	    }

Backtrace END
Fliping value of field: None
Fliping value of field name: _M_local_buf
Fliping array at pos: 0
Memory content before bitflip:0x00
Fault Model: Random bit-flip
base address to flip value: 0x7fffffffda60 
address max offset: 1
Memory content after  bitflip:0x59
frame name: std::operator<< <char, std::char_traits<char>, 16ul>
symbol name: __tmp
symbol filename: /usr/include/c++/7/bitset
symbol line: 1533
value: ""
value address: 0x7fffffffda50
Type: The type is a structure.
Type sizeof: 32
Field name: npos
Field Type: The type is an integer type.
Field Type sizeof: 8
Field name: _M_dataplus
Field Type: The type is a structure.
Field Type sizeof: 8
Field name: _M_string_length
Field Type: The type is an integer type.
Field Type sizeof: 8
Field name: None
Field Type: The type is a union.
Field Type sizeof: 16

[INFO -- 2018-11-26 00:23:48]
Fault Injection Successful after 2.4797141551971436s
[INFO -- 2018-11-26 00:23:49]
event type: exit
[INFO -- 2018-11-26 00:23:49]
exit code: 0
