[INFO -- 2018-10-12 09:45:31]
sending 5 signals using command: 'killall -2 main' after 1.72555568151s
[INFO -- 2018-10-12 09:45:31]
sending 5 signals using command: 'killall -2 main' after 1.88318447657s
[INFO -- 2018-10-12 09:45:31]
sending 5 signals using command: 'killall -2 main' after 1.90656479043s
[INFO -- 2018-10-12 09:45:31]
Starting GDB script
[INFO -- 2018-10-12 09:45:31]
initSignal:0.0
[INFO -- 2018-10-12 09:45:31]
endSignal:2.0
[INFO -- 2018-10-12 09:45:31]
sending 5 signals using command: 'killall -2 main' after 0.123041250733s
[INFO -- 2018-10-12 09:45:32]
sending 5 signals using command: 'killall -2 main' after 0.75086426921s
[INFO -- 2018-10-12 09:45:32]
sending 5 signals using command: 'killall -2 main' after 1.27955953551s
[INFO -- 2018-10-12 09:45:33]
Execution finished before waitTime
