[INFO -- 2018-10-17 23:56:44]
Starting flip_value script
version: 1.1
[INFO -- 2018-10-17 23:56:44]
Initialization strings:
[INFO -- 2018-10-17 23:56:44]
(1) file /tmp/Tree234/main
[INFO -- 2018-10-17 23:56:44]
(2) set args /tmp/Tree234/input_50000 /tmp/Tree234/output_50000
[INFO -- 2018-10-17 23:56:44]
initSignal:0
[INFO -- 2018-10-17 23:56:44]
endSignal:2
[INFO -- 2018-10-17 23:56:44]
faultModel:0
[EXCEPTION -- 2018-10-17 23:56:45]
gdbException: Attempt to dereference a generic pointer.
[INFO -- 2018-10-17 23:56:45]
event type: exit
[INFO -- 2018-10-17 23:56:45]
exit code: 0
