[INFO -- 2018-12-09 16:07:22]
Starting flip_value script
version: 1.1
[INFO -- 2018-12-09 16:07:22]
Initialization strings:
[INFO -- 2018-12-09 16:07:22]
(1) file /tmp/Tree234/main
[INFO -- 2018-12-09 16:07:22]
(2) set args /tmp/Tree234/input_100000 /tmp/Tree234/output_100000 /tmp/Tree234/detectionLog_100000.log /tmp/Tree234/output2_100000
[INFO -- 2018-12-09 16:07:22]
initSignal:0
[INFO -- 2018-12-09 16:07:22]
endSignal:5
[INFO -- 2018-12-09 16:07:22]
faultModel:3
[INFO -- 2018-12-09 16:07:24]
Backtrace BEGIN:
#0  0x00007ffff72dc527 in __GI___libc_free (mem=0x618ca0) at malloc.c:2967
#1  0x0000000000402e90 in std::basic_ostream<char, std::char_traits<char> >& std::operator<< <char, std::char_traits<char>, 16ul>(std::basic_ostream<char, std::char_traits<char> >&, std::bitset<16ul> const&) ()
#2  0x0000000000402563 in Arvore234::imprime(no*) ()
#3  0x00000000004025d0 in Arvore234::imprime(no*) ()
#4  0x00000000004025d0 in Arvore234::imprime(no*) ()
#5  0x00000000004025d0 in Arvore234::imprime(no*) ()
#6  0x00000000004025d0 in Arvore234::imprime(no*) ()
#7  0x00000000004025d0 in Arvore234::imprime(no*) ()
#8  0x00000000004025d0 in Arvore234::imprime(no*) ()
#9  0x00000000004025d0 in Arvore234::imprime(no*) ()
#10 0x00000000004025d0 in Arvore234::imprime(no*) ()
#11 0x00000000004025d0 in Arvore234::imprime(no*) ()
#12 0x00000000004025d0 in Arvore234::imprime(no*) ()
#13 0x00000000004025d0 in Arvore234::imprime(no*) ()
#14 0x00000000004025d0 in Arvore234::imprime(no*) ()
#15 0x0000000000402610 in Arvore234::imprime() ()
#16 0x0000000000402b16 in main ()

2962	in malloc.c

Backtrace END
Fliping a bit of the pointer
Memory content before bitflip:0x000x000x000x000x000x000x000x00
Fault Model: Zero bit-flip
base address to flip value: 0x7ffff761cb10 
address max offset: 8
Memory content after  bitflip:0x000x000x000x000x000x000x000x00
frame name: __GI___libc_free
symbol name: __malloc_hook
symbol filename: malloc.c
symbol line: 1852
value: 0x0
value address: 0x7ffff761cb10 <__malloc_hook>
Type: The type is a pointer.
Type sizeof: 8

[INFO -- 2018-12-09 16:07:24]
Fault Injection Successful after 2.177778959274292s
[INFO -- 2018-12-09 16:07:24]
event type: exit
[INFO -- 2018-12-09 16:07:24]
exit code: 0
