[INFO -- 2018-12-01 05:06:03]
Starting flip_value script
version: 1.1
[INFO -- 2018-12-01 05:06:03]
Initialization strings:
[INFO -- 2018-12-01 05:06:03]
(1) file /tmp/splay/main
[INFO -- 2018-12-01 05:06:03]
(2) set args /tmp/splay/input_100000 /tmp/splay/output_100000
[INFO -- 2018-12-01 05:06:03]
initSignal:0
[INFO -- 2018-12-01 05:06:03]
endSignal:5
[INFO -- 2018-12-01 05:06:03]
faultModel:2
[INFO -- 2018-12-01 05:06:04]
Backtrace BEGIN:
#0  0x00007ffff7cbe6c5 in _int_malloc (av=av@entry=0x7ffff7e0fc40 <main_arena>, bytes=bytes@entry=24) at malloc.c:3570
#1  0x00007ffff7cc0c23 in __GI___libc_malloc (bytes=24) at malloc.c:3041
#2  0x00007ffff7ec2248 in operator new(unsigned long) () from /usr/lib/x86_64-linux-gnu/libstdc++.so.6
#3  0x0000555555557845 in New_Node (key=2365638) at splay.cpp:112
#4  0x00005555555578ca in Insert (key=2365638, root=0x5555556c2410) at splay.cpp:136
#5  0x00005555555564bb in main (argc=3, argv=0x7fffffffdfb8) at main.cpp:31

3565	in malloc.c

Backtrace END
Fliping a bit of the pointer
Memory content before bitflip:0x000x000x000x000x000x000x000x00
Fault Model: Random bit-flip
base address to flip value: 0x55555555b2a0 
address max offset: 8
Memory content after  bitflip:0x000x330xc10x8e0x020xfb0x7e0x08
frame name: Insert
symbol name: p_node
symbol filename: splay.cpp
symbol line: 134
value: 0x0
value address: 0x55555555b2a0 <Insert(int, splay*)::p_node>
Type: The type is a pointer.
Type sizeof: 8

[INFO -- 2018-12-01 05:06:04]
Fault Injection Successful after 1.085942268371582s
[INFO -- 2018-12-01 05:06:04]
event type: exit
[INFO -- 2018-12-01 05:06:04]
exit code: 0
