[INFO -- 2018-12-01 13:15:49]
Starting flip_value script
version: 1.1
[INFO -- 2018-12-01 13:15:49]
Initialization strings:
[INFO -- 2018-12-01 13:15:49]
(1) file /tmp/splay/main
[INFO -- 2018-12-01 13:15:49]
(2) set args /tmp/splay/input_100000 /tmp/splay/output_100000
[INFO -- 2018-12-01 13:15:49]
initSignal:0
[INFO -- 2018-12-01 13:15:49]
endSignal:5
[INFO -- 2018-12-01 13:15:49]
faultModel:3
[INFO -- 2018-12-01 13:15:49]
Backtrace BEGIN:
#0  Splay (key=2712071, root=0x5555555a5670) at splay.cpp:103
#1  0x0000555555557916 in Insert (key=2712071, root=0x5555555aa170) at splay.cpp:145
#2  0x00005555555564bb in main (argc=3, argv=0x7fffffffdfb8) at main.cpp:31

98			else
99				break;
100		}
101		/* assemble L Tree, Middle Tree and R tree together */
102		LeftTreeMax->rchild = root->lchild;
103		RightTreeMin->lchild = root->rchild;
104		root->lchild = header.rchild;
105		root->rchild = header.lchild;
106		
107		return root;

Backtrace END
Fliping a bit of the value pointed by a pointer
Fliping value of field: lchild
Fliping a bit of the pointer
Memory content before bitflip:0x000x000x000x000x000x000x000x00
Fault Model: Zero bit-flip
base address to flip value: 0x555555598cf8
address max offset: 8
Memory content after  bitflip:0x000x000x000x000x000x000x000x00
frame name: Splay
symbol name: RightTreeMin
symbol filename: splay.cpp
symbol line: 51
value: 0x555555598cf0
value address: 0x7fffffffdbd8
Type: The type is a pointer.
Type sizeof: 8

[INFO -- 2018-12-01 13:15:49]
Fault Injection Successful after 0.4078493118286133s
[INFO -- 2018-12-01 13:15:49]
event type: exit
[INFO -- 2018-12-01 13:15:49]
exit code: 0
