[INFO -- 2018-12-01 01:36:45]
sending 5 signals using command: 'killall -2 main' after 2.07443958052s
[INFO -- 2018-12-01 01:36:45]
sending 5 signals using command: 'killall -2 main' after 2.19857870925s
[INFO -- 2018-12-01 01:36:47]
sending 5 signals using command: 'killall -2 main' after 4.32929607324s
[INFO -- 2018-12-01 01:36:47]
Starting GDB script
[INFO -- 2018-12-01 01:36:47]
initSignal:0.0
[INFO -- 2018-12-01 01:36:47]
endSignal:5.0
[INFO -- 2018-12-01 01:36:47]
sending 5 signals using command: 'killall -2 main' after 0.153061876128s
[INFO -- 2018-12-01 01:36:48]
sending 5 signals using command: 'killall -2 main' after 0.593914856626s
[INFO -- 2018-12-01 01:36:48]
sending 5 signals using command: 'killall -2 main' after 0.795060478854s
[INFO -- 2018-12-01 01:36:49]
Execution finished before waitTime
