[INFO -- 2018-11-30 17:15:16]
sending 5 signals using command: 'killall -2 main' after 2.8017370544s
[INFO -- 2018-11-30 17:15:17]
sending 5 signals using command: 'killall -2 main' after 3.13281419308s
[INFO -- 2018-11-30 17:15:17]
sending 5 signals using command: 'killall -2 main' after 3.76655627658s
[INFO -- 2018-11-30 17:15:18]
Starting GDB script
[INFO -- 2018-11-30 17:15:18]
initSignal:0.0
[INFO -- 2018-11-30 17:15:18]
endSignal:5.0
[INFO -- 2018-11-30 17:15:18]
sending 5 signals using command: 'killall -2 main' after 0.0756007185387s
[INFO -- 2018-11-30 17:15:18]
sending 5 signals using command: 'killall -2 main' after 0.468433121861s
[INFO -- 2018-11-30 17:15:19]
sending 5 signals using command: 'killall -2 main' after 1.26968644256s
[INFO -- 2018-11-30 17:15:19]
Execution finished before waitTime
