[INFO -- 2018-12-09 00:58:47]
Starting flip_value script
version: 1.1
[INFO -- 2018-12-09 00:58:47]
Initialization strings:
[INFO -- 2018-12-09 00:58:47]
(1) file /tmp/Tree234/main
[INFO -- 2018-12-09 00:58:47]
(2) set args /tmp/Tree234/input_50000 /tmp/Tree234/output_50000
[INFO -- 2018-12-09 00:58:47]
initSignal:0
[INFO -- 2018-12-09 00:58:47]
endSignal:2
[INFO -- 2018-12-09 00:58:47]
faultModel:3
[EXCEPTION -- 2018-12-09 00:58:47]
gdbException: Attempt to dereference a generic pointer.
[INFO -- 2018-12-09 00:58:48]
event type: exit
[INFO -- 2018-12-09 00:58:48]
exit code: 0
