[INFO -- 2018-12-09 12:06:32]
Starting flip_value script
version: 1.1
[INFO -- 2018-12-09 12:06:32]
Initialization strings:
[INFO -- 2018-12-09 12:06:32]
(1) file /tmp/Tree234/main
[INFO -- 2018-12-09 12:06:32]
(2) set args /tmp/Tree234/input_100000 /tmp/Tree234/output_100000 /tmp/Tree234/detectionLog_100000.log /tmp/Tree234/output2_100000
[INFO -- 2018-12-09 12:06:32]
initSignal:0
[INFO -- 2018-12-09 12:06:32]
endSignal:5
[INFO -- 2018-12-09 12:06:32]
faultModel:2
[INFO -- 2018-12-09 12:06:33]
Backtrace BEGIN:
#0  do_lookup_x (undef_name=undef_name@entry=0x400ccb "fclose", new_hash=new_hash@entry=4245278497, old_hash=old_hash@entry=0x7fffffffdb50, ref=0x4005d8, result=result@entry=0x7fffffffdb60, scope=<optimized out>, i=0, version=0x7ffff7fd9ba8, flags=1, skip=0x0, type_class=1, undef_map=0x7ffff7ffe168) at dl-lookup.c:369
#1  0x00007ffff7de1b1f in _dl_lookup_symbol_x (undef_name=0x400ccb "fclose", undef_map=0x7ffff7ffe168, ref=ref@entry=0x7fffffffdc18, symbol_scope=0x7ffff7ffe4c0, version=0x7ffff7fd9ba8, type_class=type_class@entry=1, flags=1, skip_map=0x0) at dl-lookup.c:829
#2  0x00007ffff7de6ac6 in _dl_fixup (l=<optimized out>, reloc_arg=<optimized out>) at ../elf/dl-runtime.c:111
#3  0x00007ffff7deeeef in _dl_runtime_resolve_sse () at ../sysdeps/x86_64/dl-trampoline.h:112
#4  0x0000000000403ea0 in ?? ()
#5  0x0000000000000000 in ?? ()

364	in dl-lookup.c

Backtrace END
Memory content before bitflip:0x020x000x000x00
Fault Model: Random bit-flip
base address to flip value: 0x7fffffffda84
address max offset: 4
Memory content after  bitflip:0x9e0x930x2e0x87
frame name: do_lookup_x
symbol name: num_versions
symbol filename: dl-lookup.c
symbol line: 391
value: -2026990690
value address: 0x7fffffffda84
Type: The type is an integer type.
Type sizeof: 4

[INFO -- 2018-12-09 12:06:33]
Fault Injection Successful after 1.5376062393188477s
[INFO -- 2018-12-09 12:06:34]
event type: exit
[INFO -- 2018-12-09 12:06:34]
exit code: 0
