[INFO -- 2018-12-01 03:55:33]
Starting flip_value script
version: 1.1
[INFO -- 2018-12-01 03:55:33]
Initialization strings:
[INFO -- 2018-12-01 03:55:33]
(1) file /tmp/splay/main
[INFO -- 2018-12-01 03:55:33]
(2) set args /tmp/splay/input_100000 /tmp/splay/output_100000
[INFO -- 2018-12-01 03:55:33]
initSignal:0
[INFO -- 2018-12-01 03:55:33]
endSignal:5
[INFO -- 2018-12-01 03:55:33]
faultModel:4
[INFO -- 2018-12-01 03:55:33]
Backtrace BEGIN:
#0  0x00007ffff7cc0d39 in tcache_get (tc_idx=1) at malloc.c:2927
#1  __GI___libc_malloc (bytes=31) at malloc.c:3034
#2  0x00007ffff7ec2248 in operator new(unsigned long) () from /usr/lib/x86_64-linux-gnu/libstdc++.so.6
#3  0x00007ffff7f53dbb in std::__cxx11::basic_string<char, std::char_traits<char>, std::allocator<char> >::_M_mutate(unsigned long, unsigned long, char const*, unsigned long) () from /usr/lib/x86_64-linux-gnu/libstdc++.so.6
#4  0x00007ffff7f54790 in std::__cxx11::basic_string<char, std::char_traits<char>, std::allocator<char> >::_M_replace_aux(unsigned long, unsigned long, unsigned long, char) () from /usr/lib/x86_64-linux-gnu/libstdc++.so.6
#5  0x0000555555557e8d in std::bitset<16ul>::_M_copy_to_string<char, std::char_traits<char>, std::allocator<char> > (this=0x7fffffffd730, __s="", __zero=48 '0', __one=49 '1') at /usr/include/c++/8/bitset:1411
#6  0x0000555555557ded in std::operator<< <char, std::char_traits<char>, 16ul> (__os=..., __x=std::bitset = {...}) at /usr/include/c++/8/bitset:1542
#7  0x0000555555557ae8 in InOrder (root=0x5555555fd950) at splay.cpp:253
#8  0x0000555555557b0d in InOrder (root=0x555555646d90) at splay.cpp:254
#9  0x0000555555557b0d in InOrder (root=0x5555557a8090) at splay.cpp:254
#10 0x0000555555557abd in InOrder (root=0x5555555ac390) at splay.cpp:252
#11 0x0000555555557abd in InOrder (root=0x55555585b9d0) at splay.cpp:252
#12 0x0000555555557abd in InOrder (root=0x55555585f190) at splay.cpp:252
#13 0x0000555555557abd in InOrder (root=0x555555868a70) at splay.cpp:252
#14 0x0000555555557abd in InOrder (root=0x55555574ea30) at splay.cpp:252
#15 0x0000555555557b0d in InOrder (root=0x55555586fa90) at splay.cpp:254
#16 0x0000555555557b0d in InOrder (root=0x55555563aef0) at splay.cpp:254
#17 0x0000555555557abd in InOrder (root=0x5555558771f0) at splay.cpp:252
#18 0x0000555555557abd in InOrder (root=0x5555556aad70) at splay.cpp:252
#19 0x0000555555557abd in InOrder (root=0x5555555dbe10) at splay.cpp:252
#20 0x0000555555557abd in InOrder (root=0x55555587aa90) at splay.cpp:252
#21 0x0000555555557b0d in InOrder (root=0x555555810510) at splay.cpp:254
#22 0x0000555555557abd in InOrder (root=0x55555587d970) at splay.cpp:252
#23 0x0000555555557abd in InOrder (root=0x55555578fdf0) at splay.cpp:252
#24 0x0000555555557b0d in InOrder (root=0x55555587da90) at splay.cpp:254
#25 0x0000555555557b0d in InOrder (root=0x5555557d8790) at splay.cpp:254
#26 0x0000555555557abd in InOrder (root=0x55555585f590) at splay.cpp:252
#27 0x0000555555557b0d in InOrder (root=0x55555587db50) at splay.cpp:254
#28 0x0000555555557abd in InOrder (root=0x555555774190) at splay.cpp:252
#29 0x0000555555557b0d in InOrder (root=0x555555774870) at splay.cpp:254
#30 0x0000555555557abd in InOrder (root=0x55555587dcb0) at splay.cpp:252
#31 0x0000555555557b0d in InOrder (root=0x555555693810) at splay.cpp:254
#32 0x0000555555557b0d in InOrder (root=0x555555634c10) at splay.cpp:254
#33 0x0000555555557b0d in InOrder (root=0x55555587dcd0) at splay.cpp:254
#34 0x00005555555564fe in main (argc=3, argv=0x7fffffffdfb8) at main.cpp:35

2922	in malloc.c

Backtrace END
Fliping a bit of the value pointed by a pointer
Fliping value of field: lchild
Fliping a bit of the pointer
Memory content before bitflip:0x100xd20x870x550x550x550x000x00
Fault Model: LSB bit-flip
base address to flip value: 0x55555587db58
address max offset: 8
Memory content after  bitflip:0x100xd20x870x550x550x550x000x40
frame name: InOrder
symbol name: root
symbol filename: splay.cpp
symbol line: 248
value: 0x55555587db50
value address: 0x7fffffffdae8
Type: The type is a pointer.
Type sizeof: 8

[INFO -- 2018-12-01 03:55:33]
Fault Injection Successful after 0.9876484870910645s
[INFO -- 2018-12-01 03:55:34]
event type: exit
[INFO -- 2018-12-01 03:55:34]
exit code: 0
