[INFO -- 2018-10-12 02:52:33]
Starting flip_value script
version: 1.1
[INFO -- 2018-10-12 02:52:33]
Initialization strings:
[INFO -- 2018-10-12 02:52:33]
(1) file /tmp/BTree/main
[INFO -- 2018-10-12 02:52:33]
(2)  set args /tmp/BTree/input_100000 /tmp/BTree/output_100000
[INFO -- 2018-10-12 02:52:33]
initSignal:0
[INFO -- 2018-10-12 02:52:33]
endSignal:2
[INFO -- 2018-10-12 02:52:33]
faultModel:4
[EXCEPTION -- 2018-10-12 02:52:33]
gdbException: Tentativo de desreferenciar um ponteiro genérico.
[INFO -- 2018-10-12 02:52:33]
event type: exit
[INFO -- 2018-10-12 02:52:33]
exit code: 0
