[INFO -- 2018-10-16 22:07:36]
Starting flip_value script
version: 1.1
[INFO -- 2018-10-16 22:07:36]
Initialization strings:
[INFO -- 2018-10-16 22:07:36]
(1) file /tmp/Tree234/main
[INFO -- 2018-10-16 22:07:36]
(2) set args /tmp/Tree234/input_50000 /tmp/Tree234/output_50000
[INFO -- 2018-10-16 22:07:36]
initSignal:0
[INFO -- 2018-10-16 22:07:36]
endSignal:2
[INFO -- 2018-10-16 22:07:36]
faultModel:0
[EXCEPTION -- 2018-10-16 22:07:37]
gdbException: Attempt to dereference a generic pointer.
[INFO -- 2018-10-16 22:07:37]
event type: exit
[EXCEPTION -- 2018-10-16 22:07:37]
exit code: no exit code available
