[INFO -- 2018-11-25 15:33:34]
Starting flip_value script
version: 1.1
[INFO -- 2018-11-25 15:33:34]
Initialization strings:
[INFO -- 2018-11-25 15:33:34]
(1) file /tmp/BTree-dup/main
[INFO -- 2018-11-25 15:33:34]
(2)  set args /tmp/BTree-dup/input_100000 /tmp/BTree-dup/output_100000 /tmp/BTree-dup-detection.log /tmp/BTree-dup/output2_100000
[INFO -- 2018-11-25 15:33:34]
initSignal:0
[INFO -- 2018-11-25 15:33:34]
endSignal:2
[INFO -- 2018-11-25 15:33:34]
faultModel:3
[EXCEPTION -- 2018-11-25 15:33:35]
pythonException: Unable to exit loop in struct fields; Exiting wihtout making a bit flip
[INFO -- 2018-11-25 15:33:36]
Backtrace BEGIN:
#0  0x00007ffff72a2899 in _IO_acquire_lock_fct (p=<synthetic pointer>) at libioP.h:797
#1  __GI__IO_fflush (fp=0x7ffff7610760 <_IO_2_1_stdout_>) at iofflush.c:39
#2  0x00007ffff7b5ef5e in std::ostream::flush() () from /usr/lib/x86_64-linux-gnu/libstdc++.so.6
#3  0x0000555555556927 in BTreeNode::traverse (this=0x555555ae3330) at BTree_dup.cpp:594
#4  0x000055555555695f in BTreeNode::traverse (this=0x5555558efb30) at BTree_dup.cpp:599
#5  0x00005555555568d7 in BTreeNode::traverse (this=0x5555559920d0) at BTree_dup.cpp:593
#6  0x00005555555568d7 in BTreeNode::traverse (this=0x555555ac9c80) at BTree_dup.cpp:593
#7  0x00005555555568d7 in BTreeNode::traverse (this=0x555555a7ed40) at BTree_dup.cpp:593
#8  0x00005555555568d7 in BTreeNode::traverse (this=0x555555b30040) at BTree_dup.cpp:593
#9  0x00005555555568d7 in BTreeNode::traverse (this=0x5555558f2290) at BTree_dup.cpp:593
#10 0x00005555555568d7 in BTreeNode::traverse (this=0x555555815c40) at BTree_dup.cpp:593
#11 0x00005555555568d7 in BTreeNode::traverse (this=0x555555a2ab30) at BTree_dup.cpp:593
#12 0x00005555555572bb in BTree::traverse (this=0x7fffffffdd40) at BTree_dup.cpp:139
#13 0x0000555555556fbd in main (argc=5, argv=0x7fffffffde68) at BTree_dup.cpp:718

792	in libioP.h

Backtrace END
Memory content before bitflip:0x050x000x000x00
Fault Model: Zero bit-flip
base address to flip value: 0x7fffffffdd1c
address max offset: 4
Memory content after  bitflip:0x000x000x000x00
frame name: main
symbol name: argc
symbol filename: BTree_dup.cpp
symbol line: 691
value: 0
value address: 0x7fffffffdd1c
Type: The type is an integer type.
Type sizeof: 4

[INFO -- 2018-11-25 15:33:36]
Fault Injection Successful after 2.011904001235962s
[INFO -- 2018-11-25 15:33:36]
event type: exit
[INFO -- 2018-11-25 15:33:36]
exit code: 0
