[INFO -- 2018-10-12 00:00:45]
Starting flip_value script
version: 1.1
[INFO -- 2018-10-12 00:00:45]
Initialization strings:
[INFO -- 2018-10-12 00:00:45]
(1) file /tmp/BTree/main
[INFO -- 2018-10-12 00:00:45]
(2)  set args /tmp/BTree/input_100000 /tmp/BTree/output_100000
[INFO -- 2018-10-12 00:00:45]
initSignal:0
[INFO -- 2018-10-12 00:00:45]
endSignal:2
[INFO -- 2018-10-12 00:00:45]
faultModel:3
[EXCEPTION -- 2018-10-12 00:00:45]
gdbException: Tentativo de desreferenciar um ponteiro genérico.
[INFO -- 2018-10-12 00:00:45]
event type: exit
[INFO -- 2018-10-12 00:00:45]
exit code: 0
