[INFO -- 2018-12-01 11:36:30]
Starting flip_value script
version: 1.1
[INFO -- 2018-12-01 11:36:30]
Initialization strings:
[INFO -- 2018-12-01 11:36:30]
(1) file /tmp/splay/main
[INFO -- 2018-12-01 11:36:30]
(2) set args /tmp/splay/input_100000 /tmp/splay/output_100000
[INFO -- 2018-12-01 11:36:30]
initSignal:0
[INFO -- 2018-12-01 11:36:30]
endSignal:5
[INFO -- 2018-12-01 11:36:30]
faultModel:0
[EXCEPTION -- 2018-12-01 11:36:30]
pythonException: Unable to exit loop in struct fields; Exiting wihtout making a bit flip
[EXCEPTION -- 2018-12-01 11:36:30]
pythonException: Unable to exit loop in struct fields; Exiting wihtout making a bit flip
[INFO -- 2018-12-01 11:36:30]
Backtrace BEGIN:
#0  0x00007ffff7ec31f0 in __cxxabiv1::__vmi_class_type_info::__do_dyncast(long, __cxxabiv1::__class_type_info::__sub_kind, __cxxabiv1::__class_type_info const*, void const*, __cxxabiv1::__class_type_info const*, void const*, __cxxabiv1::__class_type_info::__dyncast_result&) const () from /usr/lib/x86_64-linux-gnu/libstdc++.so.6
#1  0x00007ffff7ec0456 in __dynamic_cast () from /usr/lib/x86_64-linux-gnu/libstdc++.so.6
#2  0x00007ffff7f333fb in std::ctype<char> const& std::use_facet<std::ctype<char> >(std::locale const&) () from /usr/lib/x86_64-linux-gnu/libstdc++.so.6
#3  0x0000555555557da3 in std::operator<< <char, std::char_traits<char>, 16ul> (__os=..., __x=std::bitset = {...}) at /usr/include/c++/8/bitset:1541
#4  0x0000555555557ae8 in InOrder (root=0x555555645450) at splay.cpp:253
#5  0x0000555555557b0d in InOrder (root=0x5555555e3d70) at splay.cpp:254
#6  0x0000555555557abd in InOrder (root=0x5555556d47f0) at splay.cpp:252
#7  0x0000555555557b0d in InOrder (root=0x555555574890) at splay.cpp:254
#8  0x0000555555557abd in InOrder (root=0x5555555c0030) at splay.cpp:252
#9  0x0000555555557abd in InOrder (root=0x5555557665b0) at splay.cpp:252
#10 0x0000555555557b0d in InOrder (root=0x555555734510) at splay.cpp:254
#11 0x0000555555557abd in InOrder (root=0x555555763a90) at splay.cpp:252
#12 0x0000555555557abd in InOrder (root=0x55555560c0f0) at splay.cpp:252
#13 0x0000555555557abd in InOrder (root=0x5555557f2190) at splay.cpp:252
#14 0x0000555555557abd in InOrder (root=0x555555817990) at splay.cpp:252
#15 0x0000555555557abd in InOrder (root=0x555555815c10) at splay.cpp:252
#16 0x0000555555557b0d in InOrder (root=0x555555834750) at splay.cpp:254
#17 0x0000555555557b0d in InOrder (root=0x555555856630) at splay.cpp:254
#18 0x0000555555557b0d in InOrder (root=0x5555555fee90) at splay.cpp:254
#19 0x0000555555557b0d in InOrder (root=0x5555555bce30) at splay.cpp:254
#20 0x0000555555557abd in InOrder (root=0x5555558604f0) at splay.cpp:252
#21 0x0000555555557b0d in InOrder (root=0x5555556a0d10) at splay.cpp:254
#22 0x0000555555557b0d in InOrder (root=0x55555586ce30) at splay.cpp:254
#23 0x0000555555557abd in InOrder (root=0x555555871890) at splay.cpp:252
#24 0x0000555555557abd in InOrder (root=0x5555558185d0) at splay.cpp:252
#25 0x0000555555557b0d in InOrder (root=0x555555876890) at splay.cpp:254
#26 0x0000555555557abd in InOrder (root=0x555555878f90) at splay.cpp:252
#27 0x0000555555557abd in InOrder (root=0x555555842f10) at splay.cpp:252
#28 0x0000555555557b0d in InOrder (root=0x5555557c2ad0) at splay.cpp:254
#29 0x0000555555557b0d in InOrder (root=0x55555587a070) at splay.cpp:254
#30 0x0000555555557b0d in InOrder (root=0x555555770670) at splay.cpp:254
#31 0x0000555555557b0d in InOrder (root=0x55555587a710) at splay.cpp:254
#32 0x0000555555557abd in InOrder (root=0x5555556168f0) at splay.cpp:252
#33 0x0000555555557abd in InOrder (root=0x55555587ac30) at splay.cpp:252
#34 0x0000555555557b0d in InOrder (root=0x55555587be10) at splay.cpp:254
#35 0x0000555555557b0d in InOrder (root=0x5555557180f0) at splay.cpp:254
#36 0x0000555555557b0d in InOrder (root=0x55555587ce70) at splay.cpp:254
#37 0x0000555555557abd in InOrder (root=0x55555587d5f0) at splay.cpp:252
#38 0x0000555555557abd in InOrder (root=0x55555570e5f0) at splay.cpp:252
#39 0x0000555555557b0d in InOrder (root=0x55555572ac10) at splay.cpp:254
#40 0x0000555555557b0d in InOrder (root=0x555555748390) at splay.cpp:254
#41 0x0000555555557b0d in InOrder (root=0x55555587dbf0) at splay.cpp:254
#42 0x0000555555557b0d in InOrder (root=0x55555587dc90) at splay.cpp:254
#43 0x0000555555557abd in InOrder (root=0x555555696ef0) at splay.cpp:252
#44 0x0000555555557abd in InOrder (root=0x55555587dcd0) at splay.cpp:252
#45 0x00005555555564fe in main (argc=3, argv=0x7fffffffdfb8) at main.cpp:35

21	    //Inicia Árvore
22		splay* root = NULL;
23	
24	    //Carrega nodo a serem inseridos
25	    std::ifstream is(argv[1]);
26	    std::istream_iterator<KEY_TYPE> start(is), end;
27	    std::vector<KEY_TYPE> v_nodes(start, end);
28	
29	    //insere na arvore
30	    for(int i = 0; i < v_nodes.size(); i++)

Backtrace END
Fliping a bit of the value pointed by a pointer
Fliping value of field: rchild
Fliping a bit of the pointer
Memory content before bitflip:0x100x5c0x810x550x550x550x000x00
Fault Model: Single bit-flip
base address to flip value: 0x555555834760
address max offset: 8
Memory content after  bitflip:0x100x5c0x810x550x550x550x000x01
frame name: InOrder
symbol name: root
symbol filename: splay.cpp
symbol line: 248
value: 0x555555834750
value address: 0x7fffffffd6c8
Type: The type is a pointer.
Type sizeof: 8

[INFO -- 2018-12-01 11:36:30]
Fault Injection Successful after 0.9166436195373535s
[INFO -- 2018-12-01 11:36:31]
event type: exit
[INFO -- 2018-12-01 11:36:31]
exit code: 0
