[INFO -- 2018-12-01 01:20:48]
Starting flip_value script
version: 1.1
[INFO -- 2018-12-01 01:20:48]
Initialization strings:
[INFO -- 2018-12-01 01:20:48]
(1) file /tmp/splay/main
[INFO -- 2018-12-01 01:20:48]
(2) set args /tmp/splay/input_100000 /tmp/splay/output_100000
[INFO -- 2018-12-01 01:20:48]
initSignal:0
[INFO -- 2018-12-01 01:20:48]
endSignal:5
[INFO -- 2018-12-01 01:20:48]
faultModel:0
[EXCEPTION -- 2018-12-01 01:20:48]
pythonException: empty range for randrange() (0,0, 0)
[INFO -- 2018-12-01 01:20:48]
Backtrace BEGIN:
#0  LL_Rotate (k2=0x555555619730) at splay.cpp:35
#1  0x000055555555778b in Splay (key=4273945, root=0x555555619730) at splay.cpp:85
#2  0x0000555555557916 in Insert (key=4273945, root=0x555555619bd0) at splay.cpp:145
#3  0x00005555555564bb in main (argc=3, argv=0x7fffffffdfb8) at main.cpp:31

30	 */
31	inline splay* LL_Rotate(splay* k2)
32	{
33		splay* k1 = k2->rchild;
34		k2->rchild = k1->lchild;
35		k1->lchild = k2;
36		return k1;
37	}
38	
39	/* An implementation of top-down splay tree 

Backtrace END
Fliping a bit of the value pointed by a pointer
Fliping value of field: key
Memory content before bitflip:0x550x4e0x210x00
Fault Model: Single bit-flip
base address to flip value: 0x555555619bd0
address max offset: 4
Memory content after  bitflip:0x5d0x4e0x210x00
frame name: main
symbol name: root
symbol filename: main.cpp
symbol line: 22
value: 0x555555619bd0
value address: 0x7fffffffdc48
Type: The type is a pointer.
Type sizeof: 8

[INFO -- 2018-12-01 01:20:48]
Fault Injection Successful after 0.6594111919403076s
[INFO -- 2018-12-01 01:20:48]
event type: exit
[INFO -- 2018-12-01 01:20:48]
exit code: 0
