[INFO -- 2018-10-12 01:01:05]
Starting flip_value script
version: 1.1
[INFO -- 2018-10-12 01:01:05]
Initialization strings:
[INFO -- 2018-10-12 01:01:05]
(1) file /tmp/BTree/main
[INFO -- 2018-10-12 01:01:05]
(2)  set args /tmp/BTree/input_100000 /tmp/BTree/output_100000
[INFO -- 2018-10-12 01:01:05]
initSignal:0
[INFO -- 2018-10-12 01:01:05]
endSignal:2
[INFO -- 2018-10-12 01:01:05]
faultModel:3
[INFO -- 2018-10-12 01:01:06]
Backtrace BEGIN:
#0  BTreeNode::insertNonFull (this=0x5555557806f0, k=1652075) at BTree.cpp:513
#1  0x00005555555560d9 in BTreeNode::insertNonFull (this=0x5555558269e0, k=1652075) at BTree.cpp:533
#2  0x00005555555560d9 in BTreeNode::insertNonFull (this=0x555555827d00, k=1652075) at BTree.cpp:533
#3  0x00005555555560d9 in BTreeNode::insertNonFull (this=0x555555862e00, k=1652075) at BTree.cpp:533
#4  0x00005555555560d9 in BTreeNode::insertNonFull (this=0x5555557d0bb0, k=1652075) at BTree.cpp:533
#5  0x00005555555560d9 in BTreeNode::insertNonFull (this=0x5555557d0cd0, k=1652075) at BTree.cpp:533
#6  0x00005555555560d9 in BTreeNode::insertNonFull (this=0x55555579e990, k=1652075) at BTree.cpp:533
#7  0x00005555555560d9 in BTreeNode::insertNonFull (this=0x555555812430, k=1652075) at BTree.cpp:533
#8  0x0000555555555f18 in BTree::insert (this=0x7fffffffddc0, k=1652075) at BTree.cpp:487
#9  0x0000555555556601 in main (argc=3, argv=0x7fffffffded8) at BTree.cpp:665

508				i--;
509			}
510	
511			// Insert the new key at found location
512			keys[i+1] = k;
513			n = n+1;
514		}
515		else // If this node is not leaf
516		{
517			// Find the child which is going to have the new key

Backtrace END
Fliping a bit of the pointer
Memory content before bitflip:0x000x2e0x860x550x550x550x000x00
Fault Model: Zero bit-flip
base address to flip value: 0x7fffffffdc78
address max offset: 8
Memory content after  bitflip:0x000x000x000x000x000x000x000x00
frame name: BTreeNode::insertNonFull
symbol name: this
symbol filename: BTree.cpp
symbol line: 0
value: 0x555555862e00
value address: 0x7fffffffdc78
Type: The type is a pointer.
Type sizeof: 8

[INFO -- 2018-10-12 01:01:06]
Fault Injection Successful after 1.3851268291473389s
[INFO -- 2018-10-12 01:01:06]
event type: exit
[INFO -- 2018-10-12 01:01:06]
exit code: 0
