[INFO -- 2018-12-01 02:01:34]
Starting flip_value script
version: 1.1
[INFO -- 2018-12-01 02:01:34]
Initialization strings:
[INFO -- 2018-12-01 02:01:34]
(1) file /tmp/splay/main
[INFO -- 2018-12-01 02:01:34]
(2) set args /tmp/splay/input_100000 /tmp/splay/output_100000
[INFO -- 2018-12-01 02:01:34]
initSignal:0
[INFO -- 2018-12-01 02:01:34]
endSignal:5
[INFO -- 2018-12-01 02:01:34]
faultModel:4
[EXCEPTION -- 2018-12-01 02:01:34]
pythonException: empty range for randrange() (0,0, 0)
[INFO -- 2018-12-01 02:01:34]
Backtrace BEGIN:
#0  Splay (key=1912571, root=0x555555873050) at splay.cpp:83
#1  0x0000555555557916 in Insert (key=1912571, root=0x55555587d890) at splay.cpp:145
#2  0x00005555555564bb in main (argc=3, argv=0x7fffffffdfb8) at main.cpp:31

78			}
79			else if(key > root->key)
80			{
81				if(!root->rchild)
82					break;
83				if(key > root->rchild->key)
84				{
85					root = LL_Rotate(root);/* only zag-zag mode need to rotate once,
86											  because zag-zig mode is handled as zag
87											  mode, which doesn't require rotate, 

Backtrace END
Fliping value of field: key
Memory content before bitflip:0xb00xdc0xff0xff
Fault Model: LSB bit-flip
base address to flip value: 0x7fffffffdbe0
address max offset: 4
Memory content after  bitflip:0xb00xdc0xff0xef
frame name: Splay
symbol name: header
symbol filename: splay.cpp
symbol line: 47
value: {key = -268444496, lchild = 0x555555752030, rchild = 0x55555572ac10}
value address: 0x7fffffffdbe0
Type: The type is a structure.
Type sizeof: 24
Field name: key
Field Type: The type is an integer type.
Field Type sizeof: 4
Field name: lchild
Field Type: The type is a pointer.
Field Type sizeof: 8
Field name: rchild
Field Type: The type is a pointer.
Field Type sizeof: 8

[INFO -- 2018-12-01 02:01:34]
Fault Injection Successful after 0.9424364566802979s
[INFO -- 2018-12-01 02:01:35]
event type: exit
[INFO -- 2018-12-01 02:01:35]
exit code: 0
