[INFO -- 2018-11-25 21:09:07]
Starting flip_value script
version: 1.1
[INFO -- 2018-11-25 21:09:07]
Initialization strings:
[INFO -- 2018-11-25 21:09:07]
(1) file /tmp/BTree-dup/main
[INFO -- 2018-11-25 21:09:07]
(2)  set args /tmp/BTree-dup/input_100000 /tmp/BTree-dup/output_100000 /tmp/BTree-dup-detection.log /tmp/BTree-dup/output2_100000
[INFO -- 2018-11-25 21:09:07]
initSignal:0
[INFO -- 2018-11-25 21:09:07]
endSignal:2
[INFO -- 2018-11-25 21:09:07]
faultModel:1
[INFO -- 2018-11-25 21:09:09]
Backtrace BEGIN:
#0  0x00007ffff7b735e4 in std::basic_ostream<char, std::char_traits<char> >& std::operator<< <char, std::char_traits<char>, std::allocator<char> >(std::basic_ostream<char, std::char_traits<char> >&, std::__cxx11::basic_string<char, std::char_traits<char>, std::allocator<char> > const&) () from /usr/lib/x86_64-linux-gnu/libstdc++.so.6
#1  0x00005555555573ea in std::operator<< <char, std::char_traits<char>, 16ul> (__os=..., __x=std::bitset = {...}) at /usr/include/c++/7/bitset:1539
#2  0x0000555555556912 in BTreeNode::traverse (this=0x555555b01b70) at BTree_dup.cpp:594
#3  0x000055555555695f in BTreeNode::traverse (this=0x555555b77080) at BTree_dup.cpp:599
#4  0x000055555555695f in BTreeNode::traverse (this=0x55555590b280) at BTree_dup.cpp:599
#5  0x000055555555695f in BTreeNode::traverse (this=0x555555800490) at BTree_dup.cpp:599
#6  0x00005555555568d7 in BTreeNode::traverse (this=0x5555558a44a0) at BTree_dup.cpp:593
#7  0x00005555555568d7 in BTreeNode::traverse (this=0x5555559d1280) at BTree_dup.cpp:593
#8  0x00005555555568d7 in BTreeNode::traverse (this=0x5555559d1310) at BTree_dup.cpp:593
#9  0x000055555555695f in BTreeNode::traverse (this=0x555555a2abc0) at BTree_dup.cpp:599
#10 0x000055555555695f in BTreeNode::traverse (this=0x555555a2ab30) at BTree_dup.cpp:599
#11 0x00005555555572bb in BTree::traverse (this=0x7fffffffdd40) at BTree_dup.cpp:139
#12 0x0000555555556fbd in main (argc=5, argv=0x7fffffffde68) at BTree_dup.cpp:718

677	    {
678	        file1.getline(string1,256);
679	        file2.getline(string2,256);
680	        j++;
681	        if(strcmp(string1,string2) != 0)
682	        {
683	            if (fp = fopen(detectLog, "a")) {
684	                fprintf(fp, "[%d]: %s %s\n",j,string1,string2);
685	                fclose(fp);
686	            }

Backtrace END
Fliping value of field: None
Fliping value of field name: _M_allocated_capacity
Memory content before bitflip:0x1e0x000x000x000x000x000x000x00
Fault Model: Double bit-flip
base address to flip value: 0x7fffffffda60
address max offset: 8
Memory content after  bitflip:0x1e0x000x000x000x820x000x000x00
frame name: std::operator<< <char, std::char_traits<char>, 16ul>
symbol name: __tmp
symbol filename: /usr/include/c++/7/bitset
symbol line: 1533
value: "0110110100111100"
value address: 0x7fffffffda50
Type: The type is a structure.
Type sizeof: 32
Field name: npos
Field Type: The type is an integer type.
Field Type sizeof: 8
Field name: _M_dataplus
Field Type: The type is a structure.
Field Type sizeof: 8
Field name: _M_string_length
Field Type: The type is an integer type.
Field Type sizeof: 8
Field name: None
Field Type: The type is a union.
Field Type sizeof: 16

[INFO -- 2018-11-25 21:09:09]
Fault Injection Successful after 2.485990285873413s
[INFO -- 2018-11-25 21:09:09]
event type: exit
[INFO -- 2018-11-25 21:09:09]
exit code: 0
