[INFO -- 2018-10-12 03:03:05]
sending 5 signals using command: 'killall -2 main' after 1.76355701809s
[INFO -- 2018-10-12 03:03:05]
sending 5 signals using command: 'killall -2 main' after 1.87385989913s
[INFO -- 2018-10-12 03:03:05]
sending 5 signals using command: 'killall -2 main' after 1.9686894823s
[INFO -- 2018-10-12 03:03:05]
Starting GDB script
[INFO -- 2018-10-12 03:03:05]
initSignal:0.0
[INFO -- 2018-10-12 03:03:05]
endSignal:2.0
[INFO -- 2018-10-12 03:03:05]
sending 5 signals using command: 'killall -2 main' after 0.364381332943s
[INFO -- 2018-10-12 03:03:06]
sending 5 signals using command: 'killall -2 main' after 1.37569522591s
[INFO -- 2018-10-12 03:03:06]
sending 5 signals using command: 'killall -2 main' after 1.43636261213s
[INFO -- 2018-10-12 03:03:07]
Execution finished before waitTime
