[INFO -- 2018-12-01 06:24:48]
Starting flip_value script
version: 1.1
[INFO -- 2018-12-01 06:24:48]
Initialization strings:
[INFO -- 2018-12-01 06:24:48]
(1) file /tmp/splay/main
[INFO -- 2018-12-01 06:24:48]
(2) set args /tmp/splay/input_100000 /tmp/splay/output_100000
[INFO -- 2018-12-01 06:24:48]
initSignal:0
[INFO -- 2018-12-01 06:24:48]
endSignal:5
[INFO -- 2018-12-01 06:24:48]
faultModel:3
[INFO -- 2018-12-01 06:24:49]
Backtrace BEGIN:
#0  Splay (key=2927226, root=0x55555564ee70) at splay.cpp:60
#1  0x0000555555557916 in Insert (key=2927226, root=0x5555557a55d0) at splay.cpp:145
#2  0x00005555555564bb in main (argc=3, argv=0x7fffffffdfb8) at main.cpp:31

55		 The zig/zag mode would only happen when cannot find key and will reach
56		 null on one side after RR or LL Rotation.
57		 */
58		while(1)
59		{
60			if(key < root->key)
61			{
62				if(!root->lchild)
63					break;
64				if(key < root->lchild->key)

Backtrace END
Fliping a bit of the value pointed by a pointer
Fliping value of field: rchild
Fliping a bit of the pointer
Memory content before bitflip:0x000x000x000x000x000x000x000x00
Fault Model: Zero bit-flip
base address to flip value: 0x5555557a5600
address max offset: 8
Memory content after  bitflip:0x000x000x000x000x000x000x000x00
frame name: Insert
symbol name: p_node
symbol filename: splay.cpp
symbol line: 134
value: 0x5555557a55f0
value address: 0x55555555b2a0 <Insert(int, splay*)::p_node>
Type: The type is a pointer.
Type sizeof: 8

[INFO -- 2018-12-01 06:24:49]
Fault Injection Successful after 1.129154920578003s
[INFO -- 2018-12-01 06:24:49]
event type: exit
[INFO -- 2018-12-01 06:24:49]
exit code: 0
