[INFO -- 2018-12-01 09:37:19]
sending 5 signals using command: 'killall -2 main' after 3.39565874534s
[INFO -- 2018-12-01 09:37:21]
sending 5 signals using command: 'killall -2 main' after 4.90288082073s
[INFO -- 2018-12-01 09:37:21]
sending 5 signals using command: 'killall -2 main' after 4.9222415501s
[INFO -- 2018-12-01 09:37:21]
Starting GDB script
[INFO -- 2018-12-01 09:37:21]
initSignal:0.0
[INFO -- 2018-12-01 09:37:21]
endSignal:5.0
[INFO -- 2018-12-01 09:37:21]
sending 5 signals using command: 'killall -2 main' after 0.120502739663s
[INFO -- 2018-12-01 09:37:22]
sending 5 signals using command: 'killall -2 main' after 0.853200871208s
[INFO -- 2018-12-01 09:37:22]
sending 5 signals using command: 'killall -2 main' after 1.44289979157s
[INFO -- 2018-12-01 09:37:22]
Execution finished before waitTime
