[INFO -- 2018-10-16 19:32:30]
Starting flip_value script
version: 1.1
[INFO -- 2018-10-16 19:32:30]
Initialization strings:
[INFO -- 2018-10-16 19:32:30]
(1) file /tmp/RBTree/main
[INFO -- 2018-10-16 19:32:30]
(2) set args  /tmp/RBTree/input_ /tmp/RBTree/output_
[INFO -- 2018-10-16 19:32:30]
initSignal:0
[INFO -- 2018-10-16 19:32:30]
endSignal:2
[INFO -- 2018-10-16 19:32:30]
faultModel:4
[INFO -- 2018-10-16 19:32:30]
Backtrace BEGIN:
#0  0x00007ffff7de0106 in dl_new_hash (s=0x7ffff7aa4657 "char_traitsIcEEE") at dl-lookup.c:556
#1  _dl_lookup_symbol_x (undef_name=0x7ffff7aa462a "_ZTSSt7num_putIcSt19ostreambuf_iteratorIcSt11char_traitsIcEEE", undef_map=undef_map@entry=0x7ffff7fd6000, ref=ref@entry=0x7fffffffdba0, symbol_scope=symbol_scope@entry=0x7ffff7fd6358, version=0x7ffff7fd4030, type_class=0, flags=1, skip_map=0x0) at dl-lookup.c:791
#2  0x00007ffff7de1af9 in elf_machine_rela (skip_ifunc=<optimized out>, reloc_addr_arg=0x7ffff7dcbfd8, version=<optimized out>, sym=<optimized out>, reloc=0x7ffff7acc6e0, map=0x7ffff7fd6000) at ../sysdeps/x86_64/dl-machine.h:308
#3  elf_dynamic_do_Rela (skip_ifunc=<optimized out>, lazy=<optimized out>, nrelative=<optimized out>, relsize=<optimized out>, reladdr=<optimized out>, map=0x7ffff7fd6000) at do-rel.h:137
#4  _dl_relocate_object (scope=<optimized out>, reloc_mode=<optimized out>, consider_profiling=<optimized out>, consider_profiling@entry=0) at dl-reloc.c:258
#5  0x00007ffff7dd9307 in dl_main (phdr=<optimized out>, phnum=<optimized out>, user_entry=<optimized out>, auxv=<optimized out>) at rtld.c:2190
#6  0x00007ffff7defdd0 in _dl_sysdep_start (start_argptr=start_argptr@entry=0x7fffffffdf30, dl_main=dl_main@entry=0x7ffff7dd7660 <dl_main>) at ../elf/dl-sysdep.c:253
#7  0x00007ffff7dd7128 in _dl_start_final (arg=0x7fffffffdf30) at rtld.c:414
#8  _dl_start (arg=0x7fffffffdf30) at rtld.c:521
#9  0x00007ffff7dd6098 in _start () from /lib64/ld-linux-x86-64.so.2
#10 0x0000000000000003 in ?? ()
#11 0x00007fffffffe2a4 in ?? ()
#12 0x00007fffffffe2b5 in ?? ()
#13 0x00007fffffffe2c8 in ?? ()
#14 0x0000000000000000 in ?? ()

551	dl-lookup.c: Arquivo ou diretório inexistente.

Backtrace END
Fliping value of field: s
Fliping a bit of the pointer
Memory content before bitflip:0x780x1d0xa60xf70xff0x7f0x000x00
Fault Model: LSB bit-flip
base address to flip value: 0x7fffffffda80
address max offset: 8
Memory content after  bitflip:0x780x1d0xa60xf70xff0x7f0x000x40
frame name: _dl_lookup_symbol_x
symbol name: current_value
symbol filename: dl-lookup.c
symbol line: 793
value: {s = 0x40007ffff7a61d78, m = 0x7ffff7fd6000}
value address: 0x7fffffffda80
Type: The type is a structure.
Type sizeof: 16
Field name: s
Field Type: The type is a pointer.
Field Type sizeof: 8
Field name: m
Field Type: The type is a pointer.
Field Type sizeof: 8

[INFO -- 2018-10-16 19:32:30]
Fault Injection Successful after 0.9690546989440918s
[INFO -- 2018-10-16 19:32:31]
event type: exit
[INFO -- 2018-10-16 19:32:31]
exit code: 0
