[INFO -- 2018-11-26 00:25:21]
Starting flip_value script
version: 1.1
[INFO -- 2018-11-26 00:25:21]
Initialization strings:
[INFO -- 2018-11-26 00:25:21]
(1) file /tmp/BTree-dup/main
[INFO -- 2018-11-26 00:25:21]
(2)  set args /tmp/BTree-dup/input_100000 /tmp/BTree-dup/output_100000 /tmp/BTree-dup-detection.log /tmp/BTree-dup/output2_100000
[INFO -- 2018-11-26 00:25:21]
initSignal:0
[INFO -- 2018-11-26 00:25:21]
endSignal:2
[INFO -- 2018-11-26 00:25:21]
faultModel:2
[INFO -- 2018-11-26 00:25:23]
Backtrace BEGIN:
#0  0x00007ffff7add340 in __dynamic_cast () from /usr/lib/x86_64-linux-gnu/libstdc++.so.6
#1  0x00007ffff7b5033b in std::ctype<char> const& std::use_facet<std::ctype<char> >(std::locale const&) () from /usr/lib/x86_64-linux-gnu/libstdc++.so.6
#2  0x000055555555738d in std::operator<< <char, std::char_traits<char>, 16ul> (__os=..., __x=std::bitset = {...}) at /usr/include/c++/7/bitset:1537
#3  0x0000555555556912 in BTreeNode::traverse (this=0x555555ba93c0) at BTree_dup.cpp:594
#4  0x000055555555695f in BTreeNode::traverse (this=0x55555596d980) at BTree_dup.cpp:599
#5  0x000055555555695f in BTreeNode::traverse (this=0x55555596da10) at BTree_dup.cpp:599
#6  0x00005555555568d7 in BTreeNode::traverse (this=0x555555bae040) at BTree_dup.cpp:593
#7  0x000055555555695f in BTreeNode::traverse (this=0x555555bae280) at BTree_dup.cpp:599
#8  0x000055555555695f in BTreeNode::traverse (this=0x5555558c0e80) at BTree_dup.cpp:599
#9  0x00005555555568d7 in BTreeNode::traverse (this=0x555555a2abc0) at BTree_dup.cpp:593
#10 0x000055555555695f in BTreeNode::traverse (this=0x555555a2ab30) at BTree_dup.cpp:599
#11 0x00005555555572bb in BTree::traverse (this=0x7fffffffdd40) at BTree_dup.cpp:139
#12 0x0000555555556fbd in main (argc=5, argv=0x7fffffffde68) at BTree_dup.cpp:718

687	        }
688	    }
689	}
690	
691	int main(int argc, char * argv[]) {
692	
693	    if (argc != 5){
694	        cerr << "Uso correto: ./main [input file] [output file] [log file] [output2 file]" << endl;
695	        return 0;
696	    }

Backtrace END
Fliping value of field: None
Fliping value of field name: _M_local_buf
Fliping array at pos: 8
Memory content before bitflip:0x26
Fault Model: Random bit-flip
base address to flip value: 0x7fffffffdaa8 
address max offset: 1
Memory content after  bitflip:0xbb
frame name: std::operator<< <char, std::char_traits<char>, 16ul>
symbol name: __tmp
symbol filename: /usr/include/c++/7/bitset
symbol line: 1533
value: ""
value address: 0x7fffffffda90
Type: The type is a structure.
Type sizeof: 32
Field name: npos
Field Type: The type is an integer type.
Field Type sizeof: 8
Field name: _M_dataplus
Field Type: The type is a structure.
Field Type sizeof: 8
Field name: _M_string_length
Field Type: The type is an integer type.
Field Type sizeof: 8
Field name: None
Field Type: The type is a union.
Field Type sizeof: 16

[INFO -- 2018-11-26 00:25:23]
Fault Injection Successful after 2.2234439849853516s
[INFO -- 2018-11-26 00:25:23]
event type: exit
[INFO -- 2018-11-26 00:25:23]
exit code: 0
