[INFO -- 2018-12-09 02:54:19]
Starting flip_value script
version: 1.1
[INFO -- 2018-12-09 02:54:19]
Initialization strings:
[INFO -- 2018-12-09 02:54:19]
(1) file /tmp/Tree234/main
[INFO -- 2018-12-09 02:54:19]
(2) set args /tmp/Tree234/input_50000 /tmp/Tree234/output_50000
[INFO -- 2018-12-09 02:54:19]
initSignal:0
[INFO -- 2018-12-09 02:54:19]
endSignal:2
[INFO -- 2018-12-09 02:54:19]
faultModel:3
[EXCEPTION -- 2018-12-09 02:54:20]
gdbException: Attempt to dereference a generic pointer.
[INFO -- 2018-12-09 02:54:20]
event type: exit
[INFO -- 2018-12-09 02:54:20]
exit code: 0
