[INFO -- 2018-10-17 20:51:48]
sending 5 signals using command: 'killall -2 main' after 1.2326164024s
[INFO -- 2018-10-17 20:51:49]
sending 5 signals using command: 'killall -2 main' after 1.49687095564s
[INFO -- 2018-10-17 20:51:49]
sending 5 signals using command: 'killall -2 main' after 1.77738207972s
[INFO -- 2018-10-17 20:51:49]
Starting GDB script
[INFO -- 2018-10-17 20:51:49]
initSignal:0.0
[INFO -- 2018-10-17 20:51:49]
endSignal:2.0
[INFO -- 2018-10-17 20:51:49]
sending 5 signals using command: 'killall -2 main' after 0.439327452192s
[INFO -- 2018-10-17 20:51:50]
sending 5 signals using command: 'killall -2 main' after 0.742505034577s
[INFO -- 2018-10-17 20:51:50]
sending 5 signals using command: 'killall -2 main' after 0.939193588505s
[INFO -- 2018-10-17 20:51:50]
Execution finished before waitTime
