[INFO -- 2018-10-11 23:22:55]
Starting flip_value script
version: 1.1
[INFO -- 2018-10-11 23:22:55]
Initialization strings:
[INFO -- 2018-10-11 23:22:55]
(1) file /tmp/BTree/main
[INFO -- 2018-10-11 23:22:55]
(2)  set args /tmp/BTree/input_100000 /tmp/BTree/output_100000
[INFO -- 2018-10-11 23:22:55]
initSignal:0
[INFO -- 2018-10-11 23:22:55]
endSignal:2
[INFO -- 2018-10-11 23:22:55]
faultModel:2
[EXCEPTION -- 2018-10-11 23:22:56]
pythonException: Unable to exit loop in struct fields; Exiting wihtout making a bit flip
[INFO -- 2018-10-11 23:22:56]
Backtrace BEGIN:
#0  0x00007ffff7b5fe9b in std::basic_ostream<char, std::char_traits<char> >& std::__ostream_insert<char, std::char_traits<char> >(std::basic_ostream<char, std::char_traits<char> >&, char const*, long) () from /usr/lib/x86_64-linux-gnu/libstdc++.so.6
#1  0x0000555555556956 in std::operator<< <char, std::char_traits<char>, 16ul> (__os=..., __x=std::bitset = {...}) at /usr/include/c++/7/bitset:1539
#2  0x00005555555563b2 in BTreeNode::traverse (this=0x5555558c6d30) at BTree.cpp:592
#3  0x0000555555556377 in BTreeNode::traverse (this=0x5555558df0c0) at BTree.cpp:591
#4  0x0000555555556377 in BTreeNode::traverse (this=0x5555558ff7f0) at BTree.cpp:591
#5  0x0000555555556377 in BTreeNode::traverse (this=0x555555a8e4f0) at BTree.cpp:591
#6  0x00005555555563ff in BTreeNode::traverse (this=0x5555558ee7b0) at BTree.cpp:597
#7  0x0000555555556377 in BTreeNode::traverse (this=0x555555ad2cb0) at BTree.cpp:591
#8  0x00005555555563ff in BTreeNode::traverse (this=0x555555acc6e0) at BTree.cpp:597
#9  0x0000555555556377 in BTreeNode::traverse (this=0x555555812430) at BTree.cpp:591
#10 0x0000555555556377 in BTreeNode::traverse (this=0x555555a27320) at BTree.cpp:591
#11 0x0000555555556851 in BTree::traverse (this=0x7fffffffddc0) at BTree.cpp:137
#12 0x0000555555556630 in main (argc=3, argv=0x7fffffffded8) at BTree.cpp:668

647	int myrandom (int i) { return std::rand()%i;}
648	
649	// Driver program to test above functions
650	int main(int argc, char * argv[])
651	{
652	/*********************************/
653	  BTree t(3);
654	  FILE *file = fopen (argv[1], "r");
655	
656	

Backtrace END
Fliping value of field: root
Fliping a bit of the value pointed by a pointer
Fliping value of field: t
Memory content before bitflip:0x030x000x000x00
Fault Model: Random bit-flip
base address to flip value: 0x555555a27328
address max offset: 4
Memory content after  bitflip:0x9d0x260x5e0x25
frame name: main
symbol name: t
symbol filename: BTree.cpp
symbol line: 653
value: {root = 0x555555a27320, t = 3}
value address: 0x7fffffffddc0
Type: The type is a structure.
Type sizeof: 16
Field name: root
Field Type: The type is a pointer.
Field Type sizeof: 8
Field name: t
Field Type: The type is an integer type.
Field Type sizeof: 4

[INFO -- 2018-10-11 23:22:56]
Fault Injection Successful after 1.5917794704437256s
[INFO -- 2018-10-11 23:22:56]
event type: exit
[INFO -- 2018-10-11 23:22:56]
exit code: 0
