[INFO -- 2018-12-01 12:01:58]
sending 5 signals using command: 'killall -2 main' after 2.50489087193s
[INFO -- 2018-12-01 12:01:58]
sending 5 signals using command: 'killall -2 main' after 2.86184149991s
[INFO -- 2018-12-01 12:01:59]
sending 5 signals using command: 'killall -2 main' after 3.70213518419s
[INFO -- 2018-12-01 12:01:59]
Starting GDB script
[INFO -- 2018-12-01 12:01:59]
initSignal:0.0
[INFO -- 2018-12-01 12:01:59]
endSignal:5.0
[INFO -- 2018-12-01 12:02:00]
sending 5 signals using command: 'killall -2 main' after 0.742226537001s
[INFO -- 2018-12-01 12:02:00]
sending 5 signals using command: 'killall -2 main' after 1.12739375342s
[INFO -- 2018-12-01 12:02:00]
sending 5 signals using command: 'killall -2 main' after 1.29624831726s
[INFO -- 2018-12-01 12:02:00]
Execution finished before waitTime
