[INFO -- 2018-11-26 00:26:47]
Starting flip_value script
version: 1.1
[INFO -- 2018-11-26 00:26:47]
Initialization strings:
[INFO -- 2018-11-26 00:26:47]
(1) file /tmp/BTree-dup/main
[INFO -- 2018-11-26 00:26:47]
(2)  set args /tmp/BTree-dup/input_100000 /tmp/BTree-dup/output_100000 /tmp/BTree-dup-detection.log /tmp/BTree-dup/output2_100000
[INFO -- 2018-11-26 00:26:47]
initSignal:0
[INFO -- 2018-11-26 00:26:47]
endSignal:2
[INFO -- 2018-11-26 00:26:47]
faultModel:2
[INFO -- 2018-11-26 00:26:49]
Backtrace BEGIN:
#0  0x00007ffff7b71790 in std::__cxx11::basic_string<char, std::char_traits<char>, std::allocator<char> >::assign(unsigned long, char) () from /usr/lib/x86_64-linux-gnu/libstdc++.so.6
#1  0x000055555555765b in std::bitset<16ul>::_M_copy_to_string<char, std::char_traits<char>, std::allocator<char> > (this=0x7fffffffdb80, __s="", __zero=48 '0', __one=49 '1') at /usr/include/c++/7/bitset:1407
#2  0x00005555555573d7 in std::operator<< <char, std::char_traits<char>, 16ul> (__os=..., __x=std::bitset = {...}) at /usr/include/c++/7/bitset:1538
#3  0x0000555555556912 in BTreeNode::traverse (this=0x555555ce36d0) at BTree_dup.cpp:594
#4  0x000055555555695f in BTreeNode::traverse (this=0x555555dc92c0) at BTree_dup.cpp:599
#5  0x00005555555568d7 in BTreeNode::traverse (this=0x555555e2df70) at BTree_dup.cpp:593
#6  0x00005555555568d7 in BTreeNode::traverse (this=0x555555ef6d90) at BTree_dup.cpp:593
#7  0x00005555555568d7 in BTreeNode::traverse (this=0x555555ef6eb0) at BTree_dup.cpp:593
#8  0x000055555555695f in BTreeNode::traverse (this=0x555555ef6e20) at BTree_dup.cpp:599
#9  0x00005555555572bb in BTree::traverse (this=0x7fffffffdd50) at BTree_dup.cpp:139
#10 0x0000555555556ff9 in main (argc=5, argv=0x7fffffffde68) at BTree_dup.cpp:725

677	    {
678	        file1.getline(string1,256);
679	        file2.getline(string2,256);
680	        j++;
681	        if(strcmp(string1,string2) != 0)
682	        {
683	            if (fp = fopen(detectLog, "a")) {
684	                fprintf(fp, "[%d]: %s %s\n",j,string1,string2);
685	                fclose(fp);
686	            }

Backtrace END
Memory content before bitflip:0x050x000x000x00
Fault Model: Random bit-flip
base address to flip value: 0x7fffffffdd1c
address max offset: 4
Memory content after  bitflip:0x020x740x440x26
frame name: main
symbol name: argc
symbol filename: BTree_dup.cpp
symbol line: 691
value: 642020354
value address: 0x7fffffffdd1c
Type: The type is an integer type.
Type sizeof: 4

[INFO -- 2018-11-26 00:26:49]
Fault Injection Successful after 2.493238925933838s
[INFO -- 2018-11-26 00:26:49]
event type: exit
[INFO -- 2018-11-26 00:26:49]
exit code: 0
