[INFO -- 2018-11-25 23:39:41]
Starting flip_value script
version: 1.1
[INFO -- 2018-11-25 23:39:41]
Initialization strings:
[INFO -- 2018-11-25 23:39:41]
(1) file /tmp/BTree-dup/main
[INFO -- 2018-11-25 23:39:41]
(2)  set args /tmp/BTree-dup/input_100000 /tmp/BTree-dup/output_100000 /tmp/BTree-dup-detection.log /tmp/BTree-dup/output2_100000
[INFO -- 2018-11-25 23:39:41]
initSignal:0
[INFO -- 2018-11-25 23:39:41]
endSignal:2
[INFO -- 2018-11-25 23:39:41]
faultModel:3
[INFO -- 2018-11-25 23:39:43]
Backtrace BEGIN:
#0  0x00005555555568de in BTreeNode::traverse (this=0x555555d5e310) at BTree_dup.cpp:594
#1  0x000055555555695f in BTreeNode::traverse (this=0x555555c21ed0) at BTree_dup.cpp:599
#2  0x00005555555568d7 in BTreeNode::traverse (this=0x555555d627b0) at BTree_dup.cpp:593
#3  0x00005555555568d7 in BTreeNode::traverse (this=0x555555e68380) at BTree_dup.cpp:593
#4  0x000055555555695f in BTreeNode::traverse (this=0x555555ee3170) at BTree_dup.cpp:599
#5  0x00005555555568d7 in BTreeNode::traverse (this=0x555555fbe2f0) at BTree_dup.cpp:593
#6  0x00005555555568d7 in BTreeNode::traverse (this=0x555555bee480) at BTree_dup.cpp:593
#7  0x00005555555568d7 in BTreeNode::traverse (this=0x555555ce1f30) at BTree_dup.cpp:593
#8  0x00005555555568d7 in BTreeNode::traverse (this=0x555555ef6e20) at BTree_dup.cpp:593
#9  0x00005555555572bb in BTree::traverse (this=0x7fffffffdd50) at BTree_dup.cpp:139
#10 0x0000555555556ff9 in main (argc=5, argv=0x7fffffffde68) at BTree_dup.cpp:725

589		{
590			// If this is not leaf, then before printing key[i],
591			// traverse the subtree rooted with child C[i].
592			if (leaf == false)
593				C[i]->traverse();
594			cout << std::bitset<16>(keys[i]) << endl;
595		}
596	
597		// Print the subtree rooted with last child
598		if (leaf == false)

Backtrace END
Memory content before bitflip:0x000x000x000x00
Fault Model: Zero bit-flip
base address to flip value: 0x7fffffffdbfc
address max offset: 4
Memory content after  bitflip:0x000x000x000x00
frame name: BTreeNode::traverse
symbol name: i
symbol filename: BTree_dup.cpp
symbol line: 587
value: 0
value address: 0x7fffffffdbfc
Type: The type is an integer type.
Type sizeof: 4

[INFO -- 2018-11-25 23:39:43]
Fault Injection Successful after 2.226360559463501s
[INFO -- 2018-11-25 23:39:43]
event type: exit
[INFO -- 2018-11-25 23:39:43]
exit code: 0
