[INFO -- 2018-11-25 19:32:28]
Starting flip_value script
version: 1.1
[INFO -- 2018-11-25 19:32:28]
Initialization strings:
[INFO -- 2018-11-25 19:32:28]
(1) file /tmp/BTree-dup/main
[INFO -- 2018-11-25 19:32:28]
(2)  set args /tmp/BTree-dup/input_100000 /tmp/BTree-dup/output_100000 /tmp/BTree-dup-detection.log /tmp/BTree-dup/output2_100000
[INFO -- 2018-11-25 19:32:28]
initSignal:0
[INFO -- 2018-11-25 19:32:28]
endSignal:2
[INFO -- 2018-11-25 19:32:28]
faultModel:1
[EXCEPTION -- 2018-11-25 19:32:29]
gdbException: Tentativo de desreferenciar um ponteiro genérico.
[INFO -- 2018-11-25 19:32:29]
event type: exit
[INFO -- 2018-11-25 19:32:29]
exit code: 0
