[INFO -- 2018-10-12 08:17:19]
Starting flip_value script
version: 1.1
[INFO -- 2018-10-12 08:17:19]
Initialization strings:
[INFO -- 2018-10-12 08:17:19]
(1) file /tmp/BTree/main
[INFO -- 2018-10-12 08:17:19]
(2)  set args /tmp/BTree/input_100000 /tmp/BTree/output_100000
[INFO -- 2018-10-12 08:17:19]
initSignal:0
[INFO -- 2018-10-12 08:17:19]
endSignal:2
[INFO -- 2018-10-12 08:17:19]
faultModel:3
[INFO -- 2018-10-12 08:17:20]
Backtrace BEGIN:
#0  0x00007ffff72a28b5 in _IO_acquire_lock_fct (p=<synthetic pointer>) at libioP.h:797
#1  __GI__IO_fflush (fp=0x7ffff7610760 <_IO_2_1_stdout_>) at iofflush.c:39
#2  0x00007ffff7b5ef5e in std::ostream::flush() () from /usr/lib/x86_64-linux-gnu/libstdc++.so.6
#3  0x00005555555563c7 in BTreeNode::traverse (this=0x55555584c4e0) at BTree.cpp:592
#4  0x0000555555556377 in BTreeNode::traverse (this=0x55555584c7b0) at BTree.cpp:591
#5  0x00005555555563ff in BTreeNode::traverse (this=0x55555584c840) at BTree.cpp:597
#6  0x0000555555556377 in BTreeNode::traverse (this=0x55555584f780) at BTree.cpp:591
#7  0x0000555555556377 in BTreeNode::traverse (this=0x555555858390) at BTree.cpp:591
#8  0x00005555555563ff in BTreeNode::traverse (this=0x555555858420) at BTree.cpp:597
#9  0x0000555555556377 in BTreeNode::traverse (this=0x555555858540) at BTree.cpp:591
#10 0x00005555555563ff in BTreeNode::traverse (this=0x5555558584b0) at BTree.cpp:597
#11 0x0000555555556851 in BTree::traverse (this=0x7fffffffddc0) at BTree.cpp:137
#12 0x0000555555556630 in main (argc=3, argv=0x7fffffffded8) at BTree.cpp:668

792	libioP.h: Arquivo ou diretório inexistente.

Backtrace END
Memory content before bitflip:0x000x000x000x00
Fault Model: Zero bit-flip
base address to flip value: 0x7fffffffdc5c
address max offset: 4
Memory content after  bitflip:0x000x000x000x00
frame name: BTreeNode::traverse
symbol name: i
symbol filename: BTree.cpp
symbol line: 585
value: 0
value address: 0x7fffffffdc5c
Type: The type is an integer type.
Type sizeof: 4

[INFO -- 2018-10-12 08:17:20]
Fault Injection Successful after 1.3484947681427002s
[INFO -- 2018-10-12 08:17:20]
event type: exit
[INFO -- 2018-10-12 08:17:20]
exit code: 0
