[INFO -- 2018-10-12 04:00:45]
Starting flip_value script
version: 1.1
[INFO -- 2018-10-12 04:00:45]
Initialization strings:
[INFO -- 2018-10-12 04:00:45]
(1) file /tmp/BTree/main
[INFO -- 2018-10-12 04:00:45]
(2)  set args /tmp/BTree/input_100000 /tmp/BTree/output_100000
[INFO -- 2018-10-12 04:00:45]
initSignal:0
[INFO -- 2018-10-12 04:00:45]
endSignal:2
[INFO -- 2018-10-12 04:00:45]
faultModel:4
[INFO -- 2018-10-12 04:00:46]
Backtrace BEGIN:
#0  _IO_new_file_sync (fp=0x7ffff7610760 <_IO_2_1_stdout_>) at fileops.c:807
#1  0x00007ffff72a287d in __GI__IO_fflush (fp=0x7ffff7610760 <_IO_2_1_stdout_>) at iofflush.c:40
#2  0x00007ffff7b5ef5e in std::ostream::flush() () from /usr/lib/x86_64-linux-gnu/libstdc++.so.6
#3  0x00005555555563c7 in BTreeNode::traverse (this=0x555555795a20) at BTree.cpp:592
#4  0x00005555555563ff in BTreeNode::traverse (this=0x555555795ab0) at BTree.cpp:597
#5  0x00005555555563ff in BTreeNode::traverse (this=0x555555795b40) at BTree.cpp:597
#6  0x0000555555556377 in BTreeNode::traverse (this=0x555555796320) at BTree.cpp:591
#7  0x0000555555556377 in BTreeNode::traverse (this=0x555555797b50) at BTree.cpp:591
#8  0x0000555555556377 in BTreeNode::traverse (this=0x5555557a0760) at BTree.cpp:591
#9  0x0000555555556377 in BTreeNode::traverse (this=0x5555557bac20) at BTree.cpp:591
#10 0x0000555555556377 in BTreeNode::traverse (this=0x5555557bab90) at BTree.cpp:591
#11 0x0000555555556377 in BTreeNode::traverse (this=0x5555558584b0) at BTree.cpp:591
#12 0x0000555555556851 in BTree::traverse (this=0x7fffffffddc0) at BTree.cpp:137
#13 0x0000555555556630 in main (argc=3, argv=0x7fffffffded8) at BTree.cpp:668

802	fileops.c: Arquivo ou diretório inexistente.

Backtrace END
Memory content before bitflip:0x040x000x000x00
Fault Model: LSB bit-flip
base address to flip value: 0x7fffffffdb5c
address max offset: 4
Memory content after  bitflip:0x040x000x000x08
frame name: BTreeNode::traverse
symbol name: i
symbol filename: BTree.cpp
symbol line: 585
value: 134217732
value address: 0x7fffffffdb5c
Type: The type is an integer type.
Type sizeof: 4

[INFO -- 2018-10-12 04:00:46]
Fault Injection Successful after 1.4180705547332764s
[INFO -- 2018-10-12 04:00:46]
event type: exit
[INFO -- 2018-10-12 04:00:46]
exit code: 0
