[INFO -- 2018-12-01 05:59:38]
Starting flip_value script
version: 1.1
[INFO -- 2018-12-01 05:59:38]
Initialization strings:
[INFO -- 2018-12-01 05:59:38]
(1) file /tmp/splay/main
[INFO -- 2018-12-01 05:59:38]
(2) set args /tmp/splay/input_100000 /tmp/splay/output_100000
[INFO -- 2018-12-01 05:59:38]
initSignal:0
[INFO -- 2018-12-01 05:59:38]
endSignal:5
[INFO -- 2018-12-01 05:59:38]
faultModel:4
[EXCEPTION -- 2018-12-01 05:59:39]
pythonException: Unable to exit loop in struct fields; Exiting wihtout making a bit flip
[EXCEPTION -- 2018-12-01 05:59:39]
pythonException: empty range for randrange() (0,0, 0)
[EXCEPTION -- 2018-12-01 05:59:39]
pythonException: empty range for randrange() (0,0, 0)
[INFO -- 2018-12-01 05:59:39]
event type: exit
[INFO -- 2018-12-01 05:59:39]
exit code: 0
