[INFO -- 2018-12-01 04:30:01]
Starting flip_value script
version: 1.1
[INFO -- 2018-12-01 04:30:01]
Initialization strings:
[INFO -- 2018-12-01 04:30:01]
(1) file /tmp/splay/main
[INFO -- 2018-12-01 04:30:01]
(2) set args /tmp/splay/input_100000 /tmp/splay/output_100000
[INFO -- 2018-12-01 04:30:01]
initSignal:0
[INFO -- 2018-12-01 04:30:01]
endSignal:5
[INFO -- 2018-12-01 04:30:01]
faultModel:1
[INFO -- 2018-12-01 04:30:01]
Backtrace BEGIN:
#0  InOrder (root=0x55555569d690) at splay.cpp:252
#1  0x0000555555557b0d in InOrder (root=0x55555566f670) at splay.cpp:254
#2  0x0000555555557abd in InOrder (root=0x5555556dfff0) at splay.cpp:252
#3  0x0000555555557b0d in InOrder (root=0x555555734e30) at splay.cpp:254
#4  0x0000555555557abd in InOrder (root=0x5555555ba250) at splay.cpp:252
#5  0x0000555555557abd in InOrder (root=0x55555581a9d0) at splay.cpp:252
#6  0x0000555555557b0d in InOrder (root=0x555555814e10) at splay.cpp:254
#7  0x0000555555557b0d in InOrder (root=0x555555867270) at splay.cpp:254
#8  0x0000555555557b0d in InOrder (root=0x5555555ea510) at splay.cpp:254
#9  0x0000555555557abd in InOrder (root=0x5555558773d0) at splay.cpp:252
#10 0x0000555555557abd in InOrder (root=0x5555557ced90) at splay.cpp:252
#11 0x0000555555557b0d in InOrder (root=0x55555587ca10) at splay.cpp:254
#12 0x0000555555557b0d in InOrder (root=0x555555707270) at splay.cpp:254
#13 0x0000555555557b0d in InOrder (root=0x55555587d570) at splay.cpp:254
#14 0x0000555555557b0d in InOrder (root=0x55555587d6b0) at splay.cpp:254
#15 0x0000555555557abd in InOrder (root=0x5555556e1d70) at splay.cpp:252
#16 0x0000555555557b0d in InOrder (root=0x5555555852d0) at splay.cpp:254
#17 0x0000555555557abd in InOrder (root=0x55555587d9d0) at splay.cpp:252
#18 0x0000555555557b0d in InOrder (root=0x5555555d7910) at splay.cpp:254
#19 0x0000555555557b0d in InOrder (root=0x55555587d8d0) at splay.cpp:254
#20 0x0000555555557b0d in InOrder (root=0x5555557cfed0) at splay.cpp:254
#21 0x0000555555557b0d in InOrder (root=0x555555774190) at splay.cpp:254
#22 0x0000555555557b0d in InOrder (root=0x555555774870) at splay.cpp:254
#23 0x0000555555557abd in InOrder (root=0x55555587dcb0) at splay.cpp:252
#24 0x0000555555557b0d in InOrder (root=0x555555693810) at splay.cpp:254
#25 0x0000555555557b0d in InOrder (root=0x555555634c10) at splay.cpp:254
#26 0x0000555555557b0d in InOrder (root=0x55555587dcd0) at splay.cpp:254
#27 0x00005555555564fe in main (argc=3, argv=0x7fffffffdfb8) at main.cpp:35

247	
248	void InOrder(splay* root)
249	{
250		if(root)
251		{
252			InOrder(root->lchild);
253			std::cout<<std::bitset<16>(root->key)<<std::endl;
254			InOrder(root->rchild);
255		}
256	}

Backtrace END
Fliping a bit of the value pointed by a pointer
Fliping value of field: rchild
Fliping a bit of the pointer
Memory content before bitflip:0x100x4e0x810x550x550x550x000x00
Fault Model: Double bit-flip
base address to flip value: 0x555555867280
address max offset: 8
Memory content after  bitflip:0x100x4e0x810x550x550x550x000x09
frame name: InOrder
symbol name: root
symbol filename: splay.cpp
symbol line: 248
value: 0x555555867270
value address: 0x7fffffffd878
Type: The type is a pointer.
Type sizeof: 8

[INFO -- 2018-12-01 04:30:01]
Fault Injection Successful after 0.880335807800293s
[INFO -- 2018-12-01 04:30:01]
event type: exit
[INFO -- 2018-12-01 04:30:01]
exit code: 0
