[INFO -- 2018-12-09 00:36:29]
Starting flip_value script
version: 1.1
[INFO -- 2018-12-09 00:36:29]
Initialization strings:
[INFO -- 2018-12-09 00:36:29]
(1) file /tmp/Tree234/main
[INFO -- 2018-12-09 00:36:29]
(2) set args /tmp/Tree234/input_50000 /tmp/Tree234/output_50000
[INFO -- 2018-12-09 00:36:29]
initSignal:0
[INFO -- 2018-12-09 00:36:29]
endSignal:2
[INFO -- 2018-12-09 00:36:29]
faultModel:1
[INFO -- 2018-12-09 00:36:29]
Backtrace BEGIN:
#0  do_lookup_x (undef_name=undef_name@entry=0x7ffff7a9118a "_ZNKSt8numpunctIwE11do_truenameEv", new_hash=new_hash@entry=396454277, old_hash=old_hash@entry=0x7fffffffdb10, ref=0x7ffff7a7cd88, result=result@entry=0x7fffffffdb20, scope=<optimized out>, i=0, version=0x7ffff7fd8030, flags=1, skip=0x0, type_class=0, undef_map=0x7ffff7fda000) at dl-lookup.c:399
#1  0x00007ffff7de1b1f in _dl_lookup_symbol_x (undef_name=0x7ffff7a9118a "_ZNKSt8numpunctIwE11do_truenameEv", undef_map=undef_map@entry=0x7ffff7fda000, ref=ref@entry=0x7fffffffdc70, symbol_scope=symbol_scope@entry=0x7ffff7fda358, version=0x7ffff7fd8030, type_class=0, flags=1, skip_map=0x0) at dl-lookup.c:829
#2  0x00007ffff7de377d in elf_machine_rela (skip_ifunc=<optimized out>, reloc_addr_arg=0x7ffff7dcb278, version=<optimized out>, sym=0x7ffff7a7cd88, reloc=0x7ffff7acdea0, map=0x7ffff7fda000) at ../sysdeps/x86_64/dl-machine.h:301
#3  elf_dynamic_do_Rela (skip_ifunc=<optimized out>, lazy=<optimized out>, nrelative=<optimized out>, relsize=<optimized out>, reladdr=<optimized out>, map=0x7ffff7fda000) at do-rel.h:137
#4  _dl_relocate_object (scope=<optimized out>, reloc_mode=<optimized out>, consider_profiling=<optimized out>, consider_profiling@entry=0) at dl-reloc.c:258
#5  0x00007ffff7ddb0db in dl_main (phdr=<optimized out>, phnum=<optimized out>, user_entry=<optimized out>, auxv=<optimized out>) at rtld.c:2109
#6  0x00007ffff7df0632 in _dl_sysdep_start (start_argptr=start_argptr@entry=0x7fffffffdee0, dl_main=dl_main@entry=0x7ffff7dd91e0 <dl_main>) at ../elf/dl-sysdep.c:249
#7  0x00007ffff7dd8c2a in _dl_start_final (arg=0x7fffffffdee0) at rtld.c:323
#8  _dl_start (arg=0x7fffffffdee0) at rtld.c:429
#9  0x00007ffff7dd7c38 in _start () from /lib64/ld-linux-x86-64.so.2
#10 0x0000000000000003 in ?? ()
#11 0x00007fffffffe25f in ?? ()
#12 0x00007fffffffe271 in ?? ()
#13 0x00007fffffffe28a in ?? ()
#14 0x0000000000000000 in ?? ()

394	in dl-lookup.c

Backtrace END
Memory content before bitflip:0x000x000x000x00
Fault Model: Double bit-flip
base address to flip value: 0x7ffff7ffcbc0 
address max offset: 4
Memory content after  bitflip:0x000x000x000x0c
frame name: _dl_start
symbol name: any_debug
symbol filename: rtld.c
symbol line: 2239
value: 201326592
value address: 0x7ffff7ffcbc0 <any_debug>
Type: The type is an integer type.
Type sizeof: 4

[INFO -- 2018-12-09 00:36:29]
Fault Injection Successful after 0.5748879909515381s
[INFO -- 2018-12-09 00:36:30]
event type: exit
[INFO -- 2018-12-09 00:36:30]
exit code: 0
