[INFO -- 2018-12-01 04:02:22]
Starting flip_value script
version: 1.1
[INFO -- 2018-12-01 04:02:22]
Initialization strings:
[INFO -- 2018-12-01 04:02:22]
(1) file /tmp/splay/main
[INFO -- 2018-12-01 04:02:22]
(2) set args /tmp/splay/input_100000 /tmp/splay/output_100000
[INFO -- 2018-12-01 04:02:22]
initSignal:0
[INFO -- 2018-12-01 04:02:22]
endSignal:5
[INFO -- 2018-12-01 04:02:22]
faultModel:0
[INFO -- 2018-12-01 04:02:22]
Backtrace BEGIN:
#0  0x0000555555557ab5 in InOrder (root=0x55555587a390) at splay.cpp:252
#1  0x0000555555557abd in InOrder (root=0x5555558293b0) at splay.cpp:252
#2  0x0000555555557b0d in InOrder (root=0x55555587ceb0) at splay.cpp:254
#3  0x0000555555557abd in InOrder (root=0x55555587d6f0) at splay.cpp:252
#4  0x0000555555557abd in InOrder (root=0x55555571f9f0) at splay.cpp:252
#5  0x0000555555557b0d in InOrder (root=0x55555570b550) at splay.cpp:254
#6  0x0000555555557abd in InOrder (root=0x555555774070) at splay.cpp:252
#7  0x0000555555557abd in InOrder (root=0x55555587da50) at splay.cpp:252
#8  0x0000555555557abd in InOrder (root=0x5555555d7910) at splay.cpp:252
#9  0x0000555555557b0d in InOrder (root=0x55555587d8d0) at splay.cpp:254
#10 0x0000555555557b0d in InOrder (root=0x5555557cfed0) at splay.cpp:254
#11 0x0000555555557b0d in InOrder (root=0x555555774190) at splay.cpp:254
#12 0x0000555555557b0d in InOrder (root=0x555555774870) at splay.cpp:254
#13 0x0000555555557abd in InOrder (root=0x55555587dcb0) at splay.cpp:252
#14 0x0000555555557b0d in InOrder (root=0x555555693810) at splay.cpp:254
#15 0x0000555555557b0d in InOrder (root=0x555555634c10) at splay.cpp:254
#16 0x0000555555557b0d in InOrder (root=0x55555587dcd0) at splay.cpp:254
#17 0x00005555555564fe in main (argc=3, argv=0x7fffffffdfb8) at main.cpp:35

247	
248	void InOrder(splay* root)
249	{
250		if(root)
251		{
252			InOrder(root->lchild);
253			std::cout<<std::bitset<16>(root->key)<<std::endl;
254			InOrder(root->rchild);
255		}
256	}

Backtrace END
Fliping a bit of the value pointed by a pointer
Fliping a bit of the value pointed by a pointer
Memory content before bitflip:0x2f
Fault Model: Single bit-flip
base address to flip value: 0x7fffffffe306 
address max offset: 1
Memory content after  bitflip:0x2d
frame name: main
symbol name: argv
symbol filename: main.cpp
symbol line: 14
value: 0x7fffffffdfb8
value address: 0x7fffffffdc30
Type: The type is a pointer.
Type sizeof: 8

[INFO -- 2018-12-01 04:02:22]
Fault Injection Successful after 0.811201810836792s
[INFO -- 2018-12-01 04:02:22]
event type: exit
[INFO -- 2018-12-01 04:02:22]
exit code: 0
