[INFO -- 2018-10-12 01:13:39]
Starting flip_value script
version: 1.1
[INFO -- 2018-10-12 01:13:39]
Initialization strings:
[INFO -- 2018-10-12 01:13:39]
(1) file /tmp/BTree/main
[INFO -- 2018-10-12 01:13:39]
(2)  set args /tmp/BTree/input_100000 /tmp/BTree/output_100000
[INFO -- 2018-10-12 01:13:39]
initSignal:0
[INFO -- 2018-10-12 01:13:39]
endSignal:2
[INFO -- 2018-10-12 01:13:39]
faultModel:2
[EXCEPTION -- 2018-10-12 01:13:39]
pythonException: Unable to exit loop in struct fields; Exiting wihtout making a bit flip
[INFO -- 2018-10-12 01:13:40]
Backtrace BEGIN:
#0  0x0000555555556a7a in std::bitset<16ul>::_Unchecked_test (this=0x7fffffffdb60, __pos=1) at /usr/include/c++/7/bitset:1059
#1  0x0000555555556a03 in std::bitset<16ul>::_M_copy_to_string<char, std::char_traits<char>, std::allocator<char> > (this=0x7fffffffdb60, __s="0111110011100100", __zero=48 '0', __one=49 '1') at /usr/include/c++/7/bitset:1409
#2  0x0000555555556943 in std::operator<< <char, std::char_traits<char>, 16ul> (__os=..., __x=std::bitset = {...}) at /usr/include/c++/7/bitset:1538
#3  0x00005555555563b2 in BTreeNode::traverse (this=0x555555b659b0) at BTree.cpp:592
#4  0x00005555555563ff in BTreeNode::traverse (this=0x555555a0a700) at BTree.cpp:597
#5  0x00005555555563ff in BTreeNode::traverse (this=0x555555b50cb0) at BTree.cpp:597
#6  0x00005555555563ff in BTreeNode::traverse (this=0x555555998910) at BTree.cpp:597
#7  0x00005555555563ff in BTreeNode::traverse (this=0x555555b9d030) at BTree.cpp:597
#8  0x00005555555563ff in BTreeNode::traverse (this=0x555555acc5c0) at BTree.cpp:597
#9  0x0000555555556377 in BTreeNode::traverse (this=0x555555acc6e0) at BTree.cpp:591
#10 0x0000555555556377 in BTreeNode::traverse (this=0x555555812430) at BTree.cpp:591
#11 0x0000555555556377 in BTreeNode::traverse (this=0x555555a27320) at BTree.cpp:591
#12 0x0000555555556851 in BTree::traverse (this=0x7fffffffddc0) at BTree.cpp:137
#13 0x0000555555556630 in main (argc=3, argv=0x7fffffffded8) at BTree.cpp:668

1054	      }
1055	
1056	      _GLIBCXX_CONSTEXPR bool
1057	      _Unchecked_test(size_t __pos) const _GLIBCXX_NOEXCEPT
1058	      { return ((this->_M_getword(__pos) & _Base::_S_maskbit(__pos))
1059			!= static_cast<_WordT>(0)); }
1060	      //@}
1061	
1062	      // Set, reset, and flip.
1063	      /**

Backtrace END
Fliping a bit of the reference
Memory content before bitflip:0xe60x7c0x000x000x000x000x000x00
Fault Model: Random bit-flip
base address to flip value: 0x7fffffffdb60
address max offset: 8
Memory content after  bitflip:0x6c0xbb0x770x700x910xc60x9d0x0f
frame name: std::operator<< <char, std::char_traits<char>, 16ul>
symbol name: __x
symbol filename: /usr/include/c++/7/bitset
symbol line: 1531
value: std::bitset = {[2] = 1, [3] = 1, [5] = 1, [6] = 1, [8] = 1, [9] = 1, [11] = 1, [12] = 1, [13] = 1, [15] = 1, [16] = 1, [17] = 1, [18] = 1, [20] = 1, [21] = 1, [22] = 1, [28] = 1, [29] = 1, [30] = 1, [32] = 1, [36] = 1, [39] = 1, [41] = 1, [42] = 1, [46] = 1, [47] = 1, [48] = 1, [50] = 1, [51] = 1, [52] = 1, [55] = 1, [56] = 1, [57] = 1, [58] = 1, [59] = 1}
value address: 0x7fffffffdb60
Type: A reference type.
Type sizeof: 8

[INFO -- 2018-10-12 01:13:40]
Fault Injection Successful after 1.0721302032470703s
[INFO -- 2018-10-12 01:13:40]
event type: exit
[INFO -- 2018-10-12 01:13:40]
exit code: 0
