[INFO -- 2018-11-26 00:48:26]
Starting flip_value script
version: 1.1
[INFO -- 2018-11-26 00:48:26]
Initialization strings:
[INFO -- 2018-11-26 00:48:26]
(1) file /tmp/BTree-dup/main
[INFO -- 2018-11-26 00:48:26]
(2)  set args /tmp/BTree-dup/input_100000 /tmp/BTree-dup/output_100000 /tmp/BTree-dup-detection.log /tmp/BTree-dup/output2_100000
[INFO -- 2018-11-26 00:48:26]
initSignal:0
[INFO -- 2018-11-26 00:48:26]
endSignal:2
[INFO -- 2018-11-26 00:48:26]
faultModel:3
[INFO -- 2018-11-26 00:48:28]
Backtrace BEGIN:
#0  0x00007ffff7334154 in __GI___libc_write (fd=1, buf=0x55555576d0d0, nbytes=17) at ../sysdeps/unix/sysv/linux/write.c:27
#1  0x00007ffff72af1bd in _IO_new_file_write (f=0x7ffff7610760 <_IO_2_1_stdout_>, data=0x55555576d0d0, n=17) at fileops.c:1203
#2  0x00007ffff72b0f51 in new_do_write (to_do=17, data=0x55555576d0d0 "0110110100100001\n\320vUUU", fp=0x7ffff7610760 <_IO_2_1_stdout_>) at fileops.c:457
#3  _IO_new_do_write (fp=0x7ffff7610760 <_IO_2_1_stdout_>, data=0x55555576d0d0 "0110110100100001\n\320vUUU", to_do=17) at fileops.c:433
#4  0x00007ffff72ae788 in _IO_new_file_sync (fp=0x7ffff7610760 <_IO_2_1_stdout_>) at fileops.c:813
#5  0x00007ffff72a287d in __GI__IO_fflush (fp=0x7ffff7610760 <_IO_2_1_stdout_>) at iofflush.c:40
#6  0x00007ffff7b5ef5e in std::ostream::flush() () from /usr/lib/x86_64-linux-gnu/libstdc++.so.6
#7  0x0000555555556927 in BTreeNode::traverse (this=0x555555782130) at BTree_dup.cpp:594
#8  0x00005555555568d7 in BTreeNode::traverse (this=0x5555557b03c0) at BTree_dup.cpp:593
#9  0x00005555555568d7 in BTreeNode::traverse (this=0x55555598c370) at BTree_dup.cpp:593
#10 0x00005555555568d7 in BTreeNode::traverse (this=0x555555817620) at BTree_dup.cpp:593
#11 0x00005555555568d7 in BTreeNode::traverse (this=0x555555b1c810) at BTree_dup.cpp:593
#12 0x00005555555568d7 in BTreeNode::traverse (this=0x555555a2aaa0) at BTree_dup.cpp:593
#13 0x00005555555568d7 in BTreeNode::traverse (this=0x555555a2abc0) at BTree_dup.cpp:593
#14 0x000055555555695f in BTreeNode::traverse (this=0x555555a2ab30) at BTree_dup.cpp:599
#15 0x00005555555572bb in BTree::traverse (this=0x7fffffffdd40) at BTree_dup.cpp:139
#16 0x0000555555556fbd in main (argc=5, argv=0x7fffffffde68) at BTree_dup.cpp:718

22	../sysdeps/unix/sysv/linux/write.c: Arquivo ou diretório inexistente.

Backtrace END
Fliping a bit of the value pointed by a pointer
Fliping value of field: C
Fliping a bit of the value pointed by a pointer
Fliping a bit of the pointer
Memory content before bitflip:0x600x9f0x7e0x550x550x550x000x00
Fault Model: Zero bit-flip
base address to flip value: 0x555555817670
address max offset: 8
Memory content after  bitflip:0x000x000x000x000x000x000x000x00
frame name: BTreeNode::traverse
symbol name: this
symbol filename: BTree_dup.cpp
symbol line: 0
value: 0x555555817620
value address: 0x7fffffffdba8
Type: The type is a pointer.
Type sizeof: 8

[INFO -- 2018-11-26 00:48:28]
Fault Injection Successful after 2.1375486850738525s
[INFO -- 2018-11-26 00:48:28]
event type: exit
[INFO -- 2018-11-26 00:48:28]
exit code: 0
