[INFO -- 2018-10-11 23:02:19]
Starting flip_value script
version: 1.1
[INFO -- 2018-10-11 23:02:19]
Initialization strings:
[INFO -- 2018-10-11 23:02:19]
(1) file /tmp/BTree/main
[INFO -- 2018-10-11 23:02:19]
(2)  set args /tmp/BTree/input_100000 /tmp/BTree/output_100000
[INFO -- 2018-10-11 23:02:19]
initSignal:0
[INFO -- 2018-10-11 23:02:19]
endSignal:2
[INFO -- 2018-10-11 23:02:19]
faultModel:3
[INFO -- 2018-10-11 23:02:20]
Backtrace BEGIN:
#0  0x000055555555604a in BTreeNode::insertNonFull (this=0x555555812430, k=3312546) at BTree.cpp:522
#1  0x0000555555555f18 in BTree::insert (this=0x7fffffffddc0, k=3312546) at BTree.cpp:487
#2  0x0000555555556601 in main (argc=3, argv=0x7fffffffded8) at BTree.cpp:665

517			// Find the child which is going to have the new key
518			while (i >= 0 && keys[i] > k)
519				i--;
520	
521			// See if the found child is full
522			if (C[i+1]->n == 2*t-1)
523			{
524				// If the child is full, then split it
525				splitChild(i+1, C[i+1]);
526	

Backtrace END
Memory content before bitflip:0xa20x8b0x320x00
Fault Model: Zero bit-flip
base address to flip value: 0x7fffffffdd34
address max offset: 4
Memory content after  bitflip:0x000x000x000x00
frame name: BTreeNode::insertNonFull
symbol name: k
symbol filename: BTree.cpp
symbol line: 494
value: 0
value address: 0x7fffffffdd34
Type: The type is an integer type.
Type sizeof: 4

[INFO -- 2018-10-11 23:02:20]
Fault Injection Successful after 1.3273146152496338s
[INFO -- 2018-10-11 23:02:20]
event type: exit
[INFO -- 2018-10-11 23:02:20]
exit code: 0
