[INFO -- 2018-12-01 09:07:58]
Starting flip_value script
version: 1.1
[INFO -- 2018-12-01 09:07:58]
Initialization strings:
[INFO -- 2018-12-01 09:07:58]
(1) file /tmp/splay/main
[INFO -- 2018-12-01 09:07:58]
(2) set args /tmp/splay/input_100000 /tmp/splay/output_100000
[INFO -- 2018-12-01 09:07:58]
initSignal:0
[INFO -- 2018-12-01 09:07:58]
endSignal:5
[INFO -- 2018-12-01 09:07:58]
faultModel:4
[INFO -- 2018-12-01 09:07:59]
Backtrace BEGIN:
#0  0x00007ffff7d34fd4 in __GI___libc_write (fd=1, buf=0x55555587dcf0, nbytes=17) at ../sysdeps/unix/sysv/linux/write.c:26
#1  0x00007ffff7cb633d in _IO_new_file_write (f=0x7ffff7e10760 <_IO_2_1_stdout_>, data=0x55555587dcf0, n=17) at fileops.c:1183
#2  0x00007ffff7cb7a71 in new_do_write (to_do=17, data=0x55555587dcf0 "1001101110101101\n", fp=0x7ffff7e10760 <_IO_2_1_stdout_>) at libioP.h:839
#3  _IO_new_do_write (fp=0x7ffff7e10760 <_IO_2_1_stdout_>, data=0x55555587dcf0 "1001101110101101\n", to_do=17) at fileops.c:433
#4  0x00007ffff7cb56f8 in _IO_new_file_sync (fp=0x7ffff7e10760 <_IO_2_1_stdout_>) at fileops.c:819
#5  0x00007ffff7caa32d in __GI__IO_fflush (fp=0x7ffff7e10760 <_IO_2_1_stdout_>) at libioP.h:839
#6  0x00007ffff7f4201e in std::ostream::flush() () from /usr/lib/x86_64-linux-gnu/libstdc++.so.6
#7  0x0000555555557afd in InOrder (root=0x55555574e230) at splay.cpp:253
#8  0x0000555555557abd in InOrder (root=0x5555557c8530) at splay.cpp:252
#9  0x0000555555557b0d in InOrder (root=0x555555802090) at splay.cpp:254
#10 0x0000555555557b0d in InOrder (root=0x555555838d30) at splay.cpp:254
#11 0x0000555555557b0d in InOrder (root=0x5555555fb3d0) at splay.cpp:254
#12 0x0000555555557abd in InOrder (root=0x555555621c10) at splay.cpp:252
#13 0x0000555555557abd in InOrder (root=0x555555846150) at splay.cpp:252
#14 0x0000555555557b0d in InOrder (root=0x5555556df790) at splay.cpp:254
#15 0x0000555555557b0d in InOrder (root=0x55555585c110) at splay.cpp:254
#16 0x0000555555557abd in InOrder (root=0x55555565cd30) at splay.cpp:252
#17 0x0000555555557abd in InOrder (root=0x55555585ea50) at splay.cpp:252
#18 0x0000555555557b0d in InOrder (root=0x5555555bb250) at splay.cpp:254
#19 0x0000555555557abd in InOrder (root=0x5555556fa570) at splay.cpp:252
#20 0x0000555555557abd in InOrder (root=0x555555874bf0) at splay.cpp:252
#21 0x0000555555557b0d in InOrder (root=0x5555558778f0) at splay.cpp:254
#22 0x0000555555557b0d in InOrder (root=0x5555556dd1f0) at splay.cpp:254
#23 0x0000555555557abd in InOrder (root=0x5555556b9890) at splay.cpp:252
#24 0x0000555555557abd in InOrder (root=0x5555555ac370) at splay.cpp:252
#25 0x0000555555557abd in InOrder (root=0x55555587c5b0) at splay.cpp:252
#26 0x0000555555557abd in InOrder (root=0x555555645730) at splay.cpp:252
#27 0x0000555555557abd in InOrder (root=0x5555557992b0) at splay.cpp:252
#28 0x0000555555557b0d in InOrder (root=0x55555587db30) at splay.cpp:254
#29 0x0000555555557abd in InOrder (root=0x55555587da30) at splay.cpp:252
#30 0x0000555555557abd in InOrder (root=0x55555587dbb0) at splay.cpp:252
#31 0x0000555555557abd in InOrder (root=0x5555557cfed0) at splay.cpp:252
#32 0x0000555555557b0d in InOrder (root=0x555555774190) at splay.cpp:254
#33 0x0000555555557b0d in InOrder (root=0x555555774870) at splay.cpp:254
#34 0x0000555555557abd in InOrder (root=0x55555587dcb0) at splay.cpp:252
#35 0x0000555555557b0d in InOrder (root=0x555555693810) at splay.cpp:254
#36 0x0000555555557b0d in InOrder (root=0x555555634c10) at splay.cpp:254
#37 0x0000555555557b0d in InOrder (root=0x55555587dcd0) at splay.cpp:254
#38 0x00005555555564fe in main (argc=3, argv=0x7fffffffdfb8) at main.cpp:35

21	in ../sysdeps/unix/sysv/linux/write.c

Backtrace END
Fliping a bit of the value pointed by a pointer
Fliping value of field: lchild
Fliping a bit of the value pointed by a pointer
Fliping value of field: lchild
Fliping a bit of the pointer
Memory content before bitflip:0x000x000x000x000x000x000x000x00
Fault Model: LSB bit-flip
base address to flip value: 0x55555587db38
address max offset: 8
Memory content after  bitflip:0x000x000x000x000x000x000x000x40
frame name: InOrder
symbol name: root
symbol filename: splay.cpp
symbol line: 248
value: 0x55555587da30
value address: 0x7fffffffda88
Type: The type is a pointer.
Type sizeof: 8

[INFO -- 2018-12-01 09:07:59]
Fault Injection Successful after 1.4454412460327148s
[INFO -- 2018-12-01 09:07:59]
event type: exit
[INFO -- 2018-12-01 09:07:59]
exit code: 0
