[INFO -- 2018-11-26 01:20:48]
Starting flip_value script
version: 1.1
[INFO -- 2018-11-26 01:20:48]
Initialization strings:
[INFO -- 2018-11-26 01:20:48]
(1) file /tmp/BTree-dup/main
[INFO -- 2018-11-26 01:20:48]
(2)  set args /tmp/BTree-dup/input_100000 /tmp/BTree-dup/output_100000 /tmp/BTree-dup-detection.log /tmp/BTree-dup/output2_100000
[INFO -- 2018-11-26 01:20:48]
initSignal:0
[INFO -- 2018-11-26 01:20:48]
endSignal:2
[INFO -- 2018-11-26 01:20:48]
faultModel:1
[INFO -- 2018-11-26 01:20:49]
Backtrace BEGIN:
#0  0x0000555555557bc6 in std::istream_iterator<int, char, std::char_traits<char>, long>::_M_equal (this=0x7fffffffd960, __x=...) at /usr/include/c++/7/bits/stream_iterator.h:112
#1  0x0000555555557a95 in std::operator!=<int, char, std::char_traits<char>, long> (__x=..., __y=...) at /usr/include/c++/7/bits/stream_iterator.h:139
#2  0x00005555555579c5 in std::vector<int, std::allocator<int> >::_M_range_initialize<std::istream_iterator<int, char, std::char_traits<char>, long> > (this=0x7fffffffdaa0, __first=..., __last=...) at /usr/include/c++/7/bits/stl_vector.h:1308
#3  0x0000555555557882 in std::vector<int, std::allocator<int> >::_M_initialize_dispatch<std::istream_iterator<int, char, std::char_traits<char>, long> > (this=0x7fffffffdaa0, __first=..., __last=...) at /usr/include/c++/7/bits/stl_vector.h:1299
#4  0x0000555555557569 in std::vector<int, std::allocator<int> >::vector<std::istream_iterator<int, char, std::char_traits<char>, long>, void> (this=0x7fffffffdaa0, __first=..., __last=..., __a=...) at /usr/include/c++/7/bits/stl_vector.h:414
#5  0x0000555555556bbc in runner (input=0x7fffffffe22a "/tmp/BTree-dup/input_100000") at BTree_dup.cpp:660
#6  0x0000555555556f7a in main (argc=5, argv=0x7fffffffde68) at BTree_dup.cpp:712

107		return __tmp;
108	      }
109	
110	      bool
111	      _M_equal(const istream_iterator& __x) const
112	      { return (_M_ok == __x._M_ok) && (!_M_ok || _M_stream == __x._M_stream); }
113	
114	    private:
115	      void
116	      _M_read()

Backtrace END
Fliping a bit of the pointer
Memory content before bitflip:0x600xd90xff0xff0xff0x7f0x000x00
Fault Model: Double bit-flip
base address to flip value: 0x7fffffffd8c8
address max offset: 8
Memory content after  bitflip:0x600xd90xff0xff0xaf0x7f0x000x00
frame name: std::istream_iterator<int, char, std::char_traits<char>, long>::_M_equal
symbol name: this
symbol filename: BTree_dup.cpp
symbol line: 0
value: 0x7fffffffd960
value address: 0x7fffffffd8c8
Type: The type is a pointer.
Type sizeof: 8

[INFO -- 2018-11-26 01:20:49]
Fault Injection Successful after 1.3298065662384033s
[INFO -- 2018-11-26 01:20:50]
event type: exit
[INFO -- 2018-11-26 01:20:50]
exit code: 0
