[INFO -- 2018-10-16 21:43:31]
Starting flip_value script
version: 1.1
[INFO -- 2018-10-16 21:43:31]
Initialization strings:
[INFO -- 2018-10-16 21:43:31]
(1) file /tmp/RBTree/main
[INFO -- 2018-10-16 21:43:31]
(2) set args  /tmp/RBTree/input_ /tmp/RBTree/output_
[INFO -- 2018-10-16 21:43:31]
initSignal:0
[INFO -- 2018-10-16 21:43:31]
endSignal:2
[INFO -- 2018-10-16 21:43:31]
faultModel:4
[INFO -- 2018-10-16 21:43:31]
Backtrace BEGIN:
#0  0x00007ffff7de00b7 in _dl_lookup_symbol_x (undef_name=0x7ffff7ab1929 "_ZNKSt7num_getIwSt19istreambuf_iteratorIwSt11char_traitsIwEEE6do_getES3_S3_RSt8ios_baseRSt12_Ios_IostateRl", undef_map=undef_map@entry=0x7ffff7fd6000, ref=ref@entry=0x7fffffffdba0, symbol_scope=symbol_scope@entry=0x7ffff7fd6358, version=0x7ffff7fd4030, type_class=0, flags=1, skip_map=0x0) at dl-lookup.c:790
#1  0x00007ffff7de1af9 in elf_machine_rela (skip_ifunc=<optimized out>, reloc_addr_arg=0x7ffff7dcd828, version=<optimized out>, sym=<optimized out>, reloc=0x7ffff7ace3f0, map=0x7ffff7fd6000) at ../sysdeps/x86_64/dl-machine.h:308
#2  elf_dynamic_do_Rela (skip_ifunc=<optimized out>, lazy=<optimized out>, nrelative=<optimized out>, relsize=<optimized out>, reladdr=<optimized out>, map=0x7ffff7fd6000) at do-rel.h:137
#3  _dl_relocate_object (scope=<optimized out>, reloc_mode=<optimized out>, consider_profiling=<optimized out>, consider_profiling@entry=0) at dl-reloc.c:258
#4  0x00007ffff7dd9307 in dl_main (phdr=<optimized out>, phnum=<optimized out>, user_entry=<optimized out>, auxv=<optimized out>) at rtld.c:2190
#5  0x00007ffff7defdd0 in _dl_sysdep_start (start_argptr=start_argptr@entry=0x7fffffffdf30, dl_main=dl_main@entry=0x7ffff7dd7660 <dl_main>) at ../elf/dl-sysdep.c:253
#6  0x00007ffff7dd7128 in _dl_start_final (arg=0x7fffffffdf30) at rtld.c:414
#7  _dl_start (arg=0x7fffffffdf30) at rtld.c:521
#8  0x00007ffff7dd6098 in _start () from /lib64/ld-linux-x86-64.so.2
#9  0x0000000000000003 in ?? ()
#10 0x00007fffffffe2a4 in ?? ()
#11 0x00007fffffffe2b5 in ?? ()
#12 0x00007fffffffe2c8 in ?? ()
#13 0x0000000000000000 in ?? ()

785	dl-lookup.c: Arquivo ou diretório inexistente.

Backtrace END
Memory content before bitflip:0x000x000x000x000x000x000x000x00
Fault Model: LSB bit-flip
base address to flip value: 0x7ffff7ffe000 
address max offset: 8
Memory content after  bitflip:0x000x000x000x000x000x000x000x01
frame name: _dl_start
symbol name: relocate_time
symbol filename: rtld.c
symbol line: 306
value: 72057594037927936
value address: 0x7ffff7ffe000 <relocate_time>
Type: The type is an integer type.
Type sizeof: 8

[INFO -- 2018-10-16 21:43:31]
Fault Injection Successful after 0.0404963493347168s
[INFO -- 2018-10-16 21:43:31]
event type: exit
[INFO -- 2018-10-16 21:43:31]
exit code: 0
