[INFO -- 2018-12-01 10:14:02]
Starting flip_value script
version: 1.1
[INFO -- 2018-12-01 10:14:02]
Initialization strings:
[INFO -- 2018-12-01 10:14:02]
(1) file /tmp/splay/main
[INFO -- 2018-12-01 10:14:02]
(2) set args /tmp/splay/input_100000 /tmp/splay/output_100000
[INFO -- 2018-12-01 10:14:02]
initSignal:0
[INFO -- 2018-12-01 10:14:02]
endSignal:5
[INFO -- 2018-12-01 10:14:02]
faultModel:3
[INFO -- 2018-12-01 10:14:02]
Backtrace BEGIN:
#0  Splay (key=667791, root=0x555555789d90) at splay.cpp:62
#1  0x0000555555557916 in Insert (key=667791, root=0x55555578bff0) at splay.cpp:145
#2  0x00005555555564bb in main (argc=3, argv=0x7fffffffdfb8) at main.cpp:31

57		 */
58		while(1)
59		{
60			if(key < root->key)
61			{
62				if(!root->lchild)
63					break;
64				if(key < root->lchild->key)
65				{
66					root = RR_Rotate(root); /* only zig-zig mode need to rotate once,

Backtrace END
Memory content before bitflip:0x8f0x300x0a0x00
Fault Model: Zero bit-flip
base address to flip value: 0x7fffffffdbcc
address max offset: 4
Memory content after  bitflip:0x000x000x000x00
frame name: Splay
symbol name: key
symbol filename: splay.cpp
symbol line: 43
value: 0
value address: 0x7fffffffdbcc
Type: The type is an integer type.
Type sizeof: 4

[INFO -- 2018-12-01 10:14:02]
Fault Injection Successful after 0.823589563369751s
[INFO -- 2018-12-01 10:14:03]
event type: exit
[INFO -- 2018-12-01 10:14:03]
exit code: 0
