[INFO -- 2018-12-01 06:58:36]
Starting flip_value script
version: 1.1
[INFO -- 2018-12-01 06:58:36]
Initialization strings:
[INFO -- 2018-12-01 06:58:36]
(1) file /tmp/splay/main
[INFO -- 2018-12-01 06:58:36]
(2) set args /tmp/splay/input_100000 /tmp/splay/output_100000
[INFO -- 2018-12-01 06:58:36]
initSignal:0
[INFO -- 2018-12-01 06:58:36]
endSignal:5
[INFO -- 2018-12-01 06:58:36]
faultModel:2
[EXCEPTION -- 2018-12-01 06:58:36]
gdbException: Attempt to dereference a generic pointer.
[INFO -- 2018-12-01 06:58:37]
event type: exit
[INFO -- 2018-12-01 06:58:37]
exit code: 0
