[INFO -- 2018-10-17 19:49:28]
sending 5 signals using command: 'killall -2 main' after 1.25902257326s
[INFO -- 2018-10-17 19:49:28]
sending 5 signals using command: 'killall -2 main' after 1.58475048666s
[INFO -- 2018-10-17 19:49:29]
sending 5 signals using command: 'killall -2 main' after 1.86599827888s
[INFO -- 2018-10-17 19:49:29]
Starting GDB script
[INFO -- 2018-10-17 19:49:29]
initSignal:0.0
[INFO -- 2018-10-17 19:49:29]
endSignal:2.0
[INFO -- 2018-10-17 19:49:29]
sending 5 signals using command: 'killall -2 main' after 0.177933919357s
[INFO -- 2018-10-17 19:49:29]
sending 5 signals using command: 'killall -2 main' after 0.489655210544s
[INFO -- 2018-10-17 19:49:29]
sending 5 signals using command: 'killall -2 main' after 0.554218211215s
[INFO -- 2018-10-17 19:49:30]
Execution finished before waitTime
