[INFO -- 2018-12-01 05:40:41]
Starting flip_value script
version: 1.1
[INFO -- 2018-12-01 05:40:41]
Initialization strings:
[INFO -- 2018-12-01 05:40:41]
(1) file /tmp/splay/main
[INFO -- 2018-12-01 05:40:41]
(2) set args /tmp/splay/input_100000 /tmp/splay/output_100000
[INFO -- 2018-12-01 05:40:41]
initSignal:0
[INFO -- 2018-12-01 05:40:41]
endSignal:5
[INFO -- 2018-12-01 05:40:41]
faultModel:4
[INFO -- 2018-12-01 05:40:41]
Backtrace BEGIN:
#0  Splay (key=3973093, root=0x5555556ca810) at splay.cpp:64
#1  0x0000555555557916 in Insert (key=3973093, root=0x55555571a110) at splay.cpp:145
#2  0x00005555555564bb in main (argc=3, argv=0x7fffffffdfb8) at main.cpp:31

59		{
60			if(key < root->key)
61			{
62				if(!root->lchild)
63					break;
64				if(key < root->lchild->key)
65				{
66					root = RR_Rotate(root); /* only zig-zig mode need to rotate once,
67											   because zig-zag mode is handled as zig
68											   mode, which doesn't require rotate, 

Backtrace END
Fliping a bit of the value pointed by a pointer
Fliping value of field: key
Memory content before bitflip:0xa10xa30x3c0x00
Fault Model: LSB bit-flip
base address to flip value: 0x5555556de850
address max offset: 4
Memory content after  bitflip:0xa10xa30x3c0x01
frame name: Splay
symbol name: RightTreeMin
symbol filename: splay.cpp
symbol line: 51
value: 0x5555556de850
value address: 0x7fffffffdbd8
Type: The type is a pointer.
Type sizeof: 8

[INFO -- 2018-12-01 05:40:41]
Fault Injection Successful after 0.9363572597503662s
[INFO -- 2018-12-01 05:40:42]
event type: exit
[INFO -- 2018-12-01 05:40:42]
exit code: 0
