[INFO -- 2018-10-12 00:28:20]
Starting flip_value script
version: 1.1
[INFO -- 2018-10-12 00:28:20]
Initialization strings:
[INFO -- 2018-10-12 00:28:20]
(1) file /tmp/BTree/main
[INFO -- 2018-10-12 00:28:20]
(2)  set args /tmp/BTree/input_100000 /tmp/BTree/output_100000
[INFO -- 2018-10-12 00:28:20]
initSignal:0
[INFO -- 2018-10-12 00:28:20]
endSignal:2
[INFO -- 2018-10-12 00:28:20]
faultModel:0
[INFO -- 2018-10-12 00:28:21]
Backtrace BEGIN:
#0  0x00005555555563e3 in BTreeNode::traverse (this=0x555555b77c80) at BTree.cpp:597
#1  0x00005555555563ff in BTreeNode::traverse (this=0x5555557914f0) at BTree.cpp:597
#2  0x0000555555556377 in BTreeNode::traverse (this=0x555555791b20) at BTree.cpp:591
#3  0x00005555555563ff in BTreeNode::traverse (this=0x555555866be0) at BTree.cpp:597
#4  0x0000555555556377 in BTreeNode::traverse (this=0x5555558eea80) at BTree.cpp:591
#5  0x0000555555556377 in BTreeNode::traverse (this=0x555555812430) at BTree.cpp:591
#6  0x0000555555556377 in BTreeNode::traverse (this=0x555555a27320) at BTree.cpp:591
#7  0x0000555555556851 in BTree::traverse (this=0x7fffffffddc0) at BTree.cpp:137
#8  0x0000555555556630 in main (argc=3, argv=0x7fffffffded8) at BTree.cpp:668

592			cout << std::bitset<16>(keys[i]) << endl;
593		}
594	
595		// Print the subtree rooted with last child
596		if (leaf == false)
597			C[i]->traverse();
598	}
599	
600	// Function to search key k in subtree rooted with this node
601	BTreeNode *BTreeNode::search(int k)

Backtrace END
Fliping a bit of the value pointed by a pointer
Fliping value of field: keys
Fliping a bit of the pointer
Memory content before bitflip:0x200x150x790x550x550x550x000x00
Fault Model: Single bit-flip
base address to flip value: 0x5555557914f0
address max offset: 8
Memory content after  bitflip:0x200x150x790x550x550x550x000x02
frame name: BTreeNode::traverse
symbol name: this
symbol filename: BTree.cpp
symbol line: 0
value: 0x5555557914f0
value address: 0x7fffffffdc08
Type: The type is a pointer.
Type sizeof: 8

[INFO -- 2018-10-12 00:28:21]
Fault Injection Successful after 1.1918447017669678s
[INFO -- 2018-10-12 00:28:21]
event type: exit
[INFO -- 2018-10-12 00:28:21]
exit code: 0
