[INFO -- 2018-12-09 00:38:13]
Starting flip_value script
version: 1.1
[INFO -- 2018-12-09 00:38:13]
Initialization strings:
[INFO -- 2018-12-09 00:38:13]
(1) file /tmp/Tree234/main
[INFO -- 2018-12-09 00:38:13]
(2) set args /tmp/Tree234/input_50000 /tmp/Tree234/output_50000
[INFO -- 2018-12-09 00:38:13]
initSignal:0
[INFO -- 2018-12-09 00:38:13]
endSignal:2
[INFO -- 2018-12-09 00:38:13]
faultModel:0
[EXCEPTION -- 2018-12-09 00:38:13]
gdbException: Attempt to dereference a generic pointer.
[INFO -- 2018-12-09 00:38:13]
event type: exit
[INFO -- 2018-12-09 00:38:13]
exit code: 0
