[INFO -- 2018-12-09 12:42:08]
sending 5 signals using command: 'killall -2 main' after 3.84980664818s
[INFO -- 2018-12-09 12:42:09]
sending 5 signals using command: 'killall -2 main' after 3.89357447255s
[INFO -- 2018-12-09 12:42:09]
sending 5 signals using command: 'killall -2 main' after 4.0340142876s
[INFO -- 2018-12-09 12:42:09]
Starting GDB script
[INFO -- 2018-12-09 12:42:09]
initSignal:0.0
[INFO -- 2018-12-09 12:42:09]
endSignal:5.0
[INFO -- 2018-12-09 12:42:10]
sending 5 signals using command: 'killall -2 main' after 0.747785557837s
[INFO -- 2018-12-09 12:42:10]
sending 5 signals using command: 'killall -2 main' after 0.909881949273s
[INFO -- 2018-12-09 12:42:10]
sending 5 signals using command: 'killall -2 main' after 1.12139079634s
[INFO -- 2018-12-09 12:42:12]
Execution finished before waitTime
