[INFO -- 2018-12-01 11:28:19]
Starting flip_value script
version: 1.1
[INFO -- 2018-12-01 11:28:19]
Initialization strings:
[INFO -- 2018-12-01 11:28:19]
(1) file /tmp/splay/main
[INFO -- 2018-12-01 11:28:19]
(2) set args /tmp/splay/input_100000 /tmp/splay/output_100000
[INFO -- 2018-12-01 11:28:19]
initSignal:0
[INFO -- 2018-12-01 11:28:19]
endSignal:5
[INFO -- 2018-12-01 11:28:19]
faultModel:2
[EXCEPTION -- 2018-12-01 11:28:19]
gdbException: Attempt to dereference a generic pointer.
[INFO -- 2018-12-01 11:28:19]
event type: exit
[INFO -- 2018-12-01 11:28:19]
exit code: 0
