[INFO -- 2018-11-30 17:12:07]
sending 5 signals using command: 'killall -2 main' after 1.60169830229s
[INFO -- 2018-11-30 17:12:08]
sending 5 signals using command: 'killall -2 main' after 2.7351065435s
[INFO -- 2018-11-30 17:12:09]
sending 5 signals using command: 'killall -2 main' after 4.14045393501s
[INFO -- 2018-11-30 17:12:09]
Starting GDB script
[INFO -- 2018-11-30 17:12:09]
initSignal:0.0
[INFO -- 2018-11-30 17:12:09]
endSignal:5.0
[INFO -- 2018-11-30 17:12:10]
sending 5 signals using command: 'killall -2 main' after 1.11896188208s
[INFO -- 2018-11-30 17:12:11]
sending 5 signals using command: 'killall -2 main' after 1.15419732752s
[INFO -- 2018-11-30 17:12:11]
sending 5 signals using command: 'killall -2 main' after 1.25095874613s
[INFO -- 2018-11-30 17:12:11]
Execution finished before waitTime
