[INFO -- 2018-12-09 00:06:14]
Starting flip_value script
version: 1.1
[INFO -- 2018-12-09 00:06:14]
Initialization strings:
[INFO -- 2018-12-09 00:06:14]
(1) file /tmp/Tree234/main
[INFO -- 2018-12-09 00:06:14]
(2) set args /tmp/Tree234/input_50000 /tmp/Tree234/output_50000
[INFO -- 2018-12-09 00:06:14]
initSignal:0
[INFO -- 2018-12-09 00:06:14]
endSignal:2
[INFO -- 2018-12-09 00:06:14]
faultModel:2
[EXCEPTION -- 2018-12-09 00:06:15]
gdbException: Attempt to dereference a generic pointer.
[INFO -- 2018-12-09 00:06:15]
Backtrace BEGIN:
#0  dl_main (phdr=<optimized out>, phnum=<optimized out>, user_entry=<optimized out>, auxv=<optimized out>) at rtld.c:2206
#1  0x00007ffff7df0632 in _dl_sysdep_start (start_argptr=start_argptr@entry=0x7fffffffdee0, dl_main=dl_main@entry=0x7ffff7dd91e0 <dl_main>) at ../elf/dl-sysdep.c:249
#2  0x00007ffff7dd8c2a in _dl_start_final (arg=0x7fffffffdee0) at rtld.c:323
#3  _dl_start (arg=0x7fffffffdee0) at rtld.c:429
#4  0x00007ffff7dd7c38 in _start () from /lib64/ld-linux-x86-64.so.2
#5  0x0000000000000003 in ?? ()
#6  0x00007fffffffe25f in ?? ()
#7  0x00007fffffffe271 in ?? ()
#8  0x00007fffffffe28a in ?? ()
#9  0x0000000000000000 in ?? ()

2201	in rtld.c

Backtrace END
Memory content before bitflip:0x980xc60x280x000x000x000x000x00
Fault Model: Random bit-flip
base address to flip value: 0x7ffff7ffdff0 
address max offset: 8
Memory content after  bitflip:0x750x230xe40xa00x0f0xef0x9a0x16
frame name: _dl_start_final
symbol name: relocate_time
symbol filename: rtld.c
symbol line: 215
value: 1628877065650709365
value address: 0x7ffff7ffdff0 <relocate_time>
Type: The type is an integer type.
Type sizeof: 8

[INFO -- 2018-12-09 00:06:15]
Fault Injection Successful after 1.2564043998718262s
[INFO -- 2018-12-09 00:06:15]
event type: exit
[INFO -- 2018-12-09 00:06:15]
exit code: 0
