[INFO -- 2018-11-25 23:13:09]
Starting flip_value script
version: 1.1
[INFO -- 2018-11-25 23:13:09]
Initialization strings:
[INFO -- 2018-11-25 23:13:09]
(1) file /tmp/BTree-dup/main
[INFO -- 2018-11-25 23:13:09]
(2)  set args /tmp/BTree-dup/input_100000 /tmp/BTree-dup/output_100000 /tmp/BTree-dup-detection.log /tmp/BTree-dup/output2_100000
[INFO -- 2018-11-25 23:13:09]
initSignal:0
[INFO -- 2018-11-25 23:13:09]
endSignal:2
[INFO -- 2018-11-25 23:13:09]
faultModel:4
[INFO -- 2018-11-25 23:13:11]
Backtrace BEGIN:
#0  std::bitset<16ul>::_M_copy_to_string<char, std::char_traits<char>, std::allocator<char> > (this=0x7fffffffdac0, __s="11", '0' <repete 14 vezes>, __zero=48 '0', __one=49 '1') at /usr/include/c++/7/bitset:1409
#1  0x00005555555573d7 in std::operator<< <char, std::char_traits<char>, 16ul> (__os=..., __x=std::bitset = {...}) at /usr/include/c++/7/bitset:1538
#2  0x0000555555556912 in BTreeNode::traverse (this=0x555555887ac0) at BTree_dup.cpp:594
#3  0x00005555555568d7 in BTreeNode::traverse (this=0x55555580ea10) at BTree_dup.cpp:593
#4  0x00005555555568d7 in BTreeNode::traverse (this=0x555555810bd0) at BTree_dup.cpp:593
#5  0x00005555555568d7 in BTreeNode::traverse (this=0x555555853020) at BTree_dup.cpp:593
#6  0x00005555555568d7 in BTreeNode::traverse (this=0x55555593f300) at BTree_dup.cpp:593
#7  0x00005555555568d7 in BTreeNode::traverse (this=0x5555559e4870) at BTree_dup.cpp:593
#8  0x00005555555568d7 in BTreeNode::traverse (this=0x555555815cd0) at BTree_dup.cpp:593
#9  0x000055555555695f in BTreeNode::traverse (this=0x555555815c40) at BTree_dup.cpp:599
#10 0x00005555555568d7 in BTreeNode::traverse (this=0x555555a2ab30) at BTree_dup.cpp:593
#11 0x00005555555572bb in BTree::traverse (this=0x7fffffffdd40) at BTree_dup.cpp:139
#12 0x0000555555556fbd in main (argc=5, argv=0x7fffffffde68) at BTree_dup.cpp:718

1404	      _M_copy_to_string(std::basic_string<_CharT, _Traits, _Alloc>& __s,
1405				_CharT __zero, _CharT __one) const
1406	      {
1407		__s.assign(_Nb, __zero);
1408		for (size_t __i = _Nb; __i > 0; --__i)
1409		  if (_Unchecked_test(__i - 1))
1410		    _Traits::assign(__s[_Nb - __i], __one);
1411	      }
1412	
1413	  // 23.3.5.3 bitset operations:

Backtrace END
Memory content before bitflip:0x040x000x000x00
Fault Model: LSB bit-flip
base address to flip value: 0x7fffffffdc7c
address max offset: 4
Memory content after  bitflip:0x040x000x000x02
frame name: BTreeNode::traverse
symbol name: i
symbol filename: BTree_dup.cpp
symbol line: 587
value: 33554436
value address: 0x7fffffffdc7c
Type: The type is an integer type.
Type sizeof: 4

[INFO -- 2018-11-25 23:13:11]
Fault Injection Successful after 2.363409996032715s
[INFO -- 2018-11-25 23:13:12]
event type: exit
[INFO -- 2018-11-25 23:13:12]
exit code: 0
