[INFO -- 2018-10-17 20:00:34]
Starting flip_value script
version: 1.1
[INFO -- 2018-10-17 20:00:34]
Initialization strings:
[INFO -- 2018-10-17 20:00:34]
(1) file /tmp/Tree234/main
[INFO -- 2018-10-17 20:00:34]
(2) set args /tmp/Tree234/input_50000 /tmp/Tree234/output_50000
[INFO -- 2018-10-17 20:00:34]
initSignal:0
[INFO -- 2018-10-17 20:00:34]
endSignal:2
[INFO -- 2018-10-17 20:00:34]
faultModel:0
[INFO -- 2018-10-17 20:00:34]
Backtrace BEGIN:
#0  0x00007ffff7de8995 in _dl_name_match_p (name=0x7ffff7abd2e9 "libc.so.6", map=map@entry=0x7ffff7ffe168) at dl-misc.c:289
#1  0x00007ffff7de0fe1 in do_lookup_x (undef_name=undef_name@entry=0x7ffff7a80629 "stderr", new_hash=new_hash@entry=478933561, old_hash=old_hash@entry=0x7fffffffdaa0, ref=0x7ffff7a5df48, result=result@entry=0x7fffffffdab0, scope=<optimized out>, i=<optimized out>, version=0x7ffff7fd84f8, flags=1, skip=0x0, type_class=4, undef_map=0x7ffff7ff74d0) at dl-lookup.c:554
#2  0x00007ffff7de1b1f in _dl_lookup_symbol_x (undef_name=0x7ffff7a80629 "stderr", undef_map=undef_map@entry=0x7ffff7ff74d0, ref=ref@entry=0x7fffffffdc00, symbol_scope=symbol_scope@entry=0x7ffff7ff7828, version=0x7ffff7fd84f8, type_class=4, flags=1, skip_map=0x0) at dl-lookup.c:829
#3  0x00007ffff7de377d in elf_machine_rela (skip_ifunc=<optimized out>, reloc_addr_arg=0x7ffff7dd0d10, version=<optimized out>, sym=0x7ffff7a5df48, reloc=0x7ffff7ad6b28, map=0x7ffff7ff74d0) at ../sysdeps/x86_64/dl-machine.h:301
#4  elf_dynamic_do_Rela (skip_ifunc=<optimized out>, lazy=<optimized out>, nrelative=<optimized out>, relsize=<optimized out>, reladdr=<optimized out>, map=0x7ffff7ff74d0) at do-rel.h:137
#5  _dl_relocate_object (scope=<optimized out>, reloc_mode=<optimized out>, consider_profiling=<optimized out>, consider_profiling@entry=0) at dl-reloc.c:258
#6  0x00007ffff7ddb0db in dl_main (phdr=<optimized out>, phnum=<optimized out>, user_entry=<optimized out>, auxv=<optimized out>) at rtld.c:2109
#7  0x00007ffff7df0632 in _dl_sysdep_start (start_argptr=start_argptr@entry=0x7fffffffde70, dl_main=dl_main@entry=0x7ffff7dd91e0 <dl_main>) at ../elf/dl-sysdep.c:249
#8  0x00007ffff7dd8c2a in _dl_start_final (arg=0x7fffffffde70) at rtld.c:323
#9  _dl_start (arg=0x7fffffffde70) at rtld.c:429
#10 0x00007ffff7dd7c38 in _start () from /lib64/ld-linux-x86-64.so.2
#11 0x0000000000000003 in ?? ()
#12 0x00007fffffffe20c in ?? ()
#13 0x00007fffffffe21e in ?? ()
#14 0x00007fffffffe237 in ?? ()
#15 0x0000000000000000 in ?? ()

284	in dl-misc.c

Backtrace END
Memory content before bitflip:0x010x000x000x00
Fault Model: Single bit-flip
base address to flip value: 0x7fffffffda30
address max offset: 4
Memory content after  bitflip:0x010x040x000x00
frame name: do_lookup_x
symbol name: flags
symbol filename: dl-lookup.c
symbol line: 353
value: 1025
value address: 0x7fffffffda30
Type: The type is an integer type.
Type sizeof: 4

[INFO -- 2018-10-17 20:00:34]
Fault Injection Successful after 0.9389908313751221s
[INFO -- 2018-10-17 20:00:35]
event type: exit
[INFO -- 2018-10-17 20:00:35]
exit code: 0
