[INFO -- 2018-10-11 23:25:05]
Starting flip_value script
version: 1.1
[INFO -- 2018-10-11 23:25:05]
Initialization strings:
[INFO -- 2018-10-11 23:25:05]
(1) file /tmp/BTree/main
[INFO -- 2018-10-11 23:25:05]
(2)  set args /tmp/BTree/input_100000 /tmp/BTree/output_100000
[INFO -- 2018-10-11 23:25:05]
initSignal:0
[INFO -- 2018-10-11 23:25:05]
endSignal:2
[INFO -- 2018-10-11 23:25:05]
faultModel:3
[INFO -- 2018-10-11 23:25:06]
Backtrace BEGIN:
#0  0x0000555555556803 in std::_Base_bitset<1ul>::_M_getword (this=0x7fffffffdb60) at /usr/include/c++/7/bitset:411
#1  0x0000555555556a62 in std::bitset<16ul>::_Unchecked_test (this=0x7fffffffdb60, __pos=1) at /usr/include/c++/7/bitset:1058
#2  0x0000555555556a03 in std::bitset<16ul>::_M_copy_to_string<char, std::char_traits<char>, std::allocator<char> > (this=0x7fffffffdb60, __s="1010011111000000", __zero=48 '0', __one=49 '1') at /usr/include/c++/7/bitset:1409
#3  0x0000555555556943 in std::operator<< <char, std::char_traits<char>, 16ul> (__os=..., __x=std::bitset = {...}) at /usr/include/c++/7/bitset:1538
#4  0x00005555555563b2 in BTreeNode::traverse (this=0x5555559657c0) at BTree.cpp:592
#5  0x00005555555563ff in BTreeNode::traverse (this=0x555555969ab0) at BTree.cpp:597
#6  0x0000555555556377 in BTreeNode::traverse (this=0x5555559ddc10) at BTree.cpp:591
#7  0x00005555555563ff in BTreeNode::traverse (this=0x5555559dfa70) at BTree.cpp:597
#8  0x0000555555556377 in BTreeNode::traverse (this=0x5555557d0bb0) at BTree.cpp:591
#9  0x0000555555556377 in BTreeNode::traverse (this=0x5555557d0cd0) at BTree.cpp:591
#10 0x00005555555563ff in BTreeNode::traverse (this=0x5555558eea80) at BTree.cpp:597
#11 0x0000555555556377 in BTreeNode::traverse (this=0x555555812430) at BTree.cpp:591
#12 0x0000555555556377 in BTreeNode::traverse (this=0x555555a27320) at BTree.cpp:591
#13 0x0000555555556851 in BTree::traverse (this=0x7fffffffddc0) at BTree.cpp:137
#14 0x0000555555556630 in main (argc=3, argv=0x7fffffffded8) at BTree.cpp:668

406	      _M_getword(size_t) _GLIBCXX_NOEXCEPT
407	      { return _M_w; }
408	
409	      _GLIBCXX_CONSTEXPR _WordT
410	      _M_getword(size_t) const _GLIBCXX_NOEXCEPT
411	      { return _M_w; }
412	
413	#if __cplusplus >= 201103L
414	      const _WordT*
415	      _M_getdata() const noexcept

Backtrace END
Fliping a bit of the value pointed by a pointer
Fliping value of field: leaf
Memory content before bitflip:0x00
Fault Model: Zero bit-flip
base address to flip value: 0x5555559ddc2c
address max offset: 1
Memory content after  bitflip:0x00
frame name: BTreeNode::traverse
symbol name: this
symbol filename: BTree.cpp
symbol line: 0
value: 0x5555559ddc10
value address: 0x7fffffffdbc8
Type: The type is a pointer.
Type sizeof: 8

[INFO -- 2018-10-11 23:25:06]
Fault Injection Successful after 1.49711012840271s
[INFO -- 2018-10-11 23:25:06]
event type: exit
[INFO -- 2018-10-11 23:25:06]
exit code: 0
