[INFO -- 2018-12-01 03:52:44]
Starting flip_value script
version: 1.1
[INFO -- 2018-12-01 03:52:44]
Initialization strings:
[INFO -- 2018-12-01 03:52:44]
(1) file /tmp/splay/main
[INFO -- 2018-12-01 03:52:44]
(2) set args /tmp/splay/input_100000 /tmp/splay/output_100000
[INFO -- 2018-12-01 03:52:44]
initSignal:0
[INFO -- 2018-12-01 03:52:44]
endSignal:5
[INFO -- 2018-12-01 03:52:44]
faultModel:2
[EXCEPTION -- 2018-12-01 03:52:44]
pythonException: empty range for randrange() (0,0, 0)
[INFO -- 2018-12-01 03:52:44]
Backtrace BEGIN:
#0  Splay (key=4207906, root=0x5555556ce450) at splay.cpp:66
#1  0x0000555555557916 in Insert (key=4207906, root=0x5555556d0d50) at splay.cpp:145
#2  0x00005555555564bb in main (argc=3, argv=0x7fffffffdfb8) at main.cpp:31

61			{
62				if(!root->lchild)
63					break;
64				if(key < root->lchild->key)
65				{
66					root = RR_Rotate(root); /* only zig-zig mode need to rotate once,
67											   because zig-zag mode is handled as zig
68											   mode, which doesn't require rotate, 
69											   just linking it to R Tree */
70					if(!root->lchild)

Backtrace END
Fliping a bit of the value pointed by a pointer
Fliping value of field: lchild
Fliping a bit of the pointer
Memory content before bitflip:0x000x000x000x000x000x000x000x00
Fault Model: Random bit-flip
base address to flip value: 0x5555556d0d78
address max offset: 8
Memory content after  bitflip:0x160x690x910x380x2a0x220xb00x77
frame name: Insert
symbol name: p_node
symbol filename: splay.cpp
symbol line: 134
value: 0x5555556d0d70
value address: 0x55555555b2a0 <Insert(int, splay*)::p_node>
Type: The type is a pointer.
Type sizeof: 8

[INFO -- 2018-12-01 03:52:44]
Fault Injection Successful after 0.7980873584747314s
[INFO -- 2018-12-01 03:52:45]
event type: exit
[INFO -- 2018-12-01 03:52:45]
exit code: 0
