[INFO -- 2018-12-01 00:46:33]
Starting flip_value script
version: 1.1
[INFO -- 2018-12-01 00:46:33]
Initialization strings:
[INFO -- 2018-12-01 00:46:33]
(1) file /tmp/splay/main
[INFO -- 2018-12-01 00:46:33]
(2) set args /tmp/splay/input_100000 /tmp/splay/output_100000
[INFO -- 2018-12-01 00:46:33]
initSignal:0
[INFO -- 2018-12-01 00:46:33]
endSignal:5
[INFO -- 2018-12-01 00:46:33]
faultModel:3
[INFO -- 2018-12-01 00:46:33]
Backtrace BEGIN:
#0  0x0000555555557ab5 in InOrder (root=0x5555557a86b0) at splay.cpp:252
#1  0x0000555555557b0d in InOrder (root=0x55555560b950) at splay.cpp:254
#2  0x0000555555557abd in InOrder (root=0x555555579510) at splay.cpp:252
#3  0x0000555555557abd in InOrder (root=0x5555557c3230) at splay.cpp:252
#4  0x0000555555557b0d in InOrder (root=0x55555567b6f0) at splay.cpp:254
#5  0x0000555555557b0d in InOrder (root=0x555555851d10) at splay.cpp:254
#6  0x0000555555557b0d in InOrder (root=0x555555694c70) at splay.cpp:254
#7  0x0000555555557abd in InOrder (root=0x5555556a0370) at splay.cpp:252
#8  0x0000555555557b0d in InOrder (root=0x55555566e430) at splay.cpp:254
#9  0x0000555555557b0d in InOrder (root=0x55555586f630) at splay.cpp:254
#10 0x0000555555557abd in InOrder (root=0x55555586cef0) at splay.cpp:252
#11 0x0000555555557abd in InOrder (root=0x5555558753f0) at splay.cpp:252
#12 0x0000555555557b0d in InOrder (root=0x555555877770) at splay.cpp:254
#13 0x0000555555557b0d in InOrder (root=0x555555878250) at splay.cpp:254
#14 0x0000555555557abd in InOrder (root=0x555555878750) at splay.cpp:252
#15 0x0000555555557abd in InOrder (root=0x5555556563b0) at splay.cpp:252
#16 0x0000555555557b0d in InOrder (root=0x555555879550) at splay.cpp:254
#17 0x0000555555557b0d in InOrder (root=0x5555555cacd0) at splay.cpp:254
#18 0x0000555555557b0d in InOrder (root=0x555555676df0) at splay.cpp:254
#19 0x0000555555557b0d in InOrder (root=0x5555557ad850) at splay.cpp:254
#20 0x0000555555557b0d in InOrder (root=0x555555790b50) at splay.cpp:254
#21 0x0000555555557b0d in InOrder (root=0x55555587d6d0) at splay.cpp:254
#22 0x0000555555557abd in InOrder (root=0x55555587d770) at splay.cpp:252
#23 0x0000555555557abd in InOrder (root=0x55555572ac10) at splay.cpp:252
#24 0x0000555555557b0d in InOrder (root=0x555555748390) at splay.cpp:254
#25 0x0000555555557b0d in InOrder (root=0x55555587dbf0) at splay.cpp:254
#26 0x0000555555557b0d in InOrder (root=0x55555587dc90) at splay.cpp:254
#27 0x0000555555557abd in InOrder (root=0x555555696ef0) at splay.cpp:252
#28 0x0000555555557abd in InOrder (root=0x55555587dcd0) at splay.cpp:252
#29 0x00005555555564fe in main (argc=3, argv=0x7fffffffdfb8) at main.cpp:35

247	
248	void InOrder(splay* root)
249	{
250		if(root)
251		{
252			InOrder(root->lchild);
253			std::cout<<std::bitset<16>(root->key)<<std::endl;
254			InOrder(root->rchild);
255		}
256	}

Backtrace END
Fliping a bit of the value pointed by a pointer
Fliping value of field: rchild
Fliping a bit of the value pointed by a pointer
Fliping value of field: rchild
Fliping a bit of the value pointed by a pointer
Fliping value of field: key
Memory content before bitflip:0xb00x010x150x00
Fault Model: Zero bit-flip
base address to flip value: 0x555555667790
address max offset: 4
Memory content after  bitflip:0x000x000x000x00
frame name: InOrder
symbol name: root
symbol filename: splay.cpp
symbol line: 248
value: 0x5555558753f0
value address: 0x7fffffffd8d8
Type: The type is a pointer.
Type sizeof: 8

[INFO -- 2018-12-01 00:46:33]
Fault Injection Successful after 0.8732147216796875s
[INFO -- 2018-12-01 00:46:34]
event type: exit
[INFO -- 2018-12-01 00:46:34]
exit code: 0
