[INFO -- 2018-12-09 16:06:29]
Starting flip_value script
version: 1.1
[INFO -- 2018-12-09 16:06:29]
Initialization strings:
[INFO -- 2018-12-09 16:06:29]
(1) file /tmp/RBTree-dup/main_dup
[INFO -- 2018-12-09 16:06:29]
(2)  set args /tmp/RBTree-dup/input_100000 /tmp/RBTree-dup/output_100000 /tmp/RBTree-dup/RBTree-dup-detection.log tmp/RBTree-dup/output2_100000
[INFO -- 2018-12-09 16:06:29]
initSignal:0
[INFO -- 2018-12-09 16:06:29]
endSignal:2
[INFO -- 2018-12-09 16:06:29]
faultModel:4
[INFO -- 2018-12-09 16:06:29]
Backtrace BEGIN:
#0  0x00007ffff73337c3 in __GI___fxstat (vers=<optimized out>, fd=4, buf=0x7fffffffcf30) at ../sysdeps/unix/sysv/linux/wordsize-64/fxstat.c:35
#1  0x00007ffff72a215f in __GI__IO_file_doallocate (fp=0x55555576e0d0) at filedoalloc.c:84
#2  0x00007ffff72b2379 in __GI__IO_doallocbuf (fp=fp@entry=0x55555576e0d0) at genops.c:365
#3  0x00007ffff72b1498 in _IO_new_file_overflow (f=0x55555576e0d0, ch=-1) at fileops.c:759
#4  0x00007ffff72af9ed in _IO_new_file_xsputn (f=0x55555576e0d0, data=<optimized out>, n=1) at fileops.c:1266
#5  0x00007ffff727f534 in _IO_vfprintf_internal (s=0x55555576e0d0, format=0x555555558ba2 "[%d]: %s %s\n", ap=ap@entry=0x7fffffffd600) at vfprintf.c:1328
#6  0x00007ffff7288e54 in __fprintf (stream=<optimized out>, format=<optimized out>) at fprintf.c:32
#7  0x0000555555555a52 in compare_output(char*, char*, char*) ()
#8  0x0000555555555c1f in main ()

30	../sysdeps/unix/sysv/linux/wordsize-64/fxstat.c: Arquivo ou diretório inexistente.

Backtrace END
Fliping a bit of the pointer
Memory content before bitflip:0x000x000x000x000x000x000x000x00
Fault Model: LSB bit-flip
base address to flip value: 0x7ffff7611880 
address max offset: 8
Memory content after  bitflip:0x000x000x000x000x000x000x000x01
frame name: __GI__IO_doallocbuf
symbol name: freeres_list
symbol filename: genops.c
symbol line: 841
value: 0x0
value address: 0x7ffff7611880 <freeres_list>
Type: The type is a pointer.
Type sizeof: 8

[INFO -- 2018-12-09 16:06:29]
Fault Injection Successful after 0.8106534481048584s
[INFO -- 2018-12-09 16:06:29]
event type: exit
[INFO -- 2018-12-09 16:06:29]
exit code: 0
