[INFO -- 2018-11-25 18:27:37]
Starting flip_value script
version: 1.1
[INFO -- 2018-11-25 18:27:37]
Initialization strings:
[INFO -- 2018-11-25 18:27:38]
(1) file /tmp/BTree-dup/main
[INFO -- 2018-11-25 18:27:38]
(2)  set args /tmp/BTree-dup/input_100000 /tmp/BTree-dup/output_100000 /tmp/BTree-dup-detection.log /tmp/BTree-dup/output2_100000
[INFO -- 2018-11-25 18:27:38]
initSignal:0
[INFO -- 2018-11-25 18:27:38]
endSignal:2
[INFO -- 2018-11-25 18:27:38]
faultModel:1
[EXCEPTION -- 2018-11-25 18:27:38]
gdbException: Tentativo de desreferenciar um ponteiro genérico.
[INFO -- 2018-11-25 18:27:38]
event type: exit
[INFO -- 2018-11-25 18:27:38]
exit code: 0
