[INFO -- 2018-11-30 18:22:59]
Starting flip_value script
version: 1.1
[INFO -- 2018-11-30 18:22:59]
Initialization strings:
[INFO -- 2018-11-30 18:22:59]
(1) file /tmp/splay/main
[INFO -- 2018-11-30 18:22:59]
(2) set args /tmp/splay/input_100000 /tmp/splay/output_100000
[INFO -- 2018-11-30 18:22:59]
initSignal:0
[INFO -- 2018-11-30 18:22:59]
endSignal:5
[INFO -- 2018-11-30 18:22:59]
faultModel:1
[EXCEPTION -- 2018-11-30 18:22:59]
pythonException: empty range for randrange() (0,0, 0)
[INFO -- 2018-11-30 18:22:59]
Backtrace BEGIN:
#0  0x00007ffff7ec31f2 in __cxxabiv1::__vmi_class_type_info::__do_dyncast(long, __cxxabiv1::__class_type_info::__sub_kind, __cxxabiv1::__class_type_info const*, void const*, __cxxabiv1::__class_type_info const*, void const*, __cxxabiv1::__class_type_info::__dyncast_result&) const () from /usr/lib/x86_64-linux-gnu/libstdc++.so.6
#1  0x00007ffff7ec0456 in __dynamic_cast () from /usr/lib/x86_64-linux-gnu/libstdc++.so.6
#2  0x00007ffff7f333fb in std::ctype<char> const& std::use_facet<std::ctype<char> >(std::locale const&) () from /usr/lib/x86_64-linux-gnu/libstdc++.so.6
#3  0x0000555555557da3 in std::operator<< <char, std::char_traits<char>, 16ul> (__os=..., __x=std::bitset = {...}) at /usr/include/c++/8/bitset:1541
#4  0x0000555555557ae8 in InOrder (root=0x5555555b3e10) at splay.cpp:253
#5  0x0000555555557b0d in InOrder (root=0x555555572470) at splay.cpp:254
#6  0x0000555555557b0d in InOrder (root=0x555555802c90) at splay.cpp:254
#7  0x0000555555557b0d in InOrder (root=0x5555556c3a30) at splay.cpp:254
#8  0x0000555555557b0d in InOrder (root=0x5555557a4eb0) at splay.cpp:254
#9  0x0000555555557b0d in InOrder (root=0x55555583aed0) at splay.cpp:254
#10 0x0000555555557abd in InOrder (root=0x5555557b90f0) at splay.cpp:252
#11 0x0000555555557abd in InOrder (root=0x55555586a530) at splay.cpp:252
#12 0x0000555555557abd in InOrder (root=0x555555677f90) at splay.cpp:252
#13 0x0000555555557b0d in InOrder (root=0x5555556d19d0) at splay.cpp:254
#14 0x0000555555557b0d in InOrder (root=0x5555558724d0) at splay.cpp:254
#15 0x0000555555557b0d in InOrder (root=0x555555873370) at splay.cpp:254
#16 0x0000555555557b0d in InOrder (root=0x5555558763f0) at splay.cpp:254
#17 0x0000555555557b0d in InOrder (root=0x555555850f70) at splay.cpp:254
#18 0x0000555555557abd in InOrder (root=0x555555879ad0) at splay.cpp:252
#19 0x0000555555557abd in InOrder (root=0x55555587cc50) at splay.cpp:252
#20 0x0000555555557abd in InOrder (root=0x555555843930) at splay.cpp:252
#21 0x0000555555557b0d in InOrder (root=0x5555557e88f0) at splay.cpp:254
#22 0x0000555555557b0d in InOrder (root=0x55555587d550) at splay.cpp:254
#23 0x0000555555557abd in InOrder (root=0x5555555b0770) at splay.cpp:252
#24 0x0000555555557abd in InOrder (root=0x55555587dad0) at splay.cpp:252
#25 0x0000555555557abd in InOrder (root=0x55555587d8d0) at splay.cpp:252
#26 0x0000555555557b0d in InOrder (root=0x5555557cfed0) at splay.cpp:254
#27 0x0000555555557b0d in InOrder (root=0x555555774190) at splay.cpp:254
#28 0x0000555555557b0d in InOrder (root=0x555555774870) at splay.cpp:254
#29 0x0000555555557abd in InOrder (root=0x55555587dcb0) at splay.cpp:252
#30 0x0000555555557b0d in InOrder (root=0x555555693810) at splay.cpp:254
#31 0x0000555555557b0d in InOrder (root=0x555555634c10) at splay.cpp:254
#32 0x0000555555557b0d in InOrder (root=0x55555587dcd0) at splay.cpp:254
#33 0x00005555555564fe in main (argc=3, argv=0x7fffffffdfb8) at main.cpp:35

11	
12	using namespace std;
13	
14	int main(int argc, char* argv[])
15	{
16	    if (argc != 3){
17	        cerr << "Uso correto: ./main [input file] [output file] " << endl;
18	        return 0;
19	    }
20	

Backtrace END
Memory content before bitflip:0x030x000x000x00
Fault Model: Double bit-flip
base address to flip value: 0x7fffffffdc3c
address max offset: 4
Memory content after  bitflip:0x030x000x440x00
frame name: main
symbol name: argc
symbol filename: main.cpp
symbol line: 14
value: 4456451
value address: 0x7fffffffdc3c
Type: The type is an integer type.
Type sizeof: 4

[INFO -- 2018-11-30 18:22:59]
Fault Injection Successful after 0.8053555488586426s
[INFO -- 2018-11-30 18:22:59]
event type: exit
[INFO -- 2018-11-30 18:22:59]
exit code: 0
