[INFO -- 2018-12-01 06:12:13]
Starting flip_value script
version: 1.1
[INFO -- 2018-12-01 06:12:13]
Initialization strings:
[INFO -- 2018-12-01 06:12:13]
(1) file /tmp/splay/main
[INFO -- 2018-12-01 06:12:13]
(2) set args /tmp/splay/input_100000 /tmp/splay/output_100000
[INFO -- 2018-12-01 06:12:13]
initSignal:0
[INFO -- 2018-12-01 06:12:13]
endSignal:5
[INFO -- 2018-12-01 06:12:13]
faultModel:3
[INFO -- 2018-12-01 06:12:14]
Backtrace BEGIN:
#0  0x00007ffff7cb5651 in _IO_new_file_sync (fp=0x7ffff7e10760 <_IO_2_1_stdout_>) at fileops.c:805
#1  0x00007ffff7caa32d in __GI__IO_fflush (fp=0x7ffff7e10760 <_IO_2_1_stdout_>) at libioP.h:839
#2  0x00007ffff7f4201e in std::ostream::flush() () from /usr/lib/x86_64-linux-gnu/libstdc++.so.6
#3  0x0000555555557afd in InOrder (root=0x55555584a1f0) at splay.cpp:253
#4  0x0000555555557abd in InOrder (root=0x55555583a1f0) at splay.cpp:252
#5  0x0000555555557abd in InOrder (root=0x5555556db3f0) at splay.cpp:252
#6  0x0000555555557abd in InOrder (root=0x5555557192f0) at splay.cpp:252
#7  0x0000555555557abd in InOrder (root=0x55555587d510) at splay.cpp:252
#8  0x0000555555557abd in InOrder (root=0x55555587d550) at splay.cpp:252
#9  0x0000555555557abd in InOrder (root=0x5555555b0770) at splay.cpp:252
#10 0x0000555555557abd in InOrder (root=0x55555587dad0) at splay.cpp:252
#11 0x0000555555557abd in InOrder (root=0x55555587d8d0) at splay.cpp:252
#12 0x0000555555557b0d in InOrder (root=0x5555557cfed0) at splay.cpp:254
#13 0x0000555555557b0d in InOrder (root=0x555555774190) at splay.cpp:254
#14 0x0000555555557b0d in InOrder (root=0x555555774870) at splay.cpp:254
#15 0x0000555555557abd in InOrder (root=0x55555587dcb0) at splay.cpp:252
#16 0x0000555555557b0d in InOrder (root=0x555555693810) at splay.cpp:254
#17 0x0000555555557b0d in InOrder (root=0x555555634c10) at splay.cpp:254
#18 0x0000555555557b0d in InOrder (root=0x55555587dcd0) at splay.cpp:254
#19 0x00005555555564fe in main (argc=3, argv=0x7fffffffdfb8) at main.cpp:35

800	in fileops.c

Backtrace END
Fliping value of field: __pbackfail
Fliping a bit of the value pointed by a pointer
Memory content before bitflip:0x41
Fault Model: Zero bit-flip
base address to flip value: 0x7ffff7cba5c0 
address max offset: 1
Memory content after  bitflip:0x00
frame name: _IO_new_file_sync
symbol name: _IO_file_jumps_maybe_mmap
symbol filename: fileops.c
symbol line: 1489
value: {__dummy = 0, __dummy2 = 0, __finish = 0x7ffff7cb6e30 <_IO_new_file_finish>, __overflow = 0x7ffff7cb7e00 <_IO_new_file_overflow>, __underflow = 0x7ffff7cb5c70 <_IO_file_underflow_maybe_mmap>, __uflow = 0x7ffff7cb8f60 <__GI__IO_default_uflow>, __pbackfail = 0x7ffff7cba5c0 <__GI__IO_default_pbackfail>, __xsputn = 0x7ffff7cb68f0 <_IO_new_file_xsputn>, __xsgetn = 0x7ffff7cb5cc0 <_IO_file_xsgetn_maybe_mmap>, __seekoff = 0x7ffff7cb55d0 <_IO_file_seekoff_maybe_mmap>, __seekpos = 0x7ffff7cb9610 <_IO_default_seekpos>, __setbuf = 0x7ffff7cb5770 <_IO_file_setbuf_mmap>, __sync = 0x7ffff7cb5640 <_IO_new_file_sync>, __doallocate = 0x7ffff7ca9c10 <__GI__IO_file_doallocate>, __read = 0x7ffff7cb68d0 <__GI__IO_file_read>, __write = 0x7ffff7cb6310 <_IO_new_file_write>, __seek = 0x7ffff7cb5a60 <__GI__IO_file_seek>, __close = 0x7ffff7cb5730 <__GI__IO_file_close>, __stat = 0x7ffff7cb6300 <__GI__IO_file_stat>, __showmanyc = 0x7ffff7cba740 <_IO_default_showmanyc>, __imbue = 0x7ffff7cba750 <_IO_default_imbue>}
value address: 0x7ffff7e0c120 <_IO_file_jumps_maybe_mmap>
Type: The type is a structure.
Type sizeof: 168
Field name: __dummy
Field Type: The type is an integer type.
Field Type sizeof: 8
Field name: __dummy2
Field Type: The type is an integer type.
Field Type sizeof: 8
Field name: __finish
Field Type: The type is a pointer.
Field Type sizeof: 8
Field name: __overflow
Field Type: The type is a pointer.
Field Type sizeof: 8
Field name: __underflow
Field Type: The type is a pointer.
Field Type sizeof: 8
Field name: __uflow
Field Type: The type is a pointer.
Field Type sizeof: 8
Field name: __pbackfail
Field Type: The type is a pointer.
Field Type sizeof: 8
Field name: __xsputn
Field Type: The type is a pointer.
Field Type sizeof: 8
Field name: __xsgetn
Field Type: The type is a pointer.
Field Type sizeof: 8
Field name: __seekoff
Field Type: The type is a pointer.
Field Type sizeof: 8
Field name: __seekpos
Field Type: The type is a pointer.
Field Type sizeof: 8
Field name: __setbuf
Field Type: The type is a pointer.
Field Type sizeof: 8
Field name: __sync
Field Type: The type is a pointer.
Field Type sizeof: 8
Field name: __doallocate
Field Type: The type is a pointer.
Field Type sizeof: 8
Field name: __read
Field Type: The type is a pointer.
Field Type sizeof: 8
Field name: __write
Field Type: The type is a pointer.
Field Type sizeof: 8
Field name: __seek
Field Type: The type is a pointer.
Field Type sizeof: 8
Field name: __close
Field Type: The type is a pointer.
Field Type sizeof: 8
Field name: __stat
Field Type: The type is a pointer.
Field Type sizeof: 8
Field name: __showmanyc
Field Type: The type is a pointer.
Field Type sizeof: 8
Field name: __imbue
Field Type: The type is a pointer.
Field Type sizeof: 8

[INFO -- 2018-12-01 06:12:14]
Fault Injection Successful after 1.0541870594024658s
[INFO -- 2018-12-01 06:12:14]
event type: exit
[INFO -- 2018-12-01 06:12:14]
exit code: 0
