[INFO -- 2018-10-12 00:07:19]
Starting flip_value script
version: 1.1
[INFO -- 2018-10-12 00:07:19]
Initialization strings:
[INFO -- 2018-10-12 00:07:19]
(1) file /tmp/BTree/main
[INFO -- 2018-10-12 00:07:19]
(2)  set args /tmp/BTree/input_100000 /tmp/BTree/output_100000
[INFO -- 2018-10-12 00:07:19]
initSignal:0
[INFO -- 2018-10-12 00:07:19]
endSignal:2
[INFO -- 2018-10-12 00:07:19]
faultModel:4
[INFO -- 2018-10-12 00:07:20]
Backtrace BEGIN:
#0  0x00007ffff7add394 in __dynamic_cast () from /usr/lib/x86_64-linux-gnu/libstdc++.so.6
#1  0x00007ffff7b5033b in std::ctype<char> const& std::use_facet<std::ctype<char> >(std::locale const&) () from /usr/lib/x86_64-linux-gnu/libstdc++.so.6
#2  0x00005555555568f9 in std::operator<< <char, std::char_traits<char>, 16ul> (__os=..., __x=std::bitset = {...}) at /usr/include/c++/7/bitset:1537
#3  0x00005555555563b2 in BTreeNode::traverse (this=0x55555597d760) at BTree.cpp:592
#4  0x00005555555563ff in BTreeNode::traverse (this=0x555555898590) at BTree.cpp:597
#5  0x00005555555563ff in BTreeNode::traverse (this=0x5555557fe390) at BTree.cpp:597
#6  0x00005555555563ff in BTreeNode::traverse (this=0x5555558c9370) at BTree.cpp:597
#7  0x00005555555563ff in BTreeNode::traverse (this=0x55555581e130) at BTree.cpp:597
#8  0x0000555555556377 in BTreeNode::traverse (this=0x555555aee7f0) at BTree.cpp:591
#9  0x0000555555556377 in BTreeNode::traverse (this=0x55555579e990) at BTree.cpp:591
#10 0x0000555555556377 in BTreeNode::traverse (this=0x555555812430) at BTree.cpp:591
#11 0x0000555555556377 in BTreeNode::traverse (this=0x555555a27320) at BTree.cpp:591
#12 0x0000555555556851 in BTree::traverse (this=0x7fffffffddc0) at BTree.cpp:137
#13 0x0000555555556630 in main (argc=3, argv=0x7fffffffded8) at BTree.cpp:668

637				root = NULL;
638			else
639				root = root->C[0];
640	
641			// Free the old root
642			delete tmp;
643		}
644		return;
645	}
646	

Backtrace END
Memory content before bitflip:0x040x000x000x00
Fault Model: LSB bit-flip
base address to flip value: 0x7fffffffdb9c
address max offset: 4
Memory content after  bitflip:0x040x000x000x10
frame name: BTreeNode::traverse
symbol name: i
symbol filename: BTree.cpp
symbol line: 585
value: 268435460
value address: 0x7fffffffdb9c
Type: The type is an integer type.
Type sizeof: 4

[INFO -- 2018-10-12 00:07:20]
Fault Injection Successful after 1.9344890117645264s
[INFO -- 2018-10-12 00:07:21]
event type: exit
[INFO -- 2018-10-12 00:07:21]
exit code: 0
