[INFO -- 2018-12-01 04:35:57]
Starting flip_value script
version: 1.1
[INFO -- 2018-12-01 04:35:57]
Initialization strings:
[INFO -- 2018-12-01 04:35:57]
(1) file /tmp/splay/main
[INFO -- 2018-12-01 04:35:57]
(2) set args /tmp/splay/input_100000 /tmp/splay/output_100000
[INFO -- 2018-12-01 04:35:57]
initSignal:0
[INFO -- 2018-12-01 04:35:57]
endSignal:5
[INFO -- 2018-12-01 04:35:57]
faultModel:2
[EXCEPTION -- 2018-12-01 04:35:58]
gdbException: Attempt to dereference a generic pointer.
[INFO -- 2018-12-01 04:35:58]
Backtrace BEGIN:
#0  0x00007ffff7d34fd4 in __GI___libc_write (fd=1, buf=0x55555587dcf0, nbytes=17) at ../sysdeps/unix/sysv/linux/write.c:26
#1  0x00007ffff7cb633d in _IO_new_file_write (f=0x7ffff7e10760 <_IO_2_1_stdout_>, data=0x55555587dcf0, n=17) at fileops.c:1183
#2  0x00007ffff7cb7a71 in new_do_write (to_do=17, data=0x55555587dcf0 "1001000101111001\n", fp=0x7ffff7e10760 <_IO_2_1_stdout_>) at libioP.h:839
#3  _IO_new_do_write (fp=0x7ffff7e10760 <_IO_2_1_stdout_>, data=0x55555587dcf0 "1001000101111001\n", to_do=17) at fileops.c:433
#4  0x00007ffff7cb56f8 in _IO_new_file_sync (fp=0x7ffff7e10760 <_IO_2_1_stdout_>) at fileops.c:819
#5  0x00007ffff7caa32d in __GI__IO_fflush (fp=0x7ffff7e10760 <_IO_2_1_stdout_>) at libioP.h:839
#6  0x00007ffff7f4201e in std::ostream::flush() () from /usr/lib/x86_64-linux-gnu/libstdc++.so.6
#7  0x0000555555557afd in InOrder (root=0x555555833970) at splay.cpp:253
#8  0x0000555555557b0d in InOrder (root=0x5555556222d0) at splay.cpp:254
#9  0x0000555555557b0d in InOrder (root=0x55555586e530) at splay.cpp:254
#10 0x0000555555557abd in InOrder (root=0x555555877d90) at splay.cpp:252
#11 0x0000555555557abd in InOrder (root=0x5555556e37d0) at splay.cpp:252
#12 0x0000555555557abd in InOrder (root=0x555555594f10) at splay.cpp:252
#13 0x0000555555557abd in InOrder (root=0x55555587da90) at splay.cpp:252
#14 0x0000555555557b0d in InOrder (root=0x5555557d8790) at splay.cpp:254
#15 0x0000555555557abd in InOrder (root=0x55555585f590) at splay.cpp:252
#16 0x0000555555557b0d in InOrder (root=0x55555587db50) at splay.cpp:254
#17 0x0000555555557abd in InOrder (root=0x555555774190) at splay.cpp:252
#18 0x0000555555557b0d in InOrder (root=0x555555774870) at splay.cpp:254
#19 0x0000555555557abd in InOrder (root=0x55555587dcb0) at splay.cpp:252
#20 0x0000555555557b0d in InOrder (root=0x555555693810) at splay.cpp:254
#21 0x0000555555557b0d in InOrder (root=0x555555634c10) at splay.cpp:254
#22 0x0000555555557b0d in InOrder (root=0x55555587dcd0) at splay.cpp:254
#23 0x00005555555564fe in main (argc=3, argv=0x7fffffffdfb8) at main.cpp:35

21	in ../sysdeps/unix/sysv/linux/write.c

Backtrace END
Fliping a bit of the value pointed by a pointer
Fliping value of field: lchild
Fliping a bit of the value pointed by a pointer
Fliping value of field: key
Memory content before bitflip:0x590xad0x190x00
Fault Model: Random bit-flip
base address to flip value: 0x555555696ef0
address max offset: 4
Memory content after  bitflip:0x030x200x780xae
frame name: InOrder
symbol name: root
symbol filename: splay.cpp
symbol line: 248
value: 0x55555587dcd0
value address: 0x7fffffffdc08
Type: The type is a pointer.
Type sizeof: 8

[INFO -- 2018-12-01 04:35:58]
Fault Injection Successful after 1.518862009048462s
[INFO -- 2018-12-01 04:35:58]
event type: exit
[INFO -- 2018-12-01 04:35:58]
exit code: 0
