[INFO -- 2018-12-01 07:46:04]
sending 5 signals using command: 'killall -2 main' after 2.20985848179s
[INFO -- 2018-12-01 07:46:05]
sending 5 signals using command: 'killall -2 main' after 2.66215649077s
[INFO -- 2018-12-01 07:46:05]
sending 5 signals using command: 'killall -2 main' after 3.26207724124s
[INFO -- 2018-12-01 07:46:05]
Starting GDB script
[INFO -- 2018-12-01 07:46:05]
initSignal:0.0
[INFO -- 2018-12-01 07:46:05]
endSignal:5.0
[INFO -- 2018-12-01 07:46:06]
sending 5 signals using command: 'killall -2 main' after 0.790124393589s
[INFO -- 2018-12-01 07:46:06]
sending 5 signals using command: 'killall -2 main' after 0.880198546637s
[INFO -- 2018-12-01 07:46:07]
sending 5 signals using command: 'killall -2 main' after 1.43706468659s
[INFO -- 2018-12-01 07:46:07]
Execution finished before waitTime
