[INFO -- 2018-11-25 21:00:02]
Starting flip_value script
version: 1.1
[INFO -- 2018-11-25 21:00:02]
Initialization strings:
[INFO -- 2018-11-25 21:00:02]
(1) file /tmp/BTree-dup/main
[INFO -- 2018-11-25 21:00:02]
(2)  set args /tmp/BTree-dup/input_100000 /tmp/BTree-dup/output_100000 /tmp/BTree-dup-detection.log /tmp/BTree-dup/output2_100000
[INFO -- 2018-11-25 21:00:02]
initSignal:0
[INFO -- 2018-11-25 21:00:02]
endSignal:2
[INFO -- 2018-11-25 21:00:02]
faultModel:1
[INFO -- 2018-11-25 21:00:03]
Backtrace BEGIN:
#0  BTreeNode::insertNonFull (this=0x555555869940, k=810923) at BTree_dup.cpp:502
#1  0x0000555555556639 in BTreeNode::insertNonFull (this=0x5555557ec5a0, k=810923) at BTree_dup.cpp:535
#2  0x0000555555556639 in BTreeNode::insertNonFull (this=0x5555557ab860, k=810923) at BTree_dup.cpp:535
#3  0x0000555555556639 in BTreeNode::insertNonFull (this=0x555555815b20, k=810923) at BTree_dup.cpp:535
#4  0x0000555555556639 in BTreeNode::insertNonFull (this=0x5555557a21a0, k=810923) at BTree_dup.cpp:535
#5  0x0000555555556639 in BTreeNode::insertNonFull (this=0x555555815c40, k=810923) at BTree_dup.cpp:535
#6  0x0000555555556478 in BTree::insert (this=0x7fffffffda50, k=810923) at BTree_dup.cpp:489
#7  0x0000555555556c25 in runner (input=0x7fffffffe22a "/tmp/BTree-dup/input_100000") at BTree_dup.cpp:664
#8  0x0000555555556f51 in main (argc=5, argv=0x7fffffffde68) at BTree_dup.cpp:711

497	{
498		// Initialize index as index of rightmost element
499		int i = n-1;
500	
501		// If this is a leaf node
502		if (leaf == true)
503		{
504			// The following loop does two things
505			// a) Finds the location of new key to be inserted
506			// b) Moves all greater keys to one place ahead

Backtrace END
Memory content before bitflip:0x010x000x000x00
Fault Model: Double bit-flip
base address to flip value: 0x7fffffffd94c
address max offset: 4
Memory content after  bitflip:0x250x000x000x00
frame name: BTreeNode::insertNonFull
symbol name: i
symbol filename: BTree_dup.cpp
symbol line: 499
value: 37
value address: 0x7fffffffd94c
Type: The type is an integer type.
Type sizeof: 4

[INFO -- 2018-11-25 21:00:03]
Fault Injection Successful after 1.347041368484497s
[INFO -- 2018-11-25 21:00:04]
event type: exit
[INFO -- 2018-11-25 21:00:04]
exit code: 0
