[INFO -- 2018-11-26 00:02:53]
Starting flip_value script
version: 1.1
[INFO -- 2018-11-26 00:02:53]
Initialization strings:
[INFO -- 2018-11-26 00:02:53]
(1) file /tmp/BTree-dup/main
[INFO -- 2018-11-26 00:02:53]
(2)  set args /tmp/BTree-dup/input_100000 /tmp/BTree-dup/output_100000 /tmp/BTree-dup-detection.log /tmp/BTree-dup/output2_100000
[INFO -- 2018-11-26 00:02:53]
initSignal:0
[INFO -- 2018-11-26 00:02:53]
endSignal:2
[INFO -- 2018-11-26 00:02:53]
faultModel:0
[EXCEPTION -- 2018-11-26 00:02:54]
pythonException: Unable to exit loop in struct fields; Exiting wihtout making a bit flip
[INFO -- 2018-11-26 00:02:54]
Backtrace BEGIN:
#0  0x00007ffff7b5fb72 in std::basic_ostream<char, std::char_traits<char> >& std::endl<char, std::char_traits<char> >(std::basic_ostream<char, std::char_traits<char> >&) () from /usr/lib/x86_64-linux-gnu/libstdc++.so.6
#1  0x0000555555556927 in BTreeNode::traverse (this=0x555555b7de30) at BTree_dup.cpp:594
#2  0x000055555555695f in BTreeNode::traverse (this=0x555555a90c20) at BTree_dup.cpp:599
#3  0x00005555555568d7 in BTreeNode::traverse (this=0x5555557a7180) at BTree_dup.cpp:593
#4  0x000055555555695f in BTreeNode::traverse (this=0x55555585c800) at BTree_dup.cpp:599
#5  0x000055555555695f in BTreeNode::traverse (this=0x5555557b38a0) at BTree_dup.cpp:599
#6  0x00005555555568d7 in BTreeNode::traverse (this=0x5555559e4870) at BTree_dup.cpp:593
#7  0x00005555555568d7 in BTreeNode::traverse (this=0x555555815cd0) at BTree_dup.cpp:593
#8  0x000055555555695f in BTreeNode::traverse (this=0x555555815c40) at BTree_dup.cpp:599
#9  0x00005555555568d7 in BTreeNode::traverse (this=0x555555a2ab30) at BTree_dup.cpp:593
#10 0x00005555555572bb in BTree::traverse (this=0x7fffffffdd40) at BTree_dup.cpp:139
#11 0x0000555555556fbd in main (argc=5, argv=0x7fffffffde68) at BTree_dup.cpp:718

687	        }
688	    }
689	}
690	
691	int main(int argc, char * argv[]) {
692	
693	    if (argc != 5){
694	        cerr << "Uso correto: ./main [input file] [output file] [log file] [output2 file]" << endl;
695	        return 0;
696	    }

Backtrace END
Fliping a bit of the value pointed by a pointer
Fliping value of field: t
Memory content before bitflip:0x030x000x000x00
Fault Model: Single bit-flip
base address to flip value: 0x7fffffffdd48
address max offset: 4
Memory content after  bitflip:0x030x000x000x04
frame name: BTree::traverse
symbol name: this
symbol filename: BTree_dup.cpp
symbol line: 0
value: 0x7fffffffdd40
value address: 0x7fffffffdce8
Type: The type is a pointer.
Type sizeof: 8

[INFO -- 2018-11-26 00:02:54]
Fault Injection Successful after 1.9863090515136719s
[INFO -- 2018-11-26 00:02:55]
event type: exit
[INFO -- 2018-11-26 00:02:55]
exit code: 0
