[INFO -- 2018-10-16 21:24:04]
Starting flip_value script
version: 1.1
[INFO -- 2018-10-16 21:24:04]
Initialization strings:
[INFO -- 2018-10-16 21:24:04]
(1) file /tmp/RBTree/main
[INFO -- 2018-10-16 21:24:04]
(2) set args  /tmp/RBTree/input_ /tmp/RBTree/output_
[INFO -- 2018-10-16 21:24:04]
initSignal:0
[INFO -- 2018-10-16 21:24:04]
endSignal:2
[INFO -- 2018-10-16 21:24:04]
faultModel:4
[EXCEPTION -- 2018-10-16 21:24:04]
gdbException: Tentativo de desreferenciar um ponteiro genérico.
[EXCEPTION -- 2018-10-16 21:24:04]
pythonException: Unable to exit loop in struct fields; Exiting wihtout making a bit flip
[INFO -- 2018-10-16 21:24:04]
Backtrace BEGIN:
#0  RBTree::getColor (this=0x7fffffffdc00, node=@0x7fffffffdb30: 0x555555807a00) at RBTree.cpp:30
#1  0x0000555555556de1 in RBTree::fixInsertRBTree (this=0x7fffffffdc00, ptr=@0x7fffffffdb60: 0x555555879580) at RBTree.cpp:125
#2  0x0000555555556a1b in RBTree::insertValue (this=0x7fffffffdc00, n=-9099) at RBTree.cpp:57
#3  0x0000555555555610 in main (argc=3, argv=0x7fffffffdf38) at main.cpp:54

25	int RBTree::getColor(Node *&node) {
26	    if (node == NULL)
27	        return BLACK;
28	
29	    return node->color;
30	}
31	
32	void RBTree::setColor(Node *&node, int color) {
33	    if (node == NULL)
34	        return;

Backtrace END
Fliping value of field: _M_ok
Memory content before bitflip:0x00
Fault Model: LSB bit-flip
base address to flip value: 0x7fffffffdbec
address max offset: 1
Memory content after  bitflip:0x08
frame name: main
symbol name: end
symbol filename: main.cpp
symbol line: 31
value: {<std::iterator<std::input_iterator_tag, int, long, int const*, int const&>> = {<No data fields>}, _M_stream = 0x0, _M_value = 0, _M_ok = 8}
value address: 0x7fffffffdbe0
Type: The type is a structure.
Type sizeof: 16
Field name: std::iterator<std::input_iterator_tag, int, long, int const*, int const&>
Field Type: The type is a structure.
Field Type sizeof: 1
Field name: _M_stream
Field Type: The type is a pointer.
Field Type sizeof: 8
Field name: _M_value
Field Type: The type is an integer type.
Field Type sizeof: 4
Field name: _M_ok
Field Type: A boolean type.
Field Type sizeof: 1

[INFO -- 2018-10-16 21:24:04]
Fault Injection Successful after 0.5734834671020508s
[INFO -- 2018-10-16 21:24:04]
event type: exit
[INFO -- 2018-10-16 21:24:04]
exit code: 0
