[INFO -- 2018-11-30 16:31:32]
sending 5 signals using command: 'killall -2 main' after 2.00723094008s
[INFO -- 2018-11-30 16:31:32]
sending 5 signals using command: 'killall -2 main' after 2.39456216197s
[INFO -- 2018-11-30 16:31:33]
sending 5 signals using command: 'killall -2 main' after 2.83595502826s
[INFO -- 2018-11-30 16:31:33]
Starting GDB script
[INFO -- 2018-11-30 16:31:33]
initSignal:0.0
[INFO -- 2018-11-30 16:31:33]
endSignal:5.0
[INFO -- 2018-11-30 16:31:34]
sending 5 signals using command: 'killall -2 main' after 0.922552140685s
[INFO -- 2018-11-30 16:31:34]
sending 5 signals using command: 'killall -2 main' after 1.24120021735s
[INFO -- 2018-11-30 16:31:34]
sending 5 signals using command: 'killall -2 main' after 1.31253393088s
[INFO -- 2018-11-30 16:31:34]
Execution finished before waitTime
