[INFO -- 2018-11-25 15:30:00]
Starting flip_value script
version: 1.1
[INFO -- 2018-11-25 15:30:00]
Initialization strings:
[INFO -- 2018-11-25 15:30:00]
(1) file /tmp/BTree-dup/main
[INFO -- 2018-11-25 15:30:00]
(2)  set args /tmp/BTree-dup/input_100000 /tmp/BTree-dup/output_100000 /tmp/BTree-dup-detection.log /tmp/BTree-dup/output2_100000
[INFO -- 2018-11-25 15:30:00]
initSignal:0
[INFO -- 2018-11-25 15:30:00]
endSignal:2
[INFO -- 2018-11-25 15:30:00]
faultModel:2
[INFO -- 2018-11-25 15:30:01]
Backtrace BEGIN:
#0  0x000055555555657a in BTreeNode::insertNonFull (this=0x555555bca120, k=1467424) at BTree_dup.cpp:520
#1  0x0000555555556639 in BTreeNode::insertNonFull (this=0x555555cf45f0, k=1467424) at BTree_dup.cpp:535
#2  0x0000555555556639 in BTreeNode::insertNonFull (this=0x555555bf61f0, k=1467424) at BTree_dup.cpp:535
#3  0x0000555555556639 in BTreeNode::insertNonFull (this=0x555555d0f0e0, k=1467424) at BTree_dup.cpp:535
#4  0x0000555555556639 in BTreeNode::insertNonFull (this=0x555555ce1e10, k=1467424) at BTree_dup.cpp:535
#5  0x0000555555556639 in BTreeNode::insertNonFull (this=0x555555bee480, k=1467424) at BTree_dup.cpp:535
#6  0x0000555555556639 in BTreeNode::insertNonFull (this=0x555555ce1f30, k=1467424) at BTree_dup.cpp:535
#7  0x0000555555556478 in BTree::insert (this=0x7fffffffda50, k=1467424) at BTree_dup.cpp:489
#8  0x0000555555556c25 in runner (input=0x7fffffffe22a "/tmp/BTree-dup/input_100000") at BTree_dup.cpp:664
#9  0x0000555555556f7a in main (argc=5, argv=0x7fffffffde68) at BTree_dup.cpp:712

515			n = n+1;
516		}
517		else // If this node is not leaf
518		{
519			// Find the child which is going to have the new key
520			while (i >= 0 && keys[i] > k)
521				i--;
522	
523			// See if the found child is full
524			if (C[i+1]->n == 2*t-1)

Backtrace END
Memory content before bitflip:0x050x000x000x00
Fault Model: Random bit-flip
base address to flip value: 0x7fffffffdd1c
address max offset: 4
Memory content after  bitflip:0x5c0x610xe20x9a
frame name: main
symbol name: argc
symbol filename: BTree_dup.cpp
symbol line: 691
value: -1696439972
value address: 0x7fffffffdd1c
Type: The type is an integer type.
Type sizeof: 4

[INFO -- 2018-11-25 15:30:01]
Fault Injection Successful after 1.5676770210266113s
[INFO -- 2018-11-25 15:30:02]
event type: exit
[INFO -- 2018-11-25 15:30:02]
exit code: 0
