[INFO -- 2018-11-25 15:41:08]
Starting flip_value script
version: 1.1
[INFO -- 2018-11-25 15:41:08]
Initialization strings:
[INFO -- 2018-11-25 15:41:08]
(1) file /tmp/BTree-dup/main
[INFO -- 2018-11-25 15:41:08]
(2)  set args /tmp/BTree-dup/input_100000 /tmp/BTree-dup/output_100000 /tmp/BTree-dup-detection.log /tmp/BTree-dup/output2_100000
[INFO -- 2018-11-25 15:41:08]
initSignal:0
[INFO -- 2018-11-25 15:41:08]
endSignal:2
[INFO -- 2018-11-25 15:41:08]
faultModel:1
[EXCEPTION -- 2018-11-25 15:41:09]
pythonException: Unable to exit loop in struct fields; Exiting wihtout making a bit flip
[EXCEPTION -- 2018-11-25 15:41:09]
pythonException: Unable to exit loop in struct fields; Exiting wihtout making a bit flip
[INFO -- 2018-11-25 15:41:10]
event type: exit
[INFO -- 2018-11-25 15:41:10]
exit code: 0
