[INFO -- 2018-12-01 05:32:42]
sending 5 signals using command: 'killall -2 main' after 1.86911257048s
[INFO -- 2018-12-01 05:32:42]
sending 5 signals using command: 'killall -2 main' after 2.45368706186s
[INFO -- 2018-12-01 05:32:44]
sending 5 signals using command: 'killall -2 main' after 4.26069438345s
[INFO -- 2018-12-01 05:32:44]
Starting GDB script
[INFO -- 2018-12-01 05:32:44]
initSignal:0.0
[INFO -- 2018-12-01 05:32:44]
endSignal:5.0
[INFO -- 2018-12-01 05:32:44]
sending 5 signals using command: 'killall -2 main' after 0.0346425499825s
[INFO -- 2018-12-01 05:32:44]
sending 5 signals using command: 'killall -2 main' after 0.0470862111903s
[INFO -- 2018-12-01 05:32:45]
sending 5 signals using command: 'killall -2 main' after 1.44595238517s
[INFO -- 2018-12-01 05:32:46]
Execution finished before waitTime
