[INFO -- 2018-10-12 02:40:51]
Starting flip_value script
version: 1.1
[INFO -- 2018-10-12 02:40:51]
Initialization strings:
[INFO -- 2018-10-12 02:40:51]
(1) file /tmp/BTree/main
[INFO -- 2018-10-12 02:40:51]
(2)  set args /tmp/BTree/input_100000 /tmp/BTree/output_100000
[INFO -- 2018-10-12 02:40:51]
initSignal:0
[INFO -- 2018-10-12 02:40:51]
endSignal:2
[INFO -- 2018-10-12 02:40:51]
faultModel:0
[EXCEPTION -- 2018-10-12 02:40:51]
pythonException: Unable to exit loop in struct fields; Exiting wihtout making a bit flip
[EXCEPTION -- 2018-10-12 02:40:51]
pythonException: Unable to exit loop in struct fields; Exiting wihtout making a bit flip
[INFO -- 2018-10-12 02:40:51]
Backtrace BEGIN:
#0  0x000055555555633f in BTreeNode::traverse (this=0x555555822030) at BTree.cpp:586
#1  0x0000555555556377 in BTreeNode::traverse (this=0x5555558e3320) at BTree.cpp:591
#2  0x0000555555556377 in BTreeNode::traverse (this=0x555555a9dfd0) at BTree.cpp:591
#3  0x00005555555563ff in BTreeNode::traverse (this=0x5555557ff7d0) at BTree.cpp:597
#4  0x00005555555563ff in BTreeNode::traverse (this=0x5555558dd020) at BTree.cpp:597
#5  0x0000555555556377 in BTreeNode::traverse (this=0x5555559bb950) at BTree.cpp:591
#6  0x00005555555563ff in BTreeNode::traverse (this=0x55555579e990) at BTree.cpp:597
#7  0x0000555555556377 in BTreeNode::traverse (this=0x555555812430) at BTree.cpp:591
#8  0x0000555555556377 in BTreeNode::traverse (this=0x555555a27320) at BTree.cpp:591
#9  0x0000555555556851 in BTree::traverse (this=0x7fffffffddc0) at BTree.cpp:137
#10 0x0000555555556630 in main (argc=3, argv=0x7fffffffded8) at BTree.cpp:668

581	void BTreeNode::traverse()
582	{
583		// There are n keys and n+1 children, travers through n keys
584		// and first n children
585		int i;
586		for (i = 0; i < n; i++)
587		{
588			// If this is not leaf, then before printing key[i],
589			// traverse the subtree rooted with child C[i].
590			if (leaf == false)

Backtrace END
Fliping value of field: t
Memory content before bitflip:0x030x000x000x00
Fault Model: Single bit-flip
base address to flip value: 0x7fffffffddc8
address max offset: 4
Memory content after  bitflip:0x030x000x080x00
frame name: main
symbol name: t
symbol filename: BTree.cpp
symbol line: 653
value: {root = 0x555555a27320, t = 524291}
value address: 0x7fffffffddc0
Type: The type is a structure.
Type sizeof: 16
Field name: root
Field Type: The type is a pointer.
Field Type sizeof: 8
Field name: t
Field Type: The type is an integer type.
Field Type sizeof: 4

[INFO -- 2018-10-12 02:40:51]
Fault Injection Successful after 0.9426960945129395s
[INFO -- 2018-10-12 02:40:52]
event type: exit
[INFO -- 2018-10-12 02:40:52]
exit code: 0
