[INFO -- 2018-10-17 21:02:30]
sending 5 signals using command: 'killall -2 main' after 1.12592191076s
[INFO -- 2018-10-17 21:02:31]
sending 5 signals using command: 'killall -2 main' after 1.63282657564s
[INFO -- 2018-10-17 21:02:31]
sending 5 signals using command: 'killall -2 main' after 1.72996530078s
[INFO -- 2018-10-17 21:02:31]
Starting GDB script
[INFO -- 2018-10-17 21:02:31]
initSignal:0.0
[INFO -- 2018-10-17 21:02:31]
endSignal:2.0
[INFO -- 2018-10-17 21:02:31]
sending 5 signals using command: 'killall -2 main' after 0.447112436694s
[INFO -- 2018-10-17 21:02:31]
sending 5 signals using command: 'killall -2 main' after 0.555678443926s
[INFO -- 2018-10-17 21:02:32]
sending 5 signals using command: 'killall -2 main' after 0.830796149429s
[INFO -- 2018-10-17 21:02:32]
Execution finished before waitTime
