[INFO -- 2018-11-25 22:44:20]
Starting flip_value script
version: 1.1
[INFO -- 2018-11-25 22:44:20]
Initialization strings:
[INFO -- 2018-11-25 22:44:20]
(1) file /tmp/BTree-dup/main
[INFO -- 2018-11-25 22:44:20]
(2)  set args /tmp/BTree-dup/input_100000 /tmp/BTree-dup/output_100000 /tmp/BTree-dup-detection.log /tmp/BTree-dup/output2_100000
[INFO -- 2018-11-25 22:44:20]
initSignal:0
[INFO -- 2018-11-25 22:44:20]
endSignal:2
[INFO -- 2018-11-25 22:44:20]
faultModel:3
[INFO -- 2018-11-25 22:44:21]
Backtrace BEGIN:
#0  0x00005555555565aa in BTreeNode::insertNonFull (this=0x555555ceb680, k=4126254) at BTree_dup.cpp:524
#1  0x0000555555556639 in BTreeNode::insertNonFull (this=0x555555eccd60, k=4126254) at BTree_dup.cpp:535
#2  0x0000555555556639 in BTreeNode::insertNonFull (this=0x555555d4dc60, k=4126254) at BTree_dup.cpp:535
#3  0x0000555555556639 in BTreeNode::insertNonFull (this=0x555555eb5fc0, k=4126254) at BTree_dup.cpp:535
#4  0x0000555555556639 in BTreeNode::insertNonFull (this=0x555555c30ba0, k=4126254) at BTree_dup.cpp:535
#5  0x0000555555556639 in BTreeNode::insertNonFull (this=0x555555d8d170, k=4126254) at BTree_dup.cpp:535
#6  0x0000555555556639 in BTreeNode::insertNonFull (this=0x555555ce1f30, k=4126254) at BTree_dup.cpp:535
#7  0x0000555555556478 in BTree::insert (this=0x7fffffffda50, k=4126254) at BTree_dup.cpp:489
#8  0x0000555555556c25 in runner (input=0x7fffffffe22a "/tmp/BTree-dup/input_100000") at BTree_dup.cpp:664
#9  0x0000555555556f7a in main (argc=5, argv=0x7fffffffde68) at BTree_dup.cpp:712

519			// Find the child which is going to have the new key
520			while (i >= 0 && keys[i] > k)
521				i--;
522	
523			// See if the found child is full
524			if (C[i+1]->n == 2*t-1)
525			{
526				// If the child is full, then split it
527				splitChild(i+1, C[i+1]);
528	

Backtrace END
Fliping a bit of the pointer
Memory content before bitflip:0x300x1f0xce0x550x550x550x000x00
Fault Model: Zero bit-flip
base address to flip value: 0x7fffffffd9c8
address max offset: 8
Memory content after  bitflip:0x000x000x000x000x000x000x000x00
frame name: BTreeNode::insertNonFull
symbol name: this
symbol filename: BTree_dup.cpp
symbol line: 0
value: 0x555555ce1f30
value address: 0x7fffffffd9c8
Type: The type is a pointer.
Type sizeof: 8

[INFO -- 2018-11-25 22:44:21]
Fault Injection Successful after 1.226893663406372s
[INFO -- 2018-11-25 22:44:22]
event type: exit
[INFO -- 2018-11-25 22:44:22]
exit code: 0
