[INFO -- 2018-12-03 22:16:38]
Starting flip_value script
version: 1.1
[INFO -- 2018-12-03 22:16:38]
Initialization strings:
[INFO -- 2018-12-03 22:16:38]
(1) file /tmp/Tree234/main
[INFO -- 2018-12-03 22:16:38]
(2) set args /tmp/Tree234/input_50000 /tmp/Tree234/output_50000 /tmp/Tree234/detectionLog_50000.log /tmp/Tree234/output2_50000
[INFO -- 2018-12-03 22:16:38]
initSignal:0
[INFO -- 2018-12-03 22:16:38]
endSignal:5
[INFO -- 2018-12-03 22:16:38]
faultModel:1
[EXCEPTION -- 2018-12-03 22:16:39]
gdbException: Attempt to dereference a generic pointer.
[INFO -- 2018-12-03 22:16:39]
event type: exit
[INFO -- 2018-12-03 22:16:39]
exit code: 0
