[INFO -- 2018-10-17 20:40:47]
Starting flip_value script
version: 1.1
[INFO -- 2018-10-17 20:40:47]
Initialization strings:
[INFO -- 2018-10-17 20:40:47]
(1) file /tmp/Tree234/main
[INFO -- 2018-10-17 20:40:47]
(2) set args /tmp/Tree234/input_50000 /tmp/Tree234/output_50000
[INFO -- 2018-10-17 20:40:47]
initSignal:0
[INFO -- 2018-10-17 20:40:47]
endSignal:2
[INFO -- 2018-10-17 20:40:47]
faultModel:0
[INFO -- 2018-10-17 20:40:47]
Backtrace BEGIN:
#0  elf_machine_runtime_setup (profile=0, lazy=1, l=0x7ffff7fd94e8) at ../sysdeps/x86_64/dl-machine.h:92
#1  _dl_relocate_object (scope=0x7ffff7fd9840, reloc_mode=<optimized out>, consider_profiling=consider_profiling@entry=0) at dl-reloc.c:258
#2  0x00007ffff7ddb0db in dl_main (phdr=<optimized out>, phnum=<optimized out>, user_entry=<optimized out>, auxv=<optimized out>) at rtld.c:2109
#3  0x00007ffff7df0632 in _dl_sysdep_start (start_argptr=start_argptr@entry=0x7fffffffde70, dl_main=dl_main@entry=0x7ffff7dd91e0 <dl_main>) at ../elf/dl-sysdep.c:249
#4  0x00007ffff7dd8c2a in _dl_start_final (arg=0x7fffffffde70) at rtld.c:323
#5  _dl_start (arg=0x7fffffffde70) at rtld.c:429
#6  0x00007ffff7dd7c38 in _start () from /lib64/ld-linux-x86-64.so.2
#7  0x0000000000000003 in ?? ()
#8  0x00007fffffffe20c in ?? ()
#9  0x00007fffffffe21e in ?? ()
#10 0x00007fffffffe237 in ?? ()
#11 0x0000000000000000 in ?? ()

87	in ../sysdeps/x86_64/dl-machine.h

Backtrace END
Fliping value of field: dont_free
Memory content before bitflip:0x000x000x000x00
Fault Model: Single bit-flip
base address to flip value: 0x7ffff7ffe030 
address max offset: 4
Memory content after  bitflip:0x000x000x000x01
frame name: _dl_start
symbol name: _dl_rtld_libname
symbol filename: rtld.c
symbol line: 210
value: {name = 0x400238 "/lib64/ld-linux-x86-64.so.2", next = 0x7ffff7ffdfd0 <newname>, dont_free = 16777216}
value address: 0x7ffff7ffe020 <_dl_rtld_libname>
Type: The type is a structure.
Type sizeof: 24
Field name: name
Field Type: The type is a pointer.
Field Type sizeof: 8
Field name: next
Field Type: The type is a pointer.
Field Type sizeof: 8
Field name: dont_free
Field Type: The type is an integer type.
Field Type sizeof: 4

[INFO -- 2018-10-17 20:40:47]
Fault Injection Successful after 0.24764728546142578s
[INFO -- 2018-10-17 20:40:47]
event type: exit
[INFO -- 2018-10-17 20:40:47]
exit code: 0
