[INFO -- 2018-12-01 13:24:27]
Starting flip_value script
version: 1.1
[INFO -- 2018-12-01 13:24:27]
Initialization strings:
[INFO -- 2018-12-01 13:24:27]
(1) file /tmp/splay/main
[INFO -- 2018-12-01 13:24:27]
(2) set args /tmp/splay/input_100000 /tmp/splay/output_100000
[INFO -- 2018-12-01 13:24:27]
initSignal:0
[INFO -- 2018-12-01 13:24:27]
endSignal:5
[INFO -- 2018-12-01 13:24:27]
faultModel:1
[INFO -- 2018-12-01 13:24:27]
Backtrace BEGIN:
#0  Splay (key=3103024, root=0x5555556329f0) at splay.cpp:60
#1  0x0000555555557916 in Insert (key=3103024, root=0x555555658b90) at splay.cpp:145
#2  0x00005555555564bb in main (argc=3, argv=0x7fffffffdfb8) at main.cpp:31

55		 The zig/zag mode would only happen when cannot find key and will reach
56		 null on one side after RR or LL Rotation.
57		 */
58		while(1)
59		{
60			if(key < root->key)
61			{
62				if(!root->lchild)
63					break;
64				if(key < root->lchild->key)

Backtrace END
Memory content before bitflip:0x300x590x2f0x00
Fault Model: Double bit-flip
base address to flip value: 0x7fffffffdbcc
address max offset: 4
Memory content after  bitflip:0x300x590x2f0x18
frame name: Splay
symbol name: key
symbol filename: splay.cpp
symbol line: 43
value: 405756208
value address: 0x7fffffffdbcc
Type: The type is an integer type.
Type sizeof: 4

[INFO -- 2018-12-01 13:24:27]
Fault Injection Successful after 0.848637580871582s
[INFO -- 2018-12-01 13:24:28]
event type: exit
[INFO -- 2018-12-01 13:24:28]
exit code: 0
