[INFO -- 2018-12-09 18:16:04]
Starting flip_value script
version: 1.1
[INFO -- 2018-12-09 18:16:04]
Initialization strings:
[INFO -- 2018-12-09 18:16:04]
(1) file /tmp/Tree234/main
[INFO -- 2018-12-09 18:16:04]
(2) set args /tmp/Tree234/input_100000 /tmp/Tree234/output_100000 /tmp/Tree234/detectionLog_100000.log /tmp/Tree234/output2_100000
[INFO -- 2018-12-09 18:16:04]
initSignal:0
[INFO -- 2018-12-09 18:16:04]
endSignal:5
[INFO -- 2018-12-09 18:16:04]
faultModel:1
[INFO -- 2018-12-09 18:16:05]
Backtrace BEGIN:
#0  __GI___libc_free (mem=0x618ca0) at malloc.c:2968
#1  0x0000000000402e90 in std::basic_ostream<char, std::char_traits<char> >& std::operator<< <char, std::char_traits<char>, 16ul>(std::basic_ostream<char, std::char_traits<char> >&, std::bitset<16ul> const&) ()
#2  0x0000000000402563 in Arvore234::imprime(no*) ()
#3  0x00000000004025d0 in Arvore234::imprime(no*) ()
#4  0x00000000004025d0 in Arvore234::imprime(no*) ()
#5  0x00000000004025d0 in Arvore234::imprime(no*) ()
#6  0x00000000004025d0 in Arvore234::imprime(no*) ()
#7  0x00000000004025d0 in Arvore234::imprime(no*) ()
#8  0x00000000004025d0 in Arvore234::imprime(no*) ()
#9  0x00000000004025d0 in Arvore234::imprime(no*) ()
#10 0x00000000004025d0 in Arvore234::imprime(no*) ()
#11 0x00000000004025d0 in Arvore234::imprime(no*) ()
#12 0x00000000004025d0 in Arvore234::imprime(no*) ()
#13 0x00000000004025d0 in Arvore234::imprime(no*) ()
#14 0x00000000004025d0 in Arvore234::imprime(no*) ()
#15 0x0000000000402610 in Arvore234::imprime() ()
#16 0x0000000000402adc in main ()

2963	in malloc.c

Backtrace END
Memory content before bitflip:0x000x000x000x00
Fault Model: Double bit-flip
base address to flip value: 0x7ffff761e7cc 
address max offset: 4
Memory content after  bitflip:0x600x000x000x00
frame name: __GI___libc_free
symbol name: using_malloc_checking
symbol filename: hooks.c
symbol line: 53
value: 96
value address: 0x7ffff761e7cc <using_malloc_checking>
Type: The type is an integer type.
Type sizeof: 4

[INFO -- 2018-12-09 18:16:05]
Fault Injection Successful after 1.3492257595062256s
[INFO -- 2018-12-09 18:16:06]
event type: exit
[INFO -- 2018-12-09 18:16:06]
exit code: 0
