[INFO -- 2018-11-25 21:44:31]
Starting flip_value script
version: 1.1
[INFO -- 2018-11-25 21:44:31]
Initialization strings:
[INFO -- 2018-11-25 21:44:31]
(1) file /tmp/BTree-dup/main
[INFO -- 2018-11-25 21:44:31]
(2)  set args /tmp/BTree-dup/input_100000 /tmp/BTree-dup/output_100000 /tmp/BTree-dup-detection.log /tmp/BTree-dup/output2_100000
[INFO -- 2018-11-25 21:44:31]
initSignal:0
[INFO -- 2018-11-25 21:44:31]
endSignal:2
[INFO -- 2018-11-25 21:44:31]
faultModel:1
[INFO -- 2018-11-25 21:44:32]
Backtrace BEGIN:
#0  BTreeNode::insertNonFull (this=0x555555a779f0, k=964761) at BTree_dup.cpp:510
#1  0x0000555555556639 in BTreeNode::insertNonFull (this=0x555555aa9ca0, k=964761) at BTree_dup.cpp:535
#2  0x0000555555556639 in BTreeNode::insertNonFull (this=0x555555936ae0, k=964761) at BTree_dup.cpp:535
#3  0x0000555555556639 in BTreeNode::insertNonFull (this=0x5555557d04c0, k=964761) at BTree_dup.cpp:535
#4  0x0000555555556639 in BTreeNode::insertNonFull (this=0x5555557ec7e0, k=964761) at BTree_dup.cpp:535
#5  0x0000555555556639 in BTreeNode::insertNonFull (this=0x5555559cd2f0, k=964761) at BTree_dup.cpp:535
#6  0x0000555555556639 in BTreeNode::insertNonFull (this=0x555555af22d0, k=964761) at BTree_dup.cpp:535
#7  0x0000555555556639 in BTreeNode::insertNonFull (this=0x555555815c40, k=964761) at BTree_dup.cpp:535
#8  0x0000555555556639 in BTreeNode::insertNonFull (this=0x555555a2ab30, k=964761) at BTree_dup.cpp:535
#9  0x0000555555556478 in BTree::insert (this=0x7fffffffda50, k=964761) at BTree_dup.cpp:489
#10 0x0000555555556c25 in runner (input=0x7fffffffe22a "/tmp/BTree-dup/input_100000") at BTree_dup.cpp:664
#11 0x0000555555556f51 in main (argc=5, argv=0x7fffffffde68) at BTree_dup.cpp:711

505			// a) Finds the location of new key to be inserted
506			// b) Moves all greater keys to one place ahead
507			while (i >= 0 && keys[i] > k)
508			{
509				keys[i+1] = keys[i];
510				i--;
511			}
512	
513			// Insert the new key at found location
514			keys[i+1] = k;

Backtrace END
Memory content before bitflip:0x990xb80x0e0x00
Fault Model: Double bit-flip
base address to flip value: 0x7fffffffd964
address max offset: 4
Memory content after  bitflip:0x990xb80x0e0xc0
frame name: BTreeNode::insertNonFull
symbol name: k
symbol filename: BTree_dup.cpp
symbol line: 496
value: -1072777063
value address: 0x7fffffffd964
Type: The type is an integer type.
Type sizeof: 4

[INFO -- 2018-11-25 21:44:32]
Fault Injection Successful after 1.8275086879730225s
[INFO -- 2018-11-25 21:44:34]
event type: exit
[INFO -- 2018-11-25 21:44:34]
exit code: 0
