[INFO -- 2018-11-30 23:10:21]
Starting flip_value script
version: 1.1
[INFO -- 2018-11-30 23:10:21]
Initialization strings:
[INFO -- 2018-11-30 23:10:21]
(1) file /tmp/splay/main
[INFO -- 2018-11-30 23:10:21]
(2) set args /tmp/splay/input_100000 /tmp/splay/output_100000
[INFO -- 2018-11-30 23:10:21]
initSignal:0
[INFO -- 2018-11-30 23:10:21]
endSignal:5
[INFO -- 2018-11-30 23:10:21]
faultModel:0
[EXCEPTION -- 2018-11-30 23:10:21]
pythonException: Unable to exit loop in struct fields; Exiting wihtout making a bit flip
[EXCEPTION -- 2018-11-30 23:10:22]
pythonException: Unable to exit loop in struct fields; Exiting wihtout making a bit flip
[INFO -- 2018-11-30 23:10:22]
event type: exit
[INFO -- 2018-11-30 23:10:22]
exit code: 0
