[INFO -- 2018-10-12 01:25:55]
Starting flip_value script
version: 1.1
[INFO -- 2018-10-12 01:25:55]
Initialization strings:
[INFO -- 2018-10-12 01:25:55]
(1) file /tmp/BTree/main
[INFO -- 2018-10-12 01:25:55]
(2)  set args /tmp/BTree/input_100000 /tmp/BTree/output_100000
[INFO -- 2018-10-12 01:25:55]
initSignal:0
[INFO -- 2018-10-12 01:25:55]
endSignal:2
[INFO -- 2018-10-12 01:25:55]
faultModel:3
[EXCEPTION -- 2018-10-12 01:25:55]
pythonException: Unable to exit loop in struct fields; Exiting wihtout making a bit flip
[EXCEPTION -- 2018-10-12 01:25:55]
pythonException: Unable to exit loop in struct fields; Exiting wihtout making a bit flip
[INFO -- 2018-10-12 01:25:55]
Backtrace BEGIN:
#0  malloc (n=14) at dl-minimal.c:50
#1  <function called from gdb>
#2  malloc (n=14) at dl-minimal.c:50
#3  <function called from gdb>
#4  _int_malloc (av=av@entry=0x7ffff760fc40 <main_arena>, bytes=bytes@entry=32) at malloc.c:3721
#5  0x00007ffff72bb0fc in __GI___libc_malloc (bytes=32) at malloc.c:3057
#6  0x00007ffff7adf1a8 in operator new(unsigned long) () from /usr/lib/x86_64-linux-gnu/libstdc++.so.6
#7  0x00005555555560fc in BTreeNode::splitChild (this=0x55555587f990, i=4, y=0x55555587e4c0) at BTree.cpp:543
#8  0x000055555555608d in BTreeNode::insertNonFull (this=0x55555587f990, k=1492858) at BTree.cpp:525
#9  0x00005555555560d9 in BTreeNode::insertNonFull (this=0x5555558ddbf0, k=1492858) at BTree.cpp:533
#10 0x00005555555560d9 in BTreeNode::insertNonFull (this=0x5555558df1e0, k=1492858) at BTree.cpp:533
#11 0x00005555555560d9 in BTreeNode::insertNonFull (this=0x55555583f5e0, k=1492858) at BTree.cpp:533
#12 0x00005555555560d9 in BTreeNode::insertNonFull (this=0x555555966a50, k=1492858) at BTree.cpp:533
#13 0x00005555555560d9 in BTreeNode::insertNonFull (this=0x5555558eea80, k=1492858) at BTree.cpp:533
#14 0x00005555555560d9 in BTreeNode::insertNonFull (this=0x555555812430, k=1492858) at BTree.cpp:533
#15 0x0000555555555f18 in BTree::insert (this=0x7fffffffddc0, k=1492858) at BTree.cpp:487
#16 0x0000555555556601 in main (argc=3, argv=0x7fffffffded8) at BTree.cpp:665

45	in dl-minimal.c

Backtrace END
Memory content before bitflip:0x800x000x000x000x000x000x000x00
Fault Model: Zero bit-flip
base address to flip value: 0x7ffff7611940 
address max offset: 8
Memory content after  bitflip:0x000x000x000x000x000x000x000x00
frame name: _int_malloc
symbol name: global_max_fast
symbol filename: malloc.c
symbol line: 1630
value: 0
value address: 0x7ffff7611940 <global_max_fast>
Type: The type is an integer type.
Type sizeof: 8

[INFO -- 2018-10-12 01:25:55]
Fault Injection Successful after 0.6434392929077148s
[INFO -- 2018-10-12 01:25:55]
event type: exit
[INFO -- 2018-10-12 01:25:55]
exit code: 0
