[INFO -- 2018-12-01 03:47:09]
sending 5 signals using command: 'killall -2 main' after 1.78750270376s
[INFO -- 2018-12-01 03:47:09]
sending 5 signals using command: 'killall -2 main' after 2.07998104001s
[INFO -- 2018-12-01 03:47:11]
sending 5 signals using command: 'killall -2 main' after 3.8088624216s
[INFO -- 2018-12-01 03:47:11]
Starting GDB script
[INFO -- 2018-12-01 03:47:11]
initSignal:0.0
[INFO -- 2018-12-01 03:47:11]
endSignal:5.0
[INFO -- 2018-12-01 03:47:11]
sending 5 signals using command: 'killall -2 main' after 0.295084181384s
[INFO -- 2018-12-01 03:47:12]
sending 5 signals using command: 'killall -2 main' after 1.08689408423s
[INFO -- 2018-12-01 03:47:12]
sending 5 signals using command: 'killall -2 main' after 1.21904507299s
[INFO -- 2018-12-01 03:47:12]
Execution finished before waitTime
