[INFO -- 2018-10-12 09:34:03]
Starting flip_value script
version: 1.1
[INFO -- 2018-10-12 09:34:03]
Initialization strings:
[INFO -- 2018-10-12 09:34:03]
(1) file /tmp/BTree/main
[INFO -- 2018-10-12 09:34:03]
(2)  set args /tmp/BTree/input_100000 /tmp/BTree/output_100000
[INFO -- 2018-10-12 09:34:03]
initSignal:0
[INFO -- 2018-10-12 09:34:03]
endSignal:2
[INFO -- 2018-10-12 09:34:03]
faultModel:2
[EXCEPTION -- 2018-10-12 09:34:03]
gdbException: Tentativo de desreferenciar um ponteiro genérico.
[INFO -- 2018-10-12 09:34:03]
event type: exit
[INFO -- 2018-10-12 09:34:03]
exit code: 0
