[INFO -- 2018-11-25 15:57:21]
Starting flip_value script
version: 1.1
[INFO -- 2018-11-25 15:57:21]
Initialization strings:
[INFO -- 2018-11-25 15:57:21]
(1) file /tmp/BTree-dup/main
[INFO -- 2018-11-25 15:57:21]
(2)  set args /tmp/BTree-dup/input_100000 /tmp/BTree-dup/output_100000 /tmp/BTree-dup-detection.log /tmp/BTree-dup/output2_100000
[INFO -- 2018-11-25 15:57:21]
initSignal:0
[INFO -- 2018-11-25 15:57:21]
endSignal:2
[INFO -- 2018-11-25 15:57:21]
faultModel:4
[INFO -- 2018-11-25 15:57:22]
Backtrace BEGIN:
#0  malloc (n=14) at dl-minimal.c:50
#1  <function called from gdb>
#2  malloc (n=14) at dl-minimal.c:50
#3  <function called from gdb>
#4  malloc (n=14) at dl-minimal.c:50
#5  <function called from gdb>
#6  0x00007ffff72bb072 in __GI___libc_malloc (bytes=20) at malloc.c:3028
#7  0x00007ffff7adf1a8 in operator new(unsigned long) () from /usr/lib/x86_64-linux-gnu/libstdc++.so.6
#8  0x000055555555588c in BTreeNode::BTreeNode (this=0x555555b44dd0, t1=3, leaf1=true) at BTree_dup.cpp:164
#9  0x000055555555667b in BTreeNode::splitChild (this=0x555555878a90, i=2, y=0x55555579e4e0) at BTree_dup.cpp:545
#10 0x00005555555565ed in BTreeNode::insertNonFull (this=0x555555878a90, k=4870998) at BTree_dup.cpp:527
#11 0x0000555555556639 in BTreeNode::insertNonFull (this=0x5555558c4360, k=4870998) at BTree_dup.cpp:535
#12 0x0000555555556639 in BTreeNode::insertNonFull (this=0x555555956130, k=4870998) at BTree_dup.cpp:535
#13 0x0000555555556639 in BTreeNode::insertNonFull (this=0x5555559f8b50, k=4870998) at BTree_dup.cpp:535
#14 0x0000555555556639 in BTreeNode::insertNonFull (this=0x555555a7c8b0, k=4870998) at BTree_dup.cpp:535
#15 0x0000555555556639 in BTreeNode::insertNonFull (this=0x5555559d1310, k=4870998) at BTree_dup.cpp:535
#16 0x0000555555556639 in BTreeNode::insertNonFull (this=0x555555a2abc0, k=4870998) at BTree_dup.cpp:535
#17 0x0000555555556639 in BTreeNode::insertNonFull (this=0x555555a2ab30, k=4870998) at BTree_dup.cpp:535
#18 0x0000555555556478 in BTree::insert (this=0x7fffffffda50, k=4870998) at BTree_dup.cpp:489
#19 0x0000555555556c25 in runner (input=0x7fffffffe22a "/tmp/BTree-dup/input_100000") at BTree_dup.cpp:664
#20 0x0000555555556f51 in main (argc=5, argv=0x7fffffffde68) at BTree_dup.cpp:711

45	in dl-minimal.c

Backtrace END
Memory content before bitflip:0x430x5c0x010x00
Fault Model: LSB bit-flip
base address to flip value: 0x7fffffffda4c
address max offset: 4
Memory content after  bitflip:0x430x5c0x010x02
frame name: runner
symbol name: i
symbol filename: BTree_dup.cpp
symbol line: 663
value: 33643587
value address: 0x7fffffffda4c
Type: The type is an integer type.
Type sizeof: 4

[INFO -- 2018-11-25 15:57:22]
Fault Injection Successful after 1.9311511516571045s
[INFO -- 2018-11-25 15:57:25]
event type: exit
[INFO -- 2018-11-25 15:57:25]
exit code: 0
