[INFO -- 2018-12-09 17:19:48]
sending 5 signals using command: 'killall -2 main' after 3.15230015746s
[INFO -- 2018-12-09 17:19:49]
sending 5 signals using command: 'killall -2 main' after 4.06910132855s
[INFO -- 2018-12-09 17:19:50]
sending 5 signals using command: 'killall -2 main' after 4.62872437641s
[INFO -- 2018-12-09 17:19:50]
Starting GDB script
[INFO -- 2018-12-09 17:19:50]
initSignal:0.0
[INFO -- 2018-12-09 17:19:50]
endSignal:5.0
[INFO -- 2018-12-09 17:19:51]
sending 5 signals using command: 'killall -2 main' after 1.22886741156s
[INFO -- 2018-12-09 17:19:52]
sending 5 signals using command: 'killall -2 main' after 1.61936145078s
[INFO -- 2018-12-09 17:19:52]
sending 5 signals using command: 'killall -2 main' after 2.02992730499s
[INFO -- 2018-12-09 17:19:53]
Execution finished before waitTime
