[INFO -- 2018-10-12 09:25:29]
Starting flip_value script
version: 1.1
[INFO -- 2018-10-12 09:25:29]
Initialization strings:
[INFO -- 2018-10-12 09:25:29]
(1) file /tmp/BTree/main
[INFO -- 2018-10-12 09:25:29]
(2)  set args /tmp/BTree/input_100000 /tmp/BTree/output_100000
[INFO -- 2018-10-12 09:25:29]
initSignal:0
[INFO -- 2018-10-12 09:25:29]
endSignal:2
[INFO -- 2018-10-12 09:25:29]
faultModel:2
[EXCEPTION -- 2018-10-12 09:25:29]
pythonException: Unable to exit loop in struct fields; Exiting wihtout making a bit flip
[EXCEPTION -- 2018-10-12 09:25:29]
pythonException: Unable to exit loop in struct fields; Exiting wihtout making a bit flip
[INFO -- 2018-10-12 09:25:29]
Backtrace BEGIN:
#0  0x00007ffff7334154 in __GI___libc_write (fd=1, buf=0x55555588ac10, nbytes=17) at ../sysdeps/unix/sysv/linux/write.c:27
#1  0x00007ffff72af1bd in _IO_new_file_write (f=0x7ffff7610760 <_IO_2_1_stdout_>, data=0x55555588ac10, n=17) at fileops.c:1203
#2  0x00007ffff72b0f51 in new_do_write (to_do=17, data=0x55555588ac10 '0' <repete 16 vezes>, "\n", fp=0x7ffff7610760 <_IO_2_1_stdout_>) at fileops.c:457
#3  _IO_new_do_write (fp=0x7ffff7610760 <_IO_2_1_stdout_>, data=0x55555588ac10 '0' <repete 16 vezes>, "\n", to_do=17) at fileops.c:433
#4  0x00007ffff72ae788 in _IO_new_file_sync (fp=0x7ffff7610760 <_IO_2_1_stdout_>) at fileops.c:813
#5  0x00007ffff72a287d in __GI__IO_fflush (fp=0x7ffff7610760 <_IO_2_1_stdout_>) at iofflush.c:40
#6  0x00007ffff7b5ef5e in std::ostream::flush() () from /usr/lib/x86_64-linux-gnu/libstdc++.so.6
#7  0x00005555555563c7 in BTreeNode::traverse (this=0x55555583be30) at BTree.cpp:592
#8  0x00005555555563ff in BTreeNode::traverse (this=0x55555583bec0) at BTree.cpp:597
#9  0x00005555555563ff in BTreeNode::traverse (this=0x55555583bf50) at BTree.cpp:597
#10 0x0000555555556377 in BTreeNode::traverse (this=0x55555583c730) at BTree.cpp:591
#11 0x0000555555556377 in BTreeNode::traverse (this=0x55555583df60) at BTree.cpp:591
#12 0x00005555555563ff in BTreeNode::traverse (this=0x55555583dff0) at BTree.cpp:597
#13 0x0000555555556377 in BTreeNode::traverse (this=0x555555858420) at BTree.cpp:591
#14 0x0000555555556377 in BTreeNode::traverse (this=0x555555858540) at BTree.cpp:591
#15 0x00005555555563ff in BTreeNode::traverse (this=0x5555558584b0) at BTree.cpp:597
#16 0x0000555555556851 in BTree::traverse (this=0x7fffffffddc0) at BTree.cpp:137
#17 0x0000555555556630 in main (argc=3, argv=0x7fffffffded8) at BTree.cpp:668

22	in ../sysdeps/unix/sysv/linux/write.c

Backtrace END
Fliping value of field: t
Memory content before bitflip:0x030x000x000x00
Fault Model: Random bit-flip
base address to flip value: 0x7fffffffddc8
address max offset: 4
Memory content after  bitflip:0x0d0xc60xac0x35
frame name: main
symbol name: t
symbol filename: BTree.cpp
symbol line: 653
value: {root = 0x5555558584b0, t = 900515341}
value address: 0x7fffffffddc0
Type: The type is a structure.
Type sizeof: 16
Field name: root
Field Type: The type is a pointer.
Field Type sizeof: 8
Field name: t
Field Type: The type is an integer type.
Field Type sizeof: 4

[INFO -- 2018-10-12 09:25:29]
Fault Injection Successful after 0.6304950714111328s
[INFO -- 2018-10-12 09:25:29]
event type: exit
[INFO -- 2018-10-12 09:25:29]
exit code: 0
