[INFO -- 2018-12-01 10:33:14]
Starting flip_value script
version: 1.1
[INFO -- 2018-12-01 10:33:14]
Initialization strings:
[INFO -- 2018-12-01 10:33:14]
(1) file /tmp/splay/main
[INFO -- 2018-12-01 10:33:14]
(2) set args /tmp/splay/input_100000 /tmp/splay/output_100000
[INFO -- 2018-12-01 10:33:14]
initSignal:0
[INFO -- 2018-12-01 10:33:14]
endSignal:5
[INFO -- 2018-12-01 10:33:14]
faultModel:1
[INFO -- 2018-12-01 10:33:15]
Backtrace BEGIN:
#0  0x00005555555577e2 in Splay (key=4310426, root=0x5555556cac50) at splay.cpp:102
#1  0x0000555555557916 in Insert (key=4310426, root=0x5555557a0170) at splay.cpp:145
#2  0x00005555555564bb in main (argc=3, argv=0x7fffffffdfb8) at main.cpp:31

97			}
98			else
99				break;
100		}
101		/* assemble L Tree, Middle Tree and R tree together */
102		LeftTreeMax->rchild = root->lchild;
103		RightTreeMin->lchild = root->rchild;
104		root->lchild = header.rchild;
105		root->rchild = header.lchild;
106		

Backtrace END
Memory content before bitflip:0x9a0xc50x410x00
Fault Model: Double bit-flip
base address to flip value: 0x7fffffffdbcc
address max offset: 4
Memory content after  bitflip:0x9a0xc50x110x00
frame name: Splay
symbol name: key
symbol filename: splay.cpp
symbol line: 43
value: 1164698
value address: 0x7fffffffdbcc
Type: The type is an integer type.
Type sizeof: 4

[INFO -- 2018-12-01 10:33:15]
Fault Injection Successful after 1.0419039726257324s
[INFO -- 2018-12-01 10:33:15]
event type: exit
[INFO -- 2018-12-01 10:33:15]
exit code: 0
