[INFO -- 2018-10-17 20:59:06]
sending 5 signals using command: 'killall -2 main' after 1.12493593483s
[INFO -- 2018-10-17 20:59:06]
sending 5 signals using command: 'killall -2 main' after 1.58988761176s
[INFO -- 2018-10-17 20:59:06]
sending 5 signals using command: 'killall -2 main' after 1.94454668614s
[INFO -- 2018-10-17 20:59:07]
Starting GDB script
[INFO -- 2018-10-17 20:59:07]
initSignal:0.0
[INFO -- 2018-10-17 20:59:07]
endSignal:2.0
[INFO -- 2018-10-17 20:59:07]
sending 5 signals using command: 'killall -2 main' after 0.207427026647s
[INFO -- 2018-10-17 20:59:07]
sending 5 signals using command: 'killall -2 main' after 0.58665441815s
[INFO -- 2018-10-17 20:59:08]
sending 5 signals using command: 'killall -2 main' after 0.933673952038s
[INFO -- 2018-10-17 20:59:08]
Execution finished before waitTime
