[INFO -- 2018-12-01 02:53:29]
Starting flip_value script
version: 1.1
[INFO -- 2018-12-01 02:53:29]
Initialization strings:
[INFO -- 2018-12-01 02:53:29]
(1) file /tmp/splay/main
[INFO -- 2018-12-01 02:53:29]
(2) set args /tmp/splay/input_100000 /tmp/splay/output_100000
[INFO -- 2018-12-01 02:53:29]
initSignal:0
[INFO -- 2018-12-01 02:53:29]
endSignal:5
[INFO -- 2018-12-01 02:53:29]
faultModel:0
[INFO -- 2018-12-01 02:53:29]
Backtrace BEGIN:
#0  0x00007ffff7f1ca90 in __gnu_cxx::stdio_sync_filebuf<char, std::char_traits<char> >::overflow(int) () from /usr/lib/x86_64-linux-gnu/libstdc++.so.6
#1  0x00007ffff7f42a5a in std::ostream::put(char) () from /usr/lib/x86_64-linux-gnu/libstdc++.so.6
#2  0x00007ffff7f42c5f in std::basic_ostream<char, std::char_traits<char> >& std::endl<char, std::char_traits<char> >(std::basic_ostream<char, std::char_traits<char> >&) () from /usr/lib/x86_64-linux-gnu/libstdc++.so.6
#3  0x0000555555557afd in InOrder (root=0x5555556b33f0) at splay.cpp:253
#4  0x0000555555557abd in InOrder (root=0x5555557223b0) at splay.cpp:252
#5  0x0000555555557b0d in InOrder (root=0x55555575aa70) at splay.cpp:254
#6  0x0000555555557b0d in InOrder (root=0x555555866270) at splay.cpp:254
#7  0x0000555555557b0d in InOrder (root=0x5555556b0f50) at splay.cpp:254
#8  0x0000555555557b0d in InOrder (root=0x5555558700b0) at splay.cpp:254
#9  0x0000555555557abd in InOrder (root=0x555555873350) at splay.cpp:252
#10 0x0000555555557abd in InOrder (root=0x555555635410) at splay.cpp:252
#11 0x0000555555557b0d in InOrder (root=0x5555558722b0) at splay.cpp:254
#12 0x0000555555557abd in InOrder (root=0x555555772d30) at splay.cpp:252
#13 0x0000555555557abd in InOrder (root=0x555555686990) at splay.cpp:252
#14 0x0000555555557abd in InOrder (root=0x5555556251b0) at splay.cpp:252
#15 0x0000555555557abd in InOrder (root=0x55555570f5f0) at splay.cpp:252
#16 0x0000555555557abd in InOrder (root=0x555555651630) at splay.cpp:252
#17 0x0000555555557b0d in InOrder (root=0x55555587d470) at splay.cpp:254
#18 0x0000555555557abd in InOrder (root=0x55555587d530) at splay.cpp:252
#19 0x0000555555557b0d in InOrder (root=0x5555555cec10) at splay.cpp:254
#20 0x0000555555557abd in InOrder (root=0x5555556f88b0) at splay.cpp:252
#21 0x0000555555557b0d in InOrder (root=0x55555574fdf0) at splay.cpp:254
#22 0x0000555555557abd in InOrder (root=0x555555683210) at splay.cpp:252
#23 0x0000555555557abd in InOrder (root=0x55555587dc90) at splay.cpp:252
#24 0x0000555555557abd in InOrder (root=0x555555696ef0) at splay.cpp:252
#25 0x0000555555557abd in InOrder (root=0x55555587dcd0) at splay.cpp:252
#26 0x00005555555564fe in main (argc=3, argv=0x7fffffffdfb8) at main.cpp:35

1	#include "splay.h"
2	#include <iostream>
3	
4	#include <algorithm>    // std::random_shuffle
5	#include <vector>       // std::vector
6	#include <cstdlib>      // std::rand, std::srand
7	#include <cstdio>
8	
9	#include <iterator>
10	#include <fstream>

Backtrace END
Fliping a bit of the value pointed by a pointer
Fliping value of field: lchild
Fliping a bit of the value pointed by a pointer
Fliping value of field: key
Memory content before bitflip:0x010xb50x0b0x00
Fault Model: Single bit-flip
base address to flip value: 0x5555556251b0
address max offset: 4
Memory content after  bitflip:0x110xb50x0b0x00
frame name: InOrder
symbol name: root
symbol filename: splay.cpp
symbol line: 248
value: 0x55555570f5f0
value address: 0x7fffffffda28
Type: The type is a pointer.
Type sizeof: 8

[INFO -- 2018-12-01 02:53:29]
Fault Injection Successful after 0.9228179454803467s
[INFO -- 2018-12-01 02:53:30]
event type: exit
[INFO -- 2018-12-01 02:53:30]
exit code: 0
