[INFO -- 2018-12-01 08:10:43]
sending 5 signals using command: 'killall -2 main' after 2.55510380031s
[INFO -- 2018-12-01 08:10:43]
sending 5 signals using command: 'killall -2 main' after 2.66635283292s
[INFO -- 2018-12-01 08:10:45]
sending 5 signals using command: 'killall -2 main' after 4.5707572345s
[INFO -- 2018-12-01 08:10:45]
Starting GDB script
[INFO -- 2018-12-01 08:10:45]
initSignal:0.0
[INFO -- 2018-12-01 08:10:45]
endSignal:5.0
[INFO -- 2018-12-01 08:10:46]
sending 5 signals using command: 'killall -2 main' after 0.984316117528s
[INFO -- 2018-12-01 08:10:46]
sending 5 signals using command: 'killall -2 main' after 1.01315115138s
[INFO -- 2018-12-01 08:10:46]
sending 5 signals using command: 'killall -2 main' after 1.31340615618s
[INFO -- 2018-12-01 08:10:46]
Execution finished before waitTime
