[INFO -- 2018-10-12 00:14:50]
Starting flip_value script
version: 1.1
[INFO -- 2018-10-12 00:14:50]
Initialization strings:
[INFO -- 2018-10-12 00:14:50]
(1) file /tmp/BTree/main
[INFO -- 2018-10-12 00:14:50]
(2)  set args /tmp/BTree/input_100000 /tmp/BTree/output_100000
[INFO -- 2018-10-12 00:14:50]
initSignal:0
[INFO -- 2018-10-12 00:14:50]
endSignal:2
[INFO -- 2018-10-12 00:14:50]
faultModel:3
[EXCEPTION -- 2018-10-12 00:14:51]
pythonException: Unable to exit loop in struct fields; Exiting wihtout making a bit flip
[EXCEPTION -- 2018-10-12 00:14:51]
pythonException: Unable to exit loop in struct fields; Exiting wihtout making a bit flip
[INFO -- 2018-10-12 00:14:51]
Backtrace BEGIN:
#0  _IO_new_file_write (f=0x7ffff7610760 <_IO_2_1_stdout_>, data=0x555555bb83c0, n=17) at fileops.c:1204
#1  0x00007ffff72b0f51 in new_do_write (to_do=17, data=0x555555bb83c0 "0000110110000000\n", fp=0x7ffff7610760 <_IO_2_1_stdout_>) at fileops.c:457
#2  _IO_new_do_write (fp=0x7ffff7610760 <_IO_2_1_stdout_>, data=0x555555bb83c0 "0000110110000000\n", to_do=17) at fileops.c:433
#3  0x00007ffff72ae788 in _IO_new_file_sync (fp=0x7ffff7610760 <_IO_2_1_stdout_>) at fileops.c:813
#4  0x00007ffff72a287d in __GI__IO_fflush (fp=0x7ffff7610760 <_IO_2_1_stdout_>) at iofflush.c:40
#5  0x00007ffff7b5ef5e in std::ostream::flush() () from /usr/lib/x86_64-linux-gnu/libstdc++.so.6
#6  0x00005555555563c7 in BTreeNode::traverse (this=0x555555816cc0) at BTree.cpp:592
#7  0x0000555555556377 in BTreeNode::traverse (this=0x55555587fcf0) at BTree.cpp:591
#8  0x00005555555563ff in BTreeNode::traverse (this=0x55555581de60) at BTree.cpp:597
#9  0x0000555555556377 in BTreeNode::traverse (this=0x55555598ca60) at BTree.cpp:591
#10 0x0000555555556377 in BTreeNode::traverse (this=0x5555557e0f00) at BTree.cpp:591
#11 0x00005555555563ff in BTreeNode::traverse (this=0x55555595e470) at BTree.cpp:597
#12 0x0000555555556377 in BTreeNode::traverse (this=0x555555a27290) at BTree.cpp:591
#13 0x0000555555556377 in BTreeNode::traverse (this=0x555555a273b0) at BTree.cpp:591
#14 0x00005555555563ff in BTreeNode::traverse (this=0x555555a27320) at BTree.cpp:597
#15 0x0000555555556851 in BTree::traverse (this=0x7fffffffddc0) at BTree.cpp:137
#16 0x0000555555556630 in main (argc=3, argv=0x7fffffffded8) at BTree.cpp:668

1199	in fileops.c

Backtrace END
Fliping a bit of the pointer
Memory content before bitflip:0xd80xde0xff0xff0xff0x7f0x000x00
Fault Model: Zero bit-flip
base address to flip value: 0x7fffffffdda0
address max offset: 8
Memory content after  bitflip:0x000x000x000x000x000x000x000x00
frame name: main
symbol name: argv
symbol filename: BTree.cpp
symbol line: 650
value: 0x7fffffffded8
value address: 0x7fffffffdda0
Type: The type is a pointer.
Type sizeof: 8

[INFO -- 2018-10-12 00:14:51]
Fault Injection Successful after 1.1770148277282715s
[INFO -- 2018-10-12 00:14:51]
event type: exit
[INFO -- 2018-10-12 00:14:51]
exit code: 0
