[INFO -- 2018-12-01 11:34:30]
Starting flip_value script
version: 1.1
[INFO -- 2018-12-01 11:34:30]
Initialization strings:
[INFO -- 2018-12-01 11:34:30]
(1) file /tmp/splay/main
[INFO -- 2018-12-01 11:34:30]
(2) set args /tmp/splay/input_100000 /tmp/splay/output_100000
[INFO -- 2018-12-01 11:34:30]
initSignal:0
[INFO -- 2018-12-01 11:34:30]
endSignal:5
[INFO -- 2018-12-01 11:34:30]
faultModel:0
[INFO -- 2018-12-01 11:34:30]
Backtrace BEGIN:
#0  0x00005555555570b8 in __gnu_cxx::new_allocator<int>::construct<int, int const&> (this=0x7fffffffdc90, __p=0x7ffff7a66000, __args#0=@0x7fffffffdb88: 3141431) at /usr/include/c++/8/ext/new_allocator.h:136
#1  0x0000555555556d6a in std::allocator_traits<std::allocator<int> >::construct<int, int const&> (__a=..., __p=0x7ffff7a66000, __args#0=@0x7fffffffdb88: 3141431) at /usr/include/c++/8/bits/alloc_traits.h:475
#2  0x0000555555556c2e in std::vector<int, std::allocator<int> >::emplace_back<int const&> (this=0x7fffffffdc90, __args#0=@0x7fffffffdb88: 3141431) at /usr/include/c++/8/bits/vector.tcc:103
#3  0x0000555555556ac0 in std::vector<int, std::allocator<int> >::_M_range_initialize<std::istream_iterator<int, char, std::char_traits<char>, long> > (this=0x7fffffffdc90, __first=..., __last=...) at /usr/include/c++/8/bits/stl_vector.h:1449
#4  0x00005555555569a6 in std::vector<int, std::allocator<int> >::_M_initialize_dispatch<std::istream_iterator<int, char, std::char_traits<char>, long> > (this=0x7fffffffdc90, __first=..., __last=...) at /usr/include/c++/8/bits/stl_vector.h:1437
#5  0x0000555555556728 in std::vector<int, std::allocator<int> >::vector<std::istream_iterator<int, char, std::char_traits<char>, long>, void> (this=0x7fffffffdc90, __first=..., __last=..., __a=...) at /usr/include/c++/8/bits/stl_vector.h:546
#6  0x0000555555556452 in main (argc=3, argv=0x7fffffffdfb8) at main.cpp:27

131	
132	#if __cplusplus >= 201103L
133	      template<typename _Up, typename... _Args>
134		void
135		construct(_Up* __p, _Args&&... __args)
136		{ ::new((void *)__p) _Up(std::forward<_Args>(__args)...); }
137	
138	      template<typename _Up>
139		void
140		destroy(_Up* __p) { __p->~_Up(); }

Backtrace END
Fliping value of field: _M_value
Memory content before bitflip:0x000x000x000x00
Fault Model: Single bit-flip
base address to flip value: 0x7fffffffdbf8
address max offset: 4
Memory content after  bitflip:0x000x080x000x00
frame name: std::vector<int, std::allocator<int> >::_M_initialize_dispatch<std::istream_iterator<int, char, std::char_traits<char>, long> >
symbol name: __last
symbol filename: /usr/include/c++/8/bits/stl_vector.h
symbol line: 1432
value: {<std::iterator<std::input_iterator_tag, int, long, int const*, int const&>> = {<No data fields>}, _M_stream = 0x0, _M_value = 2048, _M_ok = false}
value address: 0x7fffffffdbf0
Type: The type is a structure.
Type sizeof: 16
Field name: std::iterator<std::input_iterator_tag, int, long, int const*, int const&>
Field Type: The type is a structure.
Field Type sizeof: 1
Field name: _M_stream
Field Type: The type is a pointer.
Field Type sizeof: 8
Field name: _M_value
Field Type: The type is an integer type.
Field Type sizeof: 4
Field name: _M_ok
Field Type: A boolean type.
Field Type sizeof: 1

[INFO -- 2018-12-01 11:34:30]
Fault Injection Successful after 0.7811212539672852s
[INFO -- 2018-12-01 11:34:31]
event type: exit
[INFO -- 2018-12-01 11:34:31]
exit code: 0
