[INFO -- 2018-10-16 21:21:56]
Starting flip_value script
version: 1.1
[INFO -- 2018-10-16 21:21:56]
Initialization strings:
[INFO -- 2018-10-16 21:21:56]
(1) file /tmp/RBTree/main
[INFO -- 2018-10-16 21:21:56]
(2) set args  /tmp/RBTree/input_ /tmp/RBTree/output_
[INFO -- 2018-10-16 21:21:56]
initSignal:0
[INFO -- 2018-10-16 21:21:56]
endSignal:2
[INFO -- 2018-10-16 21:21:56]
faultModel:4
[EXCEPTION -- 2018-10-16 21:21:56]
pythonException: Unable to exit loop in struct fields; Exiting wihtout making a bit flip
[INFO -- 2018-10-16 21:21:56]
Backtrace BEGIN:
#0  RBTree::insertBST (this=0x7fffffffdc00, root=@0x55555576fc40: 0x555555772240, ptr=@0x7fffffffdb60: 0x5555557c5010) at RBTree.cpp:44
#1  0x0000555555556981 in RBTree::insertBST (this=0x7fffffffdc00, root=@0x555555770178: 0x55555576fc30, ptr=@0x7fffffffdb60: 0x5555557c5010) at RBTree.cpp:47
#2  0x000055555555692a in RBTree::insertBST (this=0x7fffffffdc00, root=@0x55555576fa58: 0x555555770170, ptr=@0x7fffffffdb60: 0x5555557c5010) at RBTree.cpp:44
#3  0x000055555555692a in RBTree::insertBST (this=0x7fffffffdc00, root=@0x7fffffffdc00: 0x55555576fa50, ptr=@0x7fffffffdb60: 0x5555557c5010) at RBTree.cpp:44
#4  0x00005555555569fe in RBTree::insertValue (this=0x7fffffffdc00, n=-16008) at RBTree.cpp:56
#5  0x0000555555555610 in main (argc=3, argv=0x7fffffffdf38) at main.cpp:54

39	Node* RBTree::insertBST(Node *&root, Node *&ptr) {
40	    if (root == NULL)
41	        return ptr;
42	
43	    if (ptr->data < root->data) {
44	        root->left = insertBST(root->left, ptr);
45	        root->left->parent = root;
46	    } else if (ptr->data > root->data) {
47	        root->right = insertBST(root->right, ptr);
48	        root->right->parent = root;

Backtrace END
Memory content before bitflip:0x030x000x000x00
Fault Model: LSB bit-flip
base address to flip value: 0x7fffffffdbac
address max offset: 4
Memory content after  bitflip:0x030x000x000x10
frame name: main
symbol name: argc
symbol filename: main.cpp
symbol line: 23
value: 268435459
value address: 0x7fffffffdbac
Type: The type is an integer type.
Type sizeof: 4

[INFO -- 2018-10-16 21:21:56]
Fault Injection Successful after 0.32582879066467285s
[INFO -- 2018-10-16 21:21:56]
event type: exit
[INFO -- 2018-10-16 21:21:56]
exit code: 0
