[INFO -- 2018-10-17 00:29:32]
sending 5 signals using command: 'killall -2 main' after 1.22423019645s
[INFO -- 2018-10-17 00:29:32]
sending 5 signals using command: 'killall -2 main' after 1.57502519258s
[INFO -- 2018-10-17 00:29:33]
sending 5 signals using command: 'killall -2 main' after 1.94775043113s
[INFO -- 2018-10-17 00:29:33]
Starting GDB script
[INFO -- 2018-10-17 00:29:33]
initSignal:0.0
[INFO -- 2018-10-17 00:29:33]
endSignal:2.0
[INFO -- 2018-10-17 00:29:33]
sending 5 signals using command: 'killall -2 main' after 0.0401834433679s
[INFO -- 2018-10-17 00:29:33]
sending 5 signals using command: 'killall -2 main' after 0.0892440873177s
[INFO -- 2018-10-17 00:29:34]
sending 5 signals using command: 'killall -2 main' after 0.65265267012s
[INFO -- 2018-10-17 00:29:34]
Execution finished before waitTime
