[INFO -- 2018-11-30 22:04:07]
sending 5 signals using command: 'killall -2 main' after 2.09600519889s
[INFO -- 2018-11-30 22:04:09]
sending 5 signals using command: 'killall -2 main' after 4.26160269373s
[INFO -- 2018-11-30 22:04:10]
sending 5 signals using command: 'killall -2 main' after 4.54378826773s
[INFO -- 2018-11-30 22:04:10]
Starting GDB script
[INFO -- 2018-11-30 22:04:10]
initSignal:0.0
[INFO -- 2018-11-30 22:04:10]
endSignal:5.0
[INFO -- 2018-11-30 22:04:10]
sending 5 signals using command: 'killall -2 main' after 0.102133973643s
[INFO -- 2018-11-30 22:04:11]
sending 5 signals using command: 'killall -2 main' after 0.883983273211s
[INFO -- 2018-11-30 22:04:11]
sending 5 signals using command: 'killall -2 main' after 0.9902253563s
[INFO -- 2018-11-30 22:04:11]
Execution finished before waitTime
