[INFO -- 2018-11-26 00:08:27]
Starting flip_value script
version: 1.1
[INFO -- 2018-11-26 00:08:27]
Initialization strings:
[INFO -- 2018-11-26 00:08:27]
(1) file /tmp/BTree-dup/main
[INFO -- 2018-11-26 00:08:27]
(2)  set args /tmp/BTree-dup/input_100000 /tmp/BTree-dup/output_100000 /tmp/BTree-dup-detection.log /tmp/BTree-dup/output2_100000
[INFO -- 2018-11-26 00:08:27]
initSignal:0
[INFO -- 2018-11-26 00:08:27]
endSignal:2
[INFO -- 2018-11-26 00:08:27]
faultModel:3
[INFO -- 2018-11-26 00:08:29]
Backtrace BEGIN:
#0  0x00005555555565ad in BTreeNode::insertNonFull (this=0x555555c342c0, k=2375594) at BTree_dup.cpp:524
#1  0x0000555555556639 in BTreeNode::insertNonFull (this=0x555555c343e0, k=2375594) at BTree_dup.cpp:535
#2  0x0000555555556639 in BTreeNode::insertNonFull (this=0x555555cde930, k=2375594) at BTree_dup.cpp:535
#3  0x0000555555556639 in BTreeNode::insertNonFull (this=0x555555ce1fc0, k=2375594) at BTree_dup.cpp:535
#4  0x0000555555556639 in BTreeNode::insertNonFull (this=0x555555ce1f30, k=2375594) at BTree_dup.cpp:535
#5  0x0000555555556639 in BTreeNode::insertNonFull (this=0x555555ef6e20, k=2375594) at BTree_dup.cpp:535
#6  0x0000555555556478 in BTree::insert (this=0x7fffffffda50, k=2375594) at BTree_dup.cpp:489
#7  0x0000555555556c25 in runner (input=0x7fffffffe22a "/tmp/BTree-dup/input_100000") at BTree_dup.cpp:664
#8  0x0000555555556f7a in main (argc=5, argv=0x7fffffffde68) at BTree_dup.cpp:712

519			// Find the child which is going to have the new key
520			while (i >= 0 && keys[i] > k)
521				i--;
522	
523			// See if the found child is full
524			if (C[i+1]->n == 2*t-1)
525			{
526				// If the child is full, then split it
527				splitChild(i+1, C[i+1]);
528	

Backtrace END
Memory content before bitflip:0xaa0x3f0x240x00
Fault Model: Zero bit-flip
base address to flip value: 0x7fffffffd9f4
address max offset: 4
Memory content after  bitflip:0x000x000x000x00
frame name: BTree::insert
symbol name: k
symbol filename: BTree_dup.cpp
symbol line: 454
value: 0
value address: 0x7fffffffd9f4
Type: The type is an integer type.
Type sizeof: 4

[INFO -- 2018-11-26 00:08:29]
Fault Injection Successful after 2.0790605545043945s
[INFO -- 2018-11-26 00:08:30]
event type: exit
[INFO -- 2018-11-26 00:08:30]
exit code: 0
