[INFO -- 2018-10-12 03:17:14]
Starting flip_value script
version: 1.1
[INFO -- 2018-10-12 03:17:14]
Initialization strings:
[INFO -- 2018-10-12 03:17:14]
(1) file /tmp/BTree/main
[INFO -- 2018-10-12 03:17:14]
(2)  set args /tmp/BTree/input_100000 /tmp/BTree/output_100000
[INFO -- 2018-10-12 03:17:14]
initSignal:0
[INFO -- 2018-10-12 03:17:14]
endSignal:2
[INFO -- 2018-10-12 03:17:14]
faultModel:0
[EXCEPTION -- 2018-10-12 03:17:14]
gdbException: Tentativo de desreferenciar um ponteiro genérico.
[INFO -- 2018-10-12 03:17:14]
event type: exit
[INFO -- 2018-10-12 03:17:14]
exit code: 0
