[INFO -- 2018-12-09 17:11:34]
Starting flip_value script
version: 1.1
[INFO -- 2018-12-09 17:11:34]
Initialization strings:
[INFO -- 2018-12-09 17:11:34]
(1) file /tmp/Tree234/main
[INFO -- 2018-12-09 17:11:34]
(2) set args /tmp/Tree234/input_100000 /tmp/Tree234/output_100000 /tmp/Tree234/detectionLog_100000.log /tmp/Tree234/output2_100000
[INFO -- 2018-12-09 17:11:34]
initSignal:0
[INFO -- 2018-12-09 17:11:34]
endSignal:5
[INFO -- 2018-12-09 17:11:34]
faultModel:3
[EXCEPTION -- 2018-12-09 17:11:35]
gdbException: Attempt to dereference a generic pointer.
[EXCEPTION -- 2018-12-09 17:11:35]
gdbException: Attempt to dereference a generic pointer.
[INFO -- 2018-12-09 17:11:36]
event type: exit
[INFO -- 2018-12-09 17:11:36]
exit code: 0
