[INFO -- 2018-12-01 13:34:49]
Starting flip_value script
version: 1.1
[INFO -- 2018-12-01 13:34:49]
Initialization strings:
[INFO -- 2018-12-01 13:34:49]
(1) file /tmp/splay/main
[INFO -- 2018-12-01 13:34:49]
(2) set args /tmp/splay/input_100000 /tmp/splay/output_100000
[INFO -- 2018-12-01 13:34:49]
initSignal:0
[INFO -- 2018-12-01 13:34:49]
endSignal:5
[INFO -- 2018-12-01 13:34:49]
faultModel:3
[INFO -- 2018-12-01 13:34:50]
Backtrace BEGIN:
#0  __memmove_avx_unaligned_erms () at ../sysdeps/x86_64/multiarch/memmove-vec-unaligned-erms.S:498
#1  0x0000555555557676 in std::__copy_move<true, true, std::random_access_iterator_tag>::__copy_m<int> (__first=0x7ffff7a38010, __last=0x7ffff7a78010, __result=0x7ffff79b7010) at /usr/include/c++/8/bits/stl_algobase.h:368
#2  0x000055555555762a in std::__copy_move_a<true, int*, int*> (__first=0x7ffff7a38010, __last=0x7ffff7a78010, __result=0x7ffff79b7010) at /usr/include/c++/8/bits/stl_algobase.h:386
#3  0x00005555555575c4 in std::__copy_move_a2<true, int*, int*> (__first=0x7ffff7a38010, __last=0x7ffff7a78010, __result=0x7ffff79b7010) at /usr/include/c++/8/bits/stl_algobase.h:422
#4  0x000055555555754c in std::copy<std::move_iterator<int*>, int*> (__first=..., __last=..., __result=0x7ffff79b7010) at /usr/include/c++/8/bits/stl_algobase.h:455
#5  0x0000555555557505 in std::__uninitialized_copy<true>::__uninit_copy<std::move_iterator<int*>, int*> (__first=..., __last=..., __result=0x7ffff79b7010) at /usr/include/c++/8/bits/stl_uninitialized.h:101
#6  0x00005555555574c3 in std::uninitialized_copy<std::move_iterator<int*>, int*> (__first=..., __last=..., __result=0x7ffff79b7010) at /usr/include/c++/8/bits/stl_uninitialized.h:134
#7  0x00005555555573fe in std::__uninitialized_copy_a<std::move_iterator<int*>, int*, int> (__first=..., __last=..., __result=0x7ffff79b7010) at /usr/include/c++/8/bits/stl_uninitialized.h:289
#8  0x00005555555572e3 in std::__uninitialized_move_if_noexcept_a<int*, int*, std::allocator<int> > (__first=0x7ffff7a38010, __last=0x7ffff7a78010, __result=0x7ffff79b7010, __alloc=...) at /usr/include/c++/8/bits/stl_uninitialized.h:311
#9  0x0000555555556ec5 in std::vector<int, std::allocator<int> >::_M_realloc_insert<int const&> (this=0x7fffffffdc90, __position=0, __args#0=@0x7fffffffdb88: 2887062) at /usr/include/c++/8/bits/vector.tcc:447
#10 0x0000555555556c74 in std::vector<int, std::allocator<int> >::emplace_back<int const&> (this=0x7fffffffdc90, __args#0=@0x7fffffffdb88: 2887062) at /usr/include/c++/8/bits/vector.tcc:109
#11 0x0000555555556ac0 in std::vector<int, std::allocator<int> >::_M_range_initialize<std::istream_iterator<int, char, std::char_traits<char>, long> > (this=0x7fffffffdc90, __first=..., __last=...) at /usr/include/c++/8/bits/stl_vector.h:1449
#12 0x00005555555569a6 in std::vector<int, std::allocator<int> >::_M_initialize_dispatch<std::istream_iterator<int, char, std::char_traits<char>, long> > (this=0x7fffffffdc90, __first=..., __last=...) at /usr/include/c++/8/bits/stl_vector.h:1437
#13 0x0000555555556728 in std::vector<int, std::allocator<int> >::vector<std::istream_iterator<int, char, std::char_traits<char>, long>, void> (this=0x7fffffffdc90, __first=..., __last=..., __a=...) at /usr/include/c++/8/bits/stl_vector.h:546
#14 0x0000555555556452 in main (argc=3, argv=0x7fffffffdfb8) at main.cpp:27

493	in ../sysdeps/x86_64/multiarch/memmove-vec-unaligned-erms.S

Backtrace END
Fliping a bit of the value pointed by a pointer
Memory content before bitflip:0x000x000x000x00
Fault Model: Zero bit-flip
base address to flip value: 0x7ffff79b7010
address max offset: 4
Memory content after  bitflip:0x000x000x000x00
frame name: std::__copy_move_a2<true, int*, int*>
symbol name: __result
symbol filename: /usr/include/c++/8/bits/stl_algobase.h
symbol line: 420
value: 0x7ffff79b7010
value address: 0x7fffffffd918
Type: The type is a pointer.
Type sizeof: 8

[INFO -- 2018-12-01 13:34:50]
Fault Injection Successful after 1.1454532146453857s
[INFO -- 2018-12-01 13:34:50]
event type: exit
[INFO -- 2018-12-01 13:34:50]
exit code: 0
