[INFO -- 2018-12-09 15:18:58]
sending 5 signals using command: 'killall -2 main' after 4.92659823438s
[INFO -- 2018-12-09 15:18:58]
sending 5 signals using command: 'killall -2 main' after 4.96420077157s
[INFO -- 2018-12-09 15:18:58]
sending 5 signals using command: 'killall -2 main' after 4.99161272005s
[INFO -- 2018-12-09 15:18:58]
Starting GDB script
[INFO -- 2018-12-09 15:18:58]
initSignal:0.0
[INFO -- 2018-12-09 15:18:58]
endSignal:5.0
[INFO -- 2018-12-09 15:18:58]
sending 5 signals using command: 'killall -2 main' after 0.106124557988s
[INFO -- 2018-12-09 15:18:59]
sending 5 signals using command: 'killall -2 main' after 1.19876532895s
[INFO -- 2018-12-09 15:19:00]
sending 5 signals using command: 'killall -2 main' after 2.10459296289s
[INFO -- 2018-12-09 15:19:01]
Execution finished before waitTime
