[INFO -- 2018-12-01 06:48:16]
Starting flip_value script
version: 1.1
[INFO -- 2018-12-01 06:48:16]
Initialization strings:
[INFO -- 2018-12-01 06:48:16]
(1) file /tmp/splay/main
[INFO -- 2018-12-01 06:48:16]
(2) set args /tmp/splay/input_100000 /tmp/splay/output_100000
[INFO -- 2018-12-01 06:48:16]
initSignal:0
[INFO -- 2018-12-01 06:48:16]
endSignal:5
[INFO -- 2018-12-01 06:48:16]
faultModel:3
[EXCEPTION -- 2018-12-01 06:48:16]
gdbException: Attempt to dereference a generic pointer.
[INFO -- 2018-12-01 06:48:16]
event type: exit
[INFO -- 2018-12-01 06:48:16]
exit code: 0
