[INFO -- 2018-12-08 23:21:14]
Starting flip_value script
version: 1.1
[INFO -- 2018-12-08 23:21:14]
Initialization strings:
[INFO -- 2018-12-08 23:21:14]
(1) file /tmp/Tree234/main
[INFO -- 2018-12-08 23:21:14]
(2) set args /tmp/Tree234/input_50000 /tmp/Tree234/output_50000
[INFO -- 2018-12-08 23:21:14]
initSignal:0
[INFO -- 2018-12-08 23:21:14]
endSignal:2
[INFO -- 2018-12-08 23:21:14]
faultModel:2
[INFO -- 2018-12-08 23:21:14]
Backtrace BEGIN:
#0  malloc (n=10) at dl-minimal.c:94
#1  <function called from gdb>
#2  free_perturb (n=<optimized out>, p=<optimized out>) at malloc.c:1886
#3  _int_free (av=0x7ffff761cb20 <main_arena>, p=0x7d7f10, have_lock=0) at malloc.c:3921
#4  0x00007ffff72dc53c in __GI___libc_free (mem=<optimized out>) at malloc.c:2968
#5  0x0000000000402954 in std::basic_ostream<char, std::char_traits<char> >& std::operator<< <char, std::char_traits<char>, 16ul>(std::basic_ostream<char, std::char_traits<char> >&, std::bitset<16ul> const&) ()
#6  0x00000000004022d3 in Arvore234::imprime(no*) ()
#7  0x0000000000402340 in Arvore234::imprime(no*) ()
#8  0x0000000000402340 in Arvore234::imprime(no*) ()
#9  0x0000000000402340 in Arvore234::imprime(no*) ()
#10 0x0000000000402340 in Arvore234::imprime(no*) ()
#11 0x0000000000402340 in Arvore234::imprime(no*) ()
#12 0x0000000000402340 in Arvore234::imprime(no*) ()
#13 0x0000000000402340 in Arvore234::imprime(no*) ()
#14 0x0000000000402340 in Arvore234::imprime(no*) ()
#15 0x0000000000402340 in Arvore234::imprime(no*) ()
#16 0x0000000000402340 in Arvore234::imprime(no*) ()
#17 0x0000000000402340 in Arvore234::imprime(no*) ()
#18 0x0000000000402380 in Arvore234::imprime() ()
#19 0x0000000000402594 in main ()

89	in dl-minimal.c

Backtrace END
Fliping value of field: arena_max
Memory content before bitflip:0x000x000x000x000x000x000x000x00
Fault Model: Random bit-flip
base address to flip value: 0x7ffff761c180 
address max offset: 8
Memory content after  bitflip:0xe30x250x3d0x280x060xff0x010xe6
frame name: free_perturb
symbol name: mp_
symbol filename: malloc.c
symbol line: 1769
value: {trim_threshold = 131072, top_pad = 131072, mmap_threshold = 131072, arena_test = 8, arena_max = 16573808505610118627, n_mmaps = 1, n_mmaps_max = 65536, max_n_mmaps = 1, no_dyn_threshold = 0, mmapped_mem = 266240, max_mmapped_mem = 266240, max_total_mem = 0, sbrk_base = 0x606000 ""}
value address: 0x7ffff761c160 <mp_>
Type: The type is a structure.
Type sizeof: 88
Field name: trim_threshold
Field Type: The type is an integer type.
Field Type sizeof: 8
Field name: top_pad
Field Type: The type is an integer type.
Field Type sizeof: 8
Field name: mmap_threshold
Field Type: The type is an integer type.
Field Type sizeof: 8
Field name: arena_test
Field Type: The type is an integer type.
Field Type sizeof: 8
Field name: arena_max
Field Type: The type is an integer type.
Field Type sizeof: 8
Field name: n_mmaps
Field Type: The type is an integer type.
Field Type sizeof: 4
Field name: n_mmaps_max
Field Type: The type is an integer type.
Field Type sizeof: 4
Field name: max_n_mmaps
Field Type: The type is an integer type.
Field Type sizeof: 4
Field name: no_dyn_threshold
Field Type: The type is an integer type.
Field Type sizeof: 4
Field name: mmapped_mem
Field Type: The type is an integer type.
Field Type sizeof: 8
Field name: max_mmapped_mem
Field Type: The type is an integer type.
Field Type sizeof: 8
Field name: max_total_mem
Field Type: The type is an integer type.
Field Type sizeof: 8
Field name: sbrk_base
Field Type: The type is a pointer.
Field Type sizeof: 8

[INFO -- 2018-12-08 23:21:14]
Fault Injection Successful after 0.9673612117767334s
[INFO -- 2018-12-08 23:21:15]
event type: exit
[INFO -- 2018-12-08 23:21:15]
exit code: 0
