[35775]: 0100010011010110 0100010001010011
[35776]: 0100010011100100 0100010011010110
[35777]: 0100010100000000 0100010011100100
[35778]: 0100010100100100 0100010100000000
[35779]: 0100010100110000 0100010100100100
[35780]: 0100010101010101 0100010100110000
[35781]: 0100010110001101 0100010101010101
[35782]: 0100010111001110 0100010110001101
[35783]: 0100011000010100 0100010111001110
[35784]: 0100011100000011 0100011000010100
[35785]: 0100011100100001 0100011100000011
[35786]: 0100011101011100 0100011100100001
[35787]: 0100011101100111 0100011101011100
[35788]: 0100011110000101 0100011101100111
[35789]: 0100011110110100 0100011110000101
[35790]: 0100011111001010 0100011110110100
[35791]: 0100100001000110 0100011111001010
[35792]: 0100100001001011 0100100001000110
[35793]: 0100100001100110 0100100001001011
[35794]: 0100100001110001 0100100001100110
[35795]: 0100100010101101 0100100001110001
[35796]: 0100100010111111 0100100010101101
[35797]: 0100100100100111 0100100010111111
[35798]: 0100100101000100 0100100100100111
[35799]: 0100100101011100 0100100101000100
[35800]: 0100100111101101 0100100101011100
[35801]: 0100100111110111 0100100111101101
[35802]: 0100101001101001 0100100111110111
[35803]: 0100101010100010 0100101001101001
[35804]: 0100101010101010 0100101010100010
[35805]: 0100101011100011 0100101010101010
[35806]: 0100101011101100 0100101011100011
[35807]: 0100101100000111 0100101011101100
[35808]: 0100101100001011 0100101100000111
[35809]: 0100101100010111 0100101100001011
[35810]: 0100101101000001 0100101100010111
[35811]: 0100101101100001 0100101101000001
[35812]: 0100101110011101 0100101101100001
[35813]: 0100101110101010 0100101110011101
[35814]: 0100101110110100 0100101110101010
[35815]: 0100101111100110 0100101110110100
[35816]: 0100110000100000 0100101111100110
[35817]: 0100110000101010 0100110000100000
[35818]: 0100110010000011 0100110000101010
[35819]: 0100110010011111 0100110010000011
[35820]: 0100110011001001 0100110010011111
[35821]: 0100110011001101 0100110011001001
[35822]: 0100110011100100 0100110011001101
[35823]: 0100110100000100 0100110011100100
[35824]: 0100110100111010 0100110100000100
[35825]: 0100110110111010 0100110100111010
[35826]: 0100111000000100 0100110110111010
[35827]: 0100111000011010 0100111000000100
[35828]: 0100111001100110 0100111000011010
[35829]: 0100111010110010 0100111001100110
[35830]: 0100111011000001 0100111010110010
[35831]: 0100111100111001 0100111011000001
[35832]: 0100111101101101 0100111100111001
[35833]: 0100111110001010 0100111101101101
[35834]: 0100111111101111 0100111110001010
[35835]: 0101000001111000 0100111111101111
[35836]: 0101000010010000 0101000001111000
[35837]: 0101000011000011 0101000010010000
[35838]: 0101000011011011 0101000011000011
[35839]: 0101000100100011 0101000011011011
[35840]: 0101000101000111 0101000100100011
[35841]: 0101000110010100 0101000101000111
[35842]: 0101000110111100 0101000110010100
[35843]: 0101000110111101 0101000110111100
[35844]: 0101000111001111 0101000110111101
[35845]: 0101000111010001 0101000111001111
[35846]: 0101000111111010 0101000111010001
[35847]: 0101000111111110 0101000111111010
[35848]: 0101001000001100 0101000111111110
[35849]: 0101001000010100 0101001000001100
[35850]: 0101001000011101 0101001000010100
[35851]: 0101001000100010 0101001000011101
[35852]: 0101001000101010 0101001000100010
[35853]: 0101001010000011 0101001000101010
[35854]: 0101001101010010 0101001010000011
[35855]: 0101001110001100 0101001101010010
[35856]: 0101001111000100 0101001110001100
[35857]: 0101001111101000 0101001111000100
[35858]: 0101010000010001 0101001111101000
[35859]: 0101010000110011 0101010000010001
[35860]: 0101010001001110 0101010000110011
[35861]: 0101010100101010 0101010001001110
[35862]: 0101010100111101 0101010100101010
[35863]: 0101011000010010 0101010100111101
[35864]: 0101011000011010 0101011000010010
[35865]: 0101011000101001 0101011000011010
[35866]: 0101011010000010 0101011000101001
[35867]: 0101011011010100 0101011010000010
[35868]: 0101011100110000 0101011011010100
[35869]: 0101011101000100 0101011100110000
[35870]: 0101100001000011 0101011101000100
[35871]: 0101100001001101 0101100001000011
[35872]: 0101100010100011 0101100001001101
[35873]: 0101100011111101 0101100010100011
[35874]: 0101100100110110 0101100011111101
[35875]: 0101100110101000 0101100100110110
[35876]: 0101100110110101 0101100110101000
[35877]: 0101100110111000 0101100110110101
[35878]: 0101101000001001 0101100110111000
[35879]: 0101101010011000 0101101000001001
[35880]: 0101101010101101 0101101010011000
[35881]: 0101101011100011 0101101010101101
[35882]: 0101101100010011 0101101011100011
[35883]: 0101101111011111 0101101100010011
[35884]: 0101101111100101 0101101111011111
[35885]: 0101101111101100 0101101111100101
[35886]: 0101110001101110 0101101111101100
[35887]: 0101110010101000 0101110001101110
[35888]: 0101110011001111 0101110010101000
[35889]: 0101110011010101 0101110011001111
[35890]: 0101110100001011 0101110011010101
[35891]: 0101110101001011 0101110100001011
[35892]: 0101110101011101 0101110101001011
[35893]: 0101110111110010 0101110101011101
[35894]: 0101111000101110 0101110111110010
[35895]: 0101111010011111 0101111000101110
[35896]: 0101111010101010 0101111010011111
[35897]: 0101111010110010 0101111010101010
[35898]: 0101111100010001 0101111010110010
[35899]: 0101111100100111 0101111100010001
[35900]: 0101111101010001 0101111100100111
[35901]: 0101111110000000 0101111101010001
[35902]: 0101111110001111 0101111110000000
[35903]: 0110000011101010 0101111110001111
[35904]: 0110000100010101 0110000011101010
[35905]: 0110000101110110 0110000100010101
[35906]: 0110000110111111 0110000101110110
[35907]: 0110000111010101 0110000110111111
[35908]: 0110001000001111 0110000111010101
[35909]: 0110001000011001 0110001000001111
[35910]: 0110001000101011 0110001000011001
[35911]: 0110001001101110 0110001000101011
[35912]: 0110001010000011 0110001001101110
[35913]: 0110001011010011 0110001010000011
[35914]: 0110001011011000 0110001011010011
[35915]: 0110001100000101 0110001011011000
[35916]: 0110001100101100 0110001100000101
[35917]: 0110001110101000 0110001100101100
[35918]: 0110001110101111 0110001110101000
[35919]: 0110001110110000 0110001110101111
[35920]: 0110001110111010 0110001110110000
[35921]: 0110001111110101 0110001110111010
[35922]: 0110010000000011 0110001111110101
[35923]: 0110010001111001 0110010000000011
[35924]: 0110010010000111 0110010001111001
[35925]: 0110010010011110 0110010010000111
[35926]: 1011110010011010 0110010010011110
