[INFO -- 2018-11-25 16:28:15]
Starting flip_value script
version: 1.1
[INFO -- 2018-11-25 16:28:15]
Initialization strings:
[INFO -- 2018-11-25 16:28:15]
(1) file /tmp/BTree-dup/main
[INFO -- 2018-11-25 16:28:15]
(2)  set args /tmp/BTree-dup/input_100000 /tmp/BTree-dup/output_100000 /tmp/BTree-dup-detection.log /tmp/BTree-dup/output2_100000
[INFO -- 2018-11-25 16:28:15]
initSignal:0
[INFO -- 2018-11-25 16:28:15]
endSignal:2
[INFO -- 2018-11-25 16:28:15]
faultModel:1
[EXCEPTION -- 2018-11-25 16:28:17]
pythonException: Unable to exit loop in struct fields; Exiting wihtout making a bit flip
[INFO -- 2018-11-25 16:28:17]
Backtrace BEGIN:
#0  0x00007ffff7ae01a8 in __cxxabiv1::__vmi_class_type_info::__do_dyncast(long, __cxxabiv1::__class_type_info::__sub_kind, __cxxabiv1::__class_type_info const*, void const*, __cxxabiv1::__class_type_info const*, void const*, __cxxabiv1::__class_type_info::__dyncast_result&) const () from /usr/lib/x86_64-linux-gnu/libstdc++.so.6
#1  0x00007ffff7add3b6 in __dynamic_cast () from /usr/lib/x86_64-linux-gnu/libstdc++.so.6
#2  0x00007ffff7b5033b in std::ctype<char> const& std::use_facet<std::ctype<char> >(std::locale const&) () from /usr/lib/x86_64-linux-gnu/libstdc++.so.6
#3  0x000055555555738d in std::operator<< <char, std::char_traits<char>, 16ul> (__os=..., __x=std::bitset = {...}) at /usr/include/c++/7/bitset:1537
#4  0x0000555555556912 in BTreeNode::traverse (this=0x5555558e3260) at BTree_dup.cpp:594
#5  0x00005555555568d7 in BTreeNode::traverse (this=0x5555558f70c0) at BTree_dup.cpp:593
#6  0x000055555555695f in BTreeNode::traverse (this=0x555555969e70) at BTree_dup.cpp:599
#7  0x000055555555695f in BTreeNode::traverse (this=0x555555a1f730) at BTree_dup.cpp:599
#8  0x000055555555695f in BTreeNode::traverse (this=0x555555a20a50) at BTree_dup.cpp:599
#9  0x00005555555568d7 in BTreeNode::traverse (this=0x55555586a3f0) at BTree_dup.cpp:593
#10 0x00005555555568d7 in BTreeNode::traverse (this=0x5555558f2290) at BTree_dup.cpp:593
#11 0x00005555555568d7 in BTreeNode::traverse (this=0x555555815c40) at BTree_dup.cpp:593
#12 0x00005555555568d7 in BTreeNode::traverse (this=0x555555a2ab30) at BTree_dup.cpp:593
#13 0x00005555555572bb in BTree::traverse (this=0x7fffffffdd40) at BTree_dup.cpp:139
#14 0x0000555555556fbd in main (argc=5, argv=0x7fffffffde68) at BTree_dup.cpp:718

687	        }
688	    }
689	}
690	
691	int main(int argc, char * argv[]) {
692	
693	    if (argc != 5){
694	        cerr << "Uso correto: ./main [input file] [output file] [log file] [output2 file]" << endl;
695	        return 0;
696	    }

Backtrace END
Fliping a bit of the reference
Memory content before bitflip:0x8d0x070x000x000x000x000x000x00
Fault Model: Double bit-flip
base address to flip value: 0x7fffffffdac0
address max offset: 8
Memory content after  bitflip:0x8d0x070x000x000x090x000x000x00
frame name: std::operator<< <char, std::char_traits<char>, 16ul>
symbol name: __x
symbol filename: /usr/include/c++/7/bitset
symbol line: 1531
value: std::bitset = {[0] = 1, [2] = 1, [3] = 1, [7] = 1, [8] = 1, [9] = 1, [10] = 1, [32] = 1, [35] = 1}
value address: 0x7fffffffdac0
Type: A reference type.
Type sizeof: 8

[INFO -- 2018-11-25 16:28:17]
Fault Injection Successful after 2.2554352283477783s
[INFO -- 2018-11-25 16:28:17]
event type: exit
[INFO -- 2018-11-25 16:28:17]
exit code: 0
