[INFO -- 2018-12-03 23:00:16]
Starting flip_value script
version: 1.1
[INFO -- 2018-12-03 23:00:16]
Initialization strings:
[INFO -- 2018-12-03 23:00:16]
(1) file /tmp/Tree234/main
[INFO -- 2018-12-03 23:00:16]
(2) set args /tmp/Tree234/input_50000 /tmp/Tree234/output_50000 /tmp/Tree234/detectionLog_50000.log /tmp/Tree234/output2_50000
[INFO -- 2018-12-03 23:00:16]
initSignal:0
[INFO -- 2018-12-03 23:00:16]
endSignal:5
[INFO -- 2018-12-03 23:00:16]
faultModel:2
[INFO -- 2018-12-03 23:00:17]
Backtrace BEGIN:
#0  __GI___libc_malloc (bytes=31) at malloc.c:2908
#1  0x00007ffff7ae2e78 in operator new(unsigned long) () from /usr/lib/x86_64-linux-gnu/libstdc++.so.6
#2  0x00007ffff7b74499 in std::__cxx11::basic_string<char, std::char_traits<char>, std::allocator<char> >::_M_mutate(unsigned long, unsigned long, char const*, unsigned long) () from /usr/lib/x86_64-linux-gnu/libstdc++.so.6
#3  0x00007ffff7b74c98 in std::__cxx11::basic_string<char, std::char_traits<char>, std::allocator<char> >::_M_replace_aux(unsigned long, unsigned long, unsigned long, char) () from /usr/lib/x86_64-linux-gnu/libstdc++.so.6
#4  0x0000000000403147 in void std::bitset<16ul>::_M_copy_to_string<char, std::char_traits<char>, std::allocator<char> >(std::__cxx11::basic_string<char, std::char_traits<char>, std::allocator<char> >&, char, char) const ()
#5  0x0000000000402e6e in std::basic_ostream<char, std::char_traits<char> >& std::operator<< <char, std::char_traits<char>, 16ul>(std::basic_ostream<char, std::char_traits<char> >&, std::bitset<16ul> const&) ()
#6  0x0000000000402563 in Arvore234::imprime(no*) ()
#7  0x00000000004025d0 in Arvore234::imprime(no*) ()
#8  0x00000000004025d0 in Arvore234::imprime(no*) ()
#9  0x00000000004025d0 in Arvore234::imprime(no*) ()
#10 0x00000000004025d0 in Arvore234::imprime(no*) ()
#11 0x00000000004025d0 in Arvore234::imprime(no*) ()
#12 0x00000000004025d0 in Arvore234::imprime(no*) ()
#13 0x00000000004025d0 in Arvore234::imprime(no*) ()
#14 0x00000000004025d0 in Arvore234::imprime(no*) ()
#15 0x00000000004025d0 in Arvore234::imprime(no*) ()
#16 0x00000000004025d0 in Arvore234::imprime(no*) ()
#17 0x00000000004025d0 in Arvore234::imprime(no*) ()
#18 0x0000000000402610 in Arvore234::imprime() ()
#19 0x0000000000402b16 in main ()

2903	in malloc.c

Backtrace END
Memory content before bitflip:0x000x000x000x00
Fault Model: Random bit-flip
base address to flip value: 0x7ffff761e7f0 
address max offset: 4
Memory content after  bitflip:0xc20x690x780xed
frame name: __GI___libc_malloc
symbol name: free_list_lock
symbol filename: arena.c
symbol line: 76
value: -310875710
value address: 0x7ffff761e7f0 <free_list_lock>
Type: The type is an integer type.
Type sizeof: 4

[INFO -- 2018-12-03 23:00:17]
Fault Injection Successful after 1.5729126930236816s
[INFO -- 2018-12-03 23:00:17]
event type: exit
[INFO -- 2018-12-03 23:00:17]
exit code: 0
