[INFO -- 2018-11-30 20:05:26]
Starting flip_value script
version: 1.1
[INFO -- 2018-11-30 20:05:26]
Initialization strings:
[INFO -- 2018-11-30 20:05:26]
(1) file /tmp/splay/main
[INFO -- 2018-11-30 20:05:26]
(2) set args /tmp/splay/input_100000 /tmp/splay/output_100000
[INFO -- 2018-11-30 20:05:26]
initSignal:0
[INFO -- 2018-11-30 20:05:26]
endSignal:5
[INFO -- 2018-11-30 20:05:26]
faultModel:1
[EXCEPTION -- 2018-11-30 20:05:26]
gdbException: Attempt to dereference a generic pointer.
[INFO -- 2018-11-30 20:05:26]
Backtrace BEGIN:
#0  __gnu_cxx::new_allocator<int>::construct<int, int const&> (this=0x7fffffffdc90, __p=0x7ffff7a5b7cc, __args#0=@0x7fffffffdb88: 2129522) at /usr/include/c++/8/ext/new_allocator.h:136
#1  0x0000555555556d6a in std::allocator_traits<std::allocator<int> >::construct<int, int const&> (__a=..., __p=0x7ffff7a5b7cc, __args#0=@0x7fffffffdb88: 2129522) at /usr/include/c++/8/bits/alloc_traits.h:475
#2  0x0000555555556c2e in std::vector<int, std::allocator<int> >::emplace_back<int const&> (this=0x7fffffffdc90, __args#0=@0x7fffffffdb88: 2129522) at /usr/include/c++/8/bits/vector.tcc:103
#3  0x0000555555556ac0 in std::vector<int, std::allocator<int> >::_M_range_initialize<std::istream_iterator<int, char, std::char_traits<char>, long> > (this=0x7fffffffdc90, __first=..., __last=...) at /usr/include/c++/8/bits/stl_vector.h:1449
#4  0x00005555555569a6 in std::vector<int, std::allocator<int> >::_M_initialize_dispatch<std::istream_iterator<int, char, std::char_traits<char>, long> > (this=0x7fffffffdc90, __first=..., __last=...) at /usr/include/c++/8/bits/stl_vector.h:1437
#5  0x0000555555556728 in std::vector<int, std::allocator<int> >::vector<std::istream_iterator<int, char, std::char_traits<char>, long>, void> (this=0x7fffffffdc90, __first=..., __last=..., __a=...) at /usr/include/c++/8/bits/stl_vector.h:546
#6  0x0000555555556452 in main (argc=3, argv=0x7fffffffdfb8) at main.cpp:27

131	
132	#if __cplusplus >= 201103L
133	      template<typename _Up, typename... _Args>
134		void
135		construct(_Up* __p, _Args&&... __args)
136		{ ::new((void *)__p) _Up(std::forward<_Args>(__args)...); }
137	
138	      template<typename _Up>
139		void
140		destroy(_Up* __p) { __p->~_Up(); }

Backtrace END
Fliping a bit of the value pointed by a pointer
Fliping value of field: std::_Vector_base<int, std::allocator<int> >
Fliping value of field: _M_impl
Fliping value of field: _M_start
Fliping a bit of the value pointed by a pointer
Memory content before bitflip:0x4a0xcf0x100x00
Fault Model: Double bit-flip
base address to flip value: 0x7ffff7a38010
address max offset: 4
Memory content after  bitflip:0x4a0xcf0x1a0x00
frame name: std::vector<int, std::allocator<int> >::vector<std::istream_iterator<int, char, std::char_traits<char>, long>, void>
symbol name: this
symbol filename: main.cpp
symbol line: 0
value: 0x7fffffffdc90
value address: 0x7fffffffdbd8
Type: The type is a pointer.
Type sizeof: 8

[INFO -- 2018-11-30 20:05:26]
Fault Injection Successful after 0.7857861518859863s
[INFO -- 2018-11-30 20:05:27]
event type: exit
[INFO -- 2018-11-30 20:05:27]
exit code: 0
