[INFO -- 2018-11-26 01:26:43]
Starting flip_value script
version: 1.1
[INFO -- 2018-11-26 01:26:43]
Initialization strings:
[INFO -- 2018-11-26 01:26:43]
(1) file /tmp/BTree-dup/main
[INFO -- 2018-11-26 01:26:43]
(2)  set args /tmp/BTree-dup/input_100000 /tmp/BTree-dup/output_100000 /tmp/BTree-dup-detection.log /tmp/BTree-dup/output2_100000
[INFO -- 2018-11-26 01:26:43]
initSignal:0
[INFO -- 2018-11-26 01:26:43]
endSignal:2
[INFO -- 2018-11-26 01:26:43]
faultModel:2
[EXCEPTION -- 2018-11-26 01:26:43]
gdbException: Tentativo de desreferenciar um ponteiro genérico.
[INFO -- 2018-11-26 01:26:44]
event type: exit
[INFO -- 2018-11-26 01:26:44]
exit code: 0
