[INFO -- 2018-10-12 07:46:45]
Starting flip_value script
version: 1.1
[INFO -- 2018-10-12 07:46:45]
Initialization strings:
[INFO -- 2018-10-12 07:46:45]
(1) file /tmp/BTree/main
[INFO -- 2018-10-12 07:46:45]
(2)  set args /tmp/BTree/input_100000 /tmp/BTree/output_100000
[INFO -- 2018-10-12 07:46:45]
initSignal:0
[INFO -- 2018-10-12 07:46:45]
endSignal:2
[INFO -- 2018-10-12 07:46:45]
faultModel:4
[INFO -- 2018-10-12 07:46:46]
Backtrace BEGIN:
#0  __mempcpy_avx_unaligned () at ../sysdeps/x86_64/multiarch/memmove-vec-unaligned-erms.S:116
#1  0x00007ffff72af994 in _IO_new_file_xsputn (f=0x7ffff7610760 <_IO_2_1_stdout_>, data=<optimized out>, n=16) at fileops.c:1258
#2  0x00007ffff72a3977 in __GI__IO_fwrite (buf=0x55555588abe0, size=1, count=16, fp=0x7ffff7610760 <_IO_2_1_stdout_>) at iofwrite.c:39
#3  0x00007ffff7b5fe94 in std::basic_ostream<char, std::char_traits<char> >& std::__ostream_insert<char, std::char_traits<char> >(std::basic_ostream<char, std::char_traits<char> >&, char const*, long) () from /usr/lib/x86_64-linux-gnu/libstdc++.so.6
#4  0x0000555555556956 in std::operator<< <char, std::char_traits<char>, 16ul> (__os=..., __x=std::bitset) at /usr/include/c++/7/bitset:1539
#5  0x00005555555563b2 in BTreeNode::traverse (this=0x5555557dac00) at BTree.cpp:592
#6  0x0000555555556377 in BTreeNode::traverse (this=0x5555557ddb40) at BTree.cpp:591
#7  0x0000555555556377 in BTreeNode::traverse (this=0x5555557e2190) at BTree.cpp:591
#8  0x00005555555563ff in BTreeNode::traverse (this=0x5555557e2220) at BTree.cpp:597
#9  0x00005555555563ff in BTreeNode::traverse (this=0x5555557bab90) at BTree.cpp:597
#10 0x0000555555556377 in BTreeNode::traverse (this=0x5555558584b0) at BTree.cpp:591
#11 0x0000555555556851 in BTree::traverse (this=0x7fffffffddc0) at BTree.cpp:137
#12 0x0000555555556630 in main (argc=3, argv=0x7fffffffded8) at BTree.cpp:668

111	../sysdeps/x86_64/multiarch/memmove-vec-unaligned-erms.S: Arquivo ou diretório inexistente.

Backtrace END
Fliping a bit of the pointer
Memory content before bitflip:0x900xab0x7b0x550x550x550x000x00
Fault Model: LSB bit-flip
base address to flip value: 0x7fffffffdd08
address max offset: 8
Memory content after  bitflip:0x900xab0x7b0x550x550x550x000x04
frame name: BTreeNode::traverse
symbol name: this
symbol filename: BTree.cpp
symbol line: 0
value: 0x5555557bab90
value address: 0x7fffffffdd08
Type: The type is a pointer.
Type sizeof: 8

[INFO -- 2018-10-12 07:46:46]
Fault Injection Successful after 1.22788667678833s
[INFO -- 2018-10-12 07:46:46]
event type: exit
[INFO -- 2018-10-12 07:46:46]
exit code: 0
