[INFO -- 2018-10-12 04:47:18]
sending 5 signals using command: 'killall -2 main' after 1.70773811328s
[INFO -- 2018-10-12 04:47:18]
sending 5 signals using command: 'killall -2 main' after 1.87270099986s
[INFO -- 2018-10-12 04:47:18]
sending 5 signals using command: 'killall -2 main' after 1.92540105854s
[INFO -- 2018-10-12 04:47:19]
Starting GDB script
[INFO -- 2018-10-12 04:47:19]
initSignal:0.0
[INFO -- 2018-10-12 04:47:19]
endSignal:2.0
[INFO -- 2018-10-12 04:47:19]
sending 5 signals using command: 'killall -2 main' after 0.0611455301978s
[INFO -- 2018-10-12 04:47:19]
sending 5 signals using command: 'killall -2 main' after 0.907670706841s
[INFO -- 2018-10-12 04:47:20]
sending 5 signals using command: 'killall -2 main' after 1.49336403937s
[INFO -- 2018-10-12 04:47:20]
Execution finished before waitTime
